<?xml version="1.0" encoding="UTF-8"?>
<!-- Generated by org.testng.reporters.JUnitReportReporter -->
<testsuite hostname="ANKUSH1111" failures="0" tests="20" name="com.test.demoqa.TextBoxTestDataFromDB" time="170.891" errors="0" timestamp="2025-06-01T21:19:26 IST" skipped="0">
  <testcase classname="com.test.demoqa.TextBoxTestDataFromDB" name="verifyTextBoxFormSubmission" time="38.735">
    <system-out>
      <![CDATA[<div style="background-color:#ffeeba; border:2px solid #856404; border-radius:10px; padding:10px 15px; text-align:left; margin:10px 0; display:inline-block; color:#856404; box-shadow: 0px 4px 6px rgba(0, 0, 0, 0.2);"><p style='font-size:18px; margin:0;'><b>Skipped: 🔐 Admin Connection URL: jdbc:sqlserver://localhost:1433;database=QADEMO;integratedSecurity=true;encrypt=false;trustServerCertificate=true;loginTimeout=30;</b></p></div>
<div style="background-color:#ffeeba; border:2px solid #856404; border-radius:10px; padding:10px 15px; text-align:left; margin:10px 0; display:inline-block; color:#856404; box-shadow: 0px 4px 6px rgba(0, 0, 0, 0.2);"><p style='font-size:18px; margin:0;'><b>Skipped: 🔐 Company Connection URL: jdbc:sqlserver://localhost:1433;database=QADEMO;integratedSecurity=true;encrypt=false;trustServerCertificate=true;loginTimeout=30;</b></p></div>
<div style='border: 1px solid #e0e0e0;padding: 8px 12px;margin: 8px 0;border-radius: 6px;background: linear-gradient(to right, #f8f9fa, #ffffff);box-shadow: 0 2px 4px rgba(0,0,0,0.05);display: inline-block;font-family: Arial, sans-serif;'><span style='font-weight: bold;color: #333;'>🌍 Browser Info:</span> <span style='color: #2c7be5;font-weight: 500;'><img src='data:image/svg+xml;base64,PHN2ZyB4bWxucz0iaHR0cDovL3d3dy53My5vcmcvMjAwMC9zdmciIHZpZXdCb3g9IjAgMCA0NDggNTEyIj48cGF0aCBmaWxsPSIjRkZDMTAyIiBkPSJNMjI0IDI1NmMwIDEyLjktNyAyNC40LTE3LjcgMjkuNkwxODcgMzA5LjljLTUuNCAzLTEyLjMgMy4xLTE3LjcuMS0xMC40LTUuOS0xNi43LTE2LjktMTYuNy0yOC42VjE5OGMwLTEyLjkgNy0yNC40IDE3LjctMjkuNkwxODcgMTQyLjFjNS40LTMgMTIuMy0zLjEgMTcuNy0uMSAxMC40IDUuOSAxNi43IDE2LjkgMTYuNyAyOC42djU4LjJ6Ii8+PHBhdGggZmlsbD0iIzRBNDlGNSIgZD0iTTIyNCAyNTZjMCAxMi45LTcgMjQuNC0xNy43IDI5LjZMMTg3IDMwOS45Yy01LjQgMy0xMi4zIDMuMS0xNy43LjEtMTAuNC01LjktMTYuNy0xNi45LTE2LjctMjguNlYxOThjMC0xMi45IDctMjQuNCAxNy43LTI5LjZMMTg3IDE0Mi4xYzUuNC0zIDEyLjMtMy4xIDE3LjctLjEgMTAuNCA1LjkgMTYuNyAxNi45IDE2LjcgMjguNnY1OC4yeiIvPjxwYXRoIGZpbGw9IiNGRkMxMDIiIGQ9Ik0yMjQgMjU2YzAgMTIuOS03IDI0LjQtMTcuNyAyOS42TDE4NyAzMDkuOWMtNS40IDMtMTIuMyAzLjEtMTcuNy4xLTEwLjQtNS45LTE2LjctMTYuOS0xNi43LTI4LjZWMTk4YzAtMTIuOSA3LTI0LjQgMTcuNy0yOS42TDE4NyAxNDIuMWM1LjQtMyAxMi4zLTMuMSAxNy43LS4xIDEwLjQgNS45IDE2LjcgMTYuOSAxNi43IDI4LjZ2NTguMnoiLz48cGF0aCBmaWxsPSIjRkZDMTAyIiBkPSJNMjI0IDI1NmMwIDEyLjktNyAyNC40LTE3LjcgMjkuNkwxODcgMzA5LjljLTUuNCAzLTEyLjMgMy4xLTE3LjcuMS0xMC40LTUuOS0xNi43LTE2LjktMTYuNy0yOC42VjE5OGMwLTEyLjkgNy0yNC40IDE3LjctMjkuNkwxODcgMTQyLjFjNS40LTMgMTIuMy0zLjEgMTcuNy0uMSAxMC40IDUuOSAxNi43IDE2LjkgMTYuNyAyOC42djU4LjJ6Ii8+PC9zdmc+' height='20' width='20' style='vertical-align: middle;' /> <span style='color: #4285F4;'>Google Chrome</span></span></div>
<div style="border: 1px solid #ddd; padding: 8px; margin: 5px 0; border-radius: 4px; background-color: #f7f7f7; display: inline-block;"><strong>💻 #System Info</strong> :: <strong>PC Name</strong> ⇒ <span style="color: #001dff;">ANKUSH1111</span> &nbsp;&nbsp;|&nbsp;&nbsp; <strong>User</strong> ⇒ <span style="color: #006400;">HP</span></div>
<div style='border: 1px solid #ddd; padding: 8px; margin: 5px 0; border-radius: 4px; background-color: #f7f7f7; display: inline-block;'><strong>#TXTBX ▭</strong> :: <strong>Full Name</strong> Value entered ⇒ <span style='color: #009;'>Pooja Nair</span></div>
<div style='border: 1px solid #ddd; padding: 8px; margin: 5px 0; border-radius: 4px; background-color: #f7f7f7; display: inline-block;'><strong>#TXTBX ▭</strong> :: <strong>Email</strong> Value entered ⇒ <span style='color: #009;'>pooja.nair@test.com</span></div>
<div style='border: 1px solid #ddd; padding: 8px; margin: 5px 0; border-radius: 4px; background-color: #f7f7f7; display: inline-block;'><strong>#TXTBX ▭</strong> :: <strong>Current Address</strong> Value entered ⇒ <span style='color: #009;'>Kochi, Kerala</span></div>
<div style='border: 1px solid #ddd; padding: 8px; margin: 5px 0; border-radius: 4px; background-color: #f7f7f7; display: inline-block;'><strong>#TXTBX ▭</strong> :: <strong>Permanent Address</strong> Value entered ⇒ <span style='color: #009;'>Trivandrum, Kerala</span></div>
<div style='border: 1px solid #ddd; padding: 8px; margin: 5px 0; border-radius: 4px; background-color: #f7f7f7; display: inline-block;'><strong>#BTN 📤</strong> :: <strong>Clicked On</strong> ⇒ <span style='color: #001dff;'>Submit Button</span></div>
✅ Updated AutomationTestingStatus for FormId 101016 to '[Automation Tester] TextBox Form Submitted Successfully at 01/06/2025 09:14:55 PM'
📋 Navigating to Home Page...
📋 Attempting to close modal popup (if present)...
⏳ Waiting for Home link to be clickable...
✅ Home link found: https://demoqa.com/
📋 Clicking on Home link...
⏳ Waiting for loader to disappear...
⏳ Verifying home page load...
❌ Navigation to Home Page failed: Expected condition failed: waiting for url to contain "home". Current url: "https://demoqa.com/" (tried for 10 second(s) with 500 milliseconds interval)
Build info: version: '4.12.1', revision: '8e34639b11'
System info: os.name: 'Windows 11', os.arch: 'amd64', os.version: '10.0', java.version: '18.0.1.1'
Driver info: org.openqa.selenium.chrome.ChromeDriver
Capabilities {acceptInsecureCerts: false, browserName: chrome, browserVersion: 136.0.7103.114, chrome: {chromedriverVersion: 136.0.7103.113 (76fa3c17824..., userDataDir: C:\Users\HP\AppData\Local\T...}, fedcm:accounts: true, goog:chromeOptions: {debuggerAddress: localhost:63963}, networkConnectionEnabled: false, pageLoadStrategy: normal, platformName: windows, proxy: Proxy(), se:cdp: ws://localhost:63963/devtoo..., se:cdpVersion: 136.0.7103.114, setWindowRect: true, strictFileInteractability: false, timeouts: {implicit: 0, pageLoad: 300000, script: 30000}, unhandledPromptBehavior: dismiss and notify, webauthn:extension:credBlob: true, webauthn:extension:largeBlob: true, webauthn:extension:minPinLength: true, webauthn:extension:prf: true, webauthn:virtualAuthenticators: true}
Session ID: 2d878eeb16294432cfaadd75059ef6bf]]>
    </system-out>
  </testcase> <!-- verifyTextBoxFormSubmission -->
  <testcase classname="com.test.demoqa.TextBoxTestDataFromDB" name="verifyTextBoxFormSubmission" time="2.758">
    <system-out>
      <![CDATA[<div style="background-color:#ffeeba; border:2px solid #856404; border-radius:10px; padding:10px 15px; text-align:left; margin:10px 0; display:inline-block; color:#856404; box-shadow: 0px 4px 6px rgba(0, 0, 0, 0.2);"><p style='font-size:18px; margin:0;'><b>Skipped: 🔐 Admin Connection URL: jdbc:sqlserver://localhost:1433;database=QADEMO;integratedSecurity=true;encrypt=false;trustServerCertificate=true;loginTimeout=30;</b></p></div>
<div style="background-color:#ffeeba; border:2px solid #856404; border-radius:10px; padding:10px 15px; text-align:left; margin:10px 0; display:inline-block; color:#856404; box-shadow: 0px 4px 6px rgba(0, 0, 0, 0.2);"><p style='font-size:18px; margin:0;'><b>Skipped: 🔐 Company Connection URL: jdbc:sqlserver://localhost:1433;database=QADEMO;integratedSecurity=true;encrypt=false;trustServerCertificate=true;loginTimeout=30;</b></p></div>
<div style='border: 1px solid #e0e0e0;padding: 8px 12px;margin: 8px 0;border-radius: 6px;background: linear-gradient(to right, #f8f9fa, #ffffff);box-shadow: 0 2px 4px rgba(0,0,0,0.05);display: inline-block;font-family: Arial, sans-serif;'><span style='font-weight: bold;color: #333;'>🌍 Browser Info:</span> <span style='color: #2c7be5;font-weight: 500;'><img src='data:image/svg+xml;base64,PHN2ZyB4bWxucz0iaHR0cDovL3d3dy53My5vcmcvMjAwMC9zdmciIHZpZXdCb3g9IjAgMCA0NDggNTEyIj48cGF0aCBmaWxsPSIjRkZDMTAyIiBkPSJNMjI0IDI1NmMwIDEyLjktNyAyNC40LTE3LjcgMjkuNkwxODcgMzA5LjljLTUuNCAzLTEyLjMgMy4xLTE3LjcuMS0xMC40LTUuOS0xNi43LTE2LjktMTYuNy0yOC42VjE5OGMwLTEyLjkgNy0yNC40IDE3LjctMjkuNkwxODcgMTQyLjFjNS40LTMgMTIuMy0zLjEgMTcuNy0uMSAxMC40IDUuOSAxNi43IDE2LjkgMTYuNyAyOC42djU4LjJ6Ii8+PHBhdGggZmlsbD0iIzRBNDlGNSIgZD0iTTIyNCAyNTZjMCAxMi45LTcgMjQuNC0xNy43IDI5LjZMMTg3IDMwOS45Yy01LjQgMy0xMi4zIDMuMS0xNy43LjEtMTAuNC01LjktMTYuNy0xNi45LTE2LjctMjguNlYxOThjMC0xMi45IDctMjQuNCAxNy43LTI5LjZMMTg3IDE0Mi4xYzUuNC0zIDEyLjMtMy4xIDE3LjctLjEgMTAuNCA1LjkgMTYuNyAxNi45IDE2LjcgMjguNnY1OC4yeiIvPjxwYXRoIGZpbGw9IiNGRkMxMDIiIGQ9Ik0yMjQgMjU2YzAgMTIuOS03IDI0LjQtMTcuNyAyOS42TDE4NyAzMDkuOWMtNS40IDMtMTIuMyAzLjEtMTcuNy4xLTEwLjQtNS45LTE2LjctMTYuOS0xNi43LTI4LjZWMTk4YzAtMTIuOSA3LTI0LjQgMTcuNy0yOS42TDE4NyAxNDIuMWM1LjQtMyAxMi4zLTMuMSAxNy43LS4xIDEwLjQgNS45IDE2LjcgMTYuOSAxNi43IDI4LjZ2NTguMnoiLz48cGF0aCBmaWxsPSIjRkZDMTAyIiBkPSJNMjI0IDI1NmMwIDEyLjktNyAyNC40LTE3LjcgMjkuNkwxODcgMzA5LjljLTUuNCAzLTEyLjMgMy4xLTE3LjcuMS0xMC40LTUuOS0xNi43LTE2LjktMTYuNy0yOC42VjE5OGMwLTEyLjkgNy0yNC40IDE3LjctMjkuNkwxODcgMTQyLjFjNS40LTMgMTIuMy0zLjEgMTcuNy0uMSAxMC40IDUuOSAxNi43IDE2LjkgMTYuNyAyOC42djU4LjJ6Ii8+PC9zdmc+' height='20' width='20' style='vertical-align: middle;' /> <span style='color: #4285F4;'>Google Chrome</span></span></div>
<div style="border: 1px solid #ddd; padding: 8px; margin: 5px 0; border-radius: 4px; background-color: #f7f7f7; display: inline-block;"><strong>💻 #System Info</strong> :: <strong>PC Name</strong> ⇒ <span style="color: #001dff;">ANKUSH1111</span> &nbsp;&nbsp;|&nbsp;&nbsp; <strong>User</strong> ⇒ <span style="color: #006400;">HP</span></div>
<div style='border: 1px solid #ddd; padding: 8px; margin: 5px 0; border-radius: 4px; background-color: #f7f7f7; display: inline-block;'><strong>#TXTBX ▭</strong> :: <strong>Full Name</strong> Value entered ⇒ <span style='color: #009;'>Kavita Bansal</span></div>
<div style='border: 1px solid #ddd; padding: 8px; margin: 5px 0; border-radius: 4px; background-color: #f7f7f7; display: inline-block;'><strong>#TXTBX ▭</strong> :: <strong>Email</strong> Value entered ⇒ <span style='color: #009;'>kavita.bansal@test.com</span></div>
<div style='border: 1px solid #ddd; padding: 8px; margin: 5px 0; border-radius: 4px; background-color: #f7f7f7; display: inline-block;'><strong>#TXTBX ▭</strong> :: <strong>Current Address</strong> Value entered ⇒ <span style='color: #009;'>Chandigarh</span></div>
<div style='border: 1px solid #ddd; padding: 8px; margin: 5px 0; border-radius: 4px; background-color: #f7f7f7; display: inline-block;'><strong>#TXTBX ▭</strong> :: <strong>Permanent Address</strong> Value entered ⇒ <span style='color: #009;'>Panchkula, Haryana</span></div>
<div style='border: 1px solid #ddd; padding: 8px; margin: 5px 0; border-radius: 4px; background-color: #f7f7f7; display: inline-block;'><strong>#BTN 📤</strong> :: <strong>Clicked On</strong> ⇒ <span style='color: #001dff;'>Submit Button</span></div>
✅ Updated AutomationTestingStatus for FormId 101026 to '[Automation Tester] TextBox Form Submitted Successfully at 01/06/2025 09:17:52 PM'
📋 Navigating to Home Page...
📋 Attempting to close modal popup (if present)...
⏳ Waiting for Home link to be clickable...
✅ Home link found: https://demoqa.com/
📋 Clicking on Home link...
⏳ Waiting for loader to disappear...
⏳ Verifying home page load...
❌ Navigation to Home Page failed: Expected condition failed: waiting for url to contain "home". Current url: "https://demoqa.com/" (tried for 10 second(s) with 500 milliseconds interval)
Build info: version: '4.12.1', revision: '8e34639b11'
System info: os.name: 'Windows 11', os.arch: 'amd64', os.version: '10.0', java.version: '18.0.1.1'
Driver info: org.openqa.selenium.chrome.ChromeDriver
Capabilities {acceptInsecureCerts: false, browserName: chrome, browserVersion: 136.0.7103.114, chrome: {chromedriverVersion: 136.0.7103.113 (76fa3c17824..., userDataDir: C:\Users\HP\AppData\Local\T...}, fedcm:accounts: true, goog:chromeOptions: {debuggerAddress: localhost:63963}, networkConnectionEnabled: false, pageLoadStrategy: normal, platformName: windows, proxy: Proxy(), se:cdp: ws://localhost:63963/devtoo..., se:cdpVersion: 136.0.7103.114, setWindowRect: true, strictFileInteractability: false, timeouts: {implicit: 0, pageLoad: 300000, script: 30000}, unhandledPromptBehavior: dismiss and notify, webauthn:extension:credBlob: true, webauthn:extension:largeBlob: true, webauthn:extension:minPinLength: true, webauthn:extension:prf: true, webauthn:virtualAuthenticators: true}
Session ID: 2d878eeb16294432cfaadd75059ef6bf]]>
    </system-out>
  </testcase> <!-- verifyTextBoxFormSubmission -->
  <testcase classname="com.test.demoqa.TextBoxTestDataFromDB" name="verifyTextBoxFormSubmission" time="2.938">
    <system-out>
      <![CDATA[<div style="background-color:#ffeeba; border:2px solid #856404; border-radius:10px; padding:10px 15px; text-align:left; margin:10px 0; display:inline-block; color:#856404; box-shadow: 0px 4px 6px rgba(0, 0, 0, 0.2);"><p style='font-size:18px; margin:0;'><b>Skipped: 🔐 Admin Connection URL: jdbc:sqlserver://localhost:1433;database=QADEMO;integratedSecurity=true;encrypt=false;trustServerCertificate=true;loginTimeout=30;</b></p></div>
<div style="background-color:#ffeeba; border:2px solid #856404; border-radius:10px; padding:10px 15px; text-align:left; margin:10px 0; display:inline-block; color:#856404; box-shadow: 0px 4px 6px rgba(0, 0, 0, 0.2);"><p style='font-size:18px; margin:0;'><b>Skipped: 🔐 Company Connection URL: jdbc:sqlserver://localhost:1433;database=QADEMO;integratedSecurity=true;encrypt=false;trustServerCertificate=true;loginTimeout=30;</b></p></div>
<div style='border: 1px solid #e0e0e0;padding: 8px 12px;margin: 8px 0;border-radius: 6px;background: linear-gradient(to right, #f8f9fa, #ffffff);box-shadow: 0 2px 4px rgba(0,0,0,0.05);display: inline-block;font-family: Arial, sans-serif;'><span style='font-weight: bold;color: #333;'>🌍 Browser Info:</span> <span style='color: #2c7be5;font-weight: 500;'><img src='data:image/svg+xml;base64,PHN2ZyB4bWxucz0iaHR0cDovL3d3dy53My5vcmcvMjAwMC9zdmciIHZpZXdCb3g9IjAgMCA0NDggNTEyIj48cGF0aCBmaWxsPSIjRkZDMTAyIiBkPSJNMjI0IDI1NmMwIDEyLjktNyAyNC40LTE3LjcgMjkuNkwxODcgMzA5LjljLTUuNCAzLTEyLjMgMy4xLTE3LjcuMS0xMC40LTUuOS0xNi43LTE2LjktMTYuNy0yOC42VjE5OGMwLTEyLjkgNy0yNC40IDE3LjctMjkuNkwxODcgMTQyLjFjNS40LTMgMTIuMy0zLjEgMTcuNy0uMSAxMC40IDUuOSAxNi43IDE2LjkgMTYuNyAyOC42djU4LjJ6Ii8+PHBhdGggZmlsbD0iIzRBNDlGNSIgZD0iTTIyNCAyNTZjMCAxMi45LTcgMjQuNC0xNy43IDI5LjZMMTg3IDMwOS45Yy01LjQgMy0xMi4zIDMuMS0xNy43LjEtMTAuNC01LjktMTYuNy0xNi45LTE2LjctMjguNlYxOThjMC0xMi45IDctMjQuNCAxNy43LTI5LjZMMTg3IDE0Mi4xYzUuNC0zIDEyLjMtMy4xIDE3LjctLjEgMTAuNCA1LjkgMTYuNyAxNi45IDE2LjcgMjguNnY1OC4yeiIvPjxwYXRoIGZpbGw9IiNGRkMxMDIiIGQ9Ik0yMjQgMjU2YzAgMTIuOS03IDI0LjQtMTcuNyAyOS42TDE4NyAzMDkuOWMtNS40IDMtMTIuMyAzLjEtMTcuNy4xLTEwLjQtNS45LTE2LjctMTYuOS0xNi43LTI4LjZWMTk4YzAtMTIuOSA3LTI0LjQgMTcuNy0yOS42TDE4NyAxNDIuMWM1LjQtMyAxMi4zLTMuMSAxNy43LS4xIDEwLjQgNS45IDE2LjcgMTYuOSAxNi43IDI4LjZ2NTguMnoiLz48cGF0aCBmaWxsPSIjRkZDMTAyIiBkPSJNMjI0IDI1NmMwIDEyLjktNyAyNC40LTE3LjcgMjkuNkwxODcgMzA5LjljLTUuNCAzLTEyLjMgMy4xLTE3LjcuMS0xMC40LTUuOS0xNi43LTE2LjktMTYuNy0yOC42VjE5OGMwLTEyLjkgNy0yNC40IDE3LjctMjkuNkwxODcgMTQyLjFjNS40LTMgMTIuMy0zLjEgMTcuNy0uMSAxMC40IDUuOSAxNi43IDE2LjkgMTYuNyAyOC42djU4LjJ6Ii8+PC9zdmc+' height='20' width='20' style='vertical-align: middle;' /> <span style='color: #4285F4;'>Google Chrome</span></span></div>
<div style="border: 1px solid #ddd; padding: 8px; margin: 5px 0; border-radius: 4px; background-color: #f7f7f7; display: inline-block;"><strong>💻 #System Info</strong> :: <strong>PC Name</strong> ⇒ <span style="color: #001dff;">ANKUSH1111</span> &nbsp;&nbsp;|&nbsp;&nbsp; <strong>User</strong> ⇒ <span style="color: #006400;">HP</span></div>
<div style='border: 1px solid #ddd; padding: 8px; margin: 5px 0; border-radius: 4px; background-color: #f7f7f7; display: inline-block;'><strong>#TXTBX ▭</strong> :: <strong>Full Name</strong> Value entered ⇒ <span style='color: #009;'>Meena Rathi</span></div>
<div style='border: 1px solid #ddd; padding: 8px; margin: 5px 0; border-radius: 4px; background-color: #f7f7f7; display: inline-block;'><strong>#TXTBX ▭</strong> :: <strong>Email</strong> Value entered ⇒ <span style='color: #009;'>meena.rathi@test.com</span></div>
<div style='border: 1px solid #ddd; padding: 8px; margin: 5px 0; border-radius: 4px; background-color: #f7f7f7; display: inline-block;'><strong>#TXTBX ▭</strong> :: <strong>Current Address</strong> Value entered ⇒ <span style='color: #009;'>Surat, Gujarat</span></div>
<div style='border: 1px solid #ddd; padding: 8px; margin: 5px 0; border-radius: 4px; background-color: #f7f7f7; display: inline-block;'><strong>#TXTBX ▭</strong> :: <strong>Permanent Address</strong> Value entered ⇒ <span style='color: #009;'>Rajkot, Gujarat</span></div>
<div style='border: 1px solid #ddd; padding: 8px; margin: 5px 0; border-radius: 4px; background-color: #f7f7f7; display: inline-block;'><strong>#BTN 📤</strong> :: <strong>Clicked On</strong> ⇒ <span style='color: #001dff;'>Submit Button</span></div>
✅ Updated AutomationTestingStatus for FormId 101024 to '[Automation Tester] TextBox Form Submitted Successfully at 01/06/2025 09:17:20 PM'
📋 Navigating to Home Page...
📋 Attempting to close modal popup (if present)...
⏳ Waiting for Home link to be clickable...
✅ Home link found: https://demoqa.com/
📋 Clicking on Home link...
⏳ Waiting for loader to disappear...
⏳ Verifying home page load...
❌ Navigation to Home Page failed: Expected condition failed: waiting for url to contain "home". Current url: "https://demoqa.com/" (tried for 10 second(s) with 500 milliseconds interval)
Build info: version: '4.12.1', revision: '8e34639b11'
System info: os.name: 'Windows 11', os.arch: 'amd64', os.version: '10.0', java.version: '18.0.1.1'
Driver info: org.openqa.selenium.chrome.ChromeDriver
Capabilities {acceptInsecureCerts: false, browserName: chrome, browserVersion: 136.0.7103.114, chrome: {chromedriverVersion: 136.0.7103.113 (76fa3c17824..., userDataDir: C:\Users\HP\AppData\Local\T...}, fedcm:accounts: true, goog:chromeOptions: {debuggerAddress: localhost:63963}, networkConnectionEnabled: false, pageLoadStrategy: normal, platformName: windows, proxy: Proxy(), se:cdp: ws://localhost:63963/devtoo..., se:cdpVersion: 136.0.7103.114, setWindowRect: true, strictFileInteractability: false, timeouts: {implicit: 0, pageLoad: 300000, script: 30000}, unhandledPromptBehavior: dismiss and notify, webauthn:extension:credBlob: true, webauthn:extension:largeBlob: true, webauthn:extension:minPinLength: true, webauthn:extension:prf: true, webauthn:virtualAuthenticators: true}
Session ID: 2d878eeb16294432cfaadd75059ef6bf]]>
    </system-out>
  </testcase> <!-- verifyTextBoxFormSubmission -->
  <testcase classname="com.test.demoqa.TextBoxTestDataFromDB" name="verifyTextBoxFormSubmission" time="4.017">
    <system-out>
      <![CDATA[<div style="background-color:#ffeeba; border:2px solid #856404; border-radius:10px; padding:10px 15px; text-align:left; margin:10px 0; display:inline-block; color:#856404; box-shadow: 0px 4px 6px rgba(0, 0, 0, 0.2);"><p style='font-size:18px; margin:0;'><b>Skipped: 🔐 Admin Connection URL: jdbc:sqlserver://localhost:1433;database=QADEMO;integratedSecurity=true;encrypt=false;trustServerCertificate=true;loginTimeout=30;</b></p></div>
<div style="background-color:#ffeeba; border:2px solid #856404; border-radius:10px; padding:10px 15px; text-align:left; margin:10px 0; display:inline-block; color:#856404; box-shadow: 0px 4px 6px rgba(0, 0, 0, 0.2);"><p style='font-size:18px; margin:0;'><b>Skipped: 🔐 Company Connection URL: jdbc:sqlserver://localhost:1433;database=QADEMO;integratedSecurity=true;encrypt=false;trustServerCertificate=true;loginTimeout=30;</b></p></div>
<div style='border: 1px solid #e0e0e0;padding: 8px 12px;margin: 8px 0;border-radius: 6px;background: linear-gradient(to right, #f8f9fa, #ffffff);box-shadow: 0 2px 4px rgba(0,0,0,0.05);display: inline-block;font-family: Arial, sans-serif;'><span style='font-weight: bold;color: #333;'>🌍 Browser Info:</span> <span style='color: #2c7be5;font-weight: 500;'><img src='data:image/svg+xml;base64,PHN2ZyB4bWxucz0iaHR0cDovL3d3dy53My5vcmcvMjAwMC9zdmciIHZpZXdCb3g9IjAgMCA0NDggNTEyIj48cGF0aCBmaWxsPSIjRkZDMTAyIiBkPSJNMjI0IDI1NmMwIDEyLjktNyAyNC40LTE3LjcgMjkuNkwxODcgMzA5LjljLTUuNCAzLTEyLjMgMy4xLTE3LjcuMS0xMC40LTUuOS0xNi43LTE2LjktMTYuNy0yOC42VjE5OGMwLTEyLjkgNy0yNC40IDE3LjctMjkuNkwxODcgMTQyLjFjNS40LTMgMTIuMy0zLjEgMTcuNy0uMSAxMC40IDUuOSAxNi43IDE2LjkgMTYuNyAyOC42djU4LjJ6Ii8+PHBhdGggZmlsbD0iIzRBNDlGNSIgZD0iTTIyNCAyNTZjMCAxMi45LTcgMjQuNC0xNy43IDI5LjZMMTg3IDMwOS45Yy01LjQgMy0xMi4zIDMuMS0xNy43LjEtMTAuNC01LjktMTYuNy0xNi45LTE2LjctMjguNlYxOThjMC0xMi45IDctMjQuNCAxNy43LTI5LjZMMTg3IDE0Mi4xYzUuNC0zIDEyLjMtMy4xIDE3LjctLjEgMTAuNCA1LjkgMTYuNyAxNi45IDE2LjcgMjguNnY1OC4yeiIvPjxwYXRoIGZpbGw9IiNGRkMxMDIiIGQ9Ik0yMjQgMjU2YzAgMTIuOS03IDI0LjQtMTcuNyAyOS42TDE4NyAzMDkuOWMtNS40IDMtMTIuMyAzLjEtMTcuNy4xLTEwLjQtNS45LTE2LjctMTYuOS0xNi43LTI4LjZWMTk4YzAtMTIuOSA3LTI0LjQgMTcuNy0yOS42TDE4NyAxNDIuMWM1LjQtMyAxMi4zLTMuMSAxNy43LS4xIDEwLjQgNS45IDE2LjcgMTYuOSAxNi43IDI4LjZ2NTguMnoiLz48cGF0aCBmaWxsPSIjRkZDMTAyIiBkPSJNMjI0IDI1NmMwIDEyLjktNyAyNC40LTE3LjcgMjkuNkwxODcgMzA5LjljLTUuNCAzLTEyLjMgMy4xLTE3LjcuMS0xMC40LTUuOS0xNi43LTE2LjktMTYuNy0yOC42VjE5OGMwLTEyLjkgNy0yNC40IDE3LjctMjkuNkwxODcgMTQyLjFjNS40LTMgMTIuMy0zLjEgMTcuNy0uMSAxMC40IDUuOSAxNi43IDE2LjkgMTYuNyAyOC42djU4LjJ6Ii8+PC9zdmc+' height='20' width='20' style='vertical-align: middle;' /> <span style='color: #4285F4;'>Google Chrome</span></span></div>
<div style="border: 1px solid #ddd; padding: 8px; margin: 5px 0; border-radius: 4px; background-color: #f7f7f7; display: inline-block;"><strong>💻 #System Info</strong> :: <strong>PC Name</strong> ⇒ <span style="color: #001dff;">ANKUSH1111</span> &nbsp;&nbsp;|&nbsp;&nbsp; <strong>User</strong> ⇒ <span style="color: #006400;">HP</span></div>
<div style='border: 1px solid #ddd; padding: 8px; margin: 5px 0; border-radius: 4px; background-color: #f7f7f7; display: inline-block;'><strong>#TXTBX ▭</strong> :: <strong>Full Name</strong> Value entered ⇒ <span style='color: #009;'>Anjali Rao</span></div>
<div style='border: 1px solid #ddd; padding: 8px; margin: 5px 0; border-radius: 4px; background-color: #f7f7f7; display: inline-block;'><strong>#TXTBX ▭</strong> :: <strong>Email</strong> Value entered ⇒ <span style='color: #009;'>anjali.rao@test.com</span></div>
<div style='border: 1px solid #ddd; padding: 8px; margin: 5px 0; border-radius: 4px; background-color: #f7f7f7; display: inline-block;'><strong>#TXTBX ▭</strong> :: <strong>Current Address</strong> Value entered ⇒ <span style='color: #009;'>Hyderabad, Telangana</span></div>
<div style='border: 1px solid #ddd; padding: 8px; margin: 5px 0; border-radius: 4px; background-color: #f7f7f7; display: inline-block;'><strong>#TXTBX ▭</strong> :: <strong>Permanent Address</strong> Value entered ⇒ <span style='color: #009;'>Warangal, Telangana</span></div>
<div style='border: 1px solid #ddd; padding: 8px; margin: 5px 0; border-radius: 4px; background-color: #f7f7f7; display: inline-block;'><strong>#BTN 📤</strong> :: <strong>Clicked On</strong> ⇒ <span style='color: #001dff;'>Submit Button</span></div>
✅ Updated AutomationTestingStatus for FormId 101018 to '[Automation Tester] TextBox Form Submitted Successfully at 01/06/2025 09:15:47 PM'
📋 Navigating to Home Page...
📋 Attempting to close modal popup (if present)...
⏳ Waiting for Home link to be clickable...
✅ Home link found: https://demoqa.com/
📋 Clicking on Home link...
⏳ Waiting for loader to disappear...
⏳ Verifying home page load...
❌ Navigation to Home Page failed: Expected condition failed: waiting for url to contain "home". Current url: "https://demoqa.com/" (tried for 10 second(s) with 500 milliseconds interval)
Build info: version: '4.12.1', revision: '8e34639b11'
System info: os.name: 'Windows 11', os.arch: 'amd64', os.version: '10.0', java.version: '18.0.1.1'
Driver info: org.openqa.selenium.chrome.ChromeDriver
Capabilities {acceptInsecureCerts: false, browserName: chrome, browserVersion: 136.0.7103.114, chrome: {chromedriverVersion: 136.0.7103.113 (76fa3c17824..., userDataDir: C:\Users\HP\AppData\Local\T...}, fedcm:accounts: true, goog:chromeOptions: {debuggerAddress: localhost:63963}, networkConnectionEnabled: false, pageLoadStrategy: normal, platformName: windows, proxy: Proxy(), se:cdp: ws://localhost:63963/devtoo..., se:cdpVersion: 136.0.7103.114, setWindowRect: true, strictFileInteractability: false, timeouts: {implicit: 0, pageLoad: 300000, script: 30000}, unhandledPromptBehavior: dismiss and notify, webauthn:extension:credBlob: true, webauthn:extension:largeBlob: true, webauthn:extension:minPinLength: true, webauthn:extension:prf: true, webauthn:virtualAuthenticators: true}
Session ID: 2d878eeb16294432cfaadd75059ef6bf]]>
    </system-out>
  </testcase> <!-- verifyTextBoxFormSubmission -->
  <testcase classname="com.test.demoqa.TextBoxTestDataFromDB" name="verifyTextBoxFormSubmission" time="9.917">
    <system-out>
      <![CDATA[<div style="background-color:#ffeeba; border:2px solid #856404; border-radius:10px; padding:10px 15px; text-align:left; margin:10px 0; display:inline-block; color:#856404; box-shadow: 0px 4px 6px rgba(0, 0, 0, 0.2);"><p style='font-size:18px; margin:0;'><b>Skipped: 🔐 Admin Connection URL: jdbc:sqlserver://localhost:1433;database=QADEMO;integratedSecurity=true;encrypt=false;trustServerCertificate=true;loginTimeout=30;</b></p></div>
<div style="background-color:#ffeeba; border:2px solid #856404; border-radius:10px; padding:10px 15px; text-align:left; margin:10px 0; display:inline-block; color:#856404; box-shadow: 0px 4px 6px rgba(0, 0, 0, 0.2);"><p style='font-size:18px; margin:0;'><b>Skipped: 🔐 Company Connection URL: jdbc:sqlserver://localhost:1433;database=QADEMO;integratedSecurity=true;encrypt=false;trustServerCertificate=true;loginTimeout=30;</b></p></div>
<div style='border: 1px solid #e0e0e0;padding: 8px 12px;margin: 8px 0;border-radius: 6px;background: linear-gradient(to right, #f8f9fa, #ffffff);box-shadow: 0 2px 4px rgba(0,0,0,0.05);display: inline-block;font-family: Arial, sans-serif;'><span style='font-weight: bold;color: #333;'>🌍 Browser Info:</span> <span style='color: #2c7be5;font-weight: 500;'><img src='data:image/svg+xml;base64,PHN2ZyB4bWxucz0iaHR0cDovL3d3dy53My5vcmcvMjAwMC9zdmciIHZpZXdCb3g9IjAgMCA0NDggNTEyIj48cGF0aCBmaWxsPSIjRkZDMTAyIiBkPSJNMjI0IDI1NmMwIDEyLjktNyAyNC40LTE3LjcgMjkuNkwxODcgMzA5LjljLTUuNCAzLTEyLjMgMy4xLTE3LjcuMS0xMC40LTUuOS0xNi43LTE2LjktMTYuNy0yOC42VjE5OGMwLTEyLjkgNy0yNC40IDE3LjctMjkuNkwxODcgMTQyLjFjNS40LTMgMTIuMy0zLjEgMTcuNy0uMSAxMC40IDUuOSAxNi43IDE2LjkgMTYuNyAyOC42djU4LjJ6Ii8+PHBhdGggZmlsbD0iIzRBNDlGNSIgZD0iTTIyNCAyNTZjMCAxMi45LTcgMjQuNC0xNy43IDI5LjZMMTg3IDMwOS45Yy01LjQgMy0xMi4zIDMuMS0xNy43LjEtMTAuNC01LjktMTYuNy0xNi45LTE2LjctMjguNlYxOThjMC0xMi45IDctMjQuNCAxNy43LTI5LjZMMTg3IDE0Mi4xYzUuNC0zIDEyLjMtMy4xIDE3LjctLjEgMTAuNCA1LjkgMTYuNyAxNi45IDE2LjcgMjguNnY1OC4yeiIvPjxwYXRoIGZpbGw9IiNGRkMxMDIiIGQ9Ik0yMjQgMjU2YzAgMTIuOS03IDI0LjQtMTcuNyAyOS42TDE4NyAzMDkuOWMtNS40IDMtMTIuMyAzLjEtMTcuNy4xLTEwLjQtNS45LTE2LjctMTYuOS0xNi43LTI4LjZWMTk4YzAtMTIuOSA3LTI0LjQgMTcuNy0yOS42TDE4NyAxNDIuMWM1LjQtMyAxMi4zLTMuMSAxNy43LS4xIDEwLjQgNS45IDE2LjcgMTYuOSAxNi43IDI4LjZ2NTguMnoiLz48cGF0aCBmaWxsPSIjRkZDMTAyIiBkPSJNMjI0IDI1NmMwIDEyLjktNyAyNC40LTE3LjcgMjkuNkwxODcgMzA5LjljLTUuNCAzLTEyLjMgMy4xLTE3LjcuMS0xMC40LTUuOS0xNi43LTE2LjktMTYuNy0yOC42VjE5OGMwLTEyLjkgNy0yNC40IDE3LjctMjkuNkwxODcgMTQyLjFjNS40LTMgMTIuMy0zLjEgMTcuNy0uMSAxMC40IDUuOSAxNi43IDE2LjkgMTYuNyAyOC42djU4LjJ6Ii8+PC9zdmc+' height='20' width='20' style='vertical-align: middle;' /> <span style='color: #4285F4;'>Google Chrome</span></span></div>
<div style="border: 1px solid #ddd; padding: 8px; margin: 5px 0; border-radius: 4px; background-color: #f7f7f7; display: inline-block;"><strong>💻 #System Info</strong> :: <strong>PC Name</strong> ⇒ <span style="color: #001dff;">ANKUSH1111</span> &nbsp;&nbsp;|&nbsp;&nbsp; <strong>User</strong> ⇒ <span style="color: #006400;">HP</span></div>
<div style='border: 1px solid #ddd; padding: 8px; margin: 5px 0; border-radius: 4px; background-color: #f7f7f7; display: inline-block;'><strong>#TXTBX ▭</strong> :: <strong>Full Name</strong> Value entered ⇒ <span style='color: #009;'>Priya Sharma</span></div>
<div style='border: 1px solid #ddd; padding: 8px; margin: 5px 0; border-radius: 4px; background-color: #f7f7f7; display: inline-block;'><strong>#TXTBX ▭</strong> :: <strong>Email</strong> Value entered ⇒ <span style='color: #009;'>priya.sharma@test.com</span></div>
<div style='border: 1px solid #ddd; padding: 8px; margin: 5px 0; border-radius: 4px; background-color: #f7f7f7; display: inline-block;'><strong>#TXTBX ▭</strong> :: <strong>Current Address</strong> Value entered ⇒ <span style='color: #009;'>Pune, Maharashtra</span></div>
<div style='border: 1px solid #ddd; padding: 8px; margin: 5px 0; border-radius: 4px; background-color: #f7f7f7; display: inline-block;'><strong>#TXTBX ▭</strong> :: <strong>Permanent Address</strong> Value entered ⇒ <span style='color: #009;'>Nagpur, Maharashtra</span></div>
<div style='border: 1px solid #ddd; padding: 8px; margin: 5px 0; border-radius: 4px; background-color: #f7f7f7; display: inline-block;'><strong>#BTN 📤</strong> :: <strong>Clicked On</strong> ⇒ <span style='color: #001dff;'>Submit Button</span></div>
✅ Updated AutomationTestingStatus for FormId 101012 to '[Automation Tester] TextBox Form Submitted Successfully at 01/06/2025 09:12:37 PM'
📋 Navigating to Home Page...
📋 Attempting to close modal popup (if present)...
⏳ Waiting for Home link to be clickable...
✅ Home link found: https://demoqa.com/
📋 Clicking on Home link...
⏳ Waiting for loader to disappear...
⏳ Verifying home page load...
❌ Navigation to Home Page failed: Expected condition failed: waiting for url to contain "home". Current url: "https://demoqa.com/" (tried for 10 second(s) with 500 milliseconds interval)
Build info: version: '4.12.1', revision: '8e34639b11'
System info: os.name: 'Windows 11', os.arch: 'amd64', os.version: '10.0', java.version: '18.0.1.1'
Driver info: org.openqa.selenium.chrome.ChromeDriver
Capabilities {acceptInsecureCerts: false, browserName: chrome, browserVersion: 136.0.7103.114, chrome: {chromedriverVersion: 136.0.7103.113 (76fa3c17824..., userDataDir: C:\Users\HP\AppData\Local\T...}, fedcm:accounts: true, goog:chromeOptions: {debuggerAddress: localhost:63963}, networkConnectionEnabled: false, pageLoadStrategy: normal, platformName: windows, proxy: Proxy(), se:cdp: ws://localhost:63963/devtoo..., se:cdpVersion: 136.0.7103.114, setWindowRect: true, strictFileInteractability: false, timeouts: {implicit: 0, pageLoad: 300000, script: 30000}, unhandledPromptBehavior: dismiss and notify, webauthn:extension:credBlob: true, webauthn:extension:largeBlob: true, webauthn:extension:minPinLength: true, webauthn:extension:prf: true, webauthn:virtualAuthenticators: true}
Session ID: 2d878eeb16294432cfaadd75059ef6bf]]>
    </system-out>
  </testcase> <!-- verifyTextBoxFormSubmission -->
  <testcase classname="com.test.demoqa.TextBoxTestDataFromDB" name="verifyTextBoxFormSubmission" time="6.421">
    <system-out>
      <![CDATA[<div style="background-color:#ffeeba; border:2px solid #856404; border-radius:10px; padding:10px 15px; text-align:left; margin:10px 0; display:inline-block; color:#856404; box-shadow: 0px 4px 6px rgba(0, 0, 0, 0.2);"><p style='font-size:18px; margin:0;'><b>Skipped: 🔐 Admin Connection URL: jdbc:sqlserver://localhost:1433;database=QADEMO;integratedSecurity=true;encrypt=false;trustServerCertificate=true;loginTimeout=30;</b></p></div>
<div style="background-color:#ffeeba; border:2px solid #856404; border-radius:10px; padding:10px 15px; text-align:left; margin:10px 0; display:inline-block; color:#856404; box-shadow: 0px 4px 6px rgba(0, 0, 0, 0.2);"><p style='font-size:18px; margin:0;'><b>Skipped: 🔐 Company Connection URL: jdbc:sqlserver://localhost:1433;database=QADEMO;integratedSecurity=true;encrypt=false;trustServerCertificate=true;loginTimeout=30;</b></p></div>
<div style='border: 1px solid #e0e0e0;padding: 8px 12px;margin: 8px 0;border-radius: 6px;background: linear-gradient(to right, #f8f9fa, #ffffff);box-shadow: 0 2px 4px rgba(0,0,0,0.05);display: inline-block;font-family: Arial, sans-serif;'><span style='font-weight: bold;color: #333;'>🌍 Browser Info:</span> <span style='color: #2c7be5;font-weight: 500;'><img src='data:image/svg+xml;base64,PHN2ZyB4bWxucz0iaHR0cDovL3d3dy53My5vcmcvMjAwMC9zdmciIHZpZXdCb3g9IjAgMCA0NDggNTEyIj48cGF0aCBmaWxsPSIjRkZDMTAyIiBkPSJNMjI0IDI1NmMwIDEyLjktNyAyNC40LTE3LjcgMjkuNkwxODcgMzA5LjljLTUuNCAzLTEyLjMgMy4xLTE3LjcuMS0xMC40LTUuOS0xNi43LTE2LjktMTYuNy0yOC42VjE5OGMwLTEyLjkgNy0yNC40IDE3LjctMjkuNkwxODcgMTQyLjFjNS40LTMgMTIuMy0zLjEgMTcuNy0uMSAxMC40IDUuOSAxNi43IDE2LjkgMTYuNyAyOC42djU4LjJ6Ii8+PHBhdGggZmlsbD0iIzRBNDlGNSIgZD0iTTIyNCAyNTZjMCAxMi45LTcgMjQuNC0xNy43IDI5LjZMMTg3IDMwOS45Yy01LjQgMy0xMi4zIDMuMS0xNy43LjEtMTAuNC01LjktMTYuNy0xNi45LTE2LjctMjguNlYxOThjMC0xMi45IDctMjQuNCAxNy43LTI5LjZMMTg3IDE0Mi4xYzUuNC0zIDEyLjMtMy4xIDE3LjctLjEgMTAuNCA1LjkgMTYuNyAxNi45IDE2LjcgMjguNnY1OC4yeiIvPjxwYXRoIGZpbGw9IiNGRkMxMDIiIGQ9Ik0yMjQgMjU2YzAgMTIuOS03IDI0LjQtMTcuNyAyOS42TDE4NyAzMDkuOWMtNS40IDMtMTIuMyAzLjEtMTcuNy4xLTEwLjQtNS45LTE2LjctMTYuOS0xNi43LTI4LjZWMTk4YzAtMTIuOSA3LTI0LjQgMTcuNy0yOS42TDE4NyAxNDIuMWM1LjQtMyAxMi4zLTMuMSAxNy43LS4xIDEwLjQgNS45IDE2LjcgMTYuOSAxNi43IDI4LjZ2NTguMnoiLz48cGF0aCBmaWxsPSIjRkZDMTAyIiBkPSJNMjI0IDI1NmMwIDEyLjktNyAyNC40LTE3LjcgMjkuNkwxODcgMzA5LjljLTUuNCAzLTEyLjMgMy4xLTE3LjcuMS0xMC40LTUuOS0xNi43LTE2LjktMTYuNy0yOC42VjE5OGMwLTEyLjkgNy0yNC40IDE3LjctMjkuNkwxODcgMTQyLjFjNS40LTMgMTIuMy0zLjEgMTcuNy0uMSAxMC40IDUuOSAxNi43IDE2LjkgMTYuNyAyOC42djU4LjJ6Ii8+PC9zdmc+' height='20' width='20' style='vertical-align: middle;' /> <span style='color: #4285F4;'>Google Chrome</span></span></div>
<div style="border: 1px solid #ddd; padding: 8px; margin: 5px 0; border-radius: 4px; background-color: #f7f7f7; display: inline-block;"><strong>💻 #System Info</strong> :: <strong>PC Name</strong> ⇒ <span style="color: #001dff;">ANKUSH1111</span> &nbsp;&nbsp;|&nbsp;&nbsp; <strong>User</strong> ⇒ <span style="color: #006400;">HP</span></div>
<div style='border: 1px solid #ddd; padding: 8px; margin: 5px 0; border-radius: 4px; background-color: #f7f7f7; display: inline-block;'><strong>#TXTBX ▭</strong> :: <strong>Full Name</strong> Value entered ⇒ <span style='color: #009;'>Karan Mehta</span></div>
<div style='border: 1px solid #ddd; padding: 8px; margin: 5px 0; border-radius: 4px; background-color: #f7f7f7; display: inline-block;'><strong>#TXTBX ▭</strong> :: <strong>Email</strong> Value entered ⇒ <span style='color: #009;'>karan.mehta@test.com</span></div>
<div style='border: 1px solid #ddd; padding: 8px; margin: 5px 0; border-radius: 4px; background-color: #f7f7f7; display: inline-block;'><strong>#TXTBX ▭</strong> :: <strong>Current Address</strong> Value entered ⇒ <span style='color: #009;'>Jaipur, Rajasthan</span></div>
<div style='border: 1px solid #ddd; padding: 8px; margin: 5px 0; border-radius: 4px; background-color: #f7f7f7; display: inline-block;'><strong>#TXTBX ▭</strong> :: <strong>Permanent Address</strong> Value entered ⇒ <span style='color: #009;'>Udaipur, Rajasthan</span></div>
<div style='border: 1px solid #ddd; padding: 8px; margin: 5px 0; border-radius: 4px; background-color: #f7f7f7; display: inline-block;'><strong>#BTN 📤</strong> :: <strong>Clicked On</strong> ⇒ <span style='color: #001dff;'>Submit Button</span></div>
✅ Updated AutomationTestingStatus for FormId 101015 to '[Automation Tester] TextBox Form Submitted Successfully at 01/06/2025 09:13:57 PM'
📋 Navigating to Home Page...
📋 Attempting to close modal popup (if present)...
⏳ Waiting for Home link to be clickable...
✅ Home link found: https://demoqa.com/
📋 Clicking on Home link...
⏳ Waiting for loader to disappear...
⏳ Verifying home page load...
❌ Navigation to Home Page failed: Expected condition failed: waiting for url to contain "home". Current url: "https://demoqa.com/" (tried for 10 second(s) with 500 milliseconds interval)
Build info: version: '4.12.1', revision: '8e34639b11'
System info: os.name: 'Windows 11', os.arch: 'amd64', os.version: '10.0', java.version: '18.0.1.1'
Driver info: org.openqa.selenium.chrome.ChromeDriver
Capabilities {acceptInsecureCerts: false, browserName: chrome, browserVersion: 136.0.7103.114, chrome: {chromedriverVersion: 136.0.7103.113 (76fa3c17824..., userDataDir: C:\Users\HP\AppData\Local\T...}, fedcm:accounts: true, goog:chromeOptions: {debuggerAddress: localhost:63963}, networkConnectionEnabled: false, pageLoadStrategy: normal, platformName: windows, proxy: Proxy(), se:cdp: ws://localhost:63963/devtoo..., se:cdpVersion: 136.0.7103.114, setWindowRect: true, strictFileInteractability: false, timeouts: {implicit: 0, pageLoad: 300000, script: 30000}, unhandledPromptBehavior: dismiss and notify, webauthn:extension:credBlob: true, webauthn:extension:largeBlob: true, webauthn:extension:minPinLength: true, webauthn:extension:prf: true, webauthn:virtualAuthenticators: true}
Session ID: 2d878eeb16294432cfaadd75059ef6bf]]>
    </system-out>
  </testcase> <!-- verifyTextBoxFormSubmission -->
  <testcase classname="com.test.demoqa.TextBoxTestDataFromDB" name="verifyTextBoxFormSubmission" time="4.217">
    <system-out>
      <![CDATA[<div style="background-color:#ffeeba; border:2px solid #856404; border-radius:10px; padding:10px 15px; text-align:left; margin:10px 0; display:inline-block; color:#856404; box-shadow: 0px 4px 6px rgba(0, 0, 0, 0.2);"><p style='font-size:18px; margin:0;'><b>Skipped: 🔐 Admin Connection URL: jdbc:sqlserver://localhost:1433;database=QADEMO;integratedSecurity=true;encrypt=false;trustServerCertificate=true;loginTimeout=30;</b></p></div>
<div style="background-color:#ffeeba; border:2px solid #856404; border-radius:10px; padding:10px 15px; text-align:left; margin:10px 0; display:inline-block; color:#856404; box-shadow: 0px 4px 6px rgba(0, 0, 0, 0.2);"><p style='font-size:18px; margin:0;'><b>Skipped: 🔐 Company Connection URL: jdbc:sqlserver://localhost:1433;database=QADEMO;integratedSecurity=true;encrypt=false;trustServerCertificate=true;loginTimeout=30;</b></p></div>
<div style='border: 1px solid #e0e0e0;padding: 8px 12px;margin: 8px 0;border-radius: 6px;background: linear-gradient(to right, #f8f9fa, #ffffff);box-shadow: 0 2px 4px rgba(0,0,0,0.05);display: inline-block;font-family: Arial, sans-serif;'><span style='font-weight: bold;color: #333;'>🌍 Browser Info:</span> <span style='color: #2c7be5;font-weight: 500;'><img src='data:image/svg+xml;base64,PHN2ZyB4bWxucz0iaHR0cDovL3d3dy53My5vcmcvMjAwMC9zdmciIHZpZXdCb3g9IjAgMCA0NDggNTEyIj48cGF0aCBmaWxsPSIjRkZDMTAyIiBkPSJNMjI0IDI1NmMwIDEyLjktNyAyNC40LTE3LjcgMjkuNkwxODcgMzA5LjljLTUuNCAzLTEyLjMgMy4xLTE3LjcuMS0xMC40LTUuOS0xNi43LTE2LjktMTYuNy0yOC42VjE5OGMwLTEyLjkgNy0yNC40IDE3LjctMjkuNkwxODcgMTQyLjFjNS40LTMgMTIuMy0zLjEgMTcuNy0uMSAxMC40IDUuOSAxNi43IDE2LjkgMTYuNyAyOC42djU4LjJ6Ii8+PHBhdGggZmlsbD0iIzRBNDlGNSIgZD0iTTIyNCAyNTZjMCAxMi45LTcgMjQuNC0xNy43IDI5LjZMMTg3IDMwOS45Yy01LjQgMy0xMi4zIDMuMS0xNy43LjEtMTAuNC01LjktMTYuNy0xNi45LTE2LjctMjguNlYxOThjMC0xMi45IDctMjQuNCAxNy43LTI5LjZMMTg3IDE0Mi4xYzUuNC0zIDEyLjMtMy4xIDE3LjctLjEgMTAuNCA1LjkgMTYuNyAxNi45IDE2LjcgMjguNnY1OC4yeiIvPjxwYXRoIGZpbGw9IiNGRkMxMDIiIGQ9Ik0yMjQgMjU2YzAgMTIuOS03IDI0LjQtMTcuNyAyOS42TDE4NyAzMDkuOWMtNS40IDMtMTIuMyAzLjEtMTcuNy4xLTEwLjQtNS45LTE2LjctMTYuOS0xNi43LTI4LjZWMTk4YzAtMTIuOSA3LTI0LjQgMTcuNy0yOS42TDE4NyAxNDIuMWM1LjQtMyAxMi4zLTMuMSAxNy43LS4xIDEwLjQgNS45IDE2LjcgMTYuOSAxNi43IDI4LjZ2NTguMnoiLz48cGF0aCBmaWxsPSIjRkZDMTAyIiBkPSJNMjI0IDI1NmMwIDEyLjktNyAyNC40LTE3LjcgMjkuNkwxODcgMzA5LjljLTUuNCAzLTEyLjMgMy4xLTE3LjcuMS0xMC40LTUuOS0xNi43LTE2LjktMTYuNy0yOC42VjE5OGMwLTEyLjkgNy0yNC40IDE3LjctMjkuNkwxODcgMTQyLjFjNS40LTMgMTIuMy0zLjEgMTcuNy0uMSAxMC40IDUuOSAxNi43IDE2LjkgMTYuNyAyOC42djU4LjJ6Ii8+PC9zdmc+' height='20' width='20' style='vertical-align: middle;' /> <span style='color: #4285F4;'>Google Chrome</span></span></div>
<div style="border: 1px solid #ddd; padding: 8px; margin: 5px 0; border-radius: 4px; background-color: #f7f7f7; display: inline-block;"><strong>💻 #System Info</strong> :: <strong>PC Name</strong> ⇒ <span style="color: #001dff;">ANKUSH1111</span> &nbsp;&nbsp;|&nbsp;&nbsp; <strong>User</strong> ⇒ <span style="color: #006400;">HP</span></div>
<div style='border: 1px solid #ddd; padding: 8px; margin: 5px 0; border-radius: 4px; background-color: #f7f7f7; display: inline-block;'><strong>#TXTBX ▭</strong> :: <strong>Full Name</strong> Value entered ⇒ <span style='color: #009;'>Neha Kulkarni</span></div>
<div style='border: 1px solid #ddd; padding: 8px; margin: 5px 0; border-radius: 4px; background-color: #f7f7f7; display: inline-block;'><strong>#TXTBX ▭</strong> :: <strong>Email</strong> Value entered ⇒ <span style='color: #009;'>neha.kulkarni@test.com</span></div>
<div style='border: 1px solid #ddd; padding: 8px; margin: 5px 0; border-radius: 4px; background-color: #f7f7f7; display: inline-block;'><strong>#TXTBX ▭</strong> :: <strong>Current Address</strong> Value entered ⇒ <span style='color: #009;'>Satara, Maharashtra</span></div>
<div style='border: 1px solid #ddd; padding: 8px; margin: 5px 0; border-radius: 4px; background-color: #f7f7f7; display: inline-block;'><strong>#TXTBX ▭</strong> :: <strong>Permanent Address</strong> Value entered ⇒ <span style='color: #009;'>Sangli, Maharashtra</span></div>
<div style='border: 1px solid #ddd; padding: 8px; margin: 5px 0; border-radius: 4px; background-color: #f7f7f7; display: inline-block;'><strong>#BTN 📤</strong> :: <strong>Clicked On</strong> ⇒ <span style='color: #001dff;'>Submit Button</span></div>
✅ Updated AutomationTestingStatus for FormId 101020 to '[Automation Tester] TextBox Form Submitted Successfully at 01/06/2025 09:16:19 PM'
📋 Navigating to Home Page...
📋 Attempting to close modal popup (if present)...
⏳ Waiting for Home link to be clickable...
✅ Home link found: https://demoqa.com/
📋 Clicking on Home link...
⏳ Waiting for loader to disappear...
⏳ Verifying home page load...
❌ Navigation to Home Page failed: Expected condition failed: waiting for url to contain "home". Current url: "https://demoqa.com/" (tried for 10 second(s) with 500 milliseconds interval)
Build info: version: '4.12.1', revision: '8e34639b11'
System info: os.name: 'Windows 11', os.arch: 'amd64', os.version: '10.0', java.version: '18.0.1.1'
Driver info: org.openqa.selenium.chrome.ChromeDriver
Capabilities {acceptInsecureCerts: false, browserName: chrome, browserVersion: 136.0.7103.114, chrome: {chromedriverVersion: 136.0.7103.113 (76fa3c17824..., userDataDir: C:\Users\HP\AppData\Local\T...}, fedcm:accounts: true, goog:chromeOptions: {debuggerAddress: localhost:63963}, networkConnectionEnabled: false, pageLoadStrategy: normal, platformName: windows, proxy: Proxy(), se:cdp: ws://localhost:63963/devtoo..., se:cdpVersion: 136.0.7103.114, setWindowRect: true, strictFileInteractability: false, timeouts: {implicit: 0, pageLoad: 300000, script: 30000}, unhandledPromptBehavior: dismiss and notify, webauthn:extension:credBlob: true, webauthn:extension:largeBlob: true, webauthn:extension:minPinLength: true, webauthn:extension:prf: true, webauthn:virtualAuthenticators: true}
Session ID: 2d878eeb16294432cfaadd75059ef6bf]]>
    </system-out>
  </testcase> <!-- verifyTextBoxFormSubmission -->
  <testcase classname="com.test.demoqa.TextBoxTestDataFromDB" name="verifyTextBoxFormSubmission" time="3.166">
    <system-out>
      <![CDATA[<div style="background-color:#ffeeba; border:2px solid #856404; border-radius:10px; padding:10px 15px; text-align:left; margin:10px 0; display:inline-block; color:#856404; box-shadow: 0px 4px 6px rgba(0, 0, 0, 0.2);"><p style='font-size:18px; margin:0;'><b>Skipped: 🔐 Admin Connection URL: jdbc:sqlserver://localhost:1433;database=QADEMO;integratedSecurity=true;encrypt=false;trustServerCertificate=true;loginTimeout=30;</b></p></div>
<div style="background-color:#ffeeba; border:2px solid #856404; border-radius:10px; padding:10px 15px; text-align:left; margin:10px 0; display:inline-block; color:#856404; box-shadow: 0px 4px 6px rgba(0, 0, 0, 0.2);"><p style='font-size:18px; margin:0;'><b>Skipped: 🔐 Company Connection URL: jdbc:sqlserver://localhost:1433;database=QADEMO;integratedSecurity=true;encrypt=false;trustServerCertificate=true;loginTimeout=30;</b></p></div>
<div style='border: 1px solid #e0e0e0;padding: 8px 12px;margin: 8px 0;border-radius: 6px;background: linear-gradient(to right, #f8f9fa, #ffffff);box-shadow: 0 2px 4px rgba(0,0,0,0.05);display: inline-block;font-family: Arial, sans-serif;'><span style='font-weight: bold;color: #333;'>🌍 Browser Info:</span> <span style='color: #2c7be5;font-weight: 500;'><img src='data:image/svg+xml;base64,PHN2ZyB4bWxucz0iaHR0cDovL3d3dy53My5vcmcvMjAwMC9zdmciIHZpZXdCb3g9IjAgMCA0NDggNTEyIj48cGF0aCBmaWxsPSIjRkZDMTAyIiBkPSJNMjI0IDI1NmMwIDEyLjktNyAyNC40LTE3LjcgMjkuNkwxODcgMzA5LjljLTUuNCAzLTEyLjMgMy4xLTE3LjcuMS0xMC40LTUuOS0xNi43LTE2LjktMTYuNy0yOC42VjE5OGMwLTEyLjkgNy0yNC40IDE3LjctMjkuNkwxODcgMTQyLjFjNS40LTMgMTIuMy0zLjEgMTcuNy0uMSAxMC40IDUuOSAxNi43IDE2LjkgMTYuNyAyOC42djU4LjJ6Ii8+PHBhdGggZmlsbD0iIzRBNDlGNSIgZD0iTTIyNCAyNTZjMCAxMi45LTcgMjQuNC0xNy43IDI5LjZMMTg3IDMwOS45Yy01LjQgMy0xMi4zIDMuMS0xNy43LjEtMTAuNC01LjktMTYuNy0xNi45LTE2LjctMjguNlYxOThjMC0xMi45IDctMjQuNCAxNy43LTI5LjZMMTg3IDE0Mi4xYzUuNC0zIDEyLjMtMy4xIDE3LjctLjEgMTAuNCA1LjkgMTYuNyAxNi45IDE2LjcgMjguNnY1OC4yeiIvPjxwYXRoIGZpbGw9IiNGRkMxMDIiIGQ9Ik0yMjQgMjU2YzAgMTIuOS03IDI0LjQtMTcuNyAyOS42TDE4NyAzMDkuOWMtNS40IDMtMTIuMyAzLjEtMTcuNy4xLTEwLjQtNS45LTE2LjctMTYuOS0xNi43LTI4LjZWMTk4YzAtMTIuOSA3LTI0LjQgMTcuNy0yOS42TDE4NyAxNDIuMWM1LjQtMyAxMi4zLTMuMSAxNy43LS4xIDEwLjQgNS45IDE2LjcgMTYuOSAxNi43IDI4LjZ2NTguMnoiLz48cGF0aCBmaWxsPSIjRkZDMTAyIiBkPSJNMjI0IDI1NmMwIDEyLjktNyAyNC40LTE3LjcgMjkuNkwxODcgMzA5LjljLTUuNCAzLTEyLjMgMy4xLTE3LjcuMS0xMC40LTUuOS0xNi43LTE2LjktMTYuNy0yOC42VjE5OGMwLTEyLjkgNy0yNC40IDE3LjctMjkuNkwxODcgMTQyLjFjNS40LTMgMTIuMy0zLjEgMTcuNy0uMSAxMC40IDUuOSAxNi43IDE2LjkgMTYuNyAyOC42djU4LjJ6Ii8+PC9zdmc+' height='20' width='20' style='vertical-align: middle;' /> <span style='color: #4285F4;'>Google Chrome</span></span></div>
<div style="border: 1px solid #ddd; padding: 8px; margin: 5px 0; border-radius: 4px; background-color: #f7f7f7; display: inline-block;"><strong>💻 #System Info</strong> :: <strong>PC Name</strong> ⇒ <span style="color: #001dff;">ANKUSH1111</span> &nbsp;&nbsp;|&nbsp;&nbsp; <strong>User</strong> ⇒ <span style="color: #006400;">HP</span></div>
<div style='border: 1px solid #ddd; padding: 8px; margin: 5px 0; border-radius: 4px; background-color: #f7f7f7; display: inline-block;'><strong>#TXTBX ▭</strong> :: <strong>Full Name</strong> Value entered ⇒ <span style='color: #009;'>Saurabh Yadav</span></div>
<div style='border: 1px solid #ddd; padding: 8px; margin: 5px 0; border-radius: 4px; background-color: #f7f7f7; display: inline-block;'><strong>#TXTBX ▭</strong> :: <strong>Email</strong> Value entered ⇒ <span style='color: #009;'>saurabh.yadav@test.com</span></div>
<div style='border: 1px solid #ddd; padding: 8px; margin: 5px 0; border-radius: 4px; background-color: #f7f7f7; display: inline-block;'><strong>#TXTBX ▭</strong> :: <strong>Current Address</strong> Value entered ⇒ <span style='color: #009;'>Lucknow, Uttar Pradesh</span></div>
<div style='border: 1px solid #ddd; padding: 8px; margin: 5px 0; border-radius: 4px; background-color: #f7f7f7; display: inline-block;'><strong>#TXTBX ▭</strong> :: <strong>Permanent Address</strong> Value entered ⇒ <span style='color: #009;'>Kanpur, Uttar Pradesh</span></div>
<div style='border: 1px solid #ddd; padding: 8px; margin: 5px 0; border-radius: 4px; background-color: #f7f7f7; display: inline-block;'><strong>#BTN 📤</strong> :: <strong>Clicked On</strong> ⇒ <span style='color: #001dff;'>Submit Button</span></div>
✅ Updated AutomationTestingStatus for FormId 101019 to '[Automation Tester] TextBox Form Submitted Successfully at 01/06/2025 09:16:01 PM'
📋 Navigating to Home Page...
📋 Attempting to close modal popup (if present)...
⏳ Waiting for Home link to be clickable...
✅ Home link found: https://demoqa.com/
📋 Clicking on Home link...
⏳ Waiting for loader to disappear...
⏳ Verifying home page load...
❌ Navigation to Home Page failed: Expected condition failed: waiting for url to contain "home". Current url: "https://demoqa.com/" (tried for 10 second(s) with 500 milliseconds interval)
Build info: version: '4.12.1', revision: '8e34639b11'
System info: os.name: 'Windows 11', os.arch: 'amd64', os.version: '10.0', java.version: '18.0.1.1'
Driver info: org.openqa.selenium.chrome.ChromeDriver
Capabilities {acceptInsecureCerts: false, browserName: chrome, browserVersion: 136.0.7103.114, chrome: {chromedriverVersion: 136.0.7103.113 (76fa3c17824..., userDataDir: C:\Users\HP\AppData\Local\T...}, fedcm:accounts: true, goog:chromeOptions: {debuggerAddress: localhost:63963}, networkConnectionEnabled: false, pageLoadStrategy: normal, platformName: windows, proxy: Proxy(), se:cdp: ws://localhost:63963/devtoo..., se:cdpVersion: 136.0.7103.114, setWindowRect: true, strictFileInteractability: false, timeouts: {implicit: 0, pageLoad: 300000, script: 30000}, unhandledPromptBehavior: dismiss and notify, webauthn:extension:credBlob: true, webauthn:extension:largeBlob: true, webauthn:extension:minPinLength: true, webauthn:extension:prf: true, webauthn:virtualAuthenticators: true}
Session ID: 2d878eeb16294432cfaadd75059ef6bf]]>
    </system-out>
  </testcase> <!-- verifyTextBoxFormSubmission -->
  <testcase classname="com.test.demoqa.TextBoxTestDataFromDB" name="verifyTextBoxFormSubmission" time="2.308">
    <system-out>
      <![CDATA[<div style="background-color:#ffeeba; border:2px solid #856404; border-radius:10px; padding:10px 15px; text-align:left; margin:10px 0; display:inline-block; color:#856404; box-shadow: 0px 4px 6px rgba(0, 0, 0, 0.2);"><p style='font-size:18px; margin:0;'><b>Skipped: 🔐 Admin Connection URL: jdbc:sqlserver://localhost:1433;database=QADEMO;integratedSecurity=true;encrypt=false;trustServerCertificate=true;loginTimeout=30;</b></p></div>
<div style="background-color:#ffeeba; border:2px solid #856404; border-radius:10px; padding:10px 15px; text-align:left; margin:10px 0; display:inline-block; color:#856404; box-shadow: 0px 4px 6px rgba(0, 0, 0, 0.2);"><p style='font-size:18px; margin:0;'><b>Skipped: 🔐 Company Connection URL: jdbc:sqlserver://localhost:1433;database=QADEMO;integratedSecurity=true;encrypt=false;trustServerCertificate=true;loginTimeout=30;</b></p></div>
<div style='border: 1px solid #e0e0e0;padding: 8px 12px;margin: 8px 0;border-radius: 6px;background: linear-gradient(to right, #f8f9fa, #ffffff);box-shadow: 0 2px 4px rgba(0,0,0,0.05);display: inline-block;font-family: Arial, sans-serif;'><span style='font-weight: bold;color: #333;'>🌍 Browser Info:</span> <span style='color: #2c7be5;font-weight: 500;'><img src='data:image/svg+xml;base64,PHN2ZyB4bWxucz0iaHR0cDovL3d3dy53My5vcmcvMjAwMC9zdmciIHZpZXdCb3g9IjAgMCA0NDggNTEyIj48cGF0aCBmaWxsPSIjRkZDMTAyIiBkPSJNMjI0IDI1NmMwIDEyLjktNyAyNC40LTE3LjcgMjkuNkwxODcgMzA5LjljLTUuNCAzLTEyLjMgMy4xLTE3LjcuMS0xMC40LTUuOS0xNi43LTE2LjktMTYuNy0yOC42VjE5OGMwLTEyLjkgNy0yNC40IDE3LjctMjkuNkwxODcgMTQyLjFjNS40LTMgMTIuMy0zLjEgMTcuNy0uMSAxMC40IDUuOSAxNi43IDE2LjkgMTYuNyAyOC42djU4LjJ6Ii8+PHBhdGggZmlsbD0iIzRBNDlGNSIgZD0iTTIyNCAyNTZjMCAxMi45LTcgMjQuNC0xNy43IDI5LjZMMTg3IDMwOS45Yy01LjQgMy0xMi4zIDMuMS0xNy43LjEtMTAuNC01LjktMTYuNy0xNi45LTE2LjctMjguNlYxOThjMC0xMi45IDctMjQuNCAxNy43LTI5LjZMMTg3IDE0Mi4xYzUuNC0zIDEyLjMtMy4xIDE3LjctLjEgMTAuNCA1LjkgMTYuNyAxNi45IDE2LjcgMjguNnY1OC4yeiIvPjxwYXRoIGZpbGw9IiNGRkMxMDIiIGQ9Ik0yMjQgMjU2YzAgMTIuOS03IDI0LjQtMTcuNyAyOS42TDE4NyAzMDkuOWMtNS40IDMtMTIuMyAzLjEtMTcuNy4xLTEwLjQtNS45LTE2LjctMTYuOS0xNi43LTI4LjZWMTk4YzAtMTIuOSA3LTI0LjQgMTcuNy0yOS42TDE4NyAxNDIuMWM1LjQtMyAxMi4zLTMuMSAxNy43LS4xIDEwLjQgNS45IDE2LjcgMTYuOSAxNi43IDI4LjZ2NTguMnoiLz48cGF0aCBmaWxsPSIjRkZDMTAyIiBkPSJNMjI0IDI1NmMwIDEyLjktNyAyNC40LTE3LjcgMjkuNkwxODcgMzA5LjljLTUuNCAzLTEyLjMgMy4xLTE3LjcuMS0xMC40LTUuOS0xNi43LTE2LjktMTYuNy0yOC42VjE5OGMwLTEyLjkgNy0yNC40IDE3LjctMjkuNkwxODcgMTQyLjFjNS40LTMgMTIuMy0zLjEgMTcuNy0uMSAxMC40IDUuOSAxNi43IDE2LjkgMTYuNyAyOC42djU4LjJ6Ii8+PC9zdmc+' height='20' width='20' style='vertical-align: middle;' /> <span style='color: #4285F4;'>Google Chrome</span></span></div>
<div style="border: 1px solid #ddd; padding: 8px; margin: 5px 0; border-radius: 4px; background-color: #f7f7f7; display: inline-block;"><strong>💻 #System Info</strong> :: <strong>PC Name</strong> ⇒ <span style="color: #001dff;">ANKUSH1111</span> &nbsp;&nbsp;|&nbsp;&nbsp; <strong>User</strong> ⇒ <span style="color: #006400;">HP</span></div>
<div style='border: 1px solid #ddd; padding: 8px; margin: 5px 0; border-radius: 4px; background-color: #f7f7f7; display: inline-block;'><strong>#TXTBX ▭</strong> :: <strong>Full Name</strong> Value entered ⇒ <span style='color: #009;'>Vikram Shetty</span></div>
<div style='border: 1px solid #ddd; padding: 8px; margin: 5px 0; border-radius: 4px; background-color: #f7f7f7; display: inline-block;'><strong>#TXTBX ▭</strong> :: <strong>Email</strong> Value entered ⇒ <span style='color: #009;'>vikram.shetty@test.com</span></div>
<div style='border: 1px solid #ddd; padding: 8px; margin: 5px 0; border-radius: 4px; background-color: #f7f7f7; display: inline-block;'><strong>#TXTBX ▭</strong> :: <strong>Current Address</strong> Value entered ⇒ <span style='color: #009;'>Mangalore, Karnataka</span></div>
<div style='border: 1px solid #ddd; padding: 8px; margin: 5px 0; border-radius: 4px; background-color: #f7f7f7; display: inline-block;'><strong>#TXTBX ▭</strong> :: <strong>Permanent Address</strong> Value entered ⇒ <span style='color: #009;'>Udupi, Karnataka</span></div>
<div style='border: 1px solid #ddd; padding: 8px; margin: 5px 0; border-radius: 4px; background-color: #f7f7f7; display: inline-block;'><strong>#BTN 📤</strong> :: <strong>Clicked On</strong> ⇒ <span style='color: #001dff;'>Submit Button</span></div>
✅ Updated AutomationTestingStatus for FormId 101029 to '[Automation Tester] TextBox Form Submitted Successfully at 01/06/2025 09:18:37 PM'
📋 Navigating to Home Page...
📋 Attempting to close modal popup (if present)...
⏳ Waiting for Home link to be clickable...
✅ Home link found: https://demoqa.com/
📋 Clicking on Home link...
⏳ Waiting for loader to disappear...
⏳ Verifying home page load...
❌ Navigation to Home Page failed: Expected condition failed: waiting for url to contain "home". Current url: "https://demoqa.com/" (tried for 10 second(s) with 500 milliseconds interval)
Build info: version: '4.12.1', revision: '8e34639b11'
System info: os.name: 'Windows 11', os.arch: 'amd64', os.version: '10.0', java.version: '18.0.1.1'
Driver info: org.openqa.selenium.chrome.ChromeDriver
Capabilities {acceptInsecureCerts: false, browserName: chrome, browserVersion: 136.0.7103.114, chrome: {chromedriverVersion: 136.0.7103.113 (76fa3c17824..., userDataDir: C:\Users\HP\AppData\Local\T...}, fedcm:accounts: true, goog:chromeOptions: {debuggerAddress: localhost:63963}, networkConnectionEnabled: false, pageLoadStrategy: normal, platformName: windows, proxy: Proxy(), se:cdp: ws://localhost:63963/devtoo..., se:cdpVersion: 136.0.7103.114, setWindowRect: true, strictFileInteractability: false, timeouts: {implicit: 0, pageLoad: 300000, script: 30000}, unhandledPromptBehavior: dismiss and notify, webauthn:extension:credBlob: true, webauthn:extension:largeBlob: true, webauthn:extension:minPinLength: true, webauthn:extension:prf: true, webauthn:virtualAuthenticators: true}
Session ID: 2d878eeb16294432cfaadd75059ef6bf]]>
    </system-out>
  </testcase> <!-- verifyTextBoxFormSubmission -->
  <testcase classname="com.test.demoqa.TextBoxTestDataFromDB" name="verifyTextBoxFormSubmission" time="24.946">
    <system-out>
      <![CDATA[<div style="background-color:#ffeeba; border:2px solid #856404; border-radius:10px; padding:10px 15px; text-align:left; margin:10px 0; display:inline-block; color:#856404; box-shadow: 0px 4px 6px rgba(0, 0, 0, 0.2);"><p style='font-size:18px; margin:0;'><b>Skipped: 🔐 Admin Connection URL: jdbc:sqlserver://localhost:1433;database=QADEMO;integratedSecurity=true;encrypt=false;trustServerCertificate=true;loginTimeout=30;</b></p></div>
<div style="background-color:#ffeeba; border:2px solid #856404; border-radius:10px; padding:10px 15px; text-align:left; margin:10px 0; display:inline-block; color:#856404; box-shadow: 0px 4px 6px rgba(0, 0, 0, 0.2);"><p style='font-size:18px; margin:0;'><b>Skipped: 🔐 Company Connection URL: jdbc:sqlserver://localhost:1433;database=QADEMO;integratedSecurity=true;encrypt=false;trustServerCertificate=true;loginTimeout=30;</b></p></div>
<div style='border: 1px solid #e0e0e0;padding: 8px 12px;margin: 8px 0;border-radius: 6px;background: linear-gradient(to right, #f8f9fa, #ffffff);box-shadow: 0 2px 4px rgba(0,0,0,0.05);display: inline-block;font-family: Arial, sans-serif;'><span style='font-weight: bold;color: #333;'>🌍 Browser Info:</span> <span style='color: #2c7be5;font-weight: 500;'><img src='data:image/svg+xml;base64,PHN2ZyB4bWxucz0iaHR0cDovL3d3dy53My5vcmcvMjAwMC9zdmciIHZpZXdCb3g9IjAgMCA0NDggNTEyIj48cGF0aCBmaWxsPSIjRkZDMTAyIiBkPSJNMjI0IDI1NmMwIDEyLjktNyAyNC40LTE3LjcgMjkuNkwxODcgMzA5LjljLTUuNCAzLTEyLjMgMy4xLTE3LjcuMS0xMC40LTUuOS0xNi43LTE2LjktMTYuNy0yOC42VjE5OGMwLTEyLjkgNy0yNC40IDE3LjctMjkuNkwxODcgMTQyLjFjNS40LTMgMTIuMy0zLjEgMTcuNy0uMSAxMC40IDUuOSAxNi43IDE2LjkgMTYuNyAyOC42djU4LjJ6Ii8+PHBhdGggZmlsbD0iIzRBNDlGNSIgZD0iTTIyNCAyNTZjMCAxMi45LTcgMjQuNC0xNy43IDI5LjZMMTg3IDMwOS45Yy01LjQgMy0xMi4zIDMuMS0xNy43LjEtMTAuNC01LjktMTYuNy0xNi45LTE2LjctMjguNlYxOThjMC0xMi45IDctMjQuNCAxNy43LTI5LjZMMTg3IDE0Mi4xYzUuNC0zIDEyLjMtMy4xIDE3LjctLjEgMTAuNCA1LjkgMTYuNyAxNi45IDE2LjcgMjguNnY1OC4yeiIvPjxwYXRoIGZpbGw9IiNGRkMxMDIiIGQ9Ik0yMjQgMjU2YzAgMTIuOS03IDI0LjQtMTcuNyAyOS42TDE4NyAzMDkuOWMtNS40IDMtMTIuMyAzLjEtMTcuNy4xLTEwLjQtNS45LTE2LjctMTYuOS0xNi43LTI4LjZWMTk4YzAtMTIuOSA3LTI0LjQgMTcuNy0yOS42TDE4NyAxNDIuMWM1LjQtMyAxMi4zLTMuMSAxNy43LS4xIDEwLjQgNS45IDE2LjcgMTYuOSAxNi43IDI4LjZ2NTguMnoiLz48cGF0aCBmaWxsPSIjRkZDMTAyIiBkPSJNMjI0IDI1NmMwIDEyLjktNyAyNC40LTE3LjcgMjkuNkwxODcgMzA5LjljLTUuNCAzLTEyLjMgMy4xLTE3LjcuMS0xMC40LTUuOS0xNi43LTE2LjktMTYuNy0yOC42VjE5OGMwLTEyLjkgNy0yNC40IDE3LjctMjkuNkwxODcgMTQyLjFjNS40LTMgMTIuMy0zLjEgMTcuNy0uMSAxMC40IDUuOSAxNi43IDE2LjkgMTYuNyAyOC42djU4LjJ6Ii8+PC9zdmc+' height='20' width='20' style='vertical-align: middle;' /> <span style='color: #4285F4;'>Google Chrome</span></span></div>
<div style="border: 1px solid #ddd; padding: 8px; margin: 5px 0; border-radius: 4px; background-color: #f7f7f7; display: inline-block;"><strong>💻 #System Info</strong> :: <strong>PC Name</strong> ⇒ <span style="color: #001dff;">ANKUSH1111</span> &nbsp;&nbsp;|&nbsp;&nbsp; <strong>User</strong> ⇒ <span style="color: #006400;">HP</span></div>
<div style='border: 1px solid #ddd; padding: 8px; margin: 5px 0; border-radius: 4px; background-color: #f7f7f7; display: inline-block;'><strong>#TXTBX ▭</strong> :: <strong>Full Name</strong> Value entered ⇒ <span style='color: #009;'>Rahul Verma</span></div>
<div style='border: 1px solid #ddd; padding: 8px; margin: 5px 0; border-radius: 4px; background-color: #f7f7f7; display: inline-block;'><strong>#TXTBX ▭</strong> :: <strong>Email</strong> Value entered ⇒ <span style='color: #009;'>rahul.verma@test.com</span></div>
<div style='border: 1px solid #ddd; padding: 8px; margin: 5px 0; border-radius: 4px; background-color: #f7f7f7; display: inline-block;'><strong>#TXTBX ▭</strong> :: <strong>Current Address</strong> Value entered ⇒ <span style='color: #009;'>Bhopal, Madhya Pradesh</span></div>
<div style='border: 1px solid #ddd; padding: 8px; margin: 5px 0; border-radius: 4px; background-color: #f7f7f7; display: inline-block;'><strong>#TXTBX ▭</strong> :: <strong>Permanent Address</strong> Value entered ⇒ <span style='color: #009;'>Indore, Madhya Pradesh</span></div>
<div style='border: 1px solid #ddd; padding: 8px; margin: 5px 0; border-radius: 4px; background-color: #f7f7f7; display: inline-block;'><strong>#BTN 📤</strong> :: <strong>Clicked On</strong> ⇒ <span style='color: #001dff;'>Submit Button</span></div>
✅ Updated AutomationTestingStatus for FormId 101013 to '[Automation Tester] TextBox Form Submitted Successfully at 01/06/2025 09:13:17 PM'
📋 Navigating to Home Page...
📋 Attempting to close modal popup (if present)...
⏳ Waiting for Home link to be clickable...
✅ Home link found: https://demoqa.com/
📋 Clicking on Home link...
⏳ Waiting for loader to disappear...
⏳ Verifying home page load...
❌ Navigation to Home Page failed: Expected condition failed: waiting for url to contain "home". Current url: "https://demoqa.com/" (tried for 10 second(s) with 500 milliseconds interval)
Build info: version: '4.12.1', revision: '8e34639b11'
System info: os.name: 'Windows 11', os.arch: 'amd64', os.version: '10.0', java.version: '18.0.1.1'
Driver info: org.openqa.selenium.chrome.ChromeDriver
Capabilities {acceptInsecureCerts: false, browserName: chrome, browserVersion: 136.0.7103.114, chrome: {chromedriverVersion: 136.0.7103.113 (76fa3c17824..., userDataDir: C:\Users\HP\AppData\Local\T...}, fedcm:accounts: true, goog:chromeOptions: {debuggerAddress: localhost:63963}, networkConnectionEnabled: false, pageLoadStrategy: normal, platformName: windows, proxy: Proxy(), se:cdp: ws://localhost:63963/devtoo..., se:cdpVersion: 136.0.7103.114, setWindowRect: true, strictFileInteractability: false, timeouts: {implicit: 0, pageLoad: 300000, script: 30000}, unhandledPromptBehavior: dismiss and notify, webauthn:extension:credBlob: true, webauthn:extension:largeBlob: true, webauthn:extension:minPinLength: true, webauthn:extension:prf: true, webauthn:virtualAuthenticators: true}
Session ID: 2d878eeb16294432cfaadd75059ef6bf]]>
    </system-out>
  </testcase> <!-- verifyTextBoxFormSubmission -->
  <testcase classname="com.test.demoqa.TextBoxTestDataFromDB" name="verifyTextBoxFormSubmission" time="3.510">
    <system-out>
      <![CDATA[<div style="background-color:#ffeeba; border:2px solid #856404; border-radius:10px; padding:10px 15px; text-align:left; margin:10px 0; display:inline-block; color:#856404; box-shadow: 0px 4px 6px rgba(0, 0, 0, 0.2);"><p style='font-size:18px; margin:0;'><b>Skipped: 🔐 Admin Connection URL: jdbc:sqlserver://localhost:1433;database=QADEMO;integratedSecurity=true;encrypt=false;trustServerCertificate=true;loginTimeout=30;</b></p></div>
<div style="background-color:#ffeeba; border:2px solid #856404; border-radius:10px; padding:10px 15px; text-align:left; margin:10px 0; display:inline-block; color:#856404; box-shadow: 0px 4px 6px rgba(0, 0, 0, 0.2);"><p style='font-size:18px; margin:0;'><b>Skipped: 🔐 Company Connection URL: jdbc:sqlserver://localhost:1433;database=QADEMO;integratedSecurity=true;encrypt=false;trustServerCertificate=true;loginTimeout=30;</b></p></div>
<div style='border: 1px solid #e0e0e0;padding: 8px 12px;margin: 8px 0;border-radius: 6px;background: linear-gradient(to right, #f8f9fa, #ffffff);box-shadow: 0 2px 4px rgba(0,0,0,0.05);display: inline-block;font-family: Arial, sans-serif;'><span style='font-weight: bold;color: #333;'>🌍 Browser Info:</span> <span style='color: #2c7be5;font-weight: 500;'><img src='data:image/svg+xml;base64,PHN2ZyB4bWxucz0iaHR0cDovL3d3dy53My5vcmcvMjAwMC9zdmciIHZpZXdCb3g9IjAgMCA0NDggNTEyIj48cGF0aCBmaWxsPSIjRkZDMTAyIiBkPSJNMjI0IDI1NmMwIDEyLjktNyAyNC40LTE3LjcgMjkuNkwxODcgMzA5LjljLTUuNCAzLTEyLjMgMy4xLTE3LjcuMS0xMC40LTUuOS0xNi43LTE2LjktMTYuNy0yOC42VjE5OGMwLTEyLjkgNy0yNC40IDE3LjctMjkuNkwxODcgMTQyLjFjNS40LTMgMTIuMy0zLjEgMTcuNy0uMSAxMC40IDUuOSAxNi43IDE2LjkgMTYuNyAyOC42djU4LjJ6Ii8+PHBhdGggZmlsbD0iIzRBNDlGNSIgZD0iTTIyNCAyNTZjMCAxMi45LTcgMjQuNC0xNy43IDI5LjZMMTg3IDMwOS45Yy01LjQgMy0xMi4zIDMuMS0xNy43LjEtMTAuNC01LjktMTYuNy0xNi45LTE2LjctMjguNlYxOThjMC0xMi45IDctMjQuNCAxNy43LTI5LjZMMTg3IDE0Mi4xYzUuNC0zIDEyLjMtMy4xIDE3LjctLjEgMTAuNCA1LjkgMTYuNyAxNi45IDE2LjcgMjguNnY1OC4yeiIvPjxwYXRoIGZpbGw9IiNGRkMxMDIiIGQ9Ik0yMjQgMjU2YzAgMTIuOS03IDI0LjQtMTcuNyAyOS42TDE4NyAzMDkuOWMtNS40IDMtMTIuMyAzLjEtMTcuNy4xLTEwLjQtNS45LTE2LjctMTYuOS0xNi43LTI4LjZWMTk4YzAtMTIuOSA3LTI0LjQgMTcuNy0yOS42TDE4NyAxNDIuMWM1LjQtMyAxMi4zLTMuMSAxNy43LS4xIDEwLjQgNS45IDE2LjcgMTYuOSAxNi43IDI4LjZ2NTguMnoiLz48cGF0aCBmaWxsPSIjRkZDMTAyIiBkPSJNMjI0IDI1NmMwIDEyLjktNyAyNC40LTE3LjcgMjkuNkwxODcgMzA5LjljLTUuNCAzLTEyLjMgMy4xLTE3LjcuMS0xMC40LTUuOS0xNi43LTE2LjktMTYuNy0yOC42VjE5OGMwLTEyLjkgNy0yNC40IDE3LjctMjkuNkwxODcgMTQyLjFjNS40LTMgMTIuMy0zLjEgMTcuNy0uMSAxMC40IDUuOSAxNi43IDE2LjkgMTYuNyAyOC42djU4LjJ6Ii8+PC9zdmc+' height='20' width='20' style='vertical-align: middle;' /> <span style='color: #4285F4;'>Google Chrome</span></span></div>
<div style="border: 1px solid #ddd; padding: 8px; margin: 5px 0; border-radius: 4px; background-color: #f7f7f7; display: inline-block;"><strong>💻 #System Info</strong> :: <strong>PC Name</strong> ⇒ <span style="color: #001dff;">ANKUSH1111</span> &nbsp;&nbsp;|&nbsp;&nbsp; <strong>User</strong> ⇒ <span style="color: #006400;">HP</span></div>
<div style='border: 1px solid #ddd; padding: 8px; margin: 5px 0; border-radius: 4px; background-color: #f7f7f7; display: inline-block;'><strong>#TXTBX ▭</strong> :: <strong>Full Name</strong> Value entered ⇒ <span style='color: #009;'>Manish Gupta</span></div>
<div style='border: 1px solid #ddd; padding: 8px; margin: 5px 0; border-radius: 4px; background-color: #f7f7f7; display: inline-block;'><strong>#TXTBX ▭</strong> :: <strong>Email</strong> Value entered ⇒ <span style='color: #009;'>manish.gupta@test.com</span></div>
<div style='border: 1px solid #ddd; padding: 8px; margin: 5px 0; border-radius: 4px; background-color: #f7f7f7; display: inline-block;'><strong>#TXTBX ▭</strong> :: <strong>Current Address</strong> Value entered ⇒ <span style='color: #009;'>Delhi</span></div>
<div style='border: 1px solid #ddd; padding: 8px; margin: 5px 0; border-radius: 4px; background-color: #f7f7f7; display: inline-block;'><strong>#TXTBX ▭</strong> :: <strong>Permanent Address</strong> Value entered ⇒ <span style='color: #009;'>Noida, Uttar Pradesh</span></div>
<div style='border: 1px solid #ddd; padding: 8px; margin: 5px 0; border-radius: 4px; background-color: #f7f7f7; display: inline-block;'><strong>#BTN 📤</strong> :: <strong>Clicked On</strong> ⇒ <span style='color: #001dff;'>Submit Button</span></div>
✅ Updated AutomationTestingStatus for FormId 101021 to '[Automation Tester] TextBox Form Submitted Successfully at 01/06/2025 09:16:33 PM'
📋 Navigating to Home Page...
📋 Attempting to close modal popup (if present)...
⏳ Waiting for Home link to be clickable...
✅ Home link found: https://demoqa.com/
📋 Clicking on Home link...
⏳ Waiting for loader to disappear...
⏳ Verifying home page load...
❌ Navigation to Home Page failed: Expected condition failed: waiting for url to contain "home". Current url: "https://demoqa.com/" (tried for 10 second(s) with 500 milliseconds interval)
Build info: version: '4.12.1', revision: '8e34639b11'
System info: os.name: 'Windows 11', os.arch: 'amd64', os.version: '10.0', java.version: '18.0.1.1'
Driver info: org.openqa.selenium.chrome.ChromeDriver
Capabilities {acceptInsecureCerts: false, browserName: chrome, browserVersion: 136.0.7103.114, chrome: {chromedriverVersion: 136.0.7103.113 (76fa3c17824..., userDataDir: C:\Users\HP\AppData\Local\T...}, fedcm:accounts: true, goog:chromeOptions: {debuggerAddress: localhost:63963}, networkConnectionEnabled: false, pageLoadStrategy: normal, platformName: windows, proxy: Proxy(), se:cdp: ws://localhost:63963/devtoo..., se:cdpVersion: 136.0.7103.114, setWindowRect: true, strictFileInteractability: false, timeouts: {implicit: 0, pageLoad: 300000, script: 30000}, unhandledPromptBehavior: dismiss and notify, webauthn:extension:credBlob: true, webauthn:extension:largeBlob: true, webauthn:extension:minPinLength: true, webauthn:extension:prf: true, webauthn:virtualAuthenticators: true}
Session ID: 2d878eeb16294432cfaadd75059ef6bf]]>
    </system-out>
  </testcase> <!-- verifyTextBoxFormSubmission -->
  <testcase classname="com.test.demoqa.TextBoxTestDataFromDB" name="verifyTextBoxFormSubmission" time="2.805">
    <system-out>
      <![CDATA[<div style="background-color:#ffeeba; border:2px solid #856404; border-radius:10px; padding:10px 15px; text-align:left; margin:10px 0; display:inline-block; color:#856404; box-shadow: 0px 4px 6px rgba(0, 0, 0, 0.2);"><p style='font-size:18px; margin:0;'><b>Skipped: 🔐 Admin Connection URL: jdbc:sqlserver://localhost:1433;database=QADEMO;integratedSecurity=true;encrypt=false;trustServerCertificate=true;loginTimeout=30;</b></p></div>
<div style="background-color:#ffeeba; border:2px solid #856404; border-radius:10px; padding:10px 15px; text-align:left; margin:10px 0; display:inline-block; color:#856404; box-shadow: 0px 4px 6px rgba(0, 0, 0, 0.2);"><p style='font-size:18px; margin:0;'><b>Skipped: 🔐 Company Connection URL: jdbc:sqlserver://localhost:1433;database=QADEMO;integratedSecurity=true;encrypt=false;trustServerCertificate=true;loginTimeout=30;</b></p></div>
<div style='border: 1px solid #e0e0e0;padding: 8px 12px;margin: 8px 0;border-radius: 6px;background: linear-gradient(to right, #f8f9fa, #ffffff);box-shadow: 0 2px 4px rgba(0,0,0,0.05);display: inline-block;font-family: Arial, sans-serif;'><span style='font-weight: bold;color: #333;'>🌍 Browser Info:</span> <span style='color: #2c7be5;font-weight: 500;'><img src='data:image/svg+xml;base64,PHN2ZyB4bWxucz0iaHR0cDovL3d3dy53My5vcmcvMjAwMC9zdmciIHZpZXdCb3g9IjAgMCA0NDggNTEyIj48cGF0aCBmaWxsPSIjRkZDMTAyIiBkPSJNMjI0IDI1NmMwIDEyLjktNyAyNC40LTE3LjcgMjkuNkwxODcgMzA5LjljLTUuNCAzLTEyLjMgMy4xLTE3LjcuMS0xMC40LTUuOS0xNi43LTE2LjktMTYuNy0yOC42VjE5OGMwLTEyLjkgNy0yNC40IDE3LjctMjkuNkwxODcgMTQyLjFjNS40LTMgMTIuMy0zLjEgMTcuNy0uMSAxMC40IDUuOSAxNi43IDE2LjkgMTYuNyAyOC42djU4LjJ6Ii8+PHBhdGggZmlsbD0iIzRBNDlGNSIgZD0iTTIyNCAyNTZjMCAxMi45LTcgMjQuNC0xNy43IDI5LjZMMTg3IDMwOS45Yy01LjQgMy0xMi4zIDMuMS0xNy43LjEtMTAuNC01LjktMTYuNy0xNi45LTE2LjctMjguNlYxOThjMC0xMi45IDctMjQuNCAxNy43LTI5LjZMMTg3IDE0Mi4xYzUuNC0zIDEyLjMtMy4xIDE3LjctLjEgMTAuNCA1LjkgMTYuNyAxNi45IDE2LjcgMjguNnY1OC4yeiIvPjxwYXRoIGZpbGw9IiNGRkMxMDIiIGQ9Ik0yMjQgMjU2YzAgMTIuOS03IDI0LjQtMTcuNyAyOS42TDE4NyAzMDkuOWMtNS40IDMtMTIuMyAzLjEtMTcuNy4xLTEwLjQtNS45LTE2LjctMTYuOS0xNi43LTI4LjZWMTk4YzAtMTIuOSA3LTI0LjQgMTcuNy0yOS42TDE4NyAxNDIuMWM1LjQtMyAxMi4zLTMuMSAxNy43LS4xIDEwLjQgNS45IDE2LjcgMTYuOSAxNi43IDI4LjZ2NTguMnoiLz48cGF0aCBmaWxsPSIjRkZDMTAyIiBkPSJNMjI0IDI1NmMwIDEyLjktNyAyNC40LTE3LjcgMjkuNkwxODcgMzA5LjljLTUuNCAzLTEyLjMgMy4xLTE3LjcuMS0xMC40LTUuOS0xNi43LTE2LjktMTYuNy0yOC42VjE5OGMwLTEyLjkgNy0yNC40IDE3LjctMjkuNkwxODcgMTQyLjFjNS40LTMgMTIuMy0zLjEgMTcuNy0uMSAxMC40IDUuOSAxNi43IDE2LjkgMTYuNyAyOC42djU4LjJ6Ii8+PC9zdmc+' height='20' width='20' style='vertical-align: middle;' /> <span style='color: #4285F4;'>Google Chrome</span></span></div>
<div style="border: 1px solid #ddd; padding: 8px; margin: 5px 0; border-radius: 4px; background-color: #f7f7f7; display: inline-block;"><strong>💻 #System Info</strong> :: <strong>PC Name</strong> ⇒ <span style="color: #001dff;">ANKUSH1111</span> &nbsp;&nbsp;|&nbsp;&nbsp; <strong>User</strong> ⇒ <span style="color: #006400;">HP</span></div>
<div style='border: 1px solid #ddd; padding: 8px; margin: 5px 0; border-radius: 4px; background-color: #f7f7f7; display: inline-block;'><strong>#TXTBX ▭</strong> :: <strong>Full Name</strong> Value entered ⇒ <span style='color: #009;'>Swati Mishra</span></div>
<div style='border: 1px solid #ddd; padding: 8px; margin: 5px 0; border-radius: 4px; background-color: #f7f7f7; display: inline-block;'><strong>#TXTBX ▭</strong> :: <strong>Email</strong> Value entered ⇒ <span style='color: #009;'>swati.mishra@test.com</span></div>
<div style='border: 1px solid #ddd; padding: 8px; margin: 5px 0; border-radius: 4px; background-color: #f7f7f7; display: inline-block;'><strong>#TXTBX ▭</strong> :: <strong>Current Address</strong> Value entered ⇒ <span style='color: #009;'>Varanasi, Uttar Pradesh</span></div>
<div style='border: 1px solid #ddd; padding: 8px; margin: 5px 0; border-radius: 4px; background-color: #f7f7f7; display: inline-block;'><strong>#TXTBX ▭</strong> :: <strong>Permanent Address</strong> Value entered ⇒ <span style='color: #009;'>Allahabad, Uttar Pradesh</span></div>
<div style='border: 1px solid #ddd; padding: 8px; margin: 5px 0; border-radius: 4px; background-color: #f7f7f7; display: inline-block;'><strong>#BTN 📤</strong> :: <strong>Clicked On</strong> ⇒ <span style='color: #001dff;'>Submit Button</span></div>
✅ Updated AutomationTestingStatus for FormId 101028 to '[Automation Tester] TextBox Form Submitted Successfully at 01/06/2025 09:18:23 PM'
📋 Navigating to Home Page...
📋 Attempting to close modal popup (if present)...
⏳ Waiting for Home link to be clickable...
✅ Home link found: https://demoqa.com/
📋 Clicking on Home link...
⏳ Waiting for loader to disappear...
⏳ Verifying home page load...
❌ Navigation to Home Page failed: Expected condition failed: waiting for url to contain "home". Current url: "https://demoqa.com/" (tried for 10 second(s) with 500 milliseconds interval)
Build info: version: '4.12.1', revision: '8e34639b11'
System info: os.name: 'Windows 11', os.arch: 'amd64', os.version: '10.0', java.version: '18.0.1.1'
Driver info: org.openqa.selenium.chrome.ChromeDriver
Capabilities {acceptInsecureCerts: false, browserName: chrome, browserVersion: 136.0.7103.114, chrome: {chromedriverVersion: 136.0.7103.113 (76fa3c17824..., userDataDir: C:\Users\HP\AppData\Local\T...}, fedcm:accounts: true, goog:chromeOptions: {debuggerAddress: localhost:63963}, networkConnectionEnabled: false, pageLoadStrategy: normal, platformName: windows, proxy: Proxy(), se:cdp: ws://localhost:63963/devtoo..., se:cdpVersion: 136.0.7103.114, setWindowRect: true, strictFileInteractability: false, timeouts: {implicit: 0, pageLoad: 300000, script: 30000}, unhandledPromptBehavior: dismiss and notify, webauthn:extension:credBlob: true, webauthn:extension:largeBlob: true, webauthn:extension:minPinLength: true, webauthn:extension:prf: true, webauthn:virtualAuthenticators: true}
Session ID: 2d878eeb16294432cfaadd75059ef6bf]]>
    </system-out>
  </testcase> <!-- verifyTextBoxFormSubmission -->
  <testcase classname="com.test.demoqa.TextBoxTestDataFromDB" name="verifyTextBoxFormSubmission" time="3.464">
    <system-out>
      <![CDATA[<div style="background-color:#ffeeba; border:2px solid #856404; border-radius:10px; padding:10px 15px; text-align:left; margin:10px 0; display:inline-block; color:#856404; box-shadow: 0px 4px 6px rgba(0, 0, 0, 0.2);"><p style='font-size:18px; margin:0;'><b>Skipped: 🔐 Admin Connection URL: jdbc:sqlserver://localhost:1433;database=QADEMO;integratedSecurity=true;encrypt=false;trustServerCertificate=true;loginTimeout=30;</b></p></div>
<div style="background-color:#ffeeba; border:2px solid #856404; border-radius:10px; padding:10px 15px; text-align:left; margin:10px 0; display:inline-block; color:#856404; box-shadow: 0px 4px 6px rgba(0, 0, 0, 0.2);"><p style='font-size:18px; margin:0;'><b>Skipped: 🔐 Company Connection URL: jdbc:sqlserver://localhost:1433;database=QADEMO;integratedSecurity=true;encrypt=false;trustServerCertificate=true;loginTimeout=30;</b></p></div>
<div style='border: 1px solid #e0e0e0;padding: 8px 12px;margin: 8px 0;border-radius: 6px;background: linear-gradient(to right, #f8f9fa, #ffffff);box-shadow: 0 2px 4px rgba(0,0,0,0.05);display: inline-block;font-family: Arial, sans-serif;'><span style='font-weight: bold;color: #333;'>🌍 Browser Info:</span> <span style='color: #2c7be5;font-weight: 500;'><img src='data:image/svg+xml;base64,PHN2ZyB4bWxucz0iaHR0cDovL3d3dy53My5vcmcvMjAwMC9zdmciIHZpZXdCb3g9IjAgMCA0NDggNTEyIj48cGF0aCBmaWxsPSIjRkZDMTAyIiBkPSJNMjI0IDI1NmMwIDEyLjktNyAyNC40LTE3LjcgMjkuNkwxODcgMzA5LjljLTUuNCAzLTEyLjMgMy4xLTE3LjcuMS0xMC40LTUuOS0xNi43LTE2LjktMTYuNy0yOC42VjE5OGMwLTEyLjkgNy0yNC40IDE3LjctMjkuNkwxODcgMTQyLjFjNS40LTMgMTIuMy0zLjEgMTcuNy0uMSAxMC40IDUuOSAxNi43IDE2LjkgMTYuNyAyOC42djU4LjJ6Ii8+PHBhdGggZmlsbD0iIzRBNDlGNSIgZD0iTTIyNCAyNTZjMCAxMi45LTcgMjQuNC0xNy43IDI5LjZMMTg3IDMwOS45Yy01LjQgMy0xMi4zIDMuMS0xNy43LjEtMTAuNC01LjktMTYuNy0xNi45LTE2LjctMjguNlYxOThjMC0xMi45IDctMjQuNCAxNy43LTI5LjZMMTg3IDE0Mi4xYzUuNC0zIDEyLjMtMy4xIDE3LjctLjEgMTAuNCA1LjkgMTYuNyAxNi45IDE2LjcgMjguNnY1OC4yeiIvPjxwYXRoIGZpbGw9IiNGRkMxMDIiIGQ9Ik0yMjQgMjU2YzAgMTIuOS03IDI0LjQtMTcuNyAyOS42TDE4NyAzMDkuOWMtNS40IDMtMTIuMyAzLjEtMTcuNy4xLTEwLjQtNS45LTE2LjctMTYuOS0xNi43LTI4LjZWMTk4YzAtMTIuOSA3LTI0LjQgMTcuNy0yOS42TDE4NyAxNDIuMWM1LjQtMyAxMi4zLTMuMSAxNy43LS4xIDEwLjQgNS45IDE2LjcgMTYuOSAxNi43IDI4LjZ2NTguMnoiLz48cGF0aCBmaWxsPSIjRkZDMTAyIiBkPSJNMjI0IDI1NmMwIDEyLjktNyAyNC40LTE3LjcgMjkuNkwxODcgMzA5LjljLTUuNCAzLTEyLjMgMy4xLTE3LjcuMS0xMC40LTUuOS0xNi43LTE2LjktMTYuNy0yOC42VjE5OGMwLTEyLjkgNy0yNC40IDE3LjctMjkuNkwxODcgMTQyLjFjNS40LTMgMTIuMy0zLjEgMTcuNy0uMSAxMC40IDUuOSAxNi43IDE2LjkgMTYuNyAyOC42djU4LjJ6Ii8+PC9zdmc+' height='20' width='20' style='vertical-align: middle;' /> <span style='color: #4285F4;'>Google Chrome</span></span></div>
<div style="border: 1px solid #ddd; padding: 8px; margin: 5px 0; border-radius: 4px; background-color: #f7f7f7; display: inline-block;"><strong>💻 #System Info</strong> :: <strong>PC Name</strong> ⇒ <span style="color: #001dff;">ANKUSH1111</span> &nbsp;&nbsp;|&nbsp;&nbsp; <strong>User</strong> ⇒ <span style="color: #006400;">HP</span></div>
<div style='border: 1px solid #ddd; padding: 8px; margin: 5px 0; border-radius: 4px; background-color: #f7f7f7; display: inline-block;'><strong>#TXTBX ▭</strong> :: <strong>Full Name</strong> Value entered ⇒ <span style='color: #009;'>Rohan Joshi</span></div>
<div style='border: 1px solid #ddd; padding: 8px; margin: 5px 0; border-radius: 4px; background-color: #f7f7f7; display: inline-block;'><strong>#TXTBX ▭</strong> :: <strong>Email</strong> Value entered ⇒ <span style='color: #009;'>rohan.joshi@test.com</span></div>
<div style='border: 1px solid #ddd; padding: 8px; margin: 5px 0; border-radius: 4px; background-color: #f7f7f7; display: inline-block;'><strong>#TXTBX ▭</strong> :: <strong>Current Address</strong> Value entered ⇒ <span style='color: #009;'>Nagpur, Maharashtra</span></div>
<div style='border: 1px solid #ddd; padding: 8px; margin: 5px 0; border-radius: 4px; background-color: #f7f7f7; display: inline-block;'><strong>#TXTBX ▭</strong> :: <strong>Permanent Address</strong> Value entered ⇒ <span style='color: #009;'>Akola, Maharashtra</span></div>
<div style='border: 1px solid #ddd; padding: 8px; margin: 5px 0; border-radius: 4px; background-color: #f7f7f7; display: inline-block;'><strong>#BTN 📤</strong> :: <strong>Clicked On</strong> ⇒ <span style='color: #001dff;'>Submit Button</span></div>
✅ Updated AutomationTestingStatus for FormId 101023 to '[Automation Tester] TextBox Form Submitted Successfully at 01/06/2025 09:17:03 PM'
📋 Navigating to Home Page...
📋 Attempting to close modal popup (if present)...
⏳ Waiting for Home link to be clickable...
✅ Home link found: https://demoqa.com/
📋 Clicking on Home link...
⏳ Waiting for loader to disappear...
⏳ Verifying home page load...
❌ Navigation to Home Page failed: Expected condition failed: waiting for url to contain "home". Current url: "https://demoqa.com/" (tried for 10 second(s) with 500 milliseconds interval)
Build info: version: '4.12.1', revision: '8e34639b11'
System info: os.name: 'Windows 11', os.arch: 'amd64', os.version: '10.0', java.version: '18.0.1.1'
Driver info: org.openqa.selenium.chrome.ChromeDriver
Capabilities {acceptInsecureCerts: false, browserName: chrome, browserVersion: 136.0.7103.114, chrome: {chromedriverVersion: 136.0.7103.113 (76fa3c17824..., userDataDir: C:\Users\HP\AppData\Local\T...}, fedcm:accounts: true, goog:chromeOptions: {debuggerAddress: localhost:63963}, networkConnectionEnabled: false, pageLoadStrategy: normal, platformName: windows, proxy: Proxy(), se:cdp: ws://localhost:63963/devtoo..., se:cdpVersion: 136.0.7103.114, setWindowRect: true, strictFileInteractability: false, timeouts: {implicit: 0, pageLoad: 300000, script: 30000}, unhandledPromptBehavior: dismiss and notify, webauthn:extension:credBlob: true, webauthn:extension:largeBlob: true, webauthn:extension:minPinLength: true, webauthn:extension:prf: true, webauthn:virtualAuthenticators: true}
Session ID: 2d878eeb16294432cfaadd75059ef6bf]]>
    </system-out>
  </testcase> <!-- verifyTextBoxFormSubmission -->
  <testcase classname="com.test.demoqa.TextBoxTestDataFromDB" name="verifyTextBoxFormSubmission" time="4.091">
    <system-out>
      <![CDATA[<div style="background-color:#ffeeba; border:2px solid #856404; border-radius:10px; padding:10px 15px; text-align:left; margin:10px 0; display:inline-block; color:#856404; box-shadow: 0px 4px 6px rgba(0, 0, 0, 0.2);"><p style='font-size:18px; margin:0;'><b>Skipped: 🔐 Admin Connection URL: jdbc:sqlserver://localhost:1433;database=QADEMO;integratedSecurity=true;encrypt=false;trustServerCertificate=true;loginTimeout=30;</b></p></div>
<div style="background-color:#ffeeba; border:2px solid #856404; border-radius:10px; padding:10px 15px; text-align:left; margin:10px 0; display:inline-block; color:#856404; box-shadow: 0px 4px 6px rgba(0, 0, 0, 0.2);"><p style='font-size:18px; margin:0;'><b>Skipped: 🔐 Company Connection URL: jdbc:sqlserver://localhost:1433;database=QADEMO;integratedSecurity=true;encrypt=false;trustServerCertificate=true;loginTimeout=30;</b></p></div>
<div style='border: 1px solid #e0e0e0;padding: 8px 12px;margin: 8px 0;border-radius: 6px;background: linear-gradient(to right, #f8f9fa, #ffffff);box-shadow: 0 2px 4px rgba(0,0,0,0.05);display: inline-block;font-family: Arial, sans-serif;'><span style='font-weight: bold;color: #333;'>🌍 Browser Info:</span> <span style='color: #2c7be5;font-weight: 500;'><img src='data:image/svg+xml;base64,PHN2ZyB4bWxucz0iaHR0cDovL3d3dy53My5vcmcvMjAwMC9zdmciIHZpZXdCb3g9IjAgMCA0NDggNTEyIj48cGF0aCBmaWxsPSIjRkZDMTAyIiBkPSJNMjI0IDI1NmMwIDEyLjktNyAyNC40LTE3LjcgMjkuNkwxODcgMzA5LjljLTUuNCAzLTEyLjMgMy4xLTE3LjcuMS0xMC40LTUuOS0xNi43LTE2LjktMTYuNy0yOC42VjE5OGMwLTEyLjkgNy0yNC40IDE3LjctMjkuNkwxODcgMTQyLjFjNS40LTMgMTIuMy0zLjEgMTcuNy0uMSAxMC40IDUuOSAxNi43IDE2LjkgMTYuNyAyOC42djU4LjJ6Ii8+PHBhdGggZmlsbD0iIzRBNDlGNSIgZD0iTTIyNCAyNTZjMCAxMi45LTcgMjQuNC0xNy43IDI5LjZMMTg3IDMwOS45Yy01LjQgMy0xMi4zIDMuMS0xNy43LjEtMTAuNC01LjktMTYuNy0xNi45LTE2LjctMjguNlYxOThjMC0xMi45IDctMjQuNCAxNy43LTI5LjZMMTg3IDE0Mi4xYzUuNC0zIDEyLjMtMy4xIDE3LjctLjEgMTAuNCA1LjkgMTYuNyAxNi45IDE2LjcgMjguNnY1OC4yeiIvPjxwYXRoIGZpbGw9IiNGRkMxMDIiIGQ9Ik0yMjQgMjU2YzAgMTIuOS03IDI0LjQtMTcuNyAyOS42TDE4NyAzMDkuOWMtNS40IDMtMTIuMyAzLjEtMTcuNy4xLTEwLjQtNS45LTE2LjctMTYuOS0xNi43LTI4LjZWMTk4YzAtMTIuOSA3LTI0LjQgMTcuNy0yOS42TDE4NyAxNDIuMWM1LjQtMyAxMi4zLTMuMSAxNy43LS4xIDEwLjQgNS45IDE2LjcgMTYuOSAxNi43IDI4LjZ2NTguMnoiLz48cGF0aCBmaWxsPSIjRkZDMTAyIiBkPSJNMjI0IDI1NmMwIDEyLjktNyAyNC40LTE3LjcgMjkuNkwxODcgMzA5LjljLTUuNCAzLTEyLjMgMy4xLTE3LjcuMS0xMC40LTUuOS0xNi43LTE2LjktMTYuNy0yOC42VjE5OGMwLTEyLjkgNy0yNC40IDE3LjctMjkuNkwxODcgMTQyLjFjNS40LTMgMTIuMy0zLjEgMTcuNy0uMSAxMC40IDUuOSAxNi43IDE2LjkgMTYuNyAyOC42djU4LjJ6Ii8+PC9zdmc+' height='20' width='20' style='vertical-align: middle;' /> <span style='color: #4285F4;'>Google Chrome</span></span></div>
<div style="border: 1px solid #ddd; padding: 8px; margin: 5px 0; border-radius: 4px; background-color: #f7f7f7; display: inline-block;"><strong>💻 #System Info</strong> :: <strong>PC Name</strong> ⇒ <span style="color: #001dff;">ANKUSH1111</span> &nbsp;&nbsp;|&nbsp;&nbsp; <strong>User</strong> ⇒ <span style="color: #006400;">HP</span></div>
<div style='border: 1px solid #ddd; padding: 8px; margin: 5px 0; border-radius: 4px; background-color: #f7f7f7; display: inline-block;'><strong>#TXTBX ▭</strong> :: <strong>Full Name</strong> Value entered ⇒ <span style='color: #009;'>Amit Deshmukh</span></div>
<div style='border: 1px solid #ddd; padding: 8px; margin: 5px 0; border-radius: 4px; background-color: #f7f7f7; display: inline-block;'><strong>#TXTBX ▭</strong> :: <strong>Email</strong> Value entered ⇒ <span style='color: #009;'>amit.deshmukh@test.com</span></div>
<div style='border: 1px solid #ddd; padding: 8px; margin: 5px 0; border-radius: 4px; background-color: #f7f7f7; display: inline-block;'><strong>#TXTBX ▭</strong> :: <strong>Current Address</strong> Value entered ⇒ <span style='color: #009;'>Mumbai, Maharashtra</span></div>
<div style='border: 1px solid #ddd; padding: 8px; margin: 5px 0; border-radius: 4px; background-color: #f7f7f7; display: inline-block;'><strong>#TXTBX ▭</strong> :: <strong>Permanent Address</strong> Value entered ⇒ <span style='color: #009;'>Pune, Maharashtra</span></div>
<div style='border: 1px solid #ddd; padding: 8px; margin: 5px 0; border-radius: 4px; background-color: #f7f7f7; display: inline-block;'><strong>#BTN 📤</strong> :: <strong>Clicked On</strong> ⇒ <span style='color: #001dff;'>Submit Button</span></div>
✅ Updated AutomationTestingStatus for FormId 101017 to '[Automation Tester] TextBox Form Submitted Successfully at 01/06/2025 09:15:30 PM'
📋 Navigating to Home Page...
📋 Attempting to close modal popup (if present)...
⏳ Waiting for Home link to be clickable...
✅ Home link found: https://demoqa.com/
📋 Clicking on Home link...
⏳ Waiting for loader to disappear...
⏳ Verifying home page load...
❌ Navigation to Home Page failed: Expected condition failed: waiting for url to contain "home". Current url: "https://demoqa.com/" (tried for 10 second(s) with 500 milliseconds interval)
Build info: version: '4.12.1', revision: '8e34639b11'
System info: os.name: 'Windows 11', os.arch: 'amd64', os.version: '10.0', java.version: '18.0.1.1'
Driver info: org.openqa.selenium.chrome.ChromeDriver
Capabilities {acceptInsecureCerts: false, browserName: chrome, browserVersion: 136.0.7103.114, chrome: {chromedriverVersion: 136.0.7103.113 (76fa3c17824..., userDataDir: C:\Users\HP\AppData\Local\T...}, fedcm:accounts: true, goog:chromeOptions: {debuggerAddress: localhost:63963}, networkConnectionEnabled: false, pageLoadStrategy: normal, platformName: windows, proxy: Proxy(), se:cdp: ws://localhost:63963/devtoo..., se:cdpVersion: 136.0.7103.114, setWindowRect: true, strictFileInteractability: false, timeouts: {implicit: 0, pageLoad: 300000, script: 30000}, unhandledPromptBehavior: dismiss and notify, webauthn:extension:credBlob: true, webauthn:extension:largeBlob: true, webauthn:extension:minPinLength: true, webauthn:extension:prf: true, webauthn:virtualAuthenticators: true}
Session ID: 2d878eeb16294432cfaadd75059ef6bf]]>
    </system-out>
  </testcase> <!-- verifyTextBoxFormSubmission -->
  <testcase classname="com.test.demoqa.TextBoxTestDataFromDB" name="verifyTextBoxFormSubmission" time="3.123">
    <system-out>
      <![CDATA[<div style="background-color:#ffeeba; border:2px solid #856404; border-radius:10px; padding:10px 15px; text-align:left; margin:10px 0; display:inline-block; color:#856404; box-shadow: 0px 4px 6px rgba(0, 0, 0, 0.2);"><p style='font-size:18px; margin:0;'><b>Skipped: 🔐 Admin Connection URL: jdbc:sqlserver://localhost:1433;database=QADEMO;integratedSecurity=true;encrypt=false;trustServerCertificate=true;loginTimeout=30;</b></p></div>
<div style="background-color:#ffeeba; border:2px solid #856404; border-radius:10px; padding:10px 15px; text-align:left; margin:10px 0; display:inline-block; color:#856404; box-shadow: 0px 4px 6px rgba(0, 0, 0, 0.2);"><p style='font-size:18px; margin:0;'><b>Skipped: 🔐 Company Connection URL: jdbc:sqlserver://localhost:1433;database=QADEMO;integratedSecurity=true;encrypt=false;trustServerCertificate=true;loginTimeout=30;</b></p></div>
<div style='border: 1px solid #e0e0e0;padding: 8px 12px;margin: 8px 0;border-radius: 6px;background: linear-gradient(to right, #f8f9fa, #ffffff);box-shadow: 0 2px 4px rgba(0,0,0,0.05);display: inline-block;font-family: Arial, sans-serif;'><span style='font-weight: bold;color: #333;'>🌍 Browser Info:</span> <span style='color: #2c7be5;font-weight: 500;'><img src='data:image/svg+xml;base64,PHN2ZyB4bWxucz0iaHR0cDovL3d3dy53My5vcmcvMjAwMC9zdmciIHZpZXdCb3g9IjAgMCA0NDggNTEyIj48cGF0aCBmaWxsPSIjRkZDMTAyIiBkPSJNMjI0IDI1NmMwIDEyLjktNyAyNC40LTE3LjcgMjkuNkwxODcgMzA5LjljLTUuNCAzLTEyLjMgMy4xLTE3LjcuMS0xMC40LTUuOS0xNi43LTE2LjktMTYuNy0yOC42VjE5OGMwLTEyLjkgNy0yNC40IDE3LjctMjkuNkwxODcgMTQyLjFjNS40LTMgMTIuMy0zLjEgMTcuNy0uMSAxMC40IDUuOSAxNi43IDE2LjkgMTYuNyAyOC42djU4LjJ6Ii8+PHBhdGggZmlsbD0iIzRBNDlGNSIgZD0iTTIyNCAyNTZjMCAxMi45LTcgMjQuNC0xNy43IDI5LjZMMTg3IDMwOS45Yy01LjQgMy0xMi4zIDMuMS0xNy43LjEtMTAuNC01LjktMTYuNy0xNi45LTE2LjctMjguNlYxOThjMC0xMi45IDctMjQuNCAxNy43LTI5LjZMMTg3IDE0Mi4xYzUuNC0zIDEyLjMtMy4xIDE3LjctLjEgMTAuNCA1LjkgMTYuNyAxNi45IDE2LjcgMjguNnY1OC4yeiIvPjxwYXRoIGZpbGw9IiNGRkMxMDIiIGQ9Ik0yMjQgMjU2YzAgMTIuOS03IDI0LjQtMTcuNyAyOS42TDE4NyAzMDkuOWMtNS40IDMtMTIuMyAzLjEtMTcuNy4xLTEwLjQtNS45LTE2LjctMTYuOS0xNi43LTI4LjZWMTk4YzAtMTIuOSA3LTI0LjQgMTcuNy0yOS42TDE4NyAxNDIuMWM1LjQtMyAxMi4zLTMuMSAxNy43LS4xIDEwLjQgNS45IDE2LjcgMTYuOSAxNi43IDI4LjZ2NTguMnoiLz48cGF0aCBmaWxsPSIjRkZDMTAyIiBkPSJNMjI0IDI1NmMwIDEyLjktNyAyNC40LTE3LjcgMjkuNkwxODcgMzA5LjljLTUuNCAzLTEyLjMgMy4xLTE3LjcuMS0xMC40LTUuOS0xNi43LTE2LjktMTYuNy0yOC42VjE5OGMwLTEyLjkgNy0yNC40IDE3LjctMjkuNkwxODcgMTQyLjFjNS40LTMgMTIuMy0zLjEgMTcuNy0uMSAxMC40IDUuOSAxNi43IDE2LjkgMTYuNyAyOC42djU4LjJ6Ii8+PC9zdmc+' height='20' width='20' style='vertical-align: middle;' /> <span style='color: #4285F4;'>Google Chrome</span></span></div>
<div style="border: 1px solid #ddd; padding: 8px; margin: 5px 0; border-radius: 4px; background-color: #f7f7f7; display: inline-block;"><strong>💻 #System Info</strong> :: <strong>PC Name</strong> ⇒ <span style="color: #001dff;">ANKUSH1111</span> &nbsp;&nbsp;|&nbsp;&nbsp; <strong>User</strong> ⇒ <span style="color: #006400;">HP</span></div>
<div style='border: 1px solid #ddd; padding: 8px; margin: 5px 0; border-radius: 4px; background-color: #f7f7f7; display: inline-block;'><strong>#TXTBX ▭</strong> :: <strong>Full Name</strong> Value entered ⇒ <span style='color: #009;'>Ayesha Khan</span></div>
<div style='border: 1px solid #ddd; padding: 8px; margin: 5px 0; border-radius: 4px; background-color: #f7f7f7; display: inline-block;'><strong>#TXTBX ▭</strong> :: <strong>Email</strong> Value entered ⇒ <span style='color: #009;'>ayesha.khan@test.com</span></div>
<div style='border: 1px solid #ddd; padding: 8px; margin: 5px 0; border-radius: 4px; background-color: #f7f7f7; display: inline-block;'><strong>#TXTBX ▭</strong> :: <strong>Current Address</strong> Value entered ⇒ <span style='color: #009;'>Bhopal, Madhya Pradesh</span></div>
<div style='border: 1px solid #ddd; padding: 8px; margin: 5px 0; border-radius: 4px; background-color: #f7f7f7; display: inline-block;'><strong>#TXTBX ▭</strong> :: <strong>Permanent Address</strong> Value entered ⇒ <span style='color: #009;'>Gwalior, Madhya Pradesh</span></div>
<div style='border: 1px solid #ddd; padding: 8px; margin: 5px 0; border-radius: 4px; background-color: #f7f7f7; display: inline-block;'><strong>#BTN 📤</strong> :: <strong>Clicked On</strong> ⇒ <span style='color: #001dff;'>Submit Button</span></div>
✅ Updated AutomationTestingStatus for FormId 101022 to '[Automation Tester] TextBox Form Submitted Successfully at 01/06/2025 09:16:48 PM'
📋 Navigating to Home Page...
📋 Attempting to close modal popup (if present)...
⏳ Waiting for Home link to be clickable...
✅ Home link found: https://demoqa.com/
📋 Clicking on Home link...
⏳ Waiting for loader to disappear...
⏳ Verifying home page load...
❌ Navigation to Home Page failed: Expected condition failed: waiting for url to contain "home". Current url: "https://demoqa.com/" (tried for 10 second(s) with 500 milliseconds interval)
Build info: version: '4.12.1', revision: '8e34639b11'
System info: os.name: 'Windows 11', os.arch: 'amd64', os.version: '10.0', java.version: '18.0.1.1'
Driver info: org.openqa.selenium.chrome.ChromeDriver
Capabilities {acceptInsecureCerts: false, browserName: chrome, browserVersion: 136.0.7103.114, chrome: {chromedriverVersion: 136.0.7103.113 (76fa3c17824..., userDataDir: C:\Users\HP\AppData\Local\T...}, fedcm:accounts: true, goog:chromeOptions: {debuggerAddress: localhost:63963}, networkConnectionEnabled: false, pageLoadStrategy: normal, platformName: windows, proxy: Proxy(), se:cdp: ws://localhost:63963/devtoo..., se:cdpVersion: 136.0.7103.114, setWindowRect: true, strictFileInteractability: false, timeouts: {implicit: 0, pageLoad: 300000, script: 30000}, unhandledPromptBehavior: dismiss and notify, webauthn:extension:credBlob: true, webauthn:extension:largeBlob: true, webauthn:extension:minPinLength: true, webauthn:extension:prf: true, webauthn:virtualAuthenticators: true}
Session ID: 2d878eeb16294432cfaadd75059ef6bf]]>
    </system-out>
  </testcase> <!-- verifyTextBoxFormSubmission -->
  <testcase classname="com.test.demoqa.TextBoxTestDataFromDB" name="verifyTextBoxFormSubmission" time="5.945">
    <system-out>
      <![CDATA[<div style="background-color:#ffeeba; border:2px solid #856404; border-radius:10px; padding:10px 15px; text-align:left; margin:10px 0; display:inline-block; color:#856404; box-shadow: 0px 4px 6px rgba(0, 0, 0, 0.2);"><p style='font-size:18px; margin:0;'><b>Skipped: 🔐 Admin Connection URL: jdbc:sqlserver://localhost:1433;database=QADEMO;integratedSecurity=true;encrypt=false;trustServerCertificate=true;loginTimeout=30;</b></p></div>
<div style="background-color:#ffeeba; border:2px solid #856404; border-radius:10px; padding:10px 15px; text-align:left; margin:10px 0; display:inline-block; color:#856404; box-shadow: 0px 4px 6px rgba(0, 0, 0, 0.2);"><p style='font-size:18px; margin:0;'><b>Skipped: 🔐 Company Connection URL: jdbc:sqlserver://localhost:1433;database=QADEMO;integratedSecurity=true;encrypt=false;trustServerCertificate=true;loginTimeout=30;</b></p></div>
<div style='border: 1px solid #e0e0e0;padding: 8px 12px;margin: 8px 0;border-radius: 6px;background: linear-gradient(to right, #f8f9fa, #ffffff);box-shadow: 0 2px 4px rgba(0,0,0,0.05);display: inline-block;font-family: Arial, sans-serif;'><span style='font-weight: bold;color: #333;'>🌍 Browser Info:</span> <span style='color: #2c7be5;font-weight: 500;'><img src='data:image/svg+xml;base64,PHN2ZyB4bWxucz0iaHR0cDovL3d3dy53My5vcmcvMjAwMC9zdmciIHZpZXdCb3g9IjAgMCA0NDggNTEyIj48cGF0aCBmaWxsPSIjRkZDMTAyIiBkPSJNMjI0IDI1NmMwIDEyLjktNyAyNC40LTE3LjcgMjkuNkwxODcgMzA5LjljLTUuNCAzLTEyLjMgMy4xLTE3LjcuMS0xMC40LTUuOS0xNi43LTE2LjktMTYuNy0yOC42VjE5OGMwLTEyLjkgNy0yNC40IDE3LjctMjkuNkwxODcgMTQyLjFjNS40LTMgMTIuMy0zLjEgMTcuNy0uMSAxMC40IDUuOSAxNi43IDE2LjkgMTYuNyAyOC42djU4LjJ6Ii8+PHBhdGggZmlsbD0iIzRBNDlGNSIgZD0iTTIyNCAyNTZjMCAxMi45LTcgMjQuNC0xNy43IDI5LjZMMTg3IDMwOS45Yy01LjQgMy0xMi4zIDMuMS0xNy43LjEtMTAuNC01LjktMTYuNy0xNi45LTE2LjctMjguNlYxOThjMC0xMi45IDctMjQuNCAxNy43LTI5LjZMMTg3IDE0Mi4xYzUuNC0zIDEyLjMtMy4xIDE3LjctLjEgMTAuNCA1LjkgMTYuNyAxNi45IDE2LjcgMjguNnY1OC4yeiIvPjxwYXRoIGZpbGw9IiNGRkMxMDIiIGQ9Ik0yMjQgMjU2YzAgMTIuOS03IDI0LjQtMTcuNyAyOS42TDE4NyAzMDkuOWMtNS40IDMtMTIuMyAzLjEtMTcuNy4xLTEwLjQtNS45LTE2LjctMTYuOS0xNi43LTI4LjZWMTk4YzAtMTIuOSA3LTI0LjQgMTcuNy0yOS42TDE4NyAxNDIuMWM1LjQtMyAxMi4zLTMuMSAxNy43LS4xIDEwLjQgNS45IDE2LjcgMTYuOSAxNi43IDI4LjZ2NTguMnoiLz48cGF0aCBmaWxsPSIjRkZDMTAyIiBkPSJNMjI0IDI1NmMwIDEyLjktNyAyNC40LTE3LjcgMjkuNkwxODcgMzA5LjljLTUuNCAzLTEyLjMgMy4xLTE3LjcuMS0xMC40LTUuOS0xNi43LTE2LjktMTYuNy0yOC42VjE5OGMwLTEyLjkgNy0yNC40IDE3LjctMjkuNkwxODcgMTQyLjFjNS40LTMgMTIuMy0zLjEgMTcuNy0uMSAxMC40IDUuOSAxNi43IDE2LjkgMTYuNyAyOC42djU4LjJ6Ii8+PC9zdmc+' height='20' width='20' style='vertical-align: middle;' /> <span style='color: #4285F4;'>Google Chrome</span></span></div>
<div style="border: 1px solid #ddd; padding: 8px; margin: 5px 0; border-radius: 4px; background-color: #f7f7f7; display: inline-block;"><strong>💻 #System Info</strong> :: <strong>PC Name</strong> ⇒ <span style="color: #001dff;">ANKUSH1111</span> &nbsp;&nbsp;|&nbsp;&nbsp; <strong>User</strong> ⇒ <span style="color: #006400;">HP</span></div>
<div style='border: 1px solid #ddd; padding: 8px; margin: 5px 0; border-radius: 4px; background-color: #f7f7f7; display: inline-block;'><strong>#TXTBX ▭</strong> :: <strong>Full Name</strong> Value entered ⇒ <span style='color: #009;'>Sneha Patil</span></div>
<div style='border: 1px solid #ddd; padding: 8px; margin: 5px 0; border-radius: 4px; background-color: #f7f7f7; display: inline-block;'><strong>#TXTBX ▭</strong> :: <strong>Email</strong> Value entered ⇒ <span style='color: #009;'>sneha.patil@test.com</span></div>
<div style='border: 1px solid #ddd; padding: 8px; margin: 5px 0; border-radius: 4px; background-color: #f7f7f7; display: inline-block;'><strong>#TXTBX ▭</strong> :: <strong>Current Address</strong> Value entered ⇒ <span style='color: #009;'>Nashik, Maharashtra</span></div>
<div style='border: 1px solid #ddd; padding: 8px; margin: 5px 0; border-radius: 4px; background-color: #f7f7f7; display: inline-block;'><strong>#TXTBX ▭</strong> :: <strong>Permanent Address</strong> Value entered ⇒ <span style='color: #009;'>Kolhapur, Maharashtra</span></div>
<div style='border: 1px solid #ddd; padding: 8px; margin: 5px 0; border-radius: 4px; background-color: #f7f7f7; display: inline-block;'><strong>#BTN 📤</strong> :: <strong>Clicked On</strong> ⇒ <span style='color: #001dff;'>Submit Button</span></div>
✅ Updated AutomationTestingStatus for FormId 101014 to '[Automation Tester] TextBox Form Submitted Successfully at 01/06/2025 09:13:38 PM'
📋 Navigating to Home Page...
📋 Attempting to close modal popup (if present)...
⏳ Waiting for Home link to be clickable...
✅ Home link found: https://demoqa.com/
📋 Clicking on Home link...
⏳ Waiting for loader to disappear...
⏳ Verifying home page load...
❌ Navigation to Home Page failed: Expected condition failed: waiting for url to contain "home". Current url: "https://demoqa.com/" (tried for 10 second(s) with 500 milliseconds interval)
Build info: version: '4.12.1', revision: '8e34639b11'
System info: os.name: 'Windows 11', os.arch: 'amd64', os.version: '10.0', java.version: '18.0.1.1'
Driver info: org.openqa.selenium.chrome.ChromeDriver
Capabilities {acceptInsecureCerts: false, browserName: chrome, browserVersion: 136.0.7103.114, chrome: {chromedriverVersion: 136.0.7103.113 (76fa3c17824..., userDataDir: C:\Users\HP\AppData\Local\T...}, fedcm:accounts: true, goog:chromeOptions: {debuggerAddress: localhost:63963}, networkConnectionEnabled: false, pageLoadStrategy: normal, platformName: windows, proxy: Proxy(), se:cdp: ws://localhost:63963/devtoo..., se:cdpVersion: 136.0.7103.114, setWindowRect: true, strictFileInteractability: false, timeouts: {implicit: 0, pageLoad: 300000, script: 30000}, unhandledPromptBehavior: dismiss and notify, webauthn:extension:credBlob: true, webauthn:extension:largeBlob: true, webauthn:extension:minPinLength: true, webauthn:extension:prf: true, webauthn:virtualAuthenticators: true}
Session ID: 2d878eeb16294432cfaadd75059ef6bf]]>
    </system-out>
  </testcase> <!-- verifyTextBoxFormSubmission -->
  <testcase classname="com.test.demoqa.TextBoxTestDataFromDB" name="verifyTextBoxFormSubmission" time="39.326">
    <system-out>
      <![CDATA[<div style="background-color:#ffeeba; border:2px solid #856404; border-radius:10px; padding:10px 15px; text-align:left; margin:10px 0; display:inline-block; color:#856404; box-shadow: 0px 4px 6px rgba(0, 0, 0, 0.2);"><p style='font-size:18px; margin:0;'><b>Skipped: 🔐 Admin Connection URL: jdbc:sqlserver://localhost:1433;database=QADEMO;integratedSecurity=true;encrypt=false;trustServerCertificate=true;loginTimeout=30;</b></p></div>
<div style="background-color:#ffeeba; border:2px solid #856404; border-radius:10px; padding:10px 15px; text-align:left; margin:10px 0; display:inline-block; color:#856404; box-shadow: 0px 4px 6px rgba(0, 0, 0, 0.2);"><p style='font-size:18px; margin:0;'><b>Skipped: 🔐 Company Connection URL: jdbc:sqlserver://localhost:1433;database=QADEMO;integratedSecurity=true;encrypt=false;trustServerCertificate=true;loginTimeout=30;</b></p></div>
<div style='border: 1px solid #e0e0e0;padding: 8px 12px;margin: 8px 0;border-radius: 6px;background: linear-gradient(to right, #f8f9fa, #ffffff);box-shadow: 0 2px 4px rgba(0,0,0,0.05);display: inline-block;font-family: Arial, sans-serif;'><span style='font-weight: bold;color: #333;'>🌍 Browser Info:</span> <span style='color: #2c7be5;font-weight: 500;'><img src='data:image/svg+xml;base64,PHN2ZyB4bWxucz0iaHR0cDovL3d3dy53My5vcmcvMjAwMC9zdmciIHZpZXdCb3g9IjAgMCA0NDggNTEyIj48cGF0aCBmaWxsPSIjRkZDMTAyIiBkPSJNMjI0IDI1NmMwIDEyLjktNyAyNC40LTE3LjcgMjkuNkwxODcgMzA5LjljLTUuNCAzLTEyLjMgMy4xLTE3LjcuMS0xMC40LTUuOS0xNi43LTE2LjktMTYuNy0yOC42VjE5OGMwLTEyLjkgNy0yNC40IDE3LjctMjkuNkwxODcgMTQyLjFjNS40LTMgMTIuMy0zLjEgMTcuNy0uMSAxMC40IDUuOSAxNi43IDE2LjkgMTYuNyAyOC42djU4LjJ6Ii8+PHBhdGggZmlsbD0iIzRBNDlGNSIgZD0iTTIyNCAyNTZjMCAxMi45LTcgMjQuNC0xNy43IDI5LjZMMTg3IDMwOS45Yy01LjQgMy0xMi4zIDMuMS0xNy43LjEtMTAuNC01LjktMTYuNy0xNi45LTE2LjctMjguNlYxOThjMC0xMi45IDctMjQuNCAxNy43LTI5LjZMMTg3IDE0Mi4xYzUuNC0zIDEyLjMtMy4xIDE3LjctLjEgMTAuNCA1LjkgMTYuNyAxNi45IDE2LjcgMjguNnY1OC4yeiIvPjxwYXRoIGZpbGw9IiNGRkMxMDIiIGQ9Ik0yMjQgMjU2YzAgMTIuOS03IDI0LjQtMTcuNyAyOS42TDE4NyAzMDkuOWMtNS40IDMtMTIuMyAzLjEtMTcuNy4xLTEwLjQtNS45LTE2LjctMTYuOS0xNi43LTI4LjZWMTk4YzAtMTIuOSA3LTI0LjQgMTcuNy0yOS42TDE4NyAxNDIuMWM1LjQtMyAxMi4zLTMuMSAxNy43LS4xIDEwLjQgNS45IDE2LjcgMTYuOSAxNi43IDI4LjZ2NTguMnoiLz48cGF0aCBmaWxsPSIjRkZDMTAyIiBkPSJNMjI0IDI1NmMwIDEyLjktNyAyNC40LTE3LjcgMjkuNkwxODcgMzA5LjljLTUuNCAzLTEyLjMgMy4xLTE3LjcuMS0xMC40LTUuOS0xNi43LTE2LjktMTYuNy0yOC42VjE5OGMwLTEyLjkgNy0yNC40IDE3LjctMjkuNkwxODcgMTQyLjFjNS40LTMgMTIuMy0zLjEgMTcuNy0uMSAxMC40IDUuOSAxNi43IDE2LjkgMTYuNyAyOC42djU4LjJ6Ii8+PC9zdmc+' height='20' width='20' style='vertical-align: middle;' /> <span style='color: #4285F4;'>Google Chrome</span></span></div>
<div style="border: 1px solid #ddd; padding: 8px; margin: 5px 0; border-radius: 4px; background-color: #f7f7f7; display: inline-block;"><strong>💻 #System Info</strong> :: <strong>PC Name</strong> ⇒ <span style="color: #001dff;">ANKUSH1111</span> &nbsp;&nbsp;|&nbsp;&nbsp; <strong>User</strong> ⇒ <span style="color: #006400;">HP</span></div>
<div style='border: 1px solid #ddd; padding: 8px; margin: 5px 0; border-radius: 4px; background-color: #f7f7f7; display: inline-block;'><strong>#TXTBX ▭</strong> :: <strong>Full Name</strong> Value entered ⇒ <span style='color: #009;'>Ankush Agle</span></div>
<div style='border: 1px solid #ddd; padding: 8px; margin: 5px 0; border-radius: 4px; background-color: #f7f7f7; display: inline-block;'><strong>#TXTBX ▭</strong> :: <strong>Email</strong> Value entered ⇒ <span style='color: #009;'>ankush.agle@test.com</span></div>
<div style='border: 1px solid #ddd; padding: 8px; margin: 5px 0; border-radius: 4px; background-color: #f7f7f7; display: inline-block;'><strong>#TXTBX ▭</strong> :: <strong>Current Address</strong> Value entered ⇒ <span style='color: #009;'>Paithan, Maharashtra</span></div>
<div style='border: 1px solid #ddd; padding: 8px; margin: 5px 0; border-radius: 4px; background-color: #f7f7f7; display: inline-block;'><strong>#TXTBX ▭</strong> :: <strong>Permanent Address</strong> Value entered ⇒ <span style='color: #009;'>Aurangabad, Maharashtra</span></div>
<div style='border: 1px solid #ddd; padding: 8px; margin: 5px 0; border-radius: 4px; background-color: #f7f7f7; display: inline-block;'><strong>#BTN 📤</strong> :: <strong>Clicked On</strong> ⇒ <span style='color: #001dff;'>Submit Button</span></div>
✅ Updated AutomationTestingStatus for FormId 101011 to '[Automation Tester] TextBox Form Submitted Successfully at 01/06/2025 09:10:46 PM'
📋 Navigating to Home Page...
📋 Attempting to close modal popup (if present)...
⏳ Waiting for Home link to be clickable...
✅ Home link found: https://demoqa.com/
📋 Clicking on Home link...
⏳ Waiting for loader to disappear...
⏳ Verifying home page load...
❌ Navigation to Home Page failed: Expected condition failed: waiting for url to contain "home". Current url: "https://demoqa.com/" (tried for 10 second(s) with 500 milliseconds interval)
Build info: version: '4.12.1', revision: '8e34639b11'
System info: os.name: 'Windows 11', os.arch: 'amd64', os.version: '10.0', java.version: '18.0.1.1'
Driver info: org.openqa.selenium.chrome.ChromeDriver
Capabilities {acceptInsecureCerts: false, browserName: chrome, browserVersion: 136.0.7103.114, chrome: {chromedriverVersion: 136.0.7103.113 (76fa3c17824..., userDataDir: C:\Users\HP\AppData\Local\T...}, fedcm:accounts: true, goog:chromeOptions: {debuggerAddress: localhost:63963}, networkConnectionEnabled: false, pageLoadStrategy: normal, platformName: windows, proxy: Proxy(), se:cdp: ws://localhost:63963/devtoo..., se:cdpVersion: 136.0.7103.114, setWindowRect: true, strictFileInteractability: false, timeouts: {implicit: 0, pageLoad: 300000, script: 30000}, unhandledPromptBehavior: dismiss and notify, webauthn:extension:credBlob: true, webauthn:extension:largeBlob: true, webauthn:extension:minPinLength: true, webauthn:extension:prf: true, webauthn:virtualAuthenticators: true}
Session ID: 2d878eeb16294432cfaadd75059ef6bf]]>
    </system-out>
  </testcase> <!-- verifyTextBoxFormSubmission -->
  <testcase classname="com.test.demoqa.TextBoxTestDataFromDB" name="verifyTextBoxFormSubmission" time="4.516">
    <system-out>
      <![CDATA[<div style="background-color:#ffeeba; border:2px solid #856404; border-radius:10px; padding:10px 15px; text-align:left; margin:10px 0; display:inline-block; color:#856404; box-shadow: 0px 4px 6px rgba(0, 0, 0, 0.2);"><p style='font-size:18px; margin:0;'><b>Skipped: 🔐 Admin Connection URL: jdbc:sqlserver://localhost:1433;database=QADEMO;integratedSecurity=true;encrypt=false;trustServerCertificate=true;loginTimeout=30;</b></p></div>
<div style="background-color:#ffeeba; border:2px solid #856404; border-radius:10px; padding:10px 15px; text-align:left; margin:10px 0; display:inline-block; color:#856404; box-shadow: 0px 4px 6px rgba(0, 0, 0, 0.2);"><p style='font-size:18px; margin:0;'><b>Skipped: 🔐 Company Connection URL: jdbc:sqlserver://localhost:1433;database=QADEMO;integratedSecurity=true;encrypt=false;trustServerCertificate=true;loginTimeout=30;</b></p></div>
<div style='border: 1px solid #e0e0e0;padding: 8px 12px;margin: 8px 0;border-radius: 6px;background: linear-gradient(to right, #f8f9fa, #ffffff);box-shadow: 0 2px 4px rgba(0,0,0,0.05);display: inline-block;font-family: Arial, sans-serif;'><span style='font-weight: bold;color: #333;'>🌍 Browser Info:</span> <span style='color: #2c7be5;font-weight: 500;'><img src='data:image/svg+xml;base64,PHN2ZyB4bWxucz0iaHR0cDovL3d3dy53My5vcmcvMjAwMC9zdmciIHZpZXdCb3g9IjAgMCA0NDggNTEyIj48cGF0aCBmaWxsPSIjRkZDMTAyIiBkPSJNMjI0IDI1NmMwIDEyLjktNyAyNC40LTE3LjcgMjkuNkwxODcgMzA5LjljLTUuNCAzLTEyLjMgMy4xLTE3LjcuMS0xMC40LTUuOS0xNi43LTE2LjktMTYuNy0yOC42VjE5OGMwLTEyLjkgNy0yNC40IDE3LjctMjkuNkwxODcgMTQyLjFjNS40LTMgMTIuMy0zLjEgMTcuNy0uMSAxMC40IDUuOSAxNi43IDE2LjkgMTYuNyAyOC42djU4LjJ6Ii8+PHBhdGggZmlsbD0iIzRBNDlGNSIgZD0iTTIyNCAyNTZjMCAxMi45LTcgMjQuNC0xNy43IDI5LjZMMTg3IDMwOS45Yy01LjQgMy0xMi4zIDMuMS0xNy43LjEtMTAuNC01LjktMTYuNy0xNi45LTE2LjctMjguNlYxOThjMC0xMi45IDctMjQuNCAxNy43LTI5LjZMMTg3IDE0Mi4xYzUuNC0zIDEyLjMtMy4xIDE3LjctLjEgMTAuNCA1LjkgMTYuNyAxNi45IDE2LjcgMjguNnY1OC4yeiIvPjxwYXRoIGZpbGw9IiNGRkMxMDIiIGQ9Ik0yMjQgMjU2YzAgMTIuOS03IDI0LjQtMTcuNyAyOS42TDE4NyAzMDkuOWMtNS40IDMtMTIuMyAzLjEtMTcuNy4xLTEwLjQtNS45LTE2LjctMTYuOS0xNi43LTI4LjZWMTk4YzAtMTIuOSA3LTI0LjQgMTcuNy0yOS42TDE4NyAxNDIuMWM1LjQtMyAxMi4zLTMuMSAxNy43LS4xIDEwLjQgNS45IDE2LjcgMTYuOSAxNi43IDI4LjZ2NTguMnoiLz48cGF0aCBmaWxsPSIjRkZDMTAyIiBkPSJNMjI0IDI1NmMwIDEyLjktNyAyNC40LTE3LjcgMjkuNkwxODcgMzA5LjljLTUuNCAzLTEyLjMgMy4xLTE3LjcuMS0xMC40LTUuOS0xNi43LTE2LjktMTYuNy0yOC42VjE5OGMwLTEyLjkgNy0yNC40IDE3LjctMjkuNkwxODcgMTQyLjFjNS40LTMgMTIuMy0zLjEgMTcuNy0uMSAxMC40IDUuOSAxNi43IDE2LjkgMTYuNyAyOC42djU4LjJ6Ii8+PC9zdmc+' height='20' width='20' style='vertical-align: middle;' /> <span style='color: #4285F4;'>Google Chrome</span></span></div>
<div style="border: 1px solid #ddd; padding: 8px; margin: 5px 0; border-radius: 4px; background-color: #f7f7f7; display: inline-block;"><strong>💻 #System Info</strong> :: <strong>PC Name</strong> ⇒ <span style="color: #001dff;">ANKUSH1111</span> &nbsp;&nbsp;|&nbsp;&nbsp; <strong>User</strong> ⇒ <span style="color: #006400;">HP</span></div>
<div style='border: 1px solid #ddd; padding: 8px; margin: 5px 0; border-radius: 4px; background-color: #f7f7f7; display: inline-block;'><strong>#TXTBX ▭</strong> :: <strong>Full Name</strong> Value entered ⇒ <span style='color: #009;'>Deepak Singh</span></div>
<div style='border: 1px solid #ddd; padding: 8px; margin: 5px 0; border-radius: 4px; background-color: #f7f7f7; display: inline-block;'><strong>#TXTBX ▭</strong> :: <strong>Email</strong> Value entered ⇒ <span style='color: #009;'>deepak.singh@test.com</span></div>
<div style='border: 1px solid #ddd; padding: 8px; margin: 5px 0; border-radius: 4px; background-color: #f7f7f7; display: inline-block;'><strong>#TXTBX ▭</strong> :: <strong>Current Address</strong> Value entered ⇒ <span style='color: #009;'>Patna, Bihar</span></div>
<div style='border: 1px solid #ddd; padding: 8px; margin: 5px 0; border-radius: 4px; background-color: #f7f7f7; display: inline-block;'><strong>#TXTBX ▭</strong> :: <strong>Permanent Address</strong> Value entered ⇒ <span style='color: #009;'>Gaya, Bihar</span></div>
<div style='border: 1px solid #ddd; padding: 8px; margin: 5px 0; border-radius: 4px; background-color: #f7f7f7; display: inline-block;'><strong>#BTN 📤</strong> :: <strong>Clicked On</strong> ⇒ <span style='color: #001dff;'>Submit Button</span></div>
✅ Updated AutomationTestingStatus for FormId 101025 to '[Automation Tester] TextBox Form Submitted Successfully at 01/06/2025 09:17:36 PM'
📋 Navigating to Home Page...
📋 Attempting to close modal popup (if present)...
⏳ Waiting for Home link to be clickable...
✅ Home link found: https://demoqa.com/
📋 Clicking on Home link...
⏳ Waiting for loader to disappear...
⏳ Verifying home page load...
❌ Navigation to Home Page failed: Expected condition failed: waiting for url to contain "home". Current url: "https://demoqa.com/" (tried for 10 second(s) with 500 milliseconds interval)
Build info: version: '4.12.1', revision: '8e34639b11'
System info: os.name: 'Windows 11', os.arch: 'amd64', os.version: '10.0', java.version: '18.0.1.1'
Driver info: org.openqa.selenium.chrome.ChromeDriver
Capabilities {acceptInsecureCerts: false, browserName: chrome, browserVersion: 136.0.7103.114, chrome: {chromedriverVersion: 136.0.7103.113 (76fa3c17824..., userDataDir: C:\Users\HP\AppData\Local\T...}, fedcm:accounts: true, goog:chromeOptions: {debuggerAddress: localhost:63963}, networkConnectionEnabled: false, pageLoadStrategy: normal, platformName: windows, proxy: Proxy(), se:cdp: ws://localhost:63963/devtoo..., se:cdpVersion: 136.0.7103.114, setWindowRect: true, strictFileInteractability: false, timeouts: {implicit: 0, pageLoad: 300000, script: 30000}, unhandledPromptBehavior: dismiss and notify, webauthn:extension:credBlob: true, webauthn:extension:largeBlob: true, webauthn:extension:minPinLength: true, webauthn:extension:prf: true, webauthn:virtualAuthenticators: true}
Session ID: 2d878eeb16294432cfaadd75059ef6bf]]>
    </system-out>
  </testcase> <!-- verifyTextBoxFormSubmission -->
  <testcase classname="com.test.demoqa.TextBoxTestDataFromDB" name="verifyTextBoxFormSubmission" time="2.358">
    <system-out>
      <![CDATA[<div style="background-color:#ffeeba; border:2px solid #856404; border-radius:10px; padding:10px 15px; text-align:left; margin:10px 0; display:inline-block; color:#856404; box-shadow: 0px 4px 6px rgba(0, 0, 0, 0.2);"><p style='font-size:18px; margin:0;'><b>Skipped: 🔐 Admin Connection URL: jdbc:sqlserver://localhost:1433;database=QADEMO;integratedSecurity=true;encrypt=false;trustServerCertificate=true;loginTimeout=30;</b></p></div>
<div style="background-color:#ffeeba; border:2px solid #856404; border-radius:10px; padding:10px 15px; text-align:left; margin:10px 0; display:inline-block; color:#856404; box-shadow: 0px 4px 6px rgba(0, 0, 0, 0.2);"><p style='font-size:18px; margin:0;'><b>Skipped: 🔐 Company Connection URL: jdbc:sqlserver://localhost:1433;database=QADEMO;integratedSecurity=true;encrypt=false;trustServerCertificate=true;loginTimeout=30;</b></p></div>
<div style='border: 1px solid #e0e0e0;padding: 8px 12px;margin: 8px 0;border-radius: 6px;background: linear-gradient(to right, #f8f9fa, #ffffff);box-shadow: 0 2px 4px rgba(0,0,0,0.05);display: inline-block;font-family: Arial, sans-serif;'><span style='font-weight: bold;color: #333;'>🌍 Browser Info:</span> <span style='color: #2c7be5;font-weight: 500;'><img src='data:image/svg+xml;base64,PHN2ZyB4bWxucz0iaHR0cDovL3d3dy53My5vcmcvMjAwMC9zdmciIHZpZXdCb3g9IjAgMCA0NDggNTEyIj48cGF0aCBmaWxsPSIjRkZDMTAyIiBkPSJNMjI0IDI1NmMwIDEyLjktNyAyNC40LTE3LjcgMjkuNkwxODcgMzA5LjljLTUuNCAzLTEyLjMgMy4xLTE3LjcuMS0xMC40LTUuOS0xNi43LTE2LjktMTYuNy0yOC42VjE5OGMwLTEyLjkgNy0yNC40IDE3LjctMjkuNkwxODcgMTQyLjFjNS40LTMgMTIuMy0zLjEgMTcuNy0uMSAxMC40IDUuOSAxNi43IDE2LjkgMTYuNyAyOC42djU4LjJ6Ii8+PHBhdGggZmlsbD0iIzRBNDlGNSIgZD0iTTIyNCAyNTZjMCAxMi45LTcgMjQuNC0xNy43IDI5LjZMMTg3IDMwOS45Yy01LjQgMy0xMi4zIDMuMS0xNy43LjEtMTAuNC01LjktMTYuNy0xNi45LTE2LjctMjguNlYxOThjMC0xMi45IDctMjQuNCAxNy43LTI5LjZMMTg3IDE0Mi4xYzUuNC0zIDEyLjMtMy4xIDE3LjctLjEgMTAuNCA1LjkgMTYuNyAxNi45IDE2LjcgMjguNnY1OC4yeiIvPjxwYXRoIGZpbGw9IiNGRkMxMDIiIGQ9Ik0yMjQgMjU2YzAgMTIuOS03IDI0LjQtMTcuNyAyOS42TDE4NyAzMDkuOWMtNS40IDMtMTIuMyAzLjEtMTcuNy4xLTEwLjQtNS45LTE2LjctMTYuOS0xNi43LTI4LjZWMTk4YzAtMTIuOSA3LTI0LjQgMTcuNy0yOS42TDE4NyAxNDIuMWM1LjQtMyAxMi4zLTMuMSAxNy43LS4xIDEwLjQgNS45IDE2LjcgMTYuOSAxNi43IDI4LjZ2NTguMnoiLz48cGF0aCBmaWxsPSIjRkZDMTAyIiBkPSJNMjI0IDI1NmMwIDEyLjktNyAyNC40LTE3LjcgMjkuNkwxODcgMzA5LjljLTUuNCAzLTEyLjMgMy4xLTE3LjcuMS0xMC40LTUuOS0xNi43LTE2LjktMTYuNy0yOC42VjE5OGMwLTEyLjkgNy0yNC40IDE3LjctMjkuNkwxODcgMTQyLjFjNS40LTMgMTIuMy0zLjEgMTcuNy0uMSAxMC40IDUuOSAxNi43IDE2LjkgMTYuNyAyOC42djU4LjJ6Ii8+PC9zdmc+' height='20' width='20' style='vertical-align: middle;' /> <span style='color: #4285F4;'>Google Chrome</span></span></div>
<div style="border: 1px solid #ddd; padding: 8px; margin: 5px 0; border-radius: 4px; background-color: #f7f7f7; display: inline-block;"><strong>💻 #System Info</strong> :: <strong>PC Name</strong> ⇒ <span style="color: #001dff;">ANKUSH1111</span> &nbsp;&nbsp;|&nbsp;&nbsp; <strong>User</strong> ⇒ <span style="color: #006400;">HP</span></div>
<div style='border: 1px solid #ddd; padding: 8px; margin: 5px 0; border-radius: 4px; background-color: #f7f7f7; display: inline-block;'><strong>#TXTBX ▭</strong> :: <strong>Full Name</strong> Value entered ⇒ <span style='color: #009;'>Rajesh Kumar</span></div>
<div style='border: 1px solid #ddd; padding: 8px; margin: 5px 0; border-radius: 4px; background-color: #f7f7f7; display: inline-block;'><strong>#TXTBX ▭</strong> :: <strong>Email</strong> Value entered ⇒ <span style='color: #009;'>rajesh.kumar@test.com</span></div>
<div style='border: 1px solid #ddd; padding: 8px; margin: 5px 0; border-radius: 4px; background-color: #f7f7f7; display: inline-block;'><strong>#TXTBX ▭</strong> :: <strong>Current Address</strong> Value entered ⇒ <span style='color: #009;'>Ranchi, Jharkhand</span></div>
<div style='border: 1px solid #ddd; padding: 8px; margin: 5px 0; border-radius: 4px; background-color: #f7f7f7; display: inline-block;'><strong>#TXTBX ▭</strong> :: <strong>Permanent Address</strong> Value entered ⇒ <span style='color: #009;'>Jamshedpur, Jharkhand</span></div>
<div style='border: 1px solid #ddd; padding: 8px; margin: 5px 0; border-radius: 4px; background-color: #f7f7f7; display: inline-block;'><strong>#BTN 📤</strong> :: <strong>Clicked On</strong> ⇒ <span style='color: #001dff;'>Submit Button</span></div>
✅ Updated AutomationTestingStatus for FormId 101027 to '[Automation Tester] TextBox Form Submitted Successfully at 01/06/2025 09:18:07 PM'
📋 Navigating to Home Page...
📋 Attempting to close modal popup (if present)...
⏳ Waiting for Home link to be clickable...
✅ Home link found: https://demoqa.com/
📋 Clicking on Home link...
⏳ Waiting for loader to disappear...
⏳ Verifying home page load...
❌ Navigation to Home Page failed: Expected condition failed: waiting for url to contain "home". Current url: "https://demoqa.com/" (tried for 10 second(s) with 500 milliseconds interval)
Build info: version: '4.12.1', revision: '8e34639b11'
System info: os.name: 'Windows 11', os.arch: 'amd64', os.version: '10.0', java.version: '18.0.1.1'
Driver info: org.openqa.selenium.chrome.ChromeDriver
Capabilities {acceptInsecureCerts: false, browserName: chrome, browserVersion: 136.0.7103.114, chrome: {chromedriverVersion: 136.0.7103.113 (76fa3c17824..., userDataDir: C:\Users\HP\AppData\Local\T...}, fedcm:accounts: true, goog:chromeOptions: {debuggerAddress: localhost:63963}, networkConnectionEnabled: false, pageLoadStrategy: normal, platformName: windows, proxy: Proxy(), se:cdp: ws://localhost:63963/devtoo..., se:cdpVersion: 136.0.7103.114, setWindowRect: true, strictFileInteractability: false, timeouts: {implicit: 0, pageLoad: 300000, script: 30000}, unhandledPromptBehavior: dismiss and notify, webauthn:extension:credBlob: true, webauthn:extension:largeBlob: true, webauthn:extension:minPinLength: true, webauthn:extension:prf: true, webauthn:virtualAuthenticators: true}
Session ID: 2d878eeb16294432cfaadd75059ef6bf]]>
    </system-out>
  </testcase> <!-- verifyTextBoxFormSubmission -->
  <testcase classname="com.test.demoqa.TextBoxTestDataFromDB" name="verifyTextBoxFormSubmission" time="2.330">
    <system-out>
      <![CDATA[<div style="background-color:#ffeeba; border:2px solid #856404; border-radius:10px; padding:10px 15px; text-align:left; margin:10px 0; display:inline-block; color:#856404; box-shadow: 0px 4px 6px rgba(0, 0, 0, 0.2);"><p style='font-size:18px; margin:0;'><b>Skipped: 🔐 Admin Connection URL: jdbc:sqlserver://localhost:1433;database=QADEMO;integratedSecurity=true;encrypt=false;trustServerCertificate=true;loginTimeout=30;</b></p></div>
<div style="background-color:#ffeeba; border:2px solid #856404; border-radius:10px; padding:10px 15px; text-align:left; margin:10px 0; display:inline-block; color:#856404; box-shadow: 0px 4px 6px rgba(0, 0, 0, 0.2);"><p style='font-size:18px; margin:0;'><b>Skipped: 🔐 Company Connection URL: jdbc:sqlserver://localhost:1433;database=QADEMO;integratedSecurity=true;encrypt=false;trustServerCertificate=true;loginTimeout=30;</b></p></div>
<div style='border: 1px solid #e0e0e0;padding: 8px 12px;margin: 8px 0;border-radius: 6px;background: linear-gradient(to right, #f8f9fa, #ffffff);box-shadow: 0 2px 4px rgba(0,0,0,0.05);display: inline-block;font-family: Arial, sans-serif;'><span style='font-weight: bold;color: #333;'>🌍 Browser Info:</span> <span style='color: #2c7be5;font-weight: 500;'><img src='data:image/svg+xml;base64,PHN2ZyB4bWxucz0iaHR0cDovL3d3dy53My5vcmcvMjAwMC9zdmciIHZpZXdCb3g9IjAgMCA0NDggNTEyIj48cGF0aCBmaWxsPSIjRkZDMTAyIiBkPSJNMjI0IDI1NmMwIDEyLjktNyAyNC40LTE3LjcgMjkuNkwxODcgMzA5LjljLTUuNCAzLTEyLjMgMy4xLTE3LjcuMS0xMC40LTUuOS0xNi43LTE2LjktMTYuNy0yOC42VjE5OGMwLTEyLjkgNy0yNC40IDE3LjctMjkuNkwxODcgMTQyLjFjNS40LTMgMTIuMy0zLjEgMTcuNy0uMSAxMC40IDUuOSAxNi43IDE2LjkgMTYuNyAyOC42djU4LjJ6Ii8+PHBhdGggZmlsbD0iIzRBNDlGNSIgZD0iTTIyNCAyNTZjMCAxMi45LTcgMjQuNC0xNy43IDI5LjZMMTg3IDMwOS45Yy01LjQgMy0xMi4zIDMuMS0xNy43LjEtMTAuNC01LjktMTYuNy0xNi45LTE2LjctMjguNlYxOThjMC0xMi45IDctMjQuNCAxNy43LTI5LjZMMTg3IDE0Mi4xYzUuNC0zIDEyLjMtMy4xIDE3LjctLjEgMTAuNCA1LjkgMTYuNyAxNi45IDE2LjcgMjguNnY1OC4yeiIvPjxwYXRoIGZpbGw9IiNGRkMxMDIiIGQ9Ik0yMjQgMjU2YzAgMTIuOS03IDI0LjQtMTcuNyAyOS42TDE4NyAzMDkuOWMtNS40IDMtMTIuMyAzLjEtMTcuNy4xLTEwLjQtNS45LTE2LjctMTYuOS0xNi43LTI4LjZWMTk4YzAtMTIuOSA3LTI0LjQgMTcuNy0yOS42TDE4NyAxNDIuMWM1LjQtMyAxMi4zLTMuMSAxNy43LS4xIDEwLjQgNS45IDE2LjcgMTYuOSAxNi43IDI4LjZ2NTguMnoiLz48cGF0aCBmaWxsPSIjRkZDMTAyIiBkPSJNMjI0IDI1NmMwIDEyLjktNyAyNC40LTE3LjcgMjkuNkwxODcgMzA5LjljLTUuNCAzLTEyLjMgMy4xLTE3LjcuMS0xMC40LTUuOS0xNi43LTE2LjktMTYuNy0yOC42VjE5OGMwLTEyLjkgNy0yNC40IDE3LjctMjkuNkwxODcgMTQyLjFjNS40LTMgMTIuMy0zLjEgMTcuNy0uMSAxMC40IDUuOSAxNi43IDE2LjkgMTYuNyAyOC42djU4LjJ6Ii8+PC9zdmc+' height='20' width='20' style='vertical-align: middle;' /> <span style='color: #4285F4;'>Google Chrome</span></span></div>
<div style="border: 1px solid #ddd; padding: 8px; margin: 5px 0; border-radius: 4px; background-color: #f7f7f7; display: inline-block;"><strong>💻 #System Info</strong> :: <strong>PC Name</strong> ⇒ <span style="color: #001dff;">ANKUSH1111</span> &nbsp;&nbsp;|&nbsp;&nbsp; <strong>User</strong> ⇒ <span style="color: #006400;">HP</span></div>
<div style='border: 1px solid #ddd; padding: 8px; margin: 5px 0; border-radius: 4px; background-color: #f7f7f7; display: inline-block;'><strong>#TXTBX ▭</strong> :: <strong>Full Name</strong> Value entered ⇒ <span style='color: #009;'>Tanya Desai</span></div>
<div style='border: 1px solid #ddd; padding: 8px; margin: 5px 0; border-radius: 4px; background-color: #f7f7f7; display: inline-block;'><strong>#TXTBX ▭</strong> :: <strong>Email</strong> Value entered ⇒ <span style='color: #009;'>tanya.desai@test.com</span></div>
<div style='border: 1px solid #ddd; padding: 8px; margin: 5px 0; border-radius: 4px; background-color: #f7f7f7; display: inline-block;'><strong>#TXTBX ▭</strong> :: <strong>Current Address</strong> Value entered ⇒ <span style='color: #009;'>Ahmedabad, Gujarat</span></div>
<div style='border: 1px solid #ddd; padding: 8px; margin: 5px 0; border-radius: 4px; background-color: #f7f7f7; display: inline-block;'><strong>#TXTBX ▭</strong> :: <strong>Permanent Address</strong> Value entered ⇒ <span style='color: #009;'>Vadodara, Gujarat</span></div>
<div style='border: 1px solid #ddd; padding: 8px; margin: 5px 0; border-radius: 4px; background-color: #f7f7f7; display: inline-block;'><strong>#BTN 📤</strong> :: <strong>Clicked On</strong> ⇒ <span style='color: #001dff;'>Submit Button</span></div>
✅ Updated AutomationTestingStatus for FormId 101030 to '[Automation Tester] TextBox Form Submitted Successfully at 01/06/2025 09:18:51 PM'
📋 Navigating to Home Page...
📋 Attempting to close modal popup (if present)...
⏳ Waiting for Home link to be clickable...
✅ Home link found: https://demoqa.com/
📋 Clicking on Home link...
⏳ Waiting for loader to disappear...
⏳ Verifying home page load...
❌ Navigation to Home Page failed: Expected condition failed: waiting for url to contain "home". Current url: "https://demoqa.com/" (tried for 10 second(s) with 500 milliseconds interval)
Build info: version: '4.12.1', revision: '8e34639b11'
System info: os.name: 'Windows 11', os.arch: 'amd64', os.version: '10.0', java.version: '18.0.1.1'
Driver info: org.openqa.selenium.chrome.ChromeDriver
Capabilities {acceptInsecureCerts: false, browserName: chrome, browserVersion: 136.0.7103.114, chrome: {chromedriverVersion: 136.0.7103.113 (76fa3c17824..., userDataDir: C:\Users\HP\AppData\Local\T...}, fedcm:accounts: true, goog:chromeOptions: {debuggerAddress: localhost:63963}, networkConnectionEnabled: false, pageLoadStrategy: normal, platformName: windows, proxy: Proxy(), se:cdp: ws://localhost:63963/devtoo..., se:cdpVersion: 136.0.7103.114, setWindowRect: true, strictFileInteractability: false, timeouts: {implicit: 0, pageLoad: 300000, script: 30000}, unhandledPromptBehavior: dismiss and notify, webauthn:extension:credBlob: true, webauthn:extension:largeBlob: true, webauthn:extension:minPinLength: true, webauthn:extension:prf: true, webauthn:virtualAuthenticators: true}
Session ID: 2d878eeb16294432cfaadd75059ef6bf]]>
    </system-out>
  </testcase> <!-- verifyTextBoxFormSubmission -->
  <system-out>
    <![CDATA[Suite Start: Suite at 01/06/2025 09:08:37 PM
<h3 style="color:#132043;"><b> Iteration Number &#10781; :1</b></h4>
<div style='border: 1px solid #e0e0e0;padding: 8px 12px;margin: 8px 0;border-radius: 6px;background: linear-gradient(to right, #f8f9fa, #ffffff);box-shadow: 0 2px 4px rgba(0,0,0,0.05);display: inline-block;font-family: Arial, sans-serif;'><span style='font-weight: bold;color: #333;'>🌍 Browser Info:</span> <span style='color: #2c7be5;font-weight: 500;'><img src='data:image/svg+xml;base64,PHN2ZyB4bWxucz0iaHR0cDovL3d3dy53My5vcmcvMjAwMC9zdmciIHZpZXdCb3g9IjAgMCA0NDggNTEyIj48cGF0aCBmaWxsPSIjRkZDMTAyIiBkPSJNMjI0IDI1NmMwIDEyLjktNyAyNC40LTE3LjcgMjkuNkwxODcgMzA5LjljLTUuNCAzLTEyLjMgMy4xLTE3LjcuMS0xMC40LTUuOS0xNi43LTE2LjktMTYuNy0yOC42VjE5OGMwLTEyLjkgNy0yNC40IDE3LjctMjkuNkwxODcgMTQyLjFjNS40LTMgMTIuMy0zLjEgMTcuNy0uMSAxMC40IDUuOSAxNi43IDE2LjkgMTYuNyAyOC42djU4LjJ6Ii8+PHBhdGggZmlsbD0iIzRBNDlGNSIgZD0iTTIyNCAyNTZjMCAxMi45LTcgMjQuNC0xNy43IDI5LjZMMTg3IDMwOS45Yy01LjQgMy0xMi4zIDMuMS0xNy43LjEtMTAuNC01LjktMTYuNy0xNi45LTE2LjctMjguNlYxOThjMC0xMi45IDctMjQuNCAxNy43LTI5LjZMMTg3IDE0Mi4xYzUuNC0zIDEyLjMtMy4xIDE3LjctLjEgMTAuNCA1LjkgMTYuNyAxNi45IDE2LjcgMjguNnY1OC4yeiIvPjxwYXRoIGZpbGw9IiNGRkMxMDIiIGQ9Ik0yMjQgMjU2YzAgMTIuOS03IDI0LjQtMTcuNyAyOS42TDE4NyAzMDkuOWMtNS40IDMtMTIuMyAzLjEtMTcuNy4xLTEwLjQtNS45LTE2LjctMTYuOS0xNi43LTI4LjZWMTk4YzAtMTIuOSA3LTI0LjQgMTcuNy0yOS42TDE4NyAxNDIuMWM1LjQtMyAxMi4zLTMuMSAxNy43LS4xIDEwLjQgNS45IDE2LjcgMTYuOSAxNi43IDI4LjZ2NTguMnoiLz48cGF0aCBmaWxsPSIjRkZDMTAyIiBkPSJNMjI0IDI1NmMwIDEyLjktNyAyNC40LTE3LjcgMjkuNkwxODcgMzA5LjljLTUuNCAzLTEyLjMgMy4xLTE3LjcuMS0xMC40LTUuOS0xNi43LTE2LjktMTYuNy0yOC42VjE5OGMwLTEyLjkgNy0yNC40IDE3LjctMjkuNkwxODcgMTQyLjFjNS40LTMgMTIuMy0zLjEgMTcuNy0uMSAxMC40IDUuOSAxNi43IDE2LjkgMTYuNyAyOC42djU4LjJ6Ii8+PC9zdmc+' height='20' width='20' style='vertical-align: middle;' /> <span style='color: #4285F4;'>Google Chrome</span></span></div>
<div style="border: 1px solid #ddd; padding: 8px; margin: 5px 0; border-radius: 4px; background-color: #f7f7f7; display: inline-block;"><strong>💻 #System Info</strong> :: <strong>PC Name</strong> ⇒ <span style="color: #001dff;">ANKUSH1111</span> &nbsp;&nbsp;|&nbsp;&nbsp; <strong>User</strong> ⇒ <span style="color: #006400;">HP</span></div>
Suite Start: Suite at 01/06/2025 09:08:37 PM
<h3 style="color:#132043;"><b> Iteration Number &#10781; :1</b></h4>
<div style='border: 1px solid #e0e0e0;padding: 8px 12px;margin: 8px 0;border-radius: 6px;background: linear-gradient(to right, #f8f9fa, #ffffff);box-shadow: 0 2px 4px rgba(0,0,0,0.05);display: inline-block;font-family: Arial, sans-serif;'><span style='font-weight: bold;color: #333;'>🌍 Browser Info:</span> <span style='color: #2c7be5;font-weight: 500;'><img src='data:image/svg+xml;base64,PHN2ZyB4bWxucz0iaHR0cDovL3d3dy53My5vcmcvMjAwMC9zdmciIHZpZXdCb3g9IjAgMCA0NDggNTEyIj48cGF0aCBmaWxsPSIjRkZDMTAyIiBkPSJNMjI0IDI1NmMwIDEyLjktNyAyNC40LTE3LjcgMjkuNkwxODcgMzA5LjljLTUuNCAzLTEyLjMgMy4xLTE3LjcuMS0xMC40LTUuOS0xNi43LTE2LjktMTYuNy0yOC42VjE5OGMwLTEyLjkgNy0yNC40IDE3LjctMjkuNkwxODcgMTQyLjFjNS40LTMgMTIuMy0zLjEgMTcuNy0uMSAxMC40IDUuOSAxNi43IDE2LjkgMTYuNyAyOC42djU4LjJ6Ii8+PHBhdGggZmlsbD0iIzRBNDlGNSIgZD0iTTIyNCAyNTZjMCAxMi45LTcgMjQuNC0xNy43IDI5LjZMMTg3IDMwOS45Yy01LjQgMy0xMi4zIDMuMS0xNy43LjEtMTAuNC01LjktMTYuNy0xNi45LTE2LjctMjguNlYxOThjMC0xMi45IDctMjQuNCAxNy43LTI5LjZMMTg3IDE0Mi4xYzUuNC0zIDEyLjMtMy4xIDE3LjctLjEgMTAuNCA1LjkgMTYuNyAxNi45IDE2LjcgMjguNnY1OC4yeiIvPjxwYXRoIGZpbGw9IiNGRkMxMDIiIGQ9Ik0yMjQgMjU2YzAgMTIuOS03IDI0LjQtMTcuNyAyOS42TDE4NyAzMDkuOWMtNS40IDMtMTIuMyAzLjEtMTcuNy4xLTEwLjQtNS45LTE2LjctMTYuOS0xNi43LTI4LjZWMTk4YzAtMTIuOSA3LTI0LjQgMTcuNy0yOS42TDE4NyAxNDIuMWM1LjQtMyAxMi4zLTMuMSAxNy43LS4xIDEwLjQgNS45IDE2LjcgMTYuOSAxNi43IDI4LjZ2NTguMnoiLz48cGF0aCBmaWxsPSIjRkZDMTAyIiBkPSJNMjI0IDI1NmMwIDEyLjktNyAyNC40LTE3LjcgMjkuNkwxODcgMzA5LjljLTUuNCAzLTEyLjMgMy4xLTE3LjcuMS0xMC40LTUuOS0xNi43LTE2LjktMTYuNy0yOC42VjE5OGMwLTEyLjkgNy0yNC40IDE3LjctMjkuNkwxODcgMTQyLjFjNS40LTMgMTIuMy0zLjEgMTcuNy0uMSAxMC40IDUuOSAxNi43IDE2LjkgMTYuNyAyOC42djU4LjJ6Ii8+PC9zdmc+' height='20' width='20' style='vertical-align: middle;' /> <span style='color: #4285F4;'>Google Chrome</span></span></div>
<div style="border: 1px solid #ddd; padding: 8px; margin: 5px 0; border-radius: 4px; background-color: #f7f7f7; display: inline-block;"><strong>💻 #System Info</strong> :: <strong>PC Name</strong> ⇒ <span style="color: #001dff;">ANKUSH1111</span> &nbsp;&nbsp;|&nbsp;&nbsp; <strong>User</strong> ⇒ <span style="color: #006400;">HP</span></div>
Suite Start: Suite at 01/06/2025 09:08:37 PM
<h3 style="color:#132043;"><b> Iteration Number &#10781; :1</b></h4>
<div style='border: 1px solid #e0e0e0;padding: 8px 12px;margin: 8px 0;border-radius: 6px;background: linear-gradient(to right, #f8f9fa, #ffffff);box-shadow: 0 2px 4px rgba(0,0,0,0.05);display: inline-block;font-family: Arial, sans-serif;'><span style='font-weight: bold;color: #333;'>🌍 Browser Info:</span> <span style='color: #2c7be5;font-weight: 500;'><img src='data:image/svg+xml;base64,PHN2ZyB4bWxucz0iaHR0cDovL3d3dy53My5vcmcvMjAwMC9zdmciIHZpZXdCb3g9IjAgMCA0NDggNTEyIj48cGF0aCBmaWxsPSIjRkZDMTAyIiBkPSJNMjI0IDI1NmMwIDEyLjktNyAyNC40LTE3LjcgMjkuNkwxODcgMzA5LjljLTUuNCAzLTEyLjMgMy4xLTE3LjcuMS0xMC40LTUuOS0xNi43LTE2LjktMTYuNy0yOC42VjE5OGMwLTEyLjkgNy0yNC40IDE3LjctMjkuNkwxODcgMTQyLjFjNS40LTMgMTIuMy0zLjEgMTcuNy0uMSAxMC40IDUuOSAxNi43IDE2LjkgMTYuNyAyOC42djU4LjJ6Ii8+PHBhdGggZmlsbD0iIzRBNDlGNSIgZD0iTTIyNCAyNTZjMCAxMi45LTcgMjQuNC0xNy43IDI5LjZMMTg3IDMwOS45Yy01LjQgMy0xMi4zIDMuMS0xNy43LjEtMTAuNC01LjktMTYuNy0xNi45LTE2LjctMjguNlYxOThjMC0xMi45IDctMjQuNCAxNy43LTI5LjZMMTg3IDE0Mi4xYzUuNC0zIDEyLjMtMy4xIDE3LjctLjEgMTAuNCA1LjkgMTYuNyAxNi45IDE2LjcgMjguNnY1OC4yeiIvPjxwYXRoIGZpbGw9IiNGRkMxMDIiIGQ9Ik0yMjQgMjU2YzAgMTIuOS03IDI0LjQtMTcuNyAyOS42TDE4NyAzMDkuOWMtNS40IDMtMTIuMyAzLjEtMTcuNy4xLTEwLjQtNS45LTE2LjctMTYuOS0xNi43LTI4LjZWMTk4YzAtMTIuOSA3LTI0LjQgMTcuNy0yOS42TDE4NyAxNDIuMWM1LjQtMyAxMi4zLTMuMSAxNy43LS4xIDEwLjQgNS45IDE2LjcgMTYuOSAxNi43IDI4LjZ2NTguMnoiLz48cGF0aCBmaWxsPSIjRkZDMTAyIiBkPSJNMjI0IDI1NmMwIDEyLjktNyAyNC40LTE3LjcgMjkuNkwxODcgMzA5LjljLTUuNCAzLTEyLjMgMy4xLTE3LjcuMS0xMC40LTUuOS0xNi43LTE2LjktMTYuNy0yOC42VjE5OGMwLTEyLjkgNy0yNC40IDE3LjctMjkuNkwxODcgMTQyLjFjNS40LTMgMTIuMy0zLjEgMTcuNy0uMSAxMC40IDUuOSAxNi43IDE2LjkgMTYuNyAyOC42djU4LjJ6Ii8+PC9zdmc+' height='20' width='20' style='vertical-align: middle;' /> <span style='color: #4285F4;'>Google Chrome</span></span></div>
<div style="border: 1px solid #ddd; padding: 8px; margin: 5px 0; border-radius: 4px; background-color: #f7f7f7; display: inline-block;"><strong>💻 #System Info</strong> :: <strong>PC Name</strong> ⇒ <span style="color: #001dff;">ANKUSH1111</span> &nbsp;&nbsp;|&nbsp;&nbsp; <strong>User</strong> ⇒ <span style="color: #006400;">HP</span></div>
Suite Start: Suite at 01/06/2025 09:08:37 PM
<div style="background-color:#ffeeba; border:2px solid #856404; border-radius:10px; padding:10px 15px; text-align:left; margin:10px 0; display:inline-block; color:#856404; box-shadow: 0px 4px 6px rgba(0, 0, 0, 0.2);"><p style='font-size:18px; margin:0;'><b>Skipped: 🔐 Admin Connection URL: jdbc:sqlserver://localhost:1433;database=QADEMO;integratedSecurity=true;encrypt=false;trustServerCertificate=true;loginTimeout=30;</b></p></div>
<div style="background-color:#ffeeba; border:2px solid #856404; border-radius:10px; padding:10px 15px; text-align:left; margin:10px 0; display:inline-block; color:#856404; box-shadow: 0px 4px 6px rgba(0, 0, 0, 0.2);"><p style='font-size:18px; margin:0;'><b>Skipped: 🔐 Company Connection URL: jdbc:sqlserver://localhost:1433;database=QADEMO;integratedSecurity=true;encrypt=false;trustServerCertificate=true;loginTimeout=30;</b></p></div>
<div style="background-color:#ffeeba; border:2px solid #856404; border-radius:10px; padding:10px 15px; text-align:left; margin:10px 0; display:inline-block; color:#856404; box-shadow: 0px 4px 6px rgba(0, 0, 0, 0.2);"><p style='font-size:18px; margin:0;'><b>Skipped: 🔐 Admin Connection URL: jdbc:sqlserver://localhost:1433;database=QADEMO;integratedSecurity=true;encrypt=false;trustServerCertificate=true;loginTimeout=30;</b></p></div>
<div style="background-color:#ffeeba; border:2px solid #856404; border-radius:10px; padding:10px 15px; text-align:left; margin:10px 0; display:inline-block; color:#856404; box-shadow: 0px 4px 6px rgba(0, 0, 0, 0.2);"><p style='font-size:18px; margin:0;'><b>Skipped: 🔐 Company Connection URL: jdbc:sqlserver://localhost:1433;database=QADEMO;integratedSecurity=true;encrypt=false;trustServerCertificate=true;loginTimeout=30;</b></p></div>
<div style='border: 1px solid #e0e0e0;padding: 8px 12px;margin: 8px 0;border-radius: 6px;background: linear-gradient(to right, #f8f9fa, #ffffff);box-shadow: 0 2px 4px rgba(0,0,0,0.05);display: inline-block;font-family: Arial, sans-serif;'><span style='font-weight: bold;color: #333;'>🌍 Browser Info:</span> <span style='color: #2c7be5;font-weight: 500;'><img src='data:image/svg+xml;base64,PHN2ZyB4bWxucz0iaHR0cDovL3d3dy53My5vcmcvMjAwMC9zdmciIHZpZXdCb3g9IjAgMCA0NDggNTEyIj48cGF0aCBmaWxsPSIjRkZDMTAyIiBkPSJNMjI0IDI1NmMwIDEyLjktNyAyNC40LTE3LjcgMjkuNkwxODcgMzA5LjljLTUuNCAzLTEyLjMgMy4xLTE3LjcuMS0xMC40LTUuOS0xNi43LTE2LjktMTYuNy0yOC42VjE5OGMwLTEyLjkgNy0yNC40IDE3LjctMjkuNkwxODcgMTQyLjFjNS40LTMgMTIuMy0zLjEgMTcuNy0uMSAxMC40IDUuOSAxNi43IDE2LjkgMTYuNyAyOC42djU4LjJ6Ii8+PHBhdGggZmlsbD0iIzRBNDlGNSIgZD0iTTIyNCAyNTZjMCAxMi45LTcgMjQuNC0xNy43IDI5LjZMMTg3IDMwOS45Yy01LjQgMy0xMi4zIDMuMS0xNy43LjEtMTAuNC01LjktMTYuNy0xNi45LTE2LjctMjguNlYxOThjMC0xMi45IDctMjQuNCAxNy43LTI5LjZMMTg3IDE0Mi4xYzUuNC0zIDEyLjMtMy4xIDE3LjctLjEgMTAuNCA1LjkgMTYuNyAxNi45IDE2LjcgMjguNnY1OC4yeiIvPjxwYXRoIGZpbGw9IiNGRkMxMDIiIGQ9Ik0yMjQgMjU2YzAgMTIuOS03IDI0LjQtMTcuNyAyOS42TDE4NyAzMDkuOWMtNS40IDMtMTIuMyAzLjEtMTcuNy4xLTEwLjQtNS45LTE2LjctMTYuOS0xNi43LTI4LjZWMTk4YzAtMTIuOSA3LTI0LjQgMTcuNy0yOS42TDE4NyAxNDIuMWM1LjQtMyAxMi4zLTMuMSAxNy43LS4xIDEwLjQgNS45IDE2LjcgMTYuOSAxNi43IDI4LjZ2NTguMnoiLz48cGF0aCBmaWxsPSIjRkZDMTAyIiBkPSJNMjI0IDI1NmMwIDEyLjktNyAyNC40LTE3LjcgMjkuNkwxODcgMzA5LjljLTUuNCAzLTEyLjMgMy4xLTE3LjcuMS0xMC40LTUuOS0xNi43LTE2LjktMTYuNy0yOC42VjE5OGMwLTEyLjkgNy0yNC40IDE3LjctMjkuNkwxODcgMTQyLjFjNS40LTMgMTIuMy0zLjEgMTcuNy0uMSAxMC40IDUuOSAxNi43IDE2LjkgMTYuNyAyOC42djU4LjJ6Ii8+PC9zdmc+' height='20' width='20' style='vertical-align: middle;' /> <span style='color: #4285F4;'>Google Chrome</span></span></div>
<div style="border: 1px solid #ddd; padding: 8px; margin: 5px 0; border-radius: 4px; background-color: #f7f7f7; display: inline-block;"><strong>💻 #System Info</strong> :: <strong>PC Name</strong> ⇒ <span style="color: #001dff;">ANKUSH1111</span> &nbsp;&nbsp;|&nbsp;&nbsp; <strong>User</strong> ⇒ <span style="color: #006400;">HP</span></div>
<div style='border: 1px solid #ddd; padding: 8px; margin: 5px 0; border-radius: 4px; background-color: #f7f7f7; display: inline-block;'><strong>#TXTBX ▭</strong> :: <strong>Full Name</strong> Value entered ⇒ <span style='color: #009;'>Ankush Agle</span></div>
<div style='border: 1px solid #ddd; padding: 8px; margin: 5px 0; border-radius: 4px; background-color: #f7f7f7; display: inline-block;'><strong>#TXTBX ▭</strong> :: <strong>First Name</strong> Value entered ⇒ <span style='color: #009;'>Ankush</span></div>
<div style='border: 1px solid #ddd; padding: 8px; margin: 5px 0; border-radius: 4px; background-color: #f7f7f7; display: inline-block;'><strong>#TXTBX ▭</strong> :: <strong>Email</strong> Value entered ⇒ <span style='color: #009;'>ankush.agle@test.com</span></div>
<div style='border: 1px solid #ddd; padding: 8px; margin: 5px 0; border-radius: 4px; background-color: #f7f7f7; display: inline-block;'><strong>#TXTBX ▭</strong> :: <strong>Last Name</strong> Value entered ⇒ <span style='color: #009;'>Agle</span></div>
<div style='border: 1px solid #ddd; padding: 8px; margin: 5px 0; border-radius: 4px; background-color: #f7f7f7; display: inline-block;'><strong>#TXTBX ▭</strong> :: <strong>Current Address</strong> Value entered ⇒ <span style='color: #009;'>Paithan, Maharashtra</span></div>
<div style='border: 1px solid #ddd; padding: 8px; margin: 5px 0; border-radius: 4px; background-color: #f7f7f7; display: inline-block;'><strong>#TXTBX ▭</strong> :: <strong>Email</strong> Value entered ⇒ <span style='color: #009;'>ankush.agle@test.com</span></div>
<div style='border: 1px solid #ddd; padding: 8px; margin: 5px 0; border-radius: 4px; background-color: #f7f7f7; display: inline-block;'><strong>#TXTBX ▭</strong> :: <strong>Permanent Address</strong> Value entered ⇒ <span style='color: #009;'>Aurangabad, Maharashtra</span></div>
Clicked On :: Gender Male Radio
<div style='border: 1px solid #ddd; padding: 8px; margin: 5px 0; border-radius: 4px; background-color: #f7f7f7; display: inline-block;'><strong>#TXTBX ▭</strong> :: <strong>Mobile Number</strong> Value entered ⇒ <span style='color: #009;'>9876543210</span></div>
<div style='border: 1px solid #ddd; padding: 8px; margin: 5px 0; border-radius: 4px; background-color: #f7f7f7; display: inline-block;'><strong>#BTN 📤</strong> :: <strong>Clicked On</strong> ⇒ <span style='color: #001dff;'>Submit Button</span></div>
📋 Navigating to Home Page...
📋 Attempting to close modal popup (if present)...
⏳ Waiting for Home link to be clickable...
✅ Home link found: https://demoqa.com/
📋 Clicking on Home link...
Clicked On :: Date Picker - Date of Birth
#DATEPICKER 📅 :: Date of Birth :: Date successfully picked :: 01/01/1990
<div style='border: 1px solid #ddd; padding: 8px; margin: 5px 0; border-radius: 4px; background-color: #f7f7f7; display: inline-block;'><strong>#TXTBX ▭</strong> :: <strong>Subject</strong> Value entered ⇒ <span style='color: #009;'>Math, Physics</span></div>
Clicked On :: Hobby: Reading
Clicked On :: Hobby: Music
<div style='border: 1px solid #ddd; padding: 8px; margin: 5px 0; border-radius: 4px; background-color: #f7f7f7; display: inline-block;'><strong>#FILEUP 🔼</strong> :: <strong>Profile Picture</strong> File Uploaded ⇒ <span style='color: #001dff;'>valdn01_04_2025_02_04_03.png</span></div>
<div style='border: 1px solid #ddd; padding: 8px; margin: 5px 0; border-radius: 4px; background-color: #f7f7f7; display: inline-block;'><strong>#TXTBX ▭</strong> :: <strong>Current Address</strong> Value entered ⇒ <span style='color: #009;'>Paithan, Maharashtra</span></div>
<div style='border: 1px solid #ddd; padding: 8px; margin: 5px 0; border-radius: 4px; background-color: #f7f7f7; display: inline-block;'><strong>#BTN 📤</strong> :: <strong>Clicked On</strong> ⇒ <span style='color: #001dff;'>Submit Button</span></div>
<font color =#18122B><b>Sceenshot Path::C:\Users\HP\Documents\Ahmedabad\ANKUSH_FRAMEWORK\ScreenShots\Validation\valdn01_10_2025_09_10_21.png</b></font>
<h4>Time :01/06/2025 09:10:21 PM</h4>
<br>
<img src="C:\Users\HP\Documents\Ahmedabad\ANKUSH_FRAMEWORK\ScreenShots\Validation\valdn01_10_2025_09_10_21.png" width="1000" height="500" ></img>
<br>
<br>
<table><tr><th style='font-weight: normal;'>Student Name</th><th>Ankush Agle</th></tr><tr><th style='font-weight: normal;'>Student Email</th><th>ankush.agle@test.com</th></tr><tr><th style='font-weight: normal;'>Gender</th><th>Male</th></tr><tr><th style='font-weight: normal;'>Mobile</th><th>9876543210</th></tr><tr><th style='font-weight: normal;'>Date of Birth</th><th>01 January,1990</th></tr><tr><th style='font-weight: normal;'>Subjects</th><th></th></tr><tr><th style='font-weight: normal;'>Hobbies</th><th>Reading, Music</th></tr><tr><th style='font-weight: normal;'>Picture</th><th>valdn01_04_2025_02_04_03.png</th></tr><tr><th style='font-weight: normal;'>Address</th><th>Paithan, Maharashtra</th></tr><tr><th style='font-weight: normal;'>State and City</th><th>NCR Delhi</th></tr></table>
📋 Navigating to Home Page...
📋 Attempting to close modal popup (if present)...
⏳ Waiting for Home link to be clickable...
⏳ Waiting for loader to disappear...
⏳ Verifying home page load...
❌ Navigation to Home Page failed: Expected condition failed: waiting for element to be clickable: By.xpath: //a[contains(@href,'https://demoqa.com')] (tried for 2 second(s) with 500 milliseconds interval)
Build info: version: '4.12.1', revision: '8e34639b11'
System info: os.name: 'Windows 11', os.arch: 'amd64', os.version: '10.0', java.version: '18.0.1.1'
Driver info: org.openqa.selenium.chrome.ChromeDriver
Capabilities {acceptInsecureCerts: false, browserName: chrome, browserVersion: 136.0.7103.114, chrome: {chromedriverVersion: 136.0.7103.113 (76fa3c17824..., userDataDir: C:\Users\HP\AppData\Local\T...}, fedcm:accounts: true, goog:chromeOptions: {debuggerAddress: localhost:63961}, networkConnectionEnabled: false, pageLoadStrategy: normal, platformName: windows, proxy: Proxy(), se:cdp: ws://localhost:63961/devtoo..., se:cdpVersion: 136.0.7103.114, setWindowRect: true, strictFileInteractability: false, timeouts: {implicit: 0, pageLoad: 300000, script: 30000}, unhandledPromptBehavior: dismiss and notify, webauthn:extension:credBlob: true, webauthn:extension:largeBlob: true, webauthn:extension:minPinLength: true, webauthn:extension:prf: true, webauthn:virtualAuthenticators: true}
Session ID: 1e09f344d5603291de103c6987c08dbe
<h3 style="color:#132043;"><b> Iteration Number &#10781; :2</b></h4>
<div style='border: 1px solid #e0e0e0;padding: 8px 12px;margin: 8px 0;border-radius: 6px;background: linear-gradient(to right, #f8f9fa, #ffffff);box-shadow: 0 2px 4px rgba(0,0,0,0.05);display: inline-block;font-family: Arial, sans-serif;'><span style='font-weight: bold;color: #333;'>🌍 Browser Info:</span> <span style='color: #2c7be5;font-weight: 500;'><img src='data:image/svg+xml;base64,PHN2ZyB4bWxucz0iaHR0cDovL3d3dy53My5vcmcvMjAwMC9zdmciIHZpZXdCb3g9IjAgMCA0NDggNTEyIj48cGF0aCBmaWxsPSIjRkZDMTAyIiBkPSJNMjI0IDI1NmMwIDEyLjktNyAyNC40LTE3LjcgMjkuNkwxODcgMzA5LjljLTUuNCAzLTEyLjMgMy4xLTE3LjcuMS0xMC40LTUuOS0xNi43LTE2LjktMTYuNy0yOC42VjE5OGMwLTEyLjkgNy0yNC40IDE3LjctMjkuNkwxODcgMTQyLjFjNS40LTMgMTIuMy0zLjEgMTcuNy0uMSAxMC40IDUuOSAxNi43IDE2LjkgMTYuNyAyOC42djU4LjJ6Ii8+PHBhdGggZmlsbD0iIzRBNDlGNSIgZD0iTTIyNCAyNTZjMCAxMi45LTcgMjQuNC0xNy43IDI5LjZMMTg3IDMwOS45Yy01LjQgMy0xMi4zIDMuMS0xNy43LjEtMTAuNC01LjktMTYuNy0xNi45LTE2LjctMjguNlYxOThjMC0xMi45IDctMjQuNCAxNy43LTI5LjZMMTg3IDE0Mi4xYzUuNC0zIDEyLjMtMy4xIDE3LjctLjEgMTAuNCA1LjkgMTYuNyAxNi45IDE2LjcgMjguNnY1OC4yeiIvPjxwYXRoIGZpbGw9IiNGRkMxMDIiIGQ9Ik0yMjQgMjU2YzAgMTIuOS03IDI0LjQtMTcuNyAyOS42TDE4NyAzMDkuOWMtNS40IDMtMTIuMyAzLjEtMTcuNy4xLTEwLjQtNS45LTE2LjctMTYuOS0xNi43LTI4LjZWMTk4YzAtMTIuOSA3LTI0LjQgMTcuNy0yOS42TDE4NyAxNDIuMWM1LjQtMyAxMi4zLTMuMSAxNy43LS4xIDEwLjQgNS45IDE2LjcgMTYuOSAxNi43IDI4LjZ2NTguMnoiLz48cGF0aCBmaWxsPSIjRkZDMTAyIiBkPSJNMjI0IDI1NmMwIDEyLjktNyAyNC40LTE3LjcgMjkuNkwxODcgMzA5LjljLTUuNCAzLTEyLjMgMy4xLTE3LjcuMS0xMC40LTUuOS0xNi43LTE2LjktMTYuNy0yOC42VjE5OGMwLTEyLjkgNy0yNC40IDE3LjctMjkuNkwxODcgMTQyLjFjNS40LTMgMTIuMy0zLjEgMTcuNy0uMSAxMC40IDUuOSAxNi43IDE2LjkgMTYuNyAyOC42djU4LjJ6Ii8+PC9zdmc+' height='20' width='20' style='vertical-align: middle;' /> <span style='color: #4285F4;'>Google Chrome</span></span></div>
<div style="border: 1px solid #ddd; padding: 8px; margin: 5px 0; border-radius: 4px; background-color: #f7f7f7; display: inline-block;"><strong>💻 #System Info</strong> :: <strong>PC Name</strong> ⇒ <span style="color: #001dff;">ANKUSH1111</span> &nbsp;&nbsp;|&nbsp;&nbsp; <strong>User</strong> ⇒ <span style="color: #006400;">HP</span></div>
❌ Navigation to Home Page failed: Expected condition failed: waiting for url to contain "home". Current url: "https://demoqa.com/" (tried for 10 second(s) with 500 milliseconds interval)
Build info: version: '4.12.1', revision: '8e34639b11'
System info: os.name: 'Windows 11', os.arch: 'amd64', os.version: '10.0', java.version: '18.0.1.1'
Driver info: org.openqa.selenium.chrome.ChromeDriver
Capabilities {acceptInsecureCerts: false, browserName: chrome, browserVersion: 136.0.7103.114, chrome: {chromedriverVersion: 136.0.7103.113 (76fa3c17824..., userDataDir: C:\Users\HP\AppData\Local\T...}, fedcm:accounts: true, goog:chromeOptions: {debuggerAddress: localhost:63962}, networkConnectionEnabled: false, pageLoadStrategy: normal, platformName: windows, proxy: Proxy(), se:cdp: ws://localhost:63962/devtoo..., se:cdpVersion: 136.0.7103.114, setWindowRect: true, strictFileInteractability: false, timeouts: {implicit: 0, pageLoad: 300000, script: 30000}, unhandledPromptBehavior: dismiss and notify, webauthn:extension:credBlob: true, webauthn:extension:largeBlob: true, webauthn:extension:minPinLength: true, webauthn:extension:prf: true, webauthn:virtualAuthenticators: true}
Session ID: 40bb75698d2fe6383849b73a3523e5f4
<h3 style="color:#132043;"><b> Iteration Number &#10781; :2</b></h4>
<div style='border: 1px solid #e0e0e0;padding: 8px 12px;margin: 8px 0;border-radius: 6px;background: linear-gradient(to right, #f8f9fa, #ffffff);box-shadow: 0 2px 4px rgba(0,0,0,0.05);display: inline-block;font-family: Arial, sans-serif;'><span style='font-weight: bold;color: #333;'>🌍 Browser Info:</span> <span style='color: #2c7be5;font-weight: 500;'><img src='data:image/svg+xml;base64,PHN2ZyB4bWxucz0iaHR0cDovL3d3dy53My5vcmcvMjAwMC9zdmciIHZpZXdCb3g9IjAgMCA0NDggNTEyIj48cGF0aCBmaWxsPSIjRkZDMTAyIiBkPSJNMjI0IDI1NmMwIDEyLjktNyAyNC40LTE3LjcgMjkuNkwxODcgMzA5LjljLTUuNCAzLTEyLjMgMy4xLTE3LjcuMS0xMC40LTUuOS0xNi43LTE2LjktMTYuNy0yOC42VjE5OGMwLTEyLjkgNy0yNC40IDE3LjctMjkuNkwxODcgMTQyLjFjNS40LTMgMTIuMy0zLjEgMTcuNy0uMSAxMC40IDUuOSAxNi43IDE2LjkgMTYuNyAyOC42djU4LjJ6Ii8+PHBhdGggZmlsbD0iIzRBNDlGNSIgZD0iTTIyNCAyNTZjMCAxMi45LTcgMjQuNC0xNy43IDI5LjZMMTg3IDMwOS45Yy01LjQgMy0xMi4zIDMuMS0xNy43LjEtMTAuNC01LjktMTYuNy0xNi45LTE2LjctMjguNlYxOThjMC0xMi45IDctMjQuNCAxNy43LTI5LjZMMTg3IDE0Mi4xYzUuNC0zIDEyLjMtMy4xIDE3LjctLjEgMTAuNCA1LjkgMTYuNyAxNi45IDE2LjcgMjguNnY1OC4yeiIvPjxwYXRoIGZpbGw9IiNGRkMxMDIiIGQ9Ik0yMjQgMjU2YzAgMTIuOS03IDI0LjQtMTcuNyAyOS42TDE4NyAzMDkuOWMtNS40IDMtMTIuMyAzLjEtMTcuNy4xLTEwLjQtNS45LTE2LjctMTYuOS0xNi43LTI4LjZWMTk4YzAtMTIuOSA3LTI0LjQgMTcuNy0yOS42TDE4NyAxNDIuMWM1LjQtMyAxMi4zLTMuMSAxNy43LS4xIDEwLjQgNS45IDE2LjcgMTYuOSAxNi43IDI4LjZ2NTguMnoiLz48cGF0aCBmaWxsPSIjRkZDMTAyIiBkPSJNMjI0IDI1NmMwIDEyLjktNyAyNC40LTE3LjcgMjkuNkwxODcgMzA5LjljLTUuNCAzLTEyLjMgMy4xLTE3LjcuMS0xMC40LTUuOS0xNi43LTE2LjktMTYuNy0yOC42VjE5OGMwLTEyLjkgNy0yNC40IDE3LjctMjkuNkwxODcgMTQyLjFjNS40LTMgMTIuMy0zLjEgMTcuNy0uMSAxMC40IDUuOSAxNi43IDE2LjkgMTYuNyAyOC42djU4LjJ6Ii8+PC9zdmc+' height='20' width='20' style='vertical-align: middle;' /> <span style='color: #4285F4;'>Google Chrome</span></span></div>
<div style="border: 1px solid #ddd; padding: 8px; margin: 5px 0; border-radius: 4px; background-color: #f7f7f7; display: inline-block;"><strong>💻 #System Info</strong> :: <strong>PC Name</strong> ⇒ <span style="color: #001dff;">ANKUSH1111</span> &nbsp;&nbsp;|&nbsp;&nbsp; <strong>User</strong> ⇒ <span style="color: #006400;">HP</span></div>
<div style='border: 1px solid #ddd; padding: 8px; margin: 5px 0; border-radius: 4px; background-color: #f7f7f7; display: inline-block;'><strong>#TXTBX ▭</strong> :: <strong>Full Name</strong> Value entered ⇒ <span style='color: #009;'>Ankush Agle</span></div>
<div style='border: 1px solid #ddd; padding: 8px; margin: 5px 0; border-radius: 4px; background-color: #f7f7f7; display: inline-block;'><strong>#TXTBX ▭</strong> :: <strong>Email</strong> Value entered ⇒ <span style='color: #009;'>ankush.agle@test.com</span></div>
<div style='border: 1px solid #ddd; padding: 8px; margin: 5px 0; border-radius: 4px; background-color: #f7f7f7; display: inline-block;'><strong>#TXTBX ▭</strong> :: <strong>Current Address</strong> Value entered ⇒ <span style='color: #009;'>Paithan, Maharashtra</span></div>
<div style='border: 1px solid #ddd; padding: 8px; margin: 5px 0; border-radius: 4px; background-color: #f7f7f7; display: inline-block;'><strong>#TXTBX ▭</strong> :: <strong>Permanent Address</strong> Value entered ⇒ <span style='color: #009;'>Aurangabad, Maharashtra</span></div>
<div style='border: 1px solid #ddd; padding: 8px; margin: 5px 0; border-radius: 4px; background-color: #f7f7f7; display: inline-block;'><strong>#BTN 📤</strong> :: <strong>Clicked On</strong> ⇒ <span style='color: #001dff;'>Submit Button</span></div>
✅ Updated AutomationTestingStatus for FormId 101011 to '[Automation Tester] TextBox Form Submitted Successfully at 01/06/2025 09:10:46 PM'
📋 Navigating to Home Page...
📋 Attempting to close modal popup (if present)...
⏳ Waiting for Home link to be clickable...
✅ Home link found: https://demoqa.com/
📋 Clicking on Home link...
<div style='border: 1px solid #ddd; padding: 8px; margin: 5px 0; border-radius: 4px; background-color: #f7f7f7; display: inline-block;'><strong>#TXTBX ▭</strong> :: <strong>First Name</strong> Value entered ⇒ <span style='color: #009;'>Harprit</span></div>
<div style='border: 1px solid #ddd; padding: 8px; margin: 5px 0; border-radius: 4px; background-color: #f7f7f7; display: inline-block;'><strong>#TXTBX ▭</strong> :: <strong>Last Name</strong> Value entered ⇒ <span style='color: #009;'>Brar</span></div>
<div style='border: 1px solid #ddd; padding: 8px; margin: 5px 0; border-radius: 4px; background-color: #f7f7f7; display: inline-block;'><strong>#TXTBX ▭</strong> :: <strong>Email</strong> Value entered ⇒ <span style='color: #009;'>harpritBarar.agle@test.com</span></div>
Clicked On :: Gender Male Radio
<div style='border: 1px solid #ddd; padding: 8px; margin: 5px 0; border-radius: 4px; background-color: #f7f7f7; display: inline-block;'><strong>#TXTBX ▭</strong> :: <strong>First Name</strong> Value entered ⇒ <span style='color: #009;'>Priya</span></div>
<div style='border: 1px solid #ddd; padding: 8px; margin: 5px 0; border-radius: 4px; background-color: #f7f7f7; display: inline-block;'><strong>#TXTBX ▭</strong> :: <strong>Mobile Number</strong> Value entered ⇒ <span style='color: #009;'>9876543210</span></div>
<div style='border: 1px solid #ddd; padding: 8px; margin: 5px 0; border-radius: 4px; background-color: #f7f7f7; display: inline-block;'><strong>#TXTBX ▭</strong> :: <strong>Last Name</strong> Value entered ⇒ <span style='color: #009;'>Sharma</span></div>
<div style='border: 1px solid #ddd; padding: 8px; margin: 5px 0; border-radius: 4px; background-color: #f7f7f7; display: inline-block;'><strong>#TXTBX ▭</strong> :: <strong>Email</strong> Value entered ⇒ <span style='color: #009;'>priya.sharma@test.com</span></div>
Clicked On :: Gender Female Radio
<div style='border: 1px solid #ddd; padding: 8px; margin: 5px 0; border-radius: 4px; background-color: #f7f7f7; display: inline-block;'><strong>#TXTBX ▭</strong> :: <strong>Mobile Number</strong> Value entered ⇒ <span style='color: #009;'>9123456780</span></div>
Clicked On :: Date Picker - Date of Birth
#DATEPICKER 📅 :: Date of Birth :: Date successfully picked :: 01/02/2001
<div style='border: 1px solid #ddd; padding: 8px; margin: 5px 0; border-radius: 4px; background-color: #f7f7f7; display: inline-block;'><strong>#TXTBX ▭</strong> :: <strong>Subject</strong> Value entered ⇒ <span style='color: #009;'>Math, Physics</span></div>
Clicked On :: Hobby: Reading
Clicked On :: Hobby: Music
<div style='border: 1px solid #ddd; padding: 8px; margin: 5px 0; border-radius: 4px; background-color: #f7f7f7; display: inline-block;'><strong>#FILEUP 🔼</strong> :: <strong>Profile Picture</strong> File Uploaded ⇒ <span style='color: #001dff;'>valdn01_09_2025_01_09_10.png</span></div>
<div style='border: 1px solid #ddd; padding: 8px; margin: 5px 0; border-radius: 4px; background-color: #f7f7f7; display: inline-block;'><strong>#TXTBX ▭</strong> :: <strong>Current Address</strong> Value entered ⇒ <span style='color: #009;'>Paithan, Maharashtra</span></div>
Clicked On :: Date Picker - Date of Birth
#DATEPICKER 📅 :: Date of Birth :: Date successfully picked :: 15/02/1992
<div style='border: 1px solid #ddd; padding: 8px; margin: 5px 0; border-radius: 4px; background-color: #f7f7f7; display: inline-block;'><strong>#TXTBX ▭</strong> :: <strong>Subject</strong> Value entered ⇒ <span style='color: #009;'>English</span></div>
<div style='border: 1px solid #ddd; padding: 8px; margin: 5px 0; border-radius: 4px; background-color: #f7f7f7; display: inline-block;'><strong>#BTN 📤</strong> :: <strong>Clicked On</strong> ⇒ <span style='color: #001dff;'>Submit Button</span></div>
<font color =#18122B><b>Sceenshot Path::C:\Users\HP\Documents\Ahmedabad\ANKUSH_FRAMEWORK\ScreenShots\Validation\valdn01_10_2025_09_10_53.png</b></font>
<h4>Time :01/06/2025 09:10:54 PM</h4>
<br>
<img src="C:\Users\HP\Documents\Ahmedabad\ANKUSH_FRAMEWORK\ScreenShots\Validation\valdn01_10_2025_09_10_53.png" width="1000" height="500" ></img>
<br>
<br>
<table><tr><th style='font-weight: normal;'>Student Name</th><th>Harprit Brar</th></tr><tr><th style='font-weight: normal;'>Student Email</th><th>harpritBarar.agle@test.com</th></tr><tr><th style='font-weight: normal;'>Gender</th><th>Male</th></tr><tr><th style='font-weight: normal;'>Mobile</th><th>9876543210</th></tr><tr><th style='font-weight: normal;'>Date of Birth</th><th>01 February,2001</th></tr><tr><th style='font-weight: normal;'>Subjects</th><th></th></tr><tr><th style='font-weight: normal;'>Hobbies</th><th>Reading, Music</th></tr><tr><th style='font-weight: normal;'>Picture</th><th>valdn01_09_2025_01_09_10.png</th></tr><tr><th style='font-weight: normal;'>Address</th><th>Paithan, Maharashtra</th></tr><tr><th style='font-weight: normal;'>State and City</th><th>NCR Delhi</th></tr></table>
📋 Navigating to Home Page...
📋 Attempting to close modal popup (if present)...
⏳ Waiting for Home link to be clickable...
❌ Navigation to Home Page failed: Expected condition failed: waiting for element to be clickable: By.xpath: //a[contains(@href,'https://demoqa.com')] (tried for 2 second(s) with 500 milliseconds interval)
Build info: version: '4.12.1', revision: '8e34639b11'
System info: os.name: 'Windows 11', os.arch: 'amd64', os.version: '10.0', java.version: '18.0.1.1'
Driver info: org.openqa.selenium.chrome.ChromeDriver
Capabilities {acceptInsecureCerts: false, browserName: chrome, browserVersion: 136.0.7103.114, chrome: {chromedriverVersion: 136.0.7103.113 (76fa3c17824..., userDataDir: C:\Users\HP\AppData\Local\T...}, fedcm:accounts: true, goog:chromeOptions: {debuggerAddress: localhost:63964}, networkConnectionEnabled: false, pageLoadStrategy: normal, platformName: windows, proxy: Proxy(), se:cdp: ws://localhost:63964/devtoo..., se:cdpVersion: 136.0.7103.114, setWindowRect: true, strictFileInteractability: false, timeouts: {implicit: 0, pageLoad: 300000, script: 30000}, unhandledPromptBehavior: dismiss and notify, webauthn:extension:credBlob: true, webauthn:extension:largeBlob: true, webauthn:extension:minPinLength: true, webauthn:extension:prf: true, webauthn:virtualAuthenticators: true}
Session ID: d2f9308ef113afcb95539fd09b245301
<h3 style="color:#132043;"><b> Iteration Number &#10781; :2</b></h4>
<div style='border: 1px solid #e0e0e0;padding: 8px 12px;margin: 8px 0;border-radius: 6px;background: linear-gradient(to right, #f8f9fa, #ffffff);box-shadow: 0 2px 4px rgba(0,0,0,0.05);display: inline-block;font-family: Arial, sans-serif;'><span style='font-weight: bold;color: #333;'>🌍 Browser Info:</span> <span style='color: #2c7be5;font-weight: 500;'><img src='data:image/svg+xml;base64,PHN2ZyB4bWxucz0iaHR0cDovL3d3dy53My5vcmcvMjAwMC9zdmciIHZpZXdCb3g9IjAgMCA0NDggNTEyIj48cGF0aCBmaWxsPSIjRkZDMTAyIiBkPSJNMjI0IDI1NmMwIDEyLjktNyAyNC40LTE3LjcgMjkuNkwxODcgMzA5LjljLTUuNCAzLTEyLjMgMy4xLTE3LjcuMS0xMC40LTUuOS0xNi43LTE2LjktMTYuNy0yOC42VjE5OGMwLTEyLjkgNy0yNC40IDE3LjctMjkuNkwxODcgMTQyLjFjNS40LTMgMTIuMy0zLjEgMTcuNy0uMSAxMC40IDUuOSAxNi43IDE2LjkgMTYuNyAyOC42djU4LjJ6Ii8+PHBhdGggZmlsbD0iIzRBNDlGNSIgZD0iTTIyNCAyNTZjMCAxMi45LTcgMjQuNC0xNy43IDI5LjZMMTg3IDMwOS45Yy01LjQgMy0xMi4zIDMuMS0xNy43LjEtMTAuNC01LjktMTYuNy0xNi45LTE2LjctMjguNlYxOThjMC0xMi45IDctMjQuNCAxNy43LTI5LjZMMTg3IDE0Mi4xYzUuNC0zIDEyLjMtMy4xIDE3LjctLjEgMTAuNCA1LjkgMTYuNyAxNi45IDE2LjcgMjguNnY1OC4yeiIvPjxwYXRoIGZpbGw9IiNGRkMxMDIiIGQ9Ik0yMjQgMjU2YzAgMTIuOS03IDI0LjQtMTcuNyAyOS42TDE4NyAzMDkuOWMtNS40IDMtMTIuMyAzLjEtMTcuNy4xLTEwLjQtNS45LTE2LjctMTYuOS0xNi43LTI4LjZWMTk4YzAtMTIuOSA3LTI0LjQgMTcuNy0yOS42TDE4NyAxNDIuMWM1LjQtMyAxMi4zLTMuMSAxNy43LS4xIDEwLjQgNS45IDE2LjcgMTYuOSAxNi43IDI4LjZ2NTguMnoiLz48cGF0aCBmaWxsPSIjRkZDMTAyIiBkPSJNMjI0IDI1NmMwIDEyLjktNyAyNC40LTE3LjcgMjkuNkwxODcgMzA5LjljLTUuNCAzLTEyLjMgMy4xLTE3LjcuMS0xMC40LTUuOS0xNi43LTE2LjktMTYuNy0yOC42VjE5OGMwLTEyLjkgNy0yNC40IDE3LjctMjkuNkwxODcgMTQyLjFjNS40LTMgMTIuMy0zLjEgMTcuNy0uMSAxMC40IDUuOSAxNi43IDE2LjkgMTYuNyAyOC42djU4LjJ6Ii8+PC9zdmc+' height='20' width='20' style='vertical-align: middle;' /> <span style='color: #4285F4;'>Google Chrome</span></span></div>
<div style="border: 1px solid #ddd; padding: 8px; margin: 5px 0; border-radius: 4px; background-color: #f7f7f7; display: inline-block;"><strong>💻 #System Info</strong> :: <strong>PC Name</strong> ⇒ <span style="color: #001dff;">ANKUSH1111</span> &nbsp;&nbsp;|&nbsp;&nbsp; <strong>User</strong> ⇒ <span style="color: #006400;">HP</span></div>
Click Sucessfully==Again Double Click==Hobby: Sports
<div style='border: 1px solid #ddd; padding: 8px; margin: 5px 0; border-radius: 4px; background-color: #f7f7f7; display: inline-block;'><strong>#FILEUP 🔼</strong> :: <strong>Profile Picture</strong> File Uploaded ⇒ <span style='color: #001dff;'>valdn01_06_2025_02_06_17.png</span></div>
<div style='border: 1px solid #ddd; padding: 8px; margin: 5px 0; border-radius: 4px; background-color: #f7f7f7; display: inline-block;'><strong>#TXTBX ▭</strong> :: <strong>Current Address</strong> Value entered ⇒ <span style='color: #009;'>Pune, Maharashtra</span></div>
<div style='border: 1px solid #ddd; padding: 8px; margin: 5px 0; border-radius: 4px; background-color: #f7f7f7; display: inline-block;'><strong>#BTN 📤</strong> :: <strong>Clicked On</strong> ⇒ <span style='color: #001dff;'>Submit Button</span></div>
<font color =#18122B><b>Sceenshot Path::C:\Users\HP\Documents\Ahmedabad\ANKUSH_FRAMEWORK\ScreenShots\Validation\valdn01_10_2025_09_10_59.png</b></font>
<h4>Time :01/06/2025 09:11:00 PM</h4>
<br>
<img src="C:\Users\HP\Documents\Ahmedabad\ANKUSH_FRAMEWORK\ScreenShots\Validation\valdn01_10_2025_09_10_59.png" width="1000" height="500" ></img>
<br>
<br>
<table><tr><th style='font-weight: normal;'>Student Name</th><th>Priya Sharma</th></tr><tr><th style='font-weight: normal;'>Student Email</th><th>priya.sharma@test.com</th></tr><tr><th style='font-weight: normal;'>Gender</th><th>Female</th></tr><tr><th style='font-weight: normal;'>Mobile</th><th>9123456780</th></tr><tr><th style='font-weight: normal;'>Date of Birth</th><th>15 February,1992</th></tr><tr><th style='font-weight: normal;'>Subjects</th><th>English</th></tr><tr><th style='font-weight: normal;'>Hobbies</th><th>Sports</th></tr><tr><th style='font-weight: normal;'>Picture</th><th>valdn01_06_2025_02_06_17.png</th></tr><tr><th style='font-weight: normal;'>Address</th><th>Pune, Maharashtra</th></tr><tr><th style='font-weight: normal;'>State and City</th><th>Uttar Pradesh Lucknow</th></tr></table>
📋 Navigating to Home Page...
📋 Attempting to close modal popup (if present)...
⏳ Waiting for Home link to be clickable...
<div style='border: 1px solid #ddd; padding: 8px; margin: 5px 0; border-radius: 4px; background-color: #f7f7f7; display: inline-block;'><strong>#TXTBX ▭</strong> :: <strong>First Name</strong> Value entered ⇒ <span style='color: #009;'>Hashim</span></div>
<div style='border: 1px solid #ddd; padding: 8px; margin: 5px 0; border-radius: 4px; background-color: #f7f7f7; display: inline-block;'><strong>#TXTBX ▭</strong> :: <strong>Last Name</strong> Value entered ⇒ <span style='color: #009;'>Sharma</span></div>
<div style='border: 1px solid #ddd; padding: 8px; margin: 5px 0; border-radius: 4px; background-color: #f7f7f7; display: inline-block;'><strong>#TXTBX ▭</strong> :: <strong>Email</strong> Value entered ⇒ <span style='color: #009;'>hashim.sharma@test.com</span></div>
❌ Navigation to Home Page failed: Expected condition failed: waiting for element to be clickable: By.xpath: //a[contains(@href,'https://demoqa.com')] (tried for 2 second(s) with 500 milliseconds interval)
Build info: version: '4.12.1', revision: '8e34639b11'
System info: os.name: 'Windows 11', os.arch: 'amd64', os.version: '10.0', java.version: '18.0.1.1'
Driver info: org.openqa.selenium.chrome.ChromeDriver
Capabilities {acceptInsecureCerts: false, browserName: chrome, browserVersion: 136.0.7103.114, chrome: {chromedriverVersion: 136.0.7103.113 (76fa3c17824..., userDataDir: C:\Users\HP\AppData\Local\T...}, fedcm:accounts: true, goog:chromeOptions: {debuggerAddress: localhost:63961}, networkConnectionEnabled: false, pageLoadStrategy: normal, platformName: windows, proxy: Proxy(), se:cdp: ws://localhost:63961/devtoo..., se:cdpVersion: 136.0.7103.114, setWindowRect: true, strictFileInteractability: false, timeouts: {implicit: 0, pageLoad: 300000, script: 30000}, unhandledPromptBehavior: dismiss and notify, webauthn:extension:credBlob: true, webauthn:extension:largeBlob: true, webauthn:extension:minPinLength: true, webauthn:extension:prf: true, webauthn:virtualAuthenticators: true}
Session ID: 1e09f344d5603291de103c6987c08dbe
<h3 style="color:#132043;"><b> Iteration Number &#10781; :3</b></h4>
Clicked On :: Gender Male Radio
<div style='border: 1px solid #e0e0e0;padding: 8px 12px;margin: 8px 0;border-radius: 6px;background: linear-gradient(to right, #f8f9fa, #ffffff);box-shadow: 0 2px 4px rgba(0,0,0,0.05);display: inline-block;font-family: Arial, sans-serif;'><span style='font-weight: bold;color: #333;'>🌍 Browser Info:</span> <span style='color: #2c7be5;font-weight: 500;'><img src='data:image/svg+xml;base64,PHN2ZyB4bWxucz0iaHR0cDovL3d3dy53My5vcmcvMjAwMC9zdmciIHZpZXdCb3g9IjAgMCA0NDggNTEyIj48cGF0aCBmaWxsPSIjRkZDMTAyIiBkPSJNMjI0IDI1NmMwIDEyLjktNyAyNC40LTE3LjcgMjkuNkwxODcgMzA5LjljLTUuNCAzLTEyLjMgMy4xLTE3LjcuMS0xMC40LTUuOS0xNi43LTE2LjktMTYuNy0yOC42VjE5OGMwLTEyLjkgNy0yNC40IDE3LjctMjkuNkwxODcgMTQyLjFjNS40LTMgMTIuMy0zLjEgMTcuNy0uMSAxMC40IDUuOSAxNi43IDE2LjkgMTYuNyAyOC42djU4LjJ6Ii8+PHBhdGggZmlsbD0iIzRBNDlGNSIgZD0iTTIyNCAyNTZjMCAxMi45LTcgMjQuNC0xNy43IDI5LjZMMTg3IDMwOS45Yy01LjQgMy0xMi4zIDMuMS0xNy43LjEtMTAuNC01LjktMTYuNy0xNi45LTE2LjctMjguNlYxOThjMC0xMi45IDctMjQuNCAxNy43LTI5LjZMMTg3IDE0Mi4xYzUuNC0zIDEyLjMtMy4xIDE3LjctLjEgMTAuNCA1LjkgMTYuNyAxNi45IDE2LjcgMjguNnY1OC4yeiIvPjxwYXRoIGZpbGw9IiNGRkMxMDIiIGQ9Ik0yMjQgMjU2YzAgMTIuOS03IDI0LjQtMTcuNyAyOS42TDE4NyAzMDkuOWMtNS40IDMtMTIuMyAzLjEtMTcuNy4xLTEwLjQtNS45LTE2LjctMTYuOS0xNi43LTI4LjZWMTk4YzAtMTIuOSA3LTI0LjQgMTcuNy0yOS42TDE4NyAxNDIuMWM1LjQtMyAxMi4zLTMuMSAxNy43LS4xIDEwLjQgNS45IDE2LjcgMTYuOSAxNi43IDI4LjZ2NTguMnoiLz48cGF0aCBmaWxsPSIjRkZDMTAyIiBkPSJNMjI0IDI1NmMwIDEyLjktNyAyNC40LTE3LjcgMjkuNkwxODcgMzA5LjljLTUuNCAzLTEyLjMgMy4xLTE3LjcuMS0xMC40LTUuOS0xNi43LTE2LjktMTYuNy0yOC42VjE5OGMwLTEyLjkgNy0yNC40IDE3LjctMjkuNkwxODcgMTQyLjFjNS40LTMgMTIuMy0zLjEgMTcuNy0uMSAxMC40IDUuOSAxNi43IDE2LjkgMTYuNyAyOC42djU4LjJ6Ii8+PC9zdmc+' height='20' width='20' style='vertical-align: middle;' /> <span style='color: #4285F4;'>Google Chrome</span></span></div>
<div style="border: 1px solid #ddd; padding: 8px; margin: 5px 0; border-radius: 4px; background-color: #f7f7f7; display: inline-block;"><strong>💻 #System Info</strong> :: <strong>PC Name</strong> ⇒ <span style="color: #001dff;">ANKUSH1111</span> &nbsp;&nbsp;|&nbsp;&nbsp; <strong>User</strong> ⇒ <span style="color: #006400;">HP</span></div>
<div style='border: 1px solid #ddd; padding: 8px; margin: 5px 0; border-radius: 4px; background-color: #f7f7f7; display: inline-block;'><strong>#TXTBX ▭</strong> :: <strong>Mobile Number</strong> Value entered ⇒ <span style='color: #009;'>9123456780</span></div>
Clicked On :: Date Picker - Date of Birth
#DATEPICKER 📅 :: Date of Birth :: Date successfully picked :: 10-01-1997
<div style='border: 1px solid #ddd; padding: 8px; margin: 5px 0; border-radius: 4px; background-color: #f7f7f7; display: inline-block;'><strong>#TXTBX ▭</strong> :: <strong>Subject</strong> Value entered ⇒ <span style='color: #009;'>English</span></div>
Suite Start: Suite at 01/06/2025 09:08:37 PM
<div style="background-color:#ffeeba; border:2px solid #856404; border-radius:10px; padding:10px 15px; text-align:left; margin:10px 0; display:inline-block; color:#856404; box-shadow: 0px 4px 6px rgba(0, 0, 0, 0.2);"><p style='font-size:18px; margin:0;'><b>Skipped: 🔐 Admin Connection URL: jdbc:sqlserver://localhost:1433;database=QADEMO;integratedSecurity=true;encrypt=false;trustServerCertificate=true;loginTimeout=30;</b></p></div>
<div style="background-color:#ffeeba; border:2px solid #856404; border-radius:10px; padding:10px 15px; text-align:left; margin:10px 0; display:inline-block; color:#856404; box-shadow: 0px 4px 6px rgba(0, 0, 0, 0.2);"><p style='font-size:18px; margin:0;'><b>Skipped: 🔐 Company Connection URL: jdbc:sqlserver://localhost:1433;database=QADEMO;integratedSecurity=true;encrypt=false;trustServerCertificate=true;loginTimeout=30;</b></p></div>
<div style="background-color:#ffeeba; border:2px solid #856404; border-radius:10px; padding:10px 15px; text-align:left; margin:10px 0; display:inline-block; color:#856404; box-shadow: 0px 4px 6px rgba(0, 0, 0, 0.2);"><p style='font-size:18px; margin:0;'><b>Skipped: 🔐 Admin Connection URL: jdbc:sqlserver://localhost:1433;database=QADEMO;integratedSecurity=true;encrypt=false;trustServerCertificate=true;loginTimeout=30;</b></p></div>
<div style="background-color:#ffeeba; border:2px solid #856404; border-radius:10px; padding:10px 15px; text-align:left; margin:10px 0; display:inline-block; color:#856404; box-shadow: 0px 4px 6px rgba(0, 0, 0, 0.2);"><p style='font-size:18px; margin:0;'><b>Skipped: 🔐 Company Connection URL: jdbc:sqlserver://localhost:1433;database=QADEMO;integratedSecurity=true;encrypt=false;trustServerCertificate=true;loginTimeout=30;</b></p></div>
<div style="background-color:#ffeeba; border:2px solid #856404; border-radius:10px; padding:10px 15px; text-align:left; margin:10px 0; display:inline-block; color:#856404; box-shadow: 0px 4px 6px rgba(0, 0, 0, 0.2);"><p style='font-size:18px; margin:0;'><b>Skipped: 🔐 Admin Connection URL: jdbc:sqlserver://localhost:1433;database=QADEMO;integratedSecurity=true;encrypt=false;trustServerCertificate=true;loginTimeout=30;</b></p></div>
<div style="background-color:#ffeeba; border:2px solid #856404; border-radius:10px; padding:10px 15px; text-align:left; margin:10px 0; display:inline-block; color:#856404; box-shadow: 0px 4px 6px rgba(0, 0, 0, 0.2);"><p style='font-size:18px; margin:0;'><b>Skipped: 🔐 Company Connection URL: jdbc:sqlserver://localhost:1433;database=QADEMO;integratedSecurity=true;encrypt=false;trustServerCertificate=true;loginTimeout=30;</b></p></div>
<div style='border: 1px solid #e0e0e0;padding: 8px 12px;margin: 8px 0;border-radius: 6px;background: linear-gradient(to right, #f8f9fa, #ffffff);box-shadow: 0 2px 4px rgba(0,0,0,0.05);display: inline-block;font-family: Arial, sans-serif;'><span style='font-weight: bold;color: #333;'>🌍 Browser Info:</span> <span style='color: #2c7be5;font-weight: 500;'><img src='data:image/svg+xml;base64,PHN2ZyB4bWxucz0iaHR0cDovL3d3dy53My5vcmcvMjAwMC9zdmciIHZpZXdCb3g9IjAgMCA0NDggNTEyIj48cGF0aCBmaWxsPSIjRkZDMTAyIiBkPSJNMjI0IDI1NmMwIDEyLjktNyAyNC40LTE3LjcgMjkuNkwxODcgMzA5LjljLTUuNCAzLTEyLjMgMy4xLTE3LjcuMS0xMC40LTUuOS0xNi43LTE2LjktMTYuNy0yOC42VjE5OGMwLTEyLjkgNy0yNC40IDE3LjctMjkuNkwxODcgMTQyLjFjNS40LTMgMTIuMy0zLjEgMTcuNy0uMSAxMC40IDUuOSAxNi43IDE2LjkgMTYuNyAyOC42djU4LjJ6Ii8+PHBhdGggZmlsbD0iIzRBNDlGNSIgZD0iTTIyNCAyNTZjMCAxMi45LTcgMjQuNC0xNy43IDI5LjZMMTg3IDMwOS45Yy01LjQgMy0xMi4zIDMuMS0xNy43LjEtMTAuNC01LjktMTYuNy0xNi45LTE2LjctMjguNlYxOThjMC0xMi45IDctMjQuNCAxNy43LTI5LjZMMTg3IDE0Mi4xYzUuNC0zIDEyLjMtMy4xIDE3LjctLjEgMTAuNCA1LjkgMTYuNyAxNi45IDE2LjcgMjguNnY1OC4yeiIvPjxwYXRoIGZpbGw9IiNGRkMxMDIiIGQ9Ik0yMjQgMjU2YzAgMTIuOS03IDI0LjQtMTcuNyAyOS42TDE4NyAzMDkuOWMtNS40IDMtMTIuMyAzLjEtMTcuNy4xLTEwLjQtNS45LTE2LjctMTYuOS0xNi43LTI4LjZWMTk4YzAtMTIuOSA3LTI0LjQgMTcuNy0yOS42TDE4NyAxNDIuMWM1LjQtMyAxMi4zLTMuMSAxNy43LS4xIDEwLjQgNS45IDE2LjcgMTYuOSAxNi43IDI4LjZ2NTguMnoiLz48cGF0aCBmaWxsPSIjRkZDMTAyIiBkPSJNMjI0IDI1NmMwIDEyLjktNyAyNC40LTE3LjcgMjkuNkwxODcgMzA5LjljLTUuNCAzLTEyLjMgMy4xLTE3LjcuMS0xMC40LTUuOS0xNi43LTE2LjktMTYuNy0yOC42VjE5OGMwLTEyLjkgNy0yNC40IDE3LjctMjkuNkwxODcgMTQyLjFjNS40LTMgMTIuMy0zLjEgMTcuNy0uMSAxMC40IDUuOSAxNi43IDE2LjkgMTYuNyAyOC42djU4LjJ6Ii8+PC9zdmc+' height='20' width='20' style='vertical-align: middle;' /> <span style='color: #4285F4;'>Google Chrome</span></span></div>
<div style="border: 1px solid #ddd; padding: 8px; margin: 5px 0; border-radius: 4px; background-color: #f7f7f7; display: inline-block;"><strong>💻 #System Info</strong> :: <strong>PC Name</strong> ⇒ <span style="color: #001dff;">ANKUSH1111</span> &nbsp;&nbsp;|&nbsp;&nbsp; <strong>User</strong> ⇒ <span style="color: #006400;">HP</span></div>
Click Sucessfully==Again Double Click==Hobby: Sports
<div style='border: 1px solid #ddd; padding: 8px; margin: 5px 0; border-radius: 4px; background-color: #f7f7f7; display: inline-block;'><strong>#FILEUP 🔼</strong> :: <strong>Profile Picture</strong> File Uploaded ⇒ <span style='color: #001dff;'>valdn01_09_2025_01_09_25.png</span></div>
<div style='border: 1px solid #ddd; padding: 8px; margin: 5px 0; border-radius: 4px; background-color: #f7f7f7; display: inline-block;'><strong>#TXTBX ▭</strong> :: <strong>Current Address</strong> Value entered ⇒ <span style='color: #009;'>Pune, Maharashtra</span></div>
<div style='border: 1px solid #ddd; padding: 8px; margin: 5px 0; border-radius: 4px; background-color: #f7f7f7; display: inline-block;'><strong>#BTN 📤</strong> :: <strong>Clicked On</strong> ⇒ <span style='color: #001dff;'>Submit Button</span></div>
<font color =#18122B><b>Sceenshot Path::C:\Users\HP\Documents\Ahmedabad\ANKUSH_FRAMEWORK\ScreenShots\Validation\valdn01_11_2025_09_11_11.png</b></font>
<h4>Time :01/06/2025 09:11:12 PM</h4>
<br>
<img src="C:\Users\HP\Documents\Ahmedabad\ANKUSH_FRAMEWORK\ScreenShots\Validation\valdn01_11_2025_09_11_11.png" width="1000" height="500" ></img>
<br>
<br>
<table><tr><th style='font-weight: normal;'>Student Name</th><th>Hashim Sharma</th></tr><tr><th style='font-weight: normal;'>Student Email</th><th>hashim.sharma@test.com</th></tr><tr><th style='font-weight: normal;'>Gender</th><th>Male</th></tr><tr><th style='font-weight: normal;'>Mobile</th><th>9123456780</th></tr><tr><th style='font-weight: normal;'>Date of Birth</th><th>10 January,1997</th></tr><tr><th style='font-weight: normal;'>Subjects</th><th></th></tr><tr><th style='font-weight: normal;'>Hobbies</th><th></th></tr><tr><th style='font-weight: normal;'>Picture</th><th>valdn01_09_2025_01_09_25.png</th></tr><tr><th style='font-weight: normal;'>Address</th><th>Pune, Maharashtra</th></tr><tr><th style='font-weight: normal;'>State and City</th><th>Uttar Pradesh Lucknow</th></tr></table>
📋 Navigating to Home Page...
📋 Attempting to close modal popup (if present)...
⏳ Waiting for Home link to be clickable...
❌ Navigation to Home Page failed: Expected condition failed: waiting for element to be clickable: By.xpath: //a[contains(@href,'https://demoqa.com')] (tried for 2 second(s) with 500 milliseconds interval)
Build info: version: '4.12.1', revision: '8e34639b11'
System info: os.name: 'Windows 11', os.arch: 'amd64', os.version: '10.0', java.version: '18.0.1.1'
Driver info: org.openqa.selenium.chrome.ChromeDriver
Capabilities {acceptInsecureCerts: false, browserName: chrome, browserVersion: 136.0.7103.114, chrome: {chromedriverVersion: 136.0.7103.113 (76fa3c17824..., userDataDir: C:\Users\HP\AppData\Local\T...}, fedcm:accounts: true, goog:chromeOptions: {debuggerAddress: localhost:63964}, networkConnectionEnabled: false, pageLoadStrategy: normal, platformName: windows, proxy: Proxy(), se:cdp: ws://localhost:63964/devtoo..., se:cdpVersion: 136.0.7103.114, setWindowRect: true, strictFileInteractability: false, timeouts: {implicit: 0, pageLoad: 300000, script: 30000}, unhandledPromptBehavior: dismiss and notify, webauthn:extension:credBlob: true, webauthn:extension:largeBlob: true, webauthn:extension:minPinLength: true, webauthn:extension:prf: true, webauthn:virtualAuthenticators: true}
Session ID: d2f9308ef113afcb95539fd09b245301
<h3 style="color:#132043;"><b> Iteration Number &#10781; :3</b></h4>
<div style='border: 1px solid #e0e0e0;padding: 8px 12px;margin: 8px 0;border-radius: 6px;background: linear-gradient(to right, #f8f9fa, #ffffff);box-shadow: 0 2px 4px rgba(0,0,0,0.05);display: inline-block;font-family: Arial, sans-serif;'><span style='font-weight: bold;color: #333;'>🌍 Browser Info:</span> <span style='color: #2c7be5;font-weight: 500;'><img src='data:image/svg+xml;base64,PHN2ZyB4bWxucz0iaHR0cDovL3d3dy53My5vcmcvMjAwMC9zdmciIHZpZXdCb3g9IjAgMCA0NDggNTEyIj48cGF0aCBmaWxsPSIjRkZDMTAyIiBkPSJNMjI0IDI1NmMwIDEyLjktNyAyNC40LTE3LjcgMjkuNkwxODcgMzA5LjljLTUuNCAzLTEyLjMgMy4xLTE3LjcuMS0xMC40LTUuOS0xNi43LTE2LjktMTYuNy0yOC42VjE5OGMwLTEyLjkgNy0yNC40IDE3LjctMjkuNkwxODcgMTQyLjFjNS40LTMgMTIuMy0zLjEgMTcuNy0uMSAxMC40IDUuOSAxNi43IDE2LjkgMTYuNyAyOC42djU4LjJ6Ii8+PHBhdGggZmlsbD0iIzRBNDlGNSIgZD0iTTIyNCAyNTZjMCAxMi45LTcgMjQuNC0xNy43IDI5LjZMMTg3IDMwOS45Yy01LjQgMy0xMi4zIDMuMS0xNy43LjEtMTAuNC01LjktMTYuNy0xNi45LTE2LjctMjguNlYxOThjMC0xMi45IDctMjQuNCAxNy43LTI5LjZMMTg3IDE0Mi4xYzUuNC0zIDEyLjMtMy4xIDE3LjctLjEgMTAuNCA1LjkgMTYuNyAxNi45IDE2LjcgMjguNnY1OC4yeiIvPjxwYXRoIGZpbGw9IiNGRkMxMDIiIGQ9Ik0yMjQgMjU2YzAgMTIuOS03IDI0LjQtMTcuNyAyOS42TDE4NyAzMDkuOWMtNS40IDMtMTIuMyAzLjEtMTcuNy4xLTEwLjQtNS45LTE2LjctMTYuOS0xNi43LTI4LjZWMTk4YzAtMTIuOSA3LTI0LjQgMTcuNy0yOS42TDE4NyAxNDIuMWM1LjQtMyAxMi4zLTMuMSAxNy43LS4xIDEwLjQgNS45IDE2LjcgMTYuOSAxNi43IDI4LjZ2NTguMnoiLz48cGF0aCBmaWxsPSIjRkZDMTAyIiBkPSJNMjI0IDI1NmMwIDEyLjktNyAyNC40LTE3LjcgMjkuNkwxODcgMzA5LjljLTUuNCAzLTEyLjMgMy4xLTE3LjcuMS0xMC40LTUuOS0xNi43LTE2LjktMTYuNy0yOC42VjE5OGMwLTEyLjkgNy0yNC40IDE3LjctMjkuNkwxODcgMTQyLjFjNS40LTMgMTIuMy0zLjEgMTcuNy0uMSAxMC40IDUuOSAxNi43IDE2LjkgMTYuNyAyOC42djU4LjJ6Ii8+PC9zdmc+' height='20' width='20' style='vertical-align: middle;' /> <span style='color: #4285F4;'>Google Chrome</span></span></div>
<div style="border: 1px solid #ddd; padding: 8px; margin: 5px 0; border-radius: 4px; background-color: #f7f7f7; display: inline-block;"><strong>💻 #System Info</strong> :: <strong>PC Name</strong> ⇒ <span style="color: #001dff;">ANKUSH1111</span> &nbsp;&nbsp;|&nbsp;&nbsp; <strong>User</strong> ⇒ <span style="color: #006400;">HP</span></div>
<div style='border: 1px solid #ddd; padding: 8px; margin: 5px 0; border-radius: 4px; background-color: #f7f7f7; display: inline-block;'><strong>#TXTBX ▭</strong> :: <strong>Full Name</strong> Value entered ⇒ <span style='color: #009;'>Priya Sharma</span></div>
<div style='border: 1px solid #ddd; padding: 8px; margin: 5px 0; border-radius: 4px; background-color: #f7f7f7; display: inline-block;'><strong>#TXTBX ▭</strong> :: <strong>Email</strong> Value entered ⇒ <span style='color: #009;'>priya.sharma@test.com</span></div>
<div style='border: 1px solid #ddd; padding: 8px; margin: 5px 0; border-radius: 4px; background-color: #f7f7f7; display: inline-block;'><strong>#TXTBX ▭</strong> :: <strong>Current Address</strong> Value entered ⇒ <span style='color: #009;'>Pune, Maharashtra</span></div>
<div style='border: 1px solid #ddd; padding: 8px; margin: 5px 0; border-radius: 4px; background-color: #f7f7f7; display: inline-block;'><strong>#TXTBX ▭</strong> :: <strong>Permanent Address</strong> Value entered ⇒ <span style='color: #009;'>Nagpur, Maharashtra</span></div>
<div style='border: 1px solid #ddd; padding: 8px; margin: 5px 0; border-radius: 4px; background-color: #f7f7f7; display: inline-block;'><strong>#BTN 📤</strong> :: <strong>Clicked On</strong> ⇒ <span style='color: #001dff;'>Submit Button</span></div>
📋 Navigating to Home Page...
📋 Attempting to close modal popup (if present)...
⏳ Waiting for Home link to be clickable...
✅ Home link found: https://demoqa.com/
📋 Clicking on Home link...
⏳ Waiting for loader to disappear...
⏳ Verifying home page load...
❌ Navigation to Home Page failed: Expected condition failed: waiting for url to contain "home". Current url: "https://demoqa.com/" (tried for 10 second(s) with 500 milliseconds interval)
Build info: version: '4.12.1', revision: '8e34639b11'
System info: os.name: 'Windows 11', os.arch: 'amd64', os.version: '10.0', java.version: '18.0.1.1'
Driver info: org.openqa.selenium.chrome.ChromeDriver
Capabilities {acceptInsecureCerts: false, browserName: chrome, browserVersion: 136.0.7103.114, chrome: {chromedriverVersion: 136.0.7103.113 (76fa3c17824..., userDataDir: C:\Users\HP\AppData\Local\T...}, fedcm:accounts: true, goog:chromeOptions: {debuggerAddress: localhost:63962}, networkConnectionEnabled: false, pageLoadStrategy: normal, platformName: windows, proxy: Proxy(), se:cdp: ws://localhost:63962/devtoo..., se:cdpVersion: 136.0.7103.114, setWindowRect: true, strictFileInteractability: false, timeouts: {implicit: 0, pageLoad: 300000, script: 30000}, unhandledPromptBehavior: dismiss and notify, webauthn:extension:credBlob: true, webauthn:extension:largeBlob: true, webauthn:extension:minPinLength: true, webauthn:extension:prf: true, webauthn:virtualAuthenticators: true}
Session ID: 40bb75698d2fe6383849b73a3523e5f4
<h3 style="color:#132043;"><b> Iteration Number &#10781; :3</b></h4>
<div style='border: 1px solid #e0e0e0;padding: 8px 12px;margin: 8px 0;border-radius: 6px;background: linear-gradient(to right, #f8f9fa, #ffffff);box-shadow: 0 2px 4px rgba(0,0,0,0.05);display: inline-block;font-family: Arial, sans-serif;'><span style='font-weight: bold;color: #333;'>🌍 Browser Info:</span> <span style='color: #2c7be5;font-weight: 500;'><img src='data:image/svg+xml;base64,PHN2ZyB4bWxucz0iaHR0cDovL3d3dy53My5vcmcvMjAwMC9zdmciIHZpZXdCb3g9IjAgMCA0NDggNTEyIj48cGF0aCBmaWxsPSIjRkZDMTAyIiBkPSJNMjI0IDI1NmMwIDEyLjktNyAyNC40LTE3LjcgMjkuNkwxODcgMzA5LjljLTUuNCAzLTEyLjMgMy4xLTE3LjcuMS0xMC40LTUuOS0xNi43LTE2LjktMTYuNy0yOC42VjE5OGMwLTEyLjkgNy0yNC40IDE3LjctMjkuNkwxODcgMTQyLjFjNS40LTMgMTIuMy0zLjEgMTcuNy0uMSAxMC40IDUuOSAxNi43IDE2LjkgMTYuNyAyOC42djU4LjJ6Ii8+PHBhdGggZmlsbD0iIzRBNDlGNSIgZD0iTTIyNCAyNTZjMCAxMi45LTcgMjQuNC0xNy43IDI5LjZMMTg3IDMwOS45Yy01LjQgMy0xMi4zIDMuMS0xNy43LjEtMTAuNC01LjktMTYuNy0xNi45LTE2LjctMjguNlYxOThjMC0xMi45IDctMjQuNCAxNy43LTI5LjZMMTg3IDE0Mi4xYzUuNC0zIDEyLjMtMy4xIDE3LjctLjEgMTAuNCA1LjkgMTYuNyAxNi45IDE2LjcgMjguNnY1OC4yeiIvPjxwYXRoIGZpbGw9IiNGRkMxMDIiIGQ9Ik0yMjQgMjU2YzAgMTIuOS03IDI0LjQtMTcuNyAyOS42TDE4NyAzMDkuOWMtNS40IDMtMTIuMyAzLjEtMTcuNy4xLTEwLjQtNS45LTE2LjctMTYuOS0xNi43LTI4LjZWMTk4YzAtMTIuOSA3LTI0LjQgMTcuNy0yOS42TDE4NyAxNDIuMWM1LjQtMyAxMi4zLTMuMSAxNy43LS4xIDEwLjQgNS45IDE2LjcgMTYuOSAxNi43IDI4LjZ2NTguMnoiLz48cGF0aCBmaWxsPSIjRkZDMTAyIiBkPSJNMjI0IDI1NmMwIDEyLjktNyAyNC40LTE3LjcgMjkuNkwxODcgMzA5LjljLTUuNCAzLTEyLjMgMy4xLTE3LjcuMS0xMC40LTUuOS0xNi43LTE2LjktMTYuNy0yOC42VjE5OGMwLTEyLjkgNy0yNC40IDE3LjctMjkuNkwxODcgMTQyLjFjNS40LTMgMTIuMy0zLjEgMTcuNy0uMSAxMC40IDUuOSAxNi43IDE2LjkgMTYuNyAyOC42djU4LjJ6Ii8+PC9zdmc+' height='20' width='20' style='vertical-align: middle;' /> <span style='color: #4285F4;'>Google Chrome</span></span></div>
<div style="border: 1px solid #ddd; padding: 8px; margin: 5px 0; border-radius: 4px; background-color: #f7f7f7; display: inline-block;"><strong>💻 #System Info</strong> :: <strong>PC Name</strong> ⇒ <span style="color: #001dff;">ANKUSH1111</span> &nbsp;&nbsp;|&nbsp;&nbsp; <strong>User</strong> ⇒ <span style="color: #006400;">HP</span></div>
<div style='border: 1px solid #ddd; padding: 8px; margin: 5px 0; border-radius: 4px; background-color: #f7f7f7; display: inline-block;'><strong>#TXTBX ▭</strong> :: <strong>First Name</strong> Value entered ⇒ <span style='color: #009;'>Rahul</span></div>
<div style='border: 1px solid #ddd; padding: 8px; margin: 5px 0; border-radius: 4px; background-color: #f7f7f7; display: inline-block;'><strong>#TXTBX ▭</strong> :: <strong>Last Name</strong> Value entered ⇒ <span style='color: #009;'>Verma</span></div>
<div style='border: 1px solid #ddd; padding: 8px; margin: 5px 0; border-radius: 4px; background-color: #f7f7f7; display: inline-block;'><strong>#TXTBX ▭</strong> :: <strong>Email</strong> Value entered ⇒ <span style='color: #009;'>rahul.verma@test.com</span></div>
Clicked On :: Gender Male Radio
<div style='border: 1px solid #ddd; padding: 8px; margin: 5px 0; border-radius: 4px; background-color: #f7f7f7; display: inline-block;'><strong>#TXTBX ▭</strong> :: <strong>Mobile Number</strong> Value entered ⇒ <span style='color: #009;'>9988776655</span></div>
Clicked On :: Date Picker - Date of Birth
#DATEPICKER 📅 :: Date of Birth :: Date successfully picked :: 25-10-1990
<div style='border: 1px solid #ddd; padding: 8px; margin: 5px 0; border-radius: 4px; background-color: #f7f7f7; display: inline-block;'><strong>#TXTBX ▭</strong> :: <strong>Subject</strong> Value entered ⇒ <span style='color: #009;'>Chemistry</span></div>
<div style='border: 1px solid #ddd; padding: 8px; margin: 5px 0; border-radius: 4px; background-color: #f7f7f7; display: inline-block;'><strong>#TXTBX ▭</strong> :: <strong>Full Name</strong> Value entered ⇒ <span style='color: #009;'>Rahul Verma</span></div>
<div style='border: 1px solid #ddd; padding: 8px; margin: 5px 0; border-radius: 4px; background-color: #f7f7f7; display: inline-block;'><strong>#TXTBX ▭</strong> :: <strong>Email</strong> Value entered ⇒ <span style='color: #009;'>rahul.verma@test.com</span></div>
<div style='border: 1px solid #ddd; padding: 8px; margin: 5px 0; border-radius: 4px; background-color: #f7f7f7; display: inline-block;'><strong>#TXTBX ▭</strong> :: <strong>Current Address</strong> Value entered ⇒ <span style='color: #009;'>Bhopal, Madhya Pradesh</span></div>
<div style='border: 1px solid #ddd; padding: 8px; margin: 5px 0; border-radius: 4px; background-color: #f7f7f7; display: inline-block;'><strong>#TXTBX ▭</strong> :: <strong>Permanent Address</strong> Value entered ⇒ <span style='color: #009;'>Indore, Madhya Pradesh</span></div>
<div style='border: 1px solid #ddd; padding: 8px; margin: 5px 0; border-radius: 4px; background-color: #f7f7f7; display: inline-block;'><strong>#BTN 📤</strong> :: <strong>Clicked On</strong> ⇒ <span style='color: #001dff;'>Submit Button</span></div>
📋 Navigating to Home Page...
📋 Attempting to close modal popup (if present)...
⏳ Waiting for Home link to be clickable...
✅ Home link found: https://demoqa.com/
📋 Clicking on Home link...
Click Sucessfully==Again Double Click==Hobby: Music
<div style='border: 1px solid #ddd; padding: 8px; margin: 5px 0; border-radius: 4px; background-color: #f7f7f7; display: inline-block;'><strong>#FILEUP 🔼</strong> :: <strong>Profile Picture</strong> File Uploaded ⇒ <span style='color: #001dff;'>valdn01_09_2025_01_09_39.png</span></div>
<div style='border: 1px solid #ddd; padding: 8px; margin: 5px 0; border-radius: 4px; background-color: #f7f7f7; display: inline-block;'><strong>#TXTBX ▭</strong> :: <strong>Current Address</strong> Value entered ⇒ <span style='color: #009;'>Bhopal, Madhya Pradesh</span></div>
<div style='border: 1px solid #ddd; padding: 8px; margin: 5px 0; border-radius: 4px; background-color: #f7f7f7; display: inline-block;'><strong>#BTN 📤</strong> :: <strong>Clicked On</strong> ⇒ <span style='color: #001dff;'>Submit Button</span></div>
⏳ Waiting for loader to disappear...
⏳ Verifying home page load...
<font color =#18122B><b>Sceenshot Path::C:\Users\HP\Documents\Ahmedabad\ANKUSH_FRAMEWORK\ScreenShots\Validation\valdn01_11_2025_09_11_54.png</b></font>
<h4>Time :01/06/2025 09:11:54 PM</h4>
<br>
<img src="C:\Users\HP\Documents\Ahmedabad\ANKUSH_FRAMEWORK\ScreenShots\Validation\valdn01_11_2025_09_11_54.png" width="1000" height="500" ></img>
<br>
<br>
<table><tr><th style='font-weight: normal;'>Student Name</th><th>Rahul Verma</th></tr><tr><th style='font-weight: normal;'>Student Email</th><th>rahul.verma@test.com</th></tr><tr><th style='font-weight: normal;'>Gender</th><th>Male</th></tr><tr><th style='font-weight: normal;'>Mobile</th><th>9988776655</th></tr><tr><th style='font-weight: normal;'>Date of Birth</th><th>25 October,1990</th></tr><tr><th style='font-weight: normal;'>Subjects</th><th>Chemistry</th></tr><tr><th style='font-weight: normal;'>Hobbies</th><th>Music</th></tr><tr><th style='font-weight: normal;'>Picture</th><th>valdn01_09_2025_01_09_39.png</th></tr><tr><th style='font-weight: normal;'>Address</th><th>Bhopal, Madhya Pradesh</th></tr><tr><th style='font-weight: normal;'>State and City</th><th>Haryana Karnal</th></tr></table>
📋 Navigating to Home Page...
📋 Attempting to close modal popup (if present)...
⏳ Waiting for Home link to be clickable...
❌ Navigation to Home Page failed: Expected condition failed: waiting for element to be clickable: By.xpath: //a[contains(@href,'https://demoqa.com')] (tried for 2 second(s) with 500 milliseconds interval)
Build info: version: '4.12.1', revision: '8e34639b11'
System info: os.name: 'Windows 11', os.arch: 'amd64', os.version: '10.0', java.version: '18.0.1.1'
Driver info: org.openqa.selenium.chrome.ChromeDriver
Capabilities {acceptInsecureCerts: false, browserName: chrome, browserVersion: 136.0.7103.114, chrome: {chromedriverVersion: 136.0.7103.113 (76fa3c17824..., userDataDir: C:\Users\HP\AppData\Local\T...}, fedcm:accounts: true, goog:chromeOptions: {debuggerAddress: localhost:63964}, networkConnectionEnabled: false, pageLoadStrategy: normal, platformName: windows, proxy: Proxy(), se:cdp: ws://localhost:63964/devtoo..., se:cdpVersion: 136.0.7103.114, setWindowRect: true, strictFileInteractability: false, timeouts: {implicit: 0, pageLoad: 300000, script: 30000}, unhandledPromptBehavior: dismiss and notify, webauthn:extension:credBlob: true, webauthn:extension:largeBlob: true, webauthn:extension:minPinLength: true, webauthn:extension:prf: true, webauthn:virtualAuthenticators: true}
Session ID: d2f9308ef113afcb95539fd09b245301
<h3 style="color:#132043;"><b> Iteration Number &#10781; :4</b></h4>
<div style='border: 1px solid #e0e0e0;padding: 8px 12px;margin: 8px 0;border-radius: 6px;background: linear-gradient(to right, #f8f9fa, #ffffff);box-shadow: 0 2px 4px rgba(0,0,0,0.05);display: inline-block;font-family: Arial, sans-serif;'><span style='font-weight: bold;color: #333;'>🌍 Browser Info:</span> <span style='color: #2c7be5;font-weight: 500;'><img src='data:image/svg+xml;base64,PHN2ZyB4bWxucz0iaHR0cDovL3d3dy53My5vcmcvMjAwMC9zdmciIHZpZXdCb3g9IjAgMCA0NDggNTEyIj48cGF0aCBmaWxsPSIjRkZDMTAyIiBkPSJNMjI0IDI1NmMwIDEyLjktNyAyNC40LTE3LjcgMjkuNkwxODcgMzA5LjljLTUuNCAzLTEyLjMgMy4xLTE3LjcuMS0xMC40LTUuOS0xNi43LTE2LjktMTYuNy0yOC42VjE5OGMwLTEyLjkgNy0yNC40IDE3LjctMjkuNkwxODcgMTQyLjFjNS40LTMgMTIuMy0zLjEgMTcuNy0uMSAxMC40IDUuOSAxNi43IDE2LjkgMTYuNyAyOC42djU4LjJ6Ii8+PHBhdGggZmlsbD0iIzRBNDlGNSIgZD0iTTIyNCAyNTZjMCAxMi45LTcgMjQuNC0xNy43IDI5LjZMMTg3IDMwOS45Yy01LjQgMy0xMi4zIDMuMS0xNy43LjEtMTAuNC01LjktMTYuNy0xNi45LTE2LjctMjguNlYxOThjMC0xMi45IDctMjQuNCAxNy43LTI5LjZMMTg3IDE0Mi4xYzUuNC0zIDEyLjMtMy4xIDE3LjctLjEgMTAuNCA1LjkgMTYuNyAxNi45IDE2LjcgMjguNnY1OC4yeiIvPjxwYXRoIGZpbGw9IiNGRkMxMDIiIGQ9Ik0yMjQgMjU2YzAgMTIuOS03IDI0LjQtMTcuNyAyOS42TDE4NyAzMDkuOWMtNS40IDMtMTIuMyAzLjEtMTcuNy4xLTEwLjQtNS45LTE2LjctMTYuOS0xNi43LTI4LjZWMTk4YzAtMTIuOSA3LTI0LjQgMTcuNy0yOS42TDE4NyAxNDIuMWM1LjQtMyAxMi4zLTMuMSAxNy43LS4xIDEwLjQgNS45IDE2LjcgMTYuOSAxNi43IDI4LjZ2NTguMnoiLz48cGF0aCBmaWxsPSIjRkZDMTAyIiBkPSJNMjI0IDI1NmMwIDEyLjktNyAyNC40LTE3LjcgMjkuNkwxODcgMzA5LjljLTUuNCAzLTEyLjMgMy4xLTE3LjcuMS0xMC40LTUuOS0xNi43LTE2LjktMTYuNy0yOC42VjE5OGMwLTEyLjkgNy0yNC40IDE3LjctMjkuNkwxODcgMTQyLjFjNS40LTMgMTIuMy0zLjEgMTcuNy0uMSAxMC40IDUuOSAxNi43IDE2LjkgMTYuNyAyOC42djU4LjJ6Ii8+PC9zdmc+' height='20' width='20' style='vertical-align: middle;' /> <span style='color: #4285F4;'>Google Chrome</span></span></div>
<div style="border: 1px solid #ddd; padding: 8px; margin: 5px 0; border-radius: 4px; background-color: #f7f7f7; display: inline-block;"><strong>💻 #System Info</strong> :: <strong>PC Name</strong> ⇒ <span style="color: #001dff;">ANKUSH1111</span> &nbsp;&nbsp;|&nbsp;&nbsp; <strong>User</strong> ⇒ <span style="color: #006400;">HP</span></div>
<div style='border: 1px solid #ddd; padding: 8px; margin: 5px 0; border-radius: 4px; background-color: #f7f7f7; display: inline-block;'><strong>#TXTBX ▭</strong> :: <strong>First Name</strong> Value entered ⇒ <span style='color: #009;'>Rahul</span></div>
<div style='border: 1px solid #ddd; padding: 8px; margin: 5px 0; border-radius: 4px; background-color: #f7f7f7; display: inline-block;'><strong>#TXTBX ▭</strong> :: <strong>Last Name</strong> Value entered ⇒ <span style='color: #009;'>Verma</span></div>
<div style='border: 1px solid #ddd; padding: 8px; margin: 5px 0; border-radius: 4px; background-color: #f7f7f7; display: inline-block;'><strong>#TXTBX ▭</strong> :: <strong>Email</strong> Value entered ⇒ <span style='color: #009;'>rahul.verma@test.com</span></div>
Clicked On :: Gender Male Radio
<div style='border: 1px solid #ddd; padding: 8px; margin: 5px 0; border-radius: 4px; background-color: #f7f7f7; display: inline-block;'><strong>#TXTBX ▭</strong> :: <strong>Mobile Number</strong> Value entered ⇒ <span style='color: #009;'>9988776655</span></div>
<div style='border: 1px solid #ddd; padding: 8px; margin: 5px 0; border-radius: 4px; background-color: #f7f7f7; display: inline-block;'><strong>#TXTBX ▭</strong> :: <strong>First Name</strong> Value entered ⇒ <span style='color: #009;'>Sneha</span></div>
<div style='border: 1px solid #ddd; padding: 8px; margin: 5px 0; border-radius: 4px; background-color: #f7f7f7; display: inline-block;'><strong>#TXTBX ▭</strong> :: <strong>Last Name</strong> Value entered ⇒ <span style='color: #009;'>Patil</span></div>
<div style='border: 1px solid #ddd; padding: 8px; margin: 5px 0; border-radius: 4px; background-color: #f7f7f7; display: inline-block;'><strong>#TXTBX ▭</strong> :: <strong>Email</strong> Value entered ⇒ <span style='color: #009;'>sneha.patil@test.com</span></div>
Clicked On :: Gender Female Radio
<div style='border: 1px solid #ddd; padding: 8px; margin: 5px 0; border-radius: 4px; background-color: #f7f7f7; display: inline-block;'><strong>#TXTBX ▭</strong> :: <strong>Mobile Number</strong> Value entered ⇒ <span style='color: #009;'>9871234567</span></div>
❌ Navigation to Home Page failed: Expected condition failed: waiting for url to contain "home". Current url: "https://demoqa.com/" (tried for 10 second(s) with 500 milliseconds interval)
Build info: version: '4.12.1', revision: '8e34639b11'
System info: os.name: 'Windows 11', os.arch: 'amd64', os.version: '10.0', java.version: '18.0.1.1'
Driver info: org.openqa.selenium.chrome.ChromeDriver
Capabilities {acceptInsecureCerts: false, browserName: chrome, browserVersion: 136.0.7103.114, chrome: {chromedriverVersion: 136.0.7103.113 (76fa3c17824..., userDataDir: C:\Users\HP\AppData\Local\T...}, fedcm:accounts: true, goog:chromeOptions: {debuggerAddress: localhost:63962}, networkConnectionEnabled: false, pageLoadStrategy: normal, platformName: windows, proxy: Proxy(), se:cdp: ws://localhost:63962/devtoo..., se:cdpVersion: 136.0.7103.114, setWindowRect: true, strictFileInteractability: false, timeouts: {implicit: 0, pageLoad: 300000, script: 30000}, unhandledPromptBehavior: dismiss and notify, webauthn:extension:credBlob: true, webauthn:extension:largeBlob: true, webauthn:extension:minPinLength: true, webauthn:extension:prf: true, webauthn:virtualAuthenticators: true}
Session ID: 40bb75698d2fe6383849b73a3523e5f4
<h3 style="color:#132043;"><b> Iteration Number &#10781; :4</b></h4>
<div style='border: 1px solid #e0e0e0;padding: 8px 12px;margin: 8px 0;border-radius: 6px;background: linear-gradient(to right, #f8f9fa, #ffffff);box-shadow: 0 2px 4px rgba(0,0,0,0.05);display: inline-block;font-family: Arial, sans-serif;'><span style='font-weight: bold;color: #333;'>🌍 Browser Info:</span> <span style='color: #2c7be5;font-weight: 500;'><img src='data:image/svg+xml;base64,PHN2ZyB4bWxucz0iaHR0cDovL3d3dy53My5vcmcvMjAwMC9zdmciIHZpZXdCb3g9IjAgMCA0NDggNTEyIj48cGF0aCBmaWxsPSIjRkZDMTAyIiBkPSJNMjI0IDI1NmMwIDEyLjktNyAyNC40LTE3LjcgMjkuNkwxODcgMzA5LjljLTUuNCAzLTEyLjMgMy4xLTE3LjcuMS0xMC40LTUuOS0xNi43LTE2LjktMTYuNy0yOC42VjE5OGMwLTEyLjkgNy0yNC40IDE3LjctMjkuNkwxODcgMTQyLjFjNS40LTMgMTIuMy0zLjEgMTcuNy0uMSAxMC40IDUuOSAxNi43IDE2LjkgMTYuNyAyOC42djU4LjJ6Ii8+PHBhdGggZmlsbD0iIzRBNDlGNSIgZD0iTTIyNCAyNTZjMCAxMi45LTcgMjQuNC0xNy43IDI5LjZMMTg3IDMwOS45Yy01LjQgMy0xMi4zIDMuMS0xNy43LjEtMTAuNC01LjktMTYuNy0xNi45LTE2LjctMjguNlYxOThjMC0xMi45IDctMjQuNCAxNy43LTI5LjZMMTg3IDE0Mi4xYzUuNC0zIDEyLjMtMy4xIDE3LjctLjEgMTAuNCA1LjkgMTYuNyAxNi45IDE2LjcgMjguNnY1OC4yeiIvPjxwYXRoIGZpbGw9IiNGRkMxMDIiIGQ9Ik0yMjQgMjU2YzAgMTIuOS03IDI0LjQtMTcuNyAyOS42TDE4NyAzMDkuOWMtNS40IDMtMTIuMyAzLjEtMTcuNy4xLTEwLjQtNS45LTE2LjctMTYuOS0xNi43LTI4LjZWMTk4YzAtMTIuOSA3LTI0LjQgMTcuNy0yOS42TDE4NyAxNDIuMWM1LjQtMyAxMi4zLTMuMSAxNy43LS4xIDEwLjQgNS45IDE2LjcgMTYuOSAxNi43IDI4LjZ2NTguMnoiLz48cGF0aCBmaWxsPSIjRkZDMTAyIiBkPSJNMjI0IDI1NmMwIDEyLjktNyAyNC40LTE3LjcgMjkuNkwxODcgMzA5LjljLTUuNCAzLTEyLjMgMy4xLTE3LjcuMS0xMC40LTUuOS0xNi43LTE2LjktMTYuNy0yOC42VjE5OGMwLTEyLjkgNy0yNC40IDE3LjctMjkuNkwxODcgMTQyLjFjNS40LTMgMTIuMy0zLjEgMTcuNy0uMSAxMC40IDUuOSAxNi43IDE2LjkgMTYuNyAyOC42djU4LjJ6Ii8+PC9zdmc+' height='20' width='20' style='vertical-align: middle;' /> <span style='color: #4285F4;'>Google Chrome</span></span></div>
<div style="border: 1px solid #ddd; padding: 8px; margin: 5px 0; border-radius: 4px; background-color: #f7f7f7; display: inline-block;"><strong>💻 #System Info</strong> :: <strong>PC Name</strong> ⇒ <span style="color: #001dff;">ANKUSH1111</span> &nbsp;&nbsp;|&nbsp;&nbsp; <strong>User</strong> ⇒ <span style="color: #006400;">HP</span></div>
Clicked On :: Date Picker - Date of Birth
#DATEPICKER 📅 :: Date of Birth :: Date successfully picked :: 20/03/1988
<div style='border: 1px solid #ddd; padding: 8px; margin: 5px 0; border-radius: 4px; background-color: #f7f7f7; display: inline-block;'><strong>#TXTBX ▭</strong> :: <strong>Subject</strong> Value entered ⇒ <span style='color: #009;'>Chemistry</span></div>
Clicked On :: Date Picker - Date of Birth
#DATEPICKER 📅 :: Date of Birth :: Date successfully picked :: 27-01-2004
<div style='border: 1px solid #ddd; padding: 8px; margin: 5px 0; border-radius: 4px; background-color: #f7f7f7; display: inline-block;'><strong>#TXTBX ▭</strong> :: <strong>Subject</strong> Value entered ⇒ <span style='color: #009;'>Biology</span></div>
<div style='border: 1px solid #ddd; padding: 8px; margin: 5px 0; border-radius: 4px; background-color: #f7f7f7; display: inline-block;'><strong>#TXTBX ▭</strong> :: <strong>Full Name</strong> Value entered ⇒ <span style='color: #009;'>Sneha Patil</span></div>
<div style='border: 1px solid #ddd; padding: 8px; margin: 5px 0; border-radius: 4px; background-color: #f7f7f7; display: inline-block;'><strong>#TXTBX ▭</strong> :: <strong>Email</strong> Value entered ⇒ <span style='color: #009;'>sneha.patil@test.com</span></div>
Click Sucessfully==Again Double Click==Hobby: Music
<div style='border: 1px solid #ddd; padding: 8px; margin: 5px 0; border-radius: 4px; background-color: #f7f7f7; display: inline-block;'><strong>#FILEUP 🔼</strong> :: <strong>Profile Picture</strong> File Uploaded ⇒ <span style='color: #001dff;'>valdn01_06_2025_02_06_50.png</span></div>
<div style='border: 1px solid #ddd; padding: 8px; margin: 5px 0; border-radius: 4px; background-color: #f7f7f7; display: inline-block;'><strong>#TXTBX ▭</strong> :: <strong>Current Address</strong> Value entered ⇒ <span style='color: #009;'>Nashik, Maharashtra</span></div>
<div style='border: 1px solid #ddd; padding: 8px; margin: 5px 0; border-radius: 4px; background-color: #f7f7f7; display: inline-block;'><strong>#TXTBX ▭</strong> :: <strong>Current Address</strong> Value entered ⇒ <span style='color: #009;'>Bhopal, Madhya Pradesh</span></div>
<div style='border: 1px solid #ddd; padding: 8px; margin: 5px 0; border-radius: 4px; background-color: #f7f7f7; display: inline-block;'><strong>#TXTBX ▭</strong> :: <strong>Permanent Address</strong> Value entered ⇒ <span style='color: #009;'>Kolhapur, Maharashtra</span></div>
Click Sucessfully==Again Double Click==Hobby: Reading
Clicked On :: Hobby: Sports
<div style='border: 1px solid #ddd; padding: 8px; margin: 5px 0; border-radius: 4px; background-color: #f7f7f7; display: inline-block;'><strong>#BTN 📤</strong> :: <strong>Clicked On</strong> ⇒ <span style='color: #001dff;'>Submit Button</span></div>
<div style='border: 1px solid #ddd; padding: 8px; margin: 5px 0; border-radius: 4px; background-color: #f7f7f7; display: inline-block;'><strong>#FILEUP 🔼</strong> :: <strong>Profile Picture</strong> File Uploaded ⇒ <span style='color: #001dff;'>valdn01_09_2025_01_09_54.png</span></div>
📋 Navigating to Home Page...
📋 Attempting to close modal popup (if present)...
⏳ Waiting for Home link to be clickable...
✅ Home link found: https://demoqa.com/
📋 Clicking on Home link...
<div style='border: 1px solid #ddd; padding: 8px; margin: 5px 0; border-radius: 4px; background-color: #f7f7f7; display: inline-block;'><strong>#TXTBX ▭</strong> :: <strong>Current Address</strong> Value entered ⇒ <span style='color: #009;'>Nashik, Maharashtra</span></div>
<div style='border: 1px solid #ddd; padding: 8px; margin: 5px 0; border-radius: 4px; background-color: #f7f7f7; display: inline-block;'><strong>#BTN 📤</strong> :: <strong>Clicked On</strong> ⇒ <span style='color: #001dff;'>Submit Button</span></div>
<div style='border: 1px solid #ddd; padding: 8px; margin: 5px 0; border-radius: 4px; background-color: #f7f7f7; display: inline-block;'><strong>#BTN 📤</strong> :: <strong>Clicked On</strong> ⇒ <span style='color: #001dff;'>Submit Button</span></div>
<font color =#18122B><b>Sceenshot Path::C:\Users\HP\Documents\Ahmedabad\ANKUSH_FRAMEWORK\ScreenShots\Validation\valdn01_12_2025_09_12_12.png</b></font>
<h4>Time :01/06/2025 09:12:13 PM</h4>
<br>
<img src="C:\Users\HP\Documents\Ahmedabad\ANKUSH_FRAMEWORK\ScreenShots\Validation\valdn01_12_2025_09_12_12.png" width="1000" height="500" ></img>
<br>
<br>
<font color =#18122B><b>Sceenshot Path::C:\Users\HP\Documents\Ahmedabad\ANKUSH_FRAMEWORK\ScreenShots\Validation\valdn01_12_2025_09_12_13.png</b></font>
<h4>Time :01/06/2025 09:12:13 PM</h4>
<br>
<img src="C:\Users\HP\Documents\Ahmedabad\ANKUSH_FRAMEWORK\ScreenShots\Validation\valdn01_12_2025_09_12_13.png" width="1000" height="500" ></img>
<br>
<br>
<table><tr><th style='font-weight: normal;'>Student Name</th><th>Rahul Verma</th></tr><tr><th style='font-weight: normal;'>Student Email</th><th>rahul.verma@test.com</th></tr><tr><th style='font-weight: normal;'>Gender</th><th>Male</th></tr><tr><th style='font-weight: normal;'>Mobile</th><th>9988776655</th></tr><tr><th style='font-weight: normal;'>Date of Birth</th><th>20 March,1988</th></tr><tr><th style='font-weight: normal;'>Subjects</th><th>Chemistry</th></tr><tr><th style='font-weight: normal;'>Hobbies</th><th>Music</th></tr><tr><th style='font-weight: normal;'>Picture</th><th>valdn01_06_2025_02_06_50.png</th></tr><tr><th style='font-weight: normal;'>Address</th><th>Bhopal, Madhya Pradesh</th></tr><tr><th style='font-weight: normal;'>State and City</th><th>Haryana Karnal</th></tr></table>
📋 Navigating to Home Page...
📋 Attempting to close modal popup (if present)...
⏳ Waiting for Home link to be clickable...
<table><tr><th style='font-weight: normal;'>Student Name</th><th>Sneha Patil</th></tr><tr><th style='font-weight: normal;'>Student Email</th><th>sneha.patil@test.com</th></tr><tr><th style='font-weight: normal;'>Gender</th><th>Female</th></tr><tr><th style='font-weight: normal;'>Mobile</th><th>9871234567</th></tr><tr><th style='font-weight: normal;'>Date of Birth</th><th>27 January,2004</th></tr><tr><th style='font-weight: normal;'>Subjects</th><th>Biology</th></tr><tr><th style='font-weight: normal;'>Hobbies</th><th>Reading, Sports</th></tr><tr><th style='font-weight: normal;'>Picture</th><th>valdn01_09_2025_01_09_54.png</th></tr><tr><th style='font-weight: normal;'>Address</th><th>Nashik, Maharashtra</th></tr><tr><th style='font-weight: normal;'>State and City</th><th>Rajasthan Jaipur</th></tr></table>
📋 Navigating to Home Page...
📋 Attempting to close modal popup (if present)...
⏳ Waiting for Home link to be clickable...
⏳ Waiting for loader to disappear...
⏳ Verifying home page load...
❌ Navigation to Home Page failed: Expected condition failed: waiting for element to be clickable: By.xpath: //a[contains(@href,'https://demoqa.com')] (tried for 2 second(s) with 500 milliseconds interval)
Build info: version: '4.12.1', revision: '8e34639b11'
System info: os.name: 'Windows 11', os.arch: 'amd64', os.version: '10.0', java.version: '18.0.1.1'
Driver info: org.openqa.selenium.chrome.ChromeDriver
Capabilities {acceptInsecureCerts: false, browserName: chrome, browserVersion: 136.0.7103.114, chrome: {chromedriverVersion: 136.0.7103.113 (76fa3c17824..., userDataDir: C:\Users\HP\AppData\Local\T...}, fedcm:accounts: true, goog:chromeOptions: {debuggerAddress: localhost:63964}, networkConnectionEnabled: false, pageLoadStrategy: normal, platformName: windows, proxy: Proxy(), se:cdp: ws://localhost:63964/devtoo..., se:cdpVersion: 136.0.7103.114, setWindowRect: true, strictFileInteractability: false, timeouts: {implicit: 0, pageLoad: 300000, script: 30000}, unhandledPromptBehavior: dismiss and notify, webauthn:extension:credBlob: true, webauthn:extension:largeBlob: true, webauthn:extension:minPinLength: true, webauthn:extension:prf: true, webauthn:virtualAuthenticators: true}
Session ID: d2f9308ef113afcb95539fd09b245301
❌ Navigation to Home Page failed: Expected condition failed: waiting for element to be clickable: By.xpath: //a[contains(@href,'https://demoqa.com')] (tried for 2 second(s) with 500 milliseconds interval)
Build info: version: '4.12.1', revision: '8e34639b11'
System info: os.name: 'Windows 11', os.arch: 'amd64', os.version: '10.0', java.version: '18.0.1.1'
Driver info: org.openqa.selenium.chrome.ChromeDriver
Capabilities {acceptInsecureCerts: false, browserName: chrome, browserVersion: 136.0.7103.114, chrome: {chromedriverVersion: 136.0.7103.113 (76fa3c17824..., userDataDir: C:\Users\HP\AppData\Local\T...}, fedcm:accounts: true, goog:chromeOptions: {debuggerAddress: localhost:63961}, networkConnectionEnabled: false, pageLoadStrategy: normal, platformName: windows, proxy: Proxy(), se:cdp: ws://localhost:63961/devtoo..., se:cdpVersion: 136.0.7103.114, setWindowRect: true, strictFileInteractability: false, timeouts: {implicit: 0, pageLoad: 300000, script: 30000}, unhandledPromptBehavior: dismiss and notify, webauthn:extension:credBlob: true, webauthn:extension:largeBlob: true, webauthn:extension:minPinLength: true, webauthn:extension:prf: true, webauthn:virtualAuthenticators: true}
Session ID: 1e09f344d5603291de103c6987c08dbe
<h3 style="color:#132043;"><b> Iteration Number &#10781; :5</b></h4>
<h3 style="color:#132043;"><b> Iteration Number &#10781; :4</b></h4>
<div style='border: 1px solid #e0e0e0;padding: 8px 12px;margin: 8px 0;border-radius: 6px;background: linear-gradient(to right, #f8f9fa, #ffffff);box-shadow: 0 2px 4px rgba(0,0,0,0.05);display: inline-block;font-family: Arial, sans-serif;'><span style='font-weight: bold;color: #333;'>🌍 Browser Info:</span> <span style='color: #2c7be5;font-weight: 500;'><img src='data:image/svg+xml;base64,PHN2ZyB4bWxucz0iaHR0cDovL3d3dy53My5vcmcvMjAwMC9zdmciIHZpZXdCb3g9IjAgMCA0NDggNTEyIj48cGF0aCBmaWxsPSIjRkZDMTAyIiBkPSJNMjI0IDI1NmMwIDEyLjktNyAyNC40LTE3LjcgMjkuNkwxODcgMzA5LjljLTUuNCAzLTEyLjMgMy4xLTE3LjcuMS0xMC40LTUuOS0xNi43LTE2LjktMTYuNy0yOC42VjE5OGMwLTEyLjkgNy0yNC40IDE3LjctMjkuNkwxODcgMTQyLjFjNS40LTMgMTIuMy0zLjEgMTcuNy0uMSAxMC40IDUuOSAxNi43IDE2LjkgMTYuNyAyOC42djU4LjJ6Ii8+PHBhdGggZmlsbD0iIzRBNDlGNSIgZD0iTTIyNCAyNTZjMCAxMi45LTcgMjQuNC0xNy43IDI5LjZMMTg3IDMwOS45Yy01LjQgMy0xMi4zIDMuMS0xNy43LjEtMTAuNC01LjktMTYuNy0xNi45LTE2LjctMjguNlYxOThjMC0xMi45IDctMjQuNCAxNy43LTI5LjZMMTg3IDE0Mi4xYzUuNC0zIDEyLjMtMy4xIDE3LjctLjEgMTAuNCA1LjkgMTYuNyAxNi45IDE2LjcgMjguNnY1OC4yeiIvPjxwYXRoIGZpbGw9IiNGRkMxMDIiIGQ9Ik0yMjQgMjU2YzAgMTIuOS03IDI0LjQtMTcuNyAyOS42TDE4NyAzMDkuOWMtNS40IDMtMTIuMyAzLjEtMTcuNy4xLTEwLjQtNS45LTE2LjctMTYuOS0xNi43LTI4LjZWMTk4YzAtMTIuOSA3LTI0LjQgMTcuNy0yOS42TDE4NyAxNDIuMWM1LjQtMyAxMi4zLTMuMSAxNy43LS4xIDEwLjQgNS45IDE2LjcgMTYuOSAxNi43IDI4LjZ2NTguMnoiLz48cGF0aCBmaWxsPSIjRkZDMTAyIiBkPSJNMjI0IDI1NmMwIDEyLjktNyAyNC40LTE3LjcgMjkuNkwxODcgMzA5LjljLTUuNCAzLTEyLjMgMy4xLTE3LjcuMS0xMC40LTUuOS0xNi43LTE2LjktMTYuNy0yOC42VjE5OGMwLTEyLjkgNy0yNC40IDE3LjctMjkuNkwxODcgMTQyLjFjNS40LTMgMTIuMy0zLjEgMTcuNy0uMSAxMC40IDUuOSAxNi43IDE2LjkgMTYuNyAyOC42djU4LjJ6Ii8+PC9zdmc+' height='20' width='20' style='vertical-align: middle;' /> <span style='color: #4285F4;'>Google Chrome</span></span></div>
<div style="border: 1px solid #ddd; padding: 8px; margin: 5px 0; border-radius: 4px; background-color: #f7f7f7; display: inline-block;"><strong>💻 #System Info</strong> :: <strong>PC Name</strong> ⇒ <span style="color: #001dff;">ANKUSH1111</span> &nbsp;&nbsp;|&nbsp;&nbsp; <strong>User</strong> ⇒ <span style="color: #006400;">HP</span></div>
<div style='border: 1px solid #e0e0e0;padding: 8px 12px;margin: 8px 0;border-radius: 6px;background: linear-gradient(to right, #f8f9fa, #ffffff);box-shadow: 0 2px 4px rgba(0,0,0,0.05);display: inline-block;font-family: Arial, sans-serif;'><span style='font-weight: bold;color: #333;'>🌍 Browser Info:</span> <span style='color: #2c7be5;font-weight: 500;'><img src='data:image/svg+xml;base64,PHN2ZyB4bWxucz0iaHR0cDovL3d3dy53My5vcmcvMjAwMC9zdmciIHZpZXdCb3g9IjAgMCA0NDggNTEyIj48cGF0aCBmaWxsPSIjRkZDMTAyIiBkPSJNMjI0IDI1NmMwIDEyLjktNyAyNC40LTE3LjcgMjkuNkwxODcgMzA5LjljLTUuNCAzLTEyLjMgMy4xLTE3LjcuMS0xMC40LTUuOS0xNi43LTE2LjktMTYuNy0yOC42VjE5OGMwLTEyLjkgNy0yNC40IDE3LjctMjkuNkwxODcgMTQyLjFjNS40LTMgMTIuMy0zLjEgMTcuNy0uMSAxMC40IDUuOSAxNi43IDE2LjkgMTYuNyAyOC42djU4LjJ6Ii8+PHBhdGggZmlsbD0iIzRBNDlGNSIgZD0iTTIyNCAyNTZjMCAxMi45LTcgMjQuNC0xNy43IDI5LjZMMTg3IDMwOS45Yy01LjQgMy0xMi4zIDMuMS0xNy43LjEtMTAuNC01LjktMTYuNy0xNi45LTE2LjctMjguNlYxOThjMC0xMi45IDctMjQuNCAxNy43LTI5LjZMMTg3IDE0Mi4xYzUuNC0zIDEyLjMtMy4xIDE3LjctLjEgMTAuNCA1LjkgMTYuNyAxNi45IDE2LjcgMjguNnY1OC4yeiIvPjxwYXRoIGZpbGw9IiNGRkMxMDIiIGQ9Ik0yMjQgMjU2YzAgMTIuOS03IDI0LjQtMTcuNyAyOS42TDE4NyAzMDkuOWMtNS40IDMtMTIuMyAzLjEtMTcuNy4xLTEwLjQtNS45LTE2LjctMTYuOS0xNi43LTI4LjZWMTk4YzAtMTIuOSA3LTI0LjQgMTcuNy0yOS42TDE4NyAxNDIuMWM1LjQtMyAxMi4zLTMuMSAxNy43LS4xIDEwLjQgNS45IDE2LjcgMTYuOSAxNi43IDI4LjZ2NTguMnoiLz48cGF0aCBmaWxsPSIjRkZDMTAyIiBkPSJNMjI0IDI1NmMwIDEyLjktNyAyNC40LTE3LjcgMjkuNkwxODcgMzA5LjljLTUuNCAzLTEyLjMgMy4xLTE3LjcuMS0xMC40LTUuOS0xNi43LTE2LjktMTYuNy0yOC42VjE5OGMwLTEyLjkgNy0yNC40IDE3LjctMjkuNkwxODcgMTQyLjFjNS40LTMgMTIuMy0zLjEgMTcuNy0uMSAxMC40IDUuOSAxNi43IDE2LjkgMTYuNyAyOC42djU4LjJ6Ii8+PC9zdmc+' height='20' width='20' style='vertical-align: middle;' /> <span style='color: #4285F4;'>Google Chrome</span></span></div>
<div style="border: 1px solid #ddd; padding: 8px; margin: 5px 0; border-radius: 4px; background-color: #f7f7f7; display: inline-block;"><strong>💻 #System Info</strong> :: <strong>PC Name</strong> ⇒ <span style="color: #001dff;">ANKUSH1111</span> &nbsp;&nbsp;|&nbsp;&nbsp; <strong>User</strong> ⇒ <span style="color: #006400;">HP</span></div>
⏳ Waiting for loader to disappear...
⏳ Verifying home page load...
<div style='border: 1px solid #ddd; padding: 8px; margin: 5px 0; border-radius: 4px; background-color: #f7f7f7; display: inline-block;'><strong>#TXTBX ▭</strong> :: <strong>First Name</strong> Value entered ⇒ <span style='color: #009;'>Ankush</span></div>
<div style='border: 1px solid #ddd; padding: 8px; margin: 5px 0; border-radius: 4px; background-color: #f7f7f7; display: inline-block;'><strong>#TXTBX ▭</strong> :: <strong>Last Name</strong> Value entered ⇒ <span style='color: #009;'>Agle</span></div>
<div style='border: 1px solid #ddd; padding: 8px; margin: 5px 0; border-radius: 4px; background-color: #f7f7f7; display: inline-block;'><strong>#TXTBX ▭</strong> :: <strong>Email</strong> Value entered ⇒ <span style='color: #009;'>ankush.agle@test.com</span></div>
Clicked On :: Gender Male Radio
<div style='border: 1px solid #ddd; padding: 8px; margin: 5px 0; border-radius: 4px; background-color: #f7f7f7; display: inline-block;'><strong>#TXTBX ▭</strong> :: <strong>Mobile Number</strong> Value entered ⇒ <span style='color: #009;'>9876543210</span></div>
Clicked On :: Date Picker - Date of Birth
#DATEPICKER 📅 :: Date of Birth :: Date successfully picked :: 1990-01-01
<div style='border: 1px solid #ddd; padding: 8px; margin: 5px 0; border-radius: 4px; background-color: #f7f7f7; display: inline-block;'><strong>#TXTBX ▭</strong> :: <strong>Subject</strong> Value entered ⇒ <span style='color: #009;'>Math, Physics</span></div>
Clicked On :: Hobby: Reading
Clicked On :: Hobby: Music
<div style='border: 1px solid #ddd; padding: 8px; margin: 5px 0; border-radius: 4px; background-color: #f7f7f7; display: inline-block;'><strong>#FILEUP 🔼</strong> :: <strong>Profile Picture</strong> File Uploaded ⇒ <span style='color: #001dff;'>valdn01_04_2025_02_04_03.png</span></div>
<div style='border: 1px solid #ddd; padding: 8px; margin: 5px 0; border-radius: 4px; background-color: #f7f7f7; display: inline-block;'><strong>#TXTBX ▭</strong> :: <strong>Current Address</strong> Value entered ⇒ <span style='color: #009;'>Paithan, Maharashtra</span></div>
<div style='border: 1px solid #ddd; padding: 8px; margin: 5px 0; border-radius: 4px; background-color: #f7f7f7; display: inline-block;'><strong>#TXTBX ▭</strong> :: <strong>First Name</strong> Value entered ⇒ <span style='color: #009;'>Karan</span></div>
❌ Navigation to Home Page failed: Expected condition failed: waiting for url to contain "home". Current url: "https://demoqa.com/" (tried for 10 second(s) with 500 milliseconds interval)
Build info: version: '4.12.1', revision: '8e34639b11'
System info: os.name: 'Windows 11', os.arch: 'amd64', os.version: '10.0', java.version: '18.0.1.1'
Driver info: org.openqa.selenium.chrome.ChromeDriver
Capabilities {acceptInsecureCerts: false, browserName: chrome, browserVersion: 136.0.7103.114, chrome: {chromedriverVersion: 136.0.7103.113 (76fa3c17824..., userDataDir: C:\Users\HP\AppData\Local\T...}, fedcm:accounts: true, goog:chromeOptions: {debuggerAddress: localhost:63962}, networkConnectionEnabled: false, pageLoadStrategy: normal, platformName: windows, proxy: Proxy(), se:cdp: ws://localhost:63962/devtoo..., se:cdpVersion: 136.0.7103.114, setWindowRect: true, strictFileInteractability: false, timeouts: {implicit: 0, pageLoad: 300000, script: 30000}, unhandledPromptBehavior: dismiss and notify, webauthn:extension:credBlob: true, webauthn:extension:largeBlob: true, webauthn:extension:minPinLength: true, webauthn:extension:prf: true, webauthn:virtualAuthenticators: true}
Session ID: 40bb75698d2fe6383849b73a3523e5f4
<h3 style="color:#132043;"><b> Iteration Number &#10781; :5</b></h4>
<div style='border: 1px solid #e0e0e0;padding: 8px 12px;margin: 8px 0;border-radius: 6px;background: linear-gradient(to right, #f8f9fa, #ffffff);box-shadow: 0 2px 4px rgba(0,0,0,0.05);display: inline-block;font-family: Arial, sans-serif;'><span style='font-weight: bold;color: #333;'>🌍 Browser Info:</span> <span style='color: #2c7be5;font-weight: 500;'><img src='data:image/svg+xml;base64,PHN2ZyB4bWxucz0iaHR0cDovL3d3dy53My5vcmcvMjAwMC9zdmciIHZpZXdCb3g9IjAgMCA0NDggNTEyIj48cGF0aCBmaWxsPSIjRkZDMTAyIiBkPSJNMjI0IDI1NmMwIDEyLjktNyAyNC40LTE3LjcgMjkuNkwxODcgMzA5LjljLTUuNCAzLTEyLjMgMy4xLTE3LjcuMS0xMC40LTUuOS0xNi43LTE2LjktMTYuNy0yOC42VjE5OGMwLTEyLjkgNy0yNC40IDE3LjctMjkuNkwxODcgMTQyLjFjNS40LTMgMTIuMy0zLjEgMTcuNy0uMSAxMC40IDUuOSAxNi43IDE2LjkgMTYuNyAyOC42djU4LjJ6Ii8+PHBhdGggZmlsbD0iIzRBNDlGNSIgZD0iTTIyNCAyNTZjMCAxMi45LTcgMjQuNC0xNy43IDI5LjZMMTg3IDMwOS45Yy01LjQgMy0xMi4zIDMuMS0xNy43LjEtMTAuNC01LjktMTYuNy0xNi45LTE2LjctMjguNlYxOThjMC0xMi45IDctMjQuNCAxNy43LTI5LjZMMTg3IDE0Mi4xYzUuNC0zIDEyLjMtMy4xIDE3LjctLjEgMTAuNCA1LjkgMTYuNyAxNi45IDE2LjcgMjguNnY1OC4yeiIvPjxwYXRoIGZpbGw9IiNGRkMxMDIiIGQ9Ik0yMjQgMjU2YzAgMTIuOS03IDI0LjQtMTcuNyAyOS42TDE4NyAzMDkuOWMtNS40IDMtMTIuMyAzLjEtMTcuNy4xLTEwLjQtNS45LTE2LjctMTYuOS0xNi43LTI4LjZWMTk4YzAtMTIuOSA3LTI0LjQgMTcuNy0yOS42TDE4NyAxNDIuMWM1LjQtMyAxMi4zLTMuMSAxNy43LS4xIDEwLjQgNS45IDE2LjcgMTYuOSAxNi43IDI4LjZ2NTguMnoiLz48cGF0aCBmaWxsPSIjRkZDMTAyIiBkPSJNMjI0IDI1NmMwIDEyLjktNyAyNC40LTE3LjcgMjkuNkwxODcgMzA5LjljLTUuNCAzLTEyLjMgMy4xLTE3LjcuMS0xMC40LTUuOS0xNi43LTE2LjktMTYuNy0yOC42VjE5OGMwLTEyLjkgNy0yNC40IDE3LjctMjkuNkwxODcgMTQyLjFjNS40LTMgMTIuMy0zLjEgMTcuNy0uMSAxMC40IDUuOSAxNi43IDE2LjkgMTYuNyAyOC42djU4LjJ6Ii8+PC9zdmc+' height='20' width='20' style='vertical-align: middle;' /> <span style='color: #4285F4;'>Google Chrome</span></span></div>
<div style="border: 1px solid #ddd; padding: 8px; margin: 5px 0; border-radius: 4px; background-color: #f7f7f7; display: inline-block;"><strong>💻 #System Info</strong> :: <strong>PC Name</strong> ⇒ <span style="color: #001dff;">ANKUSH1111</span> &nbsp;&nbsp;|&nbsp;&nbsp; <strong>User</strong> ⇒ <span style="color: #006400;">HP</span></div>
<div style='border: 1px solid #ddd; padding: 8px; margin: 5px 0; border-radius: 4px; background-color: #f7f7f7; display: inline-block;'><strong>#TXTBX ▭</strong> :: <strong>Last Name</strong> Value entered ⇒ <span style='color: #009;'>Mehta</span></div>
<div style='border: 1px solid #ddd; padding: 8px; margin: 5px 0; border-radius: 4px; background-color: #f7f7f7; display: inline-block;'><strong>#BTN 📤</strong> :: <strong>Clicked On</strong> ⇒ <span style='color: #001dff;'>Submit Button</span></div>
<div style='border: 1px solid #ddd; padding: 8px; margin: 5px 0; border-radius: 4px; background-color: #f7f7f7; display: inline-block;'><strong>#TXTBX ▭</strong> :: <strong>Email</strong> Value entered ⇒ <span style='color: #009;'>karan.mehta@test.com</span></div>
Clicked On :: Gender Male Radio
<div style='border: 1px solid #ddd; padding: 8px; margin: 5px 0; border-radius: 4px; background-color: #f7f7f7; display: inline-block;'><strong>#TXTBX ▭</strong> :: <strong>Mobile Number</strong> Value entered ⇒ <span style='color: #009;'>9123456789</span></div>
<font color =#18122B><b>Sceenshot Path::C:\Users\HP\Documents\Ahmedabad\ANKUSH_FRAMEWORK\ScreenShots\Validation\valdn01_12_2025_09_12_26.png</b></font>
<h4>Time :01/06/2025 09:12:27 PM</h4>
<br>
<img src="C:\Users\HP\Documents\Ahmedabad\ANKUSH_FRAMEWORK\ScreenShots\Validation\valdn01_12_2025_09_12_26.png" width="1000" height="500" ></img>
<br>
<br>
<div style="background-color:#ffeeba; border:2px solid #856404; border-radius:10px; padding:10px 15px; text-align:left; margin:10px 0; display:inline-block; color:#856404; box-shadow: 0px 4px 6px rgba(0, 0, 0, 0.2);"><p style='font-size:18px; margin:0;'><b>Skipped: Screenshot saved at: C:\Users\HP\Documents\Ahmedabad\ANKUSH_FRAMEWORK\ScreenShots\Validation\valdn01_12_2025_09_12_26.png</b></p></div>
<table><tr><th style='font-weight: normal;'>Student Name</th><th>Ankush Agle</th></tr><tr><th style='font-weight: normal;'>Student Email</th><th>ankush.agle@test.com</th></tr><tr><th style='font-weight: normal;'>Gender</th><th>Male</th></tr><tr><th style='font-weight: normal;'>Mobile</th><th>9876543210</th></tr><tr><th style='font-weight: normal;'>Date of Birth</th><th>01 January,1990</th></tr><tr><th style='font-weight: normal;'>Subjects</th><th></th></tr><tr><th style='font-weight: normal;'>Hobbies</th><th>Reading, Music</th></tr><tr><th style='font-weight: normal;'>Picture</th><th>valdn01_04_2025_02_04_03.png</th></tr><tr><th style='font-weight: normal;'>Address</th><th>Paithan, Maharashtra</th></tr><tr><th style='font-weight: normal;'>State and City</th><th>NCR Delhi</th></tr></table>
✅ Updated AutomationTestingStatus for FormId 101011 to '✅ [Automation Tester] Automation Testing Successfully Done and Form Successfully Submitted :: On Timestamp 01/06/2025 09:12:27 PM'
📋 Navigating to Home Page...
📋 Attempting to close modal popup (if present)...
⏳ Waiting for Home link to be clickable...
❌ Navigation to Home Page failed: Expected condition failed: waiting for url to contain "home". Current url: "https://demoqa.com/" (tried for 10 second(s) with 500 milliseconds interval)
Build info: version: '4.12.1', revision: '8e34639b11'
System info: os.name: 'Windows 11', os.arch: 'amd64', os.version: '10.0', java.version: '18.0.1.1'
Driver info: org.openqa.selenium.chrome.ChromeDriver
Capabilities {acceptInsecureCerts: false, browserName: chrome, browserVersion: 136.0.7103.114, chrome: {chromedriverVersion: 136.0.7103.113 (76fa3c17824..., userDataDir: C:\Users\HP\AppData\Local\T...}, fedcm:accounts: true, goog:chromeOptions: {debuggerAddress: localhost:63963}, networkConnectionEnabled: false, pageLoadStrategy: normal, platformName: windows, proxy: Proxy(), se:cdp: ws://localhost:63963/devtoo..., se:cdpVersion: 136.0.7103.114, setWindowRect: true, strictFileInteractability: false, timeouts: {implicit: 0, pageLoad: 300000, script: 30000}, unhandledPromptBehavior: dismiss and notify, webauthn:extension:credBlob: true, webauthn:extension:largeBlob: true, webauthn:extension:minPinLength: true, webauthn:extension:prf: true, webauthn:virtualAuthenticators: true}
Session ID: 2d878eeb16294432cfaadd75059ef6bf
<div style="background-color:#ffeeba; border:2px solid #856404; border-radius:10px; padding:10px 15px; text-align:left; margin:10px 0; display:inline-block; color:#856404; box-shadow: 0px 4px 6px rgba(0, 0, 0, 0.2);"><p style='font-size:18px; margin:0;'><b>Skipped: 🔐 Admin Connection URL: jdbc:sqlserver://localhost:1433;database=QADEMO;integratedSecurity=true;encrypt=false;trustServerCertificate=true;loginTimeout=30;</b></p></div>
<div style="background-color:#ffeeba; border:2px solid #856404; border-radius:10px; padding:10px 15px; text-align:left; margin:10px 0; display:inline-block; color:#856404; box-shadow: 0px 4px 6px rgba(0, 0, 0, 0.2);"><p style='font-size:18px; margin:0;'><b>Skipped: 🔐 Company Connection URL: jdbc:sqlserver://localhost:1433;database=QADEMO;integratedSecurity=true;encrypt=false;trustServerCertificate=true;loginTimeout=30;</b></p></div>
<div style='border: 1px solid #e0e0e0;padding: 8px 12px;margin: 8px 0;border-radius: 6px;background: linear-gradient(to right, #f8f9fa, #ffffff);box-shadow: 0 2px 4px rgba(0,0,0,0.05);display: inline-block;font-family: Arial, sans-serif;'><span style='font-weight: bold;color: #333;'>🌍 Browser Info:</span> <span style='color: #2c7be5;font-weight: 500;'><img src='data:image/svg+xml;base64,PHN2ZyB4bWxucz0iaHR0cDovL3d3dy53My5vcmcvMjAwMC9zdmciIHZpZXdCb3g9IjAgMCA0NDggNTEyIj48cGF0aCBmaWxsPSIjRkZDMTAyIiBkPSJNMjI0IDI1NmMwIDEyLjktNyAyNC40LTE3LjcgMjkuNkwxODcgMzA5LjljLTUuNCAzLTEyLjMgMy4xLTE3LjcuMS0xMC40LTUuOS0xNi43LTE2LjktMTYuNy0yOC42VjE5OGMwLTEyLjkgNy0yNC40IDE3LjctMjkuNkwxODcgMTQyLjFjNS40LTMgMTIuMy0zLjEgMTcuNy0uMSAxMC40IDUuOSAxNi43IDE2LjkgMTYuNyAyOC42djU4LjJ6Ii8+PHBhdGggZmlsbD0iIzRBNDlGNSIgZD0iTTIyNCAyNTZjMCAxMi45LTcgMjQuNC0xNy43IDI5LjZMMTg3IDMwOS45Yy01LjQgMy0xMi4zIDMuMS0xNy43LjEtMTAuNC01LjktMTYuNy0xNi45LTE2LjctMjguNlYxOThjMC0xMi45IDctMjQuNCAxNy43LTI5LjZMMTg3IDE0Mi4xYzUuNC0zIDEyLjMtMy4xIDE3LjctLjEgMTAuNCA1LjkgMTYuNyAxNi45IDE2LjcgMjguNnY1OC4yeiIvPjxwYXRoIGZpbGw9IiNGRkMxMDIiIGQ9Ik0yMjQgMjU2YzAgMTIuOS03IDI0LjQtMTcuNyAyOS42TDE4NyAzMDkuOWMtNS40IDMtMTIuMyAzLjEtMTcuNy4xLTEwLjQtNS45LTE2LjctMTYuOS0xNi43LTI4LjZWMTk4YzAtMTIuOSA3LTI0LjQgMTcuNy0yOS42TDE4NyAxNDIuMWM1LjQtMyAxMi4zLTMuMSAxNy43LS4xIDEwLjQgNS45IDE2LjcgMTYuOSAxNi43IDI4LjZ2NTguMnoiLz48cGF0aCBmaWxsPSIjRkZDMTAyIiBkPSJNMjI0IDI1NmMwIDEyLjktNyAyNC40LTE3LjcgMjkuNkwxODcgMzA5LjljLTUuNCAzLTEyLjMgMy4xLTE3LjcuMS0xMC40LTUuOS0xNi43LTE2LjktMTYuNy0yOC42VjE5OGMwLTEyLjkgNy0yNC40IDE3LjctMjkuNkwxODcgMTQyLjFjNS40LTMgMTIuMy0zLjEgMTcuNy0uMSAxMC40IDUuOSAxNi43IDE2LjkgMTYuNyAyOC42djU4LjJ6Ii8+PC9zdmc+' height='20' width='20' style='vertical-align: middle;' /> <span style='color: #4285F4;'>Google Chrome</span></span></div>
<div style="border: 1px solid #ddd; padding: 8px; margin: 5px 0; border-radius: 4px; background-color: #f7f7f7; display: inline-block;"><strong>💻 #System Info</strong> :: <strong>PC Name</strong> ⇒ <span style="color: #001dff;">ANKUSH1111</span> &nbsp;&nbsp;|&nbsp;&nbsp; <strong>User</strong> ⇒ <span style="color: #006400;">HP</span></div>
❌ Navigation to Home Page failed: Expected condition failed: waiting for element to be clickable: By.xpath: //a[contains(@href,'https://demoqa.com')] (tried for 2 second(s) with 500 milliseconds interval)
Build info: version: '4.12.1', revision: '8e34639b11'
System info: os.name: 'Windows 11', os.arch: 'amd64', os.version: '10.0', java.version: '18.0.1.1'
Driver info: org.openqa.selenium.chrome.ChromeDriver
Capabilities {acceptInsecureCerts: false, browserName: chrome, browserVersion: 136.0.7103.114, chrome: {chromedriverVersion: 136.0.7103.113 (76fa3c17824..., userDataDir: C:\Users\HP\AppData\Local\T...}, fedcm:accounts: true, goog:chromeOptions: {debuggerAddress: localhost:63960}, networkConnectionEnabled: false, pageLoadStrategy: normal, platformName: windows, proxy: Proxy(), se:cdp: ws://localhost:63960/devtoo..., se:cdpVersion: 136.0.7103.114, setWindowRect: true, strictFileInteractability: false, timeouts: {implicit: 0, pageLoad: 300000, script: 30000}, unhandledPromptBehavior: dismiss and notify, webauthn:extension:credBlob: true, webauthn:extension:largeBlob: true, webauthn:extension:minPinLength: true, webauthn:extension:prf: true, webauthn:virtualAuthenticators: true}
Session ID: b22de8f484a725a99fe9529a98a50781
<div style="background-color:#ffeeba; border:2px solid #856404; border-radius:10px; padding:10px 15px; text-align:left; margin:10px 0; display:inline-block; color:#856404; box-shadow: 0px 4px 6px rgba(0, 0, 0, 0.2);"><p style='font-size:18px; margin:0;'><b>Skipped: 🔐 Admin Connection URL: jdbc:sqlserver://localhost:1433;database=QADEMO;integratedSecurity=true;encrypt=false;trustServerCertificate=true;loginTimeout=30;</b></p></div>
<div style="background-color:#ffeeba; border:2px solid #856404; border-radius:10px; padding:10px 15px; text-align:left; margin:10px 0; display:inline-block; color:#856404; box-shadow: 0px 4px 6px rgba(0, 0, 0, 0.2);"><p style='font-size:18px; margin:0;'><b>Skipped: 🔐 Company Connection URL: jdbc:sqlserver://localhost:1433;database=QADEMO;integratedSecurity=true;encrypt=false;trustServerCertificate=true;loginTimeout=30;</b></p></div>
Clicked On :: Date Picker - Date of Birth
#DATEPICKER 📅 :: Date of Birth :: Date successfully picked :: 26-01-1998
<div style='border: 1px solid #ddd; padding: 8px; margin: 5px 0; border-radius: 4px; background-color: #f7f7f7; display: inline-block;'><strong>#TXTBX ▭</strong> :: <strong>First Name</strong> Value entered ⇒ <span style='color: #009;'>Sneha</span></div>
<div style='border: 1px solid #e0e0e0;padding: 8px 12px;margin: 8px 0;border-radius: 6px;background: linear-gradient(to right, #f8f9fa, #ffffff);box-shadow: 0 2px 4px rgba(0,0,0,0.05);display: inline-block;font-family: Arial, sans-serif;'><span style='font-weight: bold;color: #333;'>🌍 Browser Info:</span> <span style='color: #2c7be5;font-weight: 500;'><img src='data:image/svg+xml;base64,PHN2ZyB4bWxucz0iaHR0cDovL3d3dy53My5vcmcvMjAwMC9zdmciIHZpZXdCb3g9IjAgMCA0NDggNTEyIj48cGF0aCBmaWxsPSIjRkZDMTAyIiBkPSJNMjI0IDI1NmMwIDEyLjktNyAyNC40LTE3LjcgMjkuNkwxODcgMzA5LjljLTUuNCAzLTEyLjMgMy4xLTE3LjcuMS0xMC40LTUuOS0xNi43LTE2LjktMTYuNy0yOC42VjE5OGMwLTEyLjkgNy0yNC40IDE3LjctMjkuNkwxODcgMTQyLjFjNS40LTMgMTIuMy0zLjEgMTcuNy0uMSAxMC40IDUuOSAxNi43IDE2LjkgMTYuNyAyOC42djU4LjJ6Ii8+PHBhdGggZmlsbD0iIzRBNDlGNSIgZD0iTTIyNCAyNTZjMCAxMi45LTcgMjQuNC0xNy43IDI5LjZMMTg3IDMwOS45Yy01LjQgMy0xMi4zIDMuMS0xNy43LjEtMTAuNC01LjktMTYuNy0xNi45LTE2LjctMjguNlYxOThjMC0xMi45IDctMjQuNCAxNy43LTI5LjZMMTg3IDE0Mi4xYzUuNC0zIDEyLjMtMy4xIDE3LjctLjEgMTAuNCA1LjkgMTYuNyAxNi45IDE2LjcgMjguNnY1OC4yeiIvPjxwYXRoIGZpbGw9IiNGRkMxMDIiIGQ9Ik0yMjQgMjU2YzAgMTIuOS03IDI0LjQtMTcuNyAyOS42TDE4NyAzMDkuOWMtNS40IDMtMTIuMyAzLjEtMTcuNy4xLTEwLjQtNS45LTE2LjctMTYuOS0xNi43LTI4LjZWMTk4YzAtMTIuOSA3LTI0LjQgMTcuNy0yOS42TDE4NyAxNDIuMWM1LjQtMyAxMi4zLTMuMSAxNy43LS4xIDEwLjQgNS45IDE2LjcgMTYuOSAxNi43IDI4LjZ2NTguMnoiLz48cGF0aCBmaWxsPSIjRkZDMTAyIiBkPSJNMjI0IDI1NmMwIDEyLjktNyAyNC40LTE3LjcgMjkuNkwxODcgMzA5LjljLTUuNCAzLTEyLjMgMy4xLTE3LjcuMS0xMC40LTUuOS0xNi43LTE2LjktMTYuNy0yOC42VjE5OGMwLTEyLjkgNy0yNC40IDE3LjctMjkuNkwxODcgMTQyLjFjNS40LTMgMTIuMy0zLjEgMTcuNy0uMSAxMC40IDUuOSAxNi43IDE2LjkgMTYuNyAyOC42djU4LjJ6Ii8+PC9zdmc+' height='20' width='20' style='vertical-align: middle;' /> <span style='color: #4285F4;'>Google Chrome</span></span></div>
<div style="border: 1px solid #ddd; padding: 8px; margin: 5px 0; border-radius: 4px; background-color: #f7f7f7; display: inline-block;"><strong>💻 #System Info</strong> :: <strong>PC Name</strong> ⇒ <span style="color: #001dff;">ANKUSH1111</span> &nbsp;&nbsp;|&nbsp;&nbsp; <strong>User</strong> ⇒ <span style="color: #006400;">HP</span></div>
<div style='border: 1px solid #ddd; padding: 8px; margin: 5px 0; border-radius: 4px; background-color: #f7f7f7; display: inline-block;'><strong>#TXTBX ▭</strong> :: <strong>Subject</strong> Value entered ⇒ <span style='color: #009;'>History</span></div>
<div style='border: 1px solid #ddd; padding: 8px; margin: 5px 0; border-radius: 4px; background-color: #f7f7f7; display: inline-block;'><strong>#TXTBX ▭</strong> :: <strong>Last Name</strong> Value entered ⇒ <span style='color: #009;'>Patil</span></div>
<div style='border: 1px solid #ddd; padding: 8px; margin: 5px 0; border-radius: 4px; background-color: #f7f7f7; display: inline-block;'><strong>#TXTBX ▭</strong> :: <strong>Full Name</strong> Value entered ⇒ <span style='color: #009;'>Karan Mehta</span></div>
<div style='border: 1px solid #ddd; padding: 8px; margin: 5px 0; border-radius: 4px; background-color: #f7f7f7; display: inline-block;'><strong>#TXTBX ▭</strong> :: <strong>Email</strong> Value entered ⇒ <span style='color: #009;'>sneha.patil@test.com</span></div>
<div style='border: 1px solid #ddd; padding: 8px; margin: 5px 0; border-radius: 4px; background-color: #f7f7f7; display: inline-block;'><strong>#TXTBX ▭</strong> :: <strong>Email</strong> Value entered ⇒ <span style='color: #009;'>karan.mehta@test.com</span></div>
Clicked On :: Gender Female Radio
<div style='border: 1px solid #ddd; padding: 8px; margin: 5px 0; border-radius: 4px; background-color: #f7f7f7; display: inline-block;'><strong>#TXTBX ▭</strong> :: <strong>Current Address</strong> Value entered ⇒ <span style='color: #009;'>Jaipur, Rajasthan</span></div>
<div style='border: 1px solid #ddd; padding: 8px; margin: 5px 0; border-radius: 4px; background-color: #f7f7f7; display: inline-block;'><strong>#TXTBX ▭</strong> :: <strong>Mobile Number</strong> Value entered ⇒ <span style='color: #009;'>9871234567</span></div>
<div style='border: 1px solid #ddd; padding: 8px; margin: 5px 0; border-radius: 4px; background-color: #f7f7f7; display: inline-block;'><strong>#TXTBX ▭</strong> :: <strong>Permanent Address</strong> Value entered ⇒ <span style='color: #009;'>Udaipur, Rajasthan</span></div>
<div style='border: 1px solid #ddd; padding: 8px; margin: 5px 0; border-radius: 4px; background-color: #f7f7f7; display: inline-block;'><strong>#BTN 📤</strong> :: <strong>Clicked On</strong> ⇒ <span style='color: #001dff;'>Submit Button</span></div>
📋 Navigating to Home Page...
📋 Attempting to close modal popup (if present)...
⏳ Waiting for Home link to be clickable...
✅ Home link found: https://demoqa.com/
📋 Clicking on Home link...
<div style='border: 1px solid #ddd; padding: 8px; margin: 5px 0; border-radius: 4px; background-color: #f7f7f7; display: inline-block;'><strong>#TXTBX ▭</strong> :: <strong>Full Name</strong> Value entered ⇒ <span style='color: #009;'>Priya Sharma</span></div>
<div style='border: 1px solid #ddd; padding: 8px; margin: 5px 0; border-radius: 4px; background-color: #f7f7f7; display: inline-block;'><strong>#TXTBX ▭</strong> :: <strong>Email</strong> Value entered ⇒ <span style='color: #009;'>priya.sharma@test.com</span></div>
Click Sucessfully==Again Double Click==Hobby: Music
<div style='border: 1px solid #ddd; padding: 8px; margin: 5px 0; border-radius: 4px; background-color: #f7f7f7; display: inline-block;'><strong>#TXTBX ▭</strong> :: <strong>Current Address</strong> Value entered ⇒ <span style='color: #009;'>Pune, Maharashtra</span></div>
<div style='border: 1px solid #ddd; padding: 8px; margin: 5px 0; border-radius: 4px; background-color: #f7f7f7; display: inline-block;'><strong>#FILEUP 🔼</strong> :: <strong>Profile Picture</strong> File Uploaded ⇒ <span style='color: #001dff;'>valdn01_10_2025_01_10_10.png</span></div>
⏳ Waiting for loader to disappear...
⏳ Verifying home page load...
<div style='border: 1px solid #ddd; padding: 8px; margin: 5px 0; border-radius: 4px; background-color: #f7f7f7; display: inline-block;'><strong>#TXTBX ▭</strong> :: <strong>Current Address</strong> Value entered ⇒ <span style='color: #009;'>Jaipur, Rajasthan</span></div>
<div style='border: 1px solid #ddd; padding: 8px; margin: 5px 0; border-radius: 4px; background-color: #f7f7f7; display: inline-block;'><strong>#TXTBX ▭</strong> :: <strong>Permanent Address</strong> Value entered ⇒ <span style='color: #009;'>Nagpur, Maharashtra</span></div>
Clicked On :: Date Picker - Date of Birth
#DATEPICKER 📅 :: Date of Birth :: Date successfully picked :: 10/04/1995
<div style='border: 1px solid #ddd; padding: 8px; margin: 5px 0; border-radius: 4px; background-color: #f7f7f7; display: inline-block;'><strong>#BTN 📤</strong> :: <strong>Clicked On</strong> ⇒ <span style='color: #001dff;'>Submit Button</span></div>
<div style='border: 1px solid #ddd; padding: 8px; margin: 5px 0; border-radius: 4px; background-color: #f7f7f7; display: inline-block;'><strong>#TXTBX ▭</strong> :: <strong>Subject</strong> Value entered ⇒ <span style='color: #009;'>Biology</span></div>
✅ Updated AutomationTestingStatus for FormId 101012 to '[Automation Tester] TextBox Form Submitted Successfully at 01/06/2025 09:12:37 PM'
📋 Navigating to Home Page...
📋 Attempting to close modal popup (if present)...
⏳ Waiting for Home link to be clickable...
✅ Home link found: https://demoqa.com/
📋 Clicking on Home link...
<div style='border: 1px solid #ddd; padding: 8px; margin: 5px 0; border-radius: 4px; background-color: #f7f7f7; display: inline-block;'><strong>#BTN 📤</strong> :: <strong>Clicked On</strong> ⇒ <span style='color: #001dff;'>Submit Button</span></div>
<div style='border: 1px solid #ddd; padding: 8px; margin: 5px 0; border-radius: 4px; background-color: #f7f7f7; display: inline-block;'><strong>#TXTBX ▭</strong> :: <strong>First Name</strong> Value entered ⇒ <span style='color: #009;'>Priya</span></div>
<div style='border: 1px solid #ddd; padding: 8px; margin: 5px 0; border-radius: 4px; background-color: #f7f7f7; display: inline-block;'><strong>#TXTBX ▭</strong> :: <strong>Last Name</strong> Value entered ⇒ <span style='color: #009;'>Sharma</span></div>
<div style='border: 1px solid #ddd; padding: 8px; margin: 5px 0; border-radius: 4px; background-color: #f7f7f7; display: inline-block;'><strong>#TXTBX ▭</strong> :: <strong>Email</strong> Value entered ⇒ <span style='color: #009;'>priya.sharma@test.com</span></div>
Clicked On :: Gender Female Radio
<font color =#18122B><b>Sceenshot Path::C:\Users\HP\Documents\Ahmedabad\ANKUSH_FRAMEWORK\ScreenShots\Validation\valdn01_12_2025_09_12_39.png</b></font>
<h4>Time :01/06/2025 09:12:39 PM</h4>
<br>
<img src="C:\Users\HP\Documents\Ahmedabad\ANKUSH_FRAMEWORK\ScreenShots\Validation\valdn01_12_2025_09_12_39.png" width="1000" height="500" ></img>
<br>
<br>
<div style='border: 1px solid #ddd; padding: 8px; margin: 5px 0; border-radius: 4px; background-color: #f7f7f7; display: inline-block;'><strong>#TXTBX ▭</strong> :: <strong>Mobile Number</strong> Value entered ⇒ <span style='color: #009;'>9123456780</span></div>
<table><tr><th style='font-weight: normal;'>Student Name</th><th>Karan Mehta</th></tr><tr><th style='font-weight: normal;'>Student Email</th><th>karan.mehta@test.com</th></tr><tr><th style='font-weight: normal;'>Gender</th><th>Male</th></tr><tr><th style='font-weight: normal;'>Mobile</th><th>9123456789</th></tr><tr><th style='font-weight: normal;'>Date of Birth</th><th>26 January,1998</th></tr><tr><th style='font-weight: normal;'>Subjects</th><th>History</th></tr><tr><th style='font-weight: normal;'>Hobbies</th><th>Music</th></tr><tr><th style='font-weight: normal;'>Picture</th><th>valdn01_10_2025_01_10_10.png</th></tr><tr><th style='font-weight: normal;'>Address</th><th>Jaipur, Rajasthan</th></tr><tr><th style='font-weight: normal;'>State and City</th><th>NCR Gurgaon</th></tr></table>
📋 Navigating to Home Page...
📋 Attempting to close modal popup (if present)...
⏳ Waiting for Home link to be clickable...
Clicked On :: Date Picker - Date of Birth
#DATEPICKER 📅 :: Date of Birth :: Date successfully picked :: 1992-02-15
❌ Navigation to Home Page failed: Expected condition failed: waiting for element to be clickable: By.xpath: //a[contains(@href,'https://demoqa.com')] (tried for 2 second(s) with 500 milliseconds interval)
Build info: version: '4.12.1', revision: '8e34639b11'
System info: os.name: 'Windows 11', os.arch: 'amd64', os.version: '10.0', java.version: '18.0.1.1'
Driver info: org.openqa.selenium.chrome.ChromeDriver
Capabilities {acceptInsecureCerts: false, browserName: chrome, browserVersion: 136.0.7103.114, chrome: {chromedriverVersion: 136.0.7103.113 (76fa3c17824..., userDataDir: C:\Users\HP\AppData\Local\T...}, fedcm:accounts: true, goog:chromeOptions: {debuggerAddress: localhost:63964}, networkConnectionEnabled: false, pageLoadStrategy: normal, platformName: windows, proxy: Proxy(), se:cdp: ws://localhost:63964/devtoo..., se:cdpVersion: 136.0.7103.114, setWindowRect: true, strictFileInteractability: false, timeouts: {implicit: 0, pageLoad: 300000, script: 30000}, unhandledPromptBehavior: dismiss and notify, webauthn:extension:credBlob: true, webauthn:extension:largeBlob: true, webauthn:extension:minPinLength: true, webauthn:extension:prf: true, webauthn:virtualAuthenticators: true}
Session ID: d2f9308ef113afcb95539fd09b245301
Click Sucessfully==Again Double Click==Hobby: Reading
<div style='border: 1px solid #ddd; padding: 8px; margin: 5px 0; border-radius: 4px; background-color: #f7f7f7; display: inline-block;'><strong>#TXTBX ▭</strong> :: <strong>Subject</strong> Value entered ⇒ <span style='color: #009;'>English</span></div>
⏳ Waiting for loader to disappear...
⏳ Verifying home page load...
Clicked On :: Hobby: Sports
<div style='border: 1px solid #ddd; padding: 8px; margin: 5px 0; border-radius: 4px; background-color: #f7f7f7; display: inline-block;'><strong>#FILEUP 🔼</strong> :: <strong>Profile Picture</strong> File Uploaded ⇒ <span style='color: #001dff;'>valdn01_07_2025_02_07_25.png</span></div>
<div style='border: 1px solid #ddd; padding: 8px; margin: 5px 0; border-radius: 4px; background-color: #f7f7f7; display: inline-block;'><strong>#TXTBX ▭</strong> :: <strong>Current Address</strong> Value entered ⇒ <span style='color: #009;'>Nashik, Maharashtra</span></div>
<div style='border: 1px solid #ddd; padding: 8px; margin: 5px 0; border-radius: 4px; background-color: #f7f7f7; display: inline-block;'><strong>#BTN 📤</strong> :: <strong>Clicked On</strong> ⇒ <span style='color: #001dff;'>Submit Button</span></div>
<font color =#18122B><b>Sceenshot Path::C:\Users\HP\Documents\Ahmedabad\ANKUSH_FRAMEWORK\ScreenShots\Validation\valdn01_12_2025_09_12_45.png</b></font>
<h4>Time :01/06/2025 09:12:45 PM</h4>
<br>
<img src="C:\Users\HP\Documents\Ahmedabad\ANKUSH_FRAMEWORK\ScreenShots\Validation\valdn01_12_2025_09_12_45.png" width="1000" height="500" ></img>
<br>
<br>
❌ Navigation to Home Page failed: Expected condition failed: waiting for url to contain "home". Current url: "https://demoqa.com/" (tried for 10 second(s) with 500 milliseconds interval)
Build info: version: '4.12.1', revision: '8e34639b11'
System info: os.name: 'Windows 11', os.arch: 'amd64', os.version: '10.0', java.version: '18.0.1.1'
Driver info: org.openqa.selenium.chrome.ChromeDriver
Capabilities {acceptInsecureCerts: false, browserName: chrome, browserVersion: 136.0.7103.114, chrome: {chromedriverVersion: 136.0.7103.113 (76fa3c17824..., userDataDir: C:\Users\HP\AppData\Local\T...}, fedcm:accounts: true, goog:chromeOptions: {debuggerAddress: localhost:63962}, networkConnectionEnabled: false, pageLoadStrategy: normal, platformName: windows, proxy: Proxy(), se:cdp: ws://localhost:63962/devtoo..., se:cdpVersion: 136.0.7103.114, setWindowRect: true, strictFileInteractability: false, timeouts: {implicit: 0, pageLoad: 300000, script: 30000}, unhandledPromptBehavior: dismiss and notify, webauthn:extension:credBlob: true, webauthn:extension:largeBlob: true, webauthn:extension:minPinLength: true, webauthn:extension:prf: true, webauthn:virtualAuthenticators: true}
Session ID: 40bb75698d2fe6383849b73a3523e5f4
<h3 style="color:#132043;"><b> Iteration Number &#10781; :6</b></h4>
<div style='border: 1px solid #e0e0e0;padding: 8px 12px;margin: 8px 0;border-radius: 6px;background: linear-gradient(to right, #f8f9fa, #ffffff);box-shadow: 0 2px 4px rgba(0,0,0,0.05);display: inline-block;font-family: Arial, sans-serif;'><span style='font-weight: bold;color: #333;'>🌍 Browser Info:</span> <span style='color: #2c7be5;font-weight: 500;'><img src='data:image/svg+xml;base64,PHN2ZyB4bWxucz0iaHR0cDovL3d3dy53My5vcmcvMjAwMC9zdmciIHZpZXdCb3g9IjAgMCA0NDggNTEyIj48cGF0aCBmaWxsPSIjRkZDMTAyIiBkPSJNMjI0IDI1NmMwIDEyLjktNyAyNC40LTE3LjcgMjkuNkwxODcgMzA5LjljLTUuNCAzLTEyLjMgMy4xLTE3LjcuMS0xMC40LTUuOS0xNi43LTE2LjktMTYuNy0yOC42VjE5OGMwLTEyLjkgNy0yNC40IDE3LjctMjkuNkwxODcgMTQyLjFjNS40LTMgMTIuMy0zLjEgMTcuNy0uMSAxMC40IDUuOSAxNi43IDE2LjkgMTYuNyAyOC42djU4LjJ6Ii8+PHBhdGggZmlsbD0iIzRBNDlGNSIgZD0iTTIyNCAyNTZjMCAxMi45LTcgMjQuNC0xNy43IDI5LjZMMTg3IDMwOS45Yy01LjQgMy0xMi4zIDMuMS0xNy43LjEtMTAuNC01LjktMTYuNy0xNi45LTE2LjctMjguNlYxOThjMC0xMi45IDctMjQuNCAxNy43LTI5LjZMMTg3IDE0Mi4xYzUuNC0zIDEyLjMtMy4xIDE3LjctLjEgMTAuNCA1LjkgMTYuNyAxNi45IDE2LjcgMjguNnY1OC4yeiIvPjxwYXRoIGZpbGw9IiNGRkMxMDIiIGQ9Ik0yMjQgMjU2YzAgMTIuOS03IDI0LjQtMTcuNyAyOS42TDE4NyAzMDkuOWMtNS40IDMtMTIuMyAzLjEtMTcuNy4xLTEwLjQtNS45LTE2LjctMTYuOS0xNi43LTI4LjZWMTk4YzAtMTIuOSA3LTI0LjQgMTcuNy0yOS42TDE4NyAxNDIuMWM1LjQtMyAxMi4zLTMuMSAxNy43LS4xIDEwLjQgNS45IDE2LjcgMTYuOSAxNi43IDI4LjZ2NTguMnoiLz48cGF0aCBmaWxsPSIjRkZDMTAyIiBkPSJNMjI0IDI1NmMwIDEyLjktNyAyNC40LTE3LjcgMjkuNkwxODcgMzA5LjljLTUuNCAzLTEyLjMgMy4xLTE3LjcuMS0xMC40LTUuOS0xNi43LTE2LjktMTYuNy0yOC42VjE5OGMwLTEyLjkgNy0yNC40IDE3LjctMjkuNkwxODcgMTQyLjFjNS40LTMgMTIuMy0zLjEgMTcuNy0uMSAxMC40IDUuOSAxNi43IDE2LjkgMTYuNyAyOC42djU4LjJ6Ii8+PC9zdmc+' height='20' width='20' style='vertical-align: middle;' /> <span style='color: #4285F4;'>Google Chrome</span></span></div>
<div style="border: 1px solid #ddd; padding: 8px; margin: 5px 0; border-radius: 4px; background-color: #f7f7f7; display: inline-block;"><strong>💻 #System Info</strong> :: <strong>PC Name</strong> ⇒ <span style="color: #001dff;">ANKUSH1111</span> &nbsp;&nbsp;|&nbsp;&nbsp; <strong>User</strong> ⇒ <span style="color: #006400;">HP</span></div>
<table><tr><th style='font-weight: normal;'>Student Name</th><th>Sneha Patil</th></tr><tr><th style='font-weight: normal;'>Student Email</th><th>sneha.patil@test.com</th></tr><tr><th style='font-weight: normal;'>Gender</th><th>Female</th></tr><tr><th style='font-weight: normal;'>Mobile</th><th>9871234567</th></tr><tr><th style='font-weight: normal;'>Date of Birth</th><th>10 April,1995</th></tr><tr><th style='font-weight: normal;'>Subjects</th><th>Biology</th></tr><tr><th style='font-weight: normal;'>Hobbies</th><th>Reading, Sports</th></tr><tr><th style='font-weight: normal;'>Picture</th><th>valdn01_07_2025_02_07_25.png</th></tr><tr><th style='font-weight: normal;'>Address</th><th>Nashik, Maharashtra</th></tr><tr><th style='font-weight: normal;'>State and City</th><th>Rajasthan Jaipur</th></tr></table>
📋 Navigating to Home Page...
📋 Attempting to close modal popup (if present)...
⏳ Waiting for Home link to be clickable...
Click Sucessfully==Again Double Click==Hobby: Sports
<div style='border: 1px solid #ddd; padding: 8px; margin: 5px 0; border-radius: 4px; background-color: #f7f7f7; display: inline-block;'><strong>#FILEUP 🔼</strong> :: <strong>Profile Picture</strong> File Uploaded ⇒ <span style='color: #001dff;'>valdn01_06_2025_02_06_17.png</span></div>
<div style='border: 1px solid #ddd; padding: 8px; margin: 5px 0; border-radius: 4px; background-color: #f7f7f7; display: inline-block;'><strong>#TXTBX ▭</strong> :: <strong>Current Address</strong> Value entered ⇒ <span style='color: #009;'>Pune, Maharashtra</span></div>
<div style='border: 1px solid #ddd; padding: 8px; margin: 5px 0; border-radius: 4px; background-color: #f7f7f7; display: inline-block;'><strong>#BTN 📤</strong> :: <strong>Clicked On</strong> ⇒ <span style='color: #001dff;'>Submit Button</span></div>
❌ Navigation to Home Page failed: Expected condition failed: waiting for element to be clickable: By.xpath: //a[contains(@href,'https://demoqa.com')] (tried for 2 second(s) with 500 milliseconds interval)
Build info: version: '4.12.1', revision: '8e34639b11'
System info: os.name: 'Windows 11', os.arch: 'amd64', os.version: '10.0', java.version: '18.0.1.1'
Driver info: org.openqa.selenium.chrome.ChromeDriver
Capabilities {acceptInsecureCerts: false, browserName: chrome, browserVersion: 136.0.7103.114, chrome: {chromedriverVersion: 136.0.7103.113 (76fa3c17824..., userDataDir: C:\Users\HP\AppData\Local\T...}, fedcm:accounts: true, goog:chromeOptions: {debuggerAddress: localhost:63961}, networkConnectionEnabled: false, pageLoadStrategy: normal, platformName: windows, proxy: Proxy(), se:cdp: ws://localhost:63961/devtoo..., se:cdpVersion: 136.0.7103.114, setWindowRect: true, strictFileInteractability: false, timeouts: {implicit: 0, pageLoad: 300000, script: 30000}, unhandledPromptBehavior: dismiss and notify, webauthn:extension:credBlob: true, webauthn:extension:largeBlob: true, webauthn:extension:minPinLength: true, webauthn:extension:prf: true, webauthn:virtualAuthenticators: true}
Session ID: 1e09f344d5603291de103c6987c08dbe
<h3 style="color:#132043;"><b> Iteration Number &#10781; :5</b></h4>
<div style='border: 1px solid #e0e0e0;padding: 8px 12px;margin: 8px 0;border-radius: 6px;background: linear-gradient(to right, #f8f9fa, #ffffff);box-shadow: 0 2px 4px rgba(0,0,0,0.05);display: inline-block;font-family: Arial, sans-serif;'><span style='font-weight: bold;color: #333;'>🌍 Browser Info:</span> <span style='color: #2c7be5;font-weight: 500;'><img src='data:image/svg+xml;base64,PHN2ZyB4bWxucz0iaHR0cDovL3d3dy53My5vcmcvMjAwMC9zdmciIHZpZXdCb3g9IjAgMCA0NDggNTEyIj48cGF0aCBmaWxsPSIjRkZDMTAyIiBkPSJNMjI0IDI1NmMwIDEyLjktNyAyNC40LTE3LjcgMjkuNkwxODcgMzA5LjljLTUuNCAzLTEyLjMgMy4xLTE3LjcuMS0xMC40LTUuOS0xNi43LTE2LjktMTYuNy0yOC42VjE5OGMwLTEyLjkgNy0yNC40IDE3LjctMjkuNkwxODcgMTQyLjFjNS40LTMgMTIuMy0zLjEgMTcuNy0uMSAxMC40IDUuOSAxNi43IDE2LjkgMTYuNyAyOC42djU4LjJ6Ii8+PHBhdGggZmlsbD0iIzRBNDlGNSIgZD0iTTIyNCAyNTZjMCAxMi45LTcgMjQuNC0xNy43IDI5LjZMMTg3IDMwOS45Yy01LjQgMy0xMi4zIDMuMS0xNy43LjEtMTAuNC01LjktMTYuNy0xNi45LTE2LjctMjguNlYxOThjMC0xMi45IDctMjQuNCAxNy43LTI5LjZMMTg3IDE0Mi4xYzUuNC0zIDEyLjMtMy4xIDE3LjctLjEgMTAuNCA1LjkgMTYuNyAxNi45IDE2LjcgMjguNnY1OC4yeiIvPjxwYXRoIGZpbGw9IiNGRkMxMDIiIGQ9Ik0yMjQgMjU2YzAgMTIuOS03IDI0LjQtMTcuNyAyOS42TDE4NyAzMDkuOWMtNS40IDMtMTIuMyAzLjEtMTcuNy4xLTEwLjQtNS45LTE2LjctMTYuOS0xNi43LTI4LjZWMTk4YzAtMTIuOSA3LTI0LjQgMTcuNy0yOS42TDE4NyAxNDIuMWM1LjQtMyAxMi4zLTMuMSAxNy43LS4xIDEwLjQgNS45IDE2LjcgMTYuOSAxNi43IDI4LjZ2NTguMnoiLz48cGF0aCBmaWxsPSIjRkZDMTAyIiBkPSJNMjI0IDI1NmMwIDEyLjktNyAyNC40LTE3LjcgMjkuNkwxODcgMzA5LjljLTUuNCAzLTEyLjMgMy4xLTE3LjcuMS0xMC40LTUuOS0xNi43LTE2LjktMTYuNy0yOC42VjE5OGMwLTEyLjkgNy0yNC40IDE3LjctMjkuNkwxODcgMTQyLjFjNS40LTMgMTIuMy0zLjEgMTcuNy0uMSAxMC40IDUuOSAxNi43IDE2LjkgMTYuNyAyOC42djU4LjJ6Ii8+PC9zdmc+' height='20' width='20' style='vertical-align: middle;' /> <span style='color: #4285F4;'>Google Chrome</span></span></div>
<div style="border: 1px solid #ddd; padding: 8px; margin: 5px 0; border-radius: 4px; background-color: #f7f7f7; display: inline-block;"><strong>💻 #System Info</strong> :: <strong>PC Name</strong> ⇒ <span style="color: #001dff;">ANKUSH1111</span> &nbsp;&nbsp;|&nbsp;&nbsp; <strong>User</strong> ⇒ <span style="color: #006400;">HP</span></div>
<font color =#18122B><b>Sceenshot Path::C:\Users\HP\Documents\Ahmedabad\ANKUSH_FRAMEWORK\ScreenShots\Validation\valdn01_12_2025_09_12_49.png</b></font>
<h4>Time :01/06/2025 09:12:50 PM</h4>
<br>
<img src="C:\Users\HP\Documents\Ahmedabad\ANKUSH_FRAMEWORK\ScreenShots\Validation\valdn01_12_2025_09_12_49.png" width="1000" height="500" ></img>
<br>
<br>
<div style="background-color:#ffeeba; border:2px solid #856404; border-radius:10px; padding:10px 15px; text-align:left; margin:10px 0; display:inline-block; color:#856404; box-shadow: 0px 4px 6px rgba(0, 0, 0, 0.2);"><p style='font-size:18px; margin:0;'><b>Skipped: Screenshot saved at: C:\Users\HP\Documents\Ahmedabad\ANKUSH_FRAMEWORK\ScreenShots\Validation\valdn01_12_2025_09_12_49.png</b></p></div>
<table><tr><th style='font-weight: normal;'>Student Name</th><th>Priya Sharma</th></tr><tr><th style='font-weight: normal;'>Student Email</th><th>priya.sharma@test.com</th></tr><tr><th style='font-weight: normal;'>Gender</th><th>Female</th></tr><tr><th style='font-weight: normal;'>Mobile</th><th>9123456780</th></tr><tr><th style='font-weight: normal;'>Date of Birth</th><th>15 February,1992</th></tr><tr><th style='font-weight: normal;'>Subjects</th><th>English</th></tr><tr><th style='font-weight: normal;'>Hobbies</th><th>Sports</th></tr><tr><th style='font-weight: normal;'>Picture</th><th>valdn01_06_2025_02_06_17.png</th></tr><tr><th style='font-weight: normal;'>Address</th><th>Pune, Maharashtra</th></tr><tr><th style='font-weight: normal;'>State and City</th><th>Uttar Pradesh Lucknow</th></tr></table>
✅ Updated AutomationTestingStatus for FormId 101012 to '✅ [Automation Tester] Automation Testing Successfully Done and Form Successfully Submitted :: On Timestamp 01/06/2025 09:12:50 PM'
📋 Navigating to Home Page...
📋 Attempting to close modal popup (if present)...
⏳ Waiting for Home link to be clickable...
❌ Navigation to Home Page failed: Expected condition failed: waiting for url to contain "home". Current url: "https://demoqa.com/" (tried for 10 second(s) with 500 milliseconds interval)
Build info: version: '4.12.1', revision: '8e34639b11'
System info: os.name: 'Windows 11', os.arch: 'amd64', os.version: '10.0', java.version: '18.0.1.1'
Driver info: org.openqa.selenium.chrome.ChromeDriver
Capabilities {acceptInsecureCerts: false, browserName: chrome, browserVersion: 136.0.7103.114, chrome: {chromedriverVersion: 136.0.7103.113 (76fa3c17824..., userDataDir: C:\Users\HP\AppData\Local\T...}, fedcm:accounts: true, goog:chromeOptions: {debuggerAddress: localhost:63963}, networkConnectionEnabled: false, pageLoadStrategy: normal, platformName: windows, proxy: Proxy(), se:cdp: ws://localhost:63963/devtoo..., se:cdpVersion: 136.0.7103.114, setWindowRect: true, strictFileInteractability: false, timeouts: {implicit: 0, pageLoad: 300000, script: 30000}, unhandledPromptBehavior: dismiss and notify, webauthn:extension:credBlob: true, webauthn:extension:largeBlob: true, webauthn:extension:minPinLength: true, webauthn:extension:prf: true, webauthn:virtualAuthenticators: true}
Session ID: 2d878eeb16294432cfaadd75059ef6bf
<div style="background-color:#ffeeba; border:2px solid #856404; border-radius:10px; padding:10px 15px; text-align:left; margin:10px 0; display:inline-block; color:#856404; box-shadow: 0px 4px 6px rgba(0, 0, 0, 0.2);"><p style='font-size:18px; margin:0;'><b>Skipped: 🔐 Admin Connection URL: jdbc:sqlserver://localhost:1433;database=QADEMO;integratedSecurity=true;encrypt=false;trustServerCertificate=true;loginTimeout=30;</b></p></div>
<div style="background-color:#ffeeba; border:2px solid #856404; border-radius:10px; padding:10px 15px; text-align:left; margin:10px 0; display:inline-block; color:#856404; box-shadow: 0px 4px 6px rgba(0, 0, 0, 0.2);"><p style='font-size:18px; margin:0;'><b>Skipped: 🔐 Company Connection URL: jdbc:sqlserver://localhost:1433;database=QADEMO;integratedSecurity=true;encrypt=false;trustServerCertificate=true;loginTimeout=30;</b></p></div>
<div style='border: 1px solid #ddd; padding: 8px; margin: 5px 0; border-radius: 4px; background-color: #f7f7f7; display: inline-block;'><strong>#TXTBX ▭</strong> :: <strong>Full Name</strong> Value entered ⇒ <span style='color: #009;'>Pooja Nair</span></div>
<div style='border: 1px solid #e0e0e0;padding: 8px 12px;margin: 8px 0;border-radius: 6px;background: linear-gradient(to right, #f8f9fa, #ffffff);box-shadow: 0 2px 4px rgba(0,0,0,0.05);display: inline-block;font-family: Arial, sans-serif;'><span style='font-weight: bold;color: #333;'>🌍 Browser Info:</span> <span style='color: #2c7be5;font-weight: 500;'><img src='data:image/svg+xml;base64,PHN2ZyB4bWxucz0iaHR0cDovL3d3dy53My5vcmcvMjAwMC9zdmciIHZpZXdCb3g9IjAgMCA0NDggNTEyIj48cGF0aCBmaWxsPSIjRkZDMTAyIiBkPSJNMjI0IDI1NmMwIDEyLjktNyAyNC40LTE3LjcgMjkuNkwxODcgMzA5LjljLTUuNCAzLTEyLjMgMy4xLTE3LjcuMS0xMC40LTUuOS0xNi43LTE2LjktMTYuNy0yOC42VjE5OGMwLTEyLjkgNy0yNC40IDE3LjctMjkuNkwxODcgMTQyLjFjNS40LTMgMTIuMy0zLjEgMTcuNy0uMSAxMC40IDUuOSAxNi43IDE2LjkgMTYuNyAyOC42djU4LjJ6Ii8+PHBhdGggZmlsbD0iIzRBNDlGNSIgZD0iTTIyNCAyNTZjMCAxMi45LTcgMjQuNC0xNy43IDI5LjZMMTg3IDMwOS45Yy01LjQgMy0xMi4zIDMuMS0xNy43LjEtMTAuNC01LjktMTYuNy0xNi45LTE2LjctMjguNlYxOThjMC0xMi45IDctMjQuNCAxNy43LTI5LjZMMTg3IDE0Mi4xYzUuNC0zIDEyLjMtMy4xIDE3LjctLjEgMTAuNCA1LjkgMTYuNyAxNi45IDE2LjcgMjguNnY1OC4yeiIvPjxwYXRoIGZpbGw9IiNGRkMxMDIiIGQ9Ik0yMjQgMjU2YzAgMTIuOS03IDI0LjQtMTcuNyAyOS42TDE4NyAzMDkuOWMtNS40IDMtMTIuMyAzLjEtMTcuNy4xLTEwLjQtNS45LTE2LjctMTYuOS0xNi43LTI4LjZWMTk4YzAtMTIuOSA3LTI0LjQgMTcuNy0yOS42TDE4NyAxNDIuMWM1LjQtMyAxMi4zLTMuMSAxNy43LS4xIDEwLjQgNS45IDE2LjcgMTYuOSAxNi43IDI4LjZ2NTguMnoiLz48cGF0aCBmaWxsPSIjRkZDMTAyIiBkPSJNMjI0IDI1NmMwIDEyLjktNyAyNC40LTE3LjcgMjkuNkwxODcgMzA5LjljLTUuNCAzLTEyLjMgMy4xLTE3LjcuMS0xMC40LTUuOS0xNi43LTE2LjktMTYuNy0yOC42VjE5OGMwLTEyLjkgNy0yNC40IDE3LjctMjkuNkwxODcgMTQyLjFjNS40LTMgMTIuMy0zLjEgMTcuNy0uMSAxMC40IDUuOSAxNi43IDE2LjkgMTYuNyAyOC42djU4LjJ6Ii8+PC9zdmc+' height='20' width='20' style='vertical-align: middle;' /> <span style='color: #4285F4;'>Google Chrome</span></span></div>
<div style="border: 1px solid #ddd; padding: 8px; margin: 5px 0; border-radius: 4px; background-color: #f7f7f7; display: inline-block;"><strong>💻 #System Info</strong> :: <strong>PC Name</strong> ⇒ <span style="color: #001dff;">ANKUSH1111</span> &nbsp;&nbsp;|&nbsp;&nbsp; <strong>User</strong> ⇒ <span style="color: #006400;">HP</span></div>
❌ Navigation to Home Page failed: Expected condition failed: waiting for element to be clickable: By.xpath: //a[contains(@href,'https://demoqa.com')] (tried for 2 second(s) with 500 milliseconds interval)
Build info: version: '4.12.1', revision: '8e34639b11'
System info: os.name: 'Windows 11', os.arch: 'amd64', os.version: '10.0', java.version: '18.0.1.1'
Driver info: org.openqa.selenium.chrome.ChromeDriver
Capabilities {acceptInsecureCerts: false, browserName: chrome, browserVersion: 136.0.7103.114, chrome: {chromedriverVersion: 136.0.7103.113 (76fa3c17824..., userDataDir: C:\Users\HP\AppData\Local\T...}, fedcm:accounts: true, goog:chromeOptions: {debuggerAddress: localhost:63960}, networkConnectionEnabled: false, pageLoadStrategy: normal, platformName: windows, proxy: Proxy(), se:cdp: ws://localhost:63960/devtoo..., se:cdpVersion: 136.0.7103.114, setWindowRect: true, strictFileInteractability: false, timeouts: {implicit: 0, pageLoad: 300000, script: 30000}, unhandledPromptBehavior: dismiss and notify, webauthn:extension:credBlob: true, webauthn:extension:largeBlob: true, webauthn:extension:minPinLength: true, webauthn:extension:prf: true, webauthn:virtualAuthenticators: true}
Session ID: b22de8f484a725a99fe9529a98a50781
<div style="background-color:#ffeeba; border:2px solid #856404; border-radius:10px; padding:10px 15px; text-align:left; margin:10px 0; display:inline-block; color:#856404; box-shadow: 0px 4px 6px rgba(0, 0, 0, 0.2);"><p style='font-size:18px; margin:0;'><b>Skipped: 🔐 Admin Connection URL: jdbc:sqlserver://localhost:1433;database=QADEMO;integratedSecurity=true;encrypt=false;trustServerCertificate=true;loginTimeout=30;</b></p></div>
<div style="background-color:#ffeeba; border:2px solid #856404; border-radius:10px; padding:10px 15px; text-align:left; margin:10px 0; display:inline-block; color:#856404; box-shadow: 0px 4px 6px rgba(0, 0, 0, 0.2);"><p style='font-size:18px; margin:0;'><b>Skipped: 🔐 Company Connection URL: jdbc:sqlserver://localhost:1433;database=QADEMO;integratedSecurity=true;encrypt=false;trustServerCertificate=true;loginTimeout=30;</b></p></div>
<div style='border: 1px solid #ddd; padding: 8px; margin: 5px 0; border-radius: 4px; background-color: #f7f7f7; display: inline-block;'><strong>#TXTBX ▭</strong> :: <strong>Email</strong> Value entered ⇒ <span style='color: #009;'>pooja.nair@test.com</span></div>
<div style='border: 1px solid #e0e0e0;padding: 8px 12px;margin: 8px 0;border-radius: 6px;background: linear-gradient(to right, #f8f9fa, #ffffff);box-shadow: 0 2px 4px rgba(0,0,0,0.05);display: inline-block;font-family: Arial, sans-serif;'><span style='font-weight: bold;color: #333;'>🌍 Browser Info:</span> <span style='color: #2c7be5;font-weight: 500;'><img src='data:image/svg+xml;base64,PHN2ZyB4bWxucz0iaHR0cDovL3d3dy53My5vcmcvMjAwMC9zdmciIHZpZXdCb3g9IjAgMCA0NDggNTEyIj48cGF0aCBmaWxsPSIjRkZDMTAyIiBkPSJNMjI0IDI1NmMwIDEyLjktNyAyNC40LTE3LjcgMjkuNkwxODcgMzA5LjljLTUuNCAzLTEyLjMgMy4xLTE3LjcuMS0xMC40LTUuOS0xNi43LTE2LjktMTYuNy0yOC42VjE5OGMwLTEyLjkgNy0yNC40IDE3LjctMjkuNkwxODcgMTQyLjFjNS40LTMgMTIuMy0zLjEgMTcuNy0uMSAxMC40IDUuOSAxNi43IDE2LjkgMTYuNyAyOC42djU4LjJ6Ii8+PHBhdGggZmlsbD0iIzRBNDlGNSIgZD0iTTIyNCAyNTZjMCAxMi45LTcgMjQuNC0xNy43IDI5LjZMMTg3IDMwOS45Yy01LjQgMy0xMi4zIDMuMS0xNy43LjEtMTAuNC01LjktMTYuNy0xNi45LTE2LjctMjguNlYxOThjMC0xMi45IDctMjQuNCAxNy43LTI5LjZMMTg3IDE0Mi4xYzUuNC0zIDEyLjMtMy4xIDE3LjctLjEgMTAuNCA1LjkgMTYuNyAxNi45IDE2LjcgMjguNnY1OC4yeiIvPjxwYXRoIGZpbGw9IiNGRkMxMDIiIGQ9Ik0yMjQgMjU2YzAgMTIuOS03IDI0LjQtMTcuNyAyOS42TDE4NyAzMDkuOWMtNS40IDMtMTIuMyAzLjEtMTcuNy4xLTEwLjQtNS45LTE2LjctMTYuOS0xNi43LTI4LjZWMTk4YzAtMTIuOSA3LTI0LjQgMTcuNy0yOS42TDE4NyAxNDIuMWM1LjQtMyAxMi4zLTMuMSAxNy43LS4xIDEwLjQgNS45IDE2LjcgMTYuOSAxNi43IDI4LjZ2NTguMnoiLz48cGF0aCBmaWxsPSIjRkZDMTAyIiBkPSJNMjI0IDI1NmMwIDEyLjktNyAyNC40LTE3LjcgMjkuNkwxODcgMzA5LjljLTUuNCAzLTEyLjMgMy4xLTE3LjcuMS0xMC40LTUuOS0xNi43LTE2LjktMTYuNy0yOC42VjE5OGMwLTEyLjkgNy0yNC40IDE3LjctMjkuNkwxODcgMTQyLjFjNS40LTMgMTIuMy0zLjEgMTcuNy0uMSAxMC40IDUuOSAxNi43IDE2LjkgMTYuNyAyOC42djU4LjJ6Ii8+PC9zdmc+' height='20' width='20' style='vertical-align: middle;' /> <span style='color: #4285F4;'>Google Chrome</span></span></div>
<div style="border: 1px solid #ddd; padding: 8px; margin: 5px 0; border-radius: 4px; background-color: #f7f7f7; display: inline-block;"><strong>💻 #System Info</strong> :: <strong>PC Name</strong> ⇒ <span style="color: #001dff;">ANKUSH1111</span> &nbsp;&nbsp;|&nbsp;&nbsp; <strong>User</strong> ⇒ <span style="color: #006400;">HP</span></div>
<div style='border: 1px solid #ddd; padding: 8px; margin: 5px 0; border-radius: 4px; background-color: #f7f7f7; display: inline-block;'><strong>#TXTBX ▭</strong> :: <strong>Current Address</strong> Value entered ⇒ <span style='color: #009;'>Kochi, Kerala</span></div>
<div style='border: 1px solid #ddd; padding: 8px; margin: 5px 0; border-radius: 4px; background-color: #f7f7f7; display: inline-block;'><strong>#TXTBX ▭</strong> :: <strong>Permanent Address</strong> Value entered ⇒ <span style='color: #009;'>Trivandrum, Kerala</span></div>
<div style='border: 1px solid #ddd; padding: 8px; margin: 5px 0; border-radius: 4px; background-color: #f7f7f7; display: inline-block;'><strong>#BTN 📤</strong> :: <strong>Clicked On</strong> ⇒ <span style='color: #001dff;'>Submit Button</span></div>
📋 Navigating to Home Page...
📋 Attempting to close modal popup (if present)...
⏳ Waiting for Home link to be clickable...
✅ Home link found: https://demoqa.com/
📋 Clicking on Home link...
⏳ Waiting for loader to disappear...
⏳ Verifying home page load...
<div style='border: 1px solid #ddd; padding: 8px; margin: 5px 0; border-radius: 4px; background-color: #f7f7f7; display: inline-block;'><strong>#TXTBX ▭</strong> :: <strong>First Name</strong> Value entered ⇒ <span style='color: #009;'>Karan</span></div>
<div style='border: 1px solid #ddd; padding: 8px; margin: 5px 0; border-radius: 4px; background-color: #f7f7f7; display: inline-block;'><strong>#TXTBX ▭</strong> :: <strong>Last Name</strong> Value entered ⇒ <span style='color: #009;'>Mehta</span></div>
<div style='border: 1px solid #ddd; padding: 8px; margin: 5px 0; border-radius: 4px; background-color: #f7f7f7; display: inline-block;'><strong>#TXTBX ▭</strong> :: <strong>Email</strong> Value entered ⇒ <span style='color: #009;'>karan.mehta@test.com</span></div>
Clicked On :: Gender Male Radio
<div style='border: 1px solid #ddd; padding: 8px; margin: 5px 0; border-radius: 4px; background-color: #f7f7f7; display: inline-block;'><strong>#TXTBX ▭</strong> :: <strong>Mobile Number</strong> Value entered ⇒ <span style='color: #009;'>9123456789</span></div>
<div style='border: 1px solid #ddd; padding: 8px; margin: 5px 0; border-radius: 4px; background-color: #f7f7f7; display: inline-block;'><strong>#TXTBX ▭</strong> :: <strong>Full Name</strong> Value entered ⇒ <span style='color: #009;'>Rahul Verma</span></div>
<div style='border: 1px solid #ddd; padding: 8px; margin: 5px 0; border-radius: 4px; background-color: #f7f7f7; display: inline-block;'><strong>#TXTBX ▭</strong> :: <strong>Email</strong> Value entered ⇒ <span style='color: #009;'>rahul.verma@test.com</span></div>
<div style='border: 1px solid #ddd; padding: 8px; margin: 5px 0; border-radius: 4px; background-color: #f7f7f7; display: inline-block;'><strong>#TXTBX ▭</strong> :: <strong>Current Address</strong> Value entered ⇒ <span style='color: #009;'>Bhopal, Madhya Pradesh</span></div>
<div style='border: 1px solid #ddd; padding: 8px; margin: 5px 0; border-radius: 4px; background-color: #f7f7f7; display: inline-block;'><strong>#TXTBX ▭</strong> :: <strong>Permanent Address</strong> Value entered ⇒ <span style='color: #009;'>Indore, Madhya Pradesh</span></div>
<div style='border: 1px solid #ddd; padding: 8px; margin: 5px 0; border-radius: 4px; background-color: #f7f7f7; display: inline-block;'><strong>#BTN 📤</strong> :: <strong>Clicked On</strong> ⇒ <span style='color: #001dff;'>Submit Button</span></div>
✅ Updated AutomationTestingStatus for FormId 101013 to '[Automation Tester] TextBox Form Submitted Successfully at 01/06/2025 09:13:17 PM'
📋 Navigating to Home Page...
📋 Attempting to close modal popup (if present)...
⏳ Waiting for Home link to be clickable...
✅ Home link found: https://demoqa.com/
📋 Clicking on Home link...
<div style='border: 1px solid #ddd; padding: 8px; margin: 5px 0; border-radius: 4px; background-color: #f7f7f7; display: inline-block;'><strong>#TXTBX ▭</strong> :: <strong>First Name</strong> Value entered ⇒ <span style='color: #009;'>Rahul</span></div>
<div style='border: 1px solid #ddd; padding: 8px; margin: 5px 0; border-radius: 4px; background-color: #f7f7f7; display: inline-block;'><strong>#TXTBX ▭</strong> :: <strong>Last Name</strong> Value entered ⇒ <span style='color: #009;'>Verma</span></div>
Clicked On :: Date Picker - Date of Birth
#DATEPICKER 📅 :: Date of Birth :: Date successfully picked :: 25/05/1991
<div style='border: 1px solid #ddd; padding: 8px; margin: 5px 0; border-radius: 4px; background-color: #f7f7f7; display: inline-block;'><strong>#TXTBX ▭</strong> :: <strong>Email</strong> Value entered ⇒ <span style='color: #009;'>rahul.verma@test.com</span></div>
<div style='border: 1px solid #ddd; padding: 8px; margin: 5px 0; border-radius: 4px; background-color: #f7f7f7; display: inline-block;'><strong>#TXTBX ▭</strong> :: <strong>Subject</strong> Value entered ⇒ <span style='color: #009;'>History</span></div>
Clicked On :: Gender Male Radio
<div style='border: 1px solid #ddd; padding: 8px; margin: 5px 0; border-radius: 4px; background-color: #f7f7f7; display: inline-block;'><strong>#TXTBX ▭</strong> :: <strong>Mobile Number</strong> Value entered ⇒ <span style='color: #009;'>9988776655</span></div>
⏳ Waiting for loader to disappear...
⏳ Verifying home page load...
Clicked On :: Date Picker - Date of Birth
#DATEPICKER 📅 :: Date of Birth :: Date successfully picked :: 1988-03-20
<div style='border: 1px solid #ddd; padding: 8px; margin: 5px 0; border-radius: 4px; background-color: #f7f7f7; display: inline-block;'><strong>#TXTBX ▭</strong> :: <strong>Subject</strong> Value entered ⇒ <span style='color: #009;'>Chemistry</span></div>
Click Sucessfully==Again Double Click==Hobby: Music
<div style='border: 1px solid #ddd; padding: 8px; margin: 5px 0; border-radius: 4px; background-color: #f7f7f7; display: inline-block;'><strong>#FILEUP 🔼</strong> :: <strong>Profile Picture</strong> File Uploaded ⇒ <span style='color: #001dff;'>valdn01_07_2025_02_07_42.png</span></div>
<div style='border: 1px solid #ddd; padding: 8px; margin: 5px 0; border-radius: 4px; background-color: #f7f7f7; display: inline-block;'><strong>#TXTBX ▭</strong> :: <strong>Current Address</strong> Value entered ⇒ <span style='color: #009;'>Jaipur, Rajasthan</span></div>
❌ Navigation to Home Page failed: Expected condition failed: waiting for url to contain "home". Current url: "https://demoqa.com/" (tried for 10 second(s) with 500 milliseconds interval)
Build info: version: '4.12.1', revision: '8e34639b11'
System info: os.name: 'Windows 11', os.arch: 'amd64', os.version: '10.0', java.version: '18.0.1.1'
Driver info: org.openqa.selenium.chrome.ChromeDriver
Capabilities {acceptInsecureCerts: false, browserName: chrome, browserVersion: 136.0.7103.114, chrome: {chromedriverVersion: 136.0.7103.113 (76fa3c17824..., userDataDir: C:\Users\HP\AppData\Local\T...}, fedcm:accounts: true, goog:chromeOptions: {debuggerAddress: localhost:63962}, networkConnectionEnabled: false, pageLoadStrategy: normal, platformName: windows, proxy: Proxy(), se:cdp: ws://localhost:63962/devtoo..., se:cdpVersion: 136.0.7103.114, setWindowRect: true, strictFileInteractability: false, timeouts: {implicit: 0, pageLoad: 300000, script: 30000}, unhandledPromptBehavior: dismiss and notify, webauthn:extension:credBlob: true, webauthn:extension:largeBlob: true, webauthn:extension:minPinLength: true, webauthn:extension:prf: true, webauthn:virtualAuthenticators: true}
Session ID: 40bb75698d2fe6383849b73a3523e5f4
<h3 style="color:#132043;"><b> Iteration Number &#10781; :7</b></h4>
<div style='border: 1px solid #e0e0e0;padding: 8px 12px;margin: 8px 0;border-radius: 6px;background: linear-gradient(to right, #f8f9fa, #ffffff);box-shadow: 0 2px 4px rgba(0,0,0,0.05);display: inline-block;font-family: Arial, sans-serif;'><span style='font-weight: bold;color: #333;'>🌍 Browser Info:</span> <span style='color: #2c7be5;font-weight: 500;'><img src='data:image/svg+xml;base64,PHN2ZyB4bWxucz0iaHR0cDovL3d3dy53My5vcmcvMjAwMC9zdmciIHZpZXdCb3g9IjAgMCA0NDggNTEyIj48cGF0aCBmaWxsPSIjRkZDMTAyIiBkPSJNMjI0IDI1NmMwIDEyLjktNyAyNC40LTE3LjcgMjkuNkwxODcgMzA5LjljLTUuNCAzLTEyLjMgMy4xLTE3LjcuMS0xMC40LTUuOS0xNi43LTE2LjktMTYuNy0yOC42VjE5OGMwLTEyLjkgNy0yNC40IDE3LjctMjkuNkwxODcgMTQyLjFjNS40LTMgMTIuMy0zLjEgMTcuNy0uMSAxMC40IDUuOSAxNi43IDE2LjkgMTYuNyAyOC42djU4LjJ6Ii8+PHBhdGggZmlsbD0iIzRBNDlGNSIgZD0iTTIyNCAyNTZjMCAxMi45LTcgMjQuNC0xNy43IDI5LjZMMTg3IDMwOS45Yy01LjQgMy0xMi4zIDMuMS0xNy43LjEtMTAuNC01LjktMTYuNy0xNi45LTE2LjctMjguNlYxOThjMC0xMi45IDctMjQuNCAxNy43LTI5LjZMMTg3IDE0Mi4xYzUuNC0zIDEyLjMtMy4xIDE3LjctLjEgMTAuNCA1LjkgMTYuNyAxNi45IDE2LjcgMjguNnY1OC4yeiIvPjxwYXRoIGZpbGw9IiNGRkMxMDIiIGQ9Ik0yMjQgMjU2YzAgMTIuOS03IDI0LjQtMTcuNyAyOS42TDE4NyAzMDkuOWMtNS40IDMtMTIuMyAzLjEtMTcuNy4xLTEwLjQtNS45LTE2LjctMTYuOS0xNi43LTI4LjZWMTk4YzAtMTIuOSA3LTI0LjQgMTcuNy0yOS42TDE4NyAxNDIuMWM1LjQtMyAxMi4zLTMuMSAxNy43LS4xIDEwLjQgNS45IDE2LjcgMTYuOSAxNi43IDI4LjZ2NTguMnoiLz48cGF0aCBmaWxsPSIjRkZDMTAyIiBkPSJNMjI0IDI1NmMwIDEyLjktNyAyNC40LTE3LjcgMjkuNkwxODcgMzA5LjljLTUuNCAzLTEyLjMgMy4xLTE3LjcuMS0xMC40LTUuOS0xNi43LTE2LjktMTYuNy0yOC42VjE5OGMwLTEyLjkgNy0yNC40IDE3LjctMjkuNkwxODcgMTQyLjFjNS40LTMgMTIuMy0zLjEgMTcuNy0uMSAxMC40IDUuOSAxNi43IDE2LjkgMTYuNyAyOC42djU4LjJ6Ii8+PC9zdmc+' height='20' width='20' style='vertical-align: middle;' /> <span style='color: #4285F4;'>Google Chrome</span></span></div>
<div style="border: 1px solid #ddd; padding: 8px; margin: 5px 0; border-radius: 4px; background-color: #f7f7f7; display: inline-block;"><strong>💻 #System Info</strong> :: <strong>PC Name</strong> ⇒ <span style="color: #001dff;">ANKUSH1111</span> &nbsp;&nbsp;|&nbsp;&nbsp; <strong>User</strong> ⇒ <span style="color: #006400;">HP</span></div>
<div style='border: 1px solid #ddd; padding: 8px; margin: 5px 0; border-radius: 4px; background-color: #f7f7f7; display: inline-block;'><strong>#BTN 📤</strong> :: <strong>Clicked On</strong> ⇒ <span style='color: #001dff;'>Submit Button</span></div>
<div style='border: 1px solid #ddd; padding: 8px; margin: 5px 0; border-radius: 4px; background-color: #f7f7f7; display: inline-block;'><strong>#TXTBX ▭</strong> :: <strong>Full Name</strong> Value entered ⇒ <span style='color: #009;'>Amit Deshmukh</span></div>
<div style='border: 1px solid #ddd; padding: 8px; margin: 5px 0; border-radius: 4px; background-color: #f7f7f7; display: inline-block;'><strong>#TXTBX ▭</strong> :: <strong>Email</strong> Value entered ⇒ <span style='color: #009;'>amit.deshmukh@test.com</span></div>
<div style='border: 1px solid #ddd; padding: 8px; margin: 5px 0; border-radius: 4px; background-color: #f7f7f7; display: inline-block;'><strong>#TXTBX ▭</strong> :: <strong>Current Address</strong> Value entered ⇒ <span style='color: #009;'>Mumbai, Maharashtra</span></div>
<font color =#18122B><b>Sceenshot Path::C:\Users\HP\Documents\Ahmedabad\ANKUSH_FRAMEWORK\ScreenShots\Validation\valdn01_13_2025_09_13_26.png</b></font>
<div style='border: 1px solid #ddd; padding: 8px; margin: 5px 0; border-radius: 4px; background-color: #f7f7f7; display: inline-block;'><strong>#TXTBX ▭</strong> :: <strong>Permanent Address</strong> Value entered ⇒ <span style='color: #009;'>Pune, Maharashtra</span></div>
<h4>Time :01/06/2025 09:13:26 PM</h4>
<br>
<img src="C:\Users\HP\Documents\Ahmedabad\ANKUSH_FRAMEWORK\ScreenShots\Validation\valdn01_13_2025_09_13_26.png" width="1000" height="500" ></img>
<br>
<br>
<div style='border: 1px solid #ddd; padding: 8px; margin: 5px 0; border-radius: 4px; background-color: #f7f7f7; display: inline-block;'><strong>#BTN 📤</strong> :: <strong>Clicked On</strong> ⇒ <span style='color: #001dff;'>Submit Button</span></div>
📋 Navigating to Home Page...
📋 Attempting to close modal popup (if present)...
⏳ Waiting for Home link to be clickable...
✅ Home link found: https://demoqa.com/
📋 Clicking on Home link...
<table><tr><th style='font-weight: normal;'>Student Name</th><th>Karan Mehta</th></tr><tr><th style='font-weight: normal;'>Student Email</th><th>karan.mehta@test.com</th></tr><tr><th style='font-weight: normal;'>Gender</th><th>Male</th></tr><tr><th style='font-weight: normal;'>Mobile</th><th>9123456789</th></tr><tr><th style='font-weight: normal;'>Date of Birth</th><th>25 May,1991</th></tr><tr><th style='font-weight: normal;'>Subjects</th><th>History</th></tr><tr><th style='font-weight: normal;'>Hobbies</th><th>Music</th></tr><tr><th style='font-weight: normal;'>Picture</th><th>valdn01_07_2025_02_07_42.png</th></tr><tr><th style='font-weight: normal;'>Address</th><th>Jaipur, Rajasthan</th></tr><tr><th style='font-weight: normal;'>State and City</th><th>NCR Gurgaon</th></tr></table>
📋 Navigating to Home Page...
📋 Attempting to close modal popup (if present)...
⏳ Waiting for Home link to be clickable...
Click Sucessfully==Again Double Click==Hobby: Music
<div style='border: 1px solid #ddd; padding: 8px; margin: 5px 0; border-radius: 4px; background-color: #f7f7f7; display: inline-block;'><strong>#FILEUP 🔼</strong> :: <strong>Profile Picture</strong> File Uploaded ⇒ <span style='color: #001dff;'>valdn01_06_2025_02_06_50.png</span></div>
<div style='border: 1px solid #ddd; padding: 8px; margin: 5px 0; border-radius: 4px; background-color: #f7f7f7; display: inline-block;'><strong>#TXTBX ▭</strong> :: <strong>Current Address</strong> Value entered ⇒ <span style='color: #009;'>Bhopal, Madhya Pradesh</span></div>
⏳ Waiting for loader to disappear...
⏳ Verifying home page load...
<h3 style="color:#132043;"><b> Iteration Number &#10781; :1</b></h4>
<div style='border: 1px solid #e0e0e0;padding: 8px 12px;margin: 8px 0;border-radius: 6px;background: linear-gradient(to right, #f8f9fa, #ffffff);box-shadow: 0 2px 4px rgba(0,0,0,0.05);display: inline-block;font-family: Arial, sans-serif;'><span style='font-weight: bold;color: #333;'>🌍 Browser Info:</span> <span style='color: #2c7be5;font-weight: 500;'><img src='data:image/svg+xml;base64,PHN2ZyB4bWxucz0iaHR0cDovL3d3dy53My5vcmcvMjAwMC9zdmciIHZpZXdCb3g9IjAgMCA0NDggNTEyIj48cGF0aCBmaWxsPSIjRkZDMTAyIiBkPSJNMjI0IDI1NmMwIDEyLjktNyAyNC40LTE3LjcgMjkuNkwxODcgMzA5LjljLTUuNCAzLTEyLjMgMy4xLTE3LjcuMS0xMC40LTUuOS0xNi43LTE2LjktMTYuNy0yOC42VjE5OGMwLTEyLjkgNy0yNC40IDE3LjctMjkuNkwxODcgMTQyLjFjNS40LTMgMTIuMy0zLjEgMTcuNy0uMSAxMC40IDUuOSAxNi43IDE2LjkgMTYuNyAyOC42djU4LjJ6Ii8+PHBhdGggZmlsbD0iIzRBNDlGNSIgZD0iTTIyNCAyNTZjMCAxMi45LTcgMjQuNC0xNy43IDI5LjZMMTg3IDMwOS45Yy01LjQgMy0xMi4zIDMuMS0xNy43LjEtMTAuNC01LjktMTYuNy0xNi45LTE2LjctMjguNlYxOThjMC0xMi45IDctMjQuNCAxNy43LTI5LjZMMTg3IDE0Mi4xYzUuNC0zIDEyLjMtMy4xIDE3LjctLjEgMTAuNCA1LjkgMTYuNyAxNi45IDE2LjcgMjguNnY1OC4yeiIvPjxwYXRoIGZpbGw9IiNGRkMxMDIiIGQ9Ik0yMjQgMjU2YzAgMTIuOS03IDI0LjQtMTcuNyAyOS42TDE4NyAzMDkuOWMtNS40IDMtMTIuMyAzLjEtMTcuNy4xLTEwLjQtNS45LTE2LjctMTYuOS0xNi43LTI4LjZWMTk4YzAtMTIuOSA3LTI0LjQgMTcuNy0yOS42TDE4NyAxNDIuMWM1LjQtMyAxMi4zLTMuMSAxNy43LS4xIDEwLjQgNS45IDE2LjcgMTYuOSAxNi43IDI4LjZ2NTguMnoiLz48cGF0aCBmaWxsPSIjRkZDMTAyIiBkPSJNMjI0IDI1NmMwIDEyLjktNyAyNC40LTE3LjcgMjkuNkwxODcgMzA5LjljLTUuNCAzLTEyLjMgMy4xLTE3LjcuMS0xMC40LTUuOS0xNi43LTE2LjktMTYuNy0yOC42VjE5OGMwLTEyLjkgNy0yNC40IDE3LjctMjkuNkwxODcgMTQyLjFjNS40LTMgMTIuMy0zLjEgMTcuNy0uMSAxMC40IDUuOSAxNi43IDE2LjkgMTYuNyAyOC42djU4LjJ6Ii8+PC9zdmc+' height='20' width='20' style='vertical-align: middle;' /> <span style='color: #4285F4;'>Google Chrome</span></span></div>
<div style="border: 1px solid #ddd; padding: 8px; margin: 5px 0; border-radius: 4px; background-color: #f7f7f7; display: inline-block;"><strong>💻 #System Info</strong> :: <strong>PC Name</strong> ⇒ <span style="color: #001dff;">ANKUSH1111</span> &nbsp;&nbsp;|&nbsp;&nbsp; <strong>User</strong> ⇒ <span style="color: #006400;">HP</span></div>
<div style='border: 1px solid #ddd; padding: 8px; margin: 5px 0; border-radius: 4px; background-color: #f7f7f7; display: inline-block;'><strong>#BTN 📤</strong> :: <strong>Clicked On</strong> ⇒ <span style='color: #001dff;'>Submit Button</span></div>
❌ Navigation to Home Page failed: Expected condition failed: waiting for element to be clickable: By.xpath: //a[contains(@href,'https://demoqa.com')] (tried for 2 second(s) with 500 milliseconds interval)
Build info: version: '4.12.1', revision: '8e34639b11'
System info: os.name: 'Windows 11', os.arch: 'amd64', os.version: '10.0', java.version: '18.0.1.1'
Driver info: org.openqa.selenium.chrome.ChromeDriver
Capabilities {acceptInsecureCerts: false, browserName: chrome, browserVersion: 136.0.7103.114, chrome: {chromedriverVersion: 136.0.7103.113 (76fa3c17824..., userDataDir: C:\Users\HP\AppData\Local\T...}, fedcm:accounts: true, goog:chromeOptions: {debuggerAddress: localhost:63961}, networkConnectionEnabled: false, pageLoadStrategy: normal, platformName: windows, proxy: Proxy(), se:cdp: ws://localhost:63961/devtoo..., se:cdpVersion: 136.0.7103.114, setWindowRect: true, strictFileInteractability: false, timeouts: {implicit: 0, pageLoad: 300000, script: 30000}, unhandledPromptBehavior: dismiss and notify, webauthn:extension:credBlob: true, webauthn:extension:largeBlob: true, webauthn:extension:minPinLength: true, webauthn:extension:prf: true, webauthn:virtualAuthenticators: true}
Session ID: 1e09f344d5603291de103c6987c08dbe
<font color =#18122B><b>Sceenshot Path::C:\Users\HP\Documents\Ahmedabad\ANKUSH_FRAMEWORK\ScreenShots\Validation\valdn01_13_2025_09_13_30.png</b></font>
<h4>Time :01/06/2025 09:13:30 PM</h4>
<br>
<img src="C:\Users\HP\Documents\Ahmedabad\ANKUSH_FRAMEWORK\ScreenShots\Validation\valdn01_13_2025_09_13_30.png" width="1000" height="500" ></img>
<br>
<br>
<div style="background-color:#ffeeba; border:2px solid #856404; border-radius:10px; padding:10px 15px; text-align:left; margin:10px 0; display:inline-block; color:#856404; box-shadow: 0px 4px 6px rgba(0, 0, 0, 0.2);"><p style='font-size:18px; margin:0;'><b>Skipped: Screenshot saved at: C:\Users\HP\Documents\Ahmedabad\ANKUSH_FRAMEWORK\ScreenShots\Validation\valdn01_13_2025_09_13_30.png</b></p></div>
<table><tr><th style='font-weight: normal;'>Student Name</th><th>Rahul Verma</th></tr><tr><th style='font-weight: normal;'>Student Email</th><th>rahul.verma@test.com</th></tr><tr><th style='font-weight: normal;'>Gender</th><th>Male</th></tr><tr><th style='font-weight: normal;'>Mobile</th><th>9988776655</th></tr><tr><th style='font-weight: normal;'>Date of Birth</th><th>20 March,1988</th></tr><tr><th style='font-weight: normal;'>Subjects</th><th>Chemistry</th></tr><tr><th style='font-weight: normal;'>Hobbies</th><th>Music</th></tr><tr><th style='font-weight: normal;'>Picture</th><th>valdn01_06_2025_02_06_50.png</th></tr><tr><th style='font-weight: normal;'>Address</th><th>Bhopal, Madhya Pradesh</th></tr><tr><th style='font-weight: normal;'>State and City</th><th>Haryana Karnal</th></tr></table>
✅ Updated AutomationTestingStatus for FormId 101013 to '✅ [Automation Tester] Automation Testing Successfully Done and Form Successfully Submitted :: On Timestamp 01/06/2025 09:13:31 PM'
📋 Navigating to Home Page...
📋 Attempting to close modal popup (if present)...
⏳ Waiting for Home link to be clickable...
❌ Navigation to Home Page failed: Expected condition failed: waiting for url to contain "home". Current url: "https://demoqa.com/" (tried for 10 second(s) with 500 milliseconds interval)
Build info: version: '4.12.1', revision: '8e34639b11'
System info: os.name: 'Windows 11', os.arch: 'amd64', os.version: '10.0', java.version: '18.0.1.1'
Driver info: org.openqa.selenium.chrome.ChromeDriver
Capabilities {acceptInsecureCerts: false, browserName: chrome, browserVersion: 136.0.7103.114, chrome: {chromedriverVersion: 136.0.7103.113 (76fa3c17824..., userDataDir: C:\Users\HP\AppData\Local\T...}, fedcm:accounts: true, goog:chromeOptions: {debuggerAddress: localhost:63963}, networkConnectionEnabled: false, pageLoadStrategy: normal, platformName: windows, proxy: Proxy(), se:cdp: ws://localhost:63963/devtoo..., se:cdpVersion: 136.0.7103.114, setWindowRect: true, strictFileInteractability: false, timeouts: {implicit: 0, pageLoad: 300000, script: 30000}, unhandledPromptBehavior: dismiss and notify, webauthn:extension:credBlob: true, webauthn:extension:largeBlob: true, webauthn:extension:minPinLength: true, webauthn:extension:prf: true, webauthn:virtualAuthenticators: true}
Session ID: 2d878eeb16294432cfaadd75059ef6bf
<div style="background-color:#ffeeba; border:2px solid #856404; border-radius:10px; padding:10px 15px; text-align:left; margin:10px 0; display:inline-block; color:#856404; box-shadow: 0px 4px 6px rgba(0, 0, 0, 0.2);"><p style='font-size:18px; margin:0;'><b>Skipped: 🔐 Admin Connection URL: jdbc:sqlserver://localhost:1433;database=QADEMO;integratedSecurity=true;encrypt=false;trustServerCertificate=true;loginTimeout=30;</b></p></div>
<div style="background-color:#ffeeba; border:2px solid #856404; border-radius:10px; padding:10px 15px; text-align:left; margin:10px 0; display:inline-block; color:#856404; box-shadow: 0px 4px 6px rgba(0, 0, 0, 0.2);"><p style='font-size:18px; margin:0;'><b>Skipped: 🔐 Company Connection URL: jdbc:sqlserver://localhost:1433;database=QADEMO;integratedSecurity=true;encrypt=false;trustServerCertificate=true;loginTimeout=30;</b></p></div>
<div style='border: 1px solid #e0e0e0;padding: 8px 12px;margin: 8px 0;border-radius: 6px;background: linear-gradient(to right, #f8f9fa, #ffffff);box-shadow: 0 2px 4px rgba(0,0,0,0.05);display: inline-block;font-family: Arial, sans-serif;'><span style='font-weight: bold;color: #333;'>🌍 Browser Info:</span> <span style='color: #2c7be5;font-weight: 500;'><img src='data:image/svg+xml;base64,PHN2ZyB4bWxucz0iaHR0cDovL3d3dy53My5vcmcvMjAwMC9zdmciIHZpZXdCb3g9IjAgMCA0NDggNTEyIj48cGF0aCBmaWxsPSIjRkZDMTAyIiBkPSJNMjI0IDI1NmMwIDEyLjktNyAyNC40LTE3LjcgMjkuNkwxODcgMzA5LjljLTUuNCAzLTEyLjMgMy4xLTE3LjcuMS0xMC40LTUuOS0xNi43LTE2LjktMTYuNy0yOC42VjE5OGMwLTEyLjkgNy0yNC40IDE3LjctMjkuNkwxODcgMTQyLjFjNS40LTMgMTIuMy0zLjEgMTcuNy0uMSAxMC40IDUuOSAxNi43IDE2LjkgMTYuNyAyOC42djU4LjJ6Ii8+PHBhdGggZmlsbD0iIzRBNDlGNSIgZD0iTTIyNCAyNTZjMCAxMi45LTcgMjQuNC0xNy43IDI5LjZMMTg3IDMwOS45Yy01LjQgMy0xMi4zIDMuMS0xNy43LjEtMTAuNC01LjktMTYuNy0xNi45LTE2LjctMjguNlYxOThjMC0xMi45IDctMjQuNCAxNy43LTI5LjZMMTg3IDE0Mi4xYzUuNC0zIDEyLjMtMy4xIDE3LjctLjEgMTAuNCA1LjkgMTYuNyAxNi45IDE2LjcgMjguNnY1OC4yeiIvPjxwYXRoIGZpbGw9IiNGRkMxMDIiIGQ9Ik0yMjQgMjU2YzAgMTIuOS03IDI0LjQtMTcuNyAyOS42TDE4NyAzMDkuOWMtNS40IDMtMTIuMyAzLjEtMTcuNy4xLTEwLjQtNS45LTE2LjctMTYuOS0xNi43LTI4LjZWMTk4YzAtMTIuOSA3LTI0LjQgMTcuNy0yOS42TDE4NyAxNDIuMWM1LjQtMyAxMi4zLTMuMSAxNy43LS4xIDEwLjQgNS45IDE2LjcgMTYuOSAxNi43IDI4LjZ2NTguMnoiLz48cGF0aCBmaWxsPSIjRkZDMTAyIiBkPSJNMjI0IDI1NmMwIDEyLjktNyAyNC40LTE3LjcgMjkuNkwxODcgMzA5LjljLTUuNCAzLTEyLjMgMy4xLTE3LjcuMS0xMC40LTUuOS0xNi43LTE2LjktMTYuNy0yOC42VjE5OGMwLTEyLjkgNy0yNC40IDE3LjctMjkuNkwxODcgMTQyLjFjNS40LTMgMTIuMy0zLjEgMTcuNy0uMSAxMC40IDUuOSAxNi43IDE2LjkgMTYuNyAyOC42djU4LjJ6Ii8+PC9zdmc+' height='20' width='20' style='vertical-align: middle;' /> <span style='color: #4285F4;'>Google Chrome</span></span></div>
<div style="border: 1px solid #ddd; padding: 8px; margin: 5px 0; border-radius: 4px; background-color: #f7f7f7; display: inline-block;"><strong>💻 #System Info</strong> :: <strong>PC Name</strong> ⇒ <span style="color: #001dff;">ANKUSH1111</span> &nbsp;&nbsp;|&nbsp;&nbsp; <strong>User</strong> ⇒ <span style="color: #006400;">HP</span></div>
❌ Navigation to Home Page failed: Expected condition failed: waiting for element to be clickable: By.xpath: //a[contains(@href,'https://demoqa.com')] (tried for 2 second(s) with 500 milliseconds interval)
Build info: version: '4.12.1', revision: '8e34639b11'
System info: os.name: 'Windows 11', os.arch: 'amd64', os.version: '10.0', java.version: '18.0.1.1'
Driver info: org.openqa.selenium.chrome.ChromeDriver
Capabilities {acceptInsecureCerts: false, browserName: chrome, browserVersion: 136.0.7103.114, chrome: {chromedriverVersion: 136.0.7103.113 (76fa3c17824..., userDataDir: C:\Users\HP\AppData\Local\T...}, fedcm:accounts: true, goog:chromeOptions: {debuggerAddress: localhost:63960}, networkConnectionEnabled: false, pageLoadStrategy: normal, platformName: windows, proxy: Proxy(), se:cdp: ws://localhost:63960/devtoo..., se:cdpVersion: 136.0.7103.114, setWindowRect: true, strictFileInteractability: false, timeouts: {implicit: 0, pageLoad: 300000, script: 30000}, unhandledPromptBehavior: dismiss and notify, webauthn:extension:credBlob: true, webauthn:extension:largeBlob: true, webauthn:extension:minPinLength: true, webauthn:extension:prf: true, webauthn:virtualAuthenticators: true}
Session ID: b22de8f484a725a99fe9529a98a50781
<div style="background-color:#ffeeba; border:2px solid #856404; border-radius:10px; padding:10px 15px; text-align:left; margin:10px 0; display:inline-block; color:#856404; box-shadow: 0px 4px 6px rgba(0, 0, 0, 0.2);"><p style='font-size:18px; margin:0;'><b>Skipped: 🔐 Admin Connection URL: jdbc:sqlserver://localhost:1433;database=QADEMO;integratedSecurity=true;encrypt=false;trustServerCertificate=true;loginTimeout=30;</b></p></div>
<div style="background-color:#ffeeba; border:2px solid #856404; border-radius:10px; padding:10px 15px; text-align:left; margin:10px 0; display:inline-block; color:#856404; box-shadow: 0px 4px 6px rgba(0, 0, 0, 0.2);"><p style='font-size:18px; margin:0;'><b>Skipped: 🔐 Company Connection URL: jdbc:sqlserver://localhost:1433;database=QADEMO;integratedSecurity=true;encrypt=false;trustServerCertificate=true;loginTimeout=30;</b></p></div>
<div style='border: 1px solid #e0e0e0;padding: 8px 12px;margin: 8px 0;border-radius: 6px;background: linear-gradient(to right, #f8f9fa, #ffffff);box-shadow: 0 2px 4px rgba(0,0,0,0.05);display: inline-block;font-family: Arial, sans-serif;'><span style='font-weight: bold;color: #333;'>🌍 Browser Info:</span> <span style='color: #2c7be5;font-weight: 500;'><img src='data:image/svg+xml;base64,PHN2ZyB4bWxucz0iaHR0cDovL3d3dy53My5vcmcvMjAwMC9zdmciIHZpZXdCb3g9IjAgMCA0NDggNTEyIj48cGF0aCBmaWxsPSIjRkZDMTAyIiBkPSJNMjI0IDI1NmMwIDEyLjktNyAyNC40LTE3LjcgMjkuNkwxODcgMzA5LjljLTUuNCAzLTEyLjMgMy4xLTE3LjcuMS0xMC40LTUuOS0xNi43LTE2LjktMTYuNy0yOC42VjE5OGMwLTEyLjkgNy0yNC40IDE3LjctMjkuNkwxODcgMTQyLjFjNS40LTMgMTIuMy0zLjEgMTcuNy0uMSAxMC40IDUuOSAxNi43IDE2LjkgMTYuNyAyOC42djU4LjJ6Ii8+PHBhdGggZmlsbD0iIzRBNDlGNSIgZD0iTTIyNCAyNTZjMCAxMi45LTcgMjQuNC0xNy43IDI5LjZMMTg3IDMwOS45Yy01LjQgMy0xMi4zIDMuMS0xNy43LjEtMTAuNC01LjktMTYuNy0xNi45LTE2LjctMjguNlYxOThjMC0xMi45IDctMjQuNCAxNy43LTI5LjZMMTg3IDE0Mi4xYzUuNC0zIDEyLjMtMy4xIDE3LjctLjEgMTAuNCA1LjkgMTYuNyAxNi45IDE2LjcgMjguNnY1OC4yeiIvPjxwYXRoIGZpbGw9IiNGRkMxMDIiIGQ9Ik0yMjQgMjU2YzAgMTIuOS03IDI0LjQtMTcuNyAyOS42TDE4NyAzMDkuOWMtNS40IDMtMTIuMyAzLjEtMTcuNy4xLTEwLjQtNS45LTE2LjctMTYuOS0xNi43LTI4LjZWMTk4YzAtMTIuOSA3LTI0LjQgMTcuNy0yOS42TDE4NyAxNDIuMWM1LjQtMyAxMi4zLTMuMSAxNy43LS4xIDEwLjQgNS45IDE2LjcgMTYuOSAxNi43IDI4LjZ2NTguMnoiLz48cGF0aCBmaWxsPSIjRkZDMTAyIiBkPSJNMjI0IDI1NmMwIDEyLjktNyAyNC40LTE3LjcgMjkuNkwxODcgMzA5LjljLTUuNCAzLTEyLjMgMy4xLTE3LjcuMS0xMC40LTUuOS0xNi43LTE2LjktMTYuNy0yOC42VjE5OGMwLTEyLjkgNy0yNC40IDE3LjctMjkuNkwxODcgMTQyLjFjNS40LTMgMTIuMy0zLjEgMTcuNy0uMSAxMC40IDUuOSAxNi43IDE2LjkgMTYuNyAyOC42djU4LjJ6Ii8+PC9zdmc+' height='20' width='20' style='vertical-align: middle;' /> <span style='color: #4285F4;'>Google Chrome</span></span></div>
<div style="border: 1px solid #ddd; padding: 8px; margin: 5px 0; border-radius: 4px; background-color: #f7f7f7; display: inline-block;"><strong>💻 #System Info</strong> :: <strong>PC Name</strong> ⇒ <span style="color: #001dff;">ANKUSH1111</span> &nbsp;&nbsp;|&nbsp;&nbsp; <strong>User</strong> ⇒ <span style="color: #006400;">HP</span></div>
<div style='border: 1px solid #ddd; padding: 8px; margin: 5px 0; border-radius: 4px; background-color: #f7f7f7; display: inline-block;'><strong>#TXTBX ▭</strong> :: <strong>Full Name</strong> Value entered ⇒ <span style='color: #009;'>Sneha Patil</span></div>
<div style='border: 1px solid #ddd; padding: 8px; margin: 5px 0; border-radius: 4px; background-color: #f7f7f7; display: inline-block;'><strong>#TXTBX ▭</strong> :: <strong>Email</strong> Value entered ⇒ <span style='color: #009;'>sneha.patil@test.com</span></div>
<div style='border: 1px solid #ddd; padding: 8px; margin: 5px 0; border-radius: 4px; background-color: #f7f7f7; display: inline-block;'><strong>#TXTBX ▭</strong> :: <strong>Full Name</strong> Value entered ⇒ <span style='color: #009;'>Harprit Barar</span></div>
<div style='border: 1px solid #ddd; padding: 8px; margin: 5px 0; border-radius: 4px; background-color: #f7f7f7; display: inline-block;'><strong>#TXTBX ▭</strong> :: <strong>Current Address</strong> Value entered ⇒ <span style='color: #009;'>Nashik, Maharashtra</span></div>
<div style='border: 1px solid #ddd; padding: 8px; margin: 5px 0; border-radius: 4px; background-color: #f7f7f7; display: inline-block;'><strong>#TXTBX ▭</strong> :: <strong>Email</strong> Value entered ⇒ <span style='color: #009;'>ankush.agle@test.com</span></div>
<div style='border: 1px solid #ddd; padding: 8px; margin: 5px 0; border-radius: 4px; background-color: #f7f7f7; display: inline-block;'><strong>#TXTBX ▭</strong> :: <strong>First Name</strong> Value entered ⇒ <span style='color: #009;'>Sneha</span></div>
<div style='border: 1px solid #ddd; padding: 8px; margin: 5px 0; border-radius: 4px; background-color: #f7f7f7; display: inline-block;'><strong>#TXTBX ▭</strong> :: <strong>Current Address</strong> Value entered ⇒ <span style='color: #009;'>Paithan, Maharashtra</span></div>
<div style='border: 1px solid #ddd; padding: 8px; margin: 5px 0; border-radius: 4px; background-color: #f7f7f7; display: inline-block;'><strong>#TXTBX ▭</strong> :: <strong>Permanent Address</strong> Value entered ⇒ <span style='color: #009;'>Kolhapur, Maharashtra</span></div>
<div style='border: 1px solid #ddd; padding: 8px; margin: 5px 0; border-radius: 4px; background-color: #f7f7f7; display: inline-block;'><strong>#TXTBX ▭</strong> :: <strong>Permanent Address</strong> Value entered ⇒ <span style='color: #009;'>Aurangabad, Maharashtra</span></div>
<div style='border: 1px solid #ddd; padding: 8px; margin: 5px 0; border-radius: 4px; background-color: #f7f7f7; display: inline-block;'><strong>#TXTBX ▭</strong> :: <strong>Last Name</strong> Value entered ⇒ <span style='color: #009;'>Patil</span></div>
<div style='border: 1px solid #ddd; padding: 8px; margin: 5px 0; border-radius: 4px; background-color: #f7f7f7; display: inline-block;'><strong>#BTN 📤</strong> :: <strong>Clicked On</strong> ⇒ <span style='color: #001dff;'>Submit Button</span></div>
✅ Updated AutomationTestingStatus for FormId 101014 to '[Automation Tester] TextBox Form Submitted Successfully at 01/06/2025 09:13:38 PM'
📋 Navigating to Home Page...
📋 Attempting to close modal popup (if present)...
⏳ Waiting for Home link to be clickable...
✅ Home link found: https://demoqa.com/
📋 Clicking on Home link...
<div style='border: 1px solid #ddd; padding: 8px; margin: 5px 0; border-radius: 4px; background-color: #f7f7f7; display: inline-block;'><strong>#BTN 📤</strong> :: <strong>Clicked On</strong> ⇒ <span style='color: #001dff;'>Submit Button</span></div>
<div style='border: 1px solid #ddd; padding: 8px; margin: 5px 0; border-radius: 4px; background-color: #f7f7f7; display: inline-block;'><strong>#TXTBX ▭</strong> :: <strong>Email</strong> Value entered ⇒ <span style='color: #009;'>sneha.patil@test.com</span></div>
📋 Navigating to Home Page...
📋 Attempting to close modal popup (if present)...
⏳ Waiting for Home link to be clickable...
✅ Home link found: https://demoqa.com/
📋 Clicking on Home link...
❌ Navigation to Home Page failed: Expected condition failed: waiting for url to contain "home". Current url: "https://demoqa.com/" (tried for 10 second(s) with 500 milliseconds interval)
Build info: version: '4.12.1', revision: '8e34639b11'
System info: os.name: 'Windows 11', os.arch: 'amd64', os.version: '10.0', java.version: '18.0.1.1'
Driver info: org.openqa.selenium.chrome.ChromeDriver
Capabilities {acceptInsecureCerts: false, browserName: chrome, browserVersion: 136.0.7103.114, chrome: {chromedriverVersion: 136.0.7103.113 (76fa3c17824..., userDataDir: C:\Users\HP\AppData\Local\T...}, fedcm:accounts: true, goog:chromeOptions: {debuggerAddress: localhost:63962}, networkConnectionEnabled: false, pageLoadStrategy: normal, platformName: windows, proxy: Proxy(), se:cdp: ws://localhost:63962/devtoo..., se:cdpVersion: 136.0.7103.114, setWindowRect: true, strictFileInteractability: false, timeouts: {implicit: 0, pageLoad: 300000, script: 30000}, unhandledPromptBehavior: dismiss and notify, webauthn:extension:credBlob: true, webauthn:extension:largeBlob: true, webauthn:extension:minPinLength: true, webauthn:extension:prf: true, webauthn:virtualAuthenticators: true}
Session ID: 40bb75698d2fe6383849b73a3523e5f4
<h3 style="color:#132043;"><b> Iteration Number &#10781; :8</b></h4>
<div style='border: 1px solid #e0e0e0;padding: 8px 12px;margin: 8px 0;border-radius: 6px;background: linear-gradient(to right, #f8f9fa, #ffffff);box-shadow: 0 2px 4px rgba(0,0,0,0.05);display: inline-block;font-family: Arial, sans-serif;'><span style='font-weight: bold;color: #333;'>🌍 Browser Info:</span> <span style='color: #2c7be5;font-weight: 500;'><img src='data:image/svg+xml;base64,PHN2ZyB4bWxucz0iaHR0cDovL3d3dy53My5vcmcvMjAwMC9zdmciIHZpZXdCb3g9IjAgMCA0NDggNTEyIj48cGF0aCBmaWxsPSIjRkZDMTAyIiBkPSJNMjI0IDI1NmMwIDEyLjktNyAyNC40LTE3LjcgMjkuNkwxODcgMzA5LjljLTUuNCAzLTEyLjMgMy4xLTE3LjcuMS0xMC40LTUuOS0xNi43LTE2LjktMTYuNy0yOC42VjE5OGMwLTEyLjkgNy0yNC40IDE3LjctMjkuNkwxODcgMTQyLjFjNS40LTMgMTIuMy0zLjEgMTcuNy0uMSAxMC40IDUuOSAxNi43IDE2LjkgMTYuNyAyOC42djU4LjJ6Ii8+PHBhdGggZmlsbD0iIzRBNDlGNSIgZD0iTTIyNCAyNTZjMCAxMi45LTcgMjQuNC0xNy43IDI5LjZMMTg3IDMwOS45Yy01LjQgMy0xMi4zIDMuMS0xNy43LjEtMTAuNC01LjktMTYuNy0xNi45LTE2LjctMjguNlYxOThjMC0xMi45IDctMjQuNCAxNy43LTI5LjZMMTg3IDE0Mi4xYzUuNC0zIDEyLjMtMy4xIDE3LjctLjEgMTAuNCA1LjkgMTYuNyAxNi45IDE2LjcgMjguNnY1OC4yeiIvPjxwYXRoIGZpbGw9IiNGRkMxMDIiIGQ9Ik0yMjQgMjU2YzAgMTIuOS03IDI0LjQtMTcuNyAyOS42TDE4NyAzMDkuOWMtNS40IDMtMTIuMyAzLjEtMTcuNy4xLTEwLjQtNS45LTE2LjctMTYuOS0xNi43LTI4LjZWMTk4YzAtMTIuOSA3LTI0LjQgMTcuNy0yOS42TDE4NyAxNDIuMWM1LjQtMyAxMi4zLTMuMSAxNy43LS4xIDEwLjQgNS45IDE2LjcgMTYuOSAxNi43IDI4LjZ2NTguMnoiLz48cGF0aCBmaWxsPSIjRkZDMTAyIiBkPSJNMjI0IDI1NmMwIDEyLjktNyAyNC40LTE3LjcgMjkuNkwxODcgMzA5LjljLTUuNCAzLTEyLjMgMy4xLTE3LjcuMS0xMC40LTUuOS0xNi43LTE2LjktMTYuNy0yOC42VjE5OGMwLTEyLjkgNy0yNC40IDE3LjctMjkuNkwxODcgMTQyLjFjNS40LTMgMTIuMy0zLjEgMTcuNy0uMSAxMC40IDUuOSAxNi43IDE2LjkgMTYuNyAyOC42djU4LjJ6Ii8+PC9zdmc+' height='20' width='20' style='vertical-align: middle;' /> <span style='color: #4285F4;'>Google Chrome</span></span></div>
<div style="border: 1px solid #ddd; padding: 8px; margin: 5px 0; border-radius: 4px; background-color: #f7f7f7; display: inline-block;"><strong>💻 #System Info</strong> :: <strong>PC Name</strong> ⇒ <span style="color: #001dff;">ANKUSH1111</span> &nbsp;&nbsp;|&nbsp;&nbsp; <strong>User</strong> ⇒ <span style="color: #006400;">HP</span></div>
Clicked On :: Gender Female Radio
<div style='border: 1px solid #ddd; padding: 8px; margin: 5px 0; border-radius: 4px; background-color: #f7f7f7; display: inline-block;'><strong>#TXTBX ▭</strong> :: <strong>Mobile Number</strong> Value entered ⇒ <span style='color: #009;'>9871234567</span></div>
⏳ Waiting for loader to disappear...
⏳ Verifying home page load...
⏳ Waiting for loader to disappear...
⏳ Verifying home page load...
<div style='border: 1px solid #ddd; padding: 8px; margin: 5px 0; border-radius: 4px; background-color: #f7f7f7; display: inline-block;'><strong>#TXTBX ▭</strong> :: <strong>Full Name</strong> Value entered ⇒ <span style='color: #009;'>Anjali Rao</span></div>
<div style='border: 1px solid #ddd; padding: 8px; margin: 5px 0; border-radius: 4px; background-color: #f7f7f7; display: inline-block;'><strong>#TXTBX ▭</strong> :: <strong>Email</strong> Value entered ⇒ <span style='color: #009;'>anjali.rao@test.com</span></div>
<div style='border: 1px solid #ddd; padding: 8px; margin: 5px 0; border-radius: 4px; background-color: #f7f7f7; display: inline-block;'><strong>#TXTBX ▭</strong> :: <strong>Current Address</strong> Value entered ⇒ <span style='color: #009;'>Hyderabad, Telangana</span></div>
<div style='border: 1px solid #ddd; padding: 8px; margin: 5px 0; border-radius: 4px; background-color: #f7f7f7; display: inline-block;'><strong>#TXTBX ▭</strong> :: <strong>Permanent Address</strong> Value entered ⇒ <span style='color: #009;'>Warangal, Telangana</span></div>
<div style='border: 1px solid #ddd; padding: 8px; margin: 5px 0; border-radius: 4px; background-color: #f7f7f7; display: inline-block;'><strong>#BTN 📤</strong> :: <strong>Clicked On</strong> ⇒ <span style='color: #001dff;'>Submit Button</span></div>
📋 Navigating to Home Page...
📋 Attempting to close modal popup (if present)...
⏳ Waiting for Home link to be clickable...
✅ Home link found: https://demoqa.com/
📋 Clicking on Home link...
Clicked On :: Date Picker - Date of Birth
#DATEPICKER 📅 :: Date of Birth :: Date successfully picked :: 1995-04-10
<div style='border: 1px solid #ddd; padding: 8px; margin: 5px 0; border-radius: 4px; background-color: #f7f7f7; display: inline-block;'><strong>#TXTBX ▭</strong> :: <strong>Subject</strong> Value entered ⇒ <span style='color: #009;'>Biology</span></div>
⏳ Waiting for loader to disappear...
⏳ Verifying home page load...
Click Sucessfully==Again Double Click==Hobby: Reading
Clicked On :: Hobby: Sports
<div style='border: 1px solid #ddd; padding: 8px; margin: 5px 0; border-radius: 4px; background-color: #f7f7f7; display: inline-block;'><strong>#FILEUP 🔼</strong> :: <strong>Profile Picture</strong> File Uploaded ⇒ <span style='color: #001dff;'>valdn01_07_2025_02_07_25.png</span></div>
<div style='border: 1px solid #ddd; padding: 8px; margin: 5px 0; border-radius: 4px; background-color: #f7f7f7; display: inline-block;'><strong>#TXTBX ▭</strong> :: <strong>Current Address</strong> Value entered ⇒ <span style='color: #009;'>Nashik, Maharashtra</span></div>
<div style='border: 1px solid #ddd; padding: 8px; margin: 5px 0; border-radius: 4px; background-color: #f7f7f7; display: inline-block;'><strong>#BTN 📤</strong> :: <strong>Clicked On</strong> ⇒ <span style='color: #001dff;'>Submit Button</span></div>
<font color =#18122B><b>Sceenshot Path::C:\Users\HP\Documents\Ahmedabad\ANKUSH_FRAMEWORK\ScreenShots\Validation\valdn01_13_2025_09_13_50.png</b></font>
❌ Navigation to Home Page failed: Expected condition failed: waiting for url to contain "home". Current url: "https://demoqa.com/" (tried for 10 second(s) with 500 milliseconds interval)
Build info: version: '4.12.1', revision: '8e34639b11'
System info: os.name: 'Windows 11', os.arch: 'amd64', os.version: '10.0', java.version: '18.0.1.1'
Driver info: org.openqa.selenium.chrome.ChromeDriver
Capabilities {acceptInsecureCerts: false, browserName: chrome, browserVersion: 136.0.7103.114, chrome: {chromedriverVersion: 136.0.7103.113 (76fa3c17824..., userDataDir: C:\Users\HP\AppData\Local\T...}, fedcm:accounts: true, goog:chromeOptions: {debuggerAddress: localhost:53181}, networkConnectionEnabled: false, pageLoadStrategy: normal, platformName: windows, proxy: Proxy(), se:cdp: ws://localhost:53181/devtoo..., se:cdpVersion: 136.0.7103.114, setWindowRect: true, strictFileInteractability: false, timeouts: {implicit: 0, pageLoad: 300000, script: 30000}, unhandledPromptBehavior: dismiss and notify, webauthn:extension:credBlob: true, webauthn:extension:largeBlob: true, webauthn:extension:minPinLength: true, webauthn:extension:prf: true, webauthn:virtualAuthenticators: true}
Session ID: 35c9159c033971dcb76a9982a22a7c38
<h3 style="color:#132043;"><b> Iteration Number &#10781; :2</b></h4>
<div style='border: 1px solid #e0e0e0;padding: 8px 12px;margin: 8px 0;border-radius: 6px;background: linear-gradient(to right, #f8f9fa, #ffffff);box-shadow: 0 2px 4px rgba(0,0,0,0.05);display: inline-block;font-family: Arial, sans-serif;'><span style='font-weight: bold;color: #333;'>🌍 Browser Info:</span> <span style='color: #2c7be5;font-weight: 500;'><img src='data:image/svg+xml;base64,PHN2ZyB4bWxucz0iaHR0cDovL3d3dy53My5vcmcvMjAwMC9zdmciIHZpZXdCb3g9IjAgMCA0NDggNTEyIj48cGF0aCBmaWxsPSIjRkZDMTAyIiBkPSJNMjI0IDI1NmMwIDEyLjktNyAyNC40LTE3LjcgMjkuNkwxODcgMzA5LjljLTUuNCAzLTEyLjMgMy4xLTE3LjcuMS0xMC40LTUuOS0xNi43LTE2LjktMTYuNy0yOC42VjE5OGMwLTEyLjkgNy0yNC40IDE3LjctMjkuNkwxODcgMTQyLjFjNS40LTMgMTIuMy0zLjEgMTcuNy0uMSAxMC40IDUuOSAxNi43IDE2LjkgMTYuNyAyOC42djU4LjJ6Ii8+PHBhdGggZmlsbD0iIzRBNDlGNSIgZD0iTTIyNCAyNTZjMCAxMi45LTcgMjQuNC0xNy43IDI5LjZMMTg3IDMwOS45Yy01LjQgMy0xMi4zIDMuMS0xNy43LjEtMTAuNC01LjktMTYuNy0xNi45LTE2LjctMjguNlYxOThjMC0xMi45IDctMjQuNCAxNy43LTI5LjZMMTg3IDE0Mi4xYzUuNC0zIDEyLjMtMy4xIDE3LjctLjEgMTAuNCA1LjkgMTYuNyAxNi45IDE2LjcgMjguNnY1OC4yeiIvPjxwYXRoIGZpbGw9IiNGRkMxMDIiIGQ9Ik0yMjQgMjU2YzAgMTIuOS03IDI0LjQtMTcuNyAyOS42TDE4NyAzMDkuOWMtNS40IDMtMTIuMyAzLjEtMTcuNy4xLTEwLjQtNS45LTE2LjctMTYuOS0xNi43LTI4LjZWMTk4YzAtMTIuOSA3LTI0LjQgMTcuNy0yOS42TDE4NyAxNDIuMWM1LjQtMyAxMi4zLTMuMSAxNy43LS4xIDEwLjQgNS45IDE2LjcgMTYuOSAxNi43IDI4LjZ2NTguMnoiLz48cGF0aCBmaWxsPSIjRkZDMTAyIiBkPSJNMjI0IDI1NmMwIDEyLjktNyAyNC40LTE3LjcgMjkuNkwxODcgMzA5LjljLTUuNCAzLTEyLjMgMy4xLTE3LjcuMS0xMC40LTUuOS0xNi43LTE2LjktMTYuNy0yOC42VjE5OGMwLTEyLjkgNy0yNC40IDE3LjctMjkuNkwxODcgMTQyLjFjNS40LTMgMTIuMy0zLjEgMTcuNy0uMSAxMC40IDUuOSAxNi43IDE2LjkgMTYuNyAyOC42djU4LjJ6Ii8+PC9zdmc+' height='20' width='20' style='vertical-align: middle;' /> <span style='color: #4285F4;'>Google Chrome</span></span></div>
<div style="border: 1px solid #ddd; padding: 8px; margin: 5px 0; border-radius: 4px; background-color: #f7f7f7; display: inline-block;"><strong>💻 #System Info</strong> :: <strong>PC Name</strong> ⇒ <span style="color: #001dff;">ANKUSH1111</span> &nbsp;&nbsp;|&nbsp;&nbsp; <strong>User</strong> ⇒ <span style="color: #006400;">HP</span></div>
<h4>Time :01/06/2025 09:13:50 PM</h4>
<br>
<img src="C:\Users\HP\Documents\Ahmedabad\ANKUSH_FRAMEWORK\ScreenShots\Validation\valdn01_13_2025_09_13_50.png" width="1000" height="500" ></img>
<br>
<br>
<div style="background-color:#ffeeba; border:2px solid #856404; border-radius:10px; padding:10px 15px; text-align:left; margin:10px 0; display:inline-block; color:#856404; box-shadow: 0px 4px 6px rgba(0, 0, 0, 0.2);"><p style='font-size:18px; margin:0;'><b>Skipped: Screenshot saved at: C:\Users\HP\Documents\Ahmedabad\ANKUSH_FRAMEWORK\ScreenShots\Validation\valdn01_13_2025_09_13_50.png</b></p></div>
❌ Navigation to Home Page failed: Expected condition failed: waiting for url to contain "home". Current url: "https://demoqa.com/" (tried for 10 second(s) with 500 milliseconds interval)
Build info: version: '4.12.1', revision: '8e34639b11'
System info: os.name: 'Windows 11', os.arch: 'amd64', os.version: '10.0', java.version: '18.0.1.1'
Driver info: org.openqa.selenium.chrome.ChromeDriver
Capabilities {acceptInsecureCerts: false, browserName: chrome, browserVersion: 136.0.7103.114, chrome: {chromedriverVersion: 136.0.7103.113 (76fa3c17824..., userDataDir: C:\Users\HP\AppData\Local\T...}, fedcm:accounts: true, goog:chromeOptions: {debuggerAddress: localhost:63963}, networkConnectionEnabled: false, pageLoadStrategy: normal, platformName: windows, proxy: Proxy(), se:cdp: ws://localhost:63963/devtoo..., se:cdpVersion: 136.0.7103.114, setWindowRect: true, strictFileInteractability: false, timeouts: {implicit: 0, pageLoad: 300000, script: 30000}, unhandledPromptBehavior: dismiss and notify, webauthn:extension:credBlob: true, webauthn:extension:largeBlob: true, webauthn:extension:minPinLength: true, webauthn:extension:prf: true, webauthn:virtualAuthenticators: true}
Session ID: 2d878eeb16294432cfaadd75059ef6bf
<div style="background-color:#ffeeba; border:2px solid #856404; border-radius:10px; padding:10px 15px; text-align:left; margin:10px 0; display:inline-block; color:#856404; box-shadow: 0px 4px 6px rgba(0, 0, 0, 0.2);"><p style='font-size:18px; margin:0;'><b>Skipped: 🔐 Admin Connection URL: jdbc:sqlserver://localhost:1433;database=QADEMO;integratedSecurity=true;encrypt=false;trustServerCertificate=true;loginTimeout=30;</b></p></div>
<div style="background-color:#ffeeba; border:2px solid #856404; border-radius:10px; padding:10px 15px; text-align:left; margin:10px 0; display:inline-block; color:#856404; box-shadow: 0px 4px 6px rgba(0, 0, 0, 0.2);"><p style='font-size:18px; margin:0;'><b>Skipped: 🔐 Company Connection URL: jdbc:sqlserver://localhost:1433;database=QADEMO;integratedSecurity=true;encrypt=false;trustServerCertificate=true;loginTimeout=30;</b></p></div>
<table><tr><th style='font-weight: normal;'>Student Name</th><th>Sneha Patil</th></tr><tr><th style='font-weight: normal;'>Student Email</th><th>sneha.patil@test.com</th></tr><tr><th style='font-weight: normal;'>Gender</th><th>Female</th></tr><tr><th style='font-weight: normal;'>Mobile</th><th>9871234567</th></tr><tr><th style='font-weight: normal;'>Date of Birth</th><th>10 April,1995</th></tr><tr><th style='font-weight: normal;'>Subjects</th><th>Biology</th></tr><tr><th style='font-weight: normal;'>Hobbies</th><th>Reading, Sports</th></tr><tr><th style='font-weight: normal;'>Picture</th><th>valdn01_07_2025_02_07_25.png</th></tr><tr><th style='font-weight: normal;'>Address</th><th>Nashik, Maharashtra</th></tr><tr><th style='font-weight: normal;'>State and City</th><th>Rajasthan Jaipur</th></tr></table>
✅ Updated AutomationTestingStatus for FormId 101014 to '✅ [Automation Tester] Automation Testing Successfully Done and Form Successfully Submitted :: On Timestamp 01/06/2025 09:13:51 PM'
📋 Navigating to Home Page...
📋 Attempting to close modal popup (if present)...
⏳ Waiting for Home link to be clickable...
<div style='border: 1px solid #e0e0e0;padding: 8px 12px;margin: 8px 0;border-radius: 6px;background: linear-gradient(to right, #f8f9fa, #ffffff);box-shadow: 0 2px 4px rgba(0,0,0,0.05);display: inline-block;font-family: Arial, sans-serif;'><span style='font-weight: bold;color: #333;'>🌍 Browser Info:</span> <span style='color: #2c7be5;font-weight: 500;'><img src='data:image/svg+xml;base64,PHN2ZyB4bWxucz0iaHR0cDovL3d3dy53My5vcmcvMjAwMC9zdmciIHZpZXdCb3g9IjAgMCA0NDggNTEyIj48cGF0aCBmaWxsPSIjRkZDMTAyIiBkPSJNMjI0IDI1NmMwIDEyLjktNyAyNC40LTE3LjcgMjkuNkwxODcgMzA5LjljLTUuNCAzLTEyLjMgMy4xLTE3LjcuMS0xMC40LTUuOS0xNi43LTE2LjktMTYuNy0yOC42VjE5OGMwLTEyLjkgNy0yNC40IDE3LjctMjkuNkwxODcgMTQyLjFjNS40LTMgMTIuMy0zLjEgMTcuNy0uMSAxMC40IDUuOSAxNi43IDE2LjkgMTYuNyAyOC42djU4LjJ6Ii8+PHBhdGggZmlsbD0iIzRBNDlGNSIgZD0iTTIyNCAyNTZjMCAxMi45LTcgMjQuNC0xNy43IDI5LjZMMTg3IDMwOS45Yy01LjQgMy0xMi4zIDMuMS0xNy43LjEtMTAuNC01LjktMTYuNy0xNi45LTE2LjctMjguNlYxOThjMC0xMi45IDctMjQuNCAxNy43LTI5LjZMMTg3IDE0Mi4xYzUuNC0zIDEyLjMtMy4xIDE3LjctLjEgMTAuNCA1LjkgMTYuNyAxNi45IDE2LjcgMjguNnY1OC4yeiIvPjxwYXRoIGZpbGw9IiNGRkMxMDIiIGQ9Ik0yMjQgMjU2YzAgMTIuOS03IDI0LjQtMTcuNyAyOS42TDE4NyAzMDkuOWMtNS40IDMtMTIuMyAzLjEtMTcuNy4xLTEwLjQtNS45LTE2LjctMTYuOS0xNi43LTI4LjZWMTk4YzAtMTIuOSA3LTI0LjQgMTcuNy0yOS42TDE4NyAxNDIuMWM1LjQtMyAxMi4zLTMuMSAxNy43LS4xIDEwLjQgNS45IDE2LjcgMTYuOSAxNi43IDI4LjZ2NTguMnoiLz48cGF0aCBmaWxsPSIjRkZDMTAyIiBkPSJNMjI0IDI1NmMwIDEyLjktNyAyNC40LTE3LjcgMjkuNkwxODcgMzA5LjljLTUuNCAzLTEyLjMgMy4xLTE3LjcuMS0xMC40LTUuOS0xNi43LTE2LjktMTYuNy0yOC42VjE5OGMwLTEyLjkgNy0yNC40IDE3LjctMjkuNkwxODcgMTQyLjFjNS40LTMgMTIuMy0zLjEgMTcuNy0uMSAxMC40IDUuOSAxNi43IDE2LjkgMTYuNyAyOC42djU4LjJ6Ii8+PC9zdmc+' height='20' width='20' style='vertical-align: middle;' /> <span style='color: #4285F4;'>Google Chrome</span></span></div>
<div style="border: 1px solid #ddd; padding: 8px; margin: 5px 0; border-radius: 4px; background-color: #f7f7f7; display: inline-block;"><strong>💻 #System Info</strong> :: <strong>PC Name</strong> ⇒ <span style="color: #001dff;">ANKUSH1111</span> &nbsp;&nbsp;|&nbsp;&nbsp; <strong>User</strong> ⇒ <span style="color: #006400;">HP</span></div>
<div style='border: 1px solid #ddd; padding: 8px; margin: 5px 0; border-radius: 4px; background-color: #f7f7f7; display: inline-block;'><strong>#TXTBX ▭</strong> :: <strong>Full Name</strong> Value entered ⇒ <span style='color: #009;'>Priya Sharma</span></div>
<div style='border: 1px solid #ddd; padding: 8px; margin: 5px 0; border-radius: 4px; background-color: #f7f7f7; display: inline-block;'><strong>#TXTBX ▭</strong> :: <strong>Email</strong> Value entered ⇒ <span style='color: #009;'>priya.sharma@test.com</span></div>
❌ Navigation to Home Page failed: Expected condition failed: waiting for element to be clickable: By.xpath: //a[contains(@href,'https://demoqa.com')] (tried for 2 second(s) with 500 milliseconds interval)
Build info: version: '4.12.1', revision: '8e34639b11'
System info: os.name: 'Windows 11', os.arch: 'amd64', os.version: '10.0', java.version: '18.0.1.1'
Driver info: org.openqa.selenium.chrome.ChromeDriver
Capabilities {acceptInsecureCerts: false, browserName: chrome, browserVersion: 136.0.7103.114, chrome: {chromedriverVersion: 136.0.7103.113 (76fa3c17824..., userDataDir: C:\Users\HP\AppData\Local\T...}, fedcm:accounts: true, goog:chromeOptions: {debuggerAddress: localhost:63960}, networkConnectionEnabled: false, pageLoadStrategy: normal, platformName: windows, proxy: Proxy(), se:cdp: ws://localhost:63960/devtoo..., se:cdpVersion: 136.0.7103.114, setWindowRect: true, strictFileInteractability: false, timeouts: {implicit: 0, pageLoad: 300000, script: 30000}, unhandledPromptBehavior: dismiss and notify, webauthn:extension:credBlob: true, webauthn:extension:largeBlob: true, webauthn:extension:minPinLength: true, webauthn:extension:prf: true, webauthn:virtualAuthenticators: true}
Session ID: b22de8f484a725a99fe9529a98a50781
<div style="background-color:#ffeeba; border:2px solid #856404; border-radius:10px; padding:10px 15px; text-align:left; margin:10px 0; display:inline-block; color:#856404; box-shadow: 0px 4px 6px rgba(0, 0, 0, 0.2);"><p style='font-size:18px; margin:0;'><b>Skipped: 🔐 Admin Connection URL: jdbc:sqlserver://localhost:1433;database=QADEMO;integratedSecurity=true;encrypt=false;trustServerCertificate=true;loginTimeout=30;</b></p></div>
<div style="background-color:#ffeeba; border:2px solid #856404; border-radius:10px; padding:10px 15px; text-align:left; margin:10px 0; display:inline-block; color:#856404; box-shadow: 0px 4px 6px rgba(0, 0, 0, 0.2);"><p style='font-size:18px; margin:0;'><b>Skipped: 🔐 Company Connection URL: jdbc:sqlserver://localhost:1433;database=QADEMO;integratedSecurity=true;encrypt=false;trustServerCertificate=true;loginTimeout=30;</b></p></div>
<div style='border: 1px solid #ddd; padding: 8px; margin: 5px 0; border-radius: 4px; background-color: #f7f7f7; display: inline-block;'><strong>#TXTBX ▭</strong> :: <strong>Current Address</strong> Value entered ⇒ <span style='color: #009;'>Pune, Maharashtra</span></div>
<div style='border: 1px solid #e0e0e0;padding: 8px 12px;margin: 8px 0;border-radius: 6px;background: linear-gradient(to right, #f8f9fa, #ffffff);box-shadow: 0 2px 4px rgba(0,0,0,0.05);display: inline-block;font-family: Arial, sans-serif;'><span style='font-weight: bold;color: #333;'>🌍 Browser Info:</span> <span style='color: #2c7be5;font-weight: 500;'><img src='data:image/svg+xml;base64,PHN2ZyB4bWxucz0iaHR0cDovL3d3dy53My5vcmcvMjAwMC9zdmciIHZpZXdCb3g9IjAgMCA0NDggNTEyIj48cGF0aCBmaWxsPSIjRkZDMTAyIiBkPSJNMjI0IDI1NmMwIDEyLjktNyAyNC40LTE3LjcgMjkuNkwxODcgMzA5LjljLTUuNCAzLTEyLjMgMy4xLTE3LjcuMS0xMC40LTUuOS0xNi43LTE2LjktMTYuNy0yOC42VjE5OGMwLTEyLjkgNy0yNC40IDE3LjctMjkuNkwxODcgMTQyLjFjNS40LTMgMTIuMy0zLjEgMTcuNy0uMSAxMC40IDUuOSAxNi43IDE2LjkgMTYuNyAyOC42djU4LjJ6Ii8+PHBhdGggZmlsbD0iIzRBNDlGNSIgZD0iTTIyNCAyNTZjMCAxMi45LTcgMjQuNC0xNy43IDI5LjZMMTg3IDMwOS45Yy01LjQgMy0xMi4zIDMuMS0xNy43LjEtMTAuNC01LjktMTYuNy0xNi45LTE2LjctMjguNlYxOThjMC0xMi45IDctMjQuNCAxNy43LTI5LjZMMTg3IDE0Mi4xYzUuNC0zIDEyLjMtMy4xIDE3LjctLjEgMTAuNCA1LjkgMTYuNyAxNi45IDE2LjcgMjguNnY1OC4yeiIvPjxwYXRoIGZpbGw9IiNGRkMxMDIiIGQ9Ik0yMjQgMjU2YzAgMTIuOS03IDI0LjQtMTcuNyAyOS42TDE4NyAzMDkuOWMtNS40IDMtMTIuMyAzLjEtMTcuNy4xLTEwLjQtNS45LTE2LjctMTYuOS0xNi43LTI4LjZWMTk4YzAtMTIuOSA3LTI0LjQgMTcuNy0yOS42TDE4NyAxNDIuMWM1LjQtMyAxMi4zLTMuMSAxNy43LS4xIDEwLjQgNS45IDE2LjcgMTYuOSAxNi43IDI4LjZ2NTguMnoiLz48cGF0aCBmaWxsPSIjRkZDMTAyIiBkPSJNMjI0IDI1NmMwIDEyLjktNyAyNC40LTE3LjcgMjkuNkwxODcgMzA5LjljLTUuNCAzLTEyLjMgMy4xLTE3LjcuMS0xMC40LTUuOS0xNi43LTE2LjktMTYuNy0yOC42VjE5OGMwLTEyLjkgNy0yNC40IDE3LjctMjkuNkwxODcgMTQyLjFjNS40LTMgMTIuMy0zLjEgMTcuNy0uMSAxMC40IDUuOSAxNi43IDE2LjkgMTYuNyAyOC42djU4LjJ6Ii8+PC9zdmc+' height='20' width='20' style='vertical-align: middle;' /> <span style='color: #4285F4;'>Google Chrome</span></span></div>
<div style="border: 1px solid #ddd; padding: 8px; margin: 5px 0; border-radius: 4px; background-color: #f7f7f7; display: inline-block;"><strong>💻 #System Info</strong> :: <strong>PC Name</strong> ⇒ <span style="color: #001dff;">ANKUSH1111</span> &nbsp;&nbsp;|&nbsp;&nbsp; <strong>User</strong> ⇒ <span style="color: #006400;">HP</span></div>
<div style='border: 1px solid #ddd; padding: 8px; margin: 5px 0; border-radius: 4px; background-color: #f7f7f7; display: inline-block;'><strong>#TXTBX ▭</strong> :: <strong>Permanent Address</strong> Value entered ⇒ <span style='color: #009;'>Nagpur, Maharashtra</span></div>
❌ Navigation to Home Page failed: Expected condition failed: waiting for url to contain "home". Current url: "https://demoqa.com/" (tried for 10 second(s) with 500 milliseconds interval)
Build info: version: '4.12.1', revision: '8e34639b11'
System info: os.name: 'Windows 11', os.arch: 'amd64', os.version: '10.0', java.version: '18.0.1.1'
Driver info: org.openqa.selenium.chrome.ChromeDriver
Capabilities {acceptInsecureCerts: false, browserName: chrome, browserVersion: 136.0.7103.114, chrome: {chromedriverVersion: 136.0.7103.113 (76fa3c17824..., userDataDir: C:\Users\HP\AppData\Local\T...}, fedcm:accounts: true, goog:chromeOptions: {debuggerAddress: localhost:63962}, networkConnectionEnabled: false, pageLoadStrategy: normal, platformName: windows, proxy: Proxy(), se:cdp: ws://localhost:63962/devtoo..., se:cdpVersion: 136.0.7103.114, setWindowRect: true, strictFileInteractability: false, timeouts: {implicit: 0, pageLoad: 300000, script: 30000}, unhandledPromptBehavior: dismiss and notify, webauthn:extension:credBlob: true, webauthn:extension:largeBlob: true, webauthn:extension:minPinLength: true, webauthn:extension:prf: true, webauthn:virtualAuthenticators: true}
Session ID: 40bb75698d2fe6383849b73a3523e5f4
<h3 style="color:#132043;"><b> Iteration Number &#10781; :9</b></h4>
<div style='border: 1px solid #e0e0e0;padding: 8px 12px;margin: 8px 0;border-radius: 6px;background: linear-gradient(to right, #f8f9fa, #ffffff);box-shadow: 0 2px 4px rgba(0,0,0,0.05);display: inline-block;font-family: Arial, sans-serif;'><span style='font-weight: bold;color: #333;'>🌍 Browser Info:</span> <span style='color: #2c7be5;font-weight: 500;'><img src='data:image/svg+xml;base64,PHN2ZyB4bWxucz0iaHR0cDovL3d3dy53My5vcmcvMjAwMC9zdmciIHZpZXdCb3g9IjAgMCA0NDggNTEyIj48cGF0aCBmaWxsPSIjRkZDMTAyIiBkPSJNMjI0IDI1NmMwIDEyLjktNyAyNC40LTE3LjcgMjkuNkwxODcgMzA5LjljLTUuNCAzLTEyLjMgMy4xLTE3LjcuMS0xMC40LTUuOS0xNi43LTE2LjktMTYuNy0yOC42VjE5OGMwLTEyLjkgNy0yNC40IDE3LjctMjkuNkwxODcgMTQyLjFjNS40LTMgMTIuMy0zLjEgMTcuNy0uMSAxMC40IDUuOSAxNi43IDE2LjkgMTYuNyAyOC42djU4LjJ6Ii8+PHBhdGggZmlsbD0iIzRBNDlGNSIgZD0iTTIyNCAyNTZjMCAxMi45LTcgMjQuNC0xNy43IDI5LjZMMTg3IDMwOS45Yy01LjQgMy0xMi4zIDMuMS0xNy43LjEtMTAuNC01LjktMTYuNy0xNi45LTE2LjctMjguNlYxOThjMC0xMi45IDctMjQuNCAxNy43LTI5LjZMMTg3IDE0Mi4xYzUuNC0zIDEyLjMtMy4xIDE3LjctLjEgMTAuNCA1LjkgMTYuNyAxNi45IDE2LjcgMjguNnY1OC4yeiIvPjxwYXRoIGZpbGw9IiNGRkMxMDIiIGQ9Ik0yMjQgMjU2YzAgMTIuOS03IDI0LjQtMTcuNyAyOS42TDE4NyAzMDkuOWMtNS40IDMtMTIuMyAzLjEtMTcuNy4xLTEwLjQtNS45LTE2LjctMTYuOS0xNi43LTI4LjZWMTk4YzAtMTIuOSA3LTI0LjQgMTcuNy0yOS42TDE4NyAxNDIuMWM1LjQtMyAxMi4zLTMuMSAxNy43LS4xIDEwLjQgNS45IDE2LjcgMTYuOSAxNi43IDI4LjZ2NTguMnoiLz48cGF0aCBmaWxsPSIjRkZDMTAyIiBkPSJNMjI0IDI1NmMwIDEyLjktNyAyNC40LTE3LjcgMjkuNkwxODcgMzA5LjljLTUuNCAzLTEyLjMgMy4xLTE3LjcuMS0xMC40LTUuOS0xNi43LTE2LjktMTYuNy0yOC42VjE5OGMwLTEyLjkgNy0yNC40IDE3LjctMjkuNkwxODcgMTQyLjFjNS40LTMgMTIuMy0zLjEgMTcuNy0uMSAxMC40IDUuOSAxNi43IDE2LjkgMTYuNyAyOC42djU4LjJ6Ii8+PC9zdmc+' height='20' width='20' style='vertical-align: middle;' /> <span style='color: #4285F4;'>Google Chrome</span></span></div>
<div style="border: 1px solid #ddd; padding: 8px; margin: 5px 0; border-radius: 4px; background-color: #f7f7f7; display: inline-block;"><strong>💻 #System Info</strong> :: <strong>PC Name</strong> ⇒ <span style="color: #001dff;">ANKUSH1111</span> &nbsp;&nbsp;|&nbsp;&nbsp; <strong>User</strong> ⇒ <span style="color: #006400;">HP</span></div>
<div style='border: 1px solid #ddd; padding: 8px; margin: 5px 0; border-radius: 4px; background-color: #f7f7f7; display: inline-block;'><strong>#TXTBX ▭</strong> :: <strong>Full Name</strong> Value entered ⇒ <span style='color: #009;'>Karan Mehta</span></div>
<div style='border: 1px solid #ddd; padding: 8px; margin: 5px 0; border-radius: 4px; background-color: #f7f7f7; display: inline-block;'><strong>#BTN 📤</strong> :: <strong>Clicked On</strong> ⇒ <span style='color: #001dff;'>Submit Button</span></div>
📋 Navigating to Home Page...
📋 Attempting to close modal popup (if present)...
⏳ Waiting for Home link to be clickable...
✅ Home link found: https://demoqa.com/
📋 Clicking on Home link...
<div style='border: 1px solid #ddd; padding: 8px; margin: 5px 0; border-radius: 4px; background-color: #f7f7f7; display: inline-block;'><strong>#TXTBX ▭</strong> :: <strong>Email</strong> Value entered ⇒ <span style='color: #009;'>karan.mehta@test.com</span></div>
<div style='border: 1px solid #ddd; padding: 8px; margin: 5px 0; border-radius: 4px; background-color: #f7f7f7; display: inline-block;'><strong>#TXTBX ▭</strong> :: <strong>Current Address</strong> Value entered ⇒ <span style='color: #009;'>Jaipur, Rajasthan</span></div>
<div style='border: 1px solid #ddd; padding: 8px; margin: 5px 0; border-radius: 4px; background-color: #f7f7f7; display: inline-block;'><strong>#TXTBX ▭</strong> :: <strong>Permanent Address</strong> Value entered ⇒ <span style='color: #009;'>Udaipur, Rajasthan</span></div>
<div style='border: 1px solid #ddd; padding: 8px; margin: 5px 0; border-radius: 4px; background-color: #f7f7f7; display: inline-block;'><strong>#TXTBX ▭</strong> :: <strong>Full Name</strong> Value entered ⇒ <span style='color: #009;'>Saurabh Yadav</span></div>
<div style='border: 1px solid #ddd; padding: 8px; margin: 5px 0; border-radius: 4px; background-color: #f7f7f7; display: inline-block;'><strong>#BTN 📤</strong> :: <strong>Clicked On</strong> ⇒ <span style='color: #001dff;'>Submit Button</span></div>
<div style='border: 1px solid #ddd; padding: 8px; margin: 5px 0; border-radius: 4px; background-color: #f7f7f7; display: inline-block;'><strong>#TXTBX ▭</strong> :: <strong>Email</strong> Value entered ⇒ <span style='color: #009;'>saurabh.yadav@test.com</span></div>
✅ Updated AutomationTestingStatus for FormId 101015 to '[Automation Tester] TextBox Form Submitted Successfully at 01/06/2025 09:13:57 PM'
📋 Navigating to Home Page...
📋 Attempting to close modal popup (if present)...
⏳ Waiting for Home link to be clickable...
✅ Home link found: https://demoqa.com/
📋 Clicking on Home link...
<div style='border: 1px solid #ddd; padding: 8px; margin: 5px 0; border-radius: 4px; background-color: #f7f7f7; display: inline-block;'><strong>#TXTBX ▭</strong> :: <strong>Current Address</strong> Value entered ⇒ <span style='color: #009;'>Lucknow, Uttar Pradesh</span></div>
<div style='border: 1px solid #ddd; padding: 8px; margin: 5px 0; border-radius: 4px; background-color: #f7f7f7; display: inline-block;'><strong>#TXTBX ▭</strong> :: <strong>Permanent Address</strong> Value entered ⇒ <span style='color: #009;'>Kanpur, Uttar Pradesh</span></div>
<div style='border: 1px solid #ddd; padding: 8px; margin: 5px 0; border-radius: 4px; background-color: #f7f7f7; display: inline-block;'><strong>#BTN 📤</strong> :: <strong>Clicked On</strong> ⇒ <span style='color: #001dff;'>Submit Button</span></div>
📋 Navigating to Home Page...
📋 Attempting to close modal popup (if present)...
⏳ Waiting for Home link to be clickable...
<div style='border: 1px solid #ddd; padding: 8px; margin: 5px 0; border-radius: 4px; background-color: #f7f7f7; display: inline-block;'><strong>#TXTBX ▭</strong> :: <strong>First Name</strong> Value entered ⇒ <span style='color: #009;'>Karan</span></div>
✅ Home link found: https://demoqa.com/
📋 Clicking on Home link...
<div style='border: 1px solid #ddd; padding: 8px; margin: 5px 0; border-radius: 4px; background-color: #f7f7f7; display: inline-block;'><strong>#TXTBX ▭</strong> :: <strong>Last Name</strong> Value entered ⇒ <span style='color: #009;'>Mehta</span></div>
⏳ Waiting for loader to disappear...
⏳ Verifying home page load...
<div style='border: 1px solid #ddd; padding: 8px; margin: 5px 0; border-radius: 4px; background-color: #f7f7f7; display: inline-block;'><strong>#TXTBX ▭</strong> :: <strong>Email</strong> Value entered ⇒ <span style='color: #009;'>karan.mehta@test.com</span></div>
Clicked On :: Gender Male Radio
<div style='border: 1px solid #ddd; padding: 8px; margin: 5px 0; border-radius: 4px; background-color: #f7f7f7; display: inline-block;'><strong>#TXTBX ▭</strong> :: <strong>Mobile Number</strong> Value entered ⇒ <span style='color: #009;'>9123456789</span></div>
Clicked On :: Date Picker - Date of Birth
#DATEPICKER 📅 :: Date of Birth :: Date successfully picked :: 1991-05-25
<div style='border: 1px solid #ddd; padding: 8px; margin: 5px 0; border-radius: 4px; background-color: #f7f7f7; display: inline-block;'><strong>#TXTBX ▭</strong> :: <strong>Subject</strong> Value entered ⇒ <span style='color: #009;'>History</span></div>
⏳ Waiting for loader to disappear...
⏳ Verifying home page load...
⏳ Waiting for loader to disappear...
⏳ Verifying home page load...
Click Sucessfully==Again Double Click==Hobby: Music
<div style='border: 1px solid #ddd; padding: 8px; margin: 5px 0; border-radius: 4px; background-color: #f7f7f7; display: inline-block;'><strong>#FILEUP 🔼</strong> :: <strong>Profile Picture</strong> File Uploaded ⇒ <span style='color: #001dff;'>valdn01_07_2025_02_07_42.png</span></div>
<div style='border: 1px solid #ddd; padding: 8px; margin: 5px 0; border-radius: 4px; background-color: #f7f7f7; display: inline-block;'><strong>#TXTBX ▭</strong> :: <strong>Current Address</strong> Value entered ⇒ <span style='color: #009;'>Jaipur, Rajasthan</span></div>
<div style='border: 1px solid #ddd; padding: 8px; margin: 5px 0; border-radius: 4px; background-color: #f7f7f7; display: inline-block;'><strong>#BTN 📤</strong> :: <strong>Clicked On</strong> ⇒ <span style='color: #001dff;'>Submit Button</span></div>
<font color =#18122B><b>Sceenshot Path::C:\Users\HP\Documents\Ahmedabad\ANKUSH_FRAMEWORK\ScreenShots\Validation\valdn01_14_2025_09_14_09.png</b></font>
❌ Navigation to Home Page failed: Expected condition failed: waiting for url to contain "home". Current url: "https://demoqa.com/" (tried for 10 second(s) with 500 milliseconds interval)
Build info: version: '4.12.1', revision: '8e34639b11'
System info: os.name: 'Windows 11', os.arch: 'amd64', os.version: '10.0', java.version: '18.0.1.1'
Driver info: org.openqa.selenium.chrome.ChromeDriver
Capabilities {acceptInsecureCerts: false, browserName: chrome, browserVersion: 136.0.7103.114, chrome: {chromedriverVersion: 136.0.7103.113 (76fa3c17824..., userDataDir: C:\Users\HP\AppData\Local\T...}, fedcm:accounts: true, goog:chromeOptions: {debuggerAddress: localhost:53181}, networkConnectionEnabled: false, pageLoadStrategy: normal, platformName: windows, proxy: Proxy(), se:cdp: ws://localhost:53181/devtoo..., se:cdpVersion: 136.0.7103.114, setWindowRect: true, strictFileInteractability: false, timeouts: {implicit: 0, pageLoad: 300000, script: 30000}, unhandledPromptBehavior: dismiss and notify, webauthn:extension:credBlob: true, webauthn:extension:largeBlob: true, webauthn:extension:minPinLength: true, webauthn:extension:prf: true, webauthn:virtualAuthenticators: true}
Session ID: 35c9159c033971dcb76a9982a22a7c38
<h3 style="color:#132043;"><b> Iteration Number &#10781; :3</b></h4>
<div style='border: 1px solid #e0e0e0;padding: 8px 12px;margin: 8px 0;border-radius: 6px;background: linear-gradient(to right, #f8f9fa, #ffffff);box-shadow: 0 2px 4px rgba(0,0,0,0.05);display: inline-block;font-family: Arial, sans-serif;'><span style='font-weight: bold;color: #333;'>🌍 Browser Info:</span> <span style='color: #2c7be5;font-weight: 500;'><img src='data:image/svg+xml;base64,PHN2ZyB4bWxucz0iaHR0cDovL3d3dy53My5vcmcvMjAwMC9zdmciIHZpZXdCb3g9IjAgMCA0NDggNTEyIj48cGF0aCBmaWxsPSIjRkZDMTAyIiBkPSJNMjI0IDI1NmMwIDEyLjktNyAyNC40LTE3LjcgMjkuNkwxODcgMzA5LjljLTUuNCAzLTEyLjMgMy4xLTE3LjcuMS0xMC40LTUuOS0xNi43LTE2LjktMTYuNy0yOC42VjE5OGMwLTEyLjkgNy0yNC40IDE3LjctMjkuNkwxODcgMTQyLjFjNS40LTMgMTIuMy0zLjEgMTcuNy0uMSAxMC40IDUuOSAxNi43IDE2LjkgMTYuNyAyOC42djU4LjJ6Ii8+PHBhdGggZmlsbD0iIzRBNDlGNSIgZD0iTTIyNCAyNTZjMCAxMi45LTcgMjQuNC0xNy43IDI5LjZMMTg3IDMwOS45Yy01LjQgMy0xMi4zIDMuMS0xNy43LjEtMTAuNC01LjktMTYuNy0xNi45LTE2LjctMjguNlYxOThjMC0xMi45IDctMjQuNCAxNy43LTI5LjZMMTg3IDE0Mi4xYzUuNC0zIDEyLjMtMy4xIDE3LjctLjEgMTAuNCA1LjkgMTYuNyAxNi45IDE2LjcgMjguNnY1OC4yeiIvPjxwYXRoIGZpbGw9IiNGRkMxMDIiIGQ9Ik0yMjQgMjU2YzAgMTIuOS03IDI0LjQtMTcuNyAyOS42TDE4NyAzMDkuOWMtNS40IDMtMTIuMyAzLjEtMTcuNy4xLTEwLjQtNS45LTE2LjctMTYuOS0xNi43LTI4LjZWMTk4YzAtMTIuOSA3LTI0LjQgMTcuNy0yOS42TDE4NyAxNDIuMWM1LjQtMyAxMi4zLTMuMSAxNy43LS4xIDEwLjQgNS45IDE2LjcgMTYuOSAxNi43IDI4LjZ2NTguMnoiLz48cGF0aCBmaWxsPSIjRkZDMTAyIiBkPSJNMjI0IDI1NmMwIDEyLjktNyAyNC40LTE3LjcgMjkuNkwxODcgMzA5LjljLTUuNCAzLTEyLjMgMy4xLTE3LjcuMS0xMC40LTUuOS0xNi43LTE2LjktMTYuNy0yOC42VjE5OGMwLTEyLjkgNy0yNC40IDE3LjctMjkuNkwxODcgMTQyLjFjNS40LTMgMTIuMy0zLjEgMTcuNy0uMSAxMC40IDUuOSAxNi43IDE2LjkgMTYuNyAyOC42djU4LjJ6Ii8+PC9zdmc+' height='20' width='20' style='vertical-align: middle;' /> <span style='color: #4285F4;'>Google Chrome</span></span></div>
<div style="border: 1px solid #ddd; padding: 8px; margin: 5px 0; border-radius: 4px; background-color: #f7f7f7; display: inline-block;"><strong>💻 #System Info</strong> :: <strong>PC Name</strong> ⇒ <span style="color: #001dff;">ANKUSH1111</span> &nbsp;&nbsp;|&nbsp;&nbsp; <strong>User</strong> ⇒ <span style="color: #006400;">HP</span></div>
<h4>Time :01/06/2025 09:14:09 PM</h4>
<br>
<img src="C:\Users\HP\Documents\Ahmedabad\ANKUSH_FRAMEWORK\ScreenShots\Validation\valdn01_14_2025_09_14_09.png" width="1000" height="500" ></img>
<br>
<br>
<div style="background-color:#ffeeba; border:2px solid #856404; border-radius:10px; padding:10px 15px; text-align:left; margin:10px 0; display:inline-block; color:#856404; box-shadow: 0px 4px 6px rgba(0, 0, 0, 0.2);"><p style='font-size:18px; margin:0;'><b>Skipped: Screenshot saved at: C:\Users\HP\Documents\Ahmedabad\ANKUSH_FRAMEWORK\ScreenShots\Validation\valdn01_14_2025_09_14_09.png</b></p></div>
<table><tr><th style='font-weight: normal;'>Student Name</th><th>Karan Mehta</th></tr><tr><th style='font-weight: normal;'>Student Email</th><th>karan.mehta@test.com</th></tr><tr><th style='font-weight: normal;'>Gender</th><th>Male</th></tr><tr><th style='font-weight: normal;'>Mobile</th><th>9123456789</th></tr><tr><th style='font-weight: normal;'>Date of Birth</th><th>25 May,1991</th></tr><tr><th style='font-weight: normal;'>Subjects</th><th>History</th></tr><tr><th style='font-weight: normal;'>Hobbies</th><th>Music</th></tr><tr><th style='font-weight: normal;'>Picture</th><th>valdn01_07_2025_02_07_42.png</th></tr><tr><th style='font-weight: normal;'>Address</th><th>Jaipur, Rajasthan</th></tr><tr><th style='font-weight: normal;'>State and City</th><th>NCR Gurgaon</th></tr></table>
✅ Updated AutomationTestingStatus for FormId 101015 to '✅ [Automation Tester] Automation Testing Successfully Done and Form Successfully Submitted :: On Timestamp 01/06/2025 09:14:09 PM'
📋 Navigating to Home Page...
📋 Attempting to close modal popup (if present)...
⏳ Waiting for Home link to be clickable...
<div style='border: 1px solid #ddd; padding: 8px; margin: 5px 0; border-radius: 4px; background-color: #f7f7f7; display: inline-block;'><strong>#TXTBX ▭</strong> :: <strong>Full Name</strong> Value entered ⇒ <span style='color: #009;'>Rahul Verma</span></div>
<div style='border: 1px solid #ddd; padding: 8px; margin: 5px 0; border-radius: 4px; background-color: #f7f7f7; display: inline-block;'><strong>#TXTBX ▭</strong> :: <strong>Email</strong> Value entered ⇒ <span style='color: #009;'>rahul.verma@test.com</span></div>
<div style='border: 1px solid #ddd; padding: 8px; margin: 5px 0; border-radius: 4px; background-color: #f7f7f7; display: inline-block;'><strong>#TXTBX ▭</strong> :: <strong>Current Address</strong> Value entered ⇒ <span style='color: #009;'>Bhopal, Madhya Pradesh</span></div>
❌ Navigation to Home Page failed: Expected condition failed: waiting for element to be clickable: By.xpath: //a[contains(@href,'https://demoqa.com')] (tried for 2 second(s) with 500 milliseconds interval)
Build info: version: '4.12.1', revision: '8e34639b11'
System info: os.name: 'Windows 11', os.arch: 'amd64', os.version: '10.0', java.version: '18.0.1.1'
Driver info: org.openqa.selenium.chrome.ChromeDriver
Capabilities {acceptInsecureCerts: false, browserName: chrome, browserVersion: 136.0.7103.114, chrome: {chromedriverVersion: 136.0.7103.113 (76fa3c17824..., userDataDir: C:\Users\HP\AppData\Local\T...}, fedcm:accounts: true, goog:chromeOptions: {debuggerAddress: localhost:63960}, networkConnectionEnabled: false, pageLoadStrategy: normal, platformName: windows, proxy: Proxy(), se:cdp: ws://localhost:63960/devtoo..., se:cdpVersion: 136.0.7103.114, setWindowRect: true, strictFileInteractability: false, timeouts: {implicit: 0, pageLoad: 300000, script: 30000}, unhandledPromptBehavior: dismiss and notify, webauthn:extension:credBlob: true, webauthn:extension:largeBlob: true, webauthn:extension:minPinLength: true, webauthn:extension:prf: true, webauthn:virtualAuthenticators: true}
Session ID: b22de8f484a725a99fe9529a98a50781
<div style="background-color:#ffeeba; border:2px solid #856404; border-radius:10px; padding:10px 15px; text-align:left; margin:10px 0; display:inline-block; color:#856404; box-shadow: 0px 4px 6px rgba(0, 0, 0, 0.2);"><p style='font-size:18px; margin:0;'><b>Skipped: 🔐 Admin Connection URL: jdbc:sqlserver://localhost:1433;database=QADEMO;integratedSecurity=true;encrypt=false;trustServerCertificate=true;loginTimeout=30;</b></p></div>
<div style="background-color:#ffeeba; border:2px solid #856404; border-radius:10px; padding:10px 15px; text-align:left; margin:10px 0; display:inline-block; color:#856404; box-shadow: 0px 4px 6px rgba(0, 0, 0, 0.2);"><p style='font-size:18px; margin:0;'><b>Skipped: 🔐 Company Connection URL: jdbc:sqlserver://localhost:1433;database=QADEMO;integratedSecurity=true;encrypt=false;trustServerCertificate=true;loginTimeout=30;</b></p></div>
<div style='border: 1px solid #ddd; padding: 8px; margin: 5px 0; border-radius: 4px; background-color: #f7f7f7; display: inline-block;'><strong>#TXTBX ▭</strong> :: <strong>Permanent Address</strong> Value entered ⇒ <span style='color: #009;'>Indore, Madhya Pradesh</span></div>
<div style='border: 1px solid #ddd; padding: 8px; margin: 5px 0; border-radius: 4px; background-color: #f7f7f7; display: inline-block;'><strong>#BTN 📤</strong> :: <strong>Clicked On</strong> ⇒ <span style='color: #001dff;'>Submit Button</span></div>
📋 Navigating to Home Page...
📋 Attempting to close modal popup (if present)...
⏳ Waiting for Home link to be clickable...
<div style='border: 1px solid #e0e0e0;padding: 8px 12px;margin: 8px 0;border-radius: 6px;background: linear-gradient(to right, #f8f9fa, #ffffff);box-shadow: 0 2px 4px rgba(0,0,0,0.05);display: inline-block;font-family: Arial, sans-serif;'><span style='font-weight: bold;color: #333;'>🌍 Browser Info:</span> <span style='color: #2c7be5;font-weight: 500;'><img src='data:image/svg+xml;base64,PHN2ZyB4bWxucz0iaHR0cDovL3d3dy53My5vcmcvMjAwMC9zdmciIHZpZXdCb3g9IjAgMCA0NDggNTEyIj48cGF0aCBmaWxsPSIjRkZDMTAyIiBkPSJNMjI0IDI1NmMwIDEyLjktNyAyNC40LTE3LjcgMjkuNkwxODcgMzA5LjljLTUuNCAzLTEyLjMgMy4xLTE3LjcuMS0xMC40LTUuOS0xNi43LTE2LjktMTYuNy0yOC42VjE5OGMwLTEyLjkgNy0yNC40IDE3LjctMjkuNkwxODcgMTQyLjFjNS40LTMgMTIuMy0zLjEgMTcuNy0uMSAxMC40IDUuOSAxNi43IDE2LjkgMTYuNyAyOC42djU4LjJ6Ii8+PHBhdGggZmlsbD0iIzRBNDlGNSIgZD0iTTIyNCAyNTZjMCAxMi45LTcgMjQuNC0xNy43IDI5LjZMMTg3IDMwOS45Yy01LjQgMy0xMi4zIDMuMS0xNy43LjEtMTAuNC01LjktMTYuNy0xNi45LTE2LjctMjguNlYxOThjMC0xMi45IDctMjQuNCAxNy43LTI5LjZMMTg3IDE0Mi4xYzUuNC0zIDEyLjMtMy4xIDE3LjctLjEgMTAuNCA1LjkgMTYuNyAxNi45IDE2LjcgMjguNnY1OC4yeiIvPjxwYXRoIGZpbGw9IiNGRkMxMDIiIGQ9Ik0yMjQgMjU2YzAgMTIuOS03IDI0LjQtMTcuNyAyOS42TDE4NyAzMDkuOWMtNS40IDMtMTIuMyAzLjEtMTcuNy4xLTEwLjQtNS45LTE2LjctMTYuOS0xNi43LTI4LjZWMTk4YzAtMTIuOSA3LTI0LjQgMTcuNy0yOS42TDE4NyAxNDIuMWM1LjQtMyAxMi4zLTMuMSAxNy43LS4xIDEwLjQgNS45IDE2LjcgMTYuOSAxNi43IDI4LjZ2NTguMnoiLz48cGF0aCBmaWxsPSIjRkZDMTAyIiBkPSJNMjI0IDI1NmMwIDEyLjktNyAyNC40LTE3LjcgMjkuNkwxODcgMzA5LjljLTUuNCAzLTEyLjMgMy4xLTE3LjcuMS0xMC40LTUuOS0xNi43LTE2LjktMTYuNy0yOC42VjE5OGMwLTEyLjkgNy0yNC40IDE3LjctMjkuNkwxODcgMTQyLjFjNS40LTMgMTIuMy0zLjEgMTcuNy0uMSAxMC40IDUuOSAxNi43IDE2LjkgMTYuNyAyOC42djU4LjJ6Ii8+PC9zdmc+' height='20' width='20' style='vertical-align: middle;' /> <span style='color: #4285F4;'>Google Chrome</span></span></div>
<div style="border: 1px solid #ddd; padding: 8px; margin: 5px 0; border-radius: 4px; background-color: #f7f7f7; display: inline-block;"><strong>💻 #System Info</strong> :: <strong>PC Name</strong> ⇒ <span style="color: #001dff;">ANKUSH1111</span> &nbsp;&nbsp;|&nbsp;&nbsp; <strong>User</strong> ⇒ <span style="color: #006400;">HP</span></div>
✅ Home link found: https://demoqa.com/
📋 Clicking on Home link...
⏳ Waiting for loader to disappear...
⏳ Verifying home page load...
❌ Navigation to Home Page failed: Expected condition failed: waiting for url to contain "home". Current url: "https://demoqa.com/" (tried for 10 second(s) with 500 milliseconds interval)
Build info: version: '4.12.1', revision: '8e34639b11'
System info: os.name: 'Windows 11', os.arch: 'amd64', os.version: '10.0', java.version: '18.0.1.1'
Driver info: org.openqa.selenium.chrome.ChromeDriver
Capabilities {acceptInsecureCerts: false, browserName: chrome, browserVersion: 136.0.7103.114, chrome: {chromedriverVersion: 136.0.7103.113 (76fa3c17824..., userDataDir: C:\Users\HP\AppData\Local\T...}, fedcm:accounts: true, goog:chromeOptions: {debuggerAddress: localhost:63962}, networkConnectionEnabled: false, pageLoadStrategy: normal, platformName: windows, proxy: Proxy(), se:cdp: ws://localhost:63962/devtoo..., se:cdpVersion: 136.0.7103.114, setWindowRect: true, strictFileInteractability: false, timeouts: {implicit: 0, pageLoad: 300000, script: 30000}, unhandledPromptBehavior: dismiss and notify, webauthn:extension:credBlob: true, webauthn:extension:largeBlob: true, webauthn:extension:minPinLength: true, webauthn:extension:prf: true, webauthn:virtualAuthenticators: true}
Session ID: 40bb75698d2fe6383849b73a3523e5f4
<h3 style="color:#132043;"><b> Iteration Number &#10781; :10</b></h4>
<div style='border: 1px solid #e0e0e0;padding: 8px 12px;margin: 8px 0;border-radius: 6px;background: linear-gradient(to right, #f8f9fa, #ffffff);box-shadow: 0 2px 4px rgba(0,0,0,0.05);display: inline-block;font-family: Arial, sans-serif;'><span style='font-weight: bold;color: #333;'>🌍 Browser Info:</span> <span style='color: #2c7be5;font-weight: 500;'><img src='data:image/svg+xml;base64,PHN2ZyB4bWxucz0iaHR0cDovL3d3dy53My5vcmcvMjAwMC9zdmciIHZpZXdCb3g9IjAgMCA0NDggNTEyIj48cGF0aCBmaWxsPSIjRkZDMTAyIiBkPSJNMjI0IDI1NmMwIDEyLjktNyAyNC40LTE3LjcgMjkuNkwxODcgMzA5LjljLTUuNCAzLTEyLjMgMy4xLTE3LjcuMS0xMC40LTUuOS0xNi43LTE2LjktMTYuNy0yOC42VjE5OGMwLTEyLjkgNy0yNC40IDE3LjctMjkuNkwxODcgMTQyLjFjNS40LTMgMTIuMy0zLjEgMTcuNy0uMSAxMC40IDUuOSAxNi43IDE2LjkgMTYuNyAyOC42djU4LjJ6Ii8+PHBhdGggZmlsbD0iIzRBNDlGNSIgZD0iTTIyNCAyNTZjMCAxMi45LTcgMjQuNC0xNy43IDI5LjZMMTg3IDMwOS45Yy01LjQgMy0xMi4zIDMuMS0xNy43LjEtMTAuNC01LjktMTYuNy0xNi45LTE2LjctMjguNlYxOThjMC0xMi45IDctMjQuNCAxNy43LTI5LjZMMTg3IDE0Mi4xYzUuNC0zIDEyLjMtMy4xIDE3LjctLjEgMTAuNCA1LjkgMTYuNyAxNi45IDE2LjcgMjguNnY1OC4yeiIvPjxwYXRoIGZpbGw9IiNGRkMxMDIiIGQ9Ik0yMjQgMjU2YzAgMTIuOS03IDI0LjQtMTcuNyAyOS42TDE4NyAzMDkuOWMtNS40IDMtMTIuMyAzLjEtMTcuNy4xLTEwLjQtNS45LTE2LjctMTYuOS0xNi43LTI4LjZWMTk4YzAtMTIuOSA3LTI0LjQgMTcuNy0yOS42TDE4NyAxNDIuMWM1LjQtMyAxMi4zLTMuMSAxNy43LS4xIDEwLjQgNS45IDE2LjcgMTYuOSAxNi43IDI4LjZ2NTguMnoiLz48cGF0aCBmaWxsPSIjRkZDMTAyIiBkPSJNMjI0IDI1NmMwIDEyLjktNyAyNC40LTE3LjcgMjkuNkwxODcgMzA5LjljLTUuNCAzLTEyLjMgMy4xLTE3LjcuMS0xMC40LTUuOS0xNi43LTE2LjktMTYuNy0yOC42VjE5OGMwLTEyLjkgNy0yNC40IDE3LjctMjkuNkwxODcgMTQyLjFjNS40LTMgMTIuMy0zLjEgMTcuNy0uMSAxMC40IDUuOSAxNi43IDE2LjkgMTYuNyAyOC42djU4LjJ6Ii8+PC9zdmc+' height='20' width='20' style='vertical-align: middle;' /> <span style='color: #4285F4;'>Google Chrome</span></span></div>
<div style="border: 1px solid #ddd; padding: 8px; margin: 5px 0; border-radius: 4px; background-color: #f7f7f7; display: inline-block;"><strong>💻 #System Info</strong> :: <strong>PC Name</strong> ⇒ <span style="color: #001dff;">ANKUSH1111</span> &nbsp;&nbsp;|&nbsp;&nbsp; <strong>User</strong> ⇒ <span style="color: #006400;">HP</span></div>
❌ Navigation to Home Page failed: Expected condition failed: waiting for url to contain "home". Current url: "https://demoqa.com/" (tried for 10 second(s) with 500 milliseconds interval)
Build info: version: '4.12.1', revision: '8e34639b11'
System info: os.name: 'Windows 11', os.arch: 'amd64', os.version: '10.0', java.version: '18.0.1.1'
Driver info: org.openqa.selenium.chrome.ChromeDriver
Capabilities {acceptInsecureCerts: false, browserName: chrome, browserVersion: 136.0.7103.114, chrome: {chromedriverVersion: 136.0.7103.113 (76fa3c17824..., userDataDir: C:\Users\HP\AppData\Local\T...}, fedcm:accounts: true, goog:chromeOptions: {debuggerAddress: localhost:63963}, networkConnectionEnabled: false, pageLoadStrategy: normal, platformName: windows, proxy: Proxy(), se:cdp: ws://localhost:63963/devtoo..., se:cdpVersion: 136.0.7103.114, setWindowRect: true, strictFileInteractability: false, timeouts: {implicit: 0, pageLoad: 300000, script: 30000}, unhandledPromptBehavior: dismiss and notify, webauthn:extension:credBlob: true, webauthn:extension:largeBlob: true, webauthn:extension:minPinLength: true, webauthn:extension:prf: true, webauthn:virtualAuthenticators: true}
Session ID: 2d878eeb16294432cfaadd75059ef6bf
<div style="background-color:#ffeeba; border:2px solid #856404; border-radius:10px; padding:10px 15px; text-align:left; margin:10px 0; display:inline-block; color:#856404; box-shadow: 0px 4px 6px rgba(0, 0, 0, 0.2);"><p style='font-size:18px; margin:0;'><b>Skipped: 🔐 Admin Connection URL: jdbc:sqlserver://localhost:1433;database=QADEMO;integratedSecurity=true;encrypt=false;trustServerCertificate=true;loginTimeout=30;</b></p></div>
<div style="background-color:#ffeeba; border:2px solid #856404; border-radius:10px; padding:10px 15px; text-align:left; margin:10px 0; display:inline-block; color:#856404; box-shadow: 0px 4px 6px rgba(0, 0, 0, 0.2);"><p style='font-size:18px; margin:0;'><b>Skipped: 🔐 Company Connection URL: jdbc:sqlserver://localhost:1433;database=QADEMO;integratedSecurity=true;encrypt=false;trustServerCertificate=true;loginTimeout=30;</b></p></div>
<div style='border: 1px solid #e0e0e0;padding: 8px 12px;margin: 8px 0;border-radius: 6px;background: linear-gradient(to right, #f8f9fa, #ffffff);box-shadow: 0 2px 4px rgba(0,0,0,0.05);display: inline-block;font-family: Arial, sans-serif;'><span style='font-weight: bold;color: #333;'>🌍 Browser Info:</span> <span style='color: #2c7be5;font-weight: 500;'><img src='data:image/svg+xml;base64,PHN2ZyB4bWxucz0iaHR0cDovL3d3dy53My5vcmcvMjAwMC9zdmciIHZpZXdCb3g9IjAgMCA0NDggNTEyIj48cGF0aCBmaWxsPSIjRkZDMTAyIiBkPSJNMjI0IDI1NmMwIDEyLjktNyAyNC40LTE3LjcgMjkuNkwxODcgMzA5LjljLTUuNCAzLTEyLjMgMy4xLTE3LjcuMS0xMC40LTUuOS0xNi43LTE2LjktMTYuNy0yOC42VjE5OGMwLTEyLjkgNy0yNC40IDE3LjctMjkuNkwxODcgMTQyLjFjNS40LTMgMTIuMy0zLjEgMTcuNy0uMSAxMC40IDUuOSAxNi43IDE2LjkgMTYuNyAyOC42djU4LjJ6Ii8+PHBhdGggZmlsbD0iIzRBNDlGNSIgZD0iTTIyNCAyNTZjMCAxMi45LTcgMjQuNC0xNy43IDI5LjZMMTg3IDMwOS45Yy01LjQgMy0xMi4zIDMuMS0xNy43LjEtMTAuNC01LjktMTYuNy0xNi45LTE2LjctMjguNlYxOThjMC0xMi45IDctMjQuNCAxNy43LTI5LjZMMTg3IDE0Mi4xYzUuNC0zIDEyLjMtMy4xIDE3LjctLjEgMTAuNCA1LjkgMTYuNyAxNi45IDE2LjcgMjguNnY1OC4yeiIvPjxwYXRoIGZpbGw9IiNGRkMxMDIiIGQ9Ik0yMjQgMjU2YzAgMTIuOS03IDI0LjQtMTcuNyAyOS42TDE4NyAzMDkuOWMtNS40IDMtMTIuMyAzLjEtMTcuNy4xLTEwLjQtNS45LTE2LjctMTYuOS0xNi43LTI4LjZWMTk4YzAtMTIuOSA3LTI0LjQgMTcuNy0yOS42TDE4NyAxNDIuMWM1LjQtMyAxMi4zLTMuMSAxNy43LS4xIDEwLjQgNS45IDE2LjcgMTYuOSAxNi43IDI4LjZ2NTguMnoiLz48cGF0aCBmaWxsPSIjRkZDMTAyIiBkPSJNMjI0IDI1NmMwIDEyLjktNyAyNC40LTE3LjcgMjkuNkwxODcgMzA5LjljLTUuNCAzLTEyLjMgMy4xLTE3LjcuMS0xMC40LTUuOS0xNi43LTE2LjktMTYuNy0yOC42VjE5OGMwLTEyLjkgNy0yNC40IDE3LjctMjkuNkwxODcgMTQyLjFjNS40LTMgMTIuMy0zLjEgMTcuNy0uMSAxMC40IDUuOSAxNi43IDE2LjkgMTYuNyAyOC42djU4LjJ6Ii8+PC9zdmc+' height='20' width='20' style='vertical-align: middle;' /> <span style='color: #4285F4;'>Google Chrome</span></span></div>
<div style="border: 1px solid #ddd; padding: 8px; margin: 5px 0; border-radius: 4px; background-color: #f7f7f7; display: inline-block;"><strong>💻 #System Info</strong> :: <strong>PC Name</strong> ⇒ <span style="color: #001dff;">ANKUSH1111</span> &nbsp;&nbsp;|&nbsp;&nbsp; <strong>User</strong> ⇒ <span style="color: #006400;">HP</span></div>
<div style='border: 1px solid #ddd; padding: 8px; margin: 5px 0; border-radius: 4px; background-color: #f7f7f7; display: inline-block;'><strong>#TXTBX ▭</strong> :: <strong>First Name</strong> Value entered ⇒ <span style='color: #009;'>Pooja</span></div>
<div style='border: 1px solid #ddd; padding: 8px; margin: 5px 0; border-radius: 4px; background-color: #f7f7f7; display: inline-block;'><strong>#TXTBX ▭</strong> :: <strong>Last Name</strong> Value entered ⇒ <span style='color: #009;'>Nair</span></div>
<div style='border: 1px solid #ddd; padding: 8px; margin: 5px 0; border-radius: 4px; background-color: #f7f7f7; display: inline-block;'><strong>#TXTBX ▭</strong> :: <strong>Email</strong> Value entered ⇒ <span style='color: #009;'>pooja.nair@test.com</span></div>
Clicked On :: Gender Female Radio
<div style='border: 1px solid #ddd; padding: 8px; margin: 5px 0; border-radius: 4px; background-color: #f7f7f7; display: inline-block;'><strong>#TXTBX ▭</strong> :: <strong>Mobile Number</strong> Value entered ⇒ <span style='color: #009;'>9876543211</span></div>
<div style='border: 1px solid #ddd; padding: 8px; margin: 5px 0; border-radius: 4px; background-color: #f7f7f7; display: inline-block;'><strong>#TXTBX ▭</strong> :: <strong>Full Name</strong> Value entered ⇒ <span style='color: #009;'>Neha Kulkarni</span></div>
<div style='border: 1px solid #ddd; padding: 8px; margin: 5px 0; border-radius: 4px; background-color: #f7f7f7; display: inline-block;'><strong>#TXTBX ▭</strong> :: <strong>Email</strong> Value entered ⇒ <span style='color: #009;'>neha.kulkarni@test.com</span></div>
<div style='border: 1px solid #ddd; padding: 8px; margin: 5px 0; border-radius: 4px; background-color: #f7f7f7; display: inline-block;'><strong>#TXTBX ▭</strong> :: <strong>Current Address</strong> Value entered ⇒ <span style='color: #009;'>Satara, Maharashtra</span></div>
❌ Navigation to Home Page failed: Expected condition failed: waiting for url to contain "home". Current url: "https://demoqa.com/" (tried for 10 second(s) with 500 milliseconds interval)
Build info: version: '4.12.1', revision: '8e34639b11'
System info: os.name: 'Windows 11', os.arch: 'amd64', os.version: '10.0', java.version: '18.0.1.1'
Driver info: org.openqa.selenium.chrome.ChromeDriver
Capabilities {acceptInsecureCerts: false, browserName: chrome, browserVersion: 136.0.7103.114, chrome: {chromedriverVersion: 136.0.7103.113 (76fa3c17824..., userDataDir: C:\Users\HP\AppData\Local\T...}, fedcm:accounts: true, goog:chromeOptions: {debuggerAddress: localhost:53181}, networkConnectionEnabled: false, pageLoadStrategy: normal, platformName: windows, proxy: Proxy(), se:cdp: ws://localhost:53181/devtoo..., se:cdpVersion: 136.0.7103.114, setWindowRect: true, strictFileInteractability: false, timeouts: {implicit: 0, pageLoad: 300000, script: 30000}, unhandledPromptBehavior: dismiss and notify, webauthn:extension:credBlob: true, webauthn:extension:largeBlob: true, webauthn:extension:minPinLength: true, webauthn:extension:prf: true, webauthn:virtualAuthenticators: true}
Session ID: 35c9159c033971dcb76a9982a22a7c38
<h3 style="color:#132043;"><b> Iteration Number &#10781; :4</b></h4>
<div style='border: 1px solid #e0e0e0;padding: 8px 12px;margin: 8px 0;border-radius: 6px;background: linear-gradient(to right, #f8f9fa, #ffffff);box-shadow: 0 2px 4px rgba(0,0,0,0.05);display: inline-block;font-family: Arial, sans-serif;'><span style='font-weight: bold;color: #333;'>🌍 Browser Info:</span> <span style='color: #2c7be5;font-weight: 500;'><img src='data:image/svg+xml;base64,PHN2ZyB4bWxucz0iaHR0cDovL3d3dy53My5vcmcvMjAwMC9zdmciIHZpZXdCb3g9IjAgMCA0NDggNTEyIj48cGF0aCBmaWxsPSIjRkZDMTAyIiBkPSJNMjI0IDI1NmMwIDEyLjktNyAyNC40LTE3LjcgMjkuNkwxODcgMzA5LjljLTUuNCAzLTEyLjMgMy4xLTE3LjcuMS0xMC40LTUuOS0xNi43LTE2LjktMTYuNy0yOC42VjE5OGMwLTEyLjkgNy0yNC40IDE3LjctMjkuNkwxODcgMTQyLjFjNS40LTMgMTIuMy0zLjEgMTcuNy0uMSAxMC40IDUuOSAxNi43IDE2LjkgMTYuNyAyOC42djU4LjJ6Ii8+PHBhdGggZmlsbD0iIzRBNDlGNSIgZD0iTTIyNCAyNTZjMCAxMi45LTcgMjQuNC0xNy43IDI5LjZMMTg3IDMwOS45Yy01LjQgMy0xMi4zIDMuMS0xNy43LjEtMTAuNC01LjktMTYuNy0xNi45LTE2LjctMjguNlYxOThjMC0xMi45IDctMjQuNCAxNy43LTI5LjZMMTg3IDE0Mi4xYzUuNC0zIDEyLjMtMy4xIDE3LjctLjEgMTAuNCA1LjkgMTYuNyAxNi45IDE2LjcgMjguNnY1OC4yeiIvPjxwYXRoIGZpbGw9IiNGRkMxMDIiIGQ9Ik0yMjQgMjU2YzAgMTIuOS03IDI0LjQtMTcuNyAyOS42TDE4NyAzMDkuOWMtNS40IDMtMTIuMyAzLjEtMTcuNy4xLTEwLjQtNS45LTE2LjctMTYuOS0xNi43LTI4LjZWMTk4YzAtMTIuOSA3LTI0LjQgMTcuNy0yOS42TDE4NyAxNDIuMWM1LjQtMyAxMi4zLTMuMSAxNy43LS4xIDEwLjQgNS45IDE2LjcgMTYuOSAxNi43IDI4LjZ2NTguMnoiLz48cGF0aCBmaWxsPSIjRkZDMTAyIiBkPSJNMjI0IDI1NmMwIDEyLjktNyAyNC40LTE3LjcgMjkuNkwxODcgMzA5LjljLTUuNCAzLTEyLjMgMy4xLTE3LjcuMS0xMC40LTUuOS0xNi43LTE2LjktMTYuNy0yOC42VjE5OGMwLTEyLjkgNy0yNC40IDE3LjctMjkuNkwxODcgMTQyLjFjNS40LTMgMTIuMy0zLjEgMTcuNy0uMSAxMC40IDUuOSAxNi43IDE2LjkgMTYuNyAyOC42djU4LjJ6Ii8+PC9zdmc+' height='20' width='20' style='vertical-align: middle;' /> <span style='color: #4285F4;'>Google Chrome</span></span></div>
<div style="border: 1px solid #ddd; padding: 8px; margin: 5px 0; border-radius: 4px; background-color: #f7f7f7; display: inline-block;"><strong>💻 #System Info</strong> :: <strong>PC Name</strong> ⇒ <span style="color: #001dff;">ANKUSH1111</span> &nbsp;&nbsp;|&nbsp;&nbsp; <strong>User</strong> ⇒ <span style="color: #006400;">HP</span></div>
<div style='border: 1px solid #ddd; padding: 8px; margin: 5px 0; border-radius: 4px; background-color: #f7f7f7; display: inline-block;'><strong>#TXTBX ▭</strong> :: <strong>Permanent Address</strong> Value entered ⇒ <span style='color: #009;'>Sangli, Maharashtra</span></div>
<div style='border: 1px solid #ddd; padding: 8px; margin: 5px 0; border-radius: 4px; background-color: #f7f7f7; display: inline-block;'><strong>#BTN 📤</strong> :: <strong>Clicked On</strong> ⇒ <span style='color: #001dff;'>Submit Button</span></div>
📋 Navigating to Home Page...
📋 Attempting to close modal popup (if present)...
⏳ Waiting for Home link to be clickable...
✅ Home link found: https://demoqa.com/
📋 Clicking on Home link...
Clicked On :: Date Picker - Date of Birth
#DATEPICKER 📅 :: Date of Birth :: Date successfully picked :: 1993-06-30
<div style='border: 1px solid #ddd; padding: 8px; margin: 5px 0; border-radius: 4px; background-color: #f7f7f7; display: inline-block;'><strong>#TXTBX ▭</strong> :: <strong>Subject</strong> Value entered ⇒ <span style='color: #009;'>Economics</span></div>
Click Sucessfully==Again Double Click==Hobby: Sports
Clicked On :: Hobby: Reading
<div style='border: 1px solid #ddd; padding: 8px; margin: 5px 0; border-radius: 4px; background-color: #f7f7f7; display: inline-block;'><strong>#FILEUP 🔼</strong> :: <strong>Profile Picture</strong> File Uploaded ⇒ <span style='color: #001dff;'>valdn01_07_2025_02_07_42.png</span></div>
<div style='border: 1px solid #ddd; padding: 8px; margin: 5px 0; border-radius: 4px; background-color: #f7f7f7; display: inline-block;'><strong>#TXTBX ▭</strong> :: <strong>Current Address</strong> Value entered ⇒ <span style='color: #009;'>Kochi, Kerala</span></div>
<div style='border: 1px solid #ddd; padding: 8px; margin: 5px 0; border-radius: 4px; background-color: #f7f7f7; display: inline-block;'><strong>#BTN 📤</strong> :: <strong>Clicked On</strong> ⇒ <span style='color: #001dff;'>Submit Button</span></div>
<font color =#18122B><b>Sceenshot Path::C:\Users\HP\Documents\Ahmedabad\ANKUSH_FRAMEWORK\ScreenShots\Validation\valdn01_14_2025_09_14_32.png</b></font>
<h4>Time :01/06/2025 09:14:32 PM</h4>
<br>
<img src="C:\Users\HP\Documents\Ahmedabad\ANKUSH_FRAMEWORK\ScreenShots\Validation\valdn01_14_2025_09_14_32.png" width="1000" height="500" ></img>
<br>
<br>
<div style="background-color:#ffeeba; border:2px solid #856404; border-radius:10px; padding:10px 15px; text-align:left; margin:10px 0; display:inline-block; color:#856404; box-shadow: 0px 4px 6px rgba(0, 0, 0, 0.2);"><p style='font-size:18px; margin:0;'><b>Skipped: Screenshot saved at: C:\Users\HP\Documents\Ahmedabad\ANKUSH_FRAMEWORK\ScreenShots\Validation\valdn01_14_2025_09_14_32.png</b></p></div>
<table><tr><th style='font-weight: normal;'>Student Name</th><th>Pooja Nair</th></tr><tr><th style='font-weight: normal;'>Student Email</th><th>pooja.nair@test.com</th></tr><tr><th style='font-weight: normal;'>Gender</th><th>Female</th></tr><tr><th style='font-weight: normal;'>Mobile</th><th>9876543211</th></tr><tr><th style='font-weight: normal;'>Date of Birth</th><th>30 June,1993</th></tr><tr><th style='font-weight: normal;'>Subjects</th><th>Economics</th></tr><tr><th style='font-weight: normal;'>Hobbies</th><th>Sports, Reading</th></tr><tr><th style='font-weight: normal;'>Picture</th><th>valdn01_07_2025_02_07_42.png</th></tr><tr><th style='font-weight: normal;'>Address</th><th>Kochi, Kerala</th></tr><tr><th style='font-weight: normal;'>State and City</th><th>Uttar Pradesh Agra</th></tr></table>
✅ Updated AutomationTestingStatus for FormId 101016 to '✅ [Automation Tester] Automation Testing Successfully Done and Form Successfully Submitted :: On Timestamp 01/06/2025 09:14:32 PM'
📋 Navigating to Home Page...
📋 Attempting to close modal popup (if present)...
⏳ Waiting for Home link to be clickable...
⏳ Waiting for loader to disappear...
⏳ Verifying home page load...
❌ Navigation to Home Page failed: Expected condition failed: waiting for element to be clickable: By.xpath: //a[contains(@href,'https://demoqa.com')] (tried for 2 second(s) with 500 milliseconds interval)
Build info: version: '4.12.1', revision: '8e34639b11'
System info: os.name: 'Windows 11', os.arch: 'amd64', os.version: '10.0', java.version: '18.0.1.1'
Driver info: org.openqa.selenium.chrome.ChromeDriver
Capabilities {acceptInsecureCerts: false, browserName: chrome, browserVersion: 136.0.7103.114, chrome: {chromedriverVersion: 136.0.7103.113 (76fa3c17824..., userDataDir: C:\Users\HP\AppData\Local\T...}, fedcm:accounts: true, goog:chromeOptions: {debuggerAddress: localhost:63960}, networkConnectionEnabled: false, pageLoadStrategy: normal, platformName: windows, proxy: Proxy(), se:cdp: ws://localhost:63960/devtoo..., se:cdpVersion: 136.0.7103.114, setWindowRect: true, strictFileInteractability: false, timeouts: {implicit: 0, pageLoad: 300000, script: 30000}, unhandledPromptBehavior: dismiss and notify, webauthn:extension:credBlob: true, webauthn:extension:largeBlob: true, webauthn:extension:minPinLength: true, webauthn:extension:prf: true, webauthn:virtualAuthenticators: true}
Session ID: b22de8f484a725a99fe9529a98a50781
<div style="background-color:#ffeeba; border:2px solid #856404; border-radius:10px; padding:10px 15px; text-align:left; margin:10px 0; display:inline-block; color:#856404; box-shadow: 0px 4px 6px rgba(0, 0, 0, 0.2);"><p style='font-size:18px; margin:0;'><b>Skipped: 🔐 Admin Connection URL: jdbc:sqlserver://localhost:1433;database=QADEMO;integratedSecurity=true;encrypt=false;trustServerCertificate=true;loginTimeout=30;</b></p></div>
<div style="background-color:#ffeeba; border:2px solid #856404; border-radius:10px; padding:10px 15px; text-align:left; margin:10px 0; display:inline-block; color:#856404; box-shadow: 0px 4px 6px rgba(0, 0, 0, 0.2);"><p style='font-size:18px; margin:0;'><b>Skipped: 🔐 Company Connection URL: jdbc:sqlserver://localhost:1433;database=QADEMO;integratedSecurity=true;encrypt=false;trustServerCertificate=true;loginTimeout=30;</b></p></div>
<div style='border: 1px solid #e0e0e0;padding: 8px 12px;margin: 8px 0;border-radius: 6px;background: linear-gradient(to right, #f8f9fa, #ffffff);box-shadow: 0 2px 4px rgba(0,0,0,0.05);display: inline-block;font-family: Arial, sans-serif;'><span style='font-weight: bold;color: #333;'>🌍 Browser Info:</span> <span style='color: #2c7be5;font-weight: 500;'><img src='data:image/svg+xml;base64,PHN2ZyB4bWxucz0iaHR0cDovL3d3dy53My5vcmcvMjAwMC9zdmciIHZpZXdCb3g9IjAgMCA0NDggNTEyIj48cGF0aCBmaWxsPSIjRkZDMTAyIiBkPSJNMjI0IDI1NmMwIDEyLjktNyAyNC40LTE3LjcgMjkuNkwxODcgMzA5LjljLTUuNCAzLTEyLjMgMy4xLTE3LjcuMS0xMC40LTUuOS0xNi43LTE2LjktMTYuNy0yOC42VjE5OGMwLTEyLjkgNy0yNC40IDE3LjctMjkuNkwxODcgMTQyLjFjNS40LTMgMTIuMy0zLjEgMTcuNy0uMSAxMC40IDUuOSAxNi43IDE2LjkgMTYuNyAyOC42djU4LjJ6Ii8+PHBhdGggZmlsbD0iIzRBNDlGNSIgZD0iTTIyNCAyNTZjMCAxMi45LTcgMjQuNC0xNy43IDI5LjZMMTg3IDMwOS45Yy01LjQgMy0xMi4zIDMuMS0xNy43LjEtMTAuNC01LjktMTYuNy0xNi45LTE2LjctMjguNlYxOThjMC0xMi45IDctMjQuNCAxNy43LTI5LjZMMTg3IDE0Mi4xYzUuNC0zIDEyLjMtMy4xIDE3LjctLjEgMTAuNCA1LjkgMTYuNyAxNi45IDE2LjcgMjguNnY1OC4yeiIvPjxwYXRoIGZpbGw9IiNGRkMxMDIiIGQ9Ik0yMjQgMjU2YzAgMTIuOS03IDI0LjQtMTcuNyAyOS42TDE4NyAzMDkuOWMtNS40IDMtMTIuMyAzLjEtMTcuNy4xLTEwLjQtNS45LTE2LjctMTYuOS0xNi43LTI4LjZWMTk4YzAtMTIuOSA3LTI0LjQgMTcuNy0yOS42TDE4NyAxNDIuMWM1LjQtMyAxMi4zLTMuMSAxNy43LS4xIDEwLjQgNS45IDE2LjcgMTYuOSAxNi43IDI4LjZ2NTguMnoiLz48cGF0aCBmaWxsPSIjRkZDMTAyIiBkPSJNMjI0IDI1NmMwIDEyLjktNyAyNC40LTE3LjcgMjkuNkwxODcgMzA5LjljLTUuNCAzLTEyLjMgMy4xLTE3LjcuMS0xMC40LTUuOS0xNi43LTE2LjktMTYuNy0yOC42VjE5OGMwLTEyLjkgNy0yNC40IDE3LjctMjkuNkwxODcgMTQyLjFjNS40LTMgMTIuMy0zLjEgMTcuNy0uMSAxMC40IDUuOSAxNi43IDE2LjkgMTYuNyAyOC42djU4LjJ6Ii8+PC9zdmc+' height='20' width='20' style='vertical-align: middle;' /> <span style='color: #4285F4;'>Google Chrome</span></span></div>
<div style="border: 1px solid #ddd; padding: 8px; margin: 5px 0; border-radius: 4px; background-color: #f7f7f7; display: inline-block;"><strong>💻 #System Info</strong> :: <strong>PC Name</strong> ⇒ <span style="color: #001dff;">ANKUSH1111</span> &nbsp;&nbsp;|&nbsp;&nbsp; <strong>User</strong> ⇒ <span style="color: #006400;">HP</span></div>
❌ Navigation to Home Page failed: Expected condition failed: waiting for url to contain "home". Current url: "https://demoqa.com/" (tried for 10 second(s) with 500 milliseconds interval)
Build info: version: '4.12.1', revision: '8e34639b11'
System info: os.name: 'Windows 11', os.arch: 'amd64', os.version: '10.0', java.version: '18.0.1.1'
Driver info: org.openqa.selenium.chrome.ChromeDriver
Capabilities {acceptInsecureCerts: false, browserName: chrome, browserVersion: 136.0.7103.114, chrome: {chromedriverVersion: 136.0.7103.113 (76fa3c17824..., userDataDir: C:\Users\HP\AppData\Local\T...}, fedcm:accounts: true, goog:chromeOptions: {debuggerAddress: localhost:63962}, networkConnectionEnabled: false, pageLoadStrategy: normal, platformName: windows, proxy: Proxy(), se:cdp: ws://localhost:63962/devtoo..., se:cdpVersion: 136.0.7103.114, setWindowRect: true, strictFileInteractability: false, timeouts: {implicit: 0, pageLoad: 300000, script: 30000}, unhandledPromptBehavior: dismiss and notify, webauthn:extension:credBlob: true, webauthn:extension:largeBlob: true, webauthn:extension:minPinLength: true, webauthn:extension:prf: true, webauthn:virtualAuthenticators: true}
Session ID: 40bb75698d2fe6383849b73a3523e5f4
<h3 style="color:#132043;"><b> Iteration Number &#10781; :11</b></h4>
<div style='border: 1px solid #e0e0e0;padding: 8px 12px;margin: 8px 0;border-radius: 6px;background: linear-gradient(to right, #f8f9fa, #ffffff);box-shadow: 0 2px 4px rgba(0,0,0,0.05);display: inline-block;font-family: Arial, sans-serif;'><span style='font-weight: bold;color: #333;'>🌍 Browser Info:</span> <span style='color: #2c7be5;font-weight: 500;'><img src='data:image/svg+xml;base64,PHN2ZyB4bWxucz0iaHR0cDovL3d3dy53My5vcmcvMjAwMC9zdmciIHZpZXdCb3g9IjAgMCA0NDggNTEyIj48cGF0aCBmaWxsPSIjRkZDMTAyIiBkPSJNMjI0IDI1NmMwIDEyLjktNyAyNC40LTE3LjcgMjkuNkwxODcgMzA5LjljLTUuNCAzLTEyLjMgMy4xLTE3LjcuMS0xMC40LTUuOS0xNi43LTE2LjktMTYuNy0yOC42VjE5OGMwLTEyLjkgNy0yNC40IDE3LjctMjkuNkwxODcgMTQyLjFjNS40LTMgMTIuMy0zLjEgMTcuNy0uMSAxMC40IDUuOSAxNi43IDE2LjkgMTYuNyAyOC42djU4LjJ6Ii8+PHBhdGggZmlsbD0iIzRBNDlGNSIgZD0iTTIyNCAyNTZjMCAxMi45LTcgMjQuNC0xNy43IDI5LjZMMTg3IDMwOS45Yy01LjQgMy0xMi4zIDMuMS0xNy43LjEtMTAuNC01LjktMTYuNy0xNi45LTE2LjctMjguNlYxOThjMC0xMi45IDctMjQuNCAxNy43LTI5LjZMMTg3IDE0Mi4xYzUuNC0zIDEyLjMtMy4xIDE3LjctLjEgMTAuNCA1LjkgMTYuNyAxNi45IDE2LjcgMjguNnY1OC4yeiIvPjxwYXRoIGZpbGw9IiNGRkMxMDIiIGQ9Ik0yMjQgMjU2YzAgMTIuOS03IDI0LjQtMTcuNyAyOS42TDE4NyAzMDkuOWMtNS40IDMtMTIuMyAzLjEtMTcuNy4xLTEwLjQtNS45LTE2LjctMTYuOS0xNi43LTI4LjZWMTk4YzAtMTIuOSA3LTI0LjQgMTcuNy0yOS42TDE4NyAxNDIuMWM1LjQtMyAxMi4zLTMuMSAxNy43LS4xIDEwLjQgNS45IDE2LjcgMTYuOSAxNi43IDI4LjZ2NTguMnoiLz48cGF0aCBmaWxsPSIjRkZDMTAyIiBkPSJNMjI0IDI1NmMwIDEyLjktNyAyNC40LTE3LjcgMjkuNkwxODcgMzA5LjljLTUuNCAzLTEyLjMgMy4xLTE3LjcuMS0xMC40LTUuOS0xNi43LTE2LjktMTYuNy0yOC42VjE5OGMwLTEyLjkgNy0yNC40IDE3LjctMjkuNkwxODcgMTQyLjFjNS40LTMgMTIuMy0zLjEgMTcuNy0uMSAxMC40IDUuOSAxNi43IDE2LjkgMTYuNyAyOC42djU4LjJ6Ii8+PC9zdmc+' height='20' width='20' style='vertical-align: middle;' /> <span style='color: #4285F4;'>Google Chrome</span></span></div>
<div style="border: 1px solid #ddd; padding: 8px; margin: 5px 0; border-radius: 4px; background-color: #f7f7f7; display: inline-block;"><strong>💻 #System Info</strong> :: <strong>PC Name</strong> ⇒ <span style="color: #001dff;">ANKUSH1111</span> &nbsp;&nbsp;|&nbsp;&nbsp; <strong>User</strong> ⇒ <span style="color: #006400;">HP</span></div>
<div style='border: 1px solid #ddd; padding: 8px; margin: 5px 0; border-radius: 4px; background-color: #f7f7f7; display: inline-block;'><strong>#TXTBX ▭</strong> :: <strong>Full Name</strong> Value entered ⇒ <span style='color: #009;'>Sneha Patil</span></div>
<div style='border: 1px solid #ddd; padding: 8px; margin: 5px 0; border-radius: 4px; background-color: #f7f7f7; display: inline-block;'><strong>#TXTBX ▭</strong> :: <strong>Email</strong> Value entered ⇒ <span style='color: #009;'>sneha.patil@test.com</span></div>
<div style='border: 1px solid #ddd; padding: 8px; margin: 5px 0; border-radius: 4px; background-color: #f7f7f7; display: inline-block;'><strong>#TXTBX ▭</strong> :: <strong>Current Address</strong> Value entered ⇒ <span style='color: #009;'>Nashik, Maharashtra</span></div>
<div style='border: 1px solid #ddd; padding: 8px; margin: 5px 0; border-radius: 4px; background-color: #f7f7f7; display: inline-block;'><strong>#TXTBX ▭</strong> :: <strong>Permanent Address</strong> Value entered ⇒ <span style='color: #009;'>Kolhapur, Maharashtra</span></div>
<div style='border: 1px solid #ddd; padding: 8px; margin: 5px 0; border-radius: 4px; background-color: #f7f7f7; display: inline-block;'><strong>#BTN 📤</strong> :: <strong>Clicked On</strong> ⇒ <span style='color: #001dff;'>Submit Button</span></div>
📋 Navigating to Home Page...
📋 Attempting to close modal popup (if present)...
⏳ Waiting for Home link to be clickable...
✅ Home link found: https://demoqa.com/
📋 Clicking on Home link...
<div style='border: 1px solid #ddd; padding: 8px; margin: 5px 0; border-radius: 4px; background-color: #f7f7f7; display: inline-block;'><strong>#TXTBX ▭</strong> :: <strong>Full Name</strong> Value entered ⇒ <span style='color: #009;'>Manish Gupta</span></div>
<div style='border: 1px solid #ddd; padding: 8px; margin: 5px 0; border-radius: 4px; background-color: #f7f7f7; display: inline-block;'><strong>#TXTBX ▭</strong> :: <strong>First Name</strong> Value entered ⇒ <span style='color: #009;'>Amit</span></div>
<div style='border: 1px solid #ddd; padding: 8px; margin: 5px 0; border-radius: 4px; background-color: #f7f7f7; display: inline-block;'><strong>#TXTBX ▭</strong> :: <strong>Email</strong> Value entered ⇒ <span style='color: #009;'>manish.gupta@test.com</span></div>
<div style='border: 1px solid #ddd; padding: 8px; margin: 5px 0; border-radius: 4px; background-color: #f7f7f7; display: inline-block;'><strong>#TXTBX ▭</strong> :: <strong>Last Name</strong> Value entered ⇒ <span style='color: #009;'>Deshmukh</span></div>
<div style='border: 1px solid #ddd; padding: 8px; margin: 5px 0; border-radius: 4px; background-color: #f7f7f7; display: inline-block;'><strong>#TXTBX ▭</strong> :: <strong>Current Address</strong> Value entered ⇒ <span style='color: #009;'>Delhi</span></div>
<div style='border: 1px solid #ddd; padding: 8px; margin: 5px 0; border-radius: 4px; background-color: #f7f7f7; display: inline-block;'><strong>#TXTBX ▭</strong> :: <strong>Email</strong> Value entered ⇒ <span style='color: #009;'>amit.deshmukh@test.com</span></div>
<div style='border: 1px solid #ddd; padding: 8px; margin: 5px 0; border-radius: 4px; background-color: #f7f7f7; display: inline-block;'><strong>#TXTBX ▭</strong> :: <strong>Permanent Address</strong> Value entered ⇒ <span style='color: #009;'>Noida, Uttar Pradesh</span></div>
Clicked On :: Gender Male Radio
<div style='border: 1px solid #ddd; padding: 8px; margin: 5px 0; border-radius: 4px; background-color: #f7f7f7; display: inline-block;'><strong>#BTN 📤</strong> :: <strong>Clicked On</strong> ⇒ <span style='color: #001dff;'>Submit Button</span></div>
📋 Navigating to Home Page...
📋 Attempting to close modal popup (if present)...
⏳ Waiting for Home link to be clickable...
<div style='border: 1px solid #ddd; padding: 8px; margin: 5px 0; border-radius: 4px; background-color: #f7f7f7; display: inline-block;'><strong>#TXTBX ▭</strong> :: <strong>Mobile Number</strong> Value entered ⇒ <span style='color: #009;'>9988776654</span></div>
✅ Home link found: https://demoqa.com/
📋 Clicking on Home link...
Clicked On :: Date Picker - Date of Birth
#DATEPICKER 📅 :: Date of Birth :: Date successfully picked :: 1987-07-12
<div style='border: 1px solid #ddd; padding: 8px; margin: 5px 0; border-radius: 4px; background-color: #f7f7f7; display: inline-block;'><strong>#TXTBX ▭</strong> :: <strong>Subject</strong> Value entered ⇒ <span style='color: #009;'>Geography</span></div>
Clicked On :: Hobby: Music
<div style='border: 1px solid #ddd; padding: 8px; margin: 5px 0; border-radius: 4px; background-color: #f7f7f7; display: inline-block;'><strong>#FILEUP 🔼</strong> :: <strong>Profile Picture</strong> File Uploaded ⇒ <span style='color: #001dff;'>valdn01_07_2025_02_07_42.png</span></div>
<div style='border: 1px solid #ddd; padding: 8px; margin: 5px 0; border-radius: 4px; background-color: #f7f7f7; display: inline-block;'><strong>#TXTBX ▭</strong> :: <strong>Current Address</strong> Value entered ⇒ <span style='color: #009;'>Mumbai, Maharashtra</span></div>
<div style='border: 1px solid #ddd; padding: 8px; margin: 5px 0; border-radius: 4px; background-color: #f7f7f7; display: inline-block;'><strong>#BTN 📤</strong> :: <strong>Clicked On</strong> ⇒ <span style='color: #001dff;'>Submit Button</span></div>
<div style='border: 1px solid #ddd; padding: 8px; margin: 5px 0; border-radius: 4px; background-color: #f7f7f7; display: inline-block;'><strong>#TXTBX ▭</strong> :: <strong>Full Name</strong> Value entered ⇒ <span style='color: #009;'>Pooja Nair</span></div>
<div style='border: 1px solid #ddd; padding: 8px; margin: 5px 0; border-radius: 4px; background-color: #f7f7f7; display: inline-block;'><strong>#TXTBX ▭</strong> :: <strong>Email</strong> Value entered ⇒ <span style='color: #009;'>pooja.nair@test.com</span></div>
<div style='border: 1px solid #ddd; padding: 8px; margin: 5px 0; border-radius: 4px; background-color: #f7f7f7; display: inline-block;'><strong>#TXTBX ▭</strong> :: <strong>Current Address</strong> Value entered ⇒ <span style='color: #009;'>Kochi, Kerala</span></div>
<div style='border: 1px solid #ddd; padding: 8px; margin: 5px 0; border-radius: 4px; background-color: #f7f7f7; display: inline-block;'><strong>#TXTBX ▭</strong> :: <strong>Permanent Address</strong> Value entered ⇒ <span style='color: #009;'>Trivandrum, Kerala</span></div>
<div style='border: 1px solid #ddd; padding: 8px; margin: 5px 0; border-radius: 4px; background-color: #f7f7f7; display: inline-block;'><strong>#BTN 📤</strong> :: <strong>Clicked On</strong> ⇒ <span style='color: #001dff;'>Submit Button</span></div>
✅ Updated AutomationTestingStatus for FormId 101016 to '[Automation Tester] TextBox Form Submitted Successfully at 01/06/2025 09:14:55 PM'
📋 Navigating to Home Page...
📋 Attempting to close modal popup (if present)...
⏳ Waiting for Home link to be clickable...
✅ Home link found: https://demoqa.com/
📋 Clicking on Home link...
<font color =#18122B><b>Sceenshot Path::C:\Users\HP\Documents\Ahmedabad\ANKUSH_FRAMEWORK\ScreenShots\Validation\valdn01_14_2025_09_14_55.png</b></font>
<h4>Time :01/06/2025 09:14:55 PM</h4>
<br>
<img src="C:\Users\HP\Documents\Ahmedabad\ANKUSH_FRAMEWORK\ScreenShots\Validation\valdn01_14_2025_09_14_55.png" width="1000" height="500" ></img>
<br>
<br>
<div style="background-color:#ffeeba; border:2px solid #856404; border-radius:10px; padding:10px 15px; text-align:left; margin:10px 0; display:inline-block; color:#856404; box-shadow: 0px 4px 6px rgba(0, 0, 0, 0.2);"><p style='font-size:18px; margin:0;'><b>Skipped: Screenshot saved at: C:\Users\HP\Documents\Ahmedabad\ANKUSH_FRAMEWORK\ScreenShots\Validation\valdn01_14_2025_09_14_55.png</b></p></div>
<table><tr><th style='font-weight: normal;'>Student Name</th><th>Amit Deshmukh</th></tr><tr><th style='font-weight: normal;'>Student Email</th><th>amit.deshmukh@test.com</th></tr><tr><th style='font-weight: normal;'>Gender</th><th>Male</th></tr><tr><th style='font-weight: normal;'>Mobile</th><th>9988776654</th></tr><tr><th style='font-weight: normal;'>Date of Birth</th><th>12 July,1987</th></tr><tr><th style='font-weight: normal;'>Subjects</th><th></th></tr><tr><th style='font-weight: normal;'>Hobbies</th><th>Music</th></tr><tr><th style='font-weight: normal;'>Picture</th><th>valdn01_07_2025_02_07_42.png</th></tr><tr><th style='font-weight: normal;'>Address</th><th>Mumbai, Maharashtra</th></tr><tr><th style='font-weight: normal;'>State and City</th><th>Haryana Panipat</th></tr></table>
✅ Updated AutomationTestingStatus for FormId 101017 to '✅ [Automation Tester] Automation Testing Successfully Done and Form Successfully Submitted :: On Timestamp 01/06/2025 09:14:56 PM'
📋 Navigating to Home Page...
📋 Attempting to close modal popup (if present)...
⏳ Waiting for Home link to be clickable...
⏳ Waiting for loader to disappear...
⏳ Verifying home page load...
❌ Navigation to Home Page failed: Expected condition failed: waiting for element to be clickable: By.xpath: //a[contains(@href,'https://demoqa.com')] (tried for 2 second(s) with 500 milliseconds interval)
Build info: version: '4.12.1', revision: '8e34639b11'
System info: os.name: 'Windows 11', os.arch: 'amd64', os.version: '10.0', java.version: '18.0.1.1'
Driver info: org.openqa.selenium.chrome.ChromeDriver
Capabilities {acceptInsecureCerts: false, browserName: chrome, browserVersion: 136.0.7103.114, chrome: {chromedriverVersion: 136.0.7103.113 (76fa3c17824..., userDataDir: C:\Users\HP\AppData\Local\T...}, fedcm:accounts: true, goog:chromeOptions: {debuggerAddress: localhost:63960}, networkConnectionEnabled: false, pageLoadStrategy: normal, platformName: windows, proxy: Proxy(), se:cdp: ws://localhost:63960/devtoo..., se:cdpVersion: 136.0.7103.114, setWindowRect: true, strictFileInteractability: false, timeouts: {implicit: 0, pageLoad: 300000, script: 30000}, unhandledPromptBehavior: dismiss and notify, webauthn:extension:credBlob: true, webauthn:extension:largeBlob: true, webauthn:extension:minPinLength: true, webauthn:extension:prf: true, webauthn:virtualAuthenticators: true}
Session ID: b22de8f484a725a99fe9529a98a50781
<div style="background-color:#ffeeba; border:2px solid #856404; border-radius:10px; padding:10px 15px; text-align:left; margin:10px 0; display:inline-block; color:#856404; box-shadow: 0px 4px 6px rgba(0, 0, 0, 0.2);"><p style='font-size:18px; margin:0;'><b>Skipped: 🔐 Admin Connection URL: jdbc:sqlserver://localhost:1433;database=QADEMO;integratedSecurity=true;encrypt=false;trustServerCertificate=true;loginTimeout=30;</b></p></div>
<div style="background-color:#ffeeba; border:2px solid #856404; border-radius:10px; padding:10px 15px; text-align:left; margin:10px 0; display:inline-block; color:#856404; box-shadow: 0px 4px 6px rgba(0, 0, 0, 0.2);"><p style='font-size:18px; margin:0;'><b>Skipped: 🔐 Company Connection URL: jdbc:sqlserver://localhost:1433;database=QADEMO;integratedSecurity=true;encrypt=false;trustServerCertificate=true;loginTimeout=30;</b></p></div>
<div style='border: 1px solid #e0e0e0;padding: 8px 12px;margin: 8px 0;border-radius: 6px;background: linear-gradient(to right, #f8f9fa, #ffffff);box-shadow: 0 2px 4px rgba(0,0,0,0.05);display: inline-block;font-family: Arial, sans-serif;'><span style='font-weight: bold;color: #333;'>🌍 Browser Info:</span> <span style='color: #2c7be5;font-weight: 500;'><img src='data:image/svg+xml;base64,PHN2ZyB4bWxucz0iaHR0cDovL3d3dy53My5vcmcvMjAwMC9zdmciIHZpZXdCb3g9IjAgMCA0NDggNTEyIj48cGF0aCBmaWxsPSIjRkZDMTAyIiBkPSJNMjI0IDI1NmMwIDEyLjktNyAyNC40LTE3LjcgMjkuNkwxODcgMzA5LjljLTUuNCAzLTEyLjMgMy4xLTE3LjcuMS0xMC40LTUuOS0xNi43LTE2LjktMTYuNy0yOC42VjE5OGMwLTEyLjkgNy0yNC40IDE3LjctMjkuNkwxODcgMTQyLjFjNS40LTMgMTIuMy0zLjEgMTcuNy0uMSAxMC40IDUuOSAxNi43IDE2LjkgMTYuNyAyOC42djU4LjJ6Ii8+PHBhdGggZmlsbD0iIzRBNDlGNSIgZD0iTTIyNCAyNTZjMCAxMi45LTcgMjQuNC0xNy43IDI5LjZMMTg3IDMwOS45Yy01LjQgMy0xMi4zIDMuMS0xNy43LjEtMTAuNC01LjktMTYuNy0xNi45LTE2LjctMjguNlYxOThjMC0xMi45IDctMjQuNCAxNy43LTI5LjZMMTg3IDE0Mi4xYzUuNC0zIDEyLjMtMy4xIDE3LjctLjEgMTAuNCA1LjkgMTYuNyAxNi45IDE2LjcgMjguNnY1OC4yeiIvPjxwYXRoIGZpbGw9IiNGRkMxMDIiIGQ9Ik0yMjQgMjU2YzAgMTIuOS03IDI0LjQtMTcuNyAyOS42TDE4NyAzMDkuOWMtNS40IDMtMTIuMyAzLjEtMTcuNy4xLTEwLjQtNS45LTE2LjctMTYuOS0xNi43LTI4LjZWMTk4YzAtMTIuOSA3LTI0LjQgMTcuNy0yOS42TDE4NyAxNDIuMWM1LjQtMyAxMi4zLTMuMSAxNy43LS4xIDEwLjQgNS45IDE2LjcgMTYuOSAxNi43IDI4LjZ2NTguMnoiLz48cGF0aCBmaWxsPSIjRkZDMTAyIiBkPSJNMjI0IDI1NmMwIDEyLjktNyAyNC40LTE3LjcgMjkuNkwxODcgMzA5LjljLTUuNCAzLTEyLjMgMy4xLTE3LjcuMS0xMC40LTUuOS0xNi43LTE2LjktMTYuNy0yOC42VjE5OGMwLTEyLjkgNy0yNC40IDE3LjctMjkuNkwxODcgMTQyLjFjNS40LTMgMTIuMy0zLjEgMTcuNy0uMSAxMC40IDUuOSAxNi43IDE2LjkgMTYuNyAyOC42djU4LjJ6Ii8+PC9zdmc+' height='20' width='20' style='vertical-align: middle;' /> <span style='color: #4285F4;'>Google Chrome</span></span></div>
<div style="border: 1px solid #ddd; padding: 8px; margin: 5px 0; border-radius: 4px; background-color: #f7f7f7; display: inline-block;"><strong>💻 #System Info</strong> :: <strong>PC Name</strong> ⇒ <span style="color: #001dff;">ANKUSH1111</span> &nbsp;&nbsp;|&nbsp;&nbsp; <strong>User</strong> ⇒ <span style="color: #006400;">HP</span></div>
❌ Navigation to Home Page failed: Expected condition failed: waiting for url to contain "home". Current url: "https://demoqa.com/" (tried for 10 second(s) with 500 milliseconds interval)
Build info: version: '4.12.1', revision: '8e34639b11'
System info: os.name: 'Windows 11', os.arch: 'amd64', os.version: '10.0', java.version: '18.0.1.1'
Driver info: org.openqa.selenium.chrome.ChromeDriver
Capabilities {acceptInsecureCerts: false, browserName: chrome, browserVersion: 136.0.7103.114, chrome: {chromedriverVersion: 136.0.7103.113 (76fa3c17824..., userDataDir: C:\Users\HP\AppData\Local\T...}, fedcm:accounts: true, goog:chromeOptions: {debuggerAddress: localhost:53181}, networkConnectionEnabled: false, pageLoadStrategy: normal, platformName: windows, proxy: Proxy(), se:cdp: ws://localhost:53181/devtoo..., se:cdpVersion: 136.0.7103.114, setWindowRect: true, strictFileInteractability: false, timeouts: {implicit: 0, pageLoad: 300000, script: 30000}, unhandledPromptBehavior: dismiss and notify, webauthn:extension:credBlob: true, webauthn:extension:largeBlob: true, webauthn:extension:minPinLength: true, webauthn:extension:prf: true, webauthn:virtualAuthenticators: true}
Session ID: 35c9159c033971dcb76a9982a22a7c38
<h3 style="color:#132043;"><b> Iteration Number &#10781; :5</b></h4>
<div style='border: 1px solid #e0e0e0;padding: 8px 12px;margin: 8px 0;border-radius: 6px;background: linear-gradient(to right, #f8f9fa, #ffffff);box-shadow: 0 2px 4px rgba(0,0,0,0.05);display: inline-block;font-family: Arial, sans-serif;'><span style='font-weight: bold;color: #333;'>🌍 Browser Info:</span> <span style='color: #2c7be5;font-weight: 500;'><img src='data:image/svg+xml;base64,PHN2ZyB4bWxucz0iaHR0cDovL3d3dy53My5vcmcvMjAwMC9zdmciIHZpZXdCb3g9IjAgMCA0NDggNTEyIj48cGF0aCBmaWxsPSIjRkZDMTAyIiBkPSJNMjI0IDI1NmMwIDEyLjktNyAyNC40LTE3LjcgMjkuNkwxODcgMzA5LjljLTUuNCAzLTEyLjMgMy4xLTE3LjcuMS0xMC40LTUuOS0xNi43LTE2LjktMTYuNy0yOC42VjE5OGMwLTEyLjkgNy0yNC40IDE3LjctMjkuNkwxODcgMTQyLjFjNS40LTMgMTIuMy0zLjEgMTcuNy0uMSAxMC40IDUuOSAxNi43IDE2LjkgMTYuNyAyOC42djU4LjJ6Ii8+PHBhdGggZmlsbD0iIzRBNDlGNSIgZD0iTTIyNCAyNTZjMCAxMi45LTcgMjQuNC0xNy43IDI5LjZMMTg3IDMwOS45Yy01LjQgMy0xMi4zIDMuMS0xNy43LjEtMTAuNC01LjktMTYuNy0xNi45LTE2LjctMjguNlYxOThjMC0xMi45IDctMjQuNCAxNy43LTI5LjZMMTg3IDE0Mi4xYzUuNC0zIDEyLjMtMy4xIDE3LjctLjEgMTAuNCA1LjkgMTYuNyAxNi45IDE2LjcgMjguNnY1OC4yeiIvPjxwYXRoIGZpbGw9IiNGRkMxMDIiIGQ9Ik0yMjQgMjU2YzAgMTIuOS03IDI0LjQtMTcuNyAyOS42TDE4NyAzMDkuOWMtNS40IDMtMTIuMyAzLjEtMTcuNy4xLTEwLjQtNS45LTE2LjctMTYuOS0xNi43LTI4LjZWMTk4YzAtMTIuOSA3LTI0LjQgMTcuNy0yOS42TDE4NyAxNDIuMWM1LjQtMyAxMi4zLTMuMSAxNy43LS4xIDEwLjQgNS45IDE2LjcgMTYuOSAxNi43IDI4LjZ2NTguMnoiLz48cGF0aCBmaWxsPSIjRkZDMTAyIiBkPSJNMjI0IDI1NmMwIDEyLjktNyAyNC40LTE3LjcgMjkuNkwxODcgMzA5LjljLTUuNCAzLTEyLjMgMy4xLTE3LjcuMS0xMC40LTUuOS0xNi43LTE2LjktMTYuNy0yOC42VjE5OGMwLTEyLjkgNy0yNC40IDE3LjctMjkuNkwxODcgMTQyLjFjNS40LTMgMTIuMy0zLjEgMTcuNy0uMSAxMC40IDUuOSAxNi43IDE2LjkgMTYuNyAyOC42djU4LjJ6Ii8+PC9zdmc+' height='20' width='20' style='vertical-align: middle;' /> <span style='color: #4285F4;'>Google Chrome</span></span></div>
<div style="border: 1px solid #ddd; padding: 8px; margin: 5px 0; border-radius: 4px; background-color: #f7f7f7; display: inline-block;"><strong>💻 #System Info</strong> :: <strong>PC Name</strong> ⇒ <span style="color: #001dff;">ANKUSH1111</span> &nbsp;&nbsp;|&nbsp;&nbsp; <strong>User</strong> ⇒ <span style="color: #006400;">HP</span></div>
⏳ Waiting for loader to disappear...
⏳ Verifying home page load...
<div style='border: 1px solid #ddd; padding: 8px; margin: 5px 0; border-radius: 4px; background-color: #f7f7f7; display: inline-block;'><strong>#TXTBX ▭</strong> :: <strong>First Name</strong> Value entered ⇒ <span style='color: #009;'>Anjali</span></div>
<div style='border: 1px solid #ddd; padding: 8px; margin: 5px 0; border-radius: 4px; background-color: #f7f7f7; display: inline-block;'><strong>#TXTBX ▭</strong> :: <strong>Full Name</strong> Value entered ⇒ <span style='color: #009;'>Karan Mehta</span></div>
<div style='border: 1px solid #ddd; padding: 8px; margin: 5px 0; border-radius: 4px; background-color: #f7f7f7; display: inline-block;'><strong>#TXTBX ▭</strong> :: <strong>Last Name</strong> Value entered ⇒ <span style='color: #009;'>Rao</span></div>
<div style='border: 1px solid #ddd; padding: 8px; margin: 5px 0; border-radius: 4px; background-color: #f7f7f7; display: inline-block;'><strong>#TXTBX ▭</strong> :: <strong>Email</strong> Value entered ⇒ <span style='color: #009;'>karan.mehta@test.com</span></div>
<div style='border: 1px solid #ddd; padding: 8px; margin: 5px 0; border-radius: 4px; background-color: #f7f7f7; display: inline-block;'><strong>#TXTBX ▭</strong> :: <strong>Email</strong> Value entered ⇒ <span style='color: #009;'>anjali.rao@test.com</span></div>
Clicked On :: Gender Female Radio
<div style='border: 1px solid #ddd; padding: 8px; margin: 5px 0; border-radius: 4px; background-color: #f7f7f7; display: inline-block;'><strong>#TXTBX ▭</strong> :: <strong>Current Address</strong> Value entered ⇒ <span style='color: #009;'>Jaipur, Rajasthan</span></div>
<div style='border: 1px solid #ddd; padding: 8px; margin: 5px 0; border-radius: 4px; background-color: #f7f7f7; display: inline-block;'><strong>#TXTBX ▭</strong> :: <strong>Mobile Number</strong> Value entered ⇒ <span style='color: #009;'>9871234568</span></div>
<div style='border: 1px solid #ddd; padding: 8px; margin: 5px 0; border-radius: 4px; background-color: #f7f7f7; display: inline-block;'><strong>#TXTBX ▭</strong> :: <strong>Permanent Address</strong> Value entered ⇒ <span style='color: #009;'>Udaipur, Rajasthan</span></div>
<div style='border: 1px solid #ddd; padding: 8px; margin: 5px 0; border-radius: 4px; background-color: #f7f7f7; display: inline-block;'><strong>#BTN 📤</strong> :: <strong>Clicked On</strong> ⇒ <span style='color: #001dff;'>Submit Button</span></div>
📋 Navigating to Home Page...
📋 Attempting to close modal popup (if present)...
⏳ Waiting for Home link to be clickable...
✅ Home link found: https://demoqa.com/
📋 Clicking on Home link...
⏳ Waiting for loader to disappear...
⏳ Verifying home page load...
Clicked On :: Date Picker - Date of Birth
#DATEPICKER 📅 :: Date of Birth :: Date successfully picked :: 1994-08-05
<div style='border: 1px solid #ddd; padding: 8px; margin: 5px 0; border-radius: 4px; background-color: #f7f7f7; display: inline-block;'><strong>#TXTBX ▭</strong> :: <strong>Subject</strong> Value entered ⇒ <span style='color: #009;'>Political Science</span></div>
Clicked On :: Hobby: Reading
<div style='border: 1px solid #ddd; padding: 8px; margin: 5px 0; border-radius: 4px; background-color: #f7f7f7; display: inline-block;'><strong>#FILEUP 🔼</strong> :: <strong>Profile Picture</strong> File Uploaded ⇒ <span style='color: #001dff;'>valdn01_07_2025_02_07_42.png</span></div>
<div style='border: 1px solid #ddd; padding: 8px; margin: 5px 0; border-radius: 4px; background-color: #f7f7f7; display: inline-block;'><strong>#TXTBX ▭</strong> :: <strong>Current Address</strong> Value entered ⇒ <span style='color: #009;'>Hyderabad, Telangana</span></div>
⏳ Waiting for loader to disappear...
⏳ Verifying home page load...
❌ Navigation to Home Page failed: Expected condition failed: waiting for url to contain "home". Current url: "https://demoqa.com/" (tried for 10 second(s) with 500 milliseconds interval)
Build info: version: '4.12.1', revision: '8e34639b11'
System info: os.name: 'Windows 11', os.arch: 'amd64', os.version: '10.0', java.version: '18.0.1.1'
Driver info: org.openqa.selenium.chrome.ChromeDriver
Capabilities {acceptInsecureCerts: false, browserName: chrome, browserVersion: 136.0.7103.114, chrome: {chromedriverVersion: 136.0.7103.113 (76fa3c17824..., userDataDir: C:\Users\HP\AppData\Local\T...}, fedcm:accounts: true, goog:chromeOptions: {debuggerAddress: localhost:63962}, networkConnectionEnabled: false, pageLoadStrategy: normal, platformName: windows, proxy: Proxy(), se:cdp: ws://localhost:63962/devtoo..., se:cdpVersion: 136.0.7103.114, setWindowRect: true, strictFileInteractability: false, timeouts: {implicit: 0, pageLoad: 300000, script: 30000}, unhandledPromptBehavior: dismiss and notify, webauthn:extension:credBlob: true, webauthn:extension:largeBlob: true, webauthn:extension:minPinLength: true, webauthn:extension:prf: true, webauthn:virtualAuthenticators: true}
Session ID: 40bb75698d2fe6383849b73a3523e5f4
<h3 style="color:#132043;"><b> Iteration Number &#10781; :12</b></h4>
<div style='border: 1px solid #e0e0e0;padding: 8px 12px;margin: 8px 0;border-radius: 6px;background: linear-gradient(to right, #f8f9fa, #ffffff);box-shadow: 0 2px 4px rgba(0,0,0,0.05);display: inline-block;font-family: Arial, sans-serif;'><span style='font-weight: bold;color: #333;'>🌍 Browser Info:</span> <span style='color: #2c7be5;font-weight: 500;'><img src='data:image/svg+xml;base64,PHN2ZyB4bWxucz0iaHR0cDovL3d3dy53My5vcmcvMjAwMC9zdmciIHZpZXdCb3g9IjAgMCA0NDggNTEyIj48cGF0aCBmaWxsPSIjRkZDMTAyIiBkPSJNMjI0IDI1NmMwIDEyLjktNyAyNC40LTE3LjcgMjkuNkwxODcgMzA5LjljLTUuNCAzLTEyLjMgMy4xLTE3LjcuMS0xMC40LTUuOS0xNi43LTE2LjktMTYuNy0yOC42VjE5OGMwLTEyLjkgNy0yNC40IDE3LjctMjkuNkwxODcgMTQyLjFjNS40LTMgMTIuMy0zLjEgMTcuNy0uMSAxMC40IDUuOSAxNi43IDE2LjkgMTYuNyAyOC42djU4LjJ6Ii8+PHBhdGggZmlsbD0iIzRBNDlGNSIgZD0iTTIyNCAyNTZjMCAxMi45LTcgMjQuNC0xNy43IDI5LjZMMTg3IDMwOS45Yy01LjQgMy0xMi4zIDMuMS0xNy43LjEtMTAuNC01LjktMTYuNy0xNi45LTE2LjctMjguNlYxOThjMC0xMi45IDctMjQuNCAxNy43LTI5LjZMMTg3IDE0Mi4xYzUuNC0zIDEyLjMtMy4xIDE3LjctLjEgMTAuNCA1LjkgMTYuNyAxNi45IDE2LjcgMjguNnY1OC4yeiIvPjxwYXRoIGZpbGw9IiNGRkMxMDIiIGQ9Ik0yMjQgMjU2YzAgMTIuOS03IDI0LjQtMTcuNyAyOS42TDE4NyAzMDkuOWMtNS40IDMtMTIuMyAzLjEtMTcuNy4xLTEwLjQtNS45LTE2LjctMTYuOS0xNi43LTI4LjZWMTk4YzAtMTIuOSA3LTI0LjQgMTcuNy0yOS42TDE4NyAxNDIuMWM1LjQtMyAxMi4zLTMuMSAxNy43LS4xIDEwLjQgNS45IDE2LjcgMTYuOSAxNi43IDI4LjZ2NTguMnoiLz48cGF0aCBmaWxsPSIjRkZDMTAyIiBkPSJNMjI0IDI1NmMwIDEyLjktNyAyNC40LTE3LjcgMjkuNkwxODcgMzA5LjljLTUuNCAzLTEyLjMgMy4xLTE3LjcuMS0xMC40LTUuOS0xNi43LTE2LjktMTYuNy0yOC42VjE5OGMwLTEyLjkgNy0yNC40IDE3LjctMjkuNkwxODcgMTQyLjFjNS40LTMgMTIuMy0zLjEgMTcuNy0uMSAxMC40IDUuOSAxNi43IDE2LjkgMTYuNyAyOC42djU4LjJ6Ii8+PC9zdmc+' height='20' width='20' style='vertical-align: middle;' /> <span style='color: #4285F4;'>Google Chrome</span></span></div>
<div style="border: 1px solid #ddd; padding: 8px; margin: 5px 0; border-radius: 4px; background-color: #f7f7f7; display: inline-block;"><strong>💻 #System Info</strong> :: <strong>PC Name</strong> ⇒ <span style="color: #001dff;">ANKUSH1111</span> &nbsp;&nbsp;|&nbsp;&nbsp; <strong>User</strong> ⇒ <span style="color: #006400;">HP</span></div>
<div style='border: 1px solid #ddd; padding: 8px; margin: 5px 0; border-radius: 4px; background-color: #f7f7f7; display: inline-block;'><strong>#TXTBX ▭</strong> :: <strong>Full Name</strong> Value entered ⇒ <span style='color: #009;'>Ayesha Khan</span></div>
<div style='border: 1px solid #ddd; padding: 8px; margin: 5px 0; border-radius: 4px; background-color: #f7f7f7; display: inline-block;'><strong>#TXTBX ▭</strong> :: <strong>Email</strong> Value entered ⇒ <span style='color: #009;'>ayesha.khan@test.com</span></div>
<div style='border: 1px solid #ddd; padding: 8px; margin: 5px 0; border-radius: 4px; background-color: #f7f7f7; display: inline-block;'><strong>#TXTBX ▭</strong> :: <strong>Current Address</strong> Value entered ⇒ <span style='color: #009;'>Bhopal, Madhya Pradesh</span></div>
<div style='border: 1px solid #ddd; padding: 8px; margin: 5px 0; border-radius: 4px; background-color: #f7f7f7; display: inline-block;'><strong>#TXTBX ▭</strong> :: <strong>Permanent Address</strong> Value entered ⇒ <span style='color: #009;'>Gwalior, Madhya Pradesh</span></div>
<div style='border: 1px solid #ddd; padding: 8px; margin: 5px 0; border-radius: 4px; background-color: #f7f7f7; display: inline-block;'><strong>#BTN 📤</strong> :: <strong>Clicked On</strong> ⇒ <span style='color: #001dff;'>Submit Button</span></div>
📋 Navigating to Home Page...
📋 Attempting to close modal popup (if present)...
⏳ Waiting for Home link to be clickable...
✅ Home link found: https://demoqa.com/
📋 Clicking on Home link...
Click Sucessfully==Again Double Click==Submit Button
<font color =#18122B><b>Sceenshot Path::C:\Users\HP\Documents\Ahmedabad\ANKUSH_FRAMEWORK\ScreenShots\Validation\valdn01_15_2025_09_15_21.png</b></font>
<h4>Time :01/06/2025 09:15:22 PM</h4>
<br>
<img src="C:\Users\HP\Documents\Ahmedabad\ANKUSH_FRAMEWORK\ScreenShots\Validation\valdn01_15_2025_09_15_21.png" width="1000" height="500" ></img>
<br>
<br>
<div style="background-color:#ffeeba; border:2px solid #856404; border-radius:10px; padding:10px 15px; text-align:left; margin:10px 0; display:inline-block; color:#856404; box-shadow: 0px 4px 6px rgba(0, 0, 0, 0.2);"><p style='font-size:18px; margin:0;'><b>Skipped: Screenshot saved at: C:\Users\HP\Documents\Ahmedabad\ANKUSH_FRAMEWORK\ScreenShots\Validation\valdn01_15_2025_09_15_21.png</b></p></div>
<table><tr><th style='font-weight: normal;'>Student Name</th><th>Anjali Rao</th></tr><tr><th style='font-weight: normal;'>Student Email</th><th>anjali.rao@test.com</th></tr><tr><th style='font-weight: normal;'>Gender</th><th>Female</th></tr><tr><th style='font-weight: normal;'>Mobile</th><th>9871234568</th></tr><tr><th style='font-weight: normal;'>Date of Birth</th><th>05 August,1994</th></tr><tr><th style='font-weight: normal;'>Subjects</th><th></th></tr><tr><th style='font-weight: normal;'>Hobbies</th><th>Reading</th></tr><tr><th style='font-weight: normal;'>Picture</th><th>valdn01_07_2025_02_07_42.png</th></tr><tr><th style='font-weight: normal;'>Address</th><th>Hyderabad, Telangana</th></tr><tr><th style='font-weight: normal;'>State and City</th><th></th></tr></table>
✅ Updated AutomationTestingStatus for FormId 101018 to '✅ [Automation Tester] Automation Testing Successfully Done and Form Successfully Submitted :: On Timestamp 01/06/2025 09:15:22 PM'
📋 Navigating to Home Page...
📋 Attempting to close modal popup (if present)...
⏳ Waiting for Home link to be clickable...
❌ Navigation to Home Page failed: Expected condition failed: waiting for url to contain "home". Current url: "https://demoqa.com/" (tried for 10 second(s) with 500 milliseconds interval)
Build info: version: '4.12.1', revision: '8e34639b11'
System info: os.name: 'Windows 11', os.arch: 'amd64', os.version: '10.0', java.version: '18.0.1.1'
Driver info: org.openqa.selenium.chrome.ChromeDriver
Capabilities {acceptInsecureCerts: false, browserName: chrome, browserVersion: 136.0.7103.114, chrome: {chromedriverVersion: 136.0.7103.113 (76fa3c17824..., userDataDir: C:\Users\HP\AppData\Local\T...}, fedcm:accounts: true, goog:chromeOptions: {debuggerAddress: localhost:53181}, networkConnectionEnabled: false, pageLoadStrategy: normal, platformName: windows, proxy: Proxy(), se:cdp: ws://localhost:53181/devtoo..., se:cdpVersion: 136.0.7103.114, setWindowRect: true, strictFileInteractability: false, timeouts: {implicit: 0, pageLoad: 300000, script: 30000}, unhandledPromptBehavior: dismiss and notify, webauthn:extension:credBlob: true, webauthn:extension:largeBlob: true, webauthn:extension:minPinLength: true, webauthn:extension:prf: true, webauthn:virtualAuthenticators: true}
Session ID: 35c9159c033971dcb76a9982a22a7c38
<h3 style="color:#132043;"><b> Iteration Number &#10781; :6</b></h4>
<div style='border: 1px solid #e0e0e0;padding: 8px 12px;margin: 8px 0;border-radius: 6px;background: linear-gradient(to right, #f8f9fa, #ffffff);box-shadow: 0 2px 4px rgba(0,0,0,0.05);display: inline-block;font-family: Arial, sans-serif;'><span style='font-weight: bold;color: #333;'>🌍 Browser Info:</span> <span style='color: #2c7be5;font-weight: 500;'><img src='data:image/svg+xml;base64,PHN2ZyB4bWxucz0iaHR0cDovL3d3dy53My5vcmcvMjAwMC9zdmciIHZpZXdCb3g9IjAgMCA0NDggNTEyIj48cGF0aCBmaWxsPSIjRkZDMTAyIiBkPSJNMjI0IDI1NmMwIDEyLjktNyAyNC40LTE3LjcgMjkuNkwxODcgMzA5LjljLTUuNCAzLTEyLjMgMy4xLTE3LjcuMS0xMC40LTUuOS0xNi43LTE2LjktMTYuNy0yOC42VjE5OGMwLTEyLjkgNy0yNC40IDE3LjctMjkuNkwxODcgMTQyLjFjNS40LTMgMTIuMy0zLjEgMTcuNy0uMSAxMC40IDUuOSAxNi43IDE2LjkgMTYuNyAyOC42djU4LjJ6Ii8+PHBhdGggZmlsbD0iIzRBNDlGNSIgZD0iTTIyNCAyNTZjMCAxMi45LTcgMjQuNC0xNy43IDI5LjZMMTg3IDMwOS45Yy01LjQgMy0xMi4zIDMuMS0xNy43LjEtMTAuNC01LjktMTYuNy0xNi45LTE2LjctMjguNlYxOThjMC0xMi45IDctMjQuNCAxNy43LTI5LjZMMTg3IDE0Mi4xYzUuNC0zIDEyLjMtMy4xIDE3LjctLjEgMTAuNCA1LjkgMTYuNyAxNi45IDE2LjcgMjguNnY1OC4yeiIvPjxwYXRoIGZpbGw9IiNGRkMxMDIiIGQ9Ik0yMjQgMjU2YzAgMTIuOS03IDI0LjQtMTcuNyAyOS42TDE4NyAzMDkuOWMtNS40IDMtMTIuMyAzLjEtMTcuNy4xLTEwLjQtNS45LTE2LjctMTYuOS0xNi43LTI4LjZWMTk4YzAtMTIuOSA3LTI0LjQgMTcuNy0yOS42TDE4NyAxNDIuMWM1LjQtMyAxMi4zLTMuMSAxNy43LS4xIDEwLjQgNS45IDE2LjcgMTYuOSAxNi43IDI4LjZ2NTguMnoiLz48cGF0aCBmaWxsPSIjRkZDMTAyIiBkPSJNMjI0IDI1NmMwIDEyLjktNyAyNC40LTE3LjcgMjkuNkwxODcgMzA5LjljLTUuNCAzLTEyLjMgMy4xLTE3LjcuMS0xMC40LTUuOS0xNi43LTE2LjktMTYuNy0yOC42VjE5OGMwLTEyLjkgNy0yNC40IDE3LjctMjkuNkwxODcgMTQyLjFjNS40LTMgMTIuMy0zLjEgMTcuNy0uMSAxMC40IDUuOSAxNi43IDE2LjkgMTYuNyAyOC42djU4LjJ6Ii8+PC9zdmc+' height='20' width='20' style='vertical-align: middle;' /> <span style='color: #4285F4;'>Google Chrome</span></span></div>
<div style="border: 1px solid #ddd; padding: 8px; margin: 5px 0; border-radius: 4px; background-color: #f7f7f7; display: inline-block;"><strong>💻 #System Info</strong> :: <strong>PC Name</strong> ⇒ <span style="color: #001dff;">ANKUSH1111</span> &nbsp;&nbsp;|&nbsp;&nbsp; <strong>User</strong> ⇒ <span style="color: #006400;">HP</span></div>
❌ Navigation to Home Page failed: Expected condition failed: waiting for element to be clickable: By.xpath: //a[contains(@href,'https://demoqa.com')] (tried for 2 second(s) with 500 milliseconds interval)
Build info: version: '4.12.1', revision: '8e34639b11'
System info: os.name: 'Windows 11', os.arch: 'amd64', os.version: '10.0', java.version: '18.0.1.1'
Driver info: org.openqa.selenium.chrome.ChromeDriver
Capabilities {acceptInsecureCerts: false, browserName: chrome, browserVersion: 136.0.7103.114, chrome: {chromedriverVersion: 136.0.7103.113 (76fa3c17824..., userDataDir: C:\Users\HP\AppData\Local\T...}, fedcm:accounts: true, goog:chromeOptions: {debuggerAddress: localhost:63960}, networkConnectionEnabled: false, pageLoadStrategy: normal, platformName: windows, proxy: Proxy(), se:cdp: ws://localhost:63960/devtoo..., se:cdpVersion: 136.0.7103.114, setWindowRect: true, strictFileInteractability: false, timeouts: {implicit: 0, pageLoad: 300000, script: 30000}, unhandledPromptBehavior: dismiss and notify, webauthn:extension:credBlob: true, webauthn:extension:largeBlob: true, webauthn:extension:minPinLength: true, webauthn:extension:prf: true, webauthn:virtualAuthenticators: true}
Session ID: b22de8f484a725a99fe9529a98a50781
<div style="background-color:#ffeeba; border:2px solid #856404; border-radius:10px; padding:10px 15px; text-align:left; margin:10px 0; display:inline-block; color:#856404; box-shadow: 0px 4px 6px rgba(0, 0, 0, 0.2);"><p style='font-size:18px; margin:0;'><b>Skipped: 🔐 Admin Connection URL: jdbc:sqlserver://localhost:1433;database=QADEMO;integratedSecurity=true;encrypt=false;trustServerCertificate=true;loginTimeout=30;</b></p></div>
<div style="background-color:#ffeeba; border:2px solid #856404; border-radius:10px; padding:10px 15px; text-align:left; margin:10px 0; display:inline-block; color:#856404; box-shadow: 0px 4px 6px rgba(0, 0, 0, 0.2);"><p style='font-size:18px; margin:0;'><b>Skipped: 🔐 Company Connection URL: jdbc:sqlserver://localhost:1433;database=QADEMO;integratedSecurity=true;encrypt=false;trustServerCertificate=true;loginTimeout=30;</b></p></div>
<div style='border: 1px solid #e0e0e0;padding: 8px 12px;margin: 8px 0;border-radius: 6px;background: linear-gradient(to right, #f8f9fa, #ffffff);box-shadow: 0 2px 4px rgba(0,0,0,0.05);display: inline-block;font-family: Arial, sans-serif;'><span style='font-weight: bold;color: #333;'>🌍 Browser Info:</span> <span style='color: #2c7be5;font-weight: 500;'><img src='data:image/svg+xml;base64,PHN2ZyB4bWxucz0iaHR0cDovL3d3dy53My5vcmcvMjAwMC9zdmciIHZpZXdCb3g9IjAgMCA0NDggNTEyIj48cGF0aCBmaWxsPSIjRkZDMTAyIiBkPSJNMjI0IDI1NmMwIDEyLjktNyAyNC40LTE3LjcgMjkuNkwxODcgMzA5LjljLTUuNCAzLTEyLjMgMy4xLTE3LjcuMS0xMC40LTUuOS0xNi43LTE2LjktMTYuNy0yOC42VjE5OGMwLTEyLjkgNy0yNC40IDE3LjctMjkuNkwxODcgMTQyLjFjNS40LTMgMTIuMy0zLjEgMTcuNy0uMSAxMC40IDUuOSAxNi43IDE2LjkgMTYuNyAyOC42djU4LjJ6Ii8+PHBhdGggZmlsbD0iIzRBNDlGNSIgZD0iTTIyNCAyNTZjMCAxMi45LTcgMjQuNC0xNy43IDI5LjZMMTg3IDMwOS45Yy01LjQgMy0xMi4zIDMuMS0xNy43LjEtMTAuNC01LjktMTYuNy0xNi45LTE2LjctMjguNlYxOThjMC0xMi45IDctMjQuNCAxNy43LTI5LjZMMTg3IDE0Mi4xYzUuNC0zIDEyLjMtMy4xIDE3LjctLjEgMTAuNCA1LjkgMTYuNyAxNi45IDE2LjcgMjguNnY1OC4yeiIvPjxwYXRoIGZpbGw9IiNGRkMxMDIiIGQ9Ik0yMjQgMjU2YzAgMTIuOS03IDI0LjQtMTcuNyAyOS42TDE4NyAzMDkuOWMtNS40IDMtMTIuMyAzLjEtMTcuNy4xLTEwLjQtNS45LTE2LjctMTYuOS0xNi43LTI4LjZWMTk4YzAtMTIuOSA3LTI0LjQgMTcuNy0yOS42TDE4NyAxNDIuMWM1LjQtMyAxMi4zLTMuMSAxNy43LS4xIDEwLjQgNS45IDE2LjcgMTYuOSAxNi43IDI4LjZ2NTguMnoiLz48cGF0aCBmaWxsPSIjRkZDMTAyIiBkPSJNMjI0IDI1NmMwIDEyLjktNyAyNC40LTE3LjcgMjkuNkwxODcgMzA5LjljLTUuNCAzLTEyLjMgMy4xLTE3LjcuMS0xMC40LTUuOS0xNi43LTE2LjktMTYuNy0yOC42VjE5OGMwLTEyLjkgNy0yNC40IDE3LjctMjkuNkwxODcgMTQyLjFjNS40LTMgMTIuMy0zLjEgMTcuNy0uMSAxMC40IDUuOSAxNi43IDE2LjkgMTYuNyAyOC42djU4LjJ6Ii8+PC9zdmc+' height='20' width='20' style='vertical-align: middle;' /> <span style='color: #4285F4;'>Google Chrome</span></span></div>
<div style="border: 1px solid #ddd; padding: 8px; margin: 5px 0; border-radius: 4px; background-color: #f7f7f7; display: inline-block;"><strong>💻 #System Info</strong> :: <strong>PC Name</strong> ⇒ <span style="color: #001dff;">ANKUSH1111</span> &nbsp;&nbsp;|&nbsp;&nbsp; <strong>User</strong> ⇒ <span style="color: #006400;">HP</span></div>
<div style='border: 1px solid #ddd; padding: 8px; margin: 5px 0; border-radius: 4px; background-color: #f7f7f7; display: inline-block;'><strong>#TXTBX ▭</strong> :: <strong>Full Name</strong> Value entered ⇒ <span style='color: #009;'>Pooja Nair</span></div>
<div style='border: 1px solid #ddd; padding: 8px; margin: 5px 0; border-radius: 4px; background-color: #f7f7f7; display: inline-block;'><strong>#TXTBX ▭</strong> :: <strong>Email</strong> Value entered ⇒ <span style='color: #009;'>pooja.nair@test.com</span></div>
<div style='border: 1px solid #ddd; padding: 8px; margin: 5px 0; border-radius: 4px; background-color: #f7f7f7; display: inline-block;'><strong>#TXTBX ▭</strong> :: <strong>Current Address</strong> Value entered ⇒ <span style='color: #009;'>Kochi, Kerala</span></div>
<div style='border: 1px solid #ddd; padding: 8px; margin: 5px 0; border-radius: 4px; background-color: #f7f7f7; display: inline-block;'><strong>#TXTBX ▭</strong> :: <strong>Permanent Address</strong> Value entered ⇒ <span style='color: #009;'>Trivandrum, Kerala</span></div>
❌ Navigation to Home Page failed: Expected condition failed: waiting for url to contain "home". Current url: "https://demoqa.com/" (tried for 10 second(s) with 500 milliseconds interval)
Build info: version: '4.12.1', revision: '8e34639b11'
System info: os.name: 'Windows 11', os.arch: 'amd64', os.version: '10.0', java.version: '18.0.1.1'
Driver info: org.openqa.selenium.chrome.ChromeDriver
Capabilities {acceptInsecureCerts: false, browserName: chrome, browserVersion: 136.0.7103.114, chrome: {chromedriverVersion: 136.0.7103.113 (76fa3c17824..., userDataDir: C:\Users\HP\AppData\Local\T...}, fedcm:accounts: true, goog:chromeOptions: {debuggerAddress: localhost:63963}, networkConnectionEnabled: false, pageLoadStrategy: normal, platformName: windows, proxy: Proxy(), se:cdp: ws://localhost:63963/devtoo..., se:cdpVersion: 136.0.7103.114, setWindowRect: true, strictFileInteractability: false, timeouts: {implicit: 0, pageLoad: 300000, script: 30000}, unhandledPromptBehavior: dismiss and notify, webauthn:extension:credBlob: true, webauthn:extension:largeBlob: true, webauthn:extension:minPinLength: true, webauthn:extension:prf: true, webauthn:virtualAuthenticators: true}
Session ID: 2d878eeb16294432cfaadd75059ef6bf
<div style="background-color:#ffeeba; border:2px solid #856404; border-radius:10px; padding:10px 15px; text-align:left; margin:10px 0; display:inline-block; color:#856404; box-shadow: 0px 4px 6px rgba(0, 0, 0, 0.2);"><p style='font-size:18px; margin:0;'><b>Skipped: 🔐 Admin Connection URL: jdbc:sqlserver://localhost:1433;database=QADEMO;integratedSecurity=true;encrypt=false;trustServerCertificate=true;loginTimeout=30;</b></p></div>
<div style="background-color:#ffeeba; border:2px solid #856404; border-radius:10px; padding:10px 15px; text-align:left; margin:10px 0; display:inline-block; color:#856404; box-shadow: 0px 4px 6px rgba(0, 0, 0, 0.2);"><p style='font-size:18px; margin:0;'><b>Skipped: 🔐 Company Connection URL: jdbc:sqlserver://localhost:1433;database=QADEMO;integratedSecurity=true;encrypt=false;trustServerCertificate=true;loginTimeout=30;</b></p></div>
<div style='border: 1px solid #ddd; padding: 8px; margin: 5px 0; border-radius: 4px; background-color: #f7f7f7; display: inline-block;'><strong>#BTN 📤</strong> :: <strong>Clicked On</strong> ⇒ <span style='color: #001dff;'>Submit Button</span></div>
<div style='border: 1px solid #e0e0e0;padding: 8px 12px;margin: 8px 0;border-radius: 6px;background: linear-gradient(to right, #f8f9fa, #ffffff);box-shadow: 0 2px 4px rgba(0,0,0,0.05);display: inline-block;font-family: Arial, sans-serif;'><span style='font-weight: bold;color: #333;'>🌍 Browser Info:</span> <span style='color: #2c7be5;font-weight: 500;'><img src='data:image/svg+xml;base64,PHN2ZyB4bWxucz0iaHR0cDovL3d3dy53My5vcmcvMjAwMC9zdmciIHZpZXdCb3g9IjAgMCA0NDggNTEyIj48cGF0aCBmaWxsPSIjRkZDMTAyIiBkPSJNMjI0IDI1NmMwIDEyLjktNyAyNC40LTE3LjcgMjkuNkwxODcgMzA5LjljLTUuNCAzLTEyLjMgMy4xLTE3LjcuMS0xMC40LTUuOS0xNi43LTE2LjktMTYuNy0yOC42VjE5OGMwLTEyLjkgNy0yNC40IDE3LjctMjkuNkwxODcgMTQyLjFjNS40LTMgMTIuMy0zLjEgMTcuNy0uMSAxMC40IDUuOSAxNi43IDE2LjkgMTYuNyAyOC42djU4LjJ6Ii8+PHBhdGggZmlsbD0iIzRBNDlGNSIgZD0iTTIyNCAyNTZjMCAxMi45LTcgMjQuNC0xNy43IDI5LjZMMTg3IDMwOS45Yy01LjQgMy0xMi4zIDMuMS0xNy43LjEtMTAuNC01LjktMTYuNy0xNi45LTE2LjctMjguNlYxOThjMC0xMi45IDctMjQuNCAxNy43LTI5LjZMMTg3IDE0Mi4xYzUuNC0zIDEyLjMtMy4xIDE3LjctLjEgMTAuNCA1LjkgMTYuNyAxNi45IDE2LjcgMjguNnY1OC4yeiIvPjxwYXRoIGZpbGw9IiNGRkMxMDIiIGQ9Ik0yMjQgMjU2YzAgMTIuOS03IDI0LjQtMTcuNyAyOS42TDE4NyAzMDkuOWMtNS40IDMtMTIuMyAzLjEtMTcuNy4xLTEwLjQtNS45LTE2LjctMTYuOS0xNi43LTI4LjZWMTk4YzAtMTIuOSA3LTI0LjQgMTcuNy0yOS42TDE4NyAxNDIuMWM1LjQtMyAxMi4zLTMuMSAxNy43LS4xIDEwLjQgNS45IDE2LjcgMTYuOSAxNi43IDI4LjZ2NTguMnoiLz48cGF0aCBmaWxsPSIjRkZDMTAyIiBkPSJNMjI0IDI1NmMwIDEyLjktNyAyNC40LTE3LjcgMjkuNkwxODcgMzA5LjljLTUuNCAzLTEyLjMgMy4xLTE3LjcuMS0xMC40LTUuOS0xNi43LTE2LjktMTYuNy0yOC42VjE5OGMwLTEyLjkgNy0yNC40IDE3LjctMjkuNkwxODcgMTQyLjFjNS40LTMgMTIuMy0zLjEgMTcuNy0uMSAxMC40IDUuOSAxNi43IDE2LjkgMTYuNyAyOC42djU4LjJ6Ii8+PC9zdmc+' height='20' width='20' style='vertical-align: middle;' /> <span style='color: #4285F4;'>Google Chrome</span></span></div>
<div style="border: 1px solid #ddd; padding: 8px; margin: 5px 0; border-radius: 4px; background-color: #f7f7f7; display: inline-block;"><strong>💻 #System Info</strong> :: <strong>PC Name</strong> ⇒ <span style="color: #001dff;">ANKUSH1111</span> &nbsp;&nbsp;|&nbsp;&nbsp; <strong>User</strong> ⇒ <span style="color: #006400;">HP</span></div>
📋 Navigating to Home Page...
📋 Attempting to close modal popup (if present)...
⏳ Waiting for Home link to be clickable...
✅ Home link found: https://demoqa.com/
📋 Clicking on Home link...
<div style='border: 1px solid #ddd; padding: 8px; margin: 5px 0; border-radius: 4px; background-color: #f7f7f7; display: inline-block;'><strong>#TXTBX ▭</strong> :: <strong>First Name</strong> Value entered ⇒ <span style='color: #009;'>Saurabh</span></div>
⏳ Waiting for loader to disappear...
⏳ Verifying home page load...
<div style='border: 1px solid #ddd; padding: 8px; margin: 5px 0; border-radius: 4px; background-color: #f7f7f7; display: inline-block;'><strong>#TXTBX ▭</strong> :: <strong>Last Name</strong> Value entered ⇒ <span style='color: #009;'>Yadav</span></div>
<div style='border: 1px solid #ddd; padding: 8px; margin: 5px 0; border-radius: 4px; background-color: #f7f7f7; display: inline-block;'><strong>#TXTBX ▭</strong> :: <strong>Email</strong> Value entered ⇒ <span style='color: #009;'>saurabh.yadav@test.com</span></div>
Clicked On :: Gender Male Radio
<div style='border: 1px solid #ddd; padding: 8px; margin: 5px 0; border-radius: 4px; background-color: #f7f7f7; display: inline-block;'><strong>#TXTBX ▭</strong> :: <strong>Full Name</strong> Value entered ⇒ <span style='color: #009;'>Amit Deshmukh</span></div>
<div style='border: 1px solid #ddd; padding: 8px; margin: 5px 0; border-radius: 4px; background-color: #f7f7f7; display: inline-block;'><strong>#TXTBX ▭</strong> :: <strong>Mobile Number</strong> Value entered ⇒ <span style='color: #009;'>9123456790</span></div>
<div style='border: 1px solid #ddd; padding: 8px; margin: 5px 0; border-radius: 4px; background-color: #f7f7f7; display: inline-block;'><strong>#TXTBX ▭</strong> :: <strong>Email</strong> Value entered ⇒ <span style='color: #009;'>amit.deshmukh@test.com</span></div>
⏳ Waiting for loader to disappear...
⏳ Verifying home page load...
<div style='border: 1px solid #ddd; padding: 8px; margin: 5px 0; border-radius: 4px; background-color: #f7f7f7; display: inline-block;'><strong>#TXTBX ▭</strong> :: <strong>Current Address</strong> Value entered ⇒ <span style='color: #009;'>Mumbai, Maharashtra</span></div>
<div style='border: 1px solid #ddd; padding: 8px; margin: 5px 0; border-radius: 4px; background-color: #f7f7f7; display: inline-block;'><strong>#TXTBX ▭</strong> :: <strong>Permanent Address</strong> Value entered ⇒ <span style='color: #009;'>Pune, Maharashtra</span></div>
<div style='border: 1px solid #ddd; padding: 8px; margin: 5px 0; border-radius: 4px; background-color: #f7f7f7; display: inline-block;'><strong>#BTN 📤</strong> :: <strong>Clicked On</strong> ⇒ <span style='color: #001dff;'>Submit Button</span></div>
✅ Updated AutomationTestingStatus for FormId 101017 to '[Automation Tester] TextBox Form Submitted Successfully at 01/06/2025 09:15:30 PM'
📋 Navigating to Home Page...
📋 Attempting to close modal popup (if present)...
⏳ Waiting for Home link to be clickable...
✅ Home link found: https://demoqa.com/
📋 Clicking on Home link...
Clicked On :: Date Picker - Date of Birth
#DATEPICKER 📅 :: Date of Birth :: Date successfully picked :: 1990-09-18
<div style='border: 1px solid #ddd; padding: 8px; margin: 5px 0; border-radius: 4px; background-color: #f7f7f7; display: inline-block;'><strong>#TXTBX ▭</strong> :: <strong>Subject</strong> Value entered ⇒ <span style='color: #009;'>Computer Science</span></div>
⏳ Waiting for loader to disappear...
⏳ Verifying home page load...
Click Sucessfully==Again Double Click==Hobby: Sports
<div style='border: 1px solid #ddd; padding: 8px; margin: 5px 0; border-radius: 4px; background-color: #f7f7f7; display: inline-block;'><strong>#FILEUP 🔼</strong> :: <strong>Profile Picture</strong> File Uploaded ⇒ <span style='color: #001dff;'>valdn01_07_2025_02_07_42.png</span></div>
<div style='border: 1px solid #ddd; padding: 8px; margin: 5px 0; border-radius: 4px; background-color: #f7f7f7; display: inline-block;'><strong>#TXTBX ▭</strong> :: <strong>Current Address</strong> Value entered ⇒ <span style='color: #009;'>Lucknow, Uttar Pradesh</span></div>
<div style='border: 1px solid #ddd; padding: 8px; margin: 5px 0; border-radius: 4px; background-color: #f7f7f7; display: inline-block;'><strong>#BTN 📤</strong> :: <strong>Clicked On</strong> ⇒ <span style='color: #001dff;'>Submit Button</span></div>
❌ Navigation to Home Page failed: Expected condition failed: waiting for url to contain "home". Current url: "https://demoqa.com/" (tried for 10 second(s) with 500 milliseconds interval)
Build info: version: '4.12.1', revision: '8e34639b11'
System info: os.name: 'Windows 11', os.arch: 'amd64', os.version: '10.0', java.version: '18.0.1.1'
Driver info: org.openqa.selenium.chrome.ChromeDriver
Capabilities {acceptInsecureCerts: false, browserName: chrome, browserVersion: 136.0.7103.114, chrome: {chromedriverVersion: 136.0.7103.113 (76fa3c17824..., userDataDir: C:\Users\HP\AppData\Local\T...}, fedcm:accounts: true, goog:chromeOptions: {debuggerAddress: localhost:53181}, networkConnectionEnabled: false, pageLoadStrategy: normal, platformName: windows, proxy: Proxy(), se:cdp: ws://localhost:53181/devtoo..., se:cdpVersion: 136.0.7103.114, setWindowRect: true, strictFileInteractability: false, timeouts: {implicit: 0, pageLoad: 300000, script: 30000}, unhandledPromptBehavior: dismiss and notify, webauthn:extension:credBlob: true, webauthn:extension:largeBlob: true, webauthn:extension:minPinLength: true, webauthn:extension:prf: true, webauthn:virtualAuthenticators: true}
Session ID: 35c9159c033971dcb76a9982a22a7c38
<h3 style="color:#132043;"><b> Iteration Number &#10781; :7</b></h4>
<div style='border: 1px solid #e0e0e0;padding: 8px 12px;margin: 8px 0;border-radius: 6px;background: linear-gradient(to right, #f8f9fa, #ffffff);box-shadow: 0 2px 4px rgba(0,0,0,0.05);display: inline-block;font-family: Arial, sans-serif;'><span style='font-weight: bold;color: #333;'>🌍 Browser Info:</span> <span style='color: #2c7be5;font-weight: 500;'><img src='data:image/svg+xml;base64,PHN2ZyB4bWxucz0iaHR0cDovL3d3dy53My5vcmcvMjAwMC9zdmciIHZpZXdCb3g9IjAgMCA0NDggNTEyIj48cGF0aCBmaWxsPSIjRkZDMTAyIiBkPSJNMjI0IDI1NmMwIDEyLjktNyAyNC40LTE3LjcgMjkuNkwxODcgMzA5LjljLTUuNCAzLTEyLjMgMy4xLTE3LjcuMS0xMC40LTUuOS0xNi43LTE2LjktMTYuNy0yOC42VjE5OGMwLTEyLjkgNy0yNC40IDE3LjctMjkuNkwxODcgMTQyLjFjNS40LTMgMTIuMy0zLjEgMTcuNy0uMSAxMC40IDUuOSAxNi43IDE2LjkgMTYuNyAyOC42djU4LjJ6Ii8+PHBhdGggZmlsbD0iIzRBNDlGNSIgZD0iTTIyNCAyNTZjMCAxMi45LTcgMjQuNC0xNy43IDI5LjZMMTg3IDMwOS45Yy01LjQgMy0xMi4zIDMuMS0xNy43LjEtMTAuNC01LjktMTYuNy0xNi45LTE2LjctMjguNlYxOThjMC0xMi45IDctMjQuNCAxNy43LTI5LjZMMTg3IDE0Mi4xYzUuNC0zIDEyLjMtMy4xIDE3LjctLjEgMTAuNCA1LjkgMTYuNyAxNi45IDE2LjcgMjguNnY1OC4yeiIvPjxwYXRoIGZpbGw9IiNGRkMxMDIiIGQ9Ik0yMjQgMjU2YzAgMTIuOS03IDI0LjQtMTcuNyAyOS42TDE4NyAzMDkuOWMtNS40IDMtMTIuMyAzLjEtMTcuNy4xLTEwLjQtNS45LTE2LjctMTYuOS0xNi43LTI4LjZWMTk4YzAtMTIuOSA3LTI0LjQgMTcuNy0yOS42TDE4NyAxNDIuMWM1LjQtMyAxMi4zLTMuMSAxNy43LS4xIDEwLjQgNS45IDE2LjcgMTYuOSAxNi43IDI4LjZ2NTguMnoiLz48cGF0aCBmaWxsPSIjRkZDMTAyIiBkPSJNMjI0IDI1NmMwIDEyLjktNyAyNC40LTE3LjcgMjkuNkwxODcgMzA5LjljLTUuNCAzLTEyLjMgMy4xLTE3LjcuMS0xMC40LTUuOS0xNi43LTE2LjktMTYuNy0yOC42VjE5OGMwLTEyLjkgNy0yNC40IDE3LjctMjkuNkwxODcgMTQyLjFjNS40LTMgMTIuMy0zLjEgMTcuNy0uMSAxMC40IDUuOSAxNi43IDE2LjkgMTYuNyAyOC42djU4LjJ6Ii8+PC9zdmc+' height='20' width='20' style='vertical-align: middle;' /> <span style='color: #4285F4;'>Google Chrome</span></span></div>
<div style="border: 1px solid #ddd; padding: 8px; margin: 5px 0; border-radius: 4px; background-color: #f7f7f7; display: inline-block;"><strong>💻 #System Info</strong> :: <strong>PC Name</strong> ⇒ <span style="color: #001dff;">ANKUSH1111</span> &nbsp;&nbsp;|&nbsp;&nbsp; <strong>User</strong> ⇒ <span style="color: #006400;">HP</span></div>
<font color =#18122B><b>Sceenshot Path::C:\Users\HP\Documents\Ahmedabad\ANKUSH_FRAMEWORK\ScreenShots\Validation\valdn01_15_2025_09_15_38.png</b></font>
<h4>Time :01/06/2025 09:15:39 PM</h4>
<br>
<img src="C:\Users\HP\Documents\Ahmedabad\ANKUSH_FRAMEWORK\ScreenShots\Validation\valdn01_15_2025_09_15_38.png" width="1000" height="500" ></img>
<br>
<br>
<div style="background-color:#ffeeba; border:2px solid #856404; border-radius:10px; padding:10px 15px; text-align:left; margin:10px 0; display:inline-block; color:#856404; box-shadow: 0px 4px 6px rgba(0, 0, 0, 0.2);"><p style='font-size:18px; margin:0;'><b>Skipped: Screenshot saved at: C:\Users\HP\Documents\Ahmedabad\ANKUSH_FRAMEWORK\ScreenShots\Validation\valdn01_15_2025_09_15_38.png</b></p></div>
<table><tr><th style='font-weight: normal;'>Student Name</th><th>Saurabh Yadav</th></tr><tr><th style='font-weight: normal;'>Student Email</th><th>saurabh.yadav@test.com</th></tr><tr><th style='font-weight: normal;'>Gender</th><th>Male</th></tr><tr><th style='font-weight: normal;'>Mobile</th><th>9123456790</th></tr><tr><th style='font-weight: normal;'>Date of Birth</th><th>18 September,1990</th></tr><tr><th style='font-weight: normal;'>Subjects</th><th>Computer Science</th></tr><tr><th style='font-weight: normal;'>Hobbies</th><th>Sports</th></tr><tr><th style='font-weight: normal;'>Picture</th><th>valdn01_07_2025_02_07_42.png</th></tr><tr><th style='font-weight: normal;'>Address</th><th>Lucknow, Uttar Pradesh</th></tr><tr><th style='font-weight: normal;'>State and City</th><th>NCR Noida</th></tr></table>
✅ Updated AutomationTestingStatus for FormId 101019 to '✅ [Automation Tester] Automation Testing Successfully Done and Form Successfully Submitted :: On Timestamp 01/06/2025 09:15:39 PM'
📋 Navigating to Home Page...
📋 Attempting to close modal popup (if present)...
⏳ Waiting for Home link to be clickable...
❌ Navigation to Home Page failed: Expected condition failed: waiting for url to contain "home". Current url: "https://demoqa.com/" (tried for 10 second(s) with 500 milliseconds interval)
Build info: version: '4.12.1', revision: '8e34639b11'
System info: os.name: 'Windows 11', os.arch: 'amd64', os.version: '10.0', java.version: '18.0.1.1'
Driver info: org.openqa.selenium.chrome.ChromeDriver
Capabilities {acceptInsecureCerts: false, browserName: chrome, browserVersion: 136.0.7103.114, chrome: {chromedriverVersion: 136.0.7103.113 (76fa3c17824..., userDataDir: C:\Users\HP\AppData\Local\T...}, fedcm:accounts: true, goog:chromeOptions: {debuggerAddress: localhost:63962}, networkConnectionEnabled: false, pageLoadStrategy: normal, platformName: windows, proxy: Proxy(), se:cdp: ws://localhost:63962/devtoo..., se:cdpVersion: 136.0.7103.114, setWindowRect: true, strictFileInteractability: false, timeouts: {implicit: 0, pageLoad: 300000, script: 30000}, unhandledPromptBehavior: dismiss and notify, webauthn:extension:credBlob: true, webauthn:extension:largeBlob: true, webauthn:extension:minPinLength: true, webauthn:extension:prf: true, webauthn:virtualAuthenticators: true}
Session ID: 40bb75698d2fe6383849b73a3523e5f4
<h3 style="color:#132043;"><b> Iteration Number &#10781; :13</b></h4>
<div style='border: 1px solid #e0e0e0;padding: 8px 12px;margin: 8px 0;border-radius: 6px;background: linear-gradient(to right, #f8f9fa, #ffffff);box-shadow: 0 2px 4px rgba(0,0,0,0.05);display: inline-block;font-family: Arial, sans-serif;'><span style='font-weight: bold;color: #333;'>🌍 Browser Info:</span> <span style='color: #2c7be5;font-weight: 500;'><img src='data:image/svg+xml;base64,PHN2ZyB4bWxucz0iaHR0cDovL3d3dy53My5vcmcvMjAwMC9zdmciIHZpZXdCb3g9IjAgMCA0NDggNTEyIj48cGF0aCBmaWxsPSIjRkZDMTAyIiBkPSJNMjI0IDI1NmMwIDEyLjktNyAyNC40LTE3LjcgMjkuNkwxODcgMzA5LjljLTUuNCAzLTEyLjMgMy4xLTE3LjcuMS0xMC40LTUuOS0xNi43LTE2LjktMTYuNy0yOC42VjE5OGMwLTEyLjkgNy0yNC40IDE3LjctMjkuNkwxODcgMTQyLjFjNS40LTMgMTIuMy0zLjEgMTcuNy0uMSAxMC40IDUuOSAxNi43IDE2LjkgMTYuNyAyOC42djU4LjJ6Ii8+PHBhdGggZmlsbD0iIzRBNDlGNSIgZD0iTTIyNCAyNTZjMCAxMi45LTcgMjQuNC0xNy43IDI5LjZMMTg3IDMwOS45Yy01LjQgMy0xMi4zIDMuMS0xNy43LjEtMTAuNC01LjktMTYuNy0xNi45LTE2LjctMjguNlYxOThjMC0xMi45IDctMjQuNCAxNy43LTI5LjZMMTg3IDE0Mi4xYzUuNC0zIDEyLjMtMy4xIDE3LjctLjEgMTAuNCA1LjkgMTYuNyAxNi45IDE2LjcgMjguNnY1OC4yeiIvPjxwYXRoIGZpbGw9IiNGRkMxMDIiIGQ9Ik0yMjQgMjU2YzAgMTIuOS03IDI0LjQtMTcuNyAyOS42TDE4NyAzMDkuOWMtNS40IDMtMTIuMyAzLjEtMTcuNy4xLTEwLjQtNS45LTE2LjctMTYuOS0xNi43LTI4LjZWMTk4YzAtMTIuOSA3LTI0LjQgMTcuNy0yOS42TDE4NyAxNDIuMWM1LjQtMyAxMi4zLTMuMSAxNy43LS4xIDEwLjQgNS45IDE2LjcgMTYuOSAxNi43IDI4LjZ2NTguMnoiLz48cGF0aCBmaWxsPSIjRkZDMTAyIiBkPSJNMjI0IDI1NmMwIDEyLjktNyAyNC40LTE3LjcgMjkuNkwxODcgMzA5LjljLTUuNCAzLTEyLjMgMy4xLTE3LjcuMS0xMC40LTUuOS0xNi43LTE2LjktMTYuNy0yOC42VjE5OGMwLTEyLjkgNy0yNC40IDE3LjctMjkuNkwxODcgMTQyLjFjNS40LTMgMTIuMy0zLjEgMTcuNy0uMSAxMC40IDUuOSAxNi43IDE2LjkgMTYuNyAyOC42djU4LjJ6Ii8+PC9zdmc+' height='20' width='20' style='vertical-align: middle;' /> <span style='color: #4285F4;'>Google Chrome</span></span></div>
<div style="border: 1px solid #ddd; padding: 8px; margin: 5px 0; border-radius: 4px; background-color: #f7f7f7; display: inline-block;"><strong>💻 #System Info</strong> :: <strong>PC Name</strong> ⇒ <span style="color: #001dff;">ANKUSH1111</span> &nbsp;&nbsp;|&nbsp;&nbsp; <strong>User</strong> ⇒ <span style="color: #006400;">HP</span></div>
<div style='border: 1px solid #ddd; padding: 8px; margin: 5px 0; border-radius: 4px; background-color: #f7f7f7; display: inline-block;'><strong>#TXTBX ▭</strong> :: <strong>Full Name</strong> Value entered ⇒ <span style='color: #009;'>Amit Deshmukh</span></div>
<div style='border: 1px solid #ddd; padding: 8px; margin: 5px 0; border-radius: 4px; background-color: #f7f7f7; display: inline-block;'><strong>#TXTBX ▭</strong> :: <strong>Email</strong> Value entered ⇒ <span style='color: #009;'>amit.deshmukh@test.com</span></div>
❌ Navigation to Home Page failed: Expected condition failed: waiting for element to be clickable: By.xpath: //a[contains(@href,'https://demoqa.com')] (tried for 2 second(s) with 500 milliseconds interval)
Build info: version: '4.12.1', revision: '8e34639b11'
System info: os.name: 'Windows 11', os.arch: 'amd64', os.version: '10.0', java.version: '18.0.1.1'
Driver info: org.openqa.selenium.chrome.ChromeDriver
Capabilities {acceptInsecureCerts: false, browserName: chrome, browserVersion: 136.0.7103.114, chrome: {chromedriverVersion: 136.0.7103.113 (76fa3c17824..., userDataDir: C:\Users\HP\AppData\Local\T...}, fedcm:accounts: true, goog:chromeOptions: {debuggerAddress: localhost:63960}, networkConnectionEnabled: false, pageLoadStrategy: normal, platformName: windows, proxy: Proxy(), se:cdp: ws://localhost:63960/devtoo..., se:cdpVersion: 136.0.7103.114, setWindowRect: true, strictFileInteractability: false, timeouts: {implicit: 0, pageLoad: 300000, script: 30000}, unhandledPromptBehavior: dismiss and notify, webauthn:extension:credBlob: true, webauthn:extension:largeBlob: true, webauthn:extension:minPinLength: true, webauthn:extension:prf: true, webauthn:virtualAuthenticators: true}
Session ID: b22de8f484a725a99fe9529a98a50781
<div style='border: 1px solid #ddd; padding: 8px; margin: 5px 0; border-radius: 4px; background-color: #f7f7f7; display: inline-block;'><strong>#TXTBX ▭</strong> :: <strong>Current Address</strong> Value entered ⇒ <span style='color: #009;'>Mumbai, Maharashtra</span></div>
<div style="background-color:#ffeeba; border:2px solid #856404; border-radius:10px; padding:10px 15px; text-align:left; margin:10px 0; display:inline-block; color:#856404; box-shadow: 0px 4px 6px rgba(0, 0, 0, 0.2);"><p style='font-size:18px; margin:0;'><b>Skipped: 🔐 Admin Connection URL: jdbc:sqlserver://localhost:1433;database=QADEMO;integratedSecurity=true;encrypt=false;trustServerCertificate=true;loginTimeout=30;</b></p></div>
<div style="background-color:#ffeeba; border:2px solid #856404; border-radius:10px; padding:10px 15px; text-align:left; margin:10px 0; display:inline-block; color:#856404; box-shadow: 0px 4px 6px rgba(0, 0, 0, 0.2);"><p style='font-size:18px; margin:0;'><b>Skipped: 🔐 Company Connection URL: jdbc:sqlserver://localhost:1433;database=QADEMO;integratedSecurity=true;encrypt=false;trustServerCertificate=true;loginTimeout=30;</b></p></div>
<div style='border: 1px solid #ddd; padding: 8px; margin: 5px 0; border-radius: 4px; background-color: #f7f7f7; display: inline-block;'><strong>#TXTBX ▭</strong> :: <strong>Full Name</strong> Value entered ⇒ <span style='color: #009;'>Rohan Joshi</span></div>
<div style='border: 1px solid #ddd; padding: 8px; margin: 5px 0; border-radius: 4px; background-color: #f7f7f7; display: inline-block;'><strong>#TXTBX ▭</strong> :: <strong>Permanent Address</strong> Value entered ⇒ <span style='color: #009;'>Pune, Maharashtra</span></div>
<div style='border: 1px solid #e0e0e0;padding: 8px 12px;margin: 8px 0;border-radius: 6px;background: linear-gradient(to right, #f8f9fa, #ffffff);box-shadow: 0 2px 4px rgba(0,0,0,0.05);display: inline-block;font-family: Arial, sans-serif;'><span style='font-weight: bold;color: #333;'>🌍 Browser Info:</span> <span style='color: #2c7be5;font-weight: 500;'><img src='data:image/svg+xml;base64,PHN2ZyB4bWxucz0iaHR0cDovL3d3dy53My5vcmcvMjAwMC9zdmciIHZpZXdCb3g9IjAgMCA0NDggNTEyIj48cGF0aCBmaWxsPSIjRkZDMTAyIiBkPSJNMjI0IDI1NmMwIDEyLjktNyAyNC40LTE3LjcgMjkuNkwxODcgMzA5LjljLTUuNCAzLTEyLjMgMy4xLTE3LjcuMS0xMC40LTUuOS0xNi43LTE2LjktMTYuNy0yOC42VjE5OGMwLTEyLjkgNy0yNC40IDE3LjctMjkuNkwxODcgMTQyLjFjNS40LTMgMTIuMy0zLjEgMTcuNy0uMSAxMC40IDUuOSAxNi43IDE2LjkgMTYuNyAyOC42djU4LjJ6Ii8+PHBhdGggZmlsbD0iIzRBNDlGNSIgZD0iTTIyNCAyNTZjMCAxMi45LTcgMjQuNC0xNy43IDI5LjZMMTg3IDMwOS45Yy01LjQgMy0xMi4zIDMuMS0xNy43LjEtMTAuNC01LjktMTYuNy0xNi45LTE2LjctMjguNlYxOThjMC0xMi45IDctMjQuNCAxNy43LTI5LjZMMTg3IDE0Mi4xYzUuNC0zIDEyLjMtMy4xIDE3LjctLjEgMTAuNCA1LjkgMTYuNyAxNi45IDE2LjcgMjguNnY1OC4yeiIvPjxwYXRoIGZpbGw9IiNGRkMxMDIiIGQ9Ik0yMjQgMjU2YzAgMTIuOS03IDI0LjQtMTcuNyAyOS42TDE4NyAzMDkuOWMtNS40IDMtMTIuMyAzLjEtMTcuNy4xLTEwLjQtNS45LTE2LjctMTYuOS0xNi43LTI4LjZWMTk4YzAtMTIuOSA3LTI0LjQgMTcuNy0yOS42TDE4NyAxNDIuMWM1LjQtMyAxMi4zLTMuMSAxNy43LS4xIDEwLjQgNS45IDE2LjcgMTYuOSAxNi43IDI4LjZ2NTguMnoiLz48cGF0aCBmaWxsPSIjRkZDMTAyIiBkPSJNMjI0IDI1NmMwIDEyLjktNyAyNC40LTE3LjcgMjkuNkwxODcgMzA5LjljLTUuNCAzLTEyLjMgMy4xLTE3LjcuMS0xMC40LTUuOS0xNi43LTE2LjktMTYuNy0yOC42VjE5OGMwLTEyLjkgNy0yNC40IDE3LjctMjkuNkwxODcgMTQyLjFjNS40LTMgMTIuMy0zLjEgMTcuNy0uMSAxMC40IDUuOSAxNi43IDE2LjkgMTYuNyAyOC42djU4LjJ6Ii8+PC9zdmc+' height='20' width='20' style='vertical-align: middle;' /> <span style='color: #4285F4;'>Google Chrome</span></span></div>
<div style="border: 1px solid #ddd; padding: 8px; margin: 5px 0; border-radius: 4px; background-color: #f7f7f7; display: inline-block;"><strong>💻 #System Info</strong> :: <strong>PC Name</strong> ⇒ <span style="color: #001dff;">ANKUSH1111</span> &nbsp;&nbsp;|&nbsp;&nbsp; <strong>User</strong> ⇒ <span style="color: #006400;">HP</span></div>
<div style='border: 1px solid #ddd; padding: 8px; margin: 5px 0; border-radius: 4px; background-color: #f7f7f7; display: inline-block;'><strong>#TXTBX ▭</strong> :: <strong>Email</strong> Value entered ⇒ <span style='color: #009;'>rohan.joshi@test.com</span></div>
<div style='border: 1px solid #ddd; padding: 8px; margin: 5px 0; border-radius: 4px; background-color: #f7f7f7; display: inline-block;'><strong>#BTN 📤</strong> :: <strong>Clicked On</strong> ⇒ <span style='color: #001dff;'>Submit Button</span></div>
<div style='border: 1px solid #ddd; padding: 8px; margin: 5px 0; border-radius: 4px; background-color: #f7f7f7; display: inline-block;'><strong>#TXTBX ▭</strong> :: <strong>Current Address</strong> Value entered ⇒ <span style='color: #009;'>Nagpur, Maharashtra</span></div>
📋 Navigating to Home Page...
📋 Attempting to close modal popup (if present)...
⏳ Waiting for Home link to be clickable...
✅ Home link found: https://demoqa.com/
📋 Clicking on Home link...
<div style='border: 1px solid #ddd; padding: 8px; margin: 5px 0; border-radius: 4px; background-color: #f7f7f7; display: inline-block;'><strong>#TXTBX ▭</strong> :: <strong>Permanent Address</strong> Value entered ⇒ <span style='color: #009;'>Akola, Maharashtra</span></div>
<div style='border: 1px solid #ddd; padding: 8px; margin: 5px 0; border-radius: 4px; background-color: #f7f7f7; display: inline-block;'><strong>#BTN 📤</strong> :: <strong>Clicked On</strong> ⇒ <span style='color: #001dff;'>Submit Button</span></div>
❌ Navigation to Home Page failed: Expected condition failed: waiting for url to contain "home". Current url: "https://demoqa.com/" (tried for 10 second(s) with 500 milliseconds interval)
Build info: version: '4.12.1', revision: '8e34639b11'
System info: os.name: 'Windows 11', os.arch: 'amd64', os.version: '10.0', java.version: '18.0.1.1'
Driver info: org.openqa.selenium.chrome.ChromeDriver
Capabilities {acceptInsecureCerts: false, browserName: chrome, browserVersion: 136.0.7103.114, chrome: {chromedriverVersion: 136.0.7103.113 (76fa3c17824..., userDataDir: C:\Users\HP\AppData\Local\T...}, fedcm:accounts: true, goog:chromeOptions: {debuggerAddress: localhost:63963}, networkConnectionEnabled: false, pageLoadStrategy: normal, platformName: windows, proxy: Proxy(), se:cdp: ws://localhost:63963/devtoo..., se:cdpVersion: 136.0.7103.114, setWindowRect: true, strictFileInteractability: false, timeouts: {implicit: 0, pageLoad: 300000, script: 30000}, unhandledPromptBehavior: dismiss and notify, webauthn:extension:credBlob: true, webauthn:extension:largeBlob: true, webauthn:extension:minPinLength: true, webauthn:extension:prf: true, webauthn:virtualAuthenticators: true}
Session ID: 2d878eeb16294432cfaadd75059ef6bf
<div style="background-color:#ffeeba; border:2px solid #856404; border-radius:10px; padding:10px 15px; text-align:left; margin:10px 0; display:inline-block; color:#856404; box-shadow: 0px 4px 6px rgba(0, 0, 0, 0.2);"><p style='font-size:18px; margin:0;'><b>Skipped: 🔐 Admin Connection URL: jdbc:sqlserver://localhost:1433;database=QADEMO;integratedSecurity=true;encrypt=false;trustServerCertificate=true;loginTimeout=30;</b></p></div>
<div style="background-color:#ffeeba; border:2px solid #856404; border-radius:10px; padding:10px 15px; text-align:left; margin:10px 0; display:inline-block; color:#856404; box-shadow: 0px 4px 6px rgba(0, 0, 0, 0.2);"><p style='font-size:18px; margin:0;'><b>Skipped: 🔐 Company Connection URL: jdbc:sqlserver://localhost:1433;database=QADEMO;integratedSecurity=true;encrypt=false;trustServerCertificate=true;loginTimeout=30;</b></p></div>
📋 Navigating to Home Page...
📋 Attempting to close modal popup (if present)...
⏳ Waiting for Home link to be clickable...
✅ Home link found: https://demoqa.com/
📋 Clicking on Home link...
<div style='border: 1px solid #e0e0e0;padding: 8px 12px;margin: 8px 0;border-radius: 6px;background: linear-gradient(to right, #f8f9fa, #ffffff);box-shadow: 0 2px 4px rgba(0,0,0,0.05);display: inline-block;font-family: Arial, sans-serif;'><span style='font-weight: bold;color: #333;'>🌍 Browser Info:</span> <span style='color: #2c7be5;font-weight: 500;'><img src='data:image/svg+xml;base64,PHN2ZyB4bWxucz0iaHR0cDovL3d3dy53My5vcmcvMjAwMC9zdmciIHZpZXdCb3g9IjAgMCA0NDggNTEyIj48cGF0aCBmaWxsPSIjRkZDMTAyIiBkPSJNMjI0IDI1NmMwIDEyLjktNyAyNC40LTE3LjcgMjkuNkwxODcgMzA5LjljLTUuNCAzLTEyLjMgMy4xLTE3LjcuMS0xMC40LTUuOS0xNi43LTE2LjktMTYuNy0yOC42VjE5OGMwLTEyLjkgNy0yNC40IDE3LjctMjkuNkwxODcgMTQyLjFjNS40LTMgMTIuMy0zLjEgMTcuNy0uMSAxMC40IDUuOSAxNi43IDE2LjkgMTYuNyAyOC42djU4LjJ6Ii8+PHBhdGggZmlsbD0iIzRBNDlGNSIgZD0iTTIyNCAyNTZjMCAxMi45LTcgMjQuNC0xNy43IDI5LjZMMTg3IDMwOS45Yy01LjQgMy0xMi4zIDMuMS0xNy43LjEtMTAuNC01LjktMTYuNy0xNi45LTE2LjctMjguNlYxOThjMC0xMi45IDctMjQuNCAxNy43LTI5LjZMMTg3IDE0Mi4xYzUuNC0zIDEyLjMtMy4xIDE3LjctLjEgMTAuNCA1LjkgMTYuNyAxNi45IDE2LjcgMjguNnY1OC4yeiIvPjxwYXRoIGZpbGw9IiNGRkMxMDIiIGQ9Ik0yMjQgMjU2YzAgMTIuOS03IDI0LjQtMTcuNyAyOS42TDE4NyAzMDkuOWMtNS40IDMtMTIuMyAzLjEtMTcuNy4xLTEwLjQtNS45LTE2LjctMTYuOS0xNi43LTI4LjZWMTk4YzAtMTIuOSA3LTI0LjQgMTcuNy0yOS42TDE4NyAxNDIuMWM1LjQtMyAxMi4zLTMuMSAxNy43LS4xIDEwLjQgNS45IDE2LjcgMTYuOSAxNi43IDI4LjZ2NTguMnoiLz48cGF0aCBmaWxsPSIjRkZDMTAyIiBkPSJNMjI0IDI1NmMwIDEyLjktNyAyNC40LTE3LjcgMjkuNkwxODcgMzA5LjljLTUuNCAzLTEyLjMgMy4xLTE3LjcuMS0xMC40LTUuOS0xNi43LTE2LjktMTYuNy0yOC42VjE5OGMwLTEyLjkgNy0yNC40IDE3LjctMjkuNkwxODcgMTQyLjFjNS40LTMgMTIuMy0zLjEgMTcuNy0uMSAxMC40IDUuOSAxNi43IDE2LjkgMTYuNyAyOC42djU4LjJ6Ii8+PC9zdmc+' height='20' width='20' style='vertical-align: middle;' /> <span style='color: #4285F4;'>Google Chrome</span></span></div>
<div style="border: 1px solid #ddd; padding: 8px; margin: 5px 0; border-radius: 4px; background-color: #f7f7f7; display: inline-block;"><strong>💻 #System Info</strong> :: <strong>PC Name</strong> ⇒ <span style="color: #001dff;">ANKUSH1111</span> &nbsp;&nbsp;|&nbsp;&nbsp; <strong>User</strong> ⇒ <span style="color: #006400;">HP</span></div>
⏳ Waiting for loader to disappear...
⏳ Verifying home page load...
<div style='border: 1px solid #ddd; padding: 8px; margin: 5px 0; border-radius: 4px; background-color: #f7f7f7; display: inline-block;'><strong>#TXTBX ▭</strong> :: <strong>First Name</strong> Value entered ⇒ <span style='color: #009;'>Neha</span></div>
<div style='border: 1px solid #ddd; padding: 8px; margin: 5px 0; border-radius: 4px; background-color: #f7f7f7; display: inline-block;'><strong>#TXTBX ▭</strong> :: <strong>Last Name</strong> Value entered ⇒ <span style='color: #009;'>Kulkarni</span></div>
<div style='border: 1px solid #ddd; padding: 8px; margin: 5px 0; border-radius: 4px; background-color: #f7f7f7; display: inline-block;'><strong>#TXTBX ▭</strong> :: <strong>Email</strong> Value entered ⇒ <span style='color: #009;'>neha.kulkarni@test.com</span></div>
<div style='border: 1px solid #ddd; padding: 8px; margin: 5px 0; border-radius: 4px; background-color: #f7f7f7; display: inline-block;'><strong>#TXTBX ▭</strong> :: <strong>Full Name</strong> Value entered ⇒ <span style='color: #009;'>Anjali Rao</span></div>
Clicked On :: Gender Female Radio
⏳ Waiting for loader to disappear...
⏳ Verifying home page load...
<div style='border: 1px solid #ddd; padding: 8px; margin: 5px 0; border-radius: 4px; background-color: #f7f7f7; display: inline-block;'><strong>#TXTBX ▭</strong> :: <strong>Email</strong> Value entered ⇒ <span style='color: #009;'>anjali.rao@test.com</span></div>
<div style='border: 1px solid #ddd; padding: 8px; margin: 5px 0; border-radius: 4px; background-color: #f7f7f7; display: inline-block;'><strong>#TXTBX ▭</strong> :: <strong>Mobile Number</strong> Value entered ⇒ <span style='color: #009;'>9876543212</span></div>
<div style='border: 1px solid #ddd; padding: 8px; margin: 5px 0; border-radius: 4px; background-color: #f7f7f7; display: inline-block;'><strong>#TXTBX ▭</strong> :: <strong>Current Address</strong> Value entered ⇒ <span style='color: #009;'>Hyderabad, Telangana</span></div>
<div style='border: 1px solid #ddd; padding: 8px; margin: 5px 0; border-radius: 4px; background-color: #f7f7f7; display: inline-block;'><strong>#TXTBX ▭</strong> :: <strong>Permanent Address</strong> Value entered ⇒ <span style='color: #009;'>Warangal, Telangana</span></div>
<div style='border: 1px solid #ddd; padding: 8px; margin: 5px 0; border-radius: 4px; background-color: #f7f7f7; display: inline-block;'><strong>#BTN 📤</strong> :: <strong>Clicked On</strong> ⇒ <span style='color: #001dff;'>Submit Button</span></div>
✅ Updated AutomationTestingStatus for FormId 101018 to '[Automation Tester] TextBox Form Submitted Successfully at 01/06/2025 09:15:47 PM'
📋 Navigating to Home Page...
📋 Attempting to close modal popup (if present)...
⏳ Waiting for Home link to be clickable...
✅ Home link found: https://demoqa.com/
📋 Clicking on Home link...
⏳ Waiting for loader to disappear...
⏳ Verifying home page load...
Clicked On :: Date Picker - Date of Birth
#DATEPICKER 📅 :: Date of Birth :: Date successfully picked :: 1992-10-22
<div style='border: 1px solid #ddd; padding: 8px; margin: 5px 0; border-radius: 4px; background-color: #f7f7f7; display: inline-block;'><strong>#TXTBX ▭</strong> :: <strong>Subject</strong> Value entered ⇒ <span style='color: #009;'>Art</span></div>
❌ Navigation to Home Page failed: Expected condition failed: waiting for url to contain "home". Current url: "https://demoqa.com/" (tried for 10 second(s) with 500 milliseconds interval)
Build info: version: '4.12.1', revision: '8e34639b11'
System info: os.name: 'Windows 11', os.arch: 'amd64', os.version: '10.0', java.version: '18.0.1.1'
Driver info: org.openqa.selenium.chrome.ChromeDriver
Capabilities {acceptInsecureCerts: false, browserName: chrome, browserVersion: 136.0.7103.114, chrome: {chromedriverVersion: 136.0.7103.113 (76fa3c17824..., userDataDir: C:\Users\HP\AppData\Local\T...}, fedcm:accounts: true, goog:chromeOptions: {debuggerAddress: localhost:53181}, networkConnectionEnabled: false, pageLoadStrategy: normal, platformName: windows, proxy: Proxy(), se:cdp: ws://localhost:53181/devtoo..., se:cdpVersion: 136.0.7103.114, setWindowRect: true, strictFileInteractability: false, timeouts: {implicit: 0, pageLoad: 300000, script: 30000}, unhandledPromptBehavior: dismiss and notify, webauthn:extension:credBlob: true, webauthn:extension:largeBlob: true, webauthn:extension:minPinLength: true, webauthn:extension:prf: true, webauthn:virtualAuthenticators: true}
Session ID: 35c9159c033971dcb76a9982a22a7c38
<h3 style="color:#132043;"><b> Iteration Number &#10781; :8</b></h4>
<div style='border: 1px solid #e0e0e0;padding: 8px 12px;margin: 8px 0;border-radius: 6px;background: linear-gradient(to right, #f8f9fa, #ffffff);box-shadow: 0 2px 4px rgba(0,0,0,0.05);display: inline-block;font-family: Arial, sans-serif;'><span style='font-weight: bold;color: #333;'>🌍 Browser Info:</span> <span style='color: #2c7be5;font-weight: 500;'><img src='data:image/svg+xml;base64,PHN2ZyB4bWxucz0iaHR0cDovL3d3dy53My5vcmcvMjAwMC9zdmciIHZpZXdCb3g9IjAgMCA0NDggNTEyIj48cGF0aCBmaWxsPSIjRkZDMTAyIiBkPSJNMjI0IDI1NmMwIDEyLjktNyAyNC40LTE3LjcgMjkuNkwxODcgMzA5LjljLTUuNCAzLTEyLjMgMy4xLTE3LjcuMS0xMC40LTUuOS0xNi43LTE2LjktMTYuNy0yOC42VjE5OGMwLTEyLjkgNy0yNC40IDE3LjctMjkuNkwxODcgMTQyLjFjNS40LTMgMTIuMy0zLjEgMTcuNy0uMSAxMC40IDUuOSAxNi43IDE2LjkgMTYuNyAyOC42djU4LjJ6Ii8+PHBhdGggZmlsbD0iIzRBNDlGNSIgZD0iTTIyNCAyNTZjMCAxMi45LTcgMjQuNC0xNy43IDI5LjZMMTg3IDMwOS45Yy01LjQgMy0xMi4zIDMuMS0xNy43LjEtMTAuNC01LjktMTYuNy0xNi45LTE2LjctMjguNlYxOThjMC0xMi45IDctMjQuNCAxNy43LTI5LjZMMTg3IDE0Mi4xYzUuNC0zIDEyLjMtMy4xIDE3LjctLjEgMTAuNCA1LjkgMTYuNyAxNi45IDE2LjcgMjguNnY1OC4yeiIvPjxwYXRoIGZpbGw9IiNGRkMxMDIiIGQ9Ik0yMjQgMjU2YzAgMTIuOS03IDI0LjQtMTcuNyAyOS42TDE4NyAzMDkuOWMtNS40IDMtMTIuMyAzLjEtMTcuNy4xLTEwLjQtNS45LTE2LjctMTYuOS0xNi43LTI4LjZWMTk4YzAtMTIuOSA3LTI0LjQgMTcuNy0yOS42TDE4NyAxNDIuMWM1LjQtMyAxMi4zLTMuMSAxNy43LS4xIDEwLjQgNS45IDE2LjcgMTYuOSAxNi43IDI4LjZ2NTguMnoiLz48cGF0aCBmaWxsPSIjRkZDMTAyIiBkPSJNMjI0IDI1NmMwIDEyLjktNyAyNC40LTE3LjcgMjkuNkwxODcgMzA5LjljLTUuNCAzLTEyLjMgMy4xLTE3LjcuMS0xMC40LTUuOS0xNi43LTE2LjktMTYuNy0yOC42VjE5OGMwLTEyLjkgNy0yNC40IDE3LjctMjkuNkwxODcgMTQyLjFjNS40LTMgMTIuMy0zLjEgMTcuNy0uMSAxMC40IDUuOSAxNi43IDE2LjkgMTYuNyAyOC42djU4LjJ6Ii8+PC9zdmc+' height='20' width='20' style='vertical-align: middle;' /> <span style='color: #4285F4;'>Google Chrome</span></span></div>
<div style="border: 1px solid #ddd; padding: 8px; margin: 5px 0; border-radius: 4px; background-color: #f7f7f7; display: inline-block;"><strong>💻 #System Info</strong> :: <strong>PC Name</strong> ⇒ <span style="color: #001dff;">ANKUSH1111</span> &nbsp;&nbsp;|&nbsp;&nbsp; <strong>User</strong> ⇒ <span style="color: #006400;">HP</span></div>
Click Sucessfully==Again Double Click==Hobby: Music
<div style='border: 1px solid #ddd; padding: 8px; margin: 5px 0; border-radius: 4px; background-color: #f7f7f7; display: inline-block;'><strong>#FILEUP 🔼</strong> :: <strong>Profile Picture</strong> File Uploaded ⇒ <span style='color: #001dff;'>valdn01_07_2025_02_07_42.png</span></div>
<div style='border: 1px solid #ddd; padding: 8px; margin: 5px 0; border-radius: 4px; background-color: #f7f7f7; display: inline-block;'><strong>#TXTBX ▭</strong> :: <strong>Current Address</strong> Value entered ⇒ <span style='color: #009;'>Satara, Maharashtra</span></div>
<div style='border: 1px solid #ddd; padding: 8px; margin: 5px 0; border-radius: 4px; background-color: #f7f7f7; display: inline-block;'><strong>#TXTBX ▭</strong> :: <strong>Full Name</strong> Value entered ⇒ <span style='color: #009;'>Anjali Rao</span></div>
<div style='border: 1px solid #ddd; padding: 8px; margin: 5px 0; border-radius: 4px; background-color: #f7f7f7; display: inline-block;'><strong>#TXTBX ▭</strong> :: <strong>Email</strong> Value entered ⇒ <span style='color: #009;'>anjali.rao@test.com</span></div>
<div style='border: 1px solid #ddd; padding: 8px; margin: 5px 0; border-radius: 4px; background-color: #f7f7f7; display: inline-block;'><strong>#TXTBX ▭</strong> :: <strong>Current Address</strong> Value entered ⇒ <span style='color: #009;'>Hyderabad, Telangana</span></div>
<div style='border: 1px solid #ddd; padding: 8px; margin: 5px 0; border-radius: 4px; background-color: #f7f7f7; display: inline-block;'><strong>#TXTBX ▭</strong> :: <strong>Permanent Address</strong> Value entered ⇒ <span style='color: #009;'>Warangal, Telangana</span></div>
❌ Navigation to Home Page failed: Expected condition failed: waiting for url to contain "home". Current url: "https://demoqa.com/" (tried for 10 second(s) with 500 milliseconds interval)
Build info: version: '4.12.1', revision: '8e34639b11'
System info: os.name: 'Windows 11', os.arch: 'amd64', os.version: '10.0', java.version: '18.0.1.1'
Driver info: org.openqa.selenium.chrome.ChromeDriver
Capabilities {acceptInsecureCerts: false, browserName: chrome, browserVersion: 136.0.7103.114, chrome: {chromedriverVersion: 136.0.7103.113 (76fa3c17824..., userDataDir: C:\Users\HP\AppData\Local\T...}, fedcm:accounts: true, goog:chromeOptions: {debuggerAddress: localhost:63962}, networkConnectionEnabled: false, pageLoadStrategy: normal, platformName: windows, proxy: Proxy(), se:cdp: ws://localhost:63962/devtoo..., se:cdpVersion: 136.0.7103.114, setWindowRect: true, strictFileInteractability: false, timeouts: {implicit: 0, pageLoad: 300000, script: 30000}, unhandledPromptBehavior: dismiss and notify, webauthn:extension:credBlob: true, webauthn:extension:largeBlob: true, webauthn:extension:minPinLength: true, webauthn:extension:prf: true, webauthn:virtualAuthenticators: true}
Session ID: 40bb75698d2fe6383849b73a3523e5f4
<h3 style="color:#132043;"><b> Iteration Number &#10781; :14</b></h4>
<div style='border: 1px solid #e0e0e0;padding: 8px 12px;margin: 8px 0;border-radius: 6px;background: linear-gradient(to right, #f8f9fa, #ffffff);box-shadow: 0 2px 4px rgba(0,0,0,0.05);display: inline-block;font-family: Arial, sans-serif;'><span style='font-weight: bold;color: #333;'>🌍 Browser Info:</span> <span style='color: #2c7be5;font-weight: 500;'><img src='data:image/svg+xml;base64,PHN2ZyB4bWxucz0iaHR0cDovL3d3dy53My5vcmcvMjAwMC9zdmciIHZpZXdCb3g9IjAgMCA0NDggNTEyIj48cGF0aCBmaWxsPSIjRkZDMTAyIiBkPSJNMjI0IDI1NmMwIDEyLjktNyAyNC40LTE3LjcgMjkuNkwxODcgMzA5LjljLTUuNCAzLTEyLjMgMy4xLTE3LjcuMS0xMC40LTUuOS0xNi43LTE2LjktMTYuNy0yOC42VjE5OGMwLTEyLjkgNy0yNC40IDE3LjctMjkuNkwxODcgMTQyLjFjNS40LTMgMTIuMy0zLjEgMTcuNy0uMSAxMC40IDUuOSAxNi43IDE2LjkgMTYuNyAyOC42djU4LjJ6Ii8+PHBhdGggZmlsbD0iIzRBNDlGNSIgZD0iTTIyNCAyNTZjMCAxMi45LTcgMjQuNC0xNy43IDI5LjZMMTg3IDMwOS45Yy01LjQgMy0xMi4zIDMuMS0xNy43LjEtMTAuNC01LjktMTYuNy0xNi45LTE2LjctMjguNlYxOThjMC0xMi45IDctMjQuNCAxNy43LTI5LjZMMTg3IDE0Mi4xYzUuNC0zIDEyLjMtMy4xIDE3LjctLjEgMTAuNCA1LjkgMTYuNyAxNi45IDE2LjcgMjguNnY1OC4yeiIvPjxwYXRoIGZpbGw9IiNGRkMxMDIiIGQ9Ik0yMjQgMjU2YzAgMTIuOS03IDI0LjQtMTcuNyAyOS42TDE4NyAzMDkuOWMtNS40IDMtMTIuMyAzLjEtMTcuNy4xLTEwLjQtNS45LTE2LjctMTYuOS0xNi43LTI4LjZWMTk4YzAtMTIuOSA3LTI0LjQgMTcuNy0yOS42TDE4NyAxNDIuMWM1LjQtMyAxMi4zLTMuMSAxNy43LS4xIDEwLjQgNS45IDE2LjcgMTYuOSAxNi43IDI4LjZ2NTguMnoiLz48cGF0aCBmaWxsPSIjRkZDMTAyIiBkPSJNMjI0IDI1NmMwIDEyLjktNyAyNC40LTE3LjcgMjkuNkwxODcgMzA5LjljLTUuNCAzLTEyLjMgMy4xLTE3LjcuMS0xMC40LTUuOS0xNi43LTE2LjktMTYuNy0yOC42VjE5OGMwLTEyLjkgNy0yNC40IDE3LjctMjkuNkwxODcgMTQyLjFjNS40LTMgMTIuMy0zLjEgMTcuNy0uMSAxMC40IDUuOSAxNi43IDE2LjkgMTYuNyAyOC42djU4LjJ6Ii8+PC9zdmc+' height='20' width='20' style='vertical-align: middle;' /> <span style='color: #4285F4;'>Google Chrome</span></span></div>
<div style="border: 1px solid #ddd; padding: 8px; margin: 5px 0; border-radius: 4px; background-color: #f7f7f7; display: inline-block;"><strong>💻 #System Info</strong> :: <strong>PC Name</strong> ⇒ <span style="color: #001dff;">ANKUSH1111</span> &nbsp;&nbsp;|&nbsp;&nbsp; <strong>User</strong> ⇒ <span style="color: #006400;">HP</span></div>
<div style='border: 1px solid #ddd; padding: 8px; margin: 5px 0; border-radius: 4px; background-color: #f7f7f7; display: inline-block;'><strong>#BTN 📤</strong> :: <strong>Clicked On</strong> ⇒ <span style='color: #001dff;'>Submit Button</span></div>
📋 Navigating to Home Page...
📋 Attempting to close modal popup (if present)...
⏳ Waiting for Home link to be clickable...
✅ Home link found: https://demoqa.com/
📋 Clicking on Home link...
⏳ Waiting for loader to disappear...
⏳ Verifying home page load...
<div style='border: 1px solid #ddd; padding: 8px; margin: 5px 0; border-radius: 4px; background-color: #f7f7f7; display: inline-block;'><strong>#TXTBX ▭</strong> :: <strong>Full Name</strong> Value entered ⇒ <span style='color: #009;'>Meena Rathi</span></div>
<div style='border: 1px solid #ddd; padding: 8px; margin: 5px 0; border-radius: 4px; background-color: #f7f7f7; display: inline-block;'><strong>#TXTBX ▭</strong> :: <strong>Email</strong> Value entered ⇒ <span style='color: #009;'>meena.rathi@test.com</span></div>
<div style='border: 1px solid #ddd; padding: 8px; margin: 5px 0; border-radius: 4px; background-color: #f7f7f7; display: inline-block;'><strong>#TXTBX ▭</strong> :: <strong>Current Address</strong> Value entered ⇒ <span style='color: #009;'>Surat, Gujarat</span></div>
❌ Navigation to Home Page failed: Expected condition failed: waiting for url to contain "home". Current url: "https://demoqa.com/" (tried for 10 second(s) with 500 milliseconds interval)
Build info: version: '4.12.1', revision: '8e34639b11'
System info: os.name: 'Windows 11', os.arch: 'amd64', os.version: '10.0', java.version: '18.0.1.1'
Driver info: org.openqa.selenium.chrome.ChromeDriver
Capabilities {acceptInsecureCerts: false, browserName: chrome, browserVersion: 136.0.7103.114, chrome: {chromedriverVersion: 136.0.7103.113 (76fa3c17824..., userDataDir: C:\Users\HP\AppData\Local\T...}, fedcm:accounts: true, goog:chromeOptions: {debuggerAddress: localhost:63963}, networkConnectionEnabled: false, pageLoadStrategy: normal, platformName: windows, proxy: Proxy(), se:cdp: ws://localhost:63963/devtoo..., se:cdpVersion: 136.0.7103.114, setWindowRect: true, strictFileInteractability: false, timeouts: {implicit: 0, pageLoad: 300000, script: 30000}, unhandledPromptBehavior: dismiss and notify, webauthn:extension:credBlob: true, webauthn:extension:largeBlob: true, webauthn:extension:minPinLength: true, webauthn:extension:prf: true, webauthn:virtualAuthenticators: true}
Session ID: 2d878eeb16294432cfaadd75059ef6bf
<div style="background-color:#ffeeba; border:2px solid #856404; border-radius:10px; padding:10px 15px; text-align:left; margin:10px 0; display:inline-block; color:#856404; box-shadow: 0px 4px 6px rgba(0, 0, 0, 0.2);"><p style='font-size:18px; margin:0;'><b>Skipped: 🔐 Admin Connection URL: jdbc:sqlserver://localhost:1433;database=QADEMO;integratedSecurity=true;encrypt=false;trustServerCertificate=true;loginTimeout=30;</b></p></div>
<div style="background-color:#ffeeba; border:2px solid #856404; border-radius:10px; padding:10px 15px; text-align:left; margin:10px 0; display:inline-block; color:#856404; box-shadow: 0px 4px 6px rgba(0, 0, 0, 0.2);"><p style='font-size:18px; margin:0;'><b>Skipped: 🔐 Company Connection URL: jdbc:sqlserver://localhost:1433;database=QADEMO;integratedSecurity=true;encrypt=false;trustServerCertificate=true;loginTimeout=30;</b></p></div>
<div style='border: 1px solid #ddd; padding: 8px; margin: 5px 0; border-radius: 4px; background-color: #f7f7f7; display: inline-block;'><strong>#TXTBX ▭</strong> :: <strong>Permanent Address</strong> Value entered ⇒ <span style='color: #009;'>Rajkot, Gujarat</span></div>
<div style='border: 1px solid #e0e0e0;padding: 8px 12px;margin: 8px 0;border-radius: 6px;background: linear-gradient(to right, #f8f9fa, #ffffff);box-shadow: 0 2px 4px rgba(0,0,0,0.05);display: inline-block;font-family: Arial, sans-serif;'><span style='font-weight: bold;color: #333;'>🌍 Browser Info:</span> <span style='color: #2c7be5;font-weight: 500;'><img src='data:image/svg+xml;base64,PHN2ZyB4bWxucz0iaHR0cDovL3d3dy53My5vcmcvMjAwMC9zdmciIHZpZXdCb3g9IjAgMCA0NDggNTEyIj48cGF0aCBmaWxsPSIjRkZDMTAyIiBkPSJNMjI0IDI1NmMwIDEyLjktNyAyNC40LTE3LjcgMjkuNkwxODcgMzA5LjljLTUuNCAzLTEyLjMgMy4xLTE3LjcuMS0xMC40LTUuOS0xNi43LTE2LjktMTYuNy0yOC42VjE5OGMwLTEyLjkgNy0yNC40IDE3LjctMjkuNkwxODcgMTQyLjFjNS40LTMgMTIuMy0zLjEgMTcuNy0uMSAxMC40IDUuOSAxNi43IDE2LjkgMTYuNyAyOC42djU4LjJ6Ii8+PHBhdGggZmlsbD0iIzRBNDlGNSIgZD0iTTIyNCAyNTZjMCAxMi45LTcgMjQuNC0xNy43IDI5LjZMMTg3IDMwOS45Yy01LjQgMy0xMi4zIDMuMS0xNy43LjEtMTAuNC01LjktMTYuNy0xNi45LTE2LjctMjguNlYxOThjMC0xMi45IDctMjQuNCAxNy43LTI5LjZMMTg3IDE0Mi4xYzUuNC0zIDEyLjMtMy4xIDE3LjctLjEgMTAuNCA1LjkgMTYuNyAxNi45IDE2LjcgMjguNnY1OC4yeiIvPjxwYXRoIGZpbGw9IiNGRkMxMDIiIGQ9Ik0yMjQgMjU2YzAgMTIuOS03IDI0LjQtMTcuNyAyOS42TDE4NyAzMDkuOWMtNS40IDMtMTIuMyAzLjEtMTcuNy4xLTEwLjQtNS45LTE2LjctMTYuOS0xNi43LTI4LjZWMTk4YzAtMTIuOSA3LTI0LjQgMTcuNy0yOS42TDE4NyAxNDIuMWM1LjQtMyAxMi4zLTMuMSAxNy43LS4xIDEwLjQgNS45IDE2LjcgMTYuOSAxNi43IDI4LjZ2NTguMnoiLz48cGF0aCBmaWxsPSIjRkZDMTAyIiBkPSJNMjI0IDI1NmMwIDEyLjktNyAyNC40LTE3LjcgMjkuNkwxODcgMzA5LjljLTUuNCAzLTEyLjMgMy4xLTE3LjcuMS0xMC40LTUuOS0xNi43LTE2LjktMTYuNy0yOC42VjE5OGMwLTEyLjkgNy0yNC40IDE3LjctMjkuNkwxODcgMTQyLjFjNS40LTMgMTIuMy0zLjEgMTcuNy0uMSAxMC40IDUuOSAxNi43IDE2LjkgMTYuNyAyOC42djU4LjJ6Ii8+PC9zdmc+' height='20' width='20' style='vertical-align: middle;' /> <span style='color: #4285F4;'>Google Chrome</span></span></div>
<div style="border: 1px solid #ddd; padding: 8px; margin: 5px 0; border-radius: 4px; background-color: #f7f7f7; display: inline-block;"><strong>💻 #System Info</strong> :: <strong>PC Name</strong> ⇒ <span style="color: #001dff;">ANKUSH1111</span> &nbsp;&nbsp;|&nbsp;&nbsp; <strong>User</strong> ⇒ <span style="color: #006400;">HP</span></div>
<div style='border: 1px solid #ddd; padding: 8px; margin: 5px 0; border-radius: 4px; background-color: #f7f7f7; display: inline-block;'><strong>#BTN 📤</strong> :: <strong>Clicked On</strong> ⇒ <span style='color: #001dff;'>Submit Button</span></div>
📋 Navigating to Home Page...
📋 Attempting to close modal popup (if present)...
⏳ Waiting for Home link to be clickable...
✅ Home link found: https://demoqa.com/
📋 Clicking on Home link...
⏳ Waiting for loader to disappear...
⏳ Verifying home page load...
<div style='border: 1px solid #ddd; padding: 8px; margin: 5px 0; border-radius: 4px; background-color: #f7f7f7; display: inline-block;'><strong>#TXTBX ▭</strong> :: <strong>Full Name</strong> Value entered ⇒ <span style='color: #009;'>Saurabh Yadav</span></div>
<div style='border: 1px solid #ddd; padding: 8px; margin: 5px 0; border-radius: 4px; background-color: #f7f7f7; display: inline-block;'><strong>#TXTBX ▭</strong> :: <strong>Email</strong> Value entered ⇒ <span style='color: #009;'>saurabh.yadav@test.com</span></div>
<div style='border: 1px solid #ddd; padding: 8px; margin: 5px 0; border-radius: 4px; background-color: #f7f7f7; display: inline-block;'><strong>#TXTBX ▭</strong> :: <strong>Current Address</strong> Value entered ⇒ <span style='color: #009;'>Lucknow, Uttar Pradesh</span></div>
<div style='border: 1px solid #ddd; padding: 8px; margin: 5px 0; border-radius: 4px; background-color: #f7f7f7; display: inline-block;'><strong>#TXTBX ▭</strong> :: <strong>Permanent Address</strong> Value entered ⇒ <span style='color: #009;'>Kanpur, Uttar Pradesh</span></div>
Click Sucessfully==Again Double Click==Submit Button
<div style='border: 1px solid #ddd; padding: 8px; margin: 5px 0; border-radius: 4px; background-color: #f7f7f7; display: inline-block;'><strong>#BTN 📤</strong> :: <strong>Clicked On</strong> ⇒ <span style='color: #001dff;'>Submit Button</span></div>
✅ Updated AutomationTestingStatus for FormId 101019 to '[Automation Tester] TextBox Form Submitted Successfully at 01/06/2025 09:16:01 PM'
📋 Navigating to Home Page...
📋 Attempting to close modal popup (if present)...
⏳ Waiting for Home link to be clickable...
✅ Home link found: https://demoqa.com/
📋 Clicking on Home link...
<font color =#18122B><b>Sceenshot Path::C:\Users\HP\Documents\Ahmedabad\ANKUSH_FRAMEWORK\ScreenShots\Validation\valdn01_16_2025_09_16_02.png</b></font>
<h4>Time :01/06/2025 09:16:03 PM</h4>
<br>
<img src="C:\Users\HP\Documents\Ahmedabad\ANKUSH_FRAMEWORK\ScreenShots\Validation\valdn01_16_2025_09_16_02.png" width="1000" height="500" ></img>
<br>
<br>
<div style="background-color:#ffeeba; border:2px solid #856404; border-radius:10px; padding:10px 15px; text-align:left; margin:10px 0; display:inline-block; color:#856404; box-shadow: 0px 4px 6px rgba(0, 0, 0, 0.2);"><p style='font-size:18px; margin:0;'><b>Skipped: Screenshot saved at: C:\Users\HP\Documents\Ahmedabad\ANKUSH_FRAMEWORK\ScreenShots\Validation\valdn01_16_2025_09_16_02.png</b></p></div>
<table><tr><th style='font-weight: normal;'>Student Name</th><th>Neha Kulkarni</th></tr><tr><th style='font-weight: normal;'>Student Email</th><th>neha.kulkarni@test.com</th></tr><tr><th style='font-weight: normal;'>Gender</th><th>Female</th></tr><tr><th style='font-weight: normal;'>Mobile</th><th>9876543212</th></tr><tr><th style='font-weight: normal;'>Date of Birth</th><th>22 October,1992</th></tr><tr><th style='font-weight: normal;'>Subjects</th><th>Arts</th></tr><tr><th style='font-weight: normal;'>Hobbies</th><th>Music</th></tr><tr><th style='font-weight: normal;'>Picture</th><th>valdn01_07_2025_02_07_42.png</th></tr><tr><th style='font-weight: normal;'>Address</th><th>Satara, Maharashtra</th></tr><tr><th style='font-weight: normal;'>State and City</th><th></th></tr></table>
✅ Updated AutomationTestingStatus for FormId 101020 to '✅ [Automation Tester] Automation Testing Successfully Done and Form Successfully Submitted :: On Timestamp 01/06/2025 09:16:03 PM'
📋 Navigating to Home Page...
📋 Attempting to close modal popup (if present)...
⏳ Waiting for Home link to be clickable...
⏳ Waiting for loader to disappear...
⏳ Verifying home page load...
❌ Navigation to Home Page failed: Expected condition failed: waiting for element to be clickable: By.xpath: //a[contains(@href,'https://demoqa.com')] (tried for 2 second(s) with 500 milliseconds interval)
Build info: version: '4.12.1', revision: '8e34639b11'
System info: os.name: 'Windows 11', os.arch: 'amd64', os.version: '10.0', java.version: '18.0.1.1'
Driver info: org.openqa.selenium.chrome.ChromeDriver
Capabilities {acceptInsecureCerts: false, browserName: chrome, browserVersion: 136.0.7103.114, chrome: {chromedriverVersion: 136.0.7103.113 (76fa3c17824..., userDataDir: C:\Users\HP\AppData\Local\T...}, fedcm:accounts: true, goog:chromeOptions: {debuggerAddress: localhost:63960}, networkConnectionEnabled: false, pageLoadStrategy: normal, platformName: windows, proxy: Proxy(), se:cdp: ws://localhost:63960/devtoo..., se:cdpVersion: 136.0.7103.114, setWindowRect: true, strictFileInteractability: false, timeouts: {implicit: 0, pageLoad: 300000, script: 30000}, unhandledPromptBehavior: dismiss and notify, webauthn:extension:credBlob: true, webauthn:extension:largeBlob: true, webauthn:extension:minPinLength: true, webauthn:extension:prf: true, webauthn:virtualAuthenticators: true}
Session ID: b22de8f484a725a99fe9529a98a50781
<div style="background-color:#ffeeba; border:2px solid #856404; border-radius:10px; padding:10px 15px; text-align:left; margin:10px 0; display:inline-block; color:#856404; box-shadow: 0px 4px 6px rgba(0, 0, 0, 0.2);"><p style='font-size:18px; margin:0;'><b>Skipped: 🔐 Admin Connection URL: jdbc:sqlserver://localhost:1433;database=QADEMO;integratedSecurity=true;encrypt=false;trustServerCertificate=true;loginTimeout=30;</b></p></div>
<div style="background-color:#ffeeba; border:2px solid #856404; border-radius:10px; padding:10px 15px; text-align:left; margin:10px 0; display:inline-block; color:#856404; box-shadow: 0px 4px 6px rgba(0, 0, 0, 0.2);"><p style='font-size:18px; margin:0;'><b>Skipped: 🔐 Company Connection URL: jdbc:sqlserver://localhost:1433;database=QADEMO;integratedSecurity=true;encrypt=false;trustServerCertificate=true;loginTimeout=30;</b></p></div>
<div style='border: 1px solid #e0e0e0;padding: 8px 12px;margin: 8px 0;border-radius: 6px;background: linear-gradient(to right, #f8f9fa, #ffffff);box-shadow: 0 2px 4px rgba(0,0,0,0.05);display: inline-block;font-family: Arial, sans-serif;'><span style='font-weight: bold;color: #333;'>🌍 Browser Info:</span> <span style='color: #2c7be5;font-weight: 500;'><img src='data:image/svg+xml;base64,PHN2ZyB4bWxucz0iaHR0cDovL3d3dy53My5vcmcvMjAwMC9zdmciIHZpZXdCb3g9IjAgMCA0NDggNTEyIj48cGF0aCBmaWxsPSIjRkZDMTAyIiBkPSJNMjI0IDI1NmMwIDEyLjktNyAyNC40LTE3LjcgMjkuNkwxODcgMzA5LjljLTUuNCAzLTEyLjMgMy4xLTE3LjcuMS0xMC40LTUuOS0xNi43LTE2LjktMTYuNy0yOC42VjE5OGMwLTEyLjkgNy0yNC40IDE3LjctMjkuNkwxODcgMTQyLjFjNS40LTMgMTIuMy0zLjEgMTcuNy0uMSAxMC40IDUuOSAxNi43IDE2LjkgMTYuNyAyOC42djU4LjJ6Ii8+PHBhdGggZmlsbD0iIzRBNDlGNSIgZD0iTTIyNCAyNTZjMCAxMi45LTcgMjQuNC0xNy43IDI5LjZMMTg3IDMwOS45Yy01LjQgMy0xMi4zIDMuMS0xNy43LjEtMTAuNC01LjktMTYuNy0xNi45LTE2LjctMjguNlYxOThjMC0xMi45IDctMjQuNCAxNy43LTI5LjZMMTg3IDE0Mi4xYzUuNC0zIDEyLjMtMy4xIDE3LjctLjEgMTAuNCA1LjkgMTYuNyAxNi45IDE2LjcgMjguNnY1OC4yeiIvPjxwYXRoIGZpbGw9IiNGRkMxMDIiIGQ9Ik0yMjQgMjU2YzAgMTIuOS03IDI0LjQtMTcuNyAyOS42TDE4NyAzMDkuOWMtNS40IDMtMTIuMyAzLjEtMTcuNy4xLTEwLjQtNS45LTE2LjctMTYuOS0xNi43LTI4LjZWMTk4YzAtMTIuOSA3LTI0LjQgMTcuNy0yOS42TDE4NyAxNDIuMWM1LjQtMyAxMi4zLTMuMSAxNy43LS4xIDEwLjQgNS45IDE2LjcgMTYuOSAxNi43IDI4LjZ2NTguMnoiLz48cGF0aCBmaWxsPSIjRkZDMTAyIiBkPSJNMjI0IDI1NmMwIDEyLjktNyAyNC40LTE3LjcgMjkuNkwxODcgMzA5LjljLTUuNCAzLTEyLjMgMy4xLTE3LjcuMS0xMC40LTUuOS0xNi43LTE2LjktMTYuNy0yOC42VjE5OGMwLTEyLjkgNy0yNC40IDE3LjctMjkuNkwxODcgMTQyLjFjNS40LTMgMTIuMy0zLjEgMTcuNy0uMSAxMC40IDUuOSAxNi43IDE2LjkgMTYuNyAyOC42djU4LjJ6Ii8+PC9zdmc+' height='20' width='20' style='vertical-align: middle;' /> <span style='color: #4285F4;'>Google Chrome</span></span></div>
<div style="border: 1px solid #ddd; padding: 8px; margin: 5px 0; border-radius: 4px; background-color: #f7f7f7; display: inline-block;"><strong>💻 #System Info</strong> :: <strong>PC Name</strong> ⇒ <span style="color: #001dff;">ANKUSH1111</span> &nbsp;&nbsp;|&nbsp;&nbsp; <strong>User</strong> ⇒ <span style="color: #006400;">HP</span></div>
❌ Navigation to Home Page failed: Expected condition failed: waiting for url to contain "home". Current url: "https://demoqa.com/" (tried for 10 second(s) with 500 milliseconds interval)
Build info: version: '4.12.1', revision: '8e34639b11'
System info: os.name: 'Windows 11', os.arch: 'amd64', os.version: '10.0', java.version: '18.0.1.1'
Driver info: org.openqa.selenium.chrome.ChromeDriver
Capabilities {acceptInsecureCerts: false, browserName: chrome, browserVersion: 136.0.7103.114, chrome: {chromedriverVersion: 136.0.7103.113 (76fa3c17824..., userDataDir: C:\Users\HP\AppData\Local\T...}, fedcm:accounts: true, goog:chromeOptions: {debuggerAddress: localhost:53181}, networkConnectionEnabled: false, pageLoadStrategy: normal, platformName: windows, proxy: Proxy(), se:cdp: ws://localhost:53181/devtoo..., se:cdpVersion: 136.0.7103.114, setWindowRect: true, strictFileInteractability: false, timeouts: {implicit: 0, pageLoad: 300000, script: 30000}, unhandledPromptBehavior: dismiss and notify, webauthn:extension:credBlob: true, webauthn:extension:largeBlob: true, webauthn:extension:minPinLength: true, webauthn:extension:prf: true, webauthn:virtualAuthenticators: true}
Session ID: 35c9159c033971dcb76a9982a22a7c38
<h3 style="color:#132043;"><b> Iteration Number &#10781; :9</b></h4>
<div style='border: 1px solid #e0e0e0;padding: 8px 12px;margin: 8px 0;border-radius: 6px;background: linear-gradient(to right, #f8f9fa, #ffffff);box-shadow: 0 2px 4px rgba(0,0,0,0.05);display: inline-block;font-family: Arial, sans-serif;'><span style='font-weight: bold;color: #333;'>🌍 Browser Info:</span> <span style='color: #2c7be5;font-weight: 500;'><img src='data:image/svg+xml;base64,PHN2ZyB4bWxucz0iaHR0cDovL3d3dy53My5vcmcvMjAwMC9zdmciIHZpZXdCb3g9IjAgMCA0NDggNTEyIj48cGF0aCBmaWxsPSIjRkZDMTAyIiBkPSJNMjI0IDI1NmMwIDEyLjktNyAyNC40LTE3LjcgMjkuNkwxODcgMzA5LjljLTUuNCAzLTEyLjMgMy4xLTE3LjcuMS0xMC40LTUuOS0xNi43LTE2LjktMTYuNy0yOC42VjE5OGMwLTEyLjkgNy0yNC40IDE3LjctMjkuNkwxODcgMTQyLjFjNS40LTMgMTIuMy0zLjEgMTcuNy0uMSAxMC40IDUuOSAxNi43IDE2LjkgMTYuNyAyOC42djU4LjJ6Ii8+PHBhdGggZmlsbD0iIzRBNDlGNSIgZD0iTTIyNCAyNTZjMCAxMi45LTcgMjQuNC0xNy43IDI5LjZMMTg3IDMwOS45Yy01LjQgMy0xMi4zIDMuMS0xNy43LjEtMTAuNC01LjktMTYuNy0xNi45LTE2LjctMjguNlYxOThjMC0xMi45IDctMjQuNCAxNy43LTI5LjZMMTg3IDE0Mi4xYzUuNC0zIDEyLjMtMy4xIDE3LjctLjEgMTAuNCA1LjkgMTYuNyAxNi45IDE2LjcgMjguNnY1OC4yeiIvPjxwYXRoIGZpbGw9IiNGRkMxMDIiIGQ9Ik0yMjQgMjU2YzAgMTIuOS03IDI0LjQtMTcuNyAyOS42TDE4NyAzMDkuOWMtNS40IDMtMTIuMyAzLjEtMTcuNy4xLTEwLjQtNS45LTE2LjctMTYuOS0xNi43LTI4LjZWMTk4YzAtMTIuOSA3LTI0LjQgMTcuNy0yOS42TDE4NyAxNDIuMWM1LjQtMyAxMi4zLTMuMSAxNy43LS4xIDEwLjQgNS45IDE2LjcgMTYuOSAxNi43IDI4LjZ2NTguMnoiLz48cGF0aCBmaWxsPSIjRkZDMTAyIiBkPSJNMjI0IDI1NmMwIDEyLjktNyAyNC40LTE3LjcgMjkuNkwxODcgMzA5LjljLTUuNCAzLTEyLjMgMy4xLTE3LjcuMS0xMC40LTUuOS0xNi43LTE2LjktMTYuNy0yOC42VjE5OGMwLTEyLjkgNy0yNC40IDE3LjctMjkuNkwxODcgMTQyLjFjNS40LTMgMTIuMy0zLjEgMTcuNy0uMSAxMC40IDUuOSAxNi43IDE2LjkgMTYuNyAyOC42djU4LjJ6Ii8+PC9zdmc+' height='20' width='20' style='vertical-align: middle;' /> <span style='color: #4285F4;'>Google Chrome</span></span></div>
<div style="border: 1px solid #ddd; padding: 8px; margin: 5px 0; border-radius: 4px; background-color: #f7f7f7; display: inline-block;"><strong>💻 #System Info</strong> :: <strong>PC Name</strong> ⇒ <span style="color: #001dff;">ANKUSH1111</span> &nbsp;&nbsp;|&nbsp;&nbsp; <strong>User</strong> ⇒ <span style="color: #006400;">HP</span></div>
❌ Navigation to Home Page failed: Expected condition failed: waiting for url to contain "home". Current url: "https://demoqa.com/" (tried for 10 second(s) with 500 milliseconds interval)
Build info: version: '4.12.1', revision: '8e34639b11'
System info: os.name: 'Windows 11', os.arch: 'amd64', os.version: '10.0', java.version: '18.0.1.1'
Driver info: org.openqa.selenium.chrome.ChromeDriver
Capabilities {acceptInsecureCerts: false, browserName: chrome, browserVersion: 136.0.7103.114, chrome: {chromedriverVersion: 136.0.7103.113 (76fa3c17824..., userDataDir: C:\Users\HP\AppData\Local\T...}, fedcm:accounts: true, goog:chromeOptions: {debuggerAddress: localhost:63962}, networkConnectionEnabled: false, pageLoadStrategy: normal, platformName: windows, proxy: Proxy(), se:cdp: ws://localhost:63962/devtoo..., se:cdpVersion: 136.0.7103.114, setWindowRect: true, strictFileInteractability: false, timeouts: {implicit: 0, pageLoad: 300000, script: 30000}, unhandledPromptBehavior: dismiss and notify, webauthn:extension:credBlob: true, webauthn:extension:largeBlob: true, webauthn:extension:minPinLength: true, webauthn:extension:prf: true, webauthn:virtualAuthenticators: true}
Session ID: 40bb75698d2fe6383849b73a3523e5f4
<h3 style="color:#132043;"><b> Iteration Number &#10781; :15</b></h4>
<div style='border: 1px solid #e0e0e0;padding: 8px 12px;margin: 8px 0;border-radius: 6px;background: linear-gradient(to right, #f8f9fa, #ffffff);box-shadow: 0 2px 4px rgba(0,0,0,0.05);display: inline-block;font-family: Arial, sans-serif;'><span style='font-weight: bold;color: #333;'>🌍 Browser Info:</span> <span style='color: #2c7be5;font-weight: 500;'><img src='data:image/svg+xml;base64,PHN2ZyB4bWxucz0iaHR0cDovL3d3dy53My5vcmcvMjAwMC9zdmciIHZpZXdCb3g9IjAgMCA0NDggNTEyIj48cGF0aCBmaWxsPSIjRkZDMTAyIiBkPSJNMjI0IDI1NmMwIDEyLjktNyAyNC40LTE3LjcgMjkuNkwxODcgMzA5LjljLTUuNCAzLTEyLjMgMy4xLTE3LjcuMS0xMC40LTUuOS0xNi43LTE2LjktMTYuNy0yOC42VjE5OGMwLTEyLjkgNy0yNC40IDE3LjctMjkuNkwxODcgMTQyLjFjNS40LTMgMTIuMy0zLjEgMTcuNy0uMSAxMC40IDUuOSAxNi43IDE2LjkgMTYuNyAyOC42djU4LjJ6Ii8+PHBhdGggZmlsbD0iIzRBNDlGNSIgZD0iTTIyNCAyNTZjMCAxMi45LTcgMjQuNC0xNy43IDI5LjZMMTg3IDMwOS45Yy01LjQgMy0xMi4zIDMuMS0xNy43LjEtMTAuNC01LjktMTYuNy0xNi45LTE2LjctMjguNlYxOThjMC0xMi45IDctMjQuNCAxNy43LTI5LjZMMTg3IDE0Mi4xYzUuNC0zIDEyLjMtMy4xIDE3LjctLjEgMTAuNCA1LjkgMTYuNyAxNi45IDE2LjcgMjguNnY1OC4yeiIvPjxwYXRoIGZpbGw9IiNGRkMxMDIiIGQ9Ik0yMjQgMjU2YzAgMTIuOS03IDI0LjQtMTcuNyAyOS42TDE4NyAzMDkuOWMtNS40IDMtMTIuMyAzLjEtMTcuNy4xLTEwLjQtNS45LTE2LjctMTYuOS0xNi43LTI4LjZWMTk4YzAtMTIuOSA3LTI0LjQgMTcuNy0yOS42TDE4NyAxNDIuMWM1LjQtMyAxMi4zLTMuMSAxNy43LS4xIDEwLjQgNS45IDE2LjcgMTYuOSAxNi43IDI4LjZ2NTguMnoiLz48cGF0aCBmaWxsPSIjRkZDMTAyIiBkPSJNMjI0IDI1NmMwIDEyLjktNyAyNC40LTE3LjcgMjkuNkwxODcgMzA5LjljLTUuNCAzLTEyLjMgMy4xLTE3LjcuMS0xMC40LTUuOS0xNi43LTE2LjktMTYuNy0yOC42VjE5OGMwLTEyLjkgNy0yNC40IDE3LjctMjkuNkwxODcgMTQyLjFjNS40LTMgMTIuMy0zLjEgMTcuNy0uMSAxMC40IDUuOSAxNi43IDE2LjkgMTYuNyAyOC42djU4LjJ6Ii8+PC9zdmc+' height='20' width='20' style='vertical-align: middle;' /> <span style='color: #4285F4;'>Google Chrome</span></span></div>
<div style="border: 1px solid #ddd; padding: 8px; margin: 5px 0; border-radius: 4px; background-color: #f7f7f7; display: inline-block;"><strong>💻 #System Info</strong> :: <strong>PC Name</strong> ⇒ <span style="color: #001dff;">ANKUSH1111</span> &nbsp;&nbsp;|&nbsp;&nbsp; <strong>User</strong> ⇒ <span style="color: #006400;">HP</span></div>
<div style='border: 1px solid #ddd; padding: 8px; margin: 5px 0; border-radius: 4px; background-color: #f7f7f7; display: inline-block;'><strong>#TXTBX ▭</strong> :: <strong>Full Name</strong> Value entered ⇒ <span style='color: #009;'>Saurabh Yadav</span></div>
<div style='border: 1px solid #ddd; padding: 8px; margin: 5px 0; border-radius: 4px; background-color: #f7f7f7; display: inline-block;'><strong>#TXTBX ▭</strong> :: <strong>Email</strong> Value entered ⇒ <span style='color: #009;'>saurabh.yadav@test.com</span></div>
<div style='border: 1px solid #ddd; padding: 8px; margin: 5px 0; border-radius: 4px; background-color: #f7f7f7; display: inline-block;'><strong>#TXTBX ▭</strong> :: <strong>Current Address</strong> Value entered ⇒ <span style='color: #009;'>Lucknow, Uttar Pradesh</span></div>
<div style='border: 1px solid #ddd; padding: 8px; margin: 5px 0; border-radius: 4px; background-color: #f7f7f7; display: inline-block;'><strong>#TXTBX ▭</strong> :: <strong>Permanent Address</strong> Value entered ⇒ <span style='color: #009;'>Kanpur, Uttar Pradesh</span></div>
<div style='border: 1px solid #ddd; padding: 8px; margin: 5px 0; border-radius: 4px; background-color: #f7f7f7; display: inline-block;'><strong>#BTN 📤</strong> :: <strong>Clicked On</strong> ⇒ <span style='color: #001dff;'>Submit Button</span></div>
📋 Navigating to Home Page...
📋 Attempting to close modal popup (if present)...
⏳ Waiting for Home link to be clickable...
✅ Home link found: https://demoqa.com/
📋 Clicking on Home link...
<div style='border: 1px solid #ddd; padding: 8px; margin: 5px 0; border-radius: 4px; background-color: #f7f7f7; display: inline-block;'><strong>#TXTBX ▭</strong> :: <strong>First Name</strong> Value entered ⇒ <span style='color: #009;'>Manish</span></div>
<div style='border: 1px solid #ddd; padding: 8px; margin: 5px 0; border-radius: 4px; background-color: #f7f7f7; display: inline-block;'><strong>#TXTBX ▭</strong> :: <strong>Last Name</strong> Value entered ⇒ <span style='color: #009;'>Gupta</span></div>
<div style='border: 1px solid #ddd; padding: 8px; margin: 5px 0; border-radius: 4px; background-color: #f7f7f7; display: inline-block;'><strong>#TXTBX ▭</strong> :: <strong>Email</strong> Value entered ⇒ <span style='color: #009;'>manish.gupta@test.com</span></div>
Clicked On :: Gender Male Radio
⏳ Waiting for loader to disappear...
⏳ Verifying home page load...
<div style='border: 1px solid #ddd; padding: 8px; margin: 5px 0; border-radius: 4px; background-color: #f7f7f7; display: inline-block;'><strong>#TXTBX ▭</strong> :: <strong>Mobile Number</strong> Value entered ⇒ <span style='color: #009;'>9988776653</span></div>
<div style='border: 1px solid #ddd; padding: 8px; margin: 5px 0; border-radius: 4px; background-color: #f7f7f7; display: inline-block;'><strong>#TXTBX ▭</strong> :: <strong>Full Name</strong> Value entered ⇒ <span style='color: #009;'>Deepak Singh</span></div>
<div style='border: 1px solid #ddd; padding: 8px; margin: 5px 0; border-radius: 4px; background-color: #f7f7f7; display: inline-block;'><strong>#TXTBX ▭</strong> :: <strong>Email</strong> Value entered ⇒ <span style='color: #009;'>deepak.singh@test.com</span></div>
<div style='border: 1px solid #ddd; padding: 8px; margin: 5px 0; border-radius: 4px; background-color: #f7f7f7; display: inline-block;'><strong>#TXTBX ▭</strong> :: <strong>Current Address</strong> Value entered ⇒ <span style='color: #009;'>Patna, Bihar</span></div>
❌ Navigation to Home Page failed: Expected condition failed: waiting for url to contain "home". Current url: "https://demoqa.com/" (tried for 10 second(s) with 500 milliseconds interval)
Build info: version: '4.12.1', revision: '8e34639b11'
System info: os.name: 'Windows 11', os.arch: 'amd64', os.version: '10.0', java.version: '18.0.1.1'
Driver info: org.openqa.selenium.chrome.ChromeDriver
Capabilities {acceptInsecureCerts: false, browserName: chrome, browserVersion: 136.0.7103.114, chrome: {chromedriverVersion: 136.0.7103.113 (76fa3c17824..., userDataDir: C:\Users\HP\AppData\Local\T...}, fedcm:accounts: true, goog:chromeOptions: {debuggerAddress: localhost:63963}, networkConnectionEnabled: false, pageLoadStrategy: normal, platformName: windows, proxy: Proxy(), se:cdp: ws://localhost:63963/devtoo..., se:cdpVersion: 136.0.7103.114, setWindowRect: true, strictFileInteractability: false, timeouts: {implicit: 0, pageLoad: 300000, script: 30000}, unhandledPromptBehavior: dismiss and notify, webauthn:extension:credBlob: true, webauthn:extension:largeBlob: true, webauthn:extension:minPinLength: true, webauthn:extension:prf: true, webauthn:virtualAuthenticators: true}
Session ID: 2d878eeb16294432cfaadd75059ef6bf
<div style="background-color:#ffeeba; border:2px solid #856404; border-radius:10px; padding:10px 15px; text-align:left; margin:10px 0; display:inline-block; color:#856404; box-shadow: 0px 4px 6px rgba(0, 0, 0, 0.2);"><p style='font-size:18px; margin:0;'><b>Skipped: 🔐 Admin Connection URL: jdbc:sqlserver://localhost:1433;database=QADEMO;integratedSecurity=true;encrypt=false;trustServerCertificate=true;loginTimeout=30;</b></p></div>
<div style="background-color:#ffeeba; border:2px solid #856404; border-radius:10px; padding:10px 15px; text-align:left; margin:10px 0; display:inline-block; color:#856404; box-shadow: 0px 4px 6px rgba(0, 0, 0, 0.2);"><p style='font-size:18px; margin:0;'><b>Skipped: 🔐 Company Connection URL: jdbc:sqlserver://localhost:1433;database=QADEMO;integratedSecurity=true;encrypt=false;trustServerCertificate=true;loginTimeout=30;</b></p></div>
<div style='border: 1px solid #ddd; padding: 8px; margin: 5px 0; border-radius: 4px; background-color: #f7f7f7; display: inline-block;'><strong>#TXTBX ▭</strong> :: <strong>Permanent Address</strong> Value entered ⇒ <span style='color: #009;'>Gaya, Bihar</span></div>
<div style='border: 1px solid #e0e0e0;padding: 8px 12px;margin: 8px 0;border-radius: 6px;background: linear-gradient(to right, #f8f9fa, #ffffff);box-shadow: 0 2px 4px rgba(0,0,0,0.05);display: inline-block;font-family: Arial, sans-serif;'><span style='font-weight: bold;color: #333;'>🌍 Browser Info:</span> <span style='color: #2c7be5;font-weight: 500;'><img src='data:image/svg+xml;base64,PHN2ZyB4bWxucz0iaHR0cDovL3d3dy53My5vcmcvMjAwMC9zdmciIHZpZXdCb3g9IjAgMCA0NDggNTEyIj48cGF0aCBmaWxsPSIjRkZDMTAyIiBkPSJNMjI0IDI1NmMwIDEyLjktNyAyNC40LTE3LjcgMjkuNkwxODcgMzA5LjljLTUuNCAzLTEyLjMgMy4xLTE3LjcuMS0xMC40LTUuOS0xNi43LTE2LjktMTYuNy0yOC42VjE5OGMwLTEyLjkgNy0yNC40IDE3LjctMjkuNkwxODcgMTQyLjFjNS40LTMgMTIuMy0zLjEgMTcuNy0uMSAxMC40IDUuOSAxNi43IDE2LjkgMTYuNyAyOC42djU4LjJ6Ii8+PHBhdGggZmlsbD0iIzRBNDlGNSIgZD0iTTIyNCAyNTZjMCAxMi45LTcgMjQuNC0xNy43IDI5LjZMMTg3IDMwOS45Yy01LjQgMy0xMi4zIDMuMS0xNy43LjEtMTAuNC01LjktMTYuNy0xNi45LTE2LjctMjguNlYxOThjMC0xMi45IDctMjQuNCAxNy43LTI5LjZMMTg3IDE0Mi4xYzUuNC0zIDEyLjMtMy4xIDE3LjctLjEgMTAuNCA1LjkgMTYuNyAxNi45IDE2LjcgMjguNnY1OC4yeiIvPjxwYXRoIGZpbGw9IiNGRkMxMDIiIGQ9Ik0yMjQgMjU2YzAgMTIuOS03IDI0LjQtMTcuNyAyOS42TDE4NyAzMDkuOWMtNS40IDMtMTIuMyAzLjEtMTcuNy4xLTEwLjQtNS45LTE2LjctMTYuOS0xNi43LTI4LjZWMTk4YzAtMTIuOSA3LTI0LjQgMTcuNy0yOS42TDE4NyAxNDIuMWM1LjQtMyAxMi4zLTMuMSAxNy43LS4xIDEwLjQgNS45IDE2LjcgMTYuOSAxNi43IDI4LjZ2NTguMnoiLz48cGF0aCBmaWxsPSIjRkZDMTAyIiBkPSJNMjI0IDI1NmMwIDEyLjktNyAyNC40LTE3LjcgMjkuNkwxODcgMzA5LjljLTUuNCAzLTEyLjMgMy4xLTE3LjcuMS0xMC40LTUuOS0xNi43LTE2LjktMTYuNy0yOC42VjE5OGMwLTEyLjkgNy0yNC40IDE3LjctMjkuNkwxODcgMTQyLjFjNS40LTMgMTIuMy0zLjEgMTcuNy0uMSAxMC40IDUuOSAxNi43IDE2LjkgMTYuNyAyOC42djU4LjJ6Ii8+PC9zdmc+' height='20' width='20' style='vertical-align: middle;' /> <span style='color: #4285F4;'>Google Chrome</span></span></div>
<div style="border: 1px solid #ddd; padding: 8px; margin: 5px 0; border-radius: 4px; background-color: #f7f7f7; display: inline-block;"><strong>💻 #System Info</strong> :: <strong>PC Name</strong> ⇒ <span style="color: #001dff;">ANKUSH1111</span> &nbsp;&nbsp;|&nbsp;&nbsp; <strong>User</strong> ⇒ <span style="color: #006400;">HP</span></div>
<div style='border: 1px solid #ddd; padding: 8px; margin: 5px 0; border-radius: 4px; background-color: #f7f7f7; display: inline-block;'><strong>#BTN 📤</strong> :: <strong>Clicked On</strong> ⇒ <span style='color: #001dff;'>Submit Button</span></div>
📋 Navigating to Home Page...
📋 Attempting to close modal popup (if present)...
⏳ Waiting for Home link to be clickable...
✅ Home link found: https://demoqa.com/
📋 Clicking on Home link...
Clicked On :: Date Picker - Date of Birth
#DATEPICKER 📅 :: Date of Birth :: Date successfully picked :: 1989-11-11
<div style='border: 1px solid #ddd; padding: 8px; margin: 5px 0; border-radius: 4px; background-color: #f7f7f7; display: inline-block;'><strong>#TXTBX ▭</strong> :: <strong>Subject</strong> Value entered ⇒ <span style='color: #009;'>Physics</span></div>
⏳ Waiting for loader to disappear...
⏳ Verifying home page load...
<div style='border: 1px solid #ddd; padding: 8px; margin: 5px 0; border-radius: 4px; background-color: #f7f7f7; display: inline-block;'><strong>#TXTBX ▭</strong> :: <strong>Full Name</strong> Value entered ⇒ <span style='color: #009;'>Neha Kulkarni</span></div>
<div style='border: 1px solid #ddd; padding: 8px; margin: 5px 0; border-radius: 4px; background-color: #f7f7f7; display: inline-block;'><strong>#TXTBX ▭</strong> :: <strong>Email</strong> Value entered ⇒ <span style='color: #009;'>neha.kulkarni@test.com</span></div>
<div style='border: 1px solid #ddd; padding: 8px; margin: 5px 0; border-radius: 4px; background-color: #f7f7f7; display: inline-block;'><strong>#TXTBX ▭</strong> :: <strong>Current Address</strong> Value entered ⇒ <span style='color: #009;'>Satara, Maharashtra</span></div>
<div style='border: 1px solid #ddd; padding: 8px; margin: 5px 0; border-radius: 4px; background-color: #f7f7f7; display: inline-block;'><strong>#TXTBX ▭</strong> :: <strong>Permanent Address</strong> Value entered ⇒ <span style='color: #009;'>Sangli, Maharashtra</span></div>
<div style='border: 1px solid #ddd; padding: 8px; margin: 5px 0; border-radius: 4px; background-color: #f7f7f7; display: inline-block;'><strong>#BTN 📤</strong> :: <strong>Clicked On</strong> ⇒ <span style='color: #001dff;'>Submit Button</span></div>
✅ Updated AutomationTestingStatus for FormId 101020 to '[Automation Tester] TextBox Form Submitted Successfully at 01/06/2025 09:16:19 PM'
📋 Navigating to Home Page...
📋 Attempting to close modal popup (if present)...
⏳ Waiting for Home link to be clickable...
✅ Home link found: https://demoqa.com/
📋 Clicking on Home link...
⏳ Waiting for loader to disappear...
⏳ Verifying home page load...
Click Sucessfully==Again Double Click==Hobby: Reading
<div style='border: 1px solid #ddd; padding: 8px; margin: 5px 0; border-radius: 4px; background-color: #f7f7f7; display: inline-block;'><strong>#FILEUP 🔼</strong> :: <strong>Profile Picture</strong> File Uploaded ⇒ <span style='color: #001dff;'>valdn01_07_2025_02_07_42.png</span></div>
<div style='border: 1px solid #ddd; padding: 8px; margin: 5px 0; border-radius: 4px; background-color: #f7f7f7; display: inline-block;'><strong>#TXTBX ▭</strong> :: <strong>Current Address</strong> Value entered ⇒ <span style='color: #009;'>Delhi</span></div>
❌ Navigation to Home Page failed: Expected condition failed: waiting for url to contain "home". Current url: "https://demoqa.com/" (tried for 10 second(s) with 500 milliseconds interval)
Build info: version: '4.12.1', revision: '8e34639b11'
System info: os.name: 'Windows 11', os.arch: 'amd64', os.version: '10.0', java.version: '18.0.1.1'
Driver info: org.openqa.selenium.chrome.ChromeDriver
Capabilities {acceptInsecureCerts: false, browserName: chrome, browserVersion: 136.0.7103.114, chrome: {chromedriverVersion: 136.0.7103.113 (76fa3c17824..., userDataDir: C:\Users\HP\AppData\Local\T...}, fedcm:accounts: true, goog:chromeOptions: {debuggerAddress: localhost:53181}, networkConnectionEnabled: false, pageLoadStrategy: normal, platformName: windows, proxy: Proxy(), se:cdp: ws://localhost:53181/devtoo..., se:cdpVersion: 136.0.7103.114, setWindowRect: true, strictFileInteractability: false, timeouts: {implicit: 0, pageLoad: 300000, script: 30000}, unhandledPromptBehavior: dismiss and notify, webauthn:extension:credBlob: true, webauthn:extension:largeBlob: true, webauthn:extension:minPinLength: true, webauthn:extension:prf: true, webauthn:virtualAuthenticators: true}
Session ID: 35c9159c033971dcb76a9982a22a7c38
<h3 style="color:#132043;"><b> Iteration Number &#10781; :10</b></h4>
<div style='border: 1px solid #e0e0e0;padding: 8px 12px;margin: 8px 0;border-radius: 6px;background: linear-gradient(to right, #f8f9fa, #ffffff);box-shadow: 0 2px 4px rgba(0,0,0,0.05);display: inline-block;font-family: Arial, sans-serif;'><span style='font-weight: bold;color: #333;'>🌍 Browser Info:</span> <span style='color: #2c7be5;font-weight: 500;'><img src='data:image/svg+xml;base64,PHN2ZyB4bWxucz0iaHR0cDovL3d3dy53My5vcmcvMjAwMC9zdmciIHZpZXdCb3g9IjAgMCA0NDggNTEyIj48cGF0aCBmaWxsPSIjRkZDMTAyIiBkPSJNMjI0IDI1NmMwIDEyLjktNyAyNC40LTE3LjcgMjkuNkwxODcgMzA5LjljLTUuNCAzLTEyLjMgMy4xLTE3LjcuMS0xMC40LTUuOS0xNi43LTE2LjktMTYuNy0yOC42VjE5OGMwLTEyLjkgNy0yNC40IDE3LjctMjkuNkwxODcgMTQyLjFjNS40LTMgMTIuMy0zLjEgMTcuNy0uMSAxMC40IDUuOSAxNi43IDE2LjkgMTYuNyAyOC42djU4LjJ6Ii8+PHBhdGggZmlsbD0iIzRBNDlGNSIgZD0iTTIyNCAyNTZjMCAxMi45LTcgMjQuNC0xNy43IDI5LjZMMTg3IDMwOS45Yy01LjQgMy0xMi4zIDMuMS0xNy43LjEtMTAuNC01LjktMTYuNy0xNi45LTE2LjctMjguNlYxOThjMC0xMi45IDctMjQuNCAxNy43LTI5LjZMMTg3IDE0Mi4xYzUuNC0zIDEyLjMtMy4xIDE3LjctLjEgMTAuNCA1LjkgMTYuNyAxNi45IDE2LjcgMjguNnY1OC4yeiIvPjxwYXRoIGZpbGw9IiNGRkMxMDIiIGQ9Ik0yMjQgMjU2YzAgMTIuOS03IDI0LjQtMTcuNyAyOS42TDE4NyAzMDkuOWMtNS40IDMtMTIuMyAzLjEtMTcuNy4xLTEwLjQtNS45LTE2LjctMTYuOS0xNi43LTI4LjZWMTk4YzAtMTIuOSA3LTI0LjQgMTcuNy0yOS42TDE4NyAxNDIuMWM1LjQtMyAxMi4zLTMuMSAxNy43LS4xIDEwLjQgNS45IDE2LjcgMTYuOSAxNi43IDI4LjZ2NTguMnoiLz48cGF0aCBmaWxsPSIjRkZDMTAyIiBkPSJNMjI0IDI1NmMwIDEyLjktNyAyNC40LTE3LjcgMjkuNkwxODcgMzA5LjljLTUuNCAzLTEyLjMgMy4xLTE3LjcuMS0xMC40LTUuOS0xNi43LTE2LjktMTYuNy0yOC42VjE5OGMwLTEyLjkgNy0yNC40IDE3LjctMjkuNkwxODcgMTQyLjFjNS40LTMgMTIuMy0zLjEgMTcuNy0uMSAxMC40IDUuOSAxNi43IDE2LjkgMTYuNyAyOC42djU4LjJ6Ii8+PC9zdmc+' height='20' width='20' style='vertical-align: middle;' /> <span style='color: #4285F4;'>Google Chrome</span></span></div>
<div style="border: 1px solid #ddd; padding: 8px; margin: 5px 0; border-radius: 4px; background-color: #f7f7f7; display: inline-block;"><strong>💻 #System Info</strong> :: <strong>PC Name</strong> ⇒ <span style="color: #001dff;">ANKUSH1111</span> &nbsp;&nbsp;|&nbsp;&nbsp; <strong>User</strong> ⇒ <span style="color: #006400;">HP</span></div>
<div style='border: 1px solid #ddd; padding: 8px; margin: 5px 0; border-radius: 4px; background-color: #f7f7f7; display: inline-block;'><strong>#TXTBX ▭</strong> :: <strong>Full Name</strong> Value entered ⇒ <span style='color: #009;'>Neha Kulkarni</span></div>
<div style='border: 1px solid #ddd; padding: 8px; margin: 5px 0; border-radius: 4px; background-color: #f7f7f7; display: inline-block;'><strong>#TXTBX ▭</strong> :: <strong>Email</strong> Value entered ⇒ <span style='color: #009;'>neha.kulkarni@test.com</span></div>
<div style='border: 1px solid #ddd; padding: 8px; margin: 5px 0; border-radius: 4px; background-color: #f7f7f7; display: inline-block;'><strong>#TXTBX ▭</strong> :: <strong>Current Address</strong> Value entered ⇒ <span style='color: #009;'>Satara, Maharashtra</span></div>
<div style='border: 1px solid #ddd; padding: 8px; margin: 5px 0; border-radius: 4px; background-color: #f7f7f7; display: inline-block;'><strong>#TXTBX ▭</strong> :: <strong>Permanent Address</strong> Value entered ⇒ <span style='color: #009;'>Sangli, Maharashtra</span></div>
<div style='border: 1px solid #ddd; padding: 8px; margin: 5px 0; border-radius: 4px; background-color: #f7f7f7; display: inline-block;'><strong>#BTN 📤</strong> :: <strong>Clicked On</strong> ⇒ <span style='color: #001dff;'>Submit Button</span></div>
📋 Navigating to Home Page...
📋 Attempting to close modal popup (if present)...
⏳ Waiting for Home link to be clickable...
✅ Home link found: https://demoqa.com/
📋 Clicking on Home link...
❌ Navigation to Home Page failed: Expected condition failed: waiting for url to contain "home". Current url: "https://demoqa.com/" (tried for 10 second(s) with 500 milliseconds interval)
Build info: version: '4.12.1', revision: '8e34639b11'
System info: os.name: 'Windows 11', os.arch: 'amd64', os.version: '10.0', java.version: '18.0.1.1'
Driver info: org.openqa.selenium.chrome.ChromeDriver
Capabilities {acceptInsecureCerts: false, browserName: chrome, browserVersion: 136.0.7103.114, chrome: {chromedriverVersion: 136.0.7103.113 (76fa3c17824..., userDataDir: C:\Users\HP\AppData\Local\T...}, fedcm:accounts: true, goog:chromeOptions: {debuggerAddress: localhost:63962}, networkConnectionEnabled: false, pageLoadStrategy: normal, platformName: windows, proxy: Proxy(), se:cdp: ws://localhost:63962/devtoo..., se:cdpVersion: 136.0.7103.114, setWindowRect: true, strictFileInteractability: false, timeouts: {implicit: 0, pageLoad: 300000, script: 30000}, unhandledPromptBehavior: dismiss and notify, webauthn:extension:credBlob: true, webauthn:extension:largeBlob: true, webauthn:extension:minPinLength: true, webauthn:extension:prf: true, webauthn:virtualAuthenticators: true}
Session ID: 40bb75698d2fe6383849b73a3523e5f4
<h3 style="color:#132043;"><b> Iteration Number &#10781; :16</b></h4>
<div style='border: 1px solid #e0e0e0;padding: 8px 12px;margin: 8px 0;border-radius: 6px;background: linear-gradient(to right, #f8f9fa, #ffffff);box-shadow: 0 2px 4px rgba(0,0,0,0.05);display: inline-block;font-family: Arial, sans-serif;'><span style='font-weight: bold;color: #333;'>🌍 Browser Info:</span> <span style='color: #2c7be5;font-weight: 500;'><img src='data:image/svg+xml;base64,PHN2ZyB4bWxucz0iaHR0cDovL3d3dy53My5vcmcvMjAwMC9zdmciIHZpZXdCb3g9IjAgMCA0NDggNTEyIj48cGF0aCBmaWxsPSIjRkZDMTAyIiBkPSJNMjI0IDI1NmMwIDEyLjktNyAyNC40LTE3LjcgMjkuNkwxODcgMzA5LjljLTUuNCAzLTEyLjMgMy4xLTE3LjcuMS0xMC40LTUuOS0xNi43LTE2LjktMTYuNy0yOC42VjE5OGMwLTEyLjkgNy0yNC40IDE3LjctMjkuNkwxODcgMTQyLjFjNS40LTMgMTIuMy0zLjEgMTcuNy0uMSAxMC40IDUuOSAxNi43IDE2LjkgMTYuNyAyOC42djU4LjJ6Ii8+PHBhdGggZmlsbD0iIzRBNDlGNSIgZD0iTTIyNCAyNTZjMCAxMi45LTcgMjQuNC0xNy43IDI5LjZMMTg3IDMwOS45Yy01LjQgMy0xMi4zIDMuMS0xNy43LjEtMTAuNC01LjktMTYuNy0xNi45LTE2LjctMjguNlYxOThjMC0xMi45IDctMjQuNCAxNy43LTI5LjZMMTg3IDE0Mi4xYzUuNC0zIDEyLjMtMy4xIDE3LjctLjEgMTAuNCA1LjkgMTYuNyAxNi45IDE2LjcgMjguNnY1OC4yeiIvPjxwYXRoIGZpbGw9IiNGRkMxMDIiIGQ9Ik0yMjQgMjU2YzAgMTIuOS03IDI0LjQtMTcuNyAyOS42TDE4NyAzMDkuOWMtNS40IDMtMTIuMyAzLjEtMTcuNy4xLTEwLjQtNS45LTE2LjctMTYuOS0xNi43LTI4LjZWMTk4YzAtMTIuOSA3LTI0LjQgMTcuNy0yOS42TDE4NyAxNDIuMWM1LjQtMyAxMi4zLTMuMSAxNy43LS4xIDEwLjQgNS45IDE2LjcgMTYuOSAxNi43IDI4LjZ2NTguMnoiLz48cGF0aCBmaWxsPSIjRkZDMTAyIiBkPSJNMjI0IDI1NmMwIDEyLjktNyAyNC40LTE3LjcgMjkuNkwxODcgMzA5LjljLTUuNCAzLTEyLjMgMy4xLTE3LjcuMS0xMC40LTUuOS0xNi43LTE2LjktMTYuNy0yOC42VjE5OGMwLTEyLjkgNy0yNC40IDE3LjctMjkuNkwxODcgMTQyLjFjNS40LTMgMTIuMy0zLjEgMTcuNy0uMSAxMC40IDUuOSAxNi43IDE2LjkgMTYuNyAyOC42djU4LjJ6Ii8+PC9zdmc+' height='20' width='20' style='vertical-align: middle;' /> <span style='color: #4285F4;'>Google Chrome</span></span></div>
<div style="border: 1px solid #ddd; padding: 8px; margin: 5px 0; border-radius: 4px; background-color: #f7f7f7; display: inline-block;"><strong>💻 #System Info</strong> :: <strong>PC Name</strong> ⇒ <span style="color: #001dff;">ANKUSH1111</span> &nbsp;&nbsp;|&nbsp;&nbsp; <strong>User</strong> ⇒ <span style="color: #006400;">HP</span></div>
Click Sucessfully==Again Double Click==Submit Button
<font color =#18122B><b>Sceenshot Path::C:\Users\HP\Documents\Ahmedabad\ANKUSH_FRAMEWORK\ScreenShots\Validation\valdn01_16_2025_09_16_29.png</b></font>
<h4>Time :01/06/2025 09:16:29 PM</h4>
<br>
<img src="C:\Users\HP\Documents\Ahmedabad\ANKUSH_FRAMEWORK\ScreenShots\Validation\valdn01_16_2025_09_16_29.png" width="1000" height="500" ></img>
<br>
<br>
<div style="background-color:#ffeeba; border:2px solid #856404; border-radius:10px; padding:10px 15px; text-align:left; margin:10px 0; display:inline-block; color:#856404; box-shadow: 0px 4px 6px rgba(0, 0, 0, 0.2);"><p style='font-size:18px; margin:0;'><b>Skipped: Screenshot saved at: C:\Users\HP\Documents\Ahmedabad\ANKUSH_FRAMEWORK\ScreenShots\Validation\valdn01_16_2025_09_16_29.png</b></p></div>
<div style='border: 1px solid #ddd; padding: 8px; margin: 5px 0; border-radius: 4px; background-color: #f7f7f7; display: inline-block;'><strong>#TXTBX ▭</strong> :: <strong>Full Name</strong> Value entered ⇒ <span style='color: #009;'>Kavita Bansal</span></div>
<div style='border: 1px solid #ddd; padding: 8px; margin: 5px 0; border-radius: 4px; background-color: #f7f7f7; display: inline-block;'><strong>#TXTBX ▭</strong> :: <strong>Email</strong> Value entered ⇒ <span style='color: #009;'>kavita.bansal@test.com</span></div>
<table><tr><th style='font-weight: normal;'>Student Name</th><th>Manish Gupta</th></tr><tr><th style='font-weight: normal;'>Student Email</th><th>manish.gupta@test.com</th></tr><tr><th style='font-weight: normal;'>Gender</th><th>Male</th></tr><tr><th style='font-weight: normal;'>Mobile</th><th>9988776653</th></tr><tr><th style='font-weight: normal;'>Date of Birth</th><th>11 November,1989</th></tr><tr><th style='font-weight: normal;'>Subjects</th><th>Physics</th></tr><tr><th style='font-weight: normal;'>Hobbies</th><th>Reading</th></tr><tr><th style='font-weight: normal;'>Picture</th><th>valdn01_07_2025_02_07_42.png</th></tr><tr><th style='font-weight: normal;'>Address</th><th>Delhi</th></tr><tr><th style='font-weight: normal;'>State and City</th><th></th></tr></table>
✅ Updated AutomationTestingStatus for FormId 101021 to '✅ [Automation Tester] Automation Testing Successfully Done and Form Successfully Submitted :: On Timestamp 01/06/2025 09:16:29 PM'
📋 Navigating to Home Page...
📋 Attempting to close modal popup (if present)...
⏳ Waiting for Home link to be clickable...
<div style='border: 1px solid #ddd; padding: 8px; margin: 5px 0; border-radius: 4px; background-color: #f7f7f7; display: inline-block;'><strong>#TXTBX ▭</strong> :: <strong>Current Address</strong> Value entered ⇒ <span style='color: #009;'>Chandigarh</span></div>
<div style='border: 1px solid #ddd; padding: 8px; margin: 5px 0; border-radius: 4px; background-color: #f7f7f7; display: inline-block;'><strong>#TXTBX ▭</strong> :: <strong>Permanent Address</strong> Value entered ⇒ <span style='color: #009;'>Panchkula, Haryana</span></div>
❌ Navigation to Home Page failed: Expected condition failed: waiting for url to contain "home". Current url: "https://demoqa.com/" (tried for 10 second(s) with 500 milliseconds interval)
Build info: version: '4.12.1', revision: '8e34639b11'
System info: os.name: 'Windows 11', os.arch: 'amd64', os.version: '10.0', java.version: '18.0.1.1'
Driver info: org.openqa.selenium.chrome.ChromeDriver
Capabilities {acceptInsecureCerts: false, browserName: chrome, browserVersion: 136.0.7103.114, chrome: {chromedriverVersion: 136.0.7103.113 (76fa3c17824..., userDataDir: C:\Users\HP\AppData\Local\T...}, fedcm:accounts: true, goog:chromeOptions: {debuggerAddress: localhost:63963}, networkConnectionEnabled: false, pageLoadStrategy: normal, platformName: windows, proxy: Proxy(), se:cdp: ws://localhost:63963/devtoo..., se:cdpVersion: 136.0.7103.114, setWindowRect: true, strictFileInteractability: false, timeouts: {implicit: 0, pageLoad: 300000, script: 30000}, unhandledPromptBehavior: dismiss and notify, webauthn:extension:credBlob: true, webauthn:extension:largeBlob: true, webauthn:extension:minPinLength: true, webauthn:extension:prf: true, webauthn:virtualAuthenticators: true}
Session ID: 2d878eeb16294432cfaadd75059ef6bf
<div style="background-color:#ffeeba; border:2px solid #856404; border-radius:10px; padding:10px 15px; text-align:left; margin:10px 0; display:inline-block; color:#856404; box-shadow: 0px 4px 6px rgba(0, 0, 0, 0.2);"><p style='font-size:18px; margin:0;'><b>Skipped: 🔐 Admin Connection URL: jdbc:sqlserver://localhost:1433;database=QADEMO;integratedSecurity=true;encrypt=false;trustServerCertificate=true;loginTimeout=30;</b></p></div>
<div style="background-color:#ffeeba; border:2px solid #856404; border-radius:10px; padding:10px 15px; text-align:left; margin:10px 0; display:inline-block; color:#856404; box-shadow: 0px 4px 6px rgba(0, 0, 0, 0.2);"><p style='font-size:18px; margin:0;'><b>Skipped: 🔐 Company Connection URL: jdbc:sqlserver://localhost:1433;database=QADEMO;integratedSecurity=true;encrypt=false;trustServerCertificate=true;loginTimeout=30;</b></p></div>
<div style='border: 1px solid #ddd; padding: 8px; margin: 5px 0; border-radius: 4px; background-color: #f7f7f7; display: inline-block;'><strong>#BTN 📤</strong> :: <strong>Clicked On</strong> ⇒ <span style='color: #001dff;'>Submit Button</span></div>
📋 Navigating to Home Page...
📋 Attempting to close modal popup (if present)...
⏳ Waiting for Home link to be clickable...
✅ Home link found: https://demoqa.com/
📋 Clicking on Home link...
⏳ Waiting for loader to disappear...
⏳ Verifying home page load...
<div style='border: 1px solid #e0e0e0;padding: 8px 12px;margin: 8px 0;border-radius: 6px;background: linear-gradient(to right, #f8f9fa, #ffffff);box-shadow: 0 2px 4px rgba(0,0,0,0.05);display: inline-block;font-family: Arial, sans-serif;'><span style='font-weight: bold;color: #333;'>🌍 Browser Info:</span> <span style='color: #2c7be5;font-weight: 500;'><img src='data:image/svg+xml;base64,PHN2ZyB4bWxucz0iaHR0cDovL3d3dy53My5vcmcvMjAwMC9zdmciIHZpZXdCb3g9IjAgMCA0NDggNTEyIj48cGF0aCBmaWxsPSIjRkZDMTAyIiBkPSJNMjI0IDI1NmMwIDEyLjktNyAyNC40LTE3LjcgMjkuNkwxODcgMzA5LjljLTUuNCAzLTEyLjMgMy4xLTE3LjcuMS0xMC40LTUuOS0xNi43LTE2LjktMTYuNy0yOC42VjE5OGMwLTEyLjkgNy0yNC40IDE3LjctMjkuNkwxODcgMTQyLjFjNS40LTMgMTIuMy0zLjEgMTcuNy0uMSAxMC40IDUuOSAxNi43IDE2LjkgMTYuNyAyOC42djU4LjJ6Ii8+PHBhdGggZmlsbD0iIzRBNDlGNSIgZD0iTTIyNCAyNTZjMCAxMi45LTcgMjQuNC0xNy43IDI5LjZMMTg3IDMwOS45Yy01LjQgMy0xMi4zIDMuMS0xNy43LjEtMTAuNC01LjktMTYuNy0xNi45LTE2LjctMjguNlYxOThjMC0xMi45IDctMjQuNCAxNy43LTI5LjZMMTg3IDE0Mi4xYzUuNC0zIDEyLjMtMy4xIDE3LjctLjEgMTAuNCA1LjkgMTYuNyAxNi45IDE2LjcgMjguNnY1OC4yeiIvPjxwYXRoIGZpbGw9IiNGRkMxMDIiIGQ9Ik0yMjQgMjU2YzAgMTIuOS03IDI0LjQtMTcuNyAyOS42TDE4NyAzMDkuOWMtNS40IDMtMTIuMyAzLjEtMTcuNy4xLTEwLjQtNS45LTE2LjctMTYuOS0xNi43LTI4LjZWMTk4YzAtMTIuOSA3LTI0LjQgMTcuNy0yOS42TDE4NyAxNDIuMWM1LjQtMyAxMi4zLTMuMSAxNy43LS4xIDEwLjQgNS45IDE2LjcgMTYuOSAxNi43IDI4LjZ2NTguMnoiLz48cGF0aCBmaWxsPSIjRkZDMTAyIiBkPSJNMjI0IDI1NmMwIDEyLjktNyAyNC40LTE3LjcgMjkuNkwxODcgMzA5LjljLTUuNCAzLTEyLjMgMy4xLTE3LjcuMS0xMC40LTUuOS0xNi43LTE2LjktMTYuNy0yOC42VjE5OGMwLTEyLjkgNy0yNC40IDE3LjctMjkuNkwxODcgMTQyLjFjNS40LTMgMTIuMy0zLjEgMTcuNy0uMSAxMC40IDUuOSAxNi43IDE2LjkgMTYuNyAyOC42djU4LjJ6Ii8+PC9zdmc+' height='20' width='20' style='vertical-align: middle;' /> <span style='color: #4285F4;'>Google Chrome</span></span></div>
<div style="border: 1px solid #ddd; padding: 8px; margin: 5px 0; border-radius: 4px; background-color: #f7f7f7; display: inline-block;"><strong>💻 #System Info</strong> :: <strong>PC Name</strong> ⇒ <span style="color: #001dff;">ANKUSH1111</span> &nbsp;&nbsp;|&nbsp;&nbsp; <strong>User</strong> ⇒ <span style="color: #006400;">HP</span></div>
⏳ Waiting for loader to disappear...
⏳ Verifying home page load...
❌ Navigation to Home Page failed: Expected condition failed: waiting for element to be clickable: By.xpath: //a[contains(@href,'https://demoqa.com')] (tried for 2 second(s) with 500 milliseconds interval)
Build info: version: '4.12.1', revision: '8e34639b11'
System info: os.name: 'Windows 11', os.arch: 'amd64', os.version: '10.0', java.version: '18.0.1.1'
Driver info: org.openqa.selenium.chrome.ChromeDriver
Capabilities {acceptInsecureCerts: false, browserName: chrome, browserVersion: 136.0.7103.114, chrome: {chromedriverVersion: 136.0.7103.113 (76fa3c17824..., userDataDir: C:\Users\HP\AppData\Local\T...}, fedcm:accounts: true, goog:chromeOptions: {debuggerAddress: localhost:63960}, networkConnectionEnabled: false, pageLoadStrategy: normal, platformName: windows, proxy: Proxy(), se:cdp: ws://localhost:63960/devtoo..., se:cdpVersion: 136.0.7103.114, setWindowRect: true, strictFileInteractability: false, timeouts: {implicit: 0, pageLoad: 300000, script: 30000}, unhandledPromptBehavior: dismiss and notify, webauthn:extension:credBlob: true, webauthn:extension:largeBlob: true, webauthn:extension:minPinLength: true, webauthn:extension:prf: true, webauthn:virtualAuthenticators: true}
Session ID: b22de8f484a725a99fe9529a98a50781
<div style="background-color:#ffeeba; border:2px solid #856404; border-radius:10px; padding:10px 15px; text-align:left; margin:10px 0; display:inline-block; color:#856404; box-shadow: 0px 4px 6px rgba(0, 0, 0, 0.2);"><p style='font-size:18px; margin:0;'><b>Skipped: 🔐 Admin Connection URL: jdbc:sqlserver://localhost:1433;database=QADEMO;integratedSecurity=true;encrypt=false;trustServerCertificate=true;loginTimeout=30;</b></p></div>
<div style="background-color:#ffeeba; border:2px solid #856404; border-radius:10px; padding:10px 15px; text-align:left; margin:10px 0; display:inline-block; color:#856404; box-shadow: 0px 4px 6px rgba(0, 0, 0, 0.2);"><p style='font-size:18px; margin:0;'><b>Skipped: 🔐 Company Connection URL: jdbc:sqlserver://localhost:1433;database=QADEMO;integratedSecurity=true;encrypt=false;trustServerCertificate=true;loginTimeout=30;</b></p></div>
<div style='border: 1px solid #e0e0e0;padding: 8px 12px;margin: 8px 0;border-radius: 6px;background: linear-gradient(to right, #f8f9fa, #ffffff);box-shadow: 0 2px 4px rgba(0,0,0,0.05);display: inline-block;font-family: Arial, sans-serif;'><span style='font-weight: bold;color: #333;'>🌍 Browser Info:</span> <span style='color: #2c7be5;font-weight: 500;'><img src='data:image/svg+xml;base64,PHN2ZyB4bWxucz0iaHR0cDovL3d3dy53My5vcmcvMjAwMC9zdmciIHZpZXdCb3g9IjAgMCA0NDggNTEyIj48cGF0aCBmaWxsPSIjRkZDMTAyIiBkPSJNMjI0IDI1NmMwIDEyLjktNyAyNC40LTE3LjcgMjkuNkwxODcgMzA5LjljLTUuNCAzLTEyLjMgMy4xLTE3LjcuMS0xMC40LTUuOS0xNi43LTE2LjktMTYuNy0yOC42VjE5OGMwLTEyLjkgNy0yNC40IDE3LjctMjkuNkwxODcgMTQyLjFjNS40LTMgMTIuMy0zLjEgMTcuNy0uMSAxMC40IDUuOSAxNi43IDE2LjkgMTYuNyAyOC42djU4LjJ6Ii8+PHBhdGggZmlsbD0iIzRBNDlGNSIgZD0iTTIyNCAyNTZjMCAxMi45LTcgMjQuNC0xNy43IDI5LjZMMTg3IDMwOS45Yy01LjQgMy0xMi4zIDMuMS0xNy43LjEtMTAuNC01LjktMTYuNy0xNi45LTE2LjctMjguNlYxOThjMC0xMi45IDctMjQuNCAxNy43LTI5LjZMMTg3IDE0Mi4xYzUuNC0zIDEyLjMtMy4xIDE3LjctLjEgMTAuNCA1LjkgMTYuNyAxNi45IDE2LjcgMjguNnY1OC4yeiIvPjxwYXRoIGZpbGw9IiNGRkMxMDIiIGQ9Ik0yMjQgMjU2YzAgMTIuOS03IDI0LjQtMTcuNyAyOS42TDE4NyAzMDkuOWMtNS40IDMtMTIuMyAzLjEtMTcuNy4xLTEwLjQtNS45LTE2LjctMTYuOS0xNi43LTI4LjZWMTk4YzAtMTIuOSA3LTI0LjQgMTcuNy0yOS42TDE4NyAxNDIuMWM1LjQtMyAxMi4zLTMuMSAxNy43LS4xIDEwLjQgNS45IDE2LjcgMTYuOSAxNi43IDI4LjZ2NTguMnoiLz48cGF0aCBmaWxsPSIjRkZDMTAyIiBkPSJNMjI0IDI1NmMwIDEyLjktNyAyNC40LTE3LjcgMjkuNkwxODcgMzA5LjljLTUuNCAzLTEyLjMgMy4xLTE3LjcuMS0xMC40LTUuOS0xNi43LTE2LjktMTYuNy0yOC42VjE5OGMwLTEyLjkgNy0yNC40IDE3LjctMjkuNkwxODcgMTQyLjFjNS40LTMgMTIuMy0zLjEgMTcuNy0uMSAxMC40IDUuOSAxNi43IDE2LjkgMTYuNyAyOC42djU4LjJ6Ii8+PC9zdmc+' height='20' width='20' style='vertical-align: middle;' /> <span style='color: #4285F4;'>Google Chrome</span></span></div>
<div style="border: 1px solid #ddd; padding: 8px; margin: 5px 0; border-radius: 4px; background-color: #f7f7f7; display: inline-block;"><strong>💻 #System Info</strong> :: <strong>PC Name</strong> ⇒ <span style="color: #001dff;">ANKUSH1111</span> &nbsp;&nbsp;|&nbsp;&nbsp; <strong>User</strong> ⇒ <span style="color: #006400;">HP</span></div>
<div style='border: 1px solid #ddd; padding: 8px; margin: 5px 0; border-radius: 4px; background-color: #f7f7f7; display: inline-block;'><strong>#TXTBX ▭</strong> :: <strong>Full Name</strong> Value entered ⇒ <span style='color: #009;'>Manish Gupta</span></div>
<div style='border: 1px solid #ddd; padding: 8px; margin: 5px 0; border-radius: 4px; background-color: #f7f7f7; display: inline-block;'><strong>#TXTBX ▭</strong> :: <strong>Email</strong> Value entered ⇒ <span style='color: #009;'>manish.gupta@test.com</span></div>
<div style='border: 1px solid #ddd; padding: 8px; margin: 5px 0; border-radius: 4px; background-color: #f7f7f7; display: inline-block;'><strong>#TXTBX ▭</strong> :: <strong>Current Address</strong> Value entered ⇒ <span style='color: #009;'>Delhi</span></div>
<div style='border: 1px solid #ddd; padding: 8px; margin: 5px 0; border-radius: 4px; background-color: #f7f7f7; display: inline-block;'><strong>#TXTBX ▭</strong> :: <strong>Permanent Address</strong> Value entered ⇒ <span style='color: #009;'>Noida, Uttar Pradesh</span></div>
<div style='border: 1px solid #ddd; padding: 8px; margin: 5px 0; border-radius: 4px; background-color: #f7f7f7; display: inline-block;'><strong>#BTN 📤</strong> :: <strong>Clicked On</strong> ⇒ <span style='color: #001dff;'>Submit Button</span></div>
✅ Updated AutomationTestingStatus for FormId 101021 to '[Automation Tester] TextBox Form Submitted Successfully at 01/06/2025 09:16:33 PM'
📋 Navigating to Home Page...
📋 Attempting to close modal popup (if present)...
⏳ Waiting for Home link to be clickable...
✅ Home link found: https://demoqa.com/
📋 Clicking on Home link...
<div style='border: 1px solid #ddd; padding: 8px; margin: 5px 0; border-radius: 4px; background-color: #f7f7f7; display: inline-block;'><strong>#TXTBX ▭</strong> :: <strong>First Name</strong> Value entered ⇒ <span style='color: #009;'>Ayesha</span></div>
<div style='border: 1px solid #ddd; padding: 8px; margin: 5px 0; border-radius: 4px; background-color: #f7f7f7; display: inline-block;'><strong>#TXTBX ▭</strong> :: <strong>Last Name</strong> Value entered ⇒ <span style='color: #009;'>Khan</span></div>
<div style='border: 1px solid #ddd; padding: 8px; margin: 5px 0; border-radius: 4px; background-color: #f7f7f7; display: inline-block;'><strong>#TXTBX ▭</strong> :: <strong>Email</strong> Value entered ⇒ <span style='color: #009;'>ayesha.khan@test.com</span></div>
Clicked On :: Gender Female Radio
<div style='border: 1px solid #ddd; padding: 8px; margin: 5px 0; border-radius: 4px; background-color: #f7f7f7; display: inline-block;'><strong>#TXTBX ▭</strong> :: <strong>Mobile Number</strong> Value entered ⇒ <span style='color: #009;'>9871234569</span></div>
⏳ Waiting for loader to disappear...
⏳ Verifying home page load...
Clicked On :: Date Picker - Date of Birth
#DATEPICKER 📅 :: Date of Birth :: Date successfully picked :: 1991-12-07
<div style='border: 1px solid #ddd; padding: 8px; margin: 5px 0; border-radius: 4px; background-color: #f7f7f7; display: inline-block;'><strong>#TXTBX ▭</strong> :: <strong>Subject</strong> Value entered ⇒ <span style='color: #009;'>Chemistry</span></div>
❌ Navigation to Home Page failed: Expected condition failed: waiting for url to contain "home". Current url: "https://demoqa.com/" (tried for 10 second(s) with 500 milliseconds interval)
Build info: version: '4.12.1', revision: '8e34639b11'
System info: os.name: 'Windows 11', os.arch: 'amd64', os.version: '10.0', java.version: '18.0.1.1'
Driver info: org.openqa.selenium.chrome.ChromeDriver
Capabilities {acceptInsecureCerts: false, browserName: chrome, browserVersion: 136.0.7103.114, chrome: {chromedriverVersion: 136.0.7103.113 (76fa3c17824..., userDataDir: C:\Users\HP\AppData\Local\T...}, fedcm:accounts: true, goog:chromeOptions: {debuggerAddress: localhost:53181}, networkConnectionEnabled: false, pageLoadStrategy: normal, platformName: windows, proxy: Proxy(), se:cdp: ws://localhost:53181/devtoo..., se:cdpVersion: 136.0.7103.114, setWindowRect: true, strictFileInteractability: false, timeouts: {implicit: 0, pageLoad: 300000, script: 30000}, unhandledPromptBehavior: dismiss and notify, webauthn:extension:credBlob: true, webauthn:extension:largeBlob: true, webauthn:extension:minPinLength: true, webauthn:extension:prf: true, webauthn:virtualAuthenticators: true}
Session ID: 35c9159c033971dcb76a9982a22a7c38
<h3 style="color:#132043;"><b> Iteration Number &#10781; :11</b></h4>
<div style='border: 1px solid #e0e0e0;padding: 8px 12px;margin: 8px 0;border-radius: 6px;background: linear-gradient(to right, #f8f9fa, #ffffff);box-shadow: 0 2px 4px rgba(0,0,0,0.05);display: inline-block;font-family: Arial, sans-serif;'><span style='font-weight: bold;color: #333;'>🌍 Browser Info:</span> <span style='color: #2c7be5;font-weight: 500;'><img src='data:image/svg+xml;base64,PHN2ZyB4bWxucz0iaHR0cDovL3d3dy53My5vcmcvMjAwMC9zdmciIHZpZXdCb3g9IjAgMCA0NDggNTEyIj48cGF0aCBmaWxsPSIjRkZDMTAyIiBkPSJNMjI0IDI1NmMwIDEyLjktNyAyNC40LTE3LjcgMjkuNkwxODcgMzA5LjljLTUuNCAzLTEyLjMgMy4xLTE3LjcuMS0xMC40LTUuOS0xNi43LTE2LjktMTYuNy0yOC42VjE5OGMwLTEyLjkgNy0yNC40IDE3LjctMjkuNkwxODcgMTQyLjFjNS40LTMgMTIuMy0zLjEgMTcuNy0uMSAxMC40IDUuOSAxNi43IDE2LjkgMTYuNyAyOC42djU4LjJ6Ii8+PHBhdGggZmlsbD0iIzRBNDlGNSIgZD0iTTIyNCAyNTZjMCAxMi45LTcgMjQuNC0xNy43IDI5LjZMMTg3IDMwOS45Yy01LjQgMy0xMi4zIDMuMS0xNy43LjEtMTAuNC01LjktMTYuNy0xNi45LTE2LjctMjguNlYxOThjMC0xMi45IDctMjQuNCAxNy43LTI5LjZMMTg3IDE0Mi4xYzUuNC0zIDEyLjMtMy4xIDE3LjctLjEgMTAuNCA1LjkgMTYuNyAxNi45IDE2LjcgMjguNnY1OC4yeiIvPjxwYXRoIGZpbGw9IiNGRkMxMDIiIGQ9Ik0yMjQgMjU2YzAgMTIuOS03IDI0LjQtMTcuNyAyOS42TDE4NyAzMDkuOWMtNS40IDMtMTIuMyAzLjEtMTcuNy4xLTEwLjQtNS45LTE2LjctMTYuOS0xNi43LTI4LjZWMTk4YzAtMTIuOSA3LTI0LjQgMTcuNy0yOS42TDE4NyAxNDIuMWM1LjQtMyAxMi4zLTMuMSAxNy43LS4xIDEwLjQgNS45IDE2LjcgMTYuOSAxNi43IDI4LjZ2NTguMnoiLz48cGF0aCBmaWxsPSIjRkZDMTAyIiBkPSJNMjI0IDI1NmMwIDEyLjktNyAyNC40LTE3LjcgMjkuNkwxODcgMzA5LjljLTUuNCAzLTEyLjMgMy4xLTE3LjcuMS0xMC40LTUuOS0xNi43LTE2LjktMTYuNy0yOC42VjE5OGMwLTEyLjkgNy0yNC40IDE3LjctMjkuNkwxODcgMTQyLjFjNS40LTMgMTIuMy0zLjEgMTcuNy0uMSAxMC40IDUuOSAxNi43IDE2LjkgMTYuNyAyOC42djU4LjJ6Ii8+PC9zdmc+' height='20' width='20' style='vertical-align: middle;' /> <span style='color: #4285F4;'>Google Chrome</span></span></div>
<div style="border: 1px solid #ddd; padding: 8px; margin: 5px 0; border-radius: 4px; background-color: #f7f7f7; display: inline-block;"><strong>💻 #System Info</strong> :: <strong>PC Name</strong> ⇒ <span style="color: #001dff;">ANKUSH1111</span> &nbsp;&nbsp;|&nbsp;&nbsp; <strong>User</strong> ⇒ <span style="color: #006400;">HP</span></div>
❌ Navigation to Home Page failed: Expected condition failed: waiting for url to contain "home". Current url: "https://demoqa.com/" (tried for 10 second(s) with 500 milliseconds interval)
Build info: version: '4.12.1', revision: '8e34639b11'
System info: os.name: 'Windows 11', os.arch: 'amd64', os.version: '10.0', java.version: '18.0.1.1'
Driver info: org.openqa.selenium.chrome.ChromeDriver
Capabilities {acceptInsecureCerts: false, browserName: chrome, browserVersion: 136.0.7103.114, chrome: {chromedriverVersion: 136.0.7103.113 (76fa3c17824..., userDataDir: C:\Users\HP\AppData\Local\T...}, fedcm:accounts: true, goog:chromeOptions: {debuggerAddress: localhost:63962}, networkConnectionEnabled: false, pageLoadStrategy: normal, platformName: windows, proxy: Proxy(), se:cdp: ws://localhost:63962/devtoo..., se:cdpVersion: 136.0.7103.114, setWindowRect: true, strictFileInteractability: false, timeouts: {implicit: 0, pageLoad: 300000, script: 30000}, unhandledPromptBehavior: dismiss and notify, webauthn:extension:credBlob: true, webauthn:extension:largeBlob: true, webauthn:extension:minPinLength: true, webauthn:extension:prf: true, webauthn:virtualAuthenticators: true}
Session ID: 40bb75698d2fe6383849b73a3523e5f4
<h3 style="color:#132043;"><b> Iteration Number &#10781; :17</b></h4>
<div style='border: 1px solid #e0e0e0;padding: 8px 12px;margin: 8px 0;border-radius: 6px;background: linear-gradient(to right, #f8f9fa, #ffffff);box-shadow: 0 2px 4px rgba(0,0,0,0.05);display: inline-block;font-family: Arial, sans-serif;'><span style='font-weight: bold;color: #333;'>🌍 Browser Info:</span> <span style='color: #2c7be5;font-weight: 500;'><img src='data:image/svg+xml;base64,PHN2ZyB4bWxucz0iaHR0cDovL3d3dy53My5vcmcvMjAwMC9zdmciIHZpZXdCb3g9IjAgMCA0NDggNTEyIj48cGF0aCBmaWxsPSIjRkZDMTAyIiBkPSJNMjI0IDI1NmMwIDEyLjktNyAyNC40LTE3LjcgMjkuNkwxODcgMzA5LjljLTUuNCAzLTEyLjMgMy4xLTE3LjcuMS0xMC40LTUuOS0xNi43LTE2LjktMTYuNy0yOC42VjE5OGMwLTEyLjkgNy0yNC40IDE3LjctMjkuNkwxODcgMTQyLjFjNS40LTMgMTIuMy0zLjEgMTcuNy0uMSAxMC40IDUuOSAxNi43IDE2LjkgMTYuNyAyOC42djU4LjJ6Ii8+PHBhdGggZmlsbD0iIzRBNDlGNSIgZD0iTTIyNCAyNTZjMCAxMi45LTcgMjQuNC0xNy43IDI5LjZMMTg3IDMwOS45Yy01LjQgMy0xMi4zIDMuMS0xNy43LjEtMTAuNC01LjktMTYuNy0xNi45LTE2LjctMjguNlYxOThjMC0xMi45IDctMjQuNCAxNy43LTI5LjZMMTg3IDE0Mi4xYzUuNC0zIDEyLjMtMy4xIDE3LjctLjEgMTAuNCA1LjkgMTYuNyAxNi45IDE2LjcgMjguNnY1OC4yeiIvPjxwYXRoIGZpbGw9IiNGRkMxMDIiIGQ9Ik0yMjQgMjU2YzAgMTIuOS03IDI0LjQtMTcuNyAyOS42TDE4NyAzMDkuOWMtNS40IDMtMTIuMyAzLjEtMTcuNy4xLTEwLjQtNS45LTE2LjctMTYuOS0xNi43LTI4LjZWMTk4YzAtMTIuOSA3LTI0LjQgMTcuNy0yOS42TDE4NyAxNDIuMWM1LjQtMyAxMi4zLTMuMSAxNy43LS4xIDEwLjQgNS45IDE2LjcgMTYuOSAxNi43IDI4LjZ2NTguMnoiLz48cGF0aCBmaWxsPSIjRkZDMTAyIiBkPSJNMjI0IDI1NmMwIDEyLjktNyAyNC40LTE3LjcgMjkuNkwxODcgMzA5LjljLTUuNCAzLTEyLjMgMy4xLTE3LjcuMS0xMC40LTUuOS0xNi43LTE2LjktMTYuNy0yOC42VjE5OGMwLTEyLjkgNy0yNC40IDE3LjctMjkuNkwxODcgMTQyLjFjNS40LTMgMTIuMy0zLjEgMTcuNy0uMSAxMC40IDUuOSAxNi43IDE2LjkgMTYuNyAyOC42djU4LjJ6Ii8+PC9zdmc+' height='20' width='20' style='vertical-align: middle;' /> <span style='color: #4285F4;'>Google Chrome</span></span></div>
<div style="border: 1px solid #ddd; padding: 8px; margin: 5px 0; border-radius: 4px; background-color: #f7f7f7; display: inline-block;"><strong>💻 #System Info</strong> :: <strong>PC Name</strong> ⇒ <span style="color: #001dff;">ANKUSH1111</span> &nbsp;&nbsp;|&nbsp;&nbsp; <strong>User</strong> ⇒ <span style="color: #006400;">HP</span></div>
Click Sucessfully==Again Double Click==Hobby: Sports
Clicked On :: Hobby: Music
<div style='border: 1px solid #ddd; padding: 8px; margin: 5px 0; border-radius: 4px; background-color: #f7f7f7; display: inline-block;'><strong>#FILEUP 🔼</strong> :: <strong>Profile Picture</strong> File Uploaded ⇒ <span style='color: #001dff;'>valdn01_07_2025_02_07_42.png</span></div>
<div style='border: 1px solid #ddd; padding: 8px; margin: 5px 0; border-radius: 4px; background-color: #f7f7f7; display: inline-block;'><strong>#TXTBX ▭</strong> :: <strong>Current Address</strong> Value entered ⇒ <span style='color: #009;'>Bhopal, Madhya Pradesh</span></div>
<div style='border: 1px solid #ddd; padding: 8px; margin: 5px 0; border-radius: 4px; background-color: #f7f7f7; display: inline-block;'><strong>#TXTBX ▭</strong> :: <strong>Full Name</strong> Value entered ⇒ <span style='color: #009;'>Manish Gupta</span></div>
<div style='border: 1px solid #ddd; padding: 8px; margin: 5px 0; border-radius: 4px; background-color: #f7f7f7; display: inline-block;'><strong>#TXTBX ▭</strong> :: <strong>Email</strong> Value entered ⇒ <span style='color: #009;'>manish.gupta@test.com</span></div>
<div style='border: 1px solid #ddd; padding: 8px; margin: 5px 0; border-radius: 4px; background-color: #f7f7f7; display: inline-block;'><strong>#TXTBX ▭</strong> :: <strong>Current Address</strong> Value entered ⇒ <span style='color: #009;'>Delhi</span></div>
<div style='border: 1px solid #ddd; padding: 8px; margin: 5px 0; border-radius: 4px; background-color: #f7f7f7; display: inline-block;'><strong>#TXTBX ▭</strong> :: <strong>Permanent Address</strong> Value entered ⇒ <span style='color: #009;'>Noida, Uttar Pradesh</span></div>
<div style='border: 1px solid #ddd; padding: 8px; margin: 5px 0; border-radius: 4px; background-color: #f7f7f7; display: inline-block;'><strong>#BTN 📤</strong> :: <strong>Clicked On</strong> ⇒ <span style='color: #001dff;'>Submit Button</span></div>
📋 Navigating to Home Page...
📋 Attempting to close modal popup (if present)...
⏳ Waiting for Home link to be clickable...
✅ Home link found: https://demoqa.com/
📋 Clicking on Home link...
<div style='border: 1px solid #ddd; padding: 8px; margin: 5px 0; border-radius: 4px; background-color: #f7f7f7; display: inline-block;'><strong>#TXTBX ▭</strong> :: <strong>Full Name</strong> Value entered ⇒ <span style='color: #009;'>Rajesh Kumar</span></div>
<div style='border: 1px solid #ddd; padding: 8px; margin: 5px 0; border-radius: 4px; background-color: #f7f7f7; display: inline-block;'><strong>#TXTBX ▭</strong> :: <strong>Email</strong> Value entered ⇒ <span style='color: #009;'>rajesh.kumar@test.com</span></div>
<div style='border: 1px solid #ddd; padding: 8px; margin: 5px 0; border-radius: 4px; background-color: #f7f7f7; display: inline-block;'><strong>#TXTBX ▭</strong> :: <strong>Current Address</strong> Value entered ⇒ <span style='color: #009;'>Ranchi, Jharkhand</span></div>
<div style='border: 1px solid #ddd; padding: 8px; margin: 5px 0; border-radius: 4px; background-color: #f7f7f7; display: inline-block;'><strong>#TXTBX ▭</strong> :: <strong>Permanent Address</strong> Value entered ⇒ <span style='color: #009;'>Jamshedpur, Jharkhand</span></div>
<div style='border: 1px solid #ddd; padding: 8px; margin: 5px 0; border-radius: 4px; background-color: #f7f7f7; display: inline-block;'><strong>#BTN 📤</strong> :: <strong>Clicked On</strong> ⇒ <span style='color: #001dff;'>Submit Button</span></div>
⏳ Waiting for loader to disappear...
⏳ Verifying home page load...
📋 Navigating to Home Page...
📋 Attempting to close modal popup (if present)...
⏳ Waiting for Home link to be clickable...
✅ Home link found: https://demoqa.com/
📋 Clicking on Home link...
❌ Navigation to Home Page failed: Expected condition failed: waiting for url to contain "home". Current url: "https://demoqa.com/" (tried for 10 second(s) with 500 milliseconds interval)
Build info: version: '4.12.1', revision: '8e34639b11'
System info: os.name: 'Windows 11', os.arch: 'amd64', os.version: '10.0', java.version: '18.0.1.1'
Driver info: org.openqa.selenium.chrome.ChromeDriver
Capabilities {acceptInsecureCerts: false, browserName: chrome, browserVersion: 136.0.7103.114, chrome: {chromedriverVersion: 136.0.7103.113 (76fa3c17824..., userDataDir: C:\Users\HP\AppData\Local\T...}, fedcm:accounts: true, goog:chromeOptions: {debuggerAddress: localhost:63963}, networkConnectionEnabled: false, pageLoadStrategy: normal, platformName: windows, proxy: Proxy(), se:cdp: ws://localhost:63963/devtoo..., se:cdpVersion: 136.0.7103.114, setWindowRect: true, strictFileInteractability: false, timeouts: {implicit: 0, pageLoad: 300000, script: 30000}, unhandledPromptBehavior: dismiss and notify, webauthn:extension:credBlob: true, webauthn:extension:largeBlob: true, webauthn:extension:minPinLength: true, webauthn:extension:prf: true, webauthn:virtualAuthenticators: true}
Session ID: 2d878eeb16294432cfaadd75059ef6bf
<div style="background-color:#ffeeba; border:2px solid #856404; border-radius:10px; padding:10px 15px; text-align:left; margin:10px 0; display:inline-block; color:#856404; box-shadow: 0px 4px 6px rgba(0, 0, 0, 0.2);"><p style='font-size:18px; margin:0;'><b>Skipped: 🔐 Admin Connection URL: jdbc:sqlserver://localhost:1433;database=QADEMO;integratedSecurity=true;encrypt=false;trustServerCertificate=true;loginTimeout=30;</b></p></div>
<div style="background-color:#ffeeba; border:2px solid #856404; border-radius:10px; padding:10px 15px; text-align:left; margin:10px 0; display:inline-block; color:#856404; box-shadow: 0px 4px 6px rgba(0, 0, 0, 0.2);"><p style='font-size:18px; margin:0;'><b>Skipped: 🔐 Company Connection URL: jdbc:sqlserver://localhost:1433;database=QADEMO;integratedSecurity=true;encrypt=false;trustServerCertificate=true;loginTimeout=30;</b></p></div>
<div style='border: 1px solid #e0e0e0;padding: 8px 12px;margin: 8px 0;border-radius: 6px;background: linear-gradient(to right, #f8f9fa, #ffffff);box-shadow: 0 2px 4px rgba(0,0,0,0.05);display: inline-block;font-family: Arial, sans-serif;'><span style='font-weight: bold;color: #333;'>🌍 Browser Info:</span> <span style='color: #2c7be5;font-weight: 500;'><img src='data:image/svg+xml;base64,PHN2ZyB4bWxucz0iaHR0cDovL3d3dy53My5vcmcvMjAwMC9zdmciIHZpZXdCb3g9IjAgMCA0NDggNTEyIj48cGF0aCBmaWxsPSIjRkZDMTAyIiBkPSJNMjI0IDI1NmMwIDEyLjktNyAyNC40LTE3LjcgMjkuNkwxODcgMzA5LjljLTUuNCAzLTEyLjMgMy4xLTE3LjcuMS0xMC40LTUuOS0xNi43LTE2LjktMTYuNy0yOC42VjE5OGMwLTEyLjkgNy0yNC40IDE3LjctMjkuNkwxODcgMTQyLjFjNS40LTMgMTIuMy0zLjEgMTcuNy0uMSAxMC40IDUuOSAxNi43IDE2LjkgMTYuNyAyOC42djU4LjJ6Ii8+PHBhdGggZmlsbD0iIzRBNDlGNSIgZD0iTTIyNCAyNTZjMCAxMi45LTcgMjQuNC0xNy43IDI5LjZMMTg3IDMwOS45Yy01LjQgMy0xMi4zIDMuMS0xNy43LjEtMTAuNC01LjktMTYuNy0xNi45LTE2LjctMjguNlYxOThjMC0xMi45IDctMjQuNCAxNy43LTI5LjZMMTg3IDE0Mi4xYzUuNC0zIDEyLjMtMy4xIDE3LjctLjEgMTAuNCA1LjkgMTYuNyAxNi45IDE2LjcgMjguNnY1OC4yeiIvPjxwYXRoIGZpbGw9IiNGRkMxMDIiIGQ9Ik0yMjQgMjU2YzAgMTIuOS03IDI0LjQtMTcuNyAyOS42TDE4NyAzMDkuOWMtNS40IDMtMTIuMyAzLjEtMTcuNy4xLTEwLjQtNS45LTE2LjctMTYuOS0xNi43LTI4LjZWMTk4YzAtMTIuOSA3LTI0LjQgMTcuNy0yOS42TDE4NyAxNDIuMWM1LjQtMyAxMi4zLTMuMSAxNy43LS4xIDEwLjQgNS45IDE2LjcgMTYuOSAxNi43IDI4LjZ2NTguMnoiLz48cGF0aCBmaWxsPSIjRkZDMTAyIiBkPSJNMjI0IDI1NmMwIDEyLjktNyAyNC40LTE3LjcgMjkuNkwxODcgMzA5LjljLTUuNCAzLTEyLjMgMy4xLTE3LjcuMS0xMC40LTUuOS0xNi43LTE2LjktMTYuNy0yOC42VjE5OGMwLTEyLjkgNy0yNC40IDE3LjctMjkuNkwxODcgMTQyLjFjNS40LTMgMTIuMy0zLjEgMTcuNy0uMSAxMC40IDUuOSAxNi43IDE2LjkgMTYuNyAyOC42djU4LjJ6Ii8+PC9zdmc+' height='20' width='20' style='vertical-align: middle;' /> <span style='color: #4285F4;'>Google Chrome</span></span></div>
<div style="border: 1px solid #ddd; padding: 8px; margin: 5px 0; border-radius: 4px; background-color: #f7f7f7; display: inline-block;"><strong>💻 #System Info</strong> :: <strong>PC Name</strong> ⇒ <span style="color: #001dff;">ANKUSH1111</span> &nbsp;&nbsp;|&nbsp;&nbsp; <strong>User</strong> ⇒ <span style="color: #006400;">HP</span></div>
⏳ Waiting for loader to disappear...
⏳ Verifying home page load...
<div style='border: 1px solid #ddd; padding: 8px; margin: 5px 0; border-radius: 4px; background-color: #f7f7f7; display: inline-block;'><strong>#TXTBX ▭</strong> :: <strong>Full Name</strong> Value entered ⇒ <span style='color: #009;'>Ayesha Khan</span></div>
<div style='border: 1px solid #ddd; padding: 8px; margin: 5px 0; border-radius: 4px; background-color: #f7f7f7; display: inline-block;'><strong>#TXTBX ▭</strong> :: <strong>Email</strong> Value entered ⇒ <span style='color: #009;'>ayesha.khan@test.com</span></div>
<div style='border: 1px solid #ddd; padding: 8px; margin: 5px 0; border-radius: 4px; background-color: #f7f7f7; display: inline-block;'><strong>#TXTBX ▭</strong> :: <strong>Current Address</strong> Value entered ⇒ <span style='color: #009;'>Bhopal, Madhya Pradesh</span></div>
<div style='border: 1px solid #ddd; padding: 8px; margin: 5px 0; border-radius: 4px; background-color: #f7f7f7; display: inline-block;'><strong>#TXTBX ▭</strong> :: <strong>Permanent Address</strong> Value entered ⇒ <span style='color: #009;'>Gwalior, Madhya Pradesh</span></div>
Click Sucessfully==Again Double Click==Submit Button
<div style='border: 1px solid #ddd; padding: 8px; margin: 5px 0; border-radius: 4px; background-color: #f7f7f7; display: inline-block;'><strong>#BTN 📤</strong> :: <strong>Clicked On</strong> ⇒ <span style='color: #001dff;'>Submit Button</span></div>
✅ Updated AutomationTestingStatus for FormId 101022 to '[Automation Tester] TextBox Form Submitted Successfully at 01/06/2025 09:16:48 PM'
📋 Navigating to Home Page...
📋 Attempting to close modal popup (if present)...
⏳ Waiting for Home link to be clickable...
✅ Home link found: https://demoqa.com/
📋 Clicking on Home link...
⏳ Waiting for loader to disappear...
⏳ Verifying home page load...
<font color =#18122B><b>Sceenshot Path::C:\Users\HP\Documents\Ahmedabad\ANKUSH_FRAMEWORK\ScreenShots\Validation\valdn01_16_2025_09_16_49.png</b></font>
<h4>Time :01/06/2025 09:16:49 PM</h4>
<br>
<img src="C:\Users\HP\Documents\Ahmedabad\ANKUSH_FRAMEWORK\ScreenShots\Validation\valdn01_16_2025_09_16_49.png" width="1000" height="500" ></img>
<br>
<br>
<div style="background-color:#ffeeba; border:2px solid #856404; border-radius:10px; padding:10px 15px; text-align:left; margin:10px 0; display:inline-block; color:#856404; box-shadow: 0px 4px 6px rgba(0, 0, 0, 0.2);"><p style='font-size:18px; margin:0;'><b>Skipped: Screenshot saved at: C:\Users\HP\Documents\Ahmedabad\ANKUSH_FRAMEWORK\ScreenShots\Validation\valdn01_16_2025_09_16_49.png</b></p></div>
<table><tr><th style='font-weight: normal;'>Student Name</th><th>Ayesha Khan</th></tr><tr><th style='font-weight: normal;'>Student Email</th><th>ayesha.khan@test.com</th></tr><tr><th style='font-weight: normal;'>Gender</th><th>Female</th></tr><tr><th style='font-weight: normal;'>Mobile</th><th>9871234569</th></tr><tr><th style='font-weight: normal;'>Date of Birth</th><th>07 December,1991</th></tr><tr><th style='font-weight: normal;'>Subjects</th><th>Chemistry</th></tr><tr><th style='font-weight: normal;'>Hobbies</th><th>Sports, Music</th></tr><tr><th style='font-weight: normal;'>Picture</th><th>valdn01_07_2025_02_07_42.png</th></tr><tr><th style='font-weight: normal;'>Address</th><th>Bhopal, Madhya Pradesh</th></tr><tr><th style='font-weight: normal;'>State and City</th><th></th></tr></table>
✅ Updated AutomationTestingStatus for FormId 101022 to '✅ [Automation Tester] Automation Testing Successfully Done and Form Successfully Submitted :: On Timestamp 01/06/2025 09:16:50 PM'
📋 Navigating to Home Page...
📋 Attempting to close modal popup (if present)...
⏳ Waiting for Home link to be clickable...
❌ Navigation to Home Page failed: Expected condition failed: waiting for element to be clickable: By.xpath: //a[contains(@href,'https://demoqa.com')] (tried for 2 second(s) with 500 milliseconds interval)
Build info: version: '4.12.1', revision: '8e34639b11'
System info: os.name: 'Windows 11', os.arch: 'amd64', os.version: '10.0', java.version: '18.0.1.1'
Driver info: org.openqa.selenium.chrome.ChromeDriver
Capabilities {acceptInsecureCerts: false, browserName: chrome, browserVersion: 136.0.7103.114, chrome: {chromedriverVersion: 136.0.7103.113 (76fa3c17824..., userDataDir: C:\Users\HP\AppData\Local\T...}, fedcm:accounts: true, goog:chromeOptions: {debuggerAddress: localhost:63960}, networkConnectionEnabled: false, pageLoadStrategy: normal, platformName: windows, proxy: Proxy(), se:cdp: ws://localhost:63960/devtoo..., se:cdpVersion: 136.0.7103.114, setWindowRect: true, strictFileInteractability: false, timeouts: {implicit: 0, pageLoad: 300000, script: 30000}, unhandledPromptBehavior: dismiss and notify, webauthn:extension:credBlob: true, webauthn:extension:largeBlob: true, webauthn:extension:minPinLength: true, webauthn:extension:prf: true, webauthn:virtualAuthenticators: true}
Session ID: b22de8f484a725a99fe9529a98a50781
<div style="background-color:#ffeeba; border:2px solid #856404; border-radius:10px; padding:10px 15px; text-align:left; margin:10px 0; display:inline-block; color:#856404; box-shadow: 0px 4px 6px rgba(0, 0, 0, 0.2);"><p style='font-size:18px; margin:0;'><b>Skipped: 🔐 Admin Connection URL: jdbc:sqlserver://localhost:1433;database=QADEMO;integratedSecurity=true;encrypt=false;trustServerCertificate=true;loginTimeout=30;</b></p></div>
<div style="background-color:#ffeeba; border:2px solid #856404; border-radius:10px; padding:10px 15px; text-align:left; margin:10px 0; display:inline-block; color:#856404; box-shadow: 0px 4px 6px rgba(0, 0, 0, 0.2);"><p style='font-size:18px; margin:0;'><b>Skipped: 🔐 Company Connection URL: jdbc:sqlserver://localhost:1433;database=QADEMO;integratedSecurity=true;encrypt=false;trustServerCertificate=true;loginTimeout=30;</b></p></div>
<div style='border: 1px solid #e0e0e0;padding: 8px 12px;margin: 8px 0;border-radius: 6px;background: linear-gradient(to right, #f8f9fa, #ffffff);box-shadow: 0 2px 4px rgba(0,0,0,0.05);display: inline-block;font-family: Arial, sans-serif;'><span style='font-weight: bold;color: #333;'>🌍 Browser Info:</span> <span style='color: #2c7be5;font-weight: 500;'><img src='data:image/svg+xml;base64,PHN2ZyB4bWxucz0iaHR0cDovL3d3dy53My5vcmcvMjAwMC9zdmciIHZpZXdCb3g9IjAgMCA0NDggNTEyIj48cGF0aCBmaWxsPSIjRkZDMTAyIiBkPSJNMjI0IDI1NmMwIDEyLjktNyAyNC40LTE3LjcgMjkuNkwxODcgMzA5LjljLTUuNCAzLTEyLjMgMy4xLTE3LjcuMS0xMC40LTUuOS0xNi43LTE2LjktMTYuNy0yOC42VjE5OGMwLTEyLjkgNy0yNC40IDE3LjctMjkuNkwxODcgMTQyLjFjNS40LTMgMTIuMy0zLjEgMTcuNy0uMSAxMC40IDUuOSAxNi43IDE2LjkgMTYuNyAyOC42djU4LjJ6Ii8+PHBhdGggZmlsbD0iIzRBNDlGNSIgZD0iTTIyNCAyNTZjMCAxMi45LTcgMjQuNC0xNy43IDI5LjZMMTg3IDMwOS45Yy01LjQgMy0xMi4zIDMuMS0xNy43LjEtMTAuNC01LjktMTYuNy0xNi45LTE2LjctMjguNlYxOThjMC0xMi45IDctMjQuNCAxNy43LTI5LjZMMTg3IDE0Mi4xYzUuNC0zIDEyLjMtMy4xIDE3LjctLjEgMTAuNCA1LjkgMTYuNyAxNi45IDE2LjcgMjguNnY1OC4yeiIvPjxwYXRoIGZpbGw9IiNGRkMxMDIiIGQ9Ik0yMjQgMjU2YzAgMTIuOS03IDI0LjQtMTcuNyAyOS42TDE4NyAzMDkuOWMtNS40IDMtMTIuMyAzLjEtMTcuNy4xLTEwLjQtNS45LTE2LjctMTYuOS0xNi43LTI4LjZWMTk4YzAtMTIuOSA3LTI0LjQgMTcuNy0yOS42TDE4NyAxNDIuMWM1LjQtMyAxMi4zLTMuMSAxNy43LS4xIDEwLjQgNS45IDE2LjcgMTYuOSAxNi43IDI4LjZ2NTguMnoiLz48cGF0aCBmaWxsPSIjRkZDMTAyIiBkPSJNMjI0IDI1NmMwIDEyLjktNyAyNC40LTE3LjcgMjkuNkwxODcgMzA5LjljLTUuNCAzLTEyLjMgMy4xLTE3LjcuMS0xMC40LTUuOS0xNi43LTE2LjktMTYuNy0yOC42VjE5OGMwLTEyLjkgNy0yNC40IDE3LjctMjkuNkwxODcgMTQyLjFjNS40LTMgMTIuMy0zLjEgMTcuNy0uMSAxMC40IDUuOSAxNi43IDE2LjkgMTYuNyAyOC42djU4LjJ6Ii8+PC9zdmc+' height='20' width='20' style='vertical-align: middle;' /> <span style='color: #4285F4;'>Google Chrome</span></span></div>
<div style="border: 1px solid #ddd; padding: 8px; margin: 5px 0; border-radius: 4px; background-color: #f7f7f7; display: inline-block;"><strong>💻 #System Info</strong> :: <strong>PC Name</strong> ⇒ <span style="color: #001dff;">ANKUSH1111</span> &nbsp;&nbsp;|&nbsp;&nbsp; <strong>User</strong> ⇒ <span style="color: #006400;">HP</span></div>
<div style='border: 1px solid #ddd; padding: 8px; margin: 5px 0; border-radius: 4px; background-color: #f7f7f7; display: inline-block;'><strong>#TXTBX ▭</strong> :: <strong>First Name</strong> Value entered ⇒ <span style='color: #009;'>Rohan</span></div>
<div style='border: 1px solid #ddd; padding: 8px; margin: 5px 0; border-radius: 4px; background-color: #f7f7f7; display: inline-block;'><strong>#TXTBX ▭</strong> :: <strong>Last Name</strong> Value entered ⇒ <span style='color: #009;'>Joshi</span></div>
<div style='border: 1px solid #ddd; padding: 8px; margin: 5px 0; border-radius: 4px; background-color: #f7f7f7; display: inline-block;'><strong>#TXTBX ▭</strong> :: <strong>Email</strong> Value entered ⇒ <span style='color: #009;'>rohan.joshi@test.com</span></div>
Clicked On :: Gender Male Radio
<div style='border: 1px solid #ddd; padding: 8px; margin: 5px 0; border-radius: 4px; background-color: #f7f7f7; display: inline-block;'><strong>#TXTBX ▭</strong> :: <strong>Mobile Number</strong> Value entered ⇒ <span style='color: #009;'>9123456791</span></div>
❌ Navigation to Home Page failed: Expected condition failed: waiting for url to contain "home". Current url: "https://demoqa.com/" (tried for 10 second(s) with 500 milliseconds interval)
Build info: version: '4.12.1', revision: '8e34639b11'
System info: os.name: 'Windows 11', os.arch: 'amd64', os.version: '10.0', java.version: '18.0.1.1'
Driver info: org.openqa.selenium.chrome.ChromeDriver
Capabilities {acceptInsecureCerts: false, browserName: chrome, browserVersion: 136.0.7103.114, chrome: {chromedriverVersion: 136.0.7103.113 (76fa3c17824..., userDataDir: C:\Users\HP\AppData\Local\T...}, fedcm:accounts: true, goog:chromeOptions: {debuggerAddress: localhost:53181}, networkConnectionEnabled: false, pageLoadStrategy: normal, platformName: windows, proxy: Proxy(), se:cdp: ws://localhost:53181/devtoo..., se:cdpVersion: 136.0.7103.114, setWindowRect: true, strictFileInteractability: false, timeouts: {implicit: 0, pageLoad: 300000, script: 30000}, unhandledPromptBehavior: dismiss and notify, webauthn:extension:credBlob: true, webauthn:extension:largeBlob: true, webauthn:extension:minPinLength: true, webauthn:extension:prf: true, webauthn:virtualAuthenticators: true}
Session ID: 35c9159c033971dcb76a9982a22a7c38
<h3 style="color:#132043;"><b> Iteration Number &#10781; :12</b></h4>
<div style='border: 1px solid #e0e0e0;padding: 8px 12px;margin: 8px 0;border-radius: 6px;background: linear-gradient(to right, #f8f9fa, #ffffff);box-shadow: 0 2px 4px rgba(0,0,0,0.05);display: inline-block;font-family: Arial, sans-serif;'><span style='font-weight: bold;color: #333;'>🌍 Browser Info:</span> <span style='color: #2c7be5;font-weight: 500;'><img src='data:image/svg+xml;base64,PHN2ZyB4bWxucz0iaHR0cDovL3d3dy53My5vcmcvMjAwMC9zdmciIHZpZXdCb3g9IjAgMCA0NDggNTEyIj48cGF0aCBmaWxsPSIjRkZDMTAyIiBkPSJNMjI0IDI1NmMwIDEyLjktNyAyNC40LTE3LjcgMjkuNkwxODcgMzA5LjljLTUuNCAzLTEyLjMgMy4xLTE3LjcuMS0xMC40LTUuOS0xNi43LTE2LjktMTYuNy0yOC42VjE5OGMwLTEyLjkgNy0yNC40IDE3LjctMjkuNkwxODcgMTQyLjFjNS40LTMgMTIuMy0zLjEgMTcuNy0uMSAxMC40IDUuOSAxNi43IDE2LjkgMTYuNyAyOC42djU4LjJ6Ii8+PHBhdGggZmlsbD0iIzRBNDlGNSIgZD0iTTIyNCAyNTZjMCAxMi45LTcgMjQuNC0xNy43IDI5LjZMMTg3IDMwOS45Yy01LjQgMy0xMi4zIDMuMS0xNy43LjEtMTAuNC01LjktMTYuNy0xNi45LTE2LjctMjguNlYxOThjMC0xMi45IDctMjQuNCAxNy43LTI5LjZMMTg3IDE0Mi4xYzUuNC0zIDEyLjMtMy4xIDE3LjctLjEgMTAuNCA1LjkgMTYuNyAxNi45IDE2LjcgMjguNnY1OC4yeiIvPjxwYXRoIGZpbGw9IiNGRkMxMDIiIGQ9Ik0yMjQgMjU2YzAgMTIuOS03IDI0LjQtMTcuNyAyOS42TDE4NyAzMDkuOWMtNS40IDMtMTIuMyAzLjEtMTcuNy4xLTEwLjQtNS45LTE2LjctMTYuOS0xNi43LTI4LjZWMTk4YzAtMTIuOSA3LTI0LjQgMTcuNy0yOS42TDE4NyAxNDIuMWM1LjQtMyAxMi4zLTMuMSAxNy43LS4xIDEwLjQgNS45IDE2LjcgMTYuOSAxNi43IDI4LjZ2NTguMnoiLz48cGF0aCBmaWxsPSIjRkZDMTAyIiBkPSJNMjI0IDI1NmMwIDEyLjktNyAyNC40LTE3LjcgMjkuNkwxODcgMzA5LjljLTUuNCAzLTEyLjMgMy4xLTE3LjcuMS0xMC40LTUuOS0xNi43LTE2LjktMTYuNy0yOC42VjE5OGMwLTEyLjkgNy0yNC40IDE3LjctMjkuNkwxODcgMTQyLjFjNS40LTMgMTIuMy0zLjEgMTcuNy0uMSAxMC40IDUuOSAxNi43IDE2LjkgMTYuNyAyOC42djU4LjJ6Ii8+PC9zdmc+' height='20' width='20' style='vertical-align: middle;' /> <span style='color: #4285F4;'>Google Chrome</span></span></div>
<div style="border: 1px solid #ddd; padding: 8px; margin: 5px 0; border-radius: 4px; background-color: #f7f7f7; display: inline-block;"><strong>💻 #System Info</strong> :: <strong>PC Name</strong> ⇒ <span style="color: #001dff;">ANKUSH1111</span> &nbsp;&nbsp;|&nbsp;&nbsp; <strong>User</strong> ⇒ <span style="color: #006400;">HP</span></div>
❌ Navigation to Home Page failed: Expected condition failed: waiting for url to contain "home". Current url: "https://demoqa.com/" (tried for 10 second(s) with 500 milliseconds interval)
Build info: version: '4.12.1', revision: '8e34639b11'
System info: os.name: 'Windows 11', os.arch: 'amd64', os.version: '10.0', java.version: '18.0.1.1'
Driver info: org.openqa.selenium.chrome.ChromeDriver
Capabilities {acceptInsecureCerts: false, browserName: chrome, browserVersion: 136.0.7103.114, chrome: {chromedriverVersion: 136.0.7103.113 (76fa3c17824..., userDataDir: C:\Users\HP\AppData\Local\T...}, fedcm:accounts: true, goog:chromeOptions: {debuggerAddress: localhost:63962}, networkConnectionEnabled: false, pageLoadStrategy: normal, platformName: windows, proxy: Proxy(), se:cdp: ws://localhost:63962/devtoo..., se:cdpVersion: 136.0.7103.114, setWindowRect: true, strictFileInteractability: false, timeouts: {implicit: 0, pageLoad: 300000, script: 30000}, unhandledPromptBehavior: dismiss and notify, webauthn:extension:credBlob: true, webauthn:extension:largeBlob: true, webauthn:extension:minPinLength: true, webauthn:extension:prf: true, webauthn:virtualAuthenticators: true}
Session ID: 40bb75698d2fe6383849b73a3523e5f4
<h3 style="color:#132043;"><b> Iteration Number &#10781; :18</b></h4>
<div style='border: 1px solid #e0e0e0;padding: 8px 12px;margin: 8px 0;border-radius: 6px;background: linear-gradient(to right, #f8f9fa, #ffffff);box-shadow: 0 2px 4px rgba(0,0,0,0.05);display: inline-block;font-family: Arial, sans-serif;'><span style='font-weight: bold;color: #333;'>🌍 Browser Info:</span> <span style='color: #2c7be5;font-weight: 500;'><img src='data:image/svg+xml;base64,PHN2ZyB4bWxucz0iaHR0cDovL3d3dy53My5vcmcvMjAwMC9zdmciIHZpZXdCb3g9IjAgMCA0NDggNTEyIj48cGF0aCBmaWxsPSIjRkZDMTAyIiBkPSJNMjI0IDI1NmMwIDEyLjktNyAyNC40LTE3LjcgMjkuNkwxODcgMzA5LjljLTUuNCAzLTEyLjMgMy4xLTE3LjcuMS0xMC40LTUuOS0xNi43LTE2LjktMTYuNy0yOC42VjE5OGMwLTEyLjkgNy0yNC40IDE3LjctMjkuNkwxODcgMTQyLjFjNS40LTMgMTIuMy0zLjEgMTcuNy0uMSAxMC40IDUuOSAxNi43IDE2LjkgMTYuNyAyOC42djU4LjJ6Ii8+PHBhdGggZmlsbD0iIzRBNDlGNSIgZD0iTTIyNCAyNTZjMCAxMi45LTcgMjQuNC0xNy43IDI5LjZMMTg3IDMwOS45Yy01LjQgMy0xMi4zIDMuMS0xNy43LjEtMTAuNC01LjktMTYuNy0xNi45LTE2LjctMjguNlYxOThjMC0xMi45IDctMjQuNCAxNy43LTI5LjZMMTg3IDE0Mi4xYzUuNC0zIDEyLjMtMy4xIDE3LjctLjEgMTAuNCA1LjkgMTYuNyAxNi45IDE2LjcgMjguNnY1OC4yeiIvPjxwYXRoIGZpbGw9IiNGRkMxMDIiIGQ9Ik0yMjQgMjU2YzAgMTIuOS03IDI0LjQtMTcuNyAyOS42TDE4NyAzMDkuOWMtNS40IDMtMTIuMyAzLjEtMTcuNy4xLTEwLjQtNS45LTE2LjctMTYuOS0xNi43LTI4LjZWMTk4YzAtMTIuOSA3LTI0LjQgMTcuNy0yOS42TDE4NyAxNDIuMWM1LjQtMyAxMi4zLTMuMSAxNy43LS4xIDEwLjQgNS45IDE2LjcgMTYuOSAxNi43IDI4LjZ2NTguMnoiLz48cGF0aCBmaWxsPSIjRkZDMTAyIiBkPSJNMjI0IDI1NmMwIDEyLjktNyAyNC40LTE3LjcgMjkuNkwxODcgMzA5LjljLTUuNCAzLTEyLjMgMy4xLTE3LjcuMS0xMC40LTUuOS0xNi43LTE2LjktMTYuNy0yOC42VjE5OGMwLTEyLjkgNy0yNC40IDE3LjctMjkuNkwxODcgMTQyLjFjNS40LTMgMTIuMy0zLjEgMTcuNy0uMSAxMC40IDUuOSAxNi43IDE2LjkgMTYuNyAyOC42djU4LjJ6Ii8+PC9zdmc+' height='20' width='20' style='vertical-align: middle;' /> <span style='color: #4285F4;'>Google Chrome</span></span></div>
<div style="border: 1px solid #ddd; padding: 8px; margin: 5px 0; border-radius: 4px; background-color: #f7f7f7; display: inline-block;"><strong>💻 #System Info</strong> :: <strong>PC Name</strong> ⇒ <span style="color: #001dff;">ANKUSH1111</span> &nbsp;&nbsp;|&nbsp;&nbsp; <strong>User</strong> ⇒ <span style="color: #006400;">HP</span></div>
Clicked On :: Date Picker - Date of Birth
#DATEPICKER 📅 :: Date of Birth :: Date successfully picked :: 1990-01-03
<div style='border: 1px solid #ddd; padding: 8px; margin: 5px 0; border-radius: 4px; background-color: #f7f7f7; display: inline-block;'><strong>#TXTBX ▭</strong> :: <strong>Subject</strong> Value entered ⇒ <span style='color: #009;'>Math</span></div>
<div style='border: 1px solid #ddd; padding: 8px; margin: 5px 0; border-radius: 4px; background-color: #f7f7f7; display: inline-block;'><strong>#TXTBX ▭</strong> :: <strong>Full Name</strong> Value entered ⇒ <span style='color: #009;'>Ayesha Khan</span></div>
<div style='border: 1px solid #ddd; padding: 8px; margin: 5px 0; border-radius: 4px; background-color: #f7f7f7; display: inline-block;'><strong>#TXTBX ▭</strong> :: <strong>Email</strong> Value entered ⇒ <span style='color: #009;'>ayesha.khan@test.com</span></div>
<div style='border: 1px solid #ddd; padding: 8px; margin: 5px 0; border-radius: 4px; background-color: #f7f7f7; display: inline-block;'><strong>#TXTBX ▭</strong> :: <strong>Current Address</strong> Value entered ⇒ <span style='color: #009;'>Bhopal, Madhya Pradesh</span></div>
<div style='border: 1px solid #ddd; padding: 8px; margin: 5px 0; border-radius: 4px; background-color: #f7f7f7; display: inline-block;'><strong>#TXTBX ▭</strong> :: <strong>Permanent Address</strong> Value entered ⇒ <span style='color: #009;'>Gwalior, Madhya Pradesh</span></div>
<div style='border: 1px solid #ddd; padding: 8px; margin: 5px 0; border-radius: 4px; background-color: #f7f7f7; display: inline-block;'><strong>#BTN 📤</strong> :: <strong>Clicked On</strong> ⇒ <span style='color: #001dff;'>Submit Button</span></div>
📋 Navigating to Home Page...
📋 Attempting to close modal popup (if present)...
⏳ Waiting for Home link to be clickable...
✅ Home link found: https://demoqa.com/
📋 Clicking on Home link...
<div style='border: 1px solid #ddd; padding: 8px; margin: 5px 0; border-radius: 4px; background-color: #f7f7f7; display: inline-block;'><strong>#TXTBX ▭</strong> :: <strong>Full Name</strong> Value entered ⇒ <span style='color: #009;'>Swati Mishra</span></div>
<div style='border: 1px solid #ddd; padding: 8px; margin: 5px 0; border-radius: 4px; background-color: #f7f7f7; display: inline-block;'><strong>#TXTBX ▭</strong> :: <strong>Email</strong> Value entered ⇒ <span style='color: #009;'>swati.mishra@test.com</span></div>
❌ Navigation to Home Page failed: Expected condition failed: waiting for url to contain "home". Current url: "https://demoqa.com/" (tried for 10 second(s) with 500 milliseconds interval)
Build info: version: '4.12.1', revision: '8e34639b11'
System info: os.name: 'Windows 11', os.arch: 'amd64', os.version: '10.0', java.version: '18.0.1.1'
Driver info: org.openqa.selenium.chrome.ChromeDriver
Capabilities {acceptInsecureCerts: false, browserName: chrome, browserVersion: 136.0.7103.114, chrome: {chromedriverVersion: 136.0.7103.113 (76fa3c17824..., userDataDir: C:\Users\HP\AppData\Local\T...}, fedcm:accounts: true, goog:chromeOptions: {debuggerAddress: localhost:63963}, networkConnectionEnabled: false, pageLoadStrategy: normal, platformName: windows, proxy: Proxy(), se:cdp: ws://localhost:63963/devtoo..., se:cdpVersion: 136.0.7103.114, setWindowRect: true, strictFileInteractability: false, timeouts: {implicit: 0, pageLoad: 300000, script: 30000}, unhandledPromptBehavior: dismiss and notify, webauthn:extension:credBlob: true, webauthn:extension:largeBlob: true, webauthn:extension:minPinLength: true, webauthn:extension:prf: true, webauthn:virtualAuthenticators: true}
Session ID: 2d878eeb16294432cfaadd75059ef6bf
<div style="background-color:#ffeeba; border:2px solid #856404; border-radius:10px; padding:10px 15px; text-align:left; margin:10px 0; display:inline-block; color:#856404; box-shadow: 0px 4px 6px rgba(0, 0, 0, 0.2);"><p style='font-size:18px; margin:0;'><b>Skipped: 🔐 Admin Connection URL: jdbc:sqlserver://localhost:1433;database=QADEMO;integratedSecurity=true;encrypt=false;trustServerCertificate=true;loginTimeout=30;</b></p></div>
<div style="background-color:#ffeeba; border:2px solid #856404; border-radius:10px; padding:10px 15px; text-align:left; margin:10px 0; display:inline-block; color:#856404; box-shadow: 0px 4px 6px rgba(0, 0, 0, 0.2);"><p style='font-size:18px; margin:0;'><b>Skipped: 🔐 Company Connection URL: jdbc:sqlserver://localhost:1433;database=QADEMO;integratedSecurity=true;encrypt=false;trustServerCertificate=true;loginTimeout=30;</b></p></div>
<div style='border: 1px solid #ddd; padding: 8px; margin: 5px 0; border-radius: 4px; background-color: #f7f7f7; display: inline-block;'><strong>#TXTBX ▭</strong> :: <strong>Current Address</strong> Value entered ⇒ <span style='color: #009;'>Varanasi, Uttar Pradesh</span></div>
<div style='border: 1px solid #ddd; padding: 8px; margin: 5px 0; border-radius: 4px; background-color: #f7f7f7; display: inline-block;'><strong>#TXTBX ▭</strong> :: <strong>Permanent Address</strong> Value entered ⇒ <span style='color: #009;'>Allahabad, Uttar Pradesh</span></div>
⏳ Waiting for loader to disappear...
⏳ Verifying home page load...
<div style='border: 1px solid #e0e0e0;padding: 8px 12px;margin: 8px 0;border-radius: 6px;background: linear-gradient(to right, #f8f9fa, #ffffff);box-shadow: 0 2px 4px rgba(0,0,0,0.05);display: inline-block;font-family: Arial, sans-serif;'><span style='font-weight: bold;color: #333;'>🌍 Browser Info:</span> <span style='color: #2c7be5;font-weight: 500;'><img src='data:image/svg+xml;base64,PHN2ZyB4bWxucz0iaHR0cDovL3d3dy53My5vcmcvMjAwMC9zdmciIHZpZXdCb3g9IjAgMCA0NDggNTEyIj48cGF0aCBmaWxsPSIjRkZDMTAyIiBkPSJNMjI0IDI1NmMwIDEyLjktNyAyNC40LTE3LjcgMjkuNkwxODcgMzA5LjljLTUuNCAzLTEyLjMgMy4xLTE3LjcuMS0xMC40LTUuOS0xNi43LTE2LjktMTYuNy0yOC42VjE5OGMwLTEyLjkgNy0yNC40IDE3LjctMjkuNkwxODcgMTQyLjFjNS40LTMgMTIuMy0zLjEgMTcuNy0uMSAxMC40IDUuOSAxNi43IDE2LjkgMTYuNyAyOC42djU4LjJ6Ii8+PHBhdGggZmlsbD0iIzRBNDlGNSIgZD0iTTIyNCAyNTZjMCAxMi45LTcgMjQuNC0xNy43IDI5LjZMMTg3IDMwOS45Yy01LjQgMy0xMi4zIDMuMS0xNy43LjEtMTAuNC01LjktMTYuNy0xNi45LTE2LjctMjguNlYxOThjMC0xMi45IDctMjQuNCAxNy43LTI5LjZMMTg3IDE0Mi4xYzUuNC0zIDEyLjMtMy4xIDE3LjctLjEgMTAuNCA1LjkgMTYuNyAxNi45IDE2LjcgMjguNnY1OC4yeiIvPjxwYXRoIGZpbGw9IiNGRkMxMDIiIGQ9Ik0yMjQgMjU2YzAgMTIuOS03IDI0LjQtMTcuNyAyOS42TDE4NyAzMDkuOWMtNS40IDMtMTIuMyAzLjEtMTcuNy4xLTEwLjQtNS45LTE2LjctMTYuOS0xNi43LTI4LjZWMTk4YzAtMTIuOSA3LTI0LjQgMTcuNy0yOS42TDE4NyAxNDIuMWM1LjQtMyAxMi4zLTMuMSAxNy43LS4xIDEwLjQgNS45IDE2LjcgMTYuOSAxNi43IDI4LjZ2NTguMnoiLz48cGF0aCBmaWxsPSIjRkZDMTAyIiBkPSJNMjI0IDI1NmMwIDEyLjktNyAyNC40LTE3LjcgMjkuNkwxODcgMzA5LjljLTUuNCAzLTEyLjMgMy4xLTE3LjcuMS0xMC40LTUuOS0xNi43LTE2LjktMTYuNy0yOC42VjE5OGMwLTEyLjkgNy0yNC40IDE3LjctMjkuNkwxODcgMTQyLjFjNS40LTMgMTIuMy0zLjEgMTcuNy0uMSAxMC40IDUuOSAxNi43IDE2LjkgMTYuNyAyOC42djU4LjJ6Ii8+PC9zdmc+' height='20' width='20' style='vertical-align: middle;' /> <span style='color: #4285F4;'>Google Chrome</span></span></div>
<div style="border: 1px solid #ddd; padding: 8px; margin: 5px 0; border-radius: 4px; background-color: #f7f7f7; display: inline-block;"><strong>💻 #System Info</strong> :: <strong>PC Name</strong> ⇒ <span style="color: #001dff;">ANKUSH1111</span> &nbsp;&nbsp;|&nbsp;&nbsp; <strong>User</strong> ⇒ <span style="color: #006400;">HP</span></div>
<div style='border: 1px solid #ddd; padding: 8px; margin: 5px 0; border-radius: 4px; background-color: #f7f7f7; display: inline-block;'><strong>#BTN 📤</strong> :: <strong>Clicked On</strong> ⇒ <span style='color: #001dff;'>Submit Button</span></div>
📋 Navigating to Home Page...
📋 Attempting to close modal popup (if present)...
⏳ Waiting for Home link to be clickable...
✅ Home link found: https://demoqa.com/
📋 Clicking on Home link...
Click Sucessfully==Again Double Click==Hobby: Reading
<div style='border: 1px solid #ddd; padding: 8px; margin: 5px 0; border-radius: 4px; background-color: #f7f7f7; display: inline-block;'><strong>#FILEUP 🔼</strong> :: <strong>Profile Picture</strong> File Uploaded ⇒ <span style='color: #001dff;'>valdn01_07_2025_02_07_42.png</span></div>
<div style='border: 1px solid #ddd; padding: 8px; margin: 5px 0; border-radius: 4px; background-color: #f7f7f7; display: inline-block;'><strong>#TXTBX ▭</strong> :: <strong>Current Address</strong> Value entered ⇒ <span style='color: #009;'>Nagpur, Maharashtra</span></div>
<div style='border: 1px solid #ddd; padding: 8px; margin: 5px 0; border-radius: 4px; background-color: #f7f7f7; display: inline-block;'><strong>#TXTBX ▭</strong> :: <strong>Full Name</strong> Value entered ⇒ <span style='color: #009;'>Rohan Joshi</span></div>
<div style='border: 1px solid #ddd; padding: 8px; margin: 5px 0; border-radius: 4px; background-color: #f7f7f7; display: inline-block;'><strong>#TXTBX ▭</strong> :: <strong>Email</strong> Value entered ⇒ <span style='color: #009;'>rohan.joshi@test.com</span></div>
⏳ Waiting for loader to disappear...
⏳ Verifying home page load...
<div style='border: 1px solid #ddd; padding: 8px; margin: 5px 0; border-radius: 4px; background-color: #f7f7f7; display: inline-block;'><strong>#TXTBX ▭</strong> :: <strong>Current Address</strong> Value entered ⇒ <span style='color: #009;'>Nagpur, Maharashtra</span></div>
<div style='border: 1px solid #ddd; padding: 8px; margin: 5px 0; border-radius: 4px; background-color: #f7f7f7; display: inline-block;'><strong>#TXTBX ▭</strong> :: <strong>Permanent Address</strong> Value entered ⇒ <span style='color: #009;'>Akola, Maharashtra</span></div>
<div style='border: 1px solid #ddd; padding: 8px; margin: 5px 0; border-radius: 4px; background-color: #f7f7f7; display: inline-block;'><strong>#BTN 📤</strong> :: <strong>Clicked On</strong> ⇒ <span style='color: #001dff;'>Submit Button</span></div>
✅ Updated AutomationTestingStatus for FormId 101023 to '[Automation Tester] TextBox Form Submitted Successfully at 01/06/2025 09:17:03 PM'
📋 Navigating to Home Page...
📋 Attempting to close modal popup (if present)...
⏳ Waiting for Home link to be clickable...
✅ Home link found: https://demoqa.com/
📋 Clicking on Home link...
⏳ Waiting for loader to disappear...
⏳ Verifying home page load...
Click Sucessfully==Again Double Click==Submit Button
<font color =#18122B><b>Sceenshot Path::C:\Users\HP\Documents\Ahmedabad\ANKUSH_FRAMEWORK\ScreenShots\Validation\valdn01_17_2025_09_17_09.png</b></font>
<h4>Time :01/06/2025 09:17:10 PM</h4>
<br>
<img src="C:\Users\HP\Documents\Ahmedabad\ANKUSH_FRAMEWORK\ScreenShots\Validation\valdn01_17_2025_09_17_09.png" width="1000" height="500" ></img>
<br>
<br>
<div style="background-color:#ffeeba; border:2px solid #856404; border-radius:10px; padding:10px 15px; text-align:left; margin:10px 0; display:inline-block; color:#856404; box-shadow: 0px 4px 6px rgba(0, 0, 0, 0.2);"><p style='font-size:18px; margin:0;'><b>Skipped: Screenshot saved at: C:\Users\HP\Documents\Ahmedabad\ANKUSH_FRAMEWORK\ScreenShots\Validation\valdn01_17_2025_09_17_09.png</b></p></div>
<table><tr><th style='font-weight: normal;'>Student Name</th><th>Rohan Joshi</th></tr><tr><th style='font-weight: normal;'>Student Email</th><th>rohan.joshi@test.com</th></tr><tr><th style='font-weight: normal;'>Gender</th><th>Male</th></tr><tr><th style='font-weight: normal;'>Mobile</th><th>9123456791</th></tr><tr><th style='font-weight: normal;'>Date of Birth</th><th>03 January,1990</th></tr><tr><th style='font-weight: normal;'>Subjects</th><th>Maths</th></tr><tr><th style='font-weight: normal;'>Hobbies</th><th>Reading</th></tr><tr><th style='font-weight: normal;'>Picture</th><th>valdn01_07_2025_02_07_42.png</th></tr><tr><th style='font-weight: normal;'>Address</th><th>Nagpur, Maharashtra</th></tr><tr><th style='font-weight: normal;'>State and City</th><th></th></tr></table>
✅ Updated AutomationTestingStatus for FormId 101023 to '✅ [Automation Tester] Automation Testing Successfully Done and Form Successfully Submitted :: On Timestamp 01/06/2025 09:17:10 PM'
📋 Navigating to Home Page...
📋 Attempting to close modal popup (if present)...
⏳ Waiting for Home link to be clickable...
❌ Navigation to Home Page failed: Expected condition failed: waiting for url to contain "home". Current url: "https://demoqa.com/" (tried for 10 second(s) with 500 milliseconds interval)
Build info: version: '4.12.1', revision: '8e34639b11'
System info: os.name: 'Windows 11', os.arch: 'amd64', os.version: '10.0', java.version: '18.0.1.1'
Driver info: org.openqa.selenium.chrome.ChromeDriver
Capabilities {acceptInsecureCerts: false, browserName: chrome, browserVersion: 136.0.7103.114, chrome: {chromedriverVersion: 136.0.7103.113 (76fa3c17824..., userDataDir: C:\Users\HP\AppData\Local\T...}, fedcm:accounts: true, goog:chromeOptions: {debuggerAddress: localhost:53181}, networkConnectionEnabled: false, pageLoadStrategy: normal, platformName: windows, proxy: Proxy(), se:cdp: ws://localhost:53181/devtoo..., se:cdpVersion: 136.0.7103.114, setWindowRect: true, strictFileInteractability: false, timeouts: {implicit: 0, pageLoad: 300000, script: 30000}, unhandledPromptBehavior: dismiss and notify, webauthn:extension:credBlob: true, webauthn:extension:largeBlob: true, webauthn:extension:minPinLength: true, webauthn:extension:prf: true, webauthn:virtualAuthenticators: true}
Session ID: 35c9159c033971dcb76a9982a22a7c38
<h3 style="color:#132043;"><b> Iteration Number &#10781; :13</b></h4>
<div style='border: 1px solid #e0e0e0;padding: 8px 12px;margin: 8px 0;border-radius: 6px;background: linear-gradient(to right, #f8f9fa, #ffffff);box-shadow: 0 2px 4px rgba(0,0,0,0.05);display: inline-block;font-family: Arial, sans-serif;'><span style='font-weight: bold;color: #333;'>🌍 Browser Info:</span> <span style='color: #2c7be5;font-weight: 500;'><img src='data:image/svg+xml;base64,PHN2ZyB4bWxucz0iaHR0cDovL3d3dy53My5vcmcvMjAwMC9zdmciIHZpZXdCb3g9IjAgMCA0NDggNTEyIj48cGF0aCBmaWxsPSIjRkZDMTAyIiBkPSJNMjI0IDI1NmMwIDEyLjktNyAyNC40LTE3LjcgMjkuNkwxODcgMzA5LjljLTUuNCAzLTEyLjMgMy4xLTE3LjcuMS0xMC40LTUuOS0xNi43LTE2LjktMTYuNy0yOC42VjE5OGMwLTEyLjkgNy0yNC40IDE3LjctMjkuNkwxODcgMTQyLjFjNS40LTMgMTIuMy0zLjEgMTcuNy0uMSAxMC40IDUuOSAxNi43IDE2LjkgMTYuNyAyOC42djU4LjJ6Ii8+PHBhdGggZmlsbD0iIzRBNDlGNSIgZD0iTTIyNCAyNTZjMCAxMi45LTcgMjQuNC0xNy43IDI5LjZMMTg3IDMwOS45Yy01LjQgMy0xMi4zIDMuMS0xNy43LjEtMTAuNC01LjktMTYuNy0xNi45LTE2LjctMjguNlYxOThjMC0xMi45IDctMjQuNCAxNy43LTI5LjZMMTg3IDE0Mi4xYzUuNC0zIDEyLjMtMy4xIDE3LjctLjEgMTAuNCA1LjkgMTYuNyAxNi45IDE2LjcgMjguNnY1OC4yeiIvPjxwYXRoIGZpbGw9IiNGRkMxMDIiIGQ9Ik0yMjQgMjU2YzAgMTIuOS03IDI0LjQtMTcuNyAyOS42TDE4NyAzMDkuOWMtNS40IDMtMTIuMyAzLjEtMTcuNy4xLTEwLjQtNS45LTE2LjctMTYuOS0xNi43LTI4LjZWMTk4YzAtMTIuOSA3LTI0LjQgMTcuNy0yOS42TDE4NyAxNDIuMWM1LjQtMyAxMi4zLTMuMSAxNy43LS4xIDEwLjQgNS45IDE2LjcgMTYuOSAxNi43IDI4LjZ2NTguMnoiLz48cGF0aCBmaWxsPSIjRkZDMTAyIiBkPSJNMjI0IDI1NmMwIDEyLjktNyAyNC40LTE3LjcgMjkuNkwxODcgMzA5LjljLTUuNCAzLTEyLjMgMy4xLTE3LjcuMS0xMC40LTUuOS0xNi43LTE2LjktMTYuNy0yOC42VjE5OGMwLTEyLjkgNy0yNC40IDE3LjctMjkuNkwxODcgMTQyLjFjNS40LTMgMTIuMy0zLjEgMTcuNy0uMSAxMC40IDUuOSAxNi43IDE2LjkgMTYuNyAyOC42djU4LjJ6Ii8+PC9zdmc+' height='20' width='20' style='vertical-align: middle;' /> <span style='color: #4285F4;'>Google Chrome</span></span></div>
<div style="border: 1px solid #ddd; padding: 8px; margin: 5px 0; border-radius: 4px; background-color: #f7f7f7; display: inline-block;"><strong>💻 #System Info</strong> :: <strong>PC Name</strong> ⇒ <span style="color: #001dff;">ANKUSH1111</span> &nbsp;&nbsp;|&nbsp;&nbsp; <strong>User</strong> ⇒ <span style="color: #006400;">HP</span></div>
<div style='border: 1px solid #ddd; padding: 8px; margin: 5px 0; border-radius: 4px; background-color: #f7f7f7; display: inline-block;'><strong>#TXTBX ▭</strong> :: <strong>Full Name</strong> Value entered ⇒ <span style='color: #009;'>Rohan Joshi</span></div>
<div style='border: 1px solid #ddd; padding: 8px; margin: 5px 0; border-radius: 4px; background-color: #f7f7f7; display: inline-block;'><strong>#TXTBX ▭</strong> :: <strong>Email</strong> Value entered ⇒ <span style='color: #009;'>rohan.joshi@test.com</span></div>
❌ Navigation to Home Page failed: Expected condition failed: waiting for element to be clickable: By.xpath: //a[contains(@href,'https://demoqa.com')] (tried for 2 second(s) with 500 milliseconds interval)
Build info: version: '4.12.1', revision: '8e34639b11'
System info: os.name: 'Windows 11', os.arch: 'amd64', os.version: '10.0', java.version: '18.0.1.1'
Driver info: org.openqa.selenium.chrome.ChromeDriver
Capabilities {acceptInsecureCerts: false, browserName: chrome, browserVersion: 136.0.7103.114, chrome: {chromedriverVersion: 136.0.7103.113 (76fa3c17824..., userDataDir: C:\Users\HP\AppData\Local\T...}, fedcm:accounts: true, goog:chromeOptions: {debuggerAddress: localhost:63960}, networkConnectionEnabled: false, pageLoadStrategy: normal, platformName: windows, proxy: Proxy(), se:cdp: ws://localhost:63960/devtoo..., se:cdpVersion: 136.0.7103.114, setWindowRect: true, strictFileInteractability: false, timeouts: {implicit: 0, pageLoad: 300000, script: 30000}, unhandledPromptBehavior: dismiss and notify, webauthn:extension:credBlob: true, webauthn:extension:largeBlob: true, webauthn:extension:minPinLength: true, webauthn:extension:prf: true, webauthn:virtualAuthenticators: true}
Session ID: b22de8f484a725a99fe9529a98a50781
<div style="background-color:#ffeeba; border:2px solid #856404; border-radius:10px; padding:10px 15px; text-align:left; margin:10px 0; display:inline-block; color:#856404; box-shadow: 0px 4px 6px rgba(0, 0, 0, 0.2);"><p style='font-size:18px; margin:0;'><b>Skipped: 🔐 Admin Connection URL: jdbc:sqlserver://localhost:1433;database=QADEMO;integratedSecurity=true;encrypt=false;trustServerCertificate=true;loginTimeout=30;</b></p></div>
<div style="background-color:#ffeeba; border:2px solid #856404; border-radius:10px; padding:10px 15px; text-align:left; margin:10px 0; display:inline-block; color:#856404; box-shadow: 0px 4px 6px rgba(0, 0, 0, 0.2);"><p style='font-size:18px; margin:0;'><b>Skipped: 🔐 Company Connection URL: jdbc:sqlserver://localhost:1433;database=QADEMO;integratedSecurity=true;encrypt=false;trustServerCertificate=true;loginTimeout=30;</b></p></div>
<div style='border: 1px solid #ddd; padding: 8px; margin: 5px 0; border-radius: 4px; background-color: #f7f7f7; display: inline-block;'><strong>#TXTBX ▭</strong> :: <strong>Current Address</strong> Value entered ⇒ <span style='color: #009;'>Nagpur, Maharashtra</span></div>
<div style='border: 1px solid #e0e0e0;padding: 8px 12px;margin: 8px 0;border-radius: 6px;background: linear-gradient(to right, #f8f9fa, #ffffff);box-shadow: 0 2px 4px rgba(0,0,0,0.05);display: inline-block;font-family: Arial, sans-serif;'><span style='font-weight: bold;color: #333;'>🌍 Browser Info:</span> <span style='color: #2c7be5;font-weight: 500;'><img src='data:image/svg+xml;base64,PHN2ZyB4bWxucz0iaHR0cDovL3d3dy53My5vcmcvMjAwMC9zdmciIHZpZXdCb3g9IjAgMCA0NDggNTEyIj48cGF0aCBmaWxsPSIjRkZDMTAyIiBkPSJNMjI0IDI1NmMwIDEyLjktNyAyNC40LTE3LjcgMjkuNkwxODcgMzA5LjljLTUuNCAzLTEyLjMgMy4xLTE3LjcuMS0xMC40LTUuOS0xNi43LTE2LjktMTYuNy0yOC42VjE5OGMwLTEyLjkgNy0yNC40IDE3LjctMjkuNkwxODcgMTQyLjFjNS40LTMgMTIuMy0zLjEgMTcuNy0uMSAxMC40IDUuOSAxNi43IDE2LjkgMTYuNyAyOC42djU4LjJ6Ii8+PHBhdGggZmlsbD0iIzRBNDlGNSIgZD0iTTIyNCAyNTZjMCAxMi45LTcgMjQuNC0xNy43IDI5LjZMMTg3IDMwOS45Yy01LjQgMy0xMi4zIDMuMS0xNy43LjEtMTAuNC01LjktMTYuNy0xNi45LTE2LjctMjguNlYxOThjMC0xMi45IDctMjQuNCAxNy43LTI5LjZMMTg3IDE0Mi4xYzUuNC0zIDEyLjMtMy4xIDE3LjctLjEgMTAuNCA1LjkgMTYuNyAxNi45IDE2LjcgMjguNnY1OC4yeiIvPjxwYXRoIGZpbGw9IiNGRkMxMDIiIGQ9Ik0yMjQgMjU2YzAgMTIuOS03IDI0LjQtMTcuNyAyOS42TDE4NyAzMDkuOWMtNS40IDMtMTIuMyAzLjEtMTcuNy4xLTEwLjQtNS45LTE2LjctMTYuOS0xNi43LTI4LjZWMTk4YzAtMTIuOSA3LTI0LjQgMTcuNy0yOS42TDE4NyAxNDIuMWM1LjQtMyAxMi4zLTMuMSAxNy43LS4xIDEwLjQgNS45IDE2LjcgMTYuOSAxNi43IDI4LjZ2NTguMnoiLz48cGF0aCBmaWxsPSIjRkZDMTAyIiBkPSJNMjI0IDI1NmMwIDEyLjktNyAyNC40LTE3LjcgMjkuNkwxODcgMzA5LjljLTUuNCAzLTEyLjMgMy4xLTE3LjcuMS0xMC40LTUuOS0xNi43LTE2LjktMTYuNy0yOC42VjE5OGMwLTEyLjkgNy0yNC40IDE3LjctMjkuNkwxODcgMTQyLjFjNS40LTMgMTIuMy0zLjEgMTcuNy0uMSAxMC40IDUuOSAxNi43IDE2LjkgMTYuNyAyOC42djU4LjJ6Ii8+PC9zdmc+' height='20' width='20' style='vertical-align: middle;' /> <span style='color: #4285F4;'>Google Chrome</span></span></div>
<div style="border: 1px solid #ddd; padding: 8px; margin: 5px 0; border-radius: 4px; background-color: #f7f7f7; display: inline-block;"><strong>💻 #System Info</strong> :: <strong>PC Name</strong> ⇒ <span style="color: #001dff;">ANKUSH1111</span> &nbsp;&nbsp;|&nbsp;&nbsp; <strong>User</strong> ⇒ <span style="color: #006400;">HP</span></div>
<div style='border: 1px solid #ddd; padding: 8px; margin: 5px 0; border-radius: 4px; background-color: #f7f7f7; display: inline-block;'><strong>#TXTBX ▭</strong> :: <strong>Permanent Address</strong> Value entered ⇒ <span style='color: #009;'>Akola, Maharashtra</span></div>
<div style='border: 1px solid #ddd; padding: 8px; margin: 5px 0; border-radius: 4px; background-color: #f7f7f7; display: inline-block;'><strong>#BTN 📤</strong> :: <strong>Clicked On</strong> ⇒ <span style='color: #001dff;'>Submit Button</span></div>
📋 Navigating to Home Page...
📋 Attempting to close modal popup (if present)...
⏳ Waiting for Home link to be clickable...
✅ Home link found: https://demoqa.com/
📋 Clicking on Home link...
❌ Navigation to Home Page failed: Expected condition failed: waiting for url to contain "home". Current url: "https://demoqa.com/" (tried for 10 second(s) with 500 milliseconds interval)
Build info: version: '4.12.1', revision: '8e34639b11'
System info: os.name: 'Windows 11', os.arch: 'amd64', os.version: '10.0', java.version: '18.0.1.1'
Driver info: org.openqa.selenium.chrome.ChromeDriver
Capabilities {acceptInsecureCerts: false, browserName: chrome, browserVersion: 136.0.7103.114, chrome: {chromedriverVersion: 136.0.7103.113 (76fa3c17824..., userDataDir: C:\Users\HP\AppData\Local\T...}, fedcm:accounts: true, goog:chromeOptions: {debuggerAddress: localhost:63962}, networkConnectionEnabled: false, pageLoadStrategy: normal, platformName: windows, proxy: Proxy(), se:cdp: ws://localhost:63962/devtoo..., se:cdpVersion: 136.0.7103.114, setWindowRect: true, strictFileInteractability: false, timeouts: {implicit: 0, pageLoad: 300000, script: 30000}, unhandledPromptBehavior: dismiss and notify, webauthn:extension:credBlob: true, webauthn:extension:largeBlob: true, webauthn:extension:minPinLength: true, webauthn:extension:prf: true, webauthn:virtualAuthenticators: true}
Session ID: 40bb75698d2fe6383849b73a3523e5f4
<h3 style="color:#132043;"><b> Iteration Number &#10781; :19</b></h4>
<div style='border: 1px solid #e0e0e0;padding: 8px 12px;margin: 8px 0;border-radius: 6px;background: linear-gradient(to right, #f8f9fa, #ffffff);box-shadow: 0 2px 4px rgba(0,0,0,0.05);display: inline-block;font-family: Arial, sans-serif;'><span style='font-weight: bold;color: #333;'>🌍 Browser Info:</span> <span style='color: #2c7be5;font-weight: 500;'><img src='data:image/svg+xml;base64,PHN2ZyB4bWxucz0iaHR0cDovL3d3dy53My5vcmcvMjAwMC9zdmciIHZpZXdCb3g9IjAgMCA0NDggNTEyIj48cGF0aCBmaWxsPSIjRkZDMTAyIiBkPSJNMjI0IDI1NmMwIDEyLjktNyAyNC40LTE3LjcgMjkuNkwxODcgMzA5LjljLTUuNCAzLTEyLjMgMy4xLTE3LjcuMS0xMC40LTUuOS0xNi43LTE2LjktMTYuNy0yOC42VjE5OGMwLTEyLjkgNy0yNC40IDE3LjctMjkuNkwxODcgMTQyLjFjNS40LTMgMTIuMy0zLjEgMTcuNy0uMSAxMC40IDUuOSAxNi43IDE2LjkgMTYuNyAyOC42djU4LjJ6Ii8+PHBhdGggZmlsbD0iIzRBNDlGNSIgZD0iTTIyNCAyNTZjMCAxMi45LTcgMjQuNC0xNy43IDI5LjZMMTg3IDMwOS45Yy01LjQgMy0xMi4zIDMuMS0xNy43LjEtMTAuNC01LjktMTYuNy0xNi45LTE2LjctMjguNlYxOThjMC0xMi45IDctMjQuNCAxNy43LTI5LjZMMTg3IDE0Mi4xYzUuNC0zIDEyLjMtMy4xIDE3LjctLjEgMTAuNCA1LjkgMTYuNyAxNi45IDE2LjcgMjguNnY1OC4yeiIvPjxwYXRoIGZpbGw9IiNGRkMxMDIiIGQ9Ik0yMjQgMjU2YzAgMTIuOS03IDI0LjQtMTcuNyAyOS42TDE4NyAzMDkuOWMtNS40IDMtMTIuMyAzLjEtMTcuNy4xLTEwLjQtNS45LTE2LjctMTYuOS0xNi43LTI4LjZWMTk4YzAtMTIuOSA3LTI0LjQgMTcuNy0yOS42TDE4NyAxNDIuMWM1LjQtMyAxMi4zLTMuMSAxNy43LS4xIDEwLjQgNS45IDE2LjcgMTYuOSAxNi43IDI4LjZ2NTguMnoiLz48cGF0aCBmaWxsPSIjRkZDMTAyIiBkPSJNMjI0IDI1NmMwIDEyLjktNyAyNC40LTE3LjcgMjkuNkwxODcgMzA5LjljLTUuNCAzLTEyLjMgMy4xLTE3LjcuMS0xMC40LTUuOS0xNi43LTE2LjktMTYuNy0yOC42VjE5OGMwLTEyLjkgNy0yNC40IDE3LjctMjkuNkwxODcgMTQyLjFjNS40LTMgMTIuMy0zLjEgMTcuNy0uMSAxMC40IDUuOSAxNi43IDE2LjkgMTYuNyAyOC42djU4LjJ6Ii8+PC9zdmc+' height='20' width='20' style='vertical-align: middle;' /> <span style='color: #4285F4;'>Google Chrome</span></span></div>
<div style="border: 1px solid #ddd; padding: 8px; margin: 5px 0; border-radius: 4px; background-color: #f7f7f7; display: inline-block;"><strong>💻 #System Info</strong> :: <strong>PC Name</strong> ⇒ <span style="color: #001dff;">ANKUSH1111</span> &nbsp;&nbsp;|&nbsp;&nbsp; <strong>User</strong> ⇒ <span style="color: #006400;">HP</span></div>
⏳ Waiting for loader to disappear...
⏳ Verifying home page load...
<div style='border: 1px solid #ddd; padding: 8px; margin: 5px 0; border-radius: 4px; background-color: #f7f7f7; display: inline-block;'><strong>#TXTBX ▭</strong> :: <strong>First Name</strong> Value entered ⇒ <span style='color: #009;'>Meena</span></div>
<div style='border: 1px solid #ddd; padding: 8px; margin: 5px 0; border-radius: 4px; background-color: #f7f7f7; display: inline-block;'><strong>#TXTBX ▭</strong> :: <strong>Last Name</strong> Value entered ⇒ <span style='color: #009;'>Rathi</span></div>
<div style='border: 1px solid #ddd; padding: 8px; margin: 5px 0; border-radius: 4px; background-color: #f7f7f7; display: inline-block;'><strong>#TXTBX ▭</strong> :: <strong>Full Name</strong> Value entered ⇒ <span style='color: #009;'>Vikram Shetty</span></div>
<div style='border: 1px solid #ddd; padding: 8px; margin: 5px 0; border-radius: 4px; background-color: #f7f7f7; display: inline-block;'><strong>#TXTBX ▭</strong> :: <strong>Email</strong> Value entered ⇒ <span style='color: #009;'>meena.rathi@test.com</span></div>
<div style='border: 1px solid #ddd; padding: 8px; margin: 5px 0; border-radius: 4px; background-color: #f7f7f7; display: inline-block;'><strong>#TXTBX ▭</strong> :: <strong>Email</strong> Value entered ⇒ <span style='color: #009;'>vikram.shetty@test.com</span></div>
<div style='border: 1px solid #ddd; padding: 8px; margin: 5px 0; border-radius: 4px; background-color: #f7f7f7; display: inline-block;'><strong>#TXTBX ▭</strong> :: <strong>Current Address</strong> Value entered ⇒ <span style='color: #009;'>Mangalore, Karnataka</span></div>
Clicked On :: Gender Female Radio
<div style='border: 1px solid #ddd; padding: 8px; margin: 5px 0; border-radius: 4px; background-color: #f7f7f7; display: inline-block;'><strong>#TXTBX ▭</strong> :: <strong>Permanent Address</strong> Value entered ⇒ <span style='color: #009;'>Udupi, Karnataka</span></div>
<div style='border: 1px solid #ddd; padding: 8px; margin: 5px 0; border-radius: 4px; background-color: #f7f7f7; display: inline-block;'><strong>#TXTBX ▭</strong> :: <strong>Mobile Number</strong> Value entered ⇒ <span style='color: #009;'>9876543213</span></div>
<div style='border: 1px solid #ddd; padding: 8px; margin: 5px 0; border-radius: 4px; background-color: #f7f7f7; display: inline-block;'><strong>#BTN 📤</strong> :: <strong>Clicked On</strong> ⇒ <span style='color: #001dff;'>Submit Button</span></div>
📋 Navigating to Home Page...
📋 Attempting to close modal popup (if present)...
⏳ Waiting for Home link to be clickable...
✅ Home link found: https://demoqa.com/
📋 Clicking on Home link...
⏳ Waiting for loader to disappear...
⏳ Verifying home page load...
❌ Navigation to Home Page failed: Expected condition failed: waiting for url to contain "home". Current url: "https://demoqa.com/" (tried for 10 second(s) with 500 milliseconds interval)
Build info: version: '4.12.1', revision: '8e34639b11'
System info: os.name: 'Windows 11', os.arch: 'amd64', os.version: '10.0', java.version: '18.0.1.1'
Driver info: org.openqa.selenium.chrome.ChromeDriver
Capabilities {acceptInsecureCerts: false, browserName: chrome, browserVersion: 136.0.7103.114, chrome: {chromedriverVersion: 136.0.7103.113 (76fa3c17824..., userDataDir: C:\Users\HP\AppData\Local\T...}, fedcm:accounts: true, goog:chromeOptions: {debuggerAddress: localhost:63963}, networkConnectionEnabled: false, pageLoadStrategy: normal, platformName: windows, proxy: Proxy(), se:cdp: ws://localhost:63963/devtoo..., se:cdpVersion: 136.0.7103.114, setWindowRect: true, strictFileInteractability: false, timeouts: {implicit: 0, pageLoad: 300000, script: 30000}, unhandledPromptBehavior: dismiss and notify, webauthn:extension:credBlob: true, webauthn:extension:largeBlob: true, webauthn:extension:minPinLength: true, webauthn:extension:prf: true, webauthn:virtualAuthenticators: true}
Session ID: 2d878eeb16294432cfaadd75059ef6bf
<div style="background-color:#ffeeba; border:2px solid #856404; border-radius:10px; padding:10px 15px; text-align:left; margin:10px 0; display:inline-block; color:#856404; box-shadow: 0px 4px 6px rgba(0, 0, 0, 0.2);"><p style='font-size:18px; margin:0;'><b>Skipped: 🔐 Admin Connection URL: jdbc:sqlserver://localhost:1433;database=QADEMO;integratedSecurity=true;encrypt=false;trustServerCertificate=true;loginTimeout=30;</b></p></div>
<div style="background-color:#ffeeba; border:2px solid #856404; border-radius:10px; padding:10px 15px; text-align:left; margin:10px 0; display:inline-block; color:#856404; box-shadow: 0px 4px 6px rgba(0, 0, 0, 0.2);"><p style='font-size:18px; margin:0;'><b>Skipped: 🔐 Company Connection URL: jdbc:sqlserver://localhost:1433;database=QADEMO;integratedSecurity=true;encrypt=false;trustServerCertificate=true;loginTimeout=30;</b></p></div>
<div style='border: 1px solid #e0e0e0;padding: 8px 12px;margin: 8px 0;border-radius: 6px;background: linear-gradient(to right, #f8f9fa, #ffffff);box-shadow: 0 2px 4px rgba(0,0,0,0.05);display: inline-block;font-family: Arial, sans-serif;'><span style='font-weight: bold;color: #333;'>🌍 Browser Info:</span> <span style='color: #2c7be5;font-weight: 500;'><img src='data:image/svg+xml;base64,PHN2ZyB4bWxucz0iaHR0cDovL3d3dy53My5vcmcvMjAwMC9zdmciIHZpZXdCb3g9IjAgMCA0NDggNTEyIj48cGF0aCBmaWxsPSIjRkZDMTAyIiBkPSJNMjI0IDI1NmMwIDEyLjktNyAyNC40LTE3LjcgMjkuNkwxODcgMzA5LjljLTUuNCAzLTEyLjMgMy4xLTE3LjcuMS0xMC40LTUuOS0xNi43LTE2LjktMTYuNy0yOC42VjE5OGMwLTEyLjkgNy0yNC40IDE3LjctMjkuNkwxODcgMTQyLjFjNS40LTMgMTIuMy0zLjEgMTcuNy0uMSAxMC40IDUuOSAxNi43IDE2LjkgMTYuNyAyOC42djU4LjJ6Ii8+PHBhdGggZmlsbD0iIzRBNDlGNSIgZD0iTTIyNCAyNTZjMCAxMi45LTcgMjQuNC0xNy43IDI5LjZMMTg3IDMwOS45Yy01LjQgMy0xMi4zIDMuMS0xNy43LjEtMTAuNC01LjktMTYuNy0xNi45LTE2LjctMjguNlYxOThjMC0xMi45IDctMjQuNCAxNy43LTI5LjZMMTg3IDE0Mi4xYzUuNC0zIDEyLjMtMy4xIDE3LjctLjEgMTAuNCA1LjkgMTYuNyAxNi45IDE2LjcgMjguNnY1OC4yeiIvPjxwYXRoIGZpbGw9IiNGRkMxMDIiIGQ9Ik0yMjQgMjU2YzAgMTIuOS03IDI0LjQtMTcuNyAyOS42TDE4NyAzMDkuOWMtNS40IDMtMTIuMyAzLjEtMTcuNy4xLTEwLjQtNS45LTE2LjctMTYuOS0xNi43LTI4LjZWMTk4YzAtMTIuOSA3LTI0LjQgMTcuNy0yOS42TDE4NyAxNDIuMWM1LjQtMyAxMi4zLTMuMSAxNy43LS4xIDEwLjQgNS45IDE2LjcgMTYuOSAxNi43IDI4LjZ2NTguMnoiLz48cGF0aCBmaWxsPSIjRkZDMTAyIiBkPSJNMjI0IDI1NmMwIDEyLjktNyAyNC40LTE3LjcgMjkuNkwxODcgMzA5LjljLTUuNCAzLTEyLjMgMy4xLTE3LjcuMS0xMC40LTUuOS0xNi43LTE2LjktMTYuNy0yOC42VjE5OGMwLTEyLjkgNy0yNC40IDE3LjctMjkuNkwxODcgMTQyLjFjNS40LTMgMTIuMy0zLjEgMTcuNy0uMSAxMC40IDUuOSAxNi43IDE2LjkgMTYuNyAyOC42djU4LjJ6Ii8+PC9zdmc+' height='20' width='20' style='vertical-align: middle;' /> <span style='color: #4285F4;'>Google Chrome</span></span></div>
<div style="border: 1px solid #ddd; padding: 8px; margin: 5px 0; border-radius: 4px; background-color: #f7f7f7; display: inline-block;"><strong>💻 #System Info</strong> :: <strong>PC Name</strong> ⇒ <span style="color: #001dff;">ANKUSH1111</span> &nbsp;&nbsp;|&nbsp;&nbsp; <strong>User</strong> ⇒ <span style="color: #006400;">HP</span></div>
Clicked On :: Date Picker - Date of Birth
#DATEPICKER 📅 :: Date of Birth :: Date successfully picked :: 1993-02-16
<div style='border: 1px solid #ddd; padding: 8px; margin: 5px 0; border-radius: 4px; background-color: #f7f7f7; display: inline-block;'><strong>#TXTBX ▭</strong> :: <strong>Subject</strong> Value entered ⇒ <span style='color: #009;'>English</span></div>
<div style='border: 1px solid #ddd; padding: 8px; margin: 5px 0; border-radius: 4px; background-color: #f7f7f7; display: inline-block;'><strong>#TXTBX ▭</strong> :: <strong>Full Name</strong> Value entered ⇒ <span style='color: #009;'>Meena Rathi</span></div>
<div style='border: 1px solid #ddd; padding: 8px; margin: 5px 0; border-radius: 4px; background-color: #f7f7f7; display: inline-block;'><strong>#TXTBX ▭</strong> :: <strong>Email</strong> Value entered ⇒ <span style='color: #009;'>meena.rathi@test.com</span></div>
<div style='border: 1px solid #ddd; padding: 8px; margin: 5px 0; border-radius: 4px; background-color: #f7f7f7; display: inline-block;'><strong>#TXTBX ▭</strong> :: <strong>Current Address</strong> Value entered ⇒ <span style='color: #009;'>Surat, Gujarat</span></div>
<div style='border: 1px solid #ddd; padding: 8px; margin: 5px 0; border-radius: 4px; background-color: #f7f7f7; display: inline-block;'><strong>#TXTBX ▭</strong> :: <strong>Permanent Address</strong> Value entered ⇒ <span style='color: #009;'>Rajkot, Gujarat</span></div>
<div style='border: 1px solid #ddd; padding: 8px; margin: 5px 0; border-radius: 4px; background-color: #f7f7f7; display: inline-block;'><strong>#BTN 📤</strong> :: <strong>Clicked On</strong> ⇒ <span style='color: #001dff;'>Submit Button</span></div>
✅ Updated AutomationTestingStatus for FormId 101024 to '[Automation Tester] TextBox Form Submitted Successfully at 01/06/2025 09:17:20 PM'
📋 Navigating to Home Page...
📋 Attempting to close modal popup (if present)...
⏳ Waiting for Home link to be clickable...
✅ Home link found: https://demoqa.com/
📋 Clicking on Home link...
⏳ Waiting for loader to disappear...
⏳ Verifying home page load...
Click Sucessfully==Again Double Click==Hobby: Music
<div style='border: 1px solid #ddd; padding: 8px; margin: 5px 0; border-radius: 4px; background-color: #f7f7f7; display: inline-block;'><strong>#FILEUP 🔼</strong> :: <strong>Profile Picture</strong> File Uploaded ⇒ <span style='color: #001dff;'>valdn01_07_2025_02_07_42.png</span></div>
<div style='border: 1px solid #ddd; padding: 8px; margin: 5px 0; border-radius: 4px; background-color: #f7f7f7; display: inline-block;'><strong>#TXTBX ▭</strong> :: <strong>Current Address</strong> Value entered ⇒ <span style='color: #009;'>Surat, Gujarat</span></div>
❌ Navigation to Home Page failed: Expected condition failed: waiting for url to contain "home". Current url: "https://demoqa.com/" (tried for 10 second(s) with 500 milliseconds interval)
Build info: version: '4.12.1', revision: '8e34639b11'
System info: os.name: 'Windows 11', os.arch: 'amd64', os.version: '10.0', java.version: '18.0.1.1'
Driver info: org.openqa.selenium.chrome.ChromeDriver
Capabilities {acceptInsecureCerts: false, browserName: chrome, browserVersion: 136.0.7103.114, chrome: {chromedriverVersion: 136.0.7103.113 (76fa3c17824..., userDataDir: C:\Users\HP\AppData\Local\T...}, fedcm:accounts: true, goog:chromeOptions: {debuggerAddress: localhost:53181}, networkConnectionEnabled: false, pageLoadStrategy: normal, platformName: windows, proxy: Proxy(), se:cdp: ws://localhost:53181/devtoo..., se:cdpVersion: 136.0.7103.114, setWindowRect: true, strictFileInteractability: false, timeouts: {implicit: 0, pageLoad: 300000, script: 30000}, unhandledPromptBehavior: dismiss and notify, webauthn:extension:credBlob: true, webauthn:extension:largeBlob: true, webauthn:extension:minPinLength: true, webauthn:extension:prf: true, webauthn:virtualAuthenticators: true}
Session ID: 35c9159c033971dcb76a9982a22a7c38
<h3 style="color:#132043;"><b> Iteration Number &#10781; :14</b></h4>
<div style='border: 1px solid #e0e0e0;padding: 8px 12px;margin: 8px 0;border-radius: 6px;background: linear-gradient(to right, #f8f9fa, #ffffff);box-shadow: 0 2px 4px rgba(0,0,0,0.05);display: inline-block;font-family: Arial, sans-serif;'><span style='font-weight: bold;color: #333;'>🌍 Browser Info:</span> <span style='color: #2c7be5;font-weight: 500;'><img src='data:image/svg+xml;base64,PHN2ZyB4bWxucz0iaHR0cDovL3d3dy53My5vcmcvMjAwMC9zdmciIHZpZXdCb3g9IjAgMCA0NDggNTEyIj48cGF0aCBmaWxsPSIjRkZDMTAyIiBkPSJNMjI0IDI1NmMwIDEyLjktNyAyNC40LTE3LjcgMjkuNkwxODcgMzA5LjljLTUuNCAzLTEyLjMgMy4xLTE3LjcuMS0xMC40LTUuOS0xNi43LTE2LjktMTYuNy0yOC42VjE5OGMwLTEyLjkgNy0yNC40IDE3LjctMjkuNkwxODcgMTQyLjFjNS40LTMgMTIuMy0zLjEgMTcuNy0uMSAxMC40IDUuOSAxNi43IDE2LjkgMTYuNyAyOC42djU4LjJ6Ii8+PHBhdGggZmlsbD0iIzRBNDlGNSIgZD0iTTIyNCAyNTZjMCAxMi45LTcgMjQuNC0xNy43IDI5LjZMMTg3IDMwOS45Yy01LjQgMy0xMi4zIDMuMS0xNy43LjEtMTAuNC01LjktMTYuNy0xNi45LTE2LjctMjguNlYxOThjMC0xMi45IDctMjQuNCAxNy43LTI5LjZMMTg3IDE0Mi4xYzUuNC0zIDEyLjMtMy4xIDE3LjctLjEgMTAuNCA1LjkgMTYuNyAxNi45IDE2LjcgMjguNnY1OC4yeiIvPjxwYXRoIGZpbGw9IiNGRkMxMDIiIGQ9Ik0yMjQgMjU2YzAgMTIuOS03IDI0LjQtMTcuNyAyOS42TDE4NyAzMDkuOWMtNS40IDMtMTIuMyAzLjEtMTcuNy4xLTEwLjQtNS45LTE2LjctMTYuOS0xNi43LTI4LjZWMTk4YzAtMTIuOSA3LTI0LjQgMTcuNy0yOS42TDE4NyAxNDIuMWM1LjQtMyAxMi4zLTMuMSAxNy43LS4xIDEwLjQgNS45IDE2LjcgMTYuOSAxNi43IDI4LjZ2NTguMnoiLz48cGF0aCBmaWxsPSIjRkZDMTAyIiBkPSJNMjI0IDI1NmMwIDEyLjktNyAyNC40LTE3LjcgMjkuNkwxODcgMzA5LjljLTUuNCAzLTEyLjMgMy4xLTE3LjcuMS0xMC40LTUuOS0xNi43LTE2LjktMTYuNy0yOC42VjE5OGMwLTEyLjkgNy0yNC40IDE3LjctMjkuNkwxODcgMTQyLjFjNS40LTMgMTIuMy0zLjEgMTcuNy0uMSAxMC40IDUuOSAxNi43IDE2LjkgMTYuNyAyOC42djU4LjJ6Ii8+PC9zdmc+' height='20' width='20' style='vertical-align: middle;' /> <span style='color: #4285F4;'>Google Chrome</span></span></div>
<div style="border: 1px solid #ddd; padding: 8px; margin: 5px 0; border-radius: 4px; background-color: #f7f7f7; display: inline-block;"><strong>💻 #System Info</strong> :: <strong>PC Name</strong> ⇒ <span style="color: #001dff;">ANKUSH1111</span> &nbsp;&nbsp;|&nbsp;&nbsp; <strong>User</strong> ⇒ <span style="color: #006400;">HP</span></div>
❌ Navigation to Home Page failed: Expected condition failed: waiting for url to contain "home". Current url: "https://demoqa.com/" (tried for 10 second(s) with 500 milliseconds interval)
Build info: version: '4.12.1', revision: '8e34639b11'
System info: os.name: 'Windows 11', os.arch: 'amd64', os.version: '10.0', java.version: '18.0.1.1'
Driver info: org.openqa.selenium.chrome.ChromeDriver
Capabilities {acceptInsecureCerts: false, browserName: chrome, browserVersion: 136.0.7103.114, chrome: {chromedriverVersion: 136.0.7103.113 (76fa3c17824..., userDataDir: C:\Users\HP\AppData\Local\T...}, fedcm:accounts: true, goog:chromeOptions: {debuggerAddress: localhost:63962}, networkConnectionEnabled: false, pageLoadStrategy: normal, platformName: windows, proxy: Proxy(), se:cdp: ws://localhost:63962/devtoo..., se:cdpVersion: 136.0.7103.114, setWindowRect: true, strictFileInteractability: false, timeouts: {implicit: 0, pageLoad: 300000, script: 30000}, unhandledPromptBehavior: dismiss and notify, webauthn:extension:credBlob: true, webauthn:extension:largeBlob: true, webauthn:extension:minPinLength: true, webauthn:extension:prf: true, webauthn:virtualAuthenticators: true}
Session ID: 40bb75698d2fe6383849b73a3523e5f4
<h3 style="color:#132043;"><b> Iteration Number &#10781; :20</b></h4>
<div style='border: 1px solid #e0e0e0;padding: 8px 12px;margin: 8px 0;border-radius: 6px;background: linear-gradient(to right, #f8f9fa, #ffffff);box-shadow: 0 2px 4px rgba(0,0,0,0.05);display: inline-block;font-family: Arial, sans-serif;'><span style='font-weight: bold;color: #333;'>🌍 Browser Info:</span> <span style='color: #2c7be5;font-weight: 500;'><img src='data:image/svg+xml;base64,PHN2ZyB4bWxucz0iaHR0cDovL3d3dy53My5vcmcvMjAwMC9zdmciIHZpZXdCb3g9IjAgMCA0NDggNTEyIj48cGF0aCBmaWxsPSIjRkZDMTAyIiBkPSJNMjI0IDI1NmMwIDEyLjktNyAyNC40LTE3LjcgMjkuNkwxODcgMzA5LjljLTUuNCAzLTEyLjMgMy4xLTE3LjcuMS0xMC40LTUuOS0xNi43LTE2LjktMTYuNy0yOC42VjE5OGMwLTEyLjkgNy0yNC40IDE3LjctMjkuNkwxODcgMTQyLjFjNS40LTMgMTIuMy0zLjEgMTcuNy0uMSAxMC40IDUuOSAxNi43IDE2LjkgMTYuNyAyOC42djU4LjJ6Ii8+PHBhdGggZmlsbD0iIzRBNDlGNSIgZD0iTTIyNCAyNTZjMCAxMi45LTcgMjQuNC0xNy43IDI5LjZMMTg3IDMwOS45Yy01LjQgMy0xMi4zIDMuMS0xNy43LjEtMTAuNC01LjktMTYuNy0xNi45LTE2LjctMjguNlYxOThjMC0xMi45IDctMjQuNCAxNy43LTI5LjZMMTg3IDE0Mi4xYzUuNC0zIDEyLjMtMy4xIDE3LjctLjEgMTAuNCA1LjkgMTYuNyAxNi45IDE2LjcgMjguNnY1OC4yeiIvPjxwYXRoIGZpbGw9IiNGRkMxMDIiIGQ9Ik0yMjQgMjU2YzAgMTIuOS03IDI0LjQtMTcuNyAyOS42TDE4NyAzMDkuOWMtNS40IDMtMTIuMyAzLjEtMTcuNy4xLTEwLjQtNS45LTE2LjctMTYuOS0xNi43LTI4LjZWMTk4YzAtMTIuOSA3LTI0LjQgMTcuNy0yOS42TDE4NyAxNDIuMWM1LjQtMyAxMi4zLTMuMSAxNy43LS4xIDEwLjQgNS45IDE2LjcgMTYuOSAxNi43IDI4LjZ2NTguMnoiLz48cGF0aCBmaWxsPSIjRkZDMTAyIiBkPSJNMjI0IDI1NmMwIDEyLjktNyAyNC40LTE3LjcgMjkuNkwxODcgMzA5LjljLTUuNCAzLTEyLjMgMy4xLTE3LjcuMS0xMC40LTUuOS0xNi43LTE2LjktMTYuNy0yOC42VjE5OGMwLTEyLjkgNy0yNC40IDE3LjctMjkuNkwxODcgMTQyLjFjNS40LTMgMTIuMy0zLjEgMTcuNy0uMSAxMC40IDUuOSAxNi43IDE2LjkgMTYuNyAyOC42djU4LjJ6Ii8+PC9zdmc+' height='20' width='20' style='vertical-align: middle;' /> <span style='color: #4285F4;'>Google Chrome</span></span></div>
<div style="border: 1px solid #ddd; padding: 8px; margin: 5px 0; border-radius: 4px; background-color: #f7f7f7; display: inline-block;"><strong>💻 #System Info</strong> :: <strong>PC Name</strong> ⇒ <span style="color: #001dff;">ANKUSH1111</span> &nbsp;&nbsp;|&nbsp;&nbsp; <strong>User</strong> ⇒ <span style="color: #006400;">HP</span></div>
<div style='border: 1px solid #ddd; padding: 8px; margin: 5px 0; border-radius: 4px; background-color: #f7f7f7; display: inline-block;'><strong>#TXTBX ▭</strong> :: <strong>Full Name</strong> Value entered ⇒ <span style='color: #009;'>Meena Rathi</span></div>
<div style='border: 1px solid #ddd; padding: 8px; margin: 5px 0; border-radius: 4px; background-color: #f7f7f7; display: inline-block;'><strong>#TXTBX ▭</strong> :: <strong>Email</strong> Value entered ⇒ <span style='color: #009;'>meena.rathi@test.com</span></div>
Click Sucessfully==Again Double Click==Submit Button
<div style='border: 1px solid #ddd; padding: 8px; margin: 5px 0; border-radius: 4px; background-color: #f7f7f7; display: inline-block;'><strong>#TXTBX ▭</strong> :: <strong>Current Address</strong> Value entered ⇒ <span style='color: #009;'>Surat, Gujarat</span></div>
<div style='border: 1px solid #ddd; padding: 8px; margin: 5px 0; border-radius: 4px; background-color: #f7f7f7; display: inline-block;'><strong>#TXTBX ▭</strong> :: <strong>Full Name</strong> Value entered ⇒ <span style='color: #009;'>Tanya Desai</span></div>
<div style='border: 1px solid #ddd; padding: 8px; margin: 5px 0; border-radius: 4px; background-color: #f7f7f7; display: inline-block;'><strong>#TXTBX ▭</strong> :: <strong>Permanent Address</strong> Value entered ⇒ <span style='color: #009;'>Rajkot, Gujarat</span></div>
<div style='border: 1px solid #ddd; padding: 8px; margin: 5px 0; border-radius: 4px; background-color: #f7f7f7; display: inline-block;'><strong>#TXTBX ▭</strong> :: <strong>Email</strong> Value entered ⇒ <span style='color: #009;'>tanya.desai@test.com</span></div>
<div style='border: 1px solid #ddd; padding: 8px; margin: 5px 0; border-radius: 4px; background-color: #f7f7f7; display: inline-block;'><strong>#BTN 📤</strong> :: <strong>Clicked On</strong> ⇒ <span style='color: #001dff;'>Submit Button</span></div>
📋 Navigating to Home Page...
📋 Attempting to close modal popup (if present)...
⏳ Waiting for Home link to be clickable...
✅ Home link found: https://demoqa.com/
📋 Clicking on Home link...
<div style='border: 1px solid #ddd; padding: 8px; margin: 5px 0; border-radius: 4px; background-color: #f7f7f7; display: inline-block;'><strong>#TXTBX ▭</strong> :: <strong>Current Address</strong> Value entered ⇒ <span style='color: #009;'>Ahmedabad, Gujarat</span></div>
<div style='border: 1px solid #ddd; padding: 8px; margin: 5px 0; border-radius: 4px; background-color: #f7f7f7; display: inline-block;'><strong>#TXTBX ▭</strong> :: <strong>Permanent Address</strong> Value entered ⇒ <span style='color: #009;'>Vadodara, Gujarat</span></div>
<div style='border: 1px solid #ddd; padding: 8px; margin: 5px 0; border-radius: 4px; background-color: #f7f7f7; display: inline-block;'><strong>#BTN 📤</strong> :: <strong>Clicked On</strong> ⇒ <span style='color: #001dff;'>Submit Button</span></div>
📋 Navigating to Home Page...
📋 Attempting to close modal popup (if present)...
⏳ Waiting for Home link to be clickable...
✅ Home link found: https://demoqa.com/
📋 Clicking on Home link...
<font color =#18122B><b>Sceenshot Path::C:\Users\HP\Documents\Ahmedabad\ANKUSH_FRAMEWORK\ScreenShots\Validation\valdn01_17_2025_09_17_30.png</b></font>
⏳ Waiting for loader to disappear...
⏳ Verifying home page load...
<h4>Time :01/06/2025 09:17:31 PM</h4>
<br>
<img src="C:\Users\HP\Documents\Ahmedabad\ANKUSH_FRAMEWORK\ScreenShots\Validation\valdn01_17_2025_09_17_30.png" width="1000" height="500" ></img>
<br>
<br>
<div style="background-color:#ffeeba; border:2px solid #856404; border-radius:10px; padding:10px 15px; text-align:left; margin:10px 0; display:inline-block; color:#856404; box-shadow: 0px 4px 6px rgba(0, 0, 0, 0.2);"><p style='font-size:18px; margin:0;'><b>Skipped: Screenshot saved at: C:\Users\HP\Documents\Ahmedabad\ANKUSH_FRAMEWORK\ScreenShots\Validation\valdn01_17_2025_09_17_30.png</b></p></div>
<table><tr><th style='font-weight: normal;'>Student Name</th><th>Meena Rathi</th></tr><tr><th style='font-weight: normal;'>Student Email</th><th>meena.rathi@test.com</th></tr><tr><th style='font-weight: normal;'>Gender</th><th>Female</th></tr><tr><th style='font-weight: normal;'>Mobile</th><th>9876543213</th></tr><tr><th style='font-weight: normal;'>Date of Birth</th><th>16 February,1993</th></tr><tr><th style='font-weight: normal;'>Subjects</th><th>English</th></tr><tr><th style='font-weight: normal;'>Hobbies</th><th>Music</th></tr><tr><th style='font-weight: normal;'>Picture</th><th>valdn01_07_2025_02_07_42.png</th></tr><tr><th style='font-weight: normal;'>Address</th><th>Surat, Gujarat</th></tr><tr><th style='font-weight: normal;'>State and City</th><th></th></tr></table>
✅ Updated AutomationTestingStatus for FormId 101024 to '✅ [Automation Tester] Automation Testing Successfully Done and Form Successfully Submitted :: On Timestamp 01/06/2025 09:17:31 PM'
📋 Navigating to Home Page...
📋 Attempting to close modal popup (if present)...
⏳ Waiting for Home link to be clickable...
❌ Navigation to Home Page failed: Expected condition failed: waiting for url to contain "home". Current url: "https://demoqa.com/" (tried for 10 second(s) with 500 milliseconds interval)
Build info: version: '4.12.1', revision: '8e34639b11'
System info: os.name: 'Windows 11', os.arch: 'amd64', os.version: '10.0', java.version: '18.0.1.1'
Driver info: org.openqa.selenium.chrome.ChromeDriver
Capabilities {acceptInsecureCerts: false, browserName: chrome, browserVersion: 136.0.7103.114, chrome: {chromedriverVersion: 136.0.7103.113 (76fa3c17824..., userDataDir: C:\Users\HP\AppData\Local\T...}, fedcm:accounts: true, goog:chromeOptions: {debuggerAddress: localhost:63963}, networkConnectionEnabled: false, pageLoadStrategy: normal, platformName: windows, proxy: Proxy(), se:cdp: ws://localhost:63963/devtoo..., se:cdpVersion: 136.0.7103.114, setWindowRect: true, strictFileInteractability: false, timeouts: {implicit: 0, pageLoad: 300000, script: 30000}, unhandledPromptBehavior: dismiss and notify, webauthn:extension:credBlob: true, webauthn:extension:largeBlob: true, webauthn:extension:minPinLength: true, webauthn:extension:prf: true, webauthn:virtualAuthenticators: true}
Session ID: 2d878eeb16294432cfaadd75059ef6bf
<div style="background-color:#ffeeba; border:2px solid #856404; border-radius:10px; padding:10px 15px; text-align:left; margin:10px 0; display:inline-block; color:#856404; box-shadow: 0px 4px 6px rgba(0, 0, 0, 0.2);"><p style='font-size:18px; margin:0;'><b>Skipped: 🔐 Admin Connection URL: jdbc:sqlserver://localhost:1433;database=QADEMO;integratedSecurity=true;encrypt=false;trustServerCertificate=true;loginTimeout=30;</b></p></div>
<div style="background-color:#ffeeba; border:2px solid #856404; border-radius:10px; padding:10px 15px; text-align:left; margin:10px 0; display:inline-block; color:#856404; box-shadow: 0px 4px 6px rgba(0, 0, 0, 0.2);"><p style='font-size:18px; margin:0;'><b>Skipped: 🔐 Company Connection URL: jdbc:sqlserver://localhost:1433;database=QADEMO;integratedSecurity=true;encrypt=false;trustServerCertificate=true;loginTimeout=30;</b></p></div>
<div style='border: 1px solid #e0e0e0;padding: 8px 12px;margin: 8px 0;border-radius: 6px;background: linear-gradient(to right, #f8f9fa, #ffffff);box-shadow: 0 2px 4px rgba(0,0,0,0.05);display: inline-block;font-family: Arial, sans-serif;'><span style='font-weight: bold;color: #333;'>🌍 Browser Info:</span> <span style='color: #2c7be5;font-weight: 500;'><img src='data:image/svg+xml;base64,PHN2ZyB4bWxucz0iaHR0cDovL3d3dy53My5vcmcvMjAwMC9zdmciIHZpZXdCb3g9IjAgMCA0NDggNTEyIj48cGF0aCBmaWxsPSIjRkZDMTAyIiBkPSJNMjI0IDI1NmMwIDEyLjktNyAyNC40LTE3LjcgMjkuNkwxODcgMzA5LjljLTUuNCAzLTEyLjMgMy4xLTE3LjcuMS0xMC40LTUuOS0xNi43LTE2LjktMTYuNy0yOC42VjE5OGMwLTEyLjkgNy0yNC40IDE3LjctMjkuNkwxODcgMTQyLjFjNS40LTMgMTIuMy0zLjEgMTcuNy0uMSAxMC40IDUuOSAxNi43IDE2LjkgMTYuNyAyOC42djU4LjJ6Ii8+PHBhdGggZmlsbD0iIzRBNDlGNSIgZD0iTTIyNCAyNTZjMCAxMi45LTcgMjQuNC0xNy43IDI5LjZMMTg3IDMwOS45Yy01LjQgMy0xMi4zIDMuMS0xNy43LjEtMTAuNC01LjktMTYuNy0xNi45LTE2LjctMjguNlYxOThjMC0xMi45IDctMjQuNCAxNy43LTI5LjZMMTg3IDE0Mi4xYzUuNC0zIDEyLjMtMy4xIDE3LjctLjEgMTAuNCA1LjkgMTYuNyAxNi45IDE2LjcgMjguNnY1OC4yeiIvPjxwYXRoIGZpbGw9IiNGRkMxMDIiIGQ9Ik0yMjQgMjU2YzAgMTIuOS03IDI0LjQtMTcuNyAyOS42TDE4NyAzMDkuOWMtNS40IDMtMTIuMyAzLjEtMTcuNy4xLTEwLjQtNS45LTE2LjctMTYuOS0xNi43LTI4LjZWMTk4YzAtMTIuOSA3LTI0LjQgMTcuNy0yOS42TDE4NyAxNDIuMWM1LjQtMyAxMi4zLTMuMSAxNy43LS4xIDEwLjQgNS45IDE2LjcgMTYuOSAxNi43IDI4LjZ2NTguMnoiLz48cGF0aCBmaWxsPSIjRkZDMTAyIiBkPSJNMjI0IDI1NmMwIDEyLjktNyAyNC40LTE3LjcgMjkuNkwxODcgMzA5LjljLTUuNCAzLTEyLjMgMy4xLTE3LjcuMS0xMC40LTUuOS0xNi43LTE2LjktMTYuNy0yOC42VjE5OGMwLTEyLjkgNy0yNC40IDE3LjctMjkuNkwxODcgMTQyLjFjNS40LTMgMTIuMy0zLjEgMTcuNy0uMSAxMC40IDUuOSAxNi43IDE2LjkgMTYuNyAyOC42djU4LjJ6Ii8+PC9zdmc+' height='20' width='20' style='vertical-align: middle;' /> <span style='color: #4285F4;'>Google Chrome</span></span></div>
<div style="border: 1px solid #ddd; padding: 8px; margin: 5px 0; border-radius: 4px; background-color: #f7f7f7; display: inline-block;"><strong>💻 #System Info</strong> :: <strong>PC Name</strong> ⇒ <span style="color: #001dff;">ANKUSH1111</span> &nbsp;&nbsp;|&nbsp;&nbsp; <strong>User</strong> ⇒ <span style="color: #006400;">HP</span></div>
⏳ Waiting for loader to disappear...
⏳ Verifying home page load...
❌ Navigation to Home Page failed: Expected condition failed: waiting for element to be clickable: By.xpath: //a[contains(@href,'https://demoqa.com')] (tried for 2 second(s) with 500 milliseconds interval)
Build info: version: '4.12.1', revision: '8e34639b11'
System info: os.name: 'Windows 11', os.arch: 'amd64', os.version: '10.0', java.version: '18.0.1.1'
Driver info: org.openqa.selenium.chrome.ChromeDriver
Capabilities {acceptInsecureCerts: false, browserName: chrome, browserVersion: 136.0.7103.114, chrome: {chromedriverVersion: 136.0.7103.113 (76fa3c17824..., userDataDir: C:\Users\HP\AppData\Local\T...}, fedcm:accounts: true, goog:chromeOptions: {debuggerAddress: localhost:63960}, networkConnectionEnabled: false, pageLoadStrategy: normal, platformName: windows, proxy: Proxy(), se:cdp: ws://localhost:63960/devtoo..., se:cdpVersion: 136.0.7103.114, setWindowRect: true, strictFileInteractability: false, timeouts: {implicit: 0, pageLoad: 300000, script: 30000}, unhandledPromptBehavior: dismiss and notify, webauthn:extension:credBlob: true, webauthn:extension:largeBlob: true, webauthn:extension:minPinLength: true, webauthn:extension:prf: true, webauthn:virtualAuthenticators: true}
Session ID: b22de8f484a725a99fe9529a98a50781
<div style="background-color:#ffeeba; border:2px solid #856404; border-radius:10px; padding:10px 15px; text-align:left; margin:10px 0; display:inline-block; color:#856404; box-shadow: 0px 4px 6px rgba(0, 0, 0, 0.2);"><p style='font-size:18px; margin:0;'><b>Skipped: 🔐 Admin Connection URL: jdbc:sqlserver://localhost:1433;database=QADEMO;integratedSecurity=true;encrypt=false;trustServerCertificate=true;loginTimeout=30;</b></p></div>
<div style="background-color:#ffeeba; border:2px solid #856404; border-radius:10px; padding:10px 15px; text-align:left; margin:10px 0; display:inline-block; color:#856404; box-shadow: 0px 4px 6px rgba(0, 0, 0, 0.2);"><p style='font-size:18px; margin:0;'><b>Skipped: 🔐 Company Connection URL: jdbc:sqlserver://localhost:1433;database=QADEMO;integratedSecurity=true;encrypt=false;trustServerCertificate=true;loginTimeout=30;</b></p></div>
<div style='border: 1px solid #e0e0e0;padding: 8px 12px;margin: 8px 0;border-radius: 6px;background: linear-gradient(to right, #f8f9fa, #ffffff);box-shadow: 0 2px 4px rgba(0,0,0,0.05);display: inline-block;font-family: Arial, sans-serif;'><span style='font-weight: bold;color: #333;'>🌍 Browser Info:</span> <span style='color: #2c7be5;font-weight: 500;'><img src='data:image/svg+xml;base64,PHN2ZyB4bWxucz0iaHR0cDovL3d3dy53My5vcmcvMjAwMC9zdmciIHZpZXdCb3g9IjAgMCA0NDggNTEyIj48cGF0aCBmaWxsPSIjRkZDMTAyIiBkPSJNMjI0IDI1NmMwIDEyLjktNyAyNC40LTE3LjcgMjkuNkwxODcgMzA5LjljLTUuNCAzLTEyLjMgMy4xLTE3LjcuMS0xMC40LTUuOS0xNi43LTE2LjktMTYuNy0yOC42VjE5OGMwLTEyLjkgNy0yNC40IDE3LjctMjkuNkwxODcgMTQyLjFjNS40LTMgMTIuMy0zLjEgMTcuNy0uMSAxMC40IDUuOSAxNi43IDE2LjkgMTYuNyAyOC42djU4LjJ6Ii8+PHBhdGggZmlsbD0iIzRBNDlGNSIgZD0iTTIyNCAyNTZjMCAxMi45LTcgMjQuNC0xNy43IDI5LjZMMTg3IDMwOS45Yy01LjQgMy0xMi4zIDMuMS0xNy43LjEtMTAuNC01LjktMTYuNy0xNi45LTE2LjctMjguNlYxOThjMC0xMi45IDctMjQuNCAxNy43LTI5LjZMMTg3IDE0Mi4xYzUuNC0zIDEyLjMtMy4xIDE3LjctLjEgMTAuNCA1LjkgMTYuNyAxNi45IDE2LjcgMjguNnY1OC4yeiIvPjxwYXRoIGZpbGw9IiNGRkMxMDIiIGQ9Ik0yMjQgMjU2YzAgMTIuOS03IDI0LjQtMTcuNyAyOS42TDE4NyAzMDkuOWMtNS40IDMtMTIuMyAzLjEtMTcuNy4xLTEwLjQtNS45LTE2LjctMTYuOS0xNi43LTI4LjZWMTk4YzAtMTIuOSA3LTI0LjQgMTcuNy0yOS42TDE4NyAxNDIuMWM1LjQtMyAxMi4zLTMuMSAxNy43LS4xIDEwLjQgNS45IDE2LjcgMTYuOSAxNi43IDI4LjZ2NTguMnoiLz48cGF0aCBmaWxsPSIjRkZDMTAyIiBkPSJNMjI0IDI1NmMwIDEyLjktNyAyNC40LTE3LjcgMjkuNkwxODcgMzA5LjljLTUuNCAzLTEyLjMgMy4xLTE3LjcuMS0xMC40LTUuOS0xNi43LTE2LjktMTYuNy0yOC42VjE5OGMwLTEyLjkgNy0yNC40IDE3LjctMjkuNkwxODcgMTQyLjFjNS40LTMgMTIuMy0zLjEgMTcuNy0uMSAxMC40IDUuOSAxNi43IDE2LjkgMTYuNyAyOC42djU4LjJ6Ii8+PC9zdmc+' height='20' width='20' style='vertical-align: middle;' /> <span style='color: #4285F4;'>Google Chrome</span></span></div>
<div style="border: 1px solid #ddd; padding: 8px; margin: 5px 0; border-radius: 4px; background-color: #f7f7f7; display: inline-block;"><strong>💻 #System Info</strong> :: <strong>PC Name</strong> ⇒ <span style="color: #001dff;">ANKUSH1111</span> &nbsp;&nbsp;|&nbsp;&nbsp; <strong>User</strong> ⇒ <span style="color: #006400;">HP</span></div>
<div style='border: 1px solid #ddd; padding: 8px; margin: 5px 0; border-radius: 4px; background-color: #f7f7f7; display: inline-block;'><strong>#TXTBX ▭</strong> :: <strong>First Name</strong> Value entered ⇒ <span style='color: #009;'>Deepak</span></div>
<div style='border: 1px solid #ddd; padding: 8px; margin: 5px 0; border-radius: 4px; background-color: #f7f7f7; display: inline-block;'><strong>#TXTBX ▭</strong> :: <strong>Last Name</strong> Value entered ⇒ <span style='color: #009;'>Singh</span></div>
<div style='border: 1px solid #ddd; padding: 8px; margin: 5px 0; border-radius: 4px; background-color: #f7f7f7; display: inline-block;'><strong>#TXTBX ▭</strong> :: <strong>Email</strong> Value entered ⇒ <span style='color: #009;'>deepak.singh@test.com</span></div>
<div style='border: 1px solid #ddd; padding: 8px; margin: 5px 0; border-radius: 4px; background-color: #f7f7f7; display: inline-block;'><strong>#TXTBX ▭</strong> :: <strong>Full Name</strong> Value entered ⇒ <span style='color: #009;'>Deepak Singh</span></div>
Clicked On :: Gender Male Radio
<div style='border: 1px solid #ddd; padding: 8px; margin: 5px 0; border-radius: 4px; background-color: #f7f7f7; display: inline-block;'><strong>#TXTBX ▭</strong> :: <strong>Email</strong> Value entered ⇒ <span style='color: #009;'>deepak.singh@test.com</span></div>
<div style='border: 1px solid #ddd; padding: 8px; margin: 5px 0; border-radius: 4px; background-color: #f7f7f7; display: inline-block;'><strong>#TXTBX ▭</strong> :: <strong>Mobile Number</strong> Value entered ⇒ <span style='color: #009;'>9988776652</span></div>
<div style='border: 1px solid #ddd; padding: 8px; margin: 5px 0; border-radius: 4px; background-color: #f7f7f7; display: inline-block;'><strong>#TXTBX ▭</strong> :: <strong>Current Address</strong> Value entered ⇒ <span style='color: #009;'>Patna, Bihar</span></div>
<div style='border: 1px solid #ddd; padding: 8px; margin: 5px 0; border-radius: 4px; background-color: #f7f7f7; display: inline-block;'><strong>#TXTBX ▭</strong> :: <strong>Permanent Address</strong> Value entered ⇒ <span style='color: #009;'>Gaya, Bihar</span></div>
<div style='border: 1px solid #ddd; padding: 8px; margin: 5px 0; border-radius: 4px; background-color: #f7f7f7; display: inline-block;'><strong>#BTN 📤</strong> :: <strong>Clicked On</strong> ⇒ <span style='color: #001dff;'>Submit Button</span></div>
✅ Updated AutomationTestingStatus for FormId 101025 to '[Automation Tester] TextBox Form Submitted Successfully at 01/06/2025 09:17:36 PM'
📋 Navigating to Home Page...
📋 Attempting to close modal popup (if present)...
⏳ Waiting for Home link to be clickable...
✅ Home link found: https://demoqa.com/
📋 Clicking on Home link...
Clicked On :: Date Picker - Date of Birth
#DATEPICKER 📅 :: Date of Birth :: Date successfully picked :: 1988-03-28
<div style='border: 1px solid #ddd; padding: 8px; margin: 5px 0; border-radius: 4px; background-color: #f7f7f7; display: inline-block;'><strong>#TXTBX ▭</strong> :: <strong>Subject</strong> Value entered ⇒ <span style='color: #009;'>Biology</span></div>
⏳ Waiting for loader to disappear...
⏳ Verifying home page load...
❌ Navigation to Home Page failed: Expected condition failed: waiting for url to contain "home". Current url: "https://demoqa.com/" (tried for 10 second(s) with 500 milliseconds interval)
Build info: version: '4.12.1', revision: '8e34639b11'
System info: os.name: 'Windows 11', os.arch: 'amd64', os.version: '10.0', java.version: '18.0.1.1'
Driver info: org.openqa.selenium.chrome.ChromeDriver
Capabilities {acceptInsecureCerts: false, browserName: chrome, browserVersion: 136.0.7103.114, chrome: {chromedriverVersion: 136.0.7103.113 (76fa3c17824..., userDataDir: C:\Users\HP\AppData\Local\T...}, fedcm:accounts: true, goog:chromeOptions: {debuggerAddress: localhost:53181}, networkConnectionEnabled: false, pageLoadStrategy: normal, platformName: windows, proxy: Proxy(), se:cdp: ws://localhost:53181/devtoo..., se:cdpVersion: 136.0.7103.114, setWindowRect: true, strictFileInteractability: false, timeouts: {implicit: 0, pageLoad: 300000, script: 30000}, unhandledPromptBehavior: dismiss and notify, webauthn:extension:credBlob: true, webauthn:extension:largeBlob: true, webauthn:extension:minPinLength: true, webauthn:extension:prf: true, webauthn:virtualAuthenticators: true}
Session ID: 35c9159c033971dcb76a9982a22a7c38
<h3 style="color:#132043;"><b> Iteration Number &#10781; :15</b></h4>
<div style='border: 1px solid #e0e0e0;padding: 8px 12px;margin: 8px 0;border-radius: 6px;background: linear-gradient(to right, #f8f9fa, #ffffff);box-shadow: 0 2px 4px rgba(0,0,0,0.05);display: inline-block;font-family: Arial, sans-serif;'><span style='font-weight: bold;color: #333;'>🌍 Browser Info:</span> <span style='color: #2c7be5;font-weight: 500;'><img src='data:image/svg+xml;base64,PHN2ZyB4bWxucz0iaHR0cDovL3d3dy53My5vcmcvMjAwMC9zdmciIHZpZXdCb3g9IjAgMCA0NDggNTEyIj48cGF0aCBmaWxsPSIjRkZDMTAyIiBkPSJNMjI0IDI1NmMwIDEyLjktNyAyNC40LTE3LjcgMjkuNkwxODcgMzA5LjljLTUuNCAzLTEyLjMgMy4xLTE3LjcuMS0xMC40LTUuOS0xNi43LTE2LjktMTYuNy0yOC42VjE5OGMwLTEyLjkgNy0yNC40IDE3LjctMjkuNkwxODcgMTQyLjFjNS40LTMgMTIuMy0zLjEgMTcuNy0uMSAxMC40IDUuOSAxNi43IDE2LjkgMTYuNyAyOC42djU4LjJ6Ii8+PHBhdGggZmlsbD0iIzRBNDlGNSIgZD0iTTIyNCAyNTZjMCAxMi45LTcgMjQuNC0xNy43IDI5LjZMMTg3IDMwOS45Yy01LjQgMy0xMi4zIDMuMS0xNy43LjEtMTAuNC01LjktMTYuNy0xNi45LTE2LjctMjguNlYxOThjMC0xMi45IDctMjQuNCAxNy43LTI5LjZMMTg3IDE0Mi4xYzUuNC0zIDEyLjMtMy4xIDE3LjctLjEgMTAuNCA1LjkgMTYuNyAxNi45IDE2LjcgMjguNnY1OC4yeiIvPjxwYXRoIGZpbGw9IiNGRkMxMDIiIGQ9Ik0yMjQgMjU2YzAgMTIuOS03IDI0LjQtMTcuNyAyOS42TDE4NyAzMDkuOWMtNS40IDMtMTIuMyAzLjEtMTcuNy4xLTEwLjQtNS45LTE2LjctMTYuOS0xNi43LTI4LjZWMTk4YzAtMTIuOSA3LTI0LjQgMTcuNy0yOS42TDE4NyAxNDIuMWM1LjQtMyAxMi4zLTMuMSAxNy43LS4xIDEwLjQgNS45IDE2LjcgMTYuOSAxNi43IDI4LjZ2NTguMnoiLz48cGF0aCBmaWxsPSIjRkZDMTAyIiBkPSJNMjI0IDI1NmMwIDEyLjktNyAyNC40LTE3LjcgMjkuNkwxODcgMzA5LjljLTUuNCAzLTEyLjMgMy4xLTE3LjcuMS0xMC40LTUuOS0xNi43LTE2LjktMTYuNy0yOC42VjE5OGMwLTEyLjkgNy0yNC40IDE3LjctMjkuNkwxODcgMTQyLjFjNS40LTMgMTIuMy0zLjEgMTcuNy0uMSAxMC40IDUuOSAxNi43IDE2LjkgMTYuNyAyOC42djU4LjJ6Ii8+PC9zdmc+' height='20' width='20' style='vertical-align: middle;' /> <span style='color: #4285F4;'>Google Chrome</span></span></div>
<div style="border: 1px solid #ddd; padding: 8px; margin: 5px 0; border-radius: 4px; background-color: #f7f7f7; display: inline-block;"><strong>💻 #System Info</strong> :: <strong>PC Name</strong> ⇒ <span style="color: #001dff;">ANKUSH1111</span> &nbsp;&nbsp;|&nbsp;&nbsp; <strong>User</strong> ⇒ <span style="color: #006400;">HP</span></div>
<div style='border: 1px solid #ddd; padding: 8px; margin: 5px 0; border-radius: 4px; background-color: #f7f7f7; display: inline-block;'><strong>#TXTBX ▭</strong> :: <strong>Full Name</strong> Value entered ⇒ <span style='color: #009;'>Deepak Singh</span></div>
<div style='border: 1px solid #ddd; padding: 8px; margin: 5px 0; border-radius: 4px; background-color: #f7f7f7; display: inline-block;'><strong>#TXTBX ▭</strong> :: <strong>Email</strong> Value entered ⇒ <span style='color: #009;'>deepak.singh@test.com</span></div>
<div style='border: 1px solid #ddd; padding: 8px; margin: 5px 0; border-radius: 4px; background-color: #f7f7f7; display: inline-block;'><strong>#TXTBX ▭</strong> :: <strong>Current Address</strong> Value entered ⇒ <span style='color: #009;'>Patna, Bihar</span></div>
<div style='border: 1px solid #ddd; padding: 8px; margin: 5px 0; border-radius: 4px; background-color: #f7f7f7; display: inline-block;'><strong>#TXTBX ▭</strong> :: <strong>Permanent Address</strong> Value entered ⇒ <span style='color: #009;'>Gaya, Bihar</span></div>
Click Sucessfully==Again Double Click==Hobby: Sports
<div style='border: 1px solid #ddd; padding: 8px; margin: 5px 0; border-radius: 4px; background-color: #f7f7f7; display: inline-block;'><strong>#FILEUP 🔼</strong> :: <strong>Profile Picture</strong> File Uploaded ⇒ <span style='color: #001dff;'>valdn01_07_2025_02_07_42.png</span></div>
❌ Navigation to Home Page failed: Expected condition failed: waiting for url to contain "home". Current url: "https://demoqa.com/" (tried for 10 second(s) with 500 milliseconds interval)
Build info: version: '4.12.1', revision: '8e34639b11'
System info: os.name: 'Windows 11', os.arch: 'amd64', os.version: '10.0', java.version: '18.0.1.1'
Driver info: org.openqa.selenium.chrome.ChromeDriver
Capabilities {acceptInsecureCerts: false, browserName: chrome, browserVersion: 136.0.7103.114, chrome: {chromedriverVersion: 136.0.7103.113 (76fa3c17824..., userDataDir: C:\Users\HP\AppData\Local\T...}, fedcm:accounts: true, goog:chromeOptions: {debuggerAddress: localhost:63962}, networkConnectionEnabled: false, pageLoadStrategy: normal, platformName: windows, proxy: Proxy(), se:cdp: ws://localhost:63962/devtoo..., se:cdpVersion: 136.0.7103.114, setWindowRect: true, strictFileInteractability: false, timeouts: {implicit: 0, pageLoad: 300000, script: 30000}, unhandledPromptBehavior: dismiss and notify, webauthn:extension:credBlob: true, webauthn:extension:largeBlob: true, webauthn:extension:minPinLength: true, webauthn:extension:prf: true, webauthn:virtualAuthenticators: true}
Session ID: 40bb75698d2fe6383849b73a3523e5f4
<div style='border: 1px solid #ddd; padding: 8px; margin: 5px 0; border-radius: 4px; background-color: #f7f7f7; display: inline-block;'><strong>#BTN 📤</strong> :: <strong>Clicked On</strong> ⇒ <span style='color: #001dff;'>Submit Button</span></div>
📋 Navigating to Home Page...
📋 Attempting to close modal popup (if present)...
⏳ Waiting for Home link to be clickable...
<div style='border: 1px solid #ddd; padding: 8px; margin: 5px 0; border-radius: 4px; background-color: #f7f7f7; display: inline-block;'><strong>#TXTBX ▭</strong> :: <strong>Current Address</strong> Value entered ⇒ <span style='color: #009;'>Patna, Bihar</span></div>
✅ Home link found: https://demoqa.com/
📋 Clicking on Home link...
⏳ Waiting for loader to disappear...
⏳ Verifying home page load...
❌ Navigation to Home Page failed: Expected condition failed: waiting for url to contain "home". Current url: "https://demoqa.com/" (tried for 10 second(s) with 500 milliseconds interval)
Build info: version: '4.12.1', revision: '8e34639b11'
System info: os.name: 'Windows 11', os.arch: 'amd64', os.version: '10.0', java.version: '18.0.1.1'
Driver info: org.openqa.selenium.chrome.ChromeDriver
Capabilities {acceptInsecureCerts: false, browserName: chrome, browserVersion: 136.0.7103.114, chrome: {chromedriverVersion: 136.0.7103.113 (76fa3c17824..., userDataDir: C:\Users\HP\AppData\Local\T...}, fedcm:accounts: true, goog:chromeOptions: {debuggerAddress: localhost:63963}, networkConnectionEnabled: false, pageLoadStrategy: normal, platformName: windows, proxy: Proxy(), se:cdp: ws://localhost:63963/devtoo..., se:cdpVersion: 136.0.7103.114, setWindowRect: true, strictFileInteractability: false, timeouts: {implicit: 0, pageLoad: 300000, script: 30000}, unhandledPromptBehavior: dismiss and notify, webauthn:extension:credBlob: true, webauthn:extension:largeBlob: true, webauthn:extension:minPinLength: true, webauthn:extension:prf: true, webauthn:virtualAuthenticators: true}
Session ID: 2d878eeb16294432cfaadd75059ef6bf
<div style="background-color:#ffeeba; border:2px solid #856404; border-radius:10px; padding:10px 15px; text-align:left; margin:10px 0; display:inline-block; color:#856404; box-shadow: 0px 4px 6px rgba(0, 0, 0, 0.2);"><p style='font-size:18px; margin:0;'><b>Skipped: 🔐 Admin Connection URL: jdbc:sqlserver://localhost:1433;database=QADEMO;integratedSecurity=true;encrypt=false;trustServerCertificate=true;loginTimeout=30;</b></p></div>
<div style="background-color:#ffeeba; border:2px solid #856404; border-radius:10px; padding:10px 15px; text-align:left; margin:10px 0; display:inline-block; color:#856404; box-shadow: 0px 4px 6px rgba(0, 0, 0, 0.2);"><p style='font-size:18px; margin:0;'><b>Skipped: 🔐 Company Connection URL: jdbc:sqlserver://localhost:1433;database=QADEMO;integratedSecurity=true;encrypt=false;trustServerCertificate=true;loginTimeout=30;</b></p></div>
Click Sucessfully==Again Double Click==Submit Button
<div style='border: 1px solid #e0e0e0;padding: 8px 12px;margin: 8px 0;border-radius: 6px;background: linear-gradient(to right, #f8f9fa, #ffffff);box-shadow: 0 2px 4px rgba(0,0,0,0.05);display: inline-block;font-family: Arial, sans-serif;'><span style='font-weight: bold;color: #333;'>🌍 Browser Info:</span> <span style='color: #2c7be5;font-weight: 500;'><img src='data:image/svg+xml;base64,PHN2ZyB4bWxucz0iaHR0cDovL3d3dy53My5vcmcvMjAwMC9zdmciIHZpZXdCb3g9IjAgMCA0NDggNTEyIj48cGF0aCBmaWxsPSIjRkZDMTAyIiBkPSJNMjI0IDI1NmMwIDEyLjktNyAyNC40LTE3LjcgMjkuNkwxODcgMzA5LjljLTUuNCAzLTEyLjMgMy4xLTE3LjcuMS0xMC40LTUuOS0xNi43LTE2LjktMTYuNy0yOC42VjE5OGMwLTEyLjkgNy0yNC40IDE3LjctMjkuNkwxODcgMTQyLjFjNS40LTMgMTIuMy0zLjEgMTcuNy0uMSAxMC40IDUuOSAxNi43IDE2LjkgMTYuNyAyOC42djU4LjJ6Ii8+PHBhdGggZmlsbD0iIzRBNDlGNSIgZD0iTTIyNCAyNTZjMCAxMi45LTcgMjQuNC0xNy43IDI5LjZMMTg3IDMwOS45Yy01LjQgMy0xMi4zIDMuMS0xNy43LjEtMTAuNC01LjktMTYuNy0xNi45LTE2LjctMjguNlYxOThjMC0xMi45IDctMjQuNCAxNy43LTI5LjZMMTg3IDE0Mi4xYzUuNC0zIDEyLjMtMy4xIDE3LjctLjEgMTAuNCA1LjkgMTYuNyAxNi45IDE2LjcgMjguNnY1OC4yeiIvPjxwYXRoIGZpbGw9IiNGRkMxMDIiIGQ9Ik0yMjQgMjU2YzAgMTIuOS03IDI0LjQtMTcuNyAyOS42TDE4NyAzMDkuOWMtNS40IDMtMTIuMyAzLjEtMTcuNy4xLTEwLjQtNS45LTE2LjctMTYuOS0xNi43LTI4LjZWMTk4YzAtMTIuOSA3LTI0LjQgMTcuNy0yOS42TDE4NyAxNDIuMWM1LjQtMyAxMi4zLTMuMSAxNy43LS4xIDEwLjQgNS45IDE2LjcgMTYuOSAxNi43IDI4LjZ2NTguMnoiLz48cGF0aCBmaWxsPSIjRkZDMTAyIiBkPSJNMjI0IDI1NmMwIDEyLjktNyAyNC40LTE3LjcgMjkuNkwxODcgMzA5LjljLTUuNCAzLTEyLjMgMy4xLTE3LjcuMS0xMC40LTUuOS0xNi43LTE2LjktMTYuNy0yOC42VjE5OGMwLTEyLjkgNy0yNC40IDE3LjctMjkuNkwxODcgMTQyLjFjNS40LTMgMTIuMy0zLjEgMTcuNy0uMSAxMC40IDUuOSAxNi43IDE2LjkgMTYuNyAyOC42djU4LjJ6Ii8+PC9zdmc+' height='20' width='20' style='vertical-align: middle;' /> <span style='color: #4285F4;'>Google Chrome</span></span></div>
<div style="border: 1px solid #ddd; padding: 8px; margin: 5px 0; border-radius: 4px; background-color: #f7f7f7; display: inline-block;"><strong>💻 #System Info</strong> :: <strong>PC Name</strong> ⇒ <span style="color: #001dff;">ANKUSH1111</span> &nbsp;&nbsp;|&nbsp;&nbsp; <strong>User</strong> ⇒ <span style="color: #006400;">HP</span></div>
<font color =#18122B><b>Sceenshot Path::C:\Users\HP\Documents\Ahmedabad\ANKUSH_FRAMEWORK\ScreenShots\Validation\valdn01_17_2025_09_17_50.png</b></font>
<h4>Time :01/06/2025 09:17:51 PM</h4>
<br>
<img src="C:\Users\HP\Documents\Ahmedabad\ANKUSH_FRAMEWORK\ScreenShots\Validation\valdn01_17_2025_09_17_50.png" width="1000" height="500" ></img>
<br>
<br>
<div style="background-color:#ffeeba; border:2px solid #856404; border-radius:10px; padding:10px 15px; text-align:left; margin:10px 0; display:inline-block; color:#856404; box-shadow: 0px 4px 6px rgba(0, 0, 0, 0.2);"><p style='font-size:18px; margin:0;'><b>Skipped: Screenshot saved at: C:\Users\HP\Documents\Ahmedabad\ANKUSH_FRAMEWORK\ScreenShots\Validation\valdn01_17_2025_09_17_50.png</b></p></div>
<div style='border: 1px solid #ddd; padding: 8px; margin: 5px 0; border-radius: 4px; background-color: #f7f7f7; display: inline-block;'><strong>#TXTBX ▭</strong> :: <strong>Full Name</strong> Value entered ⇒ <span style='color: #009;'>Kavita Bansal</span></div>
<table><tr><th style='font-weight: normal;'>Student Name</th><th>Deepak Singh</th></tr><tr><th style='font-weight: normal;'>Student Email</th><th>deepak.singh@test.com</th></tr><tr><th style='font-weight: normal;'>Gender</th><th>Male</th></tr><tr><th style='font-weight: normal;'>Mobile</th><th>9988776652</th></tr><tr><th style='font-weight: normal;'>Date of Birth</th><th>28 March,1988</th></tr><tr><th style='font-weight: normal;'>Subjects</th><th>Biology</th></tr><tr><th style='font-weight: normal;'>Hobbies</th><th>Sports</th></tr><tr><th style='font-weight: normal;'>Picture</th><th>valdn01_07_2025_02_07_42.png</th></tr><tr><th style='font-weight: normal;'>Address</th><th>Patna, Bihar</th></tr><tr><th style='font-weight: normal;'>State and City</th><th></th></tr></table>
✅ Updated AutomationTestingStatus for FormId 101025 to '✅ [Automation Tester] Automation Testing Successfully Done and Form Successfully Submitted :: On Timestamp 01/06/2025 09:17:51 PM'
📋 Navigating to Home Page...
📋 Attempting to close modal popup (if present)...
⏳ Waiting for Home link to be clickable...
<div style='border: 1px solid #ddd; padding: 8px; margin: 5px 0; border-radius: 4px; background-color: #f7f7f7; display: inline-block;'><strong>#TXTBX ▭</strong> :: <strong>Email</strong> Value entered ⇒ <span style='color: #009;'>kavita.bansal@test.com</span></div>
<div style='border: 1px solid #ddd; padding: 8px; margin: 5px 0; border-radius: 4px; background-color: #f7f7f7; display: inline-block;'><strong>#TXTBX ▭</strong> :: <strong>Current Address</strong> Value entered ⇒ <span style='color: #009;'>Chandigarh</span></div>
<div style='border: 1px solid #ddd; padding: 8px; margin: 5px 0; border-radius: 4px; background-color: #f7f7f7; display: inline-block;'><strong>#TXTBX ▭</strong> :: <strong>Permanent Address</strong> Value entered ⇒ <span style='color: #009;'>Panchkula, Haryana</span></div>
<div style='border: 1px solid #ddd; padding: 8px; margin: 5px 0; border-radius: 4px; background-color: #f7f7f7; display: inline-block;'><strong>#BTN 📤</strong> :: <strong>Clicked On</strong> ⇒ <span style='color: #001dff;'>Submit Button</span></div>
✅ Updated AutomationTestingStatus for FormId 101026 to '[Automation Tester] TextBox Form Submitted Successfully at 01/06/2025 09:17:52 PM'
📋 Navigating to Home Page...
📋 Attempting to close modal popup (if present)...
⏳ Waiting for Home link to be clickable...
✅ Home link found: https://demoqa.com/
📋 Clicking on Home link...
❌ Navigation to Home Page failed: Expected condition failed: waiting for element to be clickable: By.xpath: //a[contains(@href,'https://demoqa.com')] (tried for 2 second(s) with 500 milliseconds interval)
Build info: version: '4.12.1', revision: '8e34639b11'
System info: os.name: 'Windows 11', os.arch: 'amd64', os.version: '10.0', java.version: '18.0.1.1'
Driver info: org.openqa.selenium.chrome.ChromeDriver
Capabilities {acceptInsecureCerts: false, browserName: chrome, browserVersion: 136.0.7103.114, chrome: {chromedriverVersion: 136.0.7103.113 (76fa3c17824..., userDataDir: C:\Users\HP\AppData\Local\T...}, fedcm:accounts: true, goog:chromeOptions: {debuggerAddress: localhost:63960}, networkConnectionEnabled: false, pageLoadStrategy: normal, platformName: windows, proxy: Proxy(), se:cdp: ws://localhost:63960/devtoo..., se:cdpVersion: 136.0.7103.114, setWindowRect: true, strictFileInteractability: false, timeouts: {implicit: 0, pageLoad: 300000, script: 30000}, unhandledPromptBehavior: dismiss and notify, webauthn:extension:credBlob: true, webauthn:extension:largeBlob: true, webauthn:extension:minPinLength: true, webauthn:extension:prf: true, webauthn:virtualAuthenticators: true}
Session ID: b22de8f484a725a99fe9529a98a50781
<div style="background-color:#ffeeba; border:2px solid #856404; border-radius:10px; padding:10px 15px; text-align:left; margin:10px 0; display:inline-block; color:#856404; box-shadow: 0px 4px 6px rgba(0, 0, 0, 0.2);"><p style='font-size:18px; margin:0;'><b>Skipped: 🔐 Admin Connection URL: jdbc:sqlserver://localhost:1433;database=QADEMO;integratedSecurity=true;encrypt=false;trustServerCertificate=true;loginTimeout=30;</b></p></div>
<div style="background-color:#ffeeba; border:2px solid #856404; border-radius:10px; padding:10px 15px; text-align:left; margin:10px 0; display:inline-block; color:#856404; box-shadow: 0px 4px 6px rgba(0, 0, 0, 0.2);"><p style='font-size:18px; margin:0;'><b>Skipped: 🔐 Company Connection URL: jdbc:sqlserver://localhost:1433;database=QADEMO;integratedSecurity=true;encrypt=false;trustServerCertificate=true;loginTimeout=30;</b></p></div>
<div style='border: 1px solid #e0e0e0;padding: 8px 12px;margin: 8px 0;border-radius: 6px;background: linear-gradient(to right, #f8f9fa, #ffffff);box-shadow: 0 2px 4px rgba(0,0,0,0.05);display: inline-block;font-family: Arial, sans-serif;'><span style='font-weight: bold;color: #333;'>🌍 Browser Info:</span> <span style='color: #2c7be5;font-weight: 500;'><img src='data:image/svg+xml;base64,PHN2ZyB4bWxucz0iaHR0cDovL3d3dy53My5vcmcvMjAwMC9zdmciIHZpZXdCb3g9IjAgMCA0NDggNTEyIj48cGF0aCBmaWxsPSIjRkZDMTAyIiBkPSJNMjI0IDI1NmMwIDEyLjktNyAyNC40LTE3LjcgMjkuNkwxODcgMzA5LjljLTUuNCAzLTEyLjMgMy4xLTE3LjcuMS0xMC40LTUuOS0xNi43LTE2LjktMTYuNy0yOC42VjE5OGMwLTEyLjkgNy0yNC40IDE3LjctMjkuNkwxODcgMTQyLjFjNS40LTMgMTIuMy0zLjEgMTcuNy0uMSAxMC40IDUuOSAxNi43IDE2LjkgMTYuNyAyOC42djU4LjJ6Ii8+PHBhdGggZmlsbD0iIzRBNDlGNSIgZD0iTTIyNCAyNTZjMCAxMi45LTcgMjQuNC0xNy43IDI5LjZMMTg3IDMwOS45Yy01LjQgMy0xMi4zIDMuMS0xNy43LjEtMTAuNC01LjktMTYuNy0xNi45LTE2LjctMjguNlYxOThjMC0xMi45IDctMjQuNCAxNy43LTI5LjZMMTg3IDE0Mi4xYzUuNC0zIDEyLjMtMy4xIDE3LjctLjEgMTAuNCA1LjkgMTYuNyAxNi45IDE2LjcgMjguNnY1OC4yeiIvPjxwYXRoIGZpbGw9IiNGRkMxMDIiIGQ9Ik0yMjQgMjU2YzAgMTIuOS03IDI0LjQtMTcuNyAyOS42TDE4NyAzMDkuOWMtNS40IDMtMTIuMyAzLjEtMTcuNy4xLTEwLjQtNS45LTE2LjctMTYuOS0xNi43LTI4LjZWMTk4YzAtMTIuOSA3LTI0LjQgMTcuNy0yOS42TDE4NyAxNDIuMWM1LjQtMyAxMi4zLTMuMSAxNy43LS4xIDEwLjQgNS45IDE2LjcgMTYuOSAxNi43IDI4LjZ2NTguMnoiLz48cGF0aCBmaWxsPSIjRkZDMTAyIiBkPSJNMjI0IDI1NmMwIDEyLjktNyAyNC40LTE3LjcgMjkuNkwxODcgMzA5LjljLTUuNCAzLTEyLjMgMy4xLTE3LjcuMS0xMC40LTUuOS0xNi43LTE2LjktMTYuNy0yOC42VjE5OGMwLTEyLjkgNy0yNC40IDE3LjctMjkuNkwxODcgMTQyLjFjNS40LTMgMTIuMy0zLjEgMTcuNy0uMSAxMC40IDUuOSAxNi43IDE2LjkgMTYuNyAyOC42djU4LjJ6Ii8+PC9zdmc+' height='20' width='20' style='vertical-align: middle;' /> <span style='color: #4285F4;'>Google Chrome</span></span></div>
<div style="border: 1px solid #ddd; padding: 8px; margin: 5px 0; border-radius: 4px; background-color: #f7f7f7; display: inline-block;"><strong>💻 #System Info</strong> :: <strong>PC Name</strong> ⇒ <span style="color: #001dff;">ANKUSH1111</span> &nbsp;&nbsp;|&nbsp;&nbsp; <strong>User</strong> ⇒ <span style="color: #006400;">HP</span></div>
⏳ Waiting for loader to disappear...
⏳ Verifying home page load...
❌ Navigation to Home Page failed: Expected condition failed: waiting for url to contain "home". Current url: "https://demoqa.com/" (tried for 10 second(s) with 500 milliseconds interval)
Build info: version: '4.12.1', revision: '8e34639b11'
System info: os.name: 'Windows 11', os.arch: 'amd64', os.version: '10.0', java.version: '18.0.1.1'
Driver info: org.openqa.selenium.chrome.ChromeDriver
Capabilities {acceptInsecureCerts: false, browserName: chrome, browserVersion: 136.0.7103.114, chrome: {chromedriverVersion: 136.0.7103.113 (76fa3c17824..., userDataDir: C:\Users\HP\AppData\Local\T...}, fedcm:accounts: true, goog:chromeOptions: {debuggerAddress: localhost:53181}, networkConnectionEnabled: false, pageLoadStrategy: normal, platformName: windows, proxy: Proxy(), se:cdp: ws://localhost:53181/devtoo..., se:cdpVersion: 136.0.7103.114, setWindowRect: true, strictFileInteractability: false, timeouts: {implicit: 0, pageLoad: 300000, script: 30000}, unhandledPromptBehavior: dismiss and notify, webauthn:extension:credBlob: true, webauthn:extension:largeBlob: true, webauthn:extension:minPinLength: true, webauthn:extension:prf: true, webauthn:virtualAuthenticators: true}
Session ID: 35c9159c033971dcb76a9982a22a7c38
<h3 style="color:#132043;"><b> Iteration Number &#10781; :16</b></h4>
<div style='border: 1px solid #e0e0e0;padding: 8px 12px;margin: 8px 0;border-radius: 6px;background: linear-gradient(to right, #f8f9fa, #ffffff);box-shadow: 0 2px 4px rgba(0,0,0,0.05);display: inline-block;font-family: Arial, sans-serif;'><span style='font-weight: bold;color: #333;'>🌍 Browser Info:</span> <span style='color: #2c7be5;font-weight: 500;'><img src='data:image/svg+xml;base64,PHN2ZyB4bWxucz0iaHR0cDovL3d3dy53My5vcmcvMjAwMC9zdmciIHZpZXdCb3g9IjAgMCA0NDggNTEyIj48cGF0aCBmaWxsPSIjRkZDMTAyIiBkPSJNMjI0IDI1NmMwIDEyLjktNyAyNC40LTE3LjcgMjkuNkwxODcgMzA5LjljLTUuNCAzLTEyLjMgMy4xLTE3LjcuMS0xMC40LTUuOS0xNi43LTE2LjktMTYuNy0yOC42VjE5OGMwLTEyLjkgNy0yNC40IDE3LjctMjkuNkwxODcgMTQyLjFjNS40LTMgMTIuMy0zLjEgMTcuNy0uMSAxMC40IDUuOSAxNi43IDE2LjkgMTYuNyAyOC42djU4LjJ6Ii8+PHBhdGggZmlsbD0iIzRBNDlGNSIgZD0iTTIyNCAyNTZjMCAxMi45LTcgMjQuNC0xNy43IDI5LjZMMTg3IDMwOS45Yy01LjQgMy0xMi4zIDMuMS0xNy43LjEtMTAuNC01LjktMTYuNy0xNi45LTE2LjctMjguNlYxOThjMC0xMi45IDctMjQuNCAxNy43LTI5LjZMMTg3IDE0Mi4xYzUuNC0zIDEyLjMtMy4xIDE3LjctLjEgMTAuNCA1LjkgMTYuNyAxNi45IDE2LjcgMjguNnY1OC4yeiIvPjxwYXRoIGZpbGw9IiNGRkMxMDIiIGQ9Ik0yMjQgMjU2YzAgMTIuOS03IDI0LjQtMTcuNyAyOS42TDE4NyAzMDkuOWMtNS40IDMtMTIuMyAzLjEtMTcuNy4xLTEwLjQtNS45LTE2LjctMTYuOS0xNi43LTI4LjZWMTk4YzAtMTIuOSA3LTI0LjQgMTcuNy0yOS42TDE4NyAxNDIuMWM1LjQtMyAxMi4zLTMuMSAxNy43LS4xIDEwLjQgNS45IDE2LjcgMTYuOSAxNi43IDI4LjZ2NTguMnoiLz48cGF0aCBmaWxsPSIjRkZDMTAyIiBkPSJNMjI0IDI1NmMwIDEyLjktNyAyNC40LTE3LjcgMjkuNkwxODcgMzA5LjljLTUuNCAzLTEyLjMgMy4xLTE3LjcuMS0xMC40LTUuOS0xNi43LTE2LjktMTYuNy0yOC42VjE5OGMwLTEyLjkgNy0yNC40IDE3LjctMjkuNkwxODcgMTQyLjFjNS40LTMgMTIuMy0zLjEgMTcuNy0uMSAxMC40IDUuOSAxNi43IDE2LjkgMTYuNyAyOC42djU4LjJ6Ii8+PC9zdmc+' height='20' width='20' style='vertical-align: middle;' /> <span style='color: #4285F4;'>Google Chrome</span></span></div>
<div style="border: 1px solid #ddd; padding: 8px; margin: 5px 0; border-radius: 4px; background-color: #f7f7f7; display: inline-block;"><strong>💻 #System Info</strong> :: <strong>PC Name</strong> ⇒ <span style="color: #001dff;">ANKUSH1111</span> &nbsp;&nbsp;|&nbsp;&nbsp; <strong>User</strong> ⇒ <span style="color: #006400;">HP</span></div>
<div style='border: 1px solid #ddd; padding: 8px; margin: 5px 0; border-radius: 4px; background-color: #f7f7f7; display: inline-block;'><strong>#TXTBX ▭</strong> :: <strong>First Name</strong> Value entered ⇒ <span style='color: #009;'>Kavita</span></div>
<div style='border: 1px solid #ddd; padding: 8px; margin: 5px 0; border-radius: 4px; background-color: #f7f7f7; display: inline-block;'><strong>#TXTBX ▭</strong> :: <strong>Last Name</strong> Value entered ⇒ <span style='color: #009;'>Bansal</span></div>
<div style='border: 1px solid #ddd; padding: 8px; margin: 5px 0; border-radius: 4px; background-color: #f7f7f7; display: inline-block;'><strong>#TXTBX ▭</strong> :: <strong>Email</strong> Value entered ⇒ <span style='color: #009;'>kavita.bansal@test.com</span></div>
Clicked On :: Gender Female Radio
<div style='border: 1px solid #ddd; padding: 8px; margin: 5px 0; border-radius: 4px; background-color: #f7f7f7; display: inline-block;'><strong>#TXTBX ▭</strong> :: <strong>Mobile Number</strong> Value entered ⇒ <span style='color: #009;'>9871234570</span></div>
<div style='border: 1px solid #ddd; padding: 8px; margin: 5px 0; border-radius: 4px; background-color: #f7f7f7; display: inline-block;'><strong>#TXTBX ▭</strong> :: <strong>Full Name</strong> Value entered ⇒ <span style='color: #009;'>Kavita Bansal</span></div>
<div style='border: 1px solid #ddd; padding: 8px; margin: 5px 0; border-radius: 4px; background-color: #f7f7f7; display: inline-block;'><strong>#TXTBX ▭</strong> :: <strong>Email</strong> Value entered ⇒ <span style='color: #009;'>kavita.bansal@test.com</span></div>
<div style='border: 1px solid #ddd; padding: 8px; margin: 5px 0; border-radius: 4px; background-color: #f7f7f7; display: inline-block;'><strong>#TXTBX ▭</strong> :: <strong>Current Address</strong> Value entered ⇒ <span style='color: #009;'>Chandigarh</span></div>
<div style='border: 1px solid #ddd; padding: 8px; margin: 5px 0; border-radius: 4px; background-color: #f7f7f7; display: inline-block;'><strong>#TXTBX ▭</strong> :: <strong>Permanent Address</strong> Value entered ⇒ <span style='color: #009;'>Panchkula, Haryana</span></div>
<div style='border: 1px solid #ddd; padding: 8px; margin: 5px 0; border-radius: 4px; background-color: #f7f7f7; display: inline-block;'><strong>#BTN 📤</strong> :: <strong>Clicked On</strong> ⇒ <span style='color: #001dff;'>Submit Button</span></div>
📋 Navigating to Home Page...
📋 Attempting to close modal popup (if present)...
⏳ Waiting for Home link to be clickable...
✅ Home link found: https://demoqa.com/
📋 Clicking on Home link...
⏳ Waiting for loader to disappear...
⏳ Verifying home page load...
Clicked On :: Date Picker - Date of Birth
#DATEPICKER 📅 :: Date of Birth :: Date successfully picked :: 1995-04-09
<div style='border: 1px solid #ddd; padding: 8px; margin: 5px 0; border-radius: 4px; background-color: #f7f7f7; display: inline-block;'><strong>#TXTBX ▭</strong> :: <strong>Subject</strong> Value entered ⇒ <span style='color: #009;'>History</span></div>
Click Sucessfully==Again Double Click==Hobby: Reading
Clicked On :: Hobby: Music
<div style='border: 1px solid #ddd; padding: 8px; margin: 5px 0; border-radius: 4px; background-color: #f7f7f7; display: inline-block;'><strong>#FILEUP 🔼</strong> :: <strong>Profile Picture</strong> File Uploaded ⇒ <span style='color: #001dff;'>valdn01_07_2025_02_07_42.png</span></div>
<div style='border: 1px solid #ddd; padding: 8px; margin: 5px 0; border-radius: 4px; background-color: #f7f7f7; display: inline-block;'><strong>#TXTBX ▭</strong> :: <strong>Current Address</strong> Value entered ⇒ <span style='color: #009;'>Chandigarh</span></div>
❌ Navigation to Home Page failed: Expected condition failed: waiting for url to contain "home". Current url: "https://demoqa.com/" (tried for 10 second(s) with 500 milliseconds interval)
Build info: version: '4.12.1', revision: '8e34639b11'
System info: os.name: 'Windows 11', os.arch: 'amd64', os.version: '10.0', java.version: '18.0.1.1'
Driver info: org.openqa.selenium.chrome.ChromeDriver
Capabilities {acceptInsecureCerts: false, browserName: chrome, browserVersion: 136.0.7103.114, chrome: {chromedriverVersion: 136.0.7103.113 (76fa3c17824..., userDataDir: C:\Users\HP\AppData\Local\T...}, fedcm:accounts: true, goog:chromeOptions: {debuggerAddress: localhost:63963}, networkConnectionEnabled: false, pageLoadStrategy: normal, platformName: windows, proxy: Proxy(), se:cdp: ws://localhost:63963/devtoo..., se:cdpVersion: 136.0.7103.114, setWindowRect: true, strictFileInteractability: false, timeouts: {implicit: 0, pageLoad: 300000, script: 30000}, unhandledPromptBehavior: dismiss and notify, webauthn:extension:credBlob: true, webauthn:extension:largeBlob: true, webauthn:extension:minPinLength: true, webauthn:extension:prf: true, webauthn:virtualAuthenticators: true}
Session ID: 2d878eeb16294432cfaadd75059ef6bf
<div style="background-color:#ffeeba; border:2px solid #856404; border-radius:10px; padding:10px 15px; text-align:left; margin:10px 0; display:inline-block; color:#856404; box-shadow: 0px 4px 6px rgba(0, 0, 0, 0.2);"><p style='font-size:18px; margin:0;'><b>Skipped: 🔐 Admin Connection URL: jdbc:sqlserver://localhost:1433;database=QADEMO;integratedSecurity=true;encrypt=false;trustServerCertificate=true;loginTimeout=30;</b></p></div>
<div style="background-color:#ffeeba; border:2px solid #856404; border-radius:10px; padding:10px 15px; text-align:left; margin:10px 0; display:inline-block; color:#856404; box-shadow: 0px 4px 6px rgba(0, 0, 0, 0.2);"><p style='font-size:18px; margin:0;'><b>Skipped: 🔐 Company Connection URL: jdbc:sqlserver://localhost:1433;database=QADEMO;integratedSecurity=true;encrypt=false;trustServerCertificate=true;loginTimeout=30;</b></p></div>
<div style='border: 1px solid #e0e0e0;padding: 8px 12px;margin: 8px 0;border-radius: 6px;background: linear-gradient(to right, #f8f9fa, #ffffff);box-shadow: 0 2px 4px rgba(0,0,0,0.05);display: inline-block;font-family: Arial, sans-serif;'><span style='font-weight: bold;color: #333;'>🌍 Browser Info:</span> <span style='color: #2c7be5;font-weight: 500;'><img src='data:image/svg+xml;base64,PHN2ZyB4bWxucz0iaHR0cDovL3d3dy53My5vcmcvMjAwMC9zdmciIHZpZXdCb3g9IjAgMCA0NDggNTEyIj48cGF0aCBmaWxsPSIjRkZDMTAyIiBkPSJNMjI0IDI1NmMwIDEyLjktNyAyNC40LTE3LjcgMjkuNkwxODcgMzA5LjljLTUuNCAzLTEyLjMgMy4xLTE3LjcuMS0xMC40LTUuOS0xNi43LTE2LjktMTYuNy0yOC42VjE5OGMwLTEyLjkgNy0yNC40IDE3LjctMjkuNkwxODcgMTQyLjFjNS40LTMgMTIuMy0zLjEgMTcuNy0uMSAxMC40IDUuOSAxNi43IDE2LjkgMTYuNyAyOC42djU4LjJ6Ii8+PHBhdGggZmlsbD0iIzRBNDlGNSIgZD0iTTIyNCAyNTZjMCAxMi45LTcgMjQuNC0xNy43IDI5LjZMMTg3IDMwOS45Yy01LjQgMy0xMi4zIDMuMS0xNy43LjEtMTAuNC01LjktMTYuNy0xNi45LTE2LjctMjguNlYxOThjMC0xMi45IDctMjQuNCAxNy43LTI5LjZMMTg3IDE0Mi4xYzUuNC0zIDEyLjMtMy4xIDE3LjctLjEgMTAuNCA1LjkgMTYuNyAxNi45IDE2LjcgMjguNnY1OC4yeiIvPjxwYXRoIGZpbGw9IiNGRkMxMDIiIGQ9Ik0yMjQgMjU2YzAgMTIuOS03IDI0LjQtMTcuNyAyOS42TDE4NyAzMDkuOWMtNS40IDMtMTIuMyAzLjEtMTcuNy4xLTEwLjQtNS45LTE2LjctMTYuOS0xNi43LTI4LjZWMTk4YzAtMTIuOSA3LTI0LjQgMTcuNy0yOS42TDE4NyAxNDIuMWM1LjQtMyAxMi4zLTMuMSAxNy43LS4xIDEwLjQgNS45IDE2LjcgMTYuOSAxNi43IDI4LjZ2NTguMnoiLz48cGF0aCBmaWxsPSIjRkZDMTAyIiBkPSJNMjI0IDI1NmMwIDEyLjktNyAyNC40LTE3LjcgMjkuNkwxODcgMzA5LjljLTUuNCAzLTEyLjMgMy4xLTE3LjcuMS0xMC40LTUuOS0xNi43LTE2LjktMTYuNy0yOC42VjE5OGMwLTEyLjkgNy0yNC40IDE3LjctMjkuNkwxODcgMTQyLjFjNS40LTMgMTIuMy0zLjEgMTcuNy0uMSAxMC40IDUuOSAxNi43IDE2LjkgMTYuNyAyOC42djU4LjJ6Ii8+PC9zdmc+' height='20' width='20' style='vertical-align: middle;' /> <span style='color: #4285F4;'>Google Chrome</span></span></div>
<div style="border: 1px solid #ddd; padding: 8px; margin: 5px 0; border-radius: 4px; background-color: #f7f7f7; display: inline-block;"><strong>💻 #System Info</strong> :: <strong>PC Name</strong> ⇒ <span style="color: #001dff;">ANKUSH1111</span> &nbsp;&nbsp;|&nbsp;&nbsp; <strong>User</strong> ⇒ <span style="color: #006400;">HP</span></div>
<div style='border: 1px solid #ddd; padding: 8px; margin: 5px 0; border-radius: 4px; background-color: #f7f7f7; display: inline-block;'><strong>#TXTBX ▭</strong> :: <strong>Full Name</strong> Value entered ⇒ <span style='color: #009;'>Rajesh Kumar</span></div>
<div style='border: 1px solid #ddd; padding: 8px; margin: 5px 0; border-radius: 4px; background-color: #f7f7f7; display: inline-block;'><strong>#TXTBX ▭</strong> :: <strong>Email</strong> Value entered ⇒ <span style='color: #009;'>rajesh.kumar@test.com</span></div>
<div style='border: 1px solid #ddd; padding: 8px; margin: 5px 0; border-radius: 4px; background-color: #f7f7f7; display: inline-block;'><strong>#TXTBX ▭</strong> :: <strong>Current Address</strong> Value entered ⇒ <span style='color: #009;'>Ranchi, Jharkhand</span></div>
<div style='border: 1px solid #ddd; padding: 8px; margin: 5px 0; border-radius: 4px; background-color: #f7f7f7; display: inline-block;'><strong>#TXTBX ▭</strong> :: <strong>Permanent Address</strong> Value entered ⇒ <span style='color: #009;'>Jamshedpur, Jharkhand</span></div>
<div style='border: 1px solid #ddd; padding: 8px; margin: 5px 0; border-radius: 4px; background-color: #f7f7f7; display: inline-block;'><strong>#BTN 📤</strong> :: <strong>Clicked On</strong> ⇒ <span style='color: #001dff;'>Submit Button</span></div>
✅ Updated AutomationTestingStatus for FormId 101027 to '[Automation Tester] TextBox Form Submitted Successfully at 01/06/2025 09:18:07 PM'
📋 Navigating to Home Page...
📋 Attempting to close modal popup (if present)...
⏳ Waiting for Home link to be clickable...
✅ Home link found: https://demoqa.com/
📋 Clicking on Home link...
❌ Navigation to Home Page failed: Expected condition failed: waiting for url to contain "home". Current url: "https://demoqa.com/" (tried for 10 second(s) with 500 milliseconds interval)
Build info: version: '4.12.1', revision: '8e34639b11'
System info: os.name: 'Windows 11', os.arch: 'amd64', os.version: '10.0', java.version: '18.0.1.1'
Driver info: org.openqa.selenium.chrome.ChromeDriver
Capabilities {acceptInsecureCerts: false, browserName: chrome, browserVersion: 136.0.7103.114, chrome: {chromedriverVersion: 136.0.7103.113 (76fa3c17824..., userDataDir: C:\Users\HP\AppData\Local\T...}, fedcm:accounts: true, goog:chromeOptions: {debuggerAddress: localhost:53181}, networkConnectionEnabled: false, pageLoadStrategy: normal, platformName: windows, proxy: Proxy(), se:cdp: ws://localhost:53181/devtoo..., se:cdpVersion: 136.0.7103.114, setWindowRect: true, strictFileInteractability: false, timeouts: {implicit: 0, pageLoad: 300000, script: 30000}, unhandledPromptBehavior: dismiss and notify, webauthn:extension:credBlob: true, webauthn:extension:largeBlob: true, webauthn:extension:minPinLength: true, webauthn:extension:prf: true, webauthn:virtualAuthenticators: true}
Session ID: 35c9159c033971dcb76a9982a22a7c38
<h3 style="color:#132043;"><b> Iteration Number &#10781; :17</b></h4>
<div style='border: 1px solid #e0e0e0;padding: 8px 12px;margin: 8px 0;border-radius: 6px;background: linear-gradient(to right, #f8f9fa, #ffffff);box-shadow: 0 2px 4px rgba(0,0,0,0.05);display: inline-block;font-family: Arial, sans-serif;'><span style='font-weight: bold;color: #333;'>🌍 Browser Info:</span> <span style='color: #2c7be5;font-weight: 500;'><img src='data:image/svg+xml;base64,PHN2ZyB4bWxucz0iaHR0cDovL3d3dy53My5vcmcvMjAwMC9zdmciIHZpZXdCb3g9IjAgMCA0NDggNTEyIj48cGF0aCBmaWxsPSIjRkZDMTAyIiBkPSJNMjI0IDI1NmMwIDEyLjktNyAyNC40LTE3LjcgMjkuNkwxODcgMzA5LjljLTUuNCAzLTEyLjMgMy4xLTE3LjcuMS0xMC40LTUuOS0xNi43LTE2LjktMTYuNy0yOC42VjE5OGMwLTEyLjkgNy0yNC40IDE3LjctMjkuNkwxODcgMTQyLjFjNS40LTMgMTIuMy0zLjEgMTcuNy0uMSAxMC40IDUuOSAxNi43IDE2LjkgMTYuNyAyOC42djU4LjJ6Ii8+PHBhdGggZmlsbD0iIzRBNDlGNSIgZD0iTTIyNCAyNTZjMCAxMi45LTcgMjQuNC0xNy43IDI5LjZMMTg3IDMwOS45Yy01LjQgMy0xMi4zIDMuMS0xNy43LjEtMTAuNC01LjktMTYuNy0xNi45LTE2LjctMjguNlYxOThjMC0xMi45IDctMjQuNCAxNy43LTI5LjZMMTg3IDE0Mi4xYzUuNC0zIDEyLjMtMy4xIDE3LjctLjEgMTAuNCA1LjkgMTYuNyAxNi45IDE2LjcgMjguNnY1OC4yeiIvPjxwYXRoIGZpbGw9IiNGRkMxMDIiIGQ9Ik0yMjQgMjU2YzAgMTIuOS03IDI0LjQtMTcuNyAyOS42TDE4NyAzMDkuOWMtNS40IDMtMTIuMyAzLjEtMTcuNy4xLTEwLjQtNS45LTE2LjctMTYuOS0xNi43LTI4LjZWMTk4YzAtMTIuOSA3LTI0LjQgMTcuNy0yOS42TDE4NyAxNDIuMWM1LjQtMyAxMi4zLTMuMSAxNy43LS4xIDEwLjQgNS45IDE2LjcgMTYuOSAxNi43IDI4LjZ2NTguMnoiLz48cGF0aCBmaWxsPSIjRkZDMTAyIiBkPSJNMjI0IDI1NmMwIDEyLjktNyAyNC40LTE3LjcgMjkuNkwxODcgMzA5LjljLTUuNCAzLTEyLjMgMy4xLTE3LjcuMS0xMC40LTUuOS0xNi43LTE2LjktMTYuNy0yOC42VjE5OGMwLTEyLjkgNy0yNC40IDE3LjctMjkuNkwxODcgMTQyLjFjNS40LTMgMTIuMy0zLjEgMTcuNy0uMSAxMC40IDUuOSAxNi43IDE2LjkgMTYuNyAyOC42djU4LjJ6Ii8+PC9zdmc+' height='20' width='20' style='vertical-align: middle;' /> <span style='color: #4285F4;'>Google Chrome</span></span></div>
<div style="border: 1px solid #ddd; padding: 8px; margin: 5px 0; border-radius: 4px; background-color: #f7f7f7; display: inline-block;"><strong>💻 #System Info</strong> :: <strong>PC Name</strong> ⇒ <span style="color: #001dff;">ANKUSH1111</span> &nbsp;&nbsp;|&nbsp;&nbsp; <strong>User</strong> ⇒ <span style="color: #006400;">HP</span></div>
<div style='border: 1px solid #ddd; padding: 8px; margin: 5px 0; border-radius: 4px; background-color: #f7f7f7; display: inline-block;'><strong>#TXTBX ▭</strong> :: <strong>Full Name</strong> Value entered ⇒ <span style='color: #009;'>Rajesh Kumar</span></div>
<div style='border: 1px solid #ddd; padding: 8px; margin: 5px 0; border-radius: 4px; background-color: #f7f7f7; display: inline-block;'><strong>#TXTBX ▭</strong> :: <strong>Email</strong> Value entered ⇒ <span style='color: #009;'>rajesh.kumar@test.com</span></div>
<div style='border: 1px solid #ddd; padding: 8px; margin: 5px 0; border-radius: 4px; background-color: #f7f7f7; display: inline-block;'><strong>#TXTBX ▭</strong> :: <strong>Current Address</strong> Value entered ⇒ <span style='color: #009;'>Ranchi, Jharkhand</span></div>
<div style='border: 1px solid #ddd; padding: 8px; margin: 5px 0; border-radius: 4px; background-color: #f7f7f7; display: inline-block;'><strong>#TXTBX ▭</strong> :: <strong>Permanent Address</strong> Value entered ⇒ <span style='color: #009;'>Jamshedpur, Jharkhand</span></div>
<div style='border: 1px solid #ddd; padding: 8px; margin: 5px 0; border-radius: 4px; background-color: #f7f7f7; display: inline-block;'><strong>#BTN 📤</strong> :: <strong>Clicked On</strong> ⇒ <span style='color: #001dff;'>Submit Button</span></div>
📋 Navigating to Home Page...
📋 Attempting to close modal popup (if present)...
⏳ Waiting for Home link to be clickable...
⏳ Waiting for loader to disappear...
⏳ Verifying home page load...
✅ Home link found: https://demoqa.com/
📋 Clicking on Home link...
Click Sucessfully==Again Double Click==Submit Button
⏳ Waiting for loader to disappear...
⏳ Verifying home page load...
<font color =#18122B><b>Sceenshot Path::C:\Users\HP\Documents\Ahmedabad\ANKUSH_FRAMEWORK\ScreenShots\Validation\valdn01_18_2025_09_18_11.png</b></font>
<h4>Time :01/06/2025 09:18:11 PM</h4>
<br>
<img src="C:\Users\HP\Documents\Ahmedabad\ANKUSH_FRAMEWORK\ScreenShots\Validation\valdn01_18_2025_09_18_11.png" width="1000" height="500" ></img>
<br>
<br>
<div style="background-color:#ffeeba; border:2px solid #856404; border-radius:10px; padding:10px 15px; text-align:left; margin:10px 0; display:inline-block; color:#856404; box-shadow: 0px 4px 6px rgba(0, 0, 0, 0.2);"><p style='font-size:18px; margin:0;'><b>Skipped: Screenshot saved at: C:\Users\HP\Documents\Ahmedabad\ANKUSH_FRAMEWORK\ScreenShots\Validation\valdn01_18_2025_09_18_11.png</b></p></div>
<table><tr><th style='font-weight: normal;'>Student Name</th><th>Kavita Bansal</th></tr><tr><th style='font-weight: normal;'>Student Email</th><th>kavita.bansal@test.com</th></tr><tr><th style='font-weight: normal;'>Gender</th><th>Female</th></tr><tr><th style='font-weight: normal;'>Mobile</th><th>9871234570</th></tr><tr><th style='font-weight: normal;'>Date of Birth</th><th>09 April,1995</th></tr><tr><th style='font-weight: normal;'>Subjects</th><th>History</th></tr><tr><th style='font-weight: normal;'>Hobbies</th><th>Reading, Music</th></tr><tr><th style='font-weight: normal;'>Picture</th><th>valdn01_07_2025_02_07_42.png</th></tr><tr><th style='font-weight: normal;'>Address</th><th>Chandigarh</th></tr><tr><th style='font-weight: normal;'>State and City</th><th></th></tr></table>
✅ Updated AutomationTestingStatus for FormId 101026 to '✅ [Automation Tester] Automation Testing Successfully Done and Form Successfully Submitted :: On Timestamp 01/06/2025 09:18:11 PM'
📋 Navigating to Home Page...
📋 Attempting to close modal popup (if present)...
⏳ Waiting for Home link to be clickable...
❌ Navigation to Home Page failed: Expected condition failed: waiting for element to be clickable: By.xpath: //a[contains(@href,'https://demoqa.com')] (tried for 2 second(s) with 500 milliseconds interval)
Build info: version: '4.12.1', revision: '8e34639b11'
System info: os.name: 'Windows 11', os.arch: 'amd64', os.version: '10.0', java.version: '18.0.1.1'
Driver info: org.openqa.selenium.chrome.ChromeDriver
Capabilities {acceptInsecureCerts: false, browserName: chrome, browserVersion: 136.0.7103.114, chrome: {chromedriverVersion: 136.0.7103.113 (76fa3c17824..., userDataDir: C:\Users\HP\AppData\Local\T...}, fedcm:accounts: true, goog:chromeOptions: {debuggerAddress: localhost:63960}, networkConnectionEnabled: false, pageLoadStrategy: normal, platformName: windows, proxy: Proxy(), se:cdp: ws://localhost:63960/devtoo..., se:cdpVersion: 136.0.7103.114, setWindowRect: true, strictFileInteractability: false, timeouts: {implicit: 0, pageLoad: 300000, script: 30000}, unhandledPromptBehavior: dismiss and notify, webauthn:extension:credBlob: true, webauthn:extension:largeBlob: true, webauthn:extension:minPinLength: true, webauthn:extension:prf: true, webauthn:virtualAuthenticators: true}
Session ID: b22de8f484a725a99fe9529a98a50781
<div style="background-color:#ffeeba; border:2px solid #856404; border-radius:10px; padding:10px 15px; text-align:left; margin:10px 0; display:inline-block; color:#856404; box-shadow: 0px 4px 6px rgba(0, 0, 0, 0.2);"><p style='font-size:18px; margin:0;'><b>Skipped: 🔐 Admin Connection URL: jdbc:sqlserver://localhost:1433;database=QADEMO;integratedSecurity=true;encrypt=false;trustServerCertificate=true;loginTimeout=30;</b></p></div>
<div style="background-color:#ffeeba; border:2px solid #856404; border-radius:10px; padding:10px 15px; text-align:left; margin:10px 0; display:inline-block; color:#856404; box-shadow: 0px 4px 6px rgba(0, 0, 0, 0.2);"><p style='font-size:18px; margin:0;'><b>Skipped: 🔐 Company Connection URL: jdbc:sqlserver://localhost:1433;database=QADEMO;integratedSecurity=true;encrypt=false;trustServerCertificate=true;loginTimeout=30;</b></p></div>
<div style='border: 1px solid #e0e0e0;padding: 8px 12px;margin: 8px 0;border-radius: 6px;background: linear-gradient(to right, #f8f9fa, #ffffff);box-shadow: 0 2px 4px rgba(0,0,0,0.05);display: inline-block;font-family: Arial, sans-serif;'><span style='font-weight: bold;color: #333;'>🌍 Browser Info:</span> <span style='color: #2c7be5;font-weight: 500;'><img src='data:image/svg+xml;base64,PHN2ZyB4bWxucz0iaHR0cDovL3d3dy53My5vcmcvMjAwMC9zdmciIHZpZXdCb3g9IjAgMCA0NDggNTEyIj48cGF0aCBmaWxsPSIjRkZDMTAyIiBkPSJNMjI0IDI1NmMwIDEyLjktNyAyNC40LTE3LjcgMjkuNkwxODcgMzA5LjljLTUuNCAzLTEyLjMgMy4xLTE3LjcuMS0xMC40LTUuOS0xNi43LTE2LjktMTYuNy0yOC42VjE5OGMwLTEyLjkgNy0yNC40IDE3LjctMjkuNkwxODcgMTQyLjFjNS40LTMgMTIuMy0zLjEgMTcuNy0uMSAxMC40IDUuOSAxNi43IDE2LjkgMTYuNyAyOC42djU4LjJ6Ii8+PHBhdGggZmlsbD0iIzRBNDlGNSIgZD0iTTIyNCAyNTZjMCAxMi45LTcgMjQuNC0xNy43IDI5LjZMMTg3IDMwOS45Yy01LjQgMy0xMi4zIDMuMS0xNy43LjEtMTAuNC01LjktMTYuNy0xNi45LTE2LjctMjguNlYxOThjMC0xMi45IDctMjQuNCAxNy43LTI5LjZMMTg3IDE0Mi4xYzUuNC0zIDEyLjMtMy4xIDE3LjctLjEgMTAuNCA1LjkgMTYuNyAxNi45IDE2LjcgMjguNnY1OC4yeiIvPjxwYXRoIGZpbGw9IiNGRkMxMDIiIGQ9Ik0yMjQgMjU2YzAgMTIuOS03IDI0LjQtMTcuNyAyOS42TDE4NyAzMDkuOWMtNS40IDMtMTIuMyAzLjEtMTcuNy4xLTEwLjQtNS45LTE2LjctMTYuOS0xNi43LTI4LjZWMTk4YzAtMTIuOSA3LTI0LjQgMTcuNy0yOS42TDE4NyAxNDIuMWM1LjQtMyAxMi4zLTMuMSAxNy43LS4xIDEwLjQgNS45IDE2LjcgMTYuOSAxNi43IDI4LjZ2NTguMnoiLz48cGF0aCBmaWxsPSIjRkZDMTAyIiBkPSJNMjI0IDI1NmMwIDEyLjktNyAyNC40LTE3LjcgMjkuNkwxODcgMzA5LjljLTUuNCAzLTEyLjMgMy4xLTE3LjcuMS0xMC40LTUuOS0xNi43LTE2LjktMTYuNy0yOC42VjE5OGMwLTEyLjkgNy0yNC40IDE3LjctMjkuNkwxODcgMTQyLjFjNS40LTMgMTIuMy0zLjEgMTcuNy0uMSAxMC40IDUuOSAxNi43IDE2LjkgMTYuNyAyOC42djU4LjJ6Ii8+PC9zdmc+' height='20' width='20' style='vertical-align: middle;' /> <span style='color: #4285F4;'>Google Chrome</span></span></div>
<div style="border: 1px solid #ddd; padding: 8px; margin: 5px 0; border-radius: 4px; background-color: #f7f7f7; display: inline-block;"><strong>💻 #System Info</strong> :: <strong>PC Name</strong> ⇒ <span style="color: #001dff;">ANKUSH1111</span> &nbsp;&nbsp;|&nbsp;&nbsp; <strong>User</strong> ⇒ <span style="color: #006400;">HP</span></div>
<div style='border: 1px solid #ddd; padding: 8px; margin: 5px 0; border-radius: 4px; background-color: #f7f7f7; display: inline-block;'><strong>#TXTBX ▭</strong> :: <strong>First Name</strong> Value entered ⇒ <span style='color: #009;'>Rajesh</span></div>
<div style='border: 1px solid #ddd; padding: 8px; margin: 5px 0; border-radius: 4px; background-color: #f7f7f7; display: inline-block;'><strong>#TXTBX ▭</strong> :: <strong>Last Name</strong> Value entered ⇒ <span style='color: #009;'>Kumar</span></div>
<div style='border: 1px solid #ddd; padding: 8px; margin: 5px 0; border-radius: 4px; background-color: #f7f7f7; display: inline-block;'><strong>#TXTBX ▭</strong> :: <strong>Email</strong> Value entered ⇒ <span style='color: #009;'>rajesh.kumar@test.com</span></div>
Clicked On :: Gender Male Radio
<div style='border: 1px solid #ddd; padding: 8px; margin: 5px 0; border-radius: 4px; background-color: #f7f7f7; display: inline-block;'><strong>#TXTBX ▭</strong> :: <strong>Mobile Number</strong> Value entered ⇒ <span style='color: #009;'>9123456792</span></div>
Clicked On :: Date Picker - Date of Birth
#DATEPICKER 📅 :: Date of Birth :: Date successfully picked :: 1991-05-14
<div style='border: 1px solid #ddd; padding: 8px; margin: 5px 0; border-radius: 4px; background-color: #f7f7f7; display: inline-block;'><strong>#TXTBX ▭</strong> :: <strong>Subject</strong> Value entered ⇒ <span style='color: #009;'>Geography</span></div>
Clicked On :: Hobby: Sports
<div style='border: 1px solid #ddd; padding: 8px; margin: 5px 0; border-radius: 4px; background-color: #f7f7f7; display: inline-block;'><strong>#FILEUP 🔼</strong> :: <strong>Profile Picture</strong> File Uploaded ⇒ <span style='color: #001dff;'>valdn01_07_2025_02_07_42.png</span></div>
<div style='border: 1px solid #ddd; padding: 8px; margin: 5px 0; border-radius: 4px; background-color: #f7f7f7; display: inline-block;'><strong>#TXTBX ▭</strong> :: <strong>Current Address</strong> Value entered ⇒ <span style='color: #009;'>Ranchi, Jharkhand</span></div>
❌ Navigation to Home Page failed: Expected condition failed: waiting for url to contain "home". Current url: "https://demoqa.com/" (tried for 10 second(s) with 500 milliseconds interval)
Build info: version: '4.12.1', revision: '8e34639b11'
System info: os.name: 'Windows 11', os.arch: 'amd64', os.version: '10.0', java.version: '18.0.1.1'
Driver info: org.openqa.selenium.chrome.ChromeDriver
Capabilities {acceptInsecureCerts: false, browserName: chrome, browserVersion: 136.0.7103.114, chrome: {chromedriverVersion: 136.0.7103.113 (76fa3c17824..., userDataDir: C:\Users\HP\AppData\Local\T...}, fedcm:accounts: true, goog:chromeOptions: {debuggerAddress: localhost:63963}, networkConnectionEnabled: false, pageLoadStrategy: normal, platformName: windows, proxy: Proxy(), se:cdp: ws://localhost:63963/devtoo..., se:cdpVersion: 136.0.7103.114, setWindowRect: true, strictFileInteractability: false, timeouts: {implicit: 0, pageLoad: 300000, script: 30000}, unhandledPromptBehavior: dismiss and notify, webauthn:extension:credBlob: true, webauthn:extension:largeBlob: true, webauthn:extension:minPinLength: true, webauthn:extension:prf: true, webauthn:virtualAuthenticators: true}
Session ID: 2d878eeb16294432cfaadd75059ef6bf
<div style="background-color:#ffeeba; border:2px solid #856404; border-radius:10px; padding:10px 15px; text-align:left; margin:10px 0; display:inline-block; color:#856404; box-shadow: 0px 4px 6px rgba(0, 0, 0, 0.2);"><p style='font-size:18px; margin:0;'><b>Skipped: 🔐 Admin Connection URL: jdbc:sqlserver://localhost:1433;database=QADEMO;integratedSecurity=true;encrypt=false;trustServerCertificate=true;loginTimeout=30;</b></p></div>
<div style="background-color:#ffeeba; border:2px solid #856404; border-radius:10px; padding:10px 15px; text-align:left; margin:10px 0; display:inline-block; color:#856404; box-shadow: 0px 4px 6px rgba(0, 0, 0, 0.2);"><p style='font-size:18px; margin:0;'><b>Skipped: 🔐 Company Connection URL: jdbc:sqlserver://localhost:1433;database=QADEMO;integratedSecurity=true;encrypt=false;trustServerCertificate=true;loginTimeout=30;</b></p></div>
<div style='border: 1px solid #e0e0e0;padding: 8px 12px;margin: 8px 0;border-radius: 6px;background: linear-gradient(to right, #f8f9fa, #ffffff);box-shadow: 0 2px 4px rgba(0,0,0,0.05);display: inline-block;font-family: Arial, sans-serif;'><span style='font-weight: bold;color: #333;'>🌍 Browser Info:</span> <span style='color: #2c7be5;font-weight: 500;'><img src='data:image/svg+xml;base64,PHN2ZyB4bWxucz0iaHR0cDovL3d3dy53My5vcmcvMjAwMC9zdmciIHZpZXdCb3g9IjAgMCA0NDggNTEyIj48cGF0aCBmaWxsPSIjRkZDMTAyIiBkPSJNMjI0IDI1NmMwIDEyLjktNyAyNC40LTE3LjcgMjkuNkwxODcgMzA5LjljLTUuNCAzLTEyLjMgMy4xLTE3LjcuMS0xMC40LTUuOS0xNi43LTE2LjktMTYuNy0yOC42VjE5OGMwLTEyLjkgNy0yNC40IDE3LjctMjkuNkwxODcgMTQyLjFjNS40LTMgMTIuMy0zLjEgMTcuNy0uMSAxMC40IDUuOSAxNi43IDE2LjkgMTYuNyAyOC42djU4LjJ6Ii8+PHBhdGggZmlsbD0iIzRBNDlGNSIgZD0iTTIyNCAyNTZjMCAxMi45LTcgMjQuNC0xNy43IDI5LjZMMTg3IDMwOS45Yy01LjQgMy0xMi4zIDMuMS0xNy43LjEtMTAuNC01LjktMTYuNy0xNi45LTE2LjctMjguNlYxOThjMC0xMi45IDctMjQuNCAxNy43LTI5LjZMMTg3IDE0Mi4xYzUuNC0zIDEyLjMtMy4xIDE3LjctLjEgMTAuNCA1LjkgMTYuNyAxNi45IDE2LjcgMjguNnY1OC4yeiIvPjxwYXRoIGZpbGw9IiNGRkMxMDIiIGQ9Ik0yMjQgMjU2YzAgMTIuOS03IDI0LjQtMTcuNyAyOS42TDE4NyAzMDkuOWMtNS40IDMtMTIuMyAzLjEtMTcuNy4xLTEwLjQtNS45LTE2LjctMTYuOS0xNi43LTI4LjZWMTk4YzAtMTIuOSA3LTI0LjQgMTcuNy0yOS42TDE4NyAxNDIuMWM1LjQtMyAxMi4zLTMuMSAxNy43LS4xIDEwLjQgNS45IDE2LjcgMTYuOSAxNi43IDI4LjZ2NTguMnoiLz48cGF0aCBmaWxsPSIjRkZDMTAyIiBkPSJNMjI0IDI1NmMwIDEyLjktNyAyNC40LTE3LjcgMjkuNkwxODcgMzA5LjljLTUuNCAzLTEyLjMgMy4xLTE3LjcuMS0xMC40LTUuOS0xNi43LTE2LjktMTYuNy0yOC42VjE5OGMwLTEyLjkgNy0yNC40IDE3LjctMjkuNkwxODcgMTQyLjFjNS40LTMgMTIuMy0zLjEgMTcuNy0uMSAxMC40IDUuOSAxNi43IDE2LjkgMTYuNyAyOC42djU4LjJ6Ii8+PC9zdmc+' height='20' width='20' style='vertical-align: middle;' /> <span style='color: #4285F4;'>Google Chrome</span></span></div>
<div style="border: 1px solid #ddd; padding: 8px; margin: 5px 0; border-radius: 4px; background-color: #f7f7f7; display: inline-block;"><strong>💻 #System Info</strong> :: <strong>PC Name</strong> ⇒ <span style="color: #001dff;">ANKUSH1111</span> &nbsp;&nbsp;|&nbsp;&nbsp; <strong>User</strong> ⇒ <span style="color: #006400;">HP</span></div>
❌ Navigation to Home Page failed: Expected condition failed: waiting for url to contain "home". Current url: "https://demoqa.com/" (tried for 10 second(s) with 500 milliseconds interval)
Build info: version: '4.12.1', revision: '8e34639b11'
System info: os.name: 'Windows 11', os.arch: 'amd64', os.version: '10.0', java.version: '18.0.1.1'
Driver info: org.openqa.selenium.chrome.ChromeDriver
Capabilities {acceptInsecureCerts: false, browserName: chrome, browserVersion: 136.0.7103.114, chrome: {chromedriverVersion: 136.0.7103.113 (76fa3c17824..., userDataDir: C:\Users\HP\AppData\Local\T...}, fedcm:accounts: true, goog:chromeOptions: {debuggerAddress: localhost:53181}, networkConnectionEnabled: false, pageLoadStrategy: normal, platformName: windows, proxy: Proxy(), se:cdp: ws://localhost:53181/devtoo..., se:cdpVersion: 136.0.7103.114, setWindowRect: true, strictFileInteractability: false, timeouts: {implicit: 0, pageLoad: 300000, script: 30000}, unhandledPromptBehavior: dismiss and notify, webauthn:extension:credBlob: true, webauthn:extension:largeBlob: true, webauthn:extension:minPinLength: true, webauthn:extension:prf: true, webauthn:virtualAuthenticators: true}
Session ID: 35c9159c033971dcb76a9982a22a7c38
<h3 style="color:#132043;"><b> Iteration Number &#10781; :18</b></h4>
<div style='border: 1px solid #e0e0e0;padding: 8px 12px;margin: 8px 0;border-radius: 6px;background: linear-gradient(to right, #f8f9fa, #ffffff);box-shadow: 0 2px 4px rgba(0,0,0,0.05);display: inline-block;font-family: Arial, sans-serif;'><span style='font-weight: bold;color: #333;'>🌍 Browser Info:</span> <span style='color: #2c7be5;font-weight: 500;'><img src='data:image/svg+xml;base64,PHN2ZyB4bWxucz0iaHR0cDovL3d3dy53My5vcmcvMjAwMC9zdmciIHZpZXdCb3g9IjAgMCA0NDggNTEyIj48cGF0aCBmaWxsPSIjRkZDMTAyIiBkPSJNMjI0IDI1NmMwIDEyLjktNyAyNC40LTE3LjcgMjkuNkwxODcgMzA5LjljLTUuNCAzLTEyLjMgMy4xLTE3LjcuMS0xMC40LTUuOS0xNi43LTE2LjktMTYuNy0yOC42VjE5OGMwLTEyLjkgNy0yNC40IDE3LjctMjkuNkwxODcgMTQyLjFjNS40LTMgMTIuMy0zLjEgMTcuNy0uMSAxMC40IDUuOSAxNi43IDE2LjkgMTYuNyAyOC42djU4LjJ6Ii8+PHBhdGggZmlsbD0iIzRBNDlGNSIgZD0iTTIyNCAyNTZjMCAxMi45LTcgMjQuNC0xNy43IDI5LjZMMTg3IDMwOS45Yy01LjQgMy0xMi4zIDMuMS0xNy43LjEtMTAuNC01LjktMTYuNy0xNi45LTE2LjctMjguNlYxOThjMC0xMi45IDctMjQuNCAxNy43LTI5LjZMMTg3IDE0Mi4xYzUuNC0zIDEyLjMtMy4xIDE3LjctLjEgMTAuNCA1LjkgMTYuNyAxNi45IDE2LjcgMjguNnY1OC4yeiIvPjxwYXRoIGZpbGw9IiNGRkMxMDIiIGQ9Ik0yMjQgMjU2YzAgMTIuOS03IDI0LjQtMTcuNyAyOS42TDE4NyAzMDkuOWMtNS40IDMtMTIuMyAzLjEtMTcuNy4xLTEwLjQtNS45LTE2LjctMTYuOS0xNi43LTI4LjZWMTk4YzAtMTIuOSA3LTI0LjQgMTcuNy0yOS42TDE4NyAxNDIuMWM1LjQtMyAxMi4zLTMuMSAxNy43LS4xIDEwLjQgNS45IDE2LjcgMTYuOSAxNi43IDI4LjZ2NTguMnoiLz48cGF0aCBmaWxsPSIjRkZDMTAyIiBkPSJNMjI0IDI1NmMwIDEyLjktNyAyNC40LTE3LjcgMjkuNkwxODcgMzA5LjljLTUuNCAzLTEyLjMgMy4xLTE3LjcuMS0xMC40LTUuOS0xNi43LTE2LjktMTYuNy0yOC42VjE5OGMwLTEyLjkgNy0yNC40IDE3LjctMjkuNkwxODcgMTQyLjFjNS40LTMgMTIuMy0zLjEgMTcuNy0uMSAxMC40IDUuOSAxNi43IDE2LjkgMTYuNyAyOC42djU4LjJ6Ii8+PC9zdmc+' height='20' width='20' style='vertical-align: middle;' /> <span style='color: #4285F4;'>Google Chrome</span></span></div>
<div style="border: 1px solid #ddd; padding: 8px; margin: 5px 0; border-radius: 4px; background-color: #f7f7f7; display: inline-block;"><strong>💻 #System Info</strong> :: <strong>PC Name</strong> ⇒ <span style="color: #001dff;">ANKUSH1111</span> &nbsp;&nbsp;|&nbsp;&nbsp; <strong>User</strong> ⇒ <span style="color: #006400;">HP</span></div>
<div style='border: 1px solid #ddd; padding: 8px; margin: 5px 0; border-radius: 4px; background-color: #f7f7f7; display: inline-block;'><strong>#TXTBX ▭</strong> :: <strong>Full Name</strong> Value entered ⇒ <span style='color: #009;'>Swati Mishra</span></div>
<div style='border: 1px solid #ddd; padding: 8px; margin: 5px 0; border-radius: 4px; background-color: #f7f7f7; display: inline-block;'><strong>#TXTBX ▭</strong> :: <strong>Email</strong> Value entered ⇒ <span style='color: #009;'>swati.mishra@test.com</span></div>
<div style='border: 1px solid #ddd; padding: 8px; margin: 5px 0; border-radius: 4px; background-color: #f7f7f7; display: inline-block;'><strong>#TXTBX ▭</strong> :: <strong>Current Address</strong> Value entered ⇒ <span style='color: #009;'>Varanasi, Uttar Pradesh</span></div>
<div style='border: 1px solid #ddd; padding: 8px; margin: 5px 0; border-radius: 4px; background-color: #f7f7f7; display: inline-block;'><strong>#TXTBX ▭</strong> :: <strong>Permanent Address</strong> Value entered ⇒ <span style='color: #009;'>Allahabad, Uttar Pradesh</span></div>
<div style='border: 1px solid #ddd; padding: 8px; margin: 5px 0; border-radius: 4px; background-color: #f7f7f7; display: inline-block;'><strong>#BTN 📤</strong> :: <strong>Clicked On</strong> ⇒ <span style='color: #001dff;'>Submit Button</span></div>
✅ Updated AutomationTestingStatus for FormId 101028 to '[Automation Tester] TextBox Form Submitted Successfully at 01/06/2025 09:18:23 PM'
📋 Navigating to Home Page...
📋 Attempting to close modal popup (if present)...
⏳ Waiting for Home link to be clickable...
✅ Home link found: https://demoqa.com/
📋 Clicking on Home link...
<div style='border: 1px solid #ddd; padding: 8px; margin: 5px 0; border-radius: 4px; background-color: #f7f7f7; display: inline-block;'><strong>#TXTBX ▭</strong> :: <strong>Full Name</strong> Value entered ⇒ <span style='color: #009;'>Swati Mishra</span></div>
Click Sucessfully==Again Double Click==Submit Button
<div style='border: 1px solid #ddd; padding: 8px; margin: 5px 0; border-radius: 4px; background-color: #f7f7f7; display: inline-block;'><strong>#TXTBX ▭</strong> :: <strong>Email</strong> Value entered ⇒ <span style='color: #009;'>swati.mishra@test.com</span></div>
<div style='border: 1px solid #ddd; padding: 8px; margin: 5px 0; border-radius: 4px; background-color: #f7f7f7; display: inline-block;'><strong>#TXTBX ▭</strong> :: <strong>Current Address</strong> Value entered ⇒ <span style='color: #009;'>Varanasi, Uttar Pradesh</span></div>
⏳ Waiting for loader to disappear...
⏳ Verifying home page load...
<div style='border: 1px solid #ddd; padding: 8px; margin: 5px 0; border-radius: 4px; background-color: #f7f7f7; display: inline-block;'><strong>#TXTBX ▭</strong> :: <strong>Permanent Address</strong> Value entered ⇒ <span style='color: #009;'>Allahabad, Uttar Pradesh</span></div>
<div style='border: 1px solid #ddd; padding: 8px; margin: 5px 0; border-radius: 4px; background-color: #f7f7f7; display: inline-block;'><strong>#BTN 📤</strong> :: <strong>Clicked On</strong> ⇒ <span style='color: #001dff;'>Submit Button</span></div>
📋 Navigating to Home Page...
📋 Attempting to close modal popup (if present)...
⏳ Waiting for Home link to be clickable...
✅ Home link found: https://demoqa.com/
📋 Clicking on Home link...
<font color =#18122B><b>Sceenshot Path::C:\Users\HP\Documents\Ahmedabad\ANKUSH_FRAMEWORK\ScreenShots\Validation\valdn01_18_2025_09_18_26.png</b></font>
<h4>Time :01/06/2025 09:18:26 PM</h4>
<br>
<img src="C:\Users\HP\Documents\Ahmedabad\ANKUSH_FRAMEWORK\ScreenShots\Validation\valdn01_18_2025_09_18_26.png" width="1000" height="500" ></img>
<br>
<br>
<div style="background-color:#ffeeba; border:2px solid #856404; border-radius:10px; padding:10px 15px; text-align:left; margin:10px 0; display:inline-block; color:#856404; box-shadow: 0px 4px 6px rgba(0, 0, 0, 0.2);"><p style='font-size:18px; margin:0;'><b>Skipped: Screenshot saved at: C:\Users\HP\Documents\Ahmedabad\ANKUSH_FRAMEWORK\ScreenShots\Validation\valdn01_18_2025_09_18_26.png</b></p></div>
<table><tr><th style='font-weight: normal;'>Student Name</th><th>Rajesh Kumar</th></tr><tr><th style='font-weight: normal;'>Student Email</th><th>rajesh.kumar@test.com</th></tr><tr><th style='font-weight: normal;'>Gender</th><th>Male</th></tr><tr><th style='font-weight: normal;'>Mobile</th><th>9123456792</th></tr><tr><th style='font-weight: normal;'>Date of Birth</th><th>14 May,1991</th></tr><tr><th style='font-weight: normal;'>Subjects</th><th></th></tr><tr><th style='font-weight: normal;'>Hobbies</th><th>Sports</th></tr><tr><th style='font-weight: normal;'>Picture</th><th>valdn01_07_2025_02_07_42.png</th></tr><tr><th style='font-weight: normal;'>Address</th><th>Ranchi, Jharkhand</th></tr><tr><th style='font-weight: normal;'>State and City</th><th></th></tr></table>
✅ Updated AutomationTestingStatus for FormId 101027 to '✅ [Automation Tester] Automation Testing Successfully Done and Form Successfully Submitted :: On Timestamp 01/06/2025 09:18:26 PM'
📋 Navigating to Home Page...
📋 Attempting to close modal popup (if present)...
⏳ Waiting for Home link to be clickable...
⏳ Waiting for loader to disappear...
⏳ Verifying home page load...
❌ Navigation to Home Page failed: Expected condition failed: waiting for element to be clickable: By.xpath: //a[contains(@href,'https://demoqa.com')] (tried for 2 second(s) with 500 milliseconds interval)
Build info: version: '4.12.1', revision: '8e34639b11'
System info: os.name: 'Windows 11', os.arch: 'amd64', os.version: '10.0', java.version: '18.0.1.1'
Driver info: org.openqa.selenium.chrome.ChromeDriver
Capabilities {acceptInsecureCerts: false, browserName: chrome, browserVersion: 136.0.7103.114, chrome: {chromedriverVersion: 136.0.7103.113 (76fa3c17824..., userDataDir: C:\Users\HP\AppData\Local\T...}, fedcm:accounts: true, goog:chromeOptions: {debuggerAddress: localhost:63960}, networkConnectionEnabled: false, pageLoadStrategy: normal, platformName: windows, proxy: Proxy(), se:cdp: ws://localhost:63960/devtoo..., se:cdpVersion: 136.0.7103.114, setWindowRect: true, strictFileInteractability: false, timeouts: {implicit: 0, pageLoad: 300000, script: 30000}, unhandledPromptBehavior: dismiss and notify, webauthn:extension:credBlob: true, webauthn:extension:largeBlob: true, webauthn:extension:minPinLength: true, webauthn:extension:prf: true, webauthn:virtualAuthenticators: true}
Session ID: b22de8f484a725a99fe9529a98a50781
<div style="background-color:#ffeeba; border:2px solid #856404; border-radius:10px; padding:10px 15px; text-align:left; margin:10px 0; display:inline-block; color:#856404; box-shadow: 0px 4px 6px rgba(0, 0, 0, 0.2);"><p style='font-size:18px; margin:0;'><b>Skipped: 🔐 Admin Connection URL: jdbc:sqlserver://localhost:1433;database=QADEMO;integratedSecurity=true;encrypt=false;trustServerCertificate=true;loginTimeout=30;</b></p></div>
<div style="background-color:#ffeeba; border:2px solid #856404; border-radius:10px; padding:10px 15px; text-align:left; margin:10px 0; display:inline-block; color:#856404; box-shadow: 0px 4px 6px rgba(0, 0, 0, 0.2);"><p style='font-size:18px; margin:0;'><b>Skipped: 🔐 Company Connection URL: jdbc:sqlserver://localhost:1433;database=QADEMO;integratedSecurity=true;encrypt=false;trustServerCertificate=true;loginTimeout=30;</b></p></div>
<div style='border: 1px solid #e0e0e0;padding: 8px 12px;margin: 8px 0;border-radius: 6px;background: linear-gradient(to right, #f8f9fa, #ffffff);box-shadow: 0 2px 4px rgba(0,0,0,0.05);display: inline-block;font-family: Arial, sans-serif;'><span style='font-weight: bold;color: #333;'>🌍 Browser Info:</span> <span style='color: #2c7be5;font-weight: 500;'><img src='data:image/svg+xml;base64,PHN2ZyB4bWxucz0iaHR0cDovL3d3dy53My5vcmcvMjAwMC9zdmciIHZpZXdCb3g9IjAgMCA0NDggNTEyIj48cGF0aCBmaWxsPSIjRkZDMTAyIiBkPSJNMjI0IDI1NmMwIDEyLjktNyAyNC40LTE3LjcgMjkuNkwxODcgMzA5LjljLTUuNCAzLTEyLjMgMy4xLTE3LjcuMS0xMC40LTUuOS0xNi43LTE2LjktMTYuNy0yOC42VjE5OGMwLTEyLjkgNy0yNC40IDE3LjctMjkuNkwxODcgMTQyLjFjNS40LTMgMTIuMy0zLjEgMTcuNy0uMSAxMC40IDUuOSAxNi43IDE2LjkgMTYuNyAyOC42djU4LjJ6Ii8+PHBhdGggZmlsbD0iIzRBNDlGNSIgZD0iTTIyNCAyNTZjMCAxMi45LTcgMjQuNC0xNy43IDI5LjZMMTg3IDMwOS45Yy01LjQgMy0xMi4zIDMuMS0xNy43LjEtMTAuNC01LjktMTYuNy0xNi45LTE2LjctMjguNlYxOThjMC0xMi45IDctMjQuNCAxNy43LTI5LjZMMTg3IDE0Mi4xYzUuNC0zIDEyLjMtMy4xIDE3LjctLjEgMTAuNCA1LjkgMTYuNyAxNi45IDE2LjcgMjguNnY1OC4yeiIvPjxwYXRoIGZpbGw9IiNGRkMxMDIiIGQ9Ik0yMjQgMjU2YzAgMTIuOS03IDI0LjQtMTcuNyAyOS42TDE4NyAzMDkuOWMtNS40IDMtMTIuMyAzLjEtMTcuNy4xLTEwLjQtNS45LTE2LjctMTYuOS0xNi43LTI4LjZWMTk4YzAtMTIuOSA3LTI0LjQgMTcuNy0yOS42TDE4NyAxNDIuMWM1LjQtMyAxMi4zLTMuMSAxNy43LS4xIDEwLjQgNS45IDE2LjcgMTYuOSAxNi43IDI4LjZ2NTguMnoiLz48cGF0aCBmaWxsPSIjRkZDMTAyIiBkPSJNMjI0IDI1NmMwIDEyLjktNyAyNC40LTE3LjcgMjkuNkwxODcgMzA5LjljLTUuNCAzLTEyLjMgMy4xLTE3LjcuMS0xMC40LTUuOS0xNi43LTE2LjktMTYuNy0yOC42VjE5OGMwLTEyLjkgNy0yNC40IDE3LjctMjkuNkwxODcgMTQyLjFjNS40LTMgMTIuMy0zLjEgMTcuNy0uMSAxMC40IDUuOSAxNi43IDE2LjkgMTYuNyAyOC42djU4LjJ6Ii8+PC9zdmc+' height='20' width='20' style='vertical-align: middle;' /> <span style='color: #4285F4;'>Google Chrome</span></span></div>
<div style="border: 1px solid #ddd; padding: 8px; margin: 5px 0; border-radius: 4px; background-color: #f7f7f7; display: inline-block;"><strong>💻 #System Info</strong> :: <strong>PC Name</strong> ⇒ <span style="color: #001dff;">ANKUSH1111</span> &nbsp;&nbsp;|&nbsp;&nbsp; <strong>User</strong> ⇒ <span style="color: #006400;">HP</span></div>
<div style='border: 1px solid #ddd; padding: 8px; margin: 5px 0; border-radius: 4px; background-color: #f7f7f7; display: inline-block;'><strong>#TXTBX ▭</strong> :: <strong>First Name</strong> Value entered ⇒ <span style='color: #009;'>Swati</span></div>
<div style='border: 1px solid #ddd; padding: 8px; margin: 5px 0; border-radius: 4px; background-color: #f7f7f7; display: inline-block;'><strong>#TXTBX ▭</strong> :: <strong>Last Name</strong> Value entered ⇒ <span style='color: #009;'>Mishra</span></div>
<div style='border: 1px solid #ddd; padding: 8px; margin: 5px 0; border-radius: 4px; background-color: #f7f7f7; display: inline-block;'><strong>#TXTBX ▭</strong> :: <strong>Email</strong> Value entered ⇒ <span style='color: #009;'>swati.mishra@test.com</span></div>
Clicked On :: Gender Female Radio
<div style='border: 1px solid #ddd; padding: 8px; margin: 5px 0; border-radius: 4px; background-color: #f7f7f7; display: inline-block;'><strong>#TXTBX ▭</strong> :: <strong>Mobile Number</strong> Value entered ⇒ <span style='color: #009;'>9876543214</span></div>
Clicked On :: Date Picker - Date of Birth
#DATEPICKER 📅 :: Date of Birth :: Date successfully picked :: 1992-06-19
<div style='border: 1px solid #ddd; padding: 8px; margin: 5px 0; border-radius: 4px; background-color: #f7f7f7; display: inline-block;'><strong>#TXTBX ▭</strong> :: <strong>Subject</strong> Value entered ⇒ <span style='color: #009;'>Political Science</span></div>
Clicked On :: Hobby: Music
<div style='border: 1px solid #ddd; padding: 8px; margin: 5px 0; border-radius: 4px; background-color: #f7f7f7; display: inline-block;'><strong>#FILEUP 🔼</strong> :: <strong>Profile Picture</strong> File Uploaded ⇒ <span style='color: #001dff;'>valdn01_07_2025_02_07_42.png</span></div>
<div style='border: 1px solid #ddd; padding: 8px; margin: 5px 0; border-radius: 4px; background-color: #f7f7f7; display: inline-block;'><strong>#TXTBX ▭</strong> :: <strong>Current Address</strong> Value entered ⇒ <span style='color: #009;'>Varanasi, Uttar Pradesh</span></div>
❌ Navigation to Home Page failed: Expected condition failed: waiting for url to contain "home". Current url: "https://demoqa.com/" (tried for 10 second(s) with 500 milliseconds interval)
Build info: version: '4.12.1', revision: '8e34639b11'
System info: os.name: 'Windows 11', os.arch: 'amd64', os.version: '10.0', java.version: '18.0.1.1'
Driver info: org.openqa.selenium.chrome.ChromeDriver
Capabilities {acceptInsecureCerts: false, browserName: chrome, browserVersion: 136.0.7103.114, chrome: {chromedriverVersion: 136.0.7103.113 (76fa3c17824..., userDataDir: C:\Users\HP\AppData\Local\T...}, fedcm:accounts: true, goog:chromeOptions: {debuggerAddress: localhost:63963}, networkConnectionEnabled: false, pageLoadStrategy: normal, platformName: windows, proxy: Proxy(), se:cdp: ws://localhost:63963/devtoo..., se:cdpVersion: 136.0.7103.114, setWindowRect: true, strictFileInteractability: false, timeouts: {implicit: 0, pageLoad: 300000, script: 30000}, unhandledPromptBehavior: dismiss and notify, webauthn:extension:credBlob: true, webauthn:extension:largeBlob: true, webauthn:extension:minPinLength: true, webauthn:extension:prf: true, webauthn:virtualAuthenticators: true}
Session ID: 2d878eeb16294432cfaadd75059ef6bf
<div style="background-color:#ffeeba; border:2px solid #856404; border-radius:10px; padding:10px 15px; text-align:left; margin:10px 0; display:inline-block; color:#856404; box-shadow: 0px 4px 6px rgba(0, 0, 0, 0.2);"><p style='font-size:18px; margin:0;'><b>Skipped: 🔐 Admin Connection URL: jdbc:sqlserver://localhost:1433;database=QADEMO;integratedSecurity=true;encrypt=false;trustServerCertificate=true;loginTimeout=30;</b></p></div>
<div style="background-color:#ffeeba; border:2px solid #856404; border-radius:10px; padding:10px 15px; text-align:left; margin:10px 0; display:inline-block; color:#856404; box-shadow: 0px 4px 6px rgba(0, 0, 0, 0.2);"><p style='font-size:18px; margin:0;'><b>Skipped: 🔐 Company Connection URL: jdbc:sqlserver://localhost:1433;database=QADEMO;integratedSecurity=true;encrypt=false;trustServerCertificate=true;loginTimeout=30;</b></p></div>
<div style='border: 1px solid #e0e0e0;padding: 8px 12px;margin: 8px 0;border-radius: 6px;background: linear-gradient(to right, #f8f9fa, #ffffff);box-shadow: 0 2px 4px rgba(0,0,0,0.05);display: inline-block;font-family: Arial, sans-serif;'><span style='font-weight: bold;color: #333;'>🌍 Browser Info:</span> <span style='color: #2c7be5;font-weight: 500;'><img src='data:image/svg+xml;base64,PHN2ZyB4bWxucz0iaHR0cDovL3d3dy53My5vcmcvMjAwMC9zdmciIHZpZXdCb3g9IjAgMCA0NDggNTEyIj48cGF0aCBmaWxsPSIjRkZDMTAyIiBkPSJNMjI0IDI1NmMwIDEyLjktNyAyNC40LTE3LjcgMjkuNkwxODcgMzA5LjljLTUuNCAzLTEyLjMgMy4xLTE3LjcuMS0xMC40LTUuOS0xNi43LTE2LjktMTYuNy0yOC42VjE5OGMwLTEyLjkgNy0yNC40IDE3LjctMjkuNkwxODcgMTQyLjFjNS40LTMgMTIuMy0zLjEgMTcuNy0uMSAxMC40IDUuOSAxNi43IDE2LjkgMTYuNyAyOC42djU4LjJ6Ii8+PHBhdGggZmlsbD0iIzRBNDlGNSIgZD0iTTIyNCAyNTZjMCAxMi45LTcgMjQuNC0xNy43IDI5LjZMMTg3IDMwOS45Yy01LjQgMy0xMi4zIDMuMS0xNy43LjEtMTAuNC01LjktMTYuNy0xNi45LTE2LjctMjguNlYxOThjMC0xMi45IDctMjQuNCAxNy43LTI5LjZMMTg3IDE0Mi4xYzUuNC0zIDEyLjMtMy4xIDE3LjctLjEgMTAuNCA1LjkgMTYuNyAxNi45IDE2LjcgMjguNnY1OC4yeiIvPjxwYXRoIGZpbGw9IiNGRkMxMDIiIGQ9Ik0yMjQgMjU2YzAgMTIuOS03IDI0LjQtMTcuNyAyOS42TDE4NyAzMDkuOWMtNS40IDMtMTIuMyAzLjEtMTcuNy4xLTEwLjQtNS45LTE2LjctMTYuOS0xNi43LTI4LjZWMTk4YzAtMTIuOSA3LTI0LjQgMTcuNy0yOS42TDE4NyAxNDIuMWM1LjQtMyAxMi4zLTMuMSAxNy43LS4xIDEwLjQgNS45IDE2LjcgMTYuOSAxNi43IDI4LjZ2NTguMnoiLz48cGF0aCBmaWxsPSIjRkZDMTAyIiBkPSJNMjI0IDI1NmMwIDEyLjktNyAyNC40LTE3LjcgMjkuNkwxODcgMzA5LjljLTUuNCAzLTEyLjMgMy4xLTE3LjcuMS0xMC40LTUuOS0xNi43LTE2LjktMTYuNy0yOC42VjE5OGMwLTEyLjkgNy0yNC40IDE3LjctMjkuNkwxODcgMTQyLjFjNS40LTMgMTIuMy0zLjEgMTcuNy0uMSAxMC40IDUuOSAxNi43IDE2LjkgMTYuNyAyOC42djU4LjJ6Ii8+PC9zdmc+' height='20' width='20' style='vertical-align: middle;' /> <span style='color: #4285F4;'>Google Chrome</span></span></div>
<div style="border: 1px solid #ddd; padding: 8px; margin: 5px 0; border-radius: 4px; background-color: #f7f7f7; display: inline-block;"><strong>💻 #System Info</strong> :: <strong>PC Name</strong> ⇒ <span style="color: #001dff;">ANKUSH1111</span> &nbsp;&nbsp;|&nbsp;&nbsp; <strong>User</strong> ⇒ <span style="color: #006400;">HP</span></div>
<div style='border: 1px solid #ddd; padding: 8px; margin: 5px 0; border-radius: 4px; background-color: #f7f7f7; display: inline-block;'><strong>#TXTBX ▭</strong> :: <strong>Full Name</strong> Value entered ⇒ <span style='color: #009;'>Vikram Shetty</span></div>
❌ Navigation to Home Page failed: Expected condition failed: waiting for url to contain "home". Current url: "https://demoqa.com/" (tried for 10 second(s) with 500 milliseconds interval)
Build info: version: '4.12.1', revision: '8e34639b11'
System info: os.name: 'Windows 11', os.arch: 'amd64', os.version: '10.0', java.version: '18.0.1.1'
Driver info: org.openqa.selenium.chrome.ChromeDriver
Capabilities {acceptInsecureCerts: false, browserName: chrome, browserVersion: 136.0.7103.114, chrome: {chromedriverVersion: 136.0.7103.113 (76fa3c17824..., userDataDir: C:\Users\HP\AppData\Local\T...}, fedcm:accounts: true, goog:chromeOptions: {debuggerAddress: localhost:53181}, networkConnectionEnabled: false, pageLoadStrategy: normal, platformName: windows, proxy: Proxy(), se:cdp: ws://localhost:53181/devtoo..., se:cdpVersion: 136.0.7103.114, setWindowRect: true, strictFileInteractability: false, timeouts: {implicit: 0, pageLoad: 300000, script: 30000}, unhandledPromptBehavior: dismiss and notify, webauthn:extension:credBlob: true, webauthn:extension:largeBlob: true, webauthn:extension:minPinLength: true, webauthn:extension:prf: true, webauthn:virtualAuthenticators: true}
Session ID: 35c9159c033971dcb76a9982a22a7c38
<h3 style="color:#132043;"><b> Iteration Number &#10781; :19</b></h4>
<div style='border: 1px solid #e0e0e0;padding: 8px 12px;margin: 8px 0;border-radius: 6px;background: linear-gradient(to right, #f8f9fa, #ffffff);box-shadow: 0 2px 4px rgba(0,0,0,0.05);display: inline-block;font-family: Arial, sans-serif;'><span style='font-weight: bold;color: #333;'>🌍 Browser Info:</span> <span style='color: #2c7be5;font-weight: 500;'><img src='data:image/svg+xml;base64,PHN2ZyB4bWxucz0iaHR0cDovL3d3dy53My5vcmcvMjAwMC9zdmciIHZpZXdCb3g9IjAgMCA0NDggNTEyIj48cGF0aCBmaWxsPSIjRkZDMTAyIiBkPSJNMjI0IDI1NmMwIDEyLjktNyAyNC40LTE3LjcgMjkuNkwxODcgMzA5LjljLTUuNCAzLTEyLjMgMy4xLTE3LjcuMS0xMC40LTUuOS0xNi43LTE2LjktMTYuNy0yOC42VjE5OGMwLTEyLjkgNy0yNC40IDE3LjctMjkuNkwxODcgMTQyLjFjNS40LTMgMTIuMy0zLjEgMTcuNy0uMSAxMC40IDUuOSAxNi43IDE2LjkgMTYuNyAyOC42djU4LjJ6Ii8+PHBhdGggZmlsbD0iIzRBNDlGNSIgZD0iTTIyNCAyNTZjMCAxMi45LTcgMjQuNC0xNy43IDI5LjZMMTg3IDMwOS45Yy01LjQgMy0xMi4zIDMuMS0xNy43LjEtMTAuNC01LjktMTYuNy0xNi45LTE2LjctMjguNlYxOThjMC0xMi45IDctMjQuNCAxNy43LTI5LjZMMTg3IDE0Mi4xYzUuNC0zIDEyLjMtMy4xIDE3LjctLjEgMTAuNCA1LjkgMTYuNyAxNi45IDE2LjcgMjguNnY1OC4yeiIvPjxwYXRoIGZpbGw9IiNGRkMxMDIiIGQ9Ik0yMjQgMjU2YzAgMTIuOS03IDI0LjQtMTcuNyAyOS42TDE4NyAzMDkuOWMtNS40IDMtMTIuMyAzLjEtMTcuNy4xLTEwLjQtNS45LTE2LjctMTYuOS0xNi43LTI4LjZWMTk4YzAtMTIuOSA3LTI0LjQgMTcuNy0yOS42TDE4NyAxNDIuMWM1LjQtMyAxMi4zLTMuMSAxNy43LS4xIDEwLjQgNS45IDE2LjcgMTYuOSAxNi43IDI4LjZ2NTguMnoiLz48cGF0aCBmaWxsPSIjRkZDMTAyIiBkPSJNMjI0IDI1NmMwIDEyLjktNyAyNC40LTE3LjcgMjkuNkwxODcgMzA5LjljLTUuNCAzLTEyLjMgMy4xLTE3LjcuMS0xMC40LTUuOS0xNi43LTE2LjktMTYuNy0yOC42VjE5OGMwLTEyLjkgNy0yNC40IDE3LjctMjkuNkwxODcgMTQyLjFjNS40LTMgMTIuMy0zLjEgMTcuNy0uMSAxMC40IDUuOSAxNi43IDE2LjkgMTYuNyAyOC42djU4LjJ6Ii8+PC9zdmc+' height='20' width='20' style='vertical-align: middle;' /> <span style='color: #4285F4;'>Google Chrome</span></span></div>
<div style="border: 1px solid #ddd; padding: 8px; margin: 5px 0; border-radius: 4px; background-color: #f7f7f7; display: inline-block;"><strong>💻 #System Info</strong> :: <strong>PC Name</strong> ⇒ <span style="color: #001dff;">ANKUSH1111</span> &nbsp;&nbsp;|&nbsp;&nbsp; <strong>User</strong> ⇒ <span style="color: #006400;">HP</span></div>
<div style='border: 1px solid #ddd; padding: 8px; margin: 5px 0; border-radius: 4px; background-color: #f7f7f7; display: inline-block;'><strong>#TXTBX ▭</strong> :: <strong>Email</strong> Value entered ⇒ <span style='color: #009;'>vikram.shetty@test.com</span></div>
<div style='border: 1px solid #ddd; padding: 8px; margin: 5px 0; border-radius: 4px; background-color: #f7f7f7; display: inline-block;'><strong>#TXTBX ▭</strong> :: <strong>Current Address</strong> Value entered ⇒ <span style='color: #009;'>Mangalore, Karnataka</span></div>
<div style='border: 1px solid #ddd; padding: 8px; margin: 5px 0; border-radius: 4px; background-color: #f7f7f7; display: inline-block;'><strong>#TXTBX ▭</strong> :: <strong>Permanent Address</strong> Value entered ⇒ <span style='color: #009;'>Udupi, Karnataka</span></div>
<div style='border: 1px solid #ddd; padding: 8px; margin: 5px 0; border-radius: 4px; background-color: #f7f7f7; display: inline-block;'><strong>#BTN 📤</strong> :: <strong>Clicked On</strong> ⇒ <span style='color: #001dff;'>Submit Button</span></div>
✅ Updated AutomationTestingStatus for FormId 101029 to '[Automation Tester] TextBox Form Submitted Successfully at 01/06/2025 09:18:37 PM'
📋 Navigating to Home Page...
📋 Attempting to close modal popup (if present)...
⏳ Waiting for Home link to be clickable...
✅ Home link found: https://demoqa.com/
📋 Clicking on Home link...
⏳ Waiting for loader to disappear...
⏳ Verifying home page load...
<div style='border: 1px solid #ddd; padding: 8px; margin: 5px 0; border-radius: 4px; background-color: #f7f7f7; display: inline-block;'><strong>#TXTBX ▭</strong> :: <strong>Full Name</strong> Value entered ⇒ <span style='color: #009;'>Vikram Shetty</span></div>
<div style='border: 1px solid #ddd; padding: 8px; margin: 5px 0; border-radius: 4px; background-color: #f7f7f7; display: inline-block;'><strong>#TXTBX ▭</strong> :: <strong>Email</strong> Value entered ⇒ <span style='color: #009;'>vikram.shetty@test.com</span></div>
<div style='border: 1px solid #ddd; padding: 8px; margin: 5px 0; border-radius: 4px; background-color: #f7f7f7; display: inline-block;'><strong>#TXTBX ▭</strong> :: <strong>Current Address</strong> Value entered ⇒ <span style='color: #009;'>Mangalore, Karnataka</span></div>
<div style='border: 1px solid #ddd; padding: 8px; margin: 5px 0; border-radius: 4px; background-color: #f7f7f7; display: inline-block;'><strong>#TXTBX ▭</strong> :: <strong>Permanent Address</strong> Value entered ⇒ <span style='color: #009;'>Udupi, Karnataka</span></div>
<div style='border: 1px solid #ddd; padding: 8px; margin: 5px 0; border-radius: 4px; background-color: #f7f7f7; display: inline-block;'><strong>#BTN 📤</strong> :: <strong>Clicked On</strong> ⇒ <span style='color: #001dff;'>Submit Button</span></div>
📋 Navigating to Home Page...
📋 Attempting to close modal popup (if present)...
⏳ Waiting for Home link to be clickable...
✅ Home link found: https://demoqa.com/
📋 Clicking on Home link...
⏳ Waiting for loader to disappear...
⏳ Verifying home page load...
Click Sucessfully==Again Double Click==Submit Button
<font color =#18122B><b>Sceenshot Path::C:\Users\HP\Documents\Ahmedabad\ANKUSH_FRAMEWORK\ScreenShots\Validation\valdn01_18_2025_09_18_41.png</b></font>
<h4>Time :01/06/2025 09:18:42 PM</h4>
<br>
<img src="C:\Users\HP\Documents\Ahmedabad\ANKUSH_FRAMEWORK\ScreenShots\Validation\valdn01_18_2025_09_18_41.png" width="1000" height="500" ></img>
<br>
<br>
<div style="background-color:#ffeeba; border:2px solid #856404; border-radius:10px; padding:10px 15px; text-align:left; margin:10px 0; display:inline-block; color:#856404; box-shadow: 0px 4px 6px rgba(0, 0, 0, 0.2);"><p style='font-size:18px; margin:0;'><b>Skipped: Screenshot saved at: C:\Users\HP\Documents\Ahmedabad\ANKUSH_FRAMEWORK\ScreenShots\Validation\valdn01_18_2025_09_18_41.png</b></p></div>
<table><tr><th style='font-weight: normal;'>Student Name</th><th>Swati Mishra</th></tr><tr><th style='font-weight: normal;'>Student Email</th><th>swati.mishra@test.com</th></tr><tr><th style='font-weight: normal;'>Gender</th><th>Female</th></tr><tr><th style='font-weight: normal;'>Mobile</th><th>9876543214</th></tr><tr><th style='font-weight: normal;'>Date of Birth</th><th>19 June,1992</th></tr><tr><th style='font-weight: normal;'>Subjects</th><th></th></tr><tr><th style='font-weight: normal;'>Hobbies</th><th>Music</th></tr><tr><th style='font-weight: normal;'>Picture</th><th>valdn01_07_2025_02_07_42.png</th></tr><tr><th style='font-weight: normal;'>Address</th><th>Varanasi, Uttar Pradesh</th></tr><tr><th style='font-weight: normal;'>State and City</th><th></th></tr></table>
✅ Updated AutomationTestingStatus for FormId 101028 to '✅ [Automation Tester] Automation Testing Successfully Done and Form Successfully Submitted :: On Timestamp 01/06/2025 09:18:42 PM'
📋 Navigating to Home Page...
📋 Attempting to close modal popup (if present)...
⏳ Waiting for Home link to be clickable...
❌ Navigation to Home Page failed: Expected condition failed: waiting for element to be clickable: By.xpath: //a[contains(@href,'https://demoqa.com')] (tried for 2 second(s) with 500 milliseconds interval)
Build info: version: '4.12.1', revision: '8e34639b11'
System info: os.name: 'Windows 11', os.arch: 'amd64', os.version: '10.0', java.version: '18.0.1.1'
Driver info: org.openqa.selenium.chrome.ChromeDriver
Capabilities {acceptInsecureCerts: false, browserName: chrome, browserVersion: 136.0.7103.114, chrome: {chromedriverVersion: 136.0.7103.113 (76fa3c17824..., userDataDir: C:\Users\HP\AppData\Local\T...}, fedcm:accounts: true, goog:chromeOptions: {debuggerAddress: localhost:63960}, networkConnectionEnabled: false, pageLoadStrategy: normal, platformName: windows, proxy: Proxy(), se:cdp: ws://localhost:63960/devtoo..., se:cdpVersion: 136.0.7103.114, setWindowRect: true, strictFileInteractability: false, timeouts: {implicit: 0, pageLoad: 300000, script: 30000}, unhandledPromptBehavior: dismiss and notify, webauthn:extension:credBlob: true, webauthn:extension:largeBlob: true, webauthn:extension:minPinLength: true, webauthn:extension:prf: true, webauthn:virtualAuthenticators: true}
Session ID: b22de8f484a725a99fe9529a98a50781
<div style="background-color:#ffeeba; border:2px solid #856404; border-radius:10px; padding:10px 15px; text-align:left; margin:10px 0; display:inline-block; color:#856404; box-shadow: 0px 4px 6px rgba(0, 0, 0, 0.2);"><p style='font-size:18px; margin:0;'><b>Skipped: 🔐 Admin Connection URL: jdbc:sqlserver://localhost:1433;database=QADEMO;integratedSecurity=true;encrypt=false;trustServerCertificate=true;loginTimeout=30;</b></p></div>
<div style="background-color:#ffeeba; border:2px solid #856404; border-radius:10px; padding:10px 15px; text-align:left; margin:10px 0; display:inline-block; color:#856404; box-shadow: 0px 4px 6px rgba(0, 0, 0, 0.2);"><p style='font-size:18px; margin:0;'><b>Skipped: 🔐 Company Connection URL: jdbc:sqlserver://localhost:1433;database=QADEMO;integratedSecurity=true;encrypt=false;trustServerCertificate=true;loginTimeout=30;</b></p></div>
<div style='border: 1px solid #e0e0e0;padding: 8px 12px;margin: 8px 0;border-radius: 6px;background: linear-gradient(to right, #f8f9fa, #ffffff);box-shadow: 0 2px 4px rgba(0,0,0,0.05);display: inline-block;font-family: Arial, sans-serif;'><span style='font-weight: bold;color: #333;'>🌍 Browser Info:</span> <span style='color: #2c7be5;font-weight: 500;'><img src='data:image/svg+xml;base64,PHN2ZyB4bWxucz0iaHR0cDovL3d3dy53My5vcmcvMjAwMC9zdmciIHZpZXdCb3g9IjAgMCA0NDggNTEyIj48cGF0aCBmaWxsPSIjRkZDMTAyIiBkPSJNMjI0IDI1NmMwIDEyLjktNyAyNC40LTE3LjcgMjkuNkwxODcgMzA5LjljLTUuNCAzLTEyLjMgMy4xLTE3LjcuMS0xMC40LTUuOS0xNi43LTE2LjktMTYuNy0yOC42VjE5OGMwLTEyLjkgNy0yNC40IDE3LjctMjkuNkwxODcgMTQyLjFjNS40LTMgMTIuMy0zLjEgMTcuNy0uMSAxMC40IDUuOSAxNi43IDE2LjkgMTYuNyAyOC42djU4LjJ6Ii8+PHBhdGggZmlsbD0iIzRBNDlGNSIgZD0iTTIyNCAyNTZjMCAxMi45LTcgMjQuNC0xNy43IDI5LjZMMTg3IDMwOS45Yy01LjQgMy0xMi4zIDMuMS0xNy43LjEtMTAuNC01LjktMTYuNy0xNi45LTE2LjctMjguNlYxOThjMC0xMi45IDctMjQuNCAxNy43LTI5LjZMMTg3IDE0Mi4xYzUuNC0zIDEyLjMtMy4xIDE3LjctLjEgMTAuNCA1LjkgMTYuNyAxNi45IDE2LjcgMjguNnY1OC4yeiIvPjxwYXRoIGZpbGw9IiNGRkMxMDIiIGQ9Ik0yMjQgMjU2YzAgMTIuOS03IDI0LjQtMTcuNyAyOS42TDE4NyAzMDkuOWMtNS40IDMtMTIuMyAzLjEtMTcuNy4xLTEwLjQtNS45LTE2LjctMTYuOS0xNi43LTI4LjZWMTk4YzAtMTIuOSA3LTI0LjQgMTcuNy0yOS42TDE4NyAxNDIuMWM1LjQtMyAxMi4zLTMuMSAxNy43LS4xIDEwLjQgNS45IDE2LjcgMTYuOSAxNi43IDI4LjZ2NTguMnoiLz48cGF0aCBmaWxsPSIjRkZDMTAyIiBkPSJNMjI0IDI1NmMwIDEyLjktNyAyNC40LTE3LjcgMjkuNkwxODcgMzA5LjljLTUuNCAzLTEyLjMgMy4xLTE3LjcuMS0xMC40LTUuOS0xNi43LTE2LjktMTYuNy0yOC42VjE5OGMwLTEyLjkgNy0yNC40IDE3LjctMjkuNkwxODcgMTQyLjFjNS40LTMgMTIuMy0zLjEgMTcuNy0uMSAxMC40IDUuOSAxNi43IDE2LjkgMTYuNyAyOC42djU4LjJ6Ii8+PC9zdmc+' height='20' width='20' style='vertical-align: middle;' /> <span style='color: #4285F4;'>Google Chrome</span></span></div>
<div style="border: 1px solid #ddd; padding: 8px; margin: 5px 0; border-radius: 4px; background-color: #f7f7f7; display: inline-block;"><strong>💻 #System Info</strong> :: <strong>PC Name</strong> ⇒ <span style="color: #001dff;">ANKUSH1111</span> &nbsp;&nbsp;|&nbsp;&nbsp; <strong>User</strong> ⇒ <span style="color: #006400;">HP</span></div>
<div style='border: 1px solid #ddd; padding: 8px; margin: 5px 0; border-radius: 4px; background-color: #f7f7f7; display: inline-block;'><strong>#TXTBX ▭</strong> :: <strong>First Name</strong> Value entered ⇒ <span style='color: #009;'>Vikram</span></div>
<div style='border: 1px solid #ddd; padding: 8px; margin: 5px 0; border-radius: 4px; background-color: #f7f7f7; display: inline-block;'><strong>#TXTBX ▭</strong> :: <strong>Last Name</strong> Value entered ⇒ <span style='color: #009;'>Shetty</span></div>
<div style='border: 1px solid #ddd; padding: 8px; margin: 5px 0; border-radius: 4px; background-color: #f7f7f7; display: inline-block;'><strong>#TXTBX ▭</strong> :: <strong>Email</strong> Value entered ⇒ <span style='color: #009;'>vikram.shetty@test.com</span></div>
Clicked On :: Gender Male Radio
<div style='border: 1px solid #ddd; padding: 8px; margin: 5px 0; border-radius: 4px; background-color: #f7f7f7; display: inline-block;'><strong>#TXTBX ▭</strong> :: <strong>Mobile Number</strong> Value entered ⇒ <span style='color: #009;'>9988776651</span></div>
❌ Navigation to Home Page failed: Expected condition failed: waiting for url to contain "home". Current url: "https://demoqa.com/" (tried for 10 second(s) with 500 milliseconds interval)
Build info: version: '4.12.1', revision: '8e34639b11'
System info: os.name: 'Windows 11', os.arch: 'amd64', os.version: '10.0', java.version: '18.0.1.1'
Driver info: org.openqa.selenium.chrome.ChromeDriver
Capabilities {acceptInsecureCerts: false, browserName: chrome, browserVersion: 136.0.7103.114, chrome: {chromedriverVersion: 136.0.7103.113 (76fa3c17824..., userDataDir: C:\Users\HP\AppData\Local\T...}, fedcm:accounts: true, goog:chromeOptions: {debuggerAddress: localhost:63963}, networkConnectionEnabled: false, pageLoadStrategy: normal, platformName: windows, proxy: Proxy(), se:cdp: ws://localhost:63963/devtoo..., se:cdpVersion: 136.0.7103.114, setWindowRect: true, strictFileInteractability: false, timeouts: {implicit: 0, pageLoad: 300000, script: 30000}, unhandledPromptBehavior: dismiss and notify, webauthn:extension:credBlob: true, webauthn:extension:largeBlob: true, webauthn:extension:minPinLength: true, webauthn:extension:prf: true, webauthn:virtualAuthenticators: true}
Session ID: 2d878eeb16294432cfaadd75059ef6bf
<div style="background-color:#ffeeba; border:2px solid #856404; border-radius:10px; padding:10px 15px; text-align:left; margin:10px 0; display:inline-block; color:#856404; box-shadow: 0px 4px 6px rgba(0, 0, 0, 0.2);"><p style='font-size:18px; margin:0;'><b>Skipped: 🔐 Admin Connection URL: jdbc:sqlserver://localhost:1433;database=QADEMO;integratedSecurity=true;encrypt=false;trustServerCertificate=true;loginTimeout=30;</b></p></div>
<div style="background-color:#ffeeba; border:2px solid #856404; border-radius:10px; padding:10px 15px; text-align:left; margin:10px 0; display:inline-block; color:#856404; box-shadow: 0px 4px 6px rgba(0, 0, 0, 0.2);"><p style='font-size:18px; margin:0;'><b>Skipped: 🔐 Company Connection URL: jdbc:sqlserver://localhost:1433;database=QADEMO;integratedSecurity=true;encrypt=false;trustServerCertificate=true;loginTimeout=30;</b></p></div>
<div style='border: 1px solid #e0e0e0;padding: 8px 12px;margin: 8px 0;border-radius: 6px;background: linear-gradient(to right, #f8f9fa, #ffffff);box-shadow: 0 2px 4px rgba(0,0,0,0.05);display: inline-block;font-family: Arial, sans-serif;'><span style='font-weight: bold;color: #333;'>🌍 Browser Info:</span> <span style='color: #2c7be5;font-weight: 500;'><img src='data:image/svg+xml;base64,PHN2ZyB4bWxucz0iaHR0cDovL3d3dy53My5vcmcvMjAwMC9zdmciIHZpZXdCb3g9IjAgMCA0NDggNTEyIj48cGF0aCBmaWxsPSIjRkZDMTAyIiBkPSJNMjI0IDI1NmMwIDEyLjktNyAyNC40LTE3LjcgMjkuNkwxODcgMzA5LjljLTUuNCAzLTEyLjMgMy4xLTE3LjcuMS0xMC40LTUuOS0xNi43LTE2LjktMTYuNy0yOC42VjE5OGMwLTEyLjkgNy0yNC40IDE3LjctMjkuNkwxODcgMTQyLjFjNS40LTMgMTIuMy0zLjEgMTcuNy0uMSAxMC40IDUuOSAxNi43IDE2LjkgMTYuNyAyOC42djU4LjJ6Ii8+PHBhdGggZmlsbD0iIzRBNDlGNSIgZD0iTTIyNCAyNTZjMCAxMi45LTcgMjQuNC0xNy43IDI5LjZMMTg3IDMwOS45Yy01LjQgMy0xMi4zIDMuMS0xNy43LjEtMTAuNC01LjktMTYuNy0xNi45LTE2LjctMjguNlYxOThjMC0xMi45IDctMjQuNCAxNy43LTI5LjZMMTg3IDE0Mi4xYzUuNC0zIDEyLjMtMy4xIDE3LjctLjEgMTAuNCA1LjkgMTYuNyAxNi45IDE2LjcgMjguNnY1OC4yeiIvPjxwYXRoIGZpbGw9IiNGRkMxMDIiIGQ9Ik0yMjQgMjU2YzAgMTIuOS03IDI0LjQtMTcuNyAyOS42TDE4NyAzMDkuOWMtNS40IDMtMTIuMyAzLjEtMTcuNy4xLTEwLjQtNS45LTE2LjctMTYuOS0xNi43LTI4LjZWMTk4YzAtMTIuOSA3LTI0LjQgMTcuNy0yOS42TDE4NyAxNDIuMWM1LjQtMyAxMi4zLTMuMSAxNy43LS4xIDEwLjQgNS45IDE2LjcgMTYuOSAxNi43IDI4LjZ2NTguMnoiLz48cGF0aCBmaWxsPSIjRkZDMTAyIiBkPSJNMjI0IDI1NmMwIDEyLjktNyAyNC40LTE3LjcgMjkuNkwxODcgMzA5LjljLTUuNCAzLTEyLjMgMy4xLTE3LjcuMS0xMC40LTUuOS0xNi43LTE2LjktMTYuNy0yOC42VjE5OGMwLTEyLjkgNy0yNC40IDE3LjctMjkuNkwxODcgMTQyLjFjNS40LTMgMTIuMy0zLjEgMTcuNy0uMSAxMC40IDUuOSAxNi43IDE2LjkgMTYuNyAyOC42djU4LjJ6Ii8+PC9zdmc+' height='20' width='20' style='vertical-align: middle;' /> <span style='color: #4285F4;'>Google Chrome</span></span></div>
<div style="border: 1px solid #ddd; padding: 8px; margin: 5px 0; border-radius: 4px; background-color: #f7f7f7; display: inline-block;"><strong>💻 #System Info</strong> :: <strong>PC Name</strong> ⇒ <span style="color: #001dff;">ANKUSH1111</span> &nbsp;&nbsp;|&nbsp;&nbsp; <strong>User</strong> ⇒ <span style="color: #006400;">HP</span></div>
Clicked On :: Date Picker - Date of Birth
#DATEPICKER 📅 :: Date of Birth :: Date successfully picked :: 1987-07-23
<div style='border: 1px solid #ddd; padding: 8px; margin: 5px 0; border-radius: 4px; background-color: #f7f7f7; display: inline-block;'><strong>#TXTBX ▭</strong> :: <strong>Subject</strong> Value entered ⇒ <span style='color: #009;'>Computer Science</span></div>
❌ Navigation to Home Page failed: Expected condition failed: waiting for url to contain "home". Current url: "https://demoqa.com/" (tried for 10 second(s) with 500 milliseconds interval)
Build info: version: '4.12.1', revision: '8e34639b11'
System info: os.name: 'Windows 11', os.arch: 'amd64', os.version: '10.0', java.version: '18.0.1.1'
Driver info: org.openqa.selenium.chrome.ChromeDriver
Capabilities {acceptInsecureCerts: false, browserName: chrome, browserVersion: 136.0.7103.114, chrome: {chromedriverVersion: 136.0.7103.113 (76fa3c17824..., userDataDir: C:\Users\HP\AppData\Local\T...}, fedcm:accounts: true, goog:chromeOptions: {debuggerAddress: localhost:53181}, networkConnectionEnabled: false, pageLoadStrategy: normal, platformName: windows, proxy: Proxy(), se:cdp: ws://localhost:53181/devtoo..., se:cdpVersion: 136.0.7103.114, setWindowRect: true, strictFileInteractability: false, timeouts: {implicit: 0, pageLoad: 300000, script: 30000}, unhandledPromptBehavior: dismiss and notify, webauthn:extension:credBlob: true, webauthn:extension:largeBlob: true, webauthn:extension:minPinLength: true, webauthn:extension:prf: true, webauthn:virtualAuthenticators: true}
Session ID: 35c9159c033971dcb76a9982a22a7c38
<h3 style="color:#132043;"><b> Iteration Number &#10781; :20</b></h4>
<div style='border: 1px solid #e0e0e0;padding: 8px 12px;margin: 8px 0;border-radius: 6px;background: linear-gradient(to right, #f8f9fa, #ffffff);box-shadow: 0 2px 4px rgba(0,0,0,0.05);display: inline-block;font-family: Arial, sans-serif;'><span style='font-weight: bold;color: #333;'>🌍 Browser Info:</span> <span style='color: #2c7be5;font-weight: 500;'><img src='data:image/svg+xml;base64,PHN2ZyB4bWxucz0iaHR0cDovL3d3dy53My5vcmcvMjAwMC9zdmciIHZpZXdCb3g9IjAgMCA0NDggNTEyIj48cGF0aCBmaWxsPSIjRkZDMTAyIiBkPSJNMjI0IDI1NmMwIDEyLjktNyAyNC40LTE3LjcgMjkuNkwxODcgMzA5LjljLTUuNCAzLTEyLjMgMy4xLTE3LjcuMS0xMC40LTUuOS0xNi43LTE2LjktMTYuNy0yOC42VjE5OGMwLTEyLjkgNy0yNC40IDE3LjctMjkuNkwxODcgMTQyLjFjNS40LTMgMTIuMy0zLjEgMTcuNy0uMSAxMC40IDUuOSAxNi43IDE2LjkgMTYuNyAyOC42djU4LjJ6Ii8+PHBhdGggZmlsbD0iIzRBNDlGNSIgZD0iTTIyNCAyNTZjMCAxMi45LTcgMjQuNC0xNy43IDI5LjZMMTg3IDMwOS45Yy01LjQgMy0xMi4zIDMuMS0xNy43LjEtMTAuNC01LjktMTYuNy0xNi45LTE2LjctMjguNlYxOThjMC0xMi45IDctMjQuNCAxNy43LTI5LjZMMTg3IDE0Mi4xYzUuNC0zIDEyLjMtMy4xIDE3LjctLjEgMTAuNCA1LjkgMTYuNyAxNi45IDE2LjcgMjguNnY1OC4yeiIvPjxwYXRoIGZpbGw9IiNGRkMxMDIiIGQ9Ik0yMjQgMjU2YzAgMTIuOS03IDI0LjQtMTcuNyAyOS42TDE4NyAzMDkuOWMtNS40IDMtMTIuMyAzLjEtMTcuNy4xLTEwLjQtNS45LTE2LjctMTYuOS0xNi43LTI4LjZWMTk4YzAtMTIuOSA3LTI0LjQgMTcuNy0yOS42TDE4NyAxNDIuMWM1LjQtMyAxMi4zLTMuMSAxNy43LS4xIDEwLjQgNS45IDE2LjcgMTYuOSAxNi43IDI4LjZ2NTguMnoiLz48cGF0aCBmaWxsPSIjRkZDMTAyIiBkPSJNMjI0IDI1NmMwIDEyLjktNyAyNC40LTE3LjcgMjkuNkwxODcgMzA5LjljLTUuNCAzLTEyLjMgMy4xLTE3LjcuMS0xMC40LTUuOS0xNi43LTE2LjktMTYuNy0yOC42VjE5OGMwLTEyLjkgNy0yNC40IDE3LjctMjkuNkwxODcgMTQyLjFjNS40LTMgMTIuMy0zLjEgMTcuNy0uMSAxMC40IDUuOSAxNi43IDE2LjkgMTYuNyAyOC42djU4LjJ6Ii8+PC9zdmc+' height='20' width='20' style='vertical-align: middle;' /> <span style='color: #4285F4;'>Google Chrome</span></span></div>
<div style="border: 1px solid #ddd; padding: 8px; margin: 5px 0; border-radius: 4px; background-color: #f7f7f7; display: inline-block;"><strong>💻 #System Info</strong> :: <strong>PC Name</strong> ⇒ <span style="color: #001dff;">ANKUSH1111</span> &nbsp;&nbsp;|&nbsp;&nbsp; <strong>User</strong> ⇒ <span style="color: #006400;">HP</span></div>
<div style='border: 1px solid #ddd; padding: 8px; margin: 5px 0; border-radius: 4px; background-color: #f7f7f7; display: inline-block;'><strong>#TXTBX ▭</strong> :: <strong>Full Name</strong> Value entered ⇒ <span style='color: #009;'>Tanya Desai</span></div>
<div style='border: 1px solid #ddd; padding: 8px; margin: 5px 0; border-radius: 4px; background-color: #f7f7f7; display: inline-block;'><strong>#TXTBX ▭</strong> :: <strong>Email</strong> Value entered ⇒ <span style='color: #009;'>tanya.desai@test.com</span></div>
<div style='border: 1px solid #ddd; padding: 8px; margin: 5px 0; border-radius: 4px; background-color: #f7f7f7; display: inline-block;'><strong>#TXTBX ▭</strong> :: <strong>Current Address</strong> Value entered ⇒ <span style='color: #009;'>Ahmedabad, Gujarat</span></div>
<div style='border: 1px solid #ddd; padding: 8px; margin: 5px 0; border-radius: 4px; background-color: #f7f7f7; display: inline-block;'><strong>#TXTBX ▭</strong> :: <strong>Permanent Address</strong> Value entered ⇒ <span style='color: #009;'>Vadodara, Gujarat</span></div>
<div style='border: 1px solid #ddd; padding: 8px; margin: 5px 0; border-radius: 4px; background-color: #f7f7f7; display: inline-block;'><strong>#BTN 📤</strong> :: <strong>Clicked On</strong> ⇒ <span style='color: #001dff;'>Submit Button</span></div>
✅ Updated AutomationTestingStatus for FormId 101030 to '[Automation Tester] TextBox Form Submitted Successfully at 01/06/2025 09:18:51 PM'
📋 Navigating to Home Page...
📋 Attempting to close modal popup (if present)...
⏳ Waiting for Home link to be clickable...
✅ Home link found: https://demoqa.com/
📋 Clicking on Home link...
<div style='border: 1px solid #ddd; padding: 8px; margin: 5px 0; border-radius: 4px; background-color: #f7f7f7; display: inline-block;'><strong>#TXTBX ▭</strong> :: <strong>Full Name</strong> Value entered ⇒ <span style='color: #009;'>Tanya Desai</span></div>
<div style='border: 1px solid #ddd; padding: 8px; margin: 5px 0; border-radius: 4px; background-color: #f7f7f7; display: inline-block;'><strong>#TXTBX ▭</strong> :: <strong>Email</strong> Value entered ⇒ <span style='color: #009;'>tanya.desai@test.com</span></div>
⏳ Waiting for loader to disappear...
⏳ Verifying home page load...
<div style='border: 1px solid #ddd; padding: 8px; margin: 5px 0; border-radius: 4px; background-color: #f7f7f7; display: inline-block;'><strong>#TXTBX ▭</strong> :: <strong>Current Address</strong> Value entered ⇒ <span style='color: #009;'>Ahmedabad, Gujarat</span></div>
<div style='border: 1px solid #ddd; padding: 8px; margin: 5px 0; border-radius: 4px; background-color: #f7f7f7; display: inline-block;'><strong>#TXTBX ▭</strong> :: <strong>Permanent Address</strong> Value entered ⇒ <span style='color: #009;'>Vadodara, Gujarat</span></div>
<div style='border: 1px solid #ddd; padding: 8px; margin: 5px 0; border-radius: 4px; background-color: #f7f7f7; display: inline-block;'><strong>#BTN 📤</strong> :: <strong>Clicked On</strong> ⇒ <span style='color: #001dff;'>Submit Button</span></div>
📋 Navigating to Home Page...
📋 Attempting to close modal popup (if present)...
⏳ Waiting for Home link to be clickable...
✅ Home link found: https://demoqa.com/
📋 Clicking on Home link...
⏳ Waiting for loader to disappear...
⏳ Verifying home page load...
Click Sucessfully==Again Double Click==Hobby: Reading
<div style='border: 1px solid #ddd; padding: 8px; margin: 5px 0; border-radius: 4px; background-color: #f7f7f7; display: inline-block;'><strong>#FILEUP 🔼</strong> :: <strong>Profile Picture</strong> File Uploaded ⇒ <span style='color: #001dff;'>valdn01_07_2025_02_07_42.png</span></div>
<div style='border: 1px solid #ddd; padding: 8px; margin: 5px 0; border-radius: 4px; background-color: #f7f7f7; display: inline-block;'><strong>#TXTBX ▭</strong> :: <strong>Current Address</strong> Value entered ⇒ <span style='color: #009;'>Mangalore, Karnataka</span></div>
Click Sucessfully==Again Double Click==Submit Button
<font color =#18122B><b>Sceenshot Path::C:\Users\HP\Documents\Ahmedabad\ANKUSH_FRAMEWORK\ScreenShots\Validation\valdn01_19_2025_09_19_02.png</b></font>
<h4>Time :01/06/2025 09:19:02 PM</h4>
<br>
<img src="C:\Users\HP\Documents\Ahmedabad\ANKUSH_FRAMEWORK\ScreenShots\Validation\valdn01_19_2025_09_19_02.png" width="1000" height="500" ></img>
<br>
<br>
<div style="background-color:#ffeeba; border:2px solid #856404; border-radius:10px; padding:10px 15px; text-align:left; margin:10px 0; display:inline-block; color:#856404; box-shadow: 0px 4px 6px rgba(0, 0, 0, 0.2);"><p style='font-size:18px; margin:0;'><b>Skipped: Screenshot saved at: C:\Users\HP\Documents\Ahmedabad\ANKUSH_FRAMEWORK\ScreenShots\Validation\valdn01_19_2025_09_19_02.png</b></p></div>
❌ Navigation to Home Page failed: Expected condition failed: waiting for url to contain "home". Current url: "https://demoqa.com/" (tried for 10 second(s) with 500 milliseconds interval)
Build info: version: '4.12.1', revision: '8e34639b11'
System info: os.name: 'Windows 11', os.arch: 'amd64', os.version: '10.0', java.version: '18.0.1.1'
Driver info: org.openqa.selenium.chrome.ChromeDriver
Capabilities {acceptInsecureCerts: false, browserName: chrome, browserVersion: 136.0.7103.114, chrome: {chromedriverVersion: 136.0.7103.113 (76fa3c17824..., userDataDir: C:\Users\HP\AppData\Local\T...}, fedcm:accounts: true, goog:chromeOptions: {debuggerAddress: localhost:63963}, networkConnectionEnabled: false, pageLoadStrategy: normal, platformName: windows, proxy: Proxy(), se:cdp: ws://localhost:63963/devtoo..., se:cdpVersion: 136.0.7103.114, setWindowRect: true, strictFileInteractability: false, timeouts: {implicit: 0, pageLoad: 300000, script: 30000}, unhandledPromptBehavior: dismiss and notify, webauthn:extension:credBlob: true, webauthn:extension:largeBlob: true, webauthn:extension:minPinLength: true, webauthn:extension:prf: true, webauthn:virtualAuthenticators: true}
Session ID: 2d878eeb16294432cfaadd75059ef6bf
<table><tr><th style='font-weight: normal;'>Student Name</th><th>Vikram Shetty</th></tr><tr><th style='font-weight: normal;'>Student Email</th><th>vikram.shetty@test.com</th></tr><tr><th style='font-weight: normal;'>Gender</th><th>Male</th></tr><tr><th style='font-weight: normal;'>Mobile</th><th>9988776651</th></tr><tr><th style='font-weight: normal;'>Date of Birth</th><th>23 July,1987</th></tr><tr><th style='font-weight: normal;'>Subjects</th><th>Computer Science</th></tr><tr><th style='font-weight: normal;'>Hobbies</th><th>Reading</th></tr><tr><th style='font-weight: normal;'>Picture</th><th>valdn01_07_2025_02_07_42.png</th></tr><tr><th style='font-weight: normal;'>Address</th><th>Mangalore, Karnataka</th></tr><tr><th style='font-weight: normal;'>State and City</th><th></th></tr></table>
✅ Updated AutomationTestingStatus for FormId 101029 to '✅ [Automation Tester] Automation Testing Successfully Done and Form Successfully Submitted :: On Timestamp 01/06/2025 09:19:02 PM'
📋 Navigating to Home Page...
📋 Attempting to close modal popup (if present)...
⏳ Waiting for Home link to be clickable...
❌ Navigation to Home Page failed: Expected condition failed: waiting for url to contain "home". Current url: "https://demoqa.com/" (tried for 10 second(s) with 500 milliseconds interval)
Build info: version: '4.12.1', revision: '8e34639b11'
System info: os.name: 'Windows 11', os.arch: 'amd64', os.version: '10.0', java.version: '18.0.1.1'
Driver info: org.openqa.selenium.chrome.ChromeDriver
Capabilities {acceptInsecureCerts: false, browserName: chrome, browserVersion: 136.0.7103.114, chrome: {chromedriverVersion: 136.0.7103.113 (76fa3c17824..., userDataDir: C:\Users\HP\AppData\Local\T...}, fedcm:accounts: true, goog:chromeOptions: {debuggerAddress: localhost:53181}, networkConnectionEnabled: false, pageLoadStrategy: normal, platformName: windows, proxy: Proxy(), se:cdp: ws://localhost:53181/devtoo..., se:cdpVersion: 136.0.7103.114, setWindowRect: true, strictFileInteractability: false, timeouts: {implicit: 0, pageLoad: 300000, script: 30000}, unhandledPromptBehavior: dismiss and notify, webauthn:extension:credBlob: true, webauthn:extension:largeBlob: true, webauthn:extension:minPinLength: true, webauthn:extension:prf: true, webauthn:virtualAuthenticators: true}
Session ID: 35c9159c033971dcb76a9982a22a7c38
❌ Navigation to Home Page failed: Expected condition failed: waiting for element to be clickable: By.xpath: //a[contains(@href,'https://demoqa.com')] (tried for 2 second(s) with 500 milliseconds interval)
Build info: version: '4.12.1', revision: '8e34639b11'
System info: os.name: 'Windows 11', os.arch: 'amd64', os.version: '10.0', java.version: '18.0.1.1'
Driver info: org.openqa.selenium.chrome.ChromeDriver
Capabilities {acceptInsecureCerts: false, browserName: chrome, browserVersion: 136.0.7103.114, chrome: {chromedriverVersion: 136.0.7103.113 (76fa3c17824..., userDataDir: C:\Users\HP\AppData\Local\T...}, fedcm:accounts: true, goog:chromeOptions: {debuggerAddress: localhost:63960}, networkConnectionEnabled: false, pageLoadStrategy: normal, platformName: windows, proxy: Proxy(), se:cdp: ws://localhost:63960/devtoo..., se:cdpVersion: 136.0.7103.114, setWindowRect: true, strictFileInteractability: false, timeouts: {implicit: 0, pageLoad: 300000, script: 30000}, unhandledPromptBehavior: dismiss and notify, webauthn:extension:credBlob: true, webauthn:extension:largeBlob: true, webauthn:extension:minPinLength: true, webauthn:extension:prf: true, webauthn:virtualAuthenticators: true}
Session ID: b22de8f484a725a99fe9529a98a50781
<div style="background-color:#ffeeba; border:2px solid #856404; border-radius:10px; padding:10px 15px; text-align:left; margin:10px 0; display:inline-block; color:#856404; box-shadow: 0px 4px 6px rgba(0, 0, 0, 0.2);"><p style='font-size:18px; margin:0;'><b>Skipped: 🔐 Admin Connection URL: jdbc:sqlserver://localhost:1433;database=QADEMO;integratedSecurity=true;encrypt=false;trustServerCertificate=true;loginTimeout=30;</b></p></div>
<div style="background-color:#ffeeba; border:2px solid #856404; border-radius:10px; padding:10px 15px; text-align:left; margin:10px 0; display:inline-block; color:#856404; box-shadow: 0px 4px 6px rgba(0, 0, 0, 0.2);"><p style='font-size:18px; margin:0;'><b>Skipped: 🔐 Company Connection URL: jdbc:sqlserver://localhost:1433;database=QADEMO;integratedSecurity=true;encrypt=false;trustServerCertificate=true;loginTimeout=30;</b></p></div>
<div style='border: 1px solid #e0e0e0;padding: 8px 12px;margin: 8px 0;border-radius: 6px;background: linear-gradient(to right, #f8f9fa, #ffffff);box-shadow: 0 2px 4px rgba(0,0,0,0.05);display: inline-block;font-family: Arial, sans-serif;'><span style='font-weight: bold;color: #333;'>🌍 Browser Info:</span> <span style='color: #2c7be5;font-weight: 500;'><img src='data:image/svg+xml;base64,PHN2ZyB4bWxucz0iaHR0cDovL3d3dy53My5vcmcvMjAwMC9zdmciIHZpZXdCb3g9IjAgMCA0NDggNTEyIj48cGF0aCBmaWxsPSIjRkZDMTAyIiBkPSJNMjI0IDI1NmMwIDEyLjktNyAyNC40LTE3LjcgMjkuNkwxODcgMzA5LjljLTUuNCAzLTEyLjMgMy4xLTE3LjcuMS0xMC40LTUuOS0xNi43LTE2LjktMTYuNy0yOC42VjE5OGMwLTEyLjkgNy0yNC40IDE3LjctMjkuNkwxODcgMTQyLjFjNS40LTMgMTIuMy0zLjEgMTcuNy0uMSAxMC40IDUuOSAxNi43IDE2LjkgMTYuNyAyOC42djU4LjJ6Ii8+PHBhdGggZmlsbD0iIzRBNDlGNSIgZD0iTTIyNCAyNTZjMCAxMi45LTcgMjQuNC0xNy43IDI5LjZMMTg3IDMwOS45Yy01LjQgMy0xMi4zIDMuMS0xNy43LjEtMTAuNC01LjktMTYuNy0xNi45LTE2LjctMjguNlYxOThjMC0xMi45IDctMjQuNCAxNy43LTI5LjZMMTg3IDE0Mi4xYzUuNC0zIDEyLjMtMy4xIDE3LjctLjEgMTAuNCA1LjkgMTYuNyAxNi45IDE2LjcgMjguNnY1OC4yeiIvPjxwYXRoIGZpbGw9IiNGRkMxMDIiIGQ9Ik0yMjQgMjU2YzAgMTIuOS03IDI0LjQtMTcuNyAyOS42TDE4NyAzMDkuOWMtNS40IDMtMTIuMyAzLjEtMTcuNy4xLTEwLjQtNS45LTE2LjctMTYuOS0xNi43LTI4LjZWMTk4YzAtMTIuOSA3LTI0LjQgMTcuNy0yOS42TDE4NyAxNDIuMWM1LjQtMyAxMi4zLTMuMSAxNy43LS4xIDEwLjQgNS45IDE2LjcgMTYuOSAxNi43IDI4LjZ2NTguMnoiLz48cGF0aCBmaWxsPSIjRkZDMTAyIiBkPSJNMjI0IDI1NmMwIDEyLjktNyAyNC40LTE3LjcgMjkuNkwxODcgMzA5LjljLTUuNCAzLTEyLjMgMy4xLTE3LjcuMS0xMC40LTUuOS0xNi43LTE2LjktMTYuNy0yOC42VjE5OGMwLTEyLjkgNy0yNC40IDE3LjctMjkuNkwxODcgMTQyLjFjNS40LTMgMTIuMy0zLjEgMTcuNy0uMSAxMC40IDUuOSAxNi43IDE2LjkgMTYuNyAyOC42djU4LjJ6Ii8+PC9zdmc+' height='20' width='20' style='vertical-align: middle;' /> <span style='color: #4285F4;'>Google Chrome</span></span></div>
<div style="border: 1px solid #ddd; padding: 8px; margin: 5px 0; border-radius: 4px; background-color: #f7f7f7; display: inline-block;"><strong>💻 #System Info</strong> :: <strong>PC Name</strong> ⇒ <span style="color: #001dff;">ANKUSH1111</span> &nbsp;&nbsp;|&nbsp;&nbsp; <strong>User</strong> ⇒ <span style="color: #006400;">HP</span></div>
<div style='border: 1px solid #ddd; padding: 8px; margin: 5px 0; border-radius: 4px; background-color: #f7f7f7; display: inline-block;'><strong>#TXTBX ▭</strong> :: <strong>First Name</strong> Value entered ⇒ <span style='color: #009;'>Tanya</span></div>
<div style='border: 1px solid #ddd; padding: 8px; margin: 5px 0; border-radius: 4px; background-color: #f7f7f7; display: inline-block;'><strong>#TXTBX ▭</strong> :: <strong>Last Name</strong> Value entered ⇒ <span style='color: #009;'>Desai</span></div>
<div style='border: 1px solid #ddd; padding: 8px; margin: 5px 0; border-radius: 4px; background-color: #f7f7f7; display: inline-block;'><strong>#TXTBX ▭</strong> :: <strong>Email</strong> Value entered ⇒ <span style='color: #009;'>tanya.desai@test.com</span></div>
Clicked On :: Gender Female Radio
<div style='border: 1px solid #ddd; padding: 8px; margin: 5px 0; border-radius: 4px; background-color: #f7f7f7; display: inline-block;'><strong>#TXTBX ▭</strong> :: <strong>Mobile Number</strong> Value entered ⇒ <span style='color: #009;'>9871234571</span></div>
Clicked On :: Date Picker - Date of Birth
#DATEPICKER 📅 :: Date of Birth :: Date successfully picked :: 1994-08-06
<div style='border: 1px solid #ddd; padding: 8px; margin: 5px 0; border-radius: 4px; background-color: #f7f7f7; display: inline-block;'><strong>#TXTBX ▭</strong> :: <strong>Subject</strong> Value entered ⇒ <span style='color: #009;'>Art</span></div>
Click Sucessfully==Again Double Click==Hobby: Sports
Clicked On :: Hobby: Music
<div style='border: 1px solid #ddd; padding: 8px; margin: 5px 0; border-radius: 4px; background-color: #f7f7f7; display: inline-block;'><strong>#FILEUP 🔼</strong> :: <strong>Profile Picture</strong> File Uploaded ⇒ <span style='color: #001dff;'>valdn01_07_2025_02_07_42.png</span></div>
<div style='border: 1px solid #ddd; padding: 8px; margin: 5px 0; border-radius: 4px; background-color: #f7f7f7; display: inline-block;'><strong>#TXTBX ▭</strong> :: <strong>Current Address</strong> Value entered ⇒ <span style='color: #009;'>Ahmedabad, Gujarat</span></div>
Click Sucessfully==Again Double Click==Submit Button
<font color =#18122B><b>Sceenshot Path::C:\Users\HP\Documents\Ahmedabad\ANKUSH_FRAMEWORK\ScreenShots\Validation\valdn01_19_2025_09_19_21.png</b></font>
<h4>Time :01/06/2025 09:19:21 PM</h4>
<br>
<img src="C:\Users\HP\Documents\Ahmedabad\ANKUSH_FRAMEWORK\ScreenShots\Validation\valdn01_19_2025_09_19_21.png" width="1000" height="500" ></img>
<br>
<br>
<div style="background-color:#ffeeba; border:2px solid #856404; border-radius:10px; padding:10px 15px; text-align:left; margin:10px 0; display:inline-block; color:#856404; box-shadow: 0px 4px 6px rgba(0, 0, 0, 0.2);"><p style='font-size:18px; margin:0;'><b>Skipped: Screenshot saved at: C:\Users\HP\Documents\Ahmedabad\ANKUSH_FRAMEWORK\ScreenShots\Validation\valdn01_19_2025_09_19_21.png</b></p></div>
<table><tr><th style='font-weight: normal;'>Student Name</th><th>Tanya Desai</th></tr><tr><th style='font-weight: normal;'>Student Email</th><th>tanya.desai@test.com</th></tr><tr><th style='font-weight: normal;'>Gender</th><th>Female</th></tr><tr><th style='font-weight: normal;'>Mobile</th><th>9871234571</th></tr><tr><th style='font-weight: normal;'>Date of Birth</th><th>06 August,1994</th></tr><tr><th style='font-weight: normal;'>Subjects</th><th>Arts</th></tr><tr><th style='font-weight: normal;'>Hobbies</th><th>Sports, Music</th></tr><tr><th style='font-weight: normal;'>Picture</th><th>valdn01_07_2025_02_07_42.png</th></tr><tr><th style='font-weight: normal;'>Address</th><th>Ahmedabad, Gujarat</th></tr><tr><th style='font-weight: normal;'>State and City</th><th></th></tr></table>
✅ Updated AutomationTestingStatus for FormId 101030 to '✅ [Automation Tester] Automation Testing Successfully Done and Form Successfully Submitted :: On Timestamp 01/06/2025 09:19:21 PM'
📋 Navigating to Home Page...
📋 Attempting to close modal popup (if present)...
⏳ Waiting for Home link to be clickable...
❌ Navigation to Home Page failed: Expected condition failed: waiting for element to be clickable: By.xpath: //a[contains(@href,'https://demoqa.com')] (tried for 2 second(s) with 500 milliseconds interval)
Build info: version: '4.12.1', revision: '8e34639b11'
System info: os.name: 'Windows 11', os.arch: 'amd64', os.version: '10.0', java.version: '18.0.1.1'
Driver info: org.openqa.selenium.chrome.ChromeDriver
Capabilities {acceptInsecureCerts: false, browserName: chrome, browserVersion: 136.0.7103.114, chrome: {chromedriverVersion: 136.0.7103.113 (76fa3c17824..., userDataDir: C:\Users\HP\AppData\Local\T...}, fedcm:accounts: true, goog:chromeOptions: {debuggerAddress: localhost:63960}, networkConnectionEnabled: false, pageLoadStrategy: normal, platformName: windows, proxy: Proxy(), se:cdp: ws://localhost:63960/devtoo..., se:cdpVersion: 136.0.7103.114, setWindowRect: true, strictFileInteractability: false, timeouts: {implicit: 0, pageLoad: 300000, script: 30000}, unhandledPromptBehavior: dismiss and notify, webauthn:extension:credBlob: true, webauthn:extension:largeBlob: true, webauthn:extension:minPinLength: true, webauthn:extension:prf: true, webauthn:virtualAuthenticators: true}
Session ID: b22de8f484a725a99fe9529a98a50781]]>
  </system-out>
</testsuite> <!-- com.test.demoqa.TextBoxTestDataFromDB -->
