<?xml version="1.0" encoding="UTF-8"?>
<!-- Generated by org.testng.reporters.JUnitReportReporter -->
<testsuite hostname="ANKUSH1111" failures="0" tests="5" name="com.test.demoqa.PracticeFormTest" time="112.114" errors="0" timestamp="2025-06-01T15:53:30 IST" skipped="0">
  <testcase classname="com.test.demoqa.PracticeFormTest" name="fillPracticeFormTest" time="47.031">
    <system-out>
      <![CDATA[<h3 style="color:#132043;"><b> Iteration Number &#10781; :2</b></h4>
<div style='border: 1px solid #e0e0e0;padding: 8px 12px;margin: 8px 0;border-radius: 6px;background: linear-gradient(to right, #f8f9fa, #ffffff);box-shadow: 0 2px 4px rgba(0,0,0,0.05);display: inline-block;font-family: Arial, sans-serif;'><span style='font-weight: bold;color: #333;'>🌍 Browser Info:</span> <span style='color: #2c7be5;font-weight: 500;'><img src='data:image/svg+xml;base64,PHN2ZyB4bWxucz0iaHR0cDovL3d3dy53My5vcmcvMjAwMC9zdmciIHZpZXdCb3g9IjAgMCA0NDggNTEyIj48cGF0aCBmaWxsPSIjRkZDMTAyIiBkPSJNMjI0IDI1NmMwIDEyLjktNyAyNC40LTE3LjcgMjkuNkwxODcgMzA5LjljLTUuNCAzLTEyLjMgMy4xLTE3LjcuMS0xMC40LTUuOS0xNi43LTE2LjktMTYuNy0yOC42VjE5OGMwLTEyLjkgNy0yNC40IDE3LjctMjkuNkwxODcgMTQyLjFjNS40LTMgMTIuMy0zLjEgMTcuNy0uMSAxMC40IDUuOSAxNi43IDE2LjkgMTYuNyAyOC42djU4LjJ6Ii8+PHBhdGggZmlsbD0iIzRBNDlGNSIgZD0iTTIyNCAyNTZjMCAxMi45LTcgMjQuNC0xNy43IDI5LjZMMTg3IDMwOS45Yy01LjQgMy0xMi4zIDMuMS0xNy43LjEtMTAuNC01LjktMTYuNy0xNi45LTE2LjctMjguNlYxOThjMC0xMi45IDctMjQuNCAxNy43LTI5LjZMMTg3IDE0Mi4xYzUuNC0zIDEyLjMtMy4xIDE3LjctLjEgMTAuNCA1LjkgMTYuNyAxNi45IDE2LjcgMjguNnY1OC4yeiIvPjxwYXRoIGZpbGw9IiNGRkMxMDIiIGQ9Ik0yMjQgMjU2YzAgMTIuOS03IDI0LjQtMTcuNyAyOS42TDE4NyAzMDkuOWMtNS40IDMtMTIuMyAzLjEtMTcuNy4xLTEwLjQtNS45LTE2LjctMTYuOS0xNi43LTI4LjZWMTk4YzAtMTIuOSA3LTI0LjQgMTcuNy0yOS42TDE4NyAxNDIuMWM1LjQtMyAxMi4zLTMuMSAxNy43LS4xIDEwLjQgNS45IDE2LjcgMTYuOSAxNi43IDI4LjZ2NTguMnoiLz48cGF0aCBmaWxsPSIjRkZDMTAyIiBkPSJNMjI0IDI1NmMwIDEyLjktNyAyNC40LTE3LjcgMjkuNkwxODcgMzA5LjljLTUuNCAzLTEyLjMgMy4xLTE3LjcuMS0xMC40LTUuOS0xNi43LTE2LjktMTYuNy0yOC42VjE5OGMwLTEyLjkgNy0yNC40IDE3LjctMjkuNkwxODcgMTQyLjFjNS40LTMgMTIuMy0zLjEgMTcuNy0uMSAxMC40IDUuOSAxNi43IDE2LjkgMTYuNyAyOC42djU4LjJ6Ii8+PC9zdmc+' height='20' width='20' style='vertical-align: middle;' /> <span style='color: #4285F4;'>Google Chrome</span></span></div>
<div style="border: 1px solid #ddd; padding: 8px; margin: 5px 0; border-radius: 4px; background-color: #f7f7f7; display: inline-block;"><strong>💻 #System Info</strong> :: <strong>PC Name</strong> ⇒ <span style="color: #001dff;">ANKUSH1111</span> &nbsp;&nbsp;|&nbsp;&nbsp; <strong>User</strong> ⇒ <span style="color: #006400;">HP</span></div>
<div style='border: 1px solid #ddd; padding: 8px; margin: 5px 0; border-radius: 4px; background-color: #f7f7f7; display: inline-block;'><strong>#TXTBX ▭</strong> :: <strong>First Name</strong> Value entered ⇒ <span style='color: #009;'>Priya</span></div>
<div style='border: 1px solid #ddd; padding: 8px; margin: 5px 0; border-radius: 4px; background-color: #f7f7f7; display: inline-block;'><strong>#TXTBX ▭</strong> :: <strong>Last Name</strong> Value entered ⇒ <span style='color: #009;'>Sharma</span></div>
<div style='border: 1px solid #ddd; padding: 8px; margin: 5px 0; border-radius: 4px; background-color: #f7f7f7; display: inline-block;'><strong>#TXTBX ▭</strong> :: <strong>Email</strong> Value entered ⇒ <span style='color: #009;'>priya.sharma@test.com</span></div>
Clicked On :: Gender Female Radio
<div style='border: 1px solid #ddd; padding: 8px; margin: 5px 0; border-radius: 4px; background-color: #f7f7f7; display: inline-block;'><strong>#TXTBX ▭</strong> :: <strong>Mobile Number</strong> Value entered ⇒ <span style='color: #009;'>9123456780</span></div>
Clicked On :: Date Picker - Date of Birth
#DATEPICKER 📅 :: Date of Birth :: Date successfully picked :: 15/02/1992
<div style='border: 1px solid #ddd; padding: 8px; margin: 5px 0; border-radius: 4px; background-color: #f7f7f7; display: inline-block;'><strong>#TXTBX ▭</strong> :: <strong>Subject</strong> Value entered ⇒ <span style='color: #009;'>English</span></div>
Click Sucessfully==Again Double Click==Hobby: Sports
<div style='border: 1px solid #ddd; padding: 8px; margin: 5px 0; border-radius: 4px; background-color: #f7f7f7; display: inline-block;'><strong>#FILEUP 🔼</strong> :: <strong>Profile Picture</strong> File Uploaded ⇒ <span style='color: #001dff;'>valdn01_06_2025_02_06_17.png</span></div>
<div style='border: 1px solid #ddd; padding: 8px; margin: 5px 0; border-radius: 4px; background-color: #f7f7f7; display: inline-block;'><strong>#TXTBX ▭</strong> :: <strong>Current Address</strong> Value entered ⇒ <span style='color: #009;'>Pune, Maharashtra</span></div>
<div style='border: 1px solid #ddd; padding: 8px; margin: 5px 0; border-radius: 4px; background-color: #f7f7f7; display: inline-block;'><strong>#BTN 📤</strong> :: <strong>Clicked On</strong> ⇒ <span style='color: #001dff;'>Submit Button</span></div>
<font color =#18122B><b>Sceenshot Path::C:\Users\HP\Documents\Ahmedabad\ANKUSH_FRAMEWORK\ScreenShots\Validation\valdn01_52_2025_03_52_26.png</b></font>
<h4>Time :01/06/2025 03:52:26 PM</h4>
<br>
<img src="C:\Users\HP\Documents\Ahmedabad\ANKUSH_FRAMEWORK\ScreenShots\Validation\valdn01_52_2025_03_52_26.png" width="1000" height="500" ></img>
<br>
<br>
<table><tr><th style='font-weight: normal;'>Student Name</th><th>Priya Sharma</th></tr><tr><th style='font-weight: normal;'>Student Email</th><th>priya.sharma@test.com</th></tr><tr><th style='font-weight: normal;'>Gender</th><th>Female</th></tr><tr><th style='font-weight: normal;'>Mobile</th><th>9123456780</th></tr><tr><th style='font-weight: normal;'>Date of Birth</th><th>15 February,1992</th></tr><tr><th style='font-weight: normal;'>Subjects</th><th>English</th></tr><tr><th style='font-weight: normal;'>Hobbies</th><th>Sports</th></tr><tr><th style='font-weight: normal;'>Picture</th><th>valdn01_06_2025_02_06_17.png</th></tr><tr><th style='font-weight: normal;'>Address</th><th>Pune, Maharashtra</th></tr><tr><th style='font-weight: normal;'>State and City</th><th>Uttar Pradesh Lucknow</th></tr></table>
📋 Navigating to Home Page...
📋 Attempting to close modal popup (if present)...
⏳ Waiting for Home link to be clickable...
❌ Navigation to Home Page failed: Expected condition failed: waiting for element to be clickable: By.xpath: //a[contains(@href,'https://demoqa.com')] (tried for 2 second(s) with 500 milliseconds interval)
Build info: version: '4.12.1', revision: '8e34639b11'
System info: os.name: 'Windows 11', os.arch: 'amd64', os.version: '10.0', java.version: '18.0.1.1'
Driver info: org.openqa.selenium.chrome.ChromeDriver
Capabilities {acceptInsecureCerts: false, browserName: chrome, browserVersion: 136.0.7103.114, chrome: {chromedriverVersion: 136.0.7103.113 (76fa3c17824..., userDataDir: C:\Users\HP\AppData\Local\T...}, fedcm:accounts: true, goog:chromeOptions: {debuggerAddress: localhost:54485}, networkConnectionEnabled: false, pageLoadStrategy: normal, platformName: windows, proxy: Proxy(), se:cdp: ws://localhost:54485/devtoo..., se:cdpVersion: 136.0.7103.114, setWindowRect: true, strictFileInteractability: false, timeouts: {implicit: 0, pageLoad: 300000, script: 30000}, unhandledPromptBehavior: dismiss and notify, webauthn:extension:credBlob: true, webauthn:extension:largeBlob: true, webauthn:extension:minPinLength: true, webauthn:extension:prf: true, webauthn:virtualAuthenticators: true}
Session ID: f6420d94ff342b9902d9948096e2a276]]>
    </system-out>
  </testcase> <!-- fillPracticeFormTest -->
  <testcase classname="com.test.demoqa.PracticeFormTest" name="fillPracticeFormTest" time="14.480">
    <system-out>
      <![CDATA[<h3 style="color:#132043;"><b> Iteration Number &#10781; :3</b></h4>
<div style='border: 1px solid #e0e0e0;padding: 8px 12px;margin: 8px 0;border-radius: 6px;background: linear-gradient(to right, #f8f9fa, #ffffff);box-shadow: 0 2px 4px rgba(0,0,0,0.05);display: inline-block;font-family: Arial, sans-serif;'><span style='font-weight: bold;color: #333;'>🌍 Browser Info:</span> <span style='color: #2c7be5;font-weight: 500;'><img src='data:image/svg+xml;base64,PHN2ZyB4bWxucz0iaHR0cDovL3d3dy53My5vcmcvMjAwMC9zdmciIHZpZXdCb3g9IjAgMCA0NDggNTEyIj48cGF0aCBmaWxsPSIjRkZDMTAyIiBkPSJNMjI0IDI1NmMwIDEyLjktNyAyNC40LTE3LjcgMjkuNkwxODcgMzA5LjljLTUuNCAzLTEyLjMgMy4xLTE3LjcuMS0xMC40LTUuOS0xNi43LTE2LjktMTYuNy0yOC42VjE5OGMwLTEyLjkgNy0yNC40IDE3LjctMjkuNkwxODcgMTQyLjFjNS40LTMgMTIuMy0zLjEgMTcuNy0uMSAxMC40IDUuOSAxNi43IDE2LjkgMTYuNyAyOC42djU4LjJ6Ii8+PHBhdGggZmlsbD0iIzRBNDlGNSIgZD0iTTIyNCAyNTZjMCAxMi45LTcgMjQuNC0xNy43IDI5LjZMMTg3IDMwOS45Yy01LjQgMy0xMi4zIDMuMS0xNy43LjEtMTAuNC01LjktMTYuNy0xNi45LTE2LjctMjguNlYxOThjMC0xMi45IDctMjQuNCAxNy43LTI5LjZMMTg3IDE0Mi4xYzUuNC0zIDEyLjMtMy4xIDE3LjctLjEgMTAuNCA1LjkgMTYuNyAxNi45IDE2LjcgMjguNnY1OC4yeiIvPjxwYXRoIGZpbGw9IiNGRkMxMDIiIGQ9Ik0yMjQgMjU2YzAgMTIuOS03IDI0LjQtMTcuNyAyOS42TDE4NyAzMDkuOWMtNS40IDMtMTIuMyAzLjEtMTcuNy4xLTEwLjQtNS45LTE2LjctMTYuOS0xNi43LTI4LjZWMTk4YzAtMTIuOSA3LTI0LjQgMTcuNy0yOS42TDE4NyAxNDIuMWM1LjQtMyAxMi4zLTMuMSAxNy43LS4xIDEwLjQgNS45IDE2LjcgMTYuOSAxNi43IDI4LjZ2NTguMnoiLz48cGF0aCBmaWxsPSIjRkZDMTAyIiBkPSJNMjI0IDI1NmMwIDEyLjktNyAyNC40LTE3LjcgMjkuNkwxODcgMzA5LjljLTUuNCAzLTEyLjMgMy4xLTE3LjcuMS0xMC40LTUuOS0xNi43LTE2LjktMTYuNy0yOC42VjE5OGMwLTEyLjkgNy0yNC40IDE3LjctMjkuNkwxODcgMTQyLjFjNS40LTMgMTIuMy0zLjEgMTcuNy0uMSAxMC40IDUuOSAxNi43IDE2LjkgMTYuNyAyOC42djU4LjJ6Ii8+PC9zdmc+' height='20' width='20' style='vertical-align: middle;' /> <span style='color: #4285F4;'>Google Chrome</span></span></div>
<div style="border: 1px solid #ddd; padding: 8px; margin: 5px 0; border-radius: 4px; background-color: #f7f7f7; display: inline-block;"><strong>💻 #System Info</strong> :: <strong>PC Name</strong> ⇒ <span style="color: #001dff;">ANKUSH1111</span> &nbsp;&nbsp;|&nbsp;&nbsp; <strong>User</strong> ⇒ <span style="color: #006400;">HP</span></div>
<div style='border: 1px solid #ddd; padding: 8px; margin: 5px 0; border-radius: 4px; background-color: #f7f7f7; display: inline-block;'><strong>#TXTBX ▭</strong> :: <strong>First Name</strong> Value entered ⇒ <span style='color: #009;'>Rahul</span></div>
<div style='border: 1px solid #ddd; padding: 8px; margin: 5px 0; border-radius: 4px; background-color: #f7f7f7; display: inline-block;'><strong>#TXTBX ▭</strong> :: <strong>Last Name</strong> Value entered ⇒ <span style='color: #009;'>Verma</span></div>
<div style='border: 1px solid #ddd; padding: 8px; margin: 5px 0; border-radius: 4px; background-color: #f7f7f7; display: inline-block;'><strong>#TXTBX ▭</strong> :: <strong>Email</strong> Value entered ⇒ <span style='color: #009;'>rahul.verma@test.com</span></div>
Clicked On :: Gender Male Radio
<div style='border: 1px solid #ddd; padding: 8px; margin: 5px 0; border-radius: 4px; background-color: #f7f7f7; display: inline-block;'><strong>#TXTBX ▭</strong> :: <strong>Mobile Number</strong> Value entered ⇒ <span style='color: #009;'>9988776655</span></div>
Clicked On :: Date Picker - Date of Birth
#DATEPICKER 📅 :: Date of Birth :: Date successfully picked :: 20/03/1988
<div style='border: 1px solid #ddd; padding: 8px; margin: 5px 0; border-radius: 4px; background-color: #f7f7f7; display: inline-block;'><strong>#TXTBX ▭</strong> :: <strong>Subject</strong> Value entered ⇒ <span style='color: #009;'>Chemistry</span></div>
Click Sucessfully==Again Double Click==Hobby: Music
<div style='border: 1px solid #ddd; padding: 8px; margin: 5px 0; border-radius: 4px; background-color: #f7f7f7; display: inline-block;'><strong>#FILEUP 🔼</strong> :: <strong>Profile Picture</strong> File Uploaded ⇒ <span style='color: #001dff;'>valdn01_06_2025_02_06_50.png</span></div>
<div style='border: 1px solid #ddd; padding: 8px; margin: 5px 0; border-radius: 4px; background-color: #f7f7f7; display: inline-block;'><strong>#TXTBX ▭</strong> :: <strong>Current Address</strong> Value entered ⇒ <span style='color: #009;'>Bhopal, Madhya Pradesh</span></div>
<div style='border: 1px solid #ddd; padding: 8px; margin: 5px 0; border-radius: 4px; background-color: #f7f7f7; display: inline-block;'><strong>#BTN 📤</strong> :: <strong>Clicked On</strong> ⇒ <span style='color: #001dff;'>Submit Button</span></div>
<font color =#18122B><b>Sceenshot Path::C:\Users\HP\Documents\Ahmedabad\ANKUSH_FRAMEWORK\ScreenShots\Validation\valdn01_52_2025_03_52_42.png</b></font>
<h4>Time :01/06/2025 03:52:43 PM</h4>
<br>
<img src="C:\Users\HP\Documents\Ahmedabad\ANKUSH_FRAMEWORK\ScreenShots\Validation\valdn01_52_2025_03_52_42.png" width="1000" height="500" ></img>
<br>
<br>
<table><tr><th style='font-weight: normal;'>Student Name</th><th>Rahul Verma</th></tr><tr><th style='font-weight: normal;'>Student Email</th><th>rahul.verma@test.com</th></tr><tr><th style='font-weight: normal;'>Gender</th><th>Male</th></tr><tr><th style='font-weight: normal;'>Mobile</th><th>9988776655</th></tr><tr><th style='font-weight: normal;'>Date of Birth</th><th>20 March,1988</th></tr><tr><th style='font-weight: normal;'>Subjects</th><th>Chemistry</th></tr><tr><th style='font-weight: normal;'>Hobbies</th><th>Music</th></tr><tr><th style='font-weight: normal;'>Picture</th><th>valdn01_06_2025_02_06_50.png</th></tr><tr><th style='font-weight: normal;'>Address</th><th>Bhopal, Madhya Pradesh</th></tr><tr><th style='font-weight: normal;'>State and City</th><th>Haryana Karnal</th></tr></table>
📋 Navigating to Home Page...
📋 Attempting to close modal popup (if present)...
⏳ Waiting for Home link to be clickable...
❌ Navigation to Home Page failed: Expected condition failed: waiting for element to be clickable: By.xpath: //a[contains(@href,'https://demoqa.com')] (tried for 2 second(s) with 500 milliseconds interval)
Build info: version: '4.12.1', revision: '8e34639b11'
System info: os.name: 'Windows 11', os.arch: 'amd64', os.version: '10.0', java.version: '18.0.1.1'
Driver info: org.openqa.selenium.chrome.ChromeDriver
Capabilities {acceptInsecureCerts: false, browserName: chrome, browserVersion: 136.0.7103.114, chrome: {chromedriverVersion: 136.0.7103.113 (76fa3c17824..., userDataDir: C:\Users\HP\AppData\Local\T...}, fedcm:accounts: true, goog:chromeOptions: {debuggerAddress: localhost:54485}, networkConnectionEnabled: false, pageLoadStrategy: normal, platformName: windows, proxy: Proxy(), se:cdp: ws://localhost:54485/devtoo..., se:cdpVersion: 136.0.7103.114, setWindowRect: true, strictFileInteractability: false, timeouts: {implicit: 0, pageLoad: 300000, script: 30000}, unhandledPromptBehavior: dismiss and notify, webauthn:extension:credBlob: true, webauthn:extension:largeBlob: true, webauthn:extension:minPinLength: true, webauthn:extension:prf: true, webauthn:virtualAuthenticators: true}
Session ID: f6420d94ff342b9902d9948096e2a276]]>
    </system-out>
  </testcase> <!-- fillPracticeFormTest -->
  <testcase classname="com.test.demoqa.PracticeFormTest" name="fillPracticeFormTest" time="14.050">
    <system-out>
      <![CDATA[<h3 style="color:#132043;"><b> Iteration Number &#10781; :4</b></h4>
<div style='border: 1px solid #e0e0e0;padding: 8px 12px;margin: 8px 0;border-radius: 6px;background: linear-gradient(to right, #f8f9fa, #ffffff);box-shadow: 0 2px 4px rgba(0,0,0,0.05);display: inline-block;font-family: Arial, sans-serif;'><span style='font-weight: bold;color: #333;'>🌍 Browser Info:</span> <span style='color: #2c7be5;font-weight: 500;'><img src='data:image/svg+xml;base64,PHN2ZyB4bWxucz0iaHR0cDovL3d3dy53My5vcmcvMjAwMC9zdmciIHZpZXdCb3g9IjAgMCA0NDggNTEyIj48cGF0aCBmaWxsPSIjRkZDMTAyIiBkPSJNMjI0IDI1NmMwIDEyLjktNyAyNC40LTE3LjcgMjkuNkwxODcgMzA5LjljLTUuNCAzLTEyLjMgMy4xLTE3LjcuMS0xMC40LTUuOS0xNi43LTE2LjktMTYuNy0yOC42VjE5OGMwLTEyLjkgNy0yNC40IDE3LjctMjkuNkwxODcgMTQyLjFjNS40LTMgMTIuMy0zLjEgMTcuNy0uMSAxMC40IDUuOSAxNi43IDE2LjkgMTYuNyAyOC42djU4LjJ6Ii8+PHBhdGggZmlsbD0iIzRBNDlGNSIgZD0iTTIyNCAyNTZjMCAxMi45LTcgMjQuNC0xNy43IDI5LjZMMTg3IDMwOS45Yy01LjQgMy0xMi4zIDMuMS0xNy43LjEtMTAuNC01LjktMTYuNy0xNi45LTE2LjctMjguNlYxOThjMC0xMi45IDctMjQuNCAxNy43LTI5LjZMMTg3IDE0Mi4xYzUuNC0zIDEyLjMtMy4xIDE3LjctLjEgMTAuNCA1LjkgMTYuNyAxNi45IDE2LjcgMjguNnY1OC4yeiIvPjxwYXRoIGZpbGw9IiNGRkMxMDIiIGQ9Ik0yMjQgMjU2YzAgMTIuOS03IDI0LjQtMTcuNyAyOS42TDE4NyAzMDkuOWMtNS40IDMtMTIuMyAzLjEtMTcuNy4xLTEwLjQtNS45LTE2LjctMTYuOS0xNi43LTI4LjZWMTk4YzAtMTIuOSA3LTI0LjQgMTcuNy0yOS42TDE4NyAxNDIuMWM1LjQtMyAxMi4zLTMuMSAxNy43LS4xIDEwLjQgNS45IDE2LjcgMTYuOSAxNi43IDI4LjZ2NTguMnoiLz48cGF0aCBmaWxsPSIjRkZDMTAyIiBkPSJNMjI0IDI1NmMwIDEyLjktNyAyNC40LTE3LjcgMjkuNkwxODcgMzA5LjljLTUuNCAzLTEyLjMgMy4xLTE3LjcuMS0xMC40LTUuOS0xNi43LTE2LjktMTYuNy0yOC42VjE5OGMwLTEyLjkgNy0yNC40IDE3LjctMjkuNkwxODcgMTQyLjFjNS40LTMgMTIuMy0zLjEgMTcuNy0uMSAxMC40IDUuOSAxNi43IDE2LjkgMTYuNyAyOC42djU4LjJ6Ii8+PC9zdmc+' height='20' width='20' style='vertical-align: middle;' /> <span style='color: #4285F4;'>Google Chrome</span></span></div>
<div style="border: 1px solid #ddd; padding: 8px; margin: 5px 0; border-radius: 4px; background-color: #f7f7f7; display: inline-block;"><strong>💻 #System Info</strong> :: <strong>PC Name</strong> ⇒ <span style="color: #001dff;">ANKUSH1111</span> &nbsp;&nbsp;|&nbsp;&nbsp; <strong>User</strong> ⇒ <span style="color: #006400;">HP</span></div>
<div style='border: 1px solid #ddd; padding: 8px; margin: 5px 0; border-radius: 4px; background-color: #f7f7f7; display: inline-block;'><strong>#TXTBX ▭</strong> :: <strong>First Name</strong> Value entered ⇒ <span style='color: #009;'>Sneha</span></div>
<div style='border: 1px solid #ddd; padding: 8px; margin: 5px 0; border-radius: 4px; background-color: #f7f7f7; display: inline-block;'><strong>#TXTBX ▭</strong> :: <strong>Last Name</strong> Value entered ⇒ <span style='color: #009;'>Patil</span></div>
<div style='border: 1px solid #ddd; padding: 8px; margin: 5px 0; border-radius: 4px; background-color: #f7f7f7; display: inline-block;'><strong>#TXTBX ▭</strong> :: <strong>Email</strong> Value entered ⇒ <span style='color: #009;'>sneha.patil@test.com</span></div>
Clicked On :: Gender Female Radio
<div style='border: 1px solid #ddd; padding: 8px; margin: 5px 0; border-radius: 4px; background-color: #f7f7f7; display: inline-block;'><strong>#TXTBX ▭</strong> :: <strong>Mobile Number</strong> Value entered ⇒ <span style='color: #009;'>9871234567</span></div>
Clicked On :: Date Picker - Date of Birth
#DATEPICKER 📅 :: Date of Birth :: Date successfully picked :: 10/04/1995
<div style='border: 1px solid #ddd; padding: 8px; margin: 5px 0; border-radius: 4px; background-color: #f7f7f7; display: inline-block;'><strong>#TXTBX ▭</strong> :: <strong>Subject</strong> Value entered ⇒ <span style='color: #009;'>Biology</span></div>
Click Sucessfully==Again Double Click==Hobby: Reading
Clicked On :: Hobby: Sports
<div style='border: 1px solid #ddd; padding: 8px; margin: 5px 0; border-radius: 4px; background-color: #f7f7f7; display: inline-block;'><strong>#FILEUP 🔼</strong> :: <strong>Profile Picture</strong> File Uploaded ⇒ <span style='color: #001dff;'>valdn01_07_2025_02_07_25.png</span></div>
<div style='border: 1px solid #ddd; padding: 8px; margin: 5px 0; border-radius: 4px; background-color: #f7f7f7; display: inline-block;'><strong>#TXTBX ▭</strong> :: <strong>Current Address</strong> Value entered ⇒ <span style='color: #009;'>Nashik, Maharashtra</span></div>
<div style='border: 1px solid #ddd; padding: 8px; margin: 5px 0; border-radius: 4px; background-color: #f7f7f7; display: inline-block;'><strong>#BTN 📤</strong> :: <strong>Clicked On</strong> ⇒ <span style='color: #001dff;'>Submit Button</span></div>
<font color =#18122B><b>Sceenshot Path::C:\Users\HP\Documents\Ahmedabad\ANKUSH_FRAMEWORK\ScreenShots\Validation\valdn01_52_2025_03_52_59.png</b></font>
<h4>Time :01/06/2025 03:52:59 PM</h4>
<br>
<img src="C:\Users\HP\Documents\Ahmedabad\ANKUSH_FRAMEWORK\ScreenShots\Validation\valdn01_52_2025_03_52_59.png" width="1000" height="500" ></img>
<br>
<br>
<table><tr><th style='font-weight: normal;'>Student Name</th><th>Sneha Patil</th></tr><tr><th style='font-weight: normal;'>Student Email</th><th>sneha.patil@test.com</th></tr><tr><th style='font-weight: normal;'>Gender</th><th>Female</th></tr><tr><th style='font-weight: normal;'>Mobile</th><th>9871234567</th></tr><tr><th style='font-weight: normal;'>Date of Birth</th><th>10 April,1995</th></tr><tr><th style='font-weight: normal;'>Subjects</th><th>Biology</th></tr><tr><th style='font-weight: normal;'>Hobbies</th><th>Reading, Sports</th></tr><tr><th style='font-weight: normal;'>Picture</th><th>valdn01_07_2025_02_07_25.png</th></tr><tr><th style='font-weight: normal;'>Address</th><th>Nashik, Maharashtra</th></tr><tr><th style='font-weight: normal;'>State and City</th><th>Rajasthan Jaipur</th></tr></table>
📋 Navigating to Home Page...
📋 Attempting to close modal popup (if present)...
⏳ Waiting for Home link to be clickable...
❌ Navigation to Home Page failed: Expected condition failed: waiting for element to be clickable: By.xpath: //a[contains(@href,'https://demoqa.com')] (tried for 2 second(s) with 500 milliseconds interval)
Build info: version: '4.12.1', revision: '8e34639b11'
System info: os.name: 'Windows 11', os.arch: 'amd64', os.version: '10.0', java.version: '18.0.1.1'
Driver info: org.openqa.selenium.chrome.ChromeDriver
Capabilities {acceptInsecureCerts: false, browserName: chrome, browserVersion: 136.0.7103.114, chrome: {chromedriverVersion: 136.0.7103.113 (76fa3c17824..., userDataDir: C:\Users\HP\AppData\Local\T...}, fedcm:accounts: true, goog:chromeOptions: {debuggerAddress: localhost:54485}, networkConnectionEnabled: false, pageLoadStrategy: normal, platformName: windows, proxy: Proxy(), se:cdp: ws://localhost:54485/devtoo..., se:cdpVersion: 136.0.7103.114, setWindowRect: true, strictFileInteractability: false, timeouts: {implicit: 0, pageLoad: 300000, script: 30000}, unhandledPromptBehavior: dismiss and notify, webauthn:extension:credBlob: true, webauthn:extension:largeBlob: true, webauthn:extension:minPinLength: true, webauthn:extension:prf: true, webauthn:virtualAuthenticators: true}
Session ID: f6420d94ff342b9902d9948096e2a276]]>
    </system-out>
  </testcase> <!-- fillPracticeFormTest -->
  <testcase classname="com.test.demoqa.PracticeFormTest" name="fillPracticeFormTest" time="23.760">
    <system-out>
      <![CDATA[<h3 style="color:#132043;"><b> Iteration Number &#10781; :5</b></h4>
<div style='border: 1px solid #e0e0e0;padding: 8px 12px;margin: 8px 0;border-radius: 6px;background: linear-gradient(to right, #f8f9fa, #ffffff);box-shadow: 0 2px 4px rgba(0,0,0,0.05);display: inline-block;font-family: Arial, sans-serif;'><span style='font-weight: bold;color: #333;'>🌍 Browser Info:</span> <span style='color: #2c7be5;font-weight: 500;'><img src='data:image/svg+xml;base64,PHN2ZyB4bWxucz0iaHR0cDovL3d3dy53My5vcmcvMjAwMC9zdmciIHZpZXdCb3g9IjAgMCA0NDggNTEyIj48cGF0aCBmaWxsPSIjRkZDMTAyIiBkPSJNMjI0IDI1NmMwIDEyLjktNyAyNC40LTE3LjcgMjkuNkwxODcgMzA5LjljLTUuNCAzLTEyLjMgMy4xLTE3LjcuMS0xMC40LTUuOS0xNi43LTE2LjktMTYuNy0yOC42VjE5OGMwLTEyLjkgNy0yNC40IDE3LjctMjkuNkwxODcgMTQyLjFjNS40LTMgMTIuMy0zLjEgMTcuNy0uMSAxMC40IDUuOSAxNi43IDE2LjkgMTYuNyAyOC42djU4LjJ6Ii8+PHBhdGggZmlsbD0iIzRBNDlGNSIgZD0iTTIyNCAyNTZjMCAxMi45LTcgMjQuNC0xNy43IDI5LjZMMTg3IDMwOS45Yy01LjQgMy0xMi4zIDMuMS0xNy43LjEtMTAuNC01LjktMTYuNy0xNi45LTE2LjctMjguNlYxOThjMC0xMi45IDctMjQuNCAxNy43LTI5LjZMMTg3IDE0Mi4xYzUuNC0zIDEyLjMtMy4xIDE3LjctLjEgMTAuNCA1LjkgMTYuNyAxNi45IDE2LjcgMjguNnY1OC4yeiIvPjxwYXRoIGZpbGw9IiNGRkMxMDIiIGQ9Ik0yMjQgMjU2YzAgMTIuOS03IDI0LjQtMTcuNyAyOS42TDE4NyAzMDkuOWMtNS40IDMtMTIuMyAzLjEtMTcuNy4xLTEwLjQtNS45LTE2LjctMTYuOS0xNi43LTI4LjZWMTk4YzAtMTIuOSA3LTI0LjQgMTcuNy0yOS42TDE4NyAxNDIuMWM1LjQtMyAxMi4zLTMuMSAxNy43LS4xIDEwLjQgNS45IDE2LjcgMTYuOSAxNi43IDI4LjZ2NTguMnoiLz48cGF0aCBmaWxsPSIjRkZDMTAyIiBkPSJNMjI0IDI1NmMwIDEyLjktNyAyNC40LTE3LjcgMjkuNkwxODcgMzA5LjljLTUuNCAzLTEyLjMgMy4xLTE3LjcuMS0xMC40LTUuOS0xNi43LTE2LjktMTYuNy0yOC42VjE5OGMwLTEyLjkgNy0yNC40IDE3LjctMjkuNkwxODcgMTQyLjFjNS40LTMgMTIuMy0zLjEgMTcuNy0uMSAxMC40IDUuOSAxNi43IDE2LjkgMTYuNyAyOC42djU4LjJ6Ii8+PC9zdmc+' height='20' width='20' style='vertical-align: middle;' /> <span style='color: #4285F4;'>Google Chrome</span></span></div>
<div style="border: 1px solid #ddd; padding: 8px; margin: 5px 0; border-radius: 4px; background-color: #f7f7f7; display: inline-block;"><strong>💻 #System Info</strong> :: <strong>PC Name</strong> ⇒ <span style="color: #001dff;">ANKUSH1111</span> &nbsp;&nbsp;|&nbsp;&nbsp; <strong>User</strong> ⇒ <span style="color: #006400;">HP</span></div>
<div style='border: 1px solid #ddd; padding: 8px; margin: 5px 0; border-radius: 4px; background-color: #f7f7f7; display: inline-block;'><strong>#TXTBX ▭</strong> :: <strong>First Name</strong> Value entered ⇒ <span style='color: #009;'>Karan</span></div>
<div style='border: 1px solid #ddd; padding: 8px; margin: 5px 0; border-radius: 4px; background-color: #f7f7f7; display: inline-block;'><strong>#TXTBX ▭</strong> :: <strong>Last Name</strong> Value entered ⇒ <span style='color: #009;'>Mehta</span></div>
<div style='border: 1px solid #ddd; padding: 8px; margin: 5px 0; border-radius: 4px; background-color: #f7f7f7; display: inline-block;'><strong>#TXTBX ▭</strong> :: <strong>Email</strong> Value entered ⇒ <span style='color: #009;'>karan.mehta@test.com</span></div>
Clicked On :: Gender Male Radio
<div style='border: 1px solid #ddd; padding: 8px; margin: 5px 0; border-radius: 4px; background-color: #f7f7f7; display: inline-block;'><strong>#TXTBX ▭</strong> :: <strong>Mobile Number</strong> Value entered ⇒ <span style='color: #009;'>9123456789</span></div>
Clicked On :: Date Picker - Date of Birth
#DATEPICKER 📅 :: Date of Birth :: Date successfully picked :: 25/05/1991
<div style='border: 1px solid #ddd; padding: 8px; margin: 5px 0; border-radius: 4px; background-color: #f7f7f7; display: inline-block;'><strong>#TXTBX ▭</strong> :: <strong>Subject</strong> Value entered ⇒ <span style='color: #009;'>History</span></div>
Click Sucessfully==Again Double Click==Hobby: Music
<div style='border: 1px solid #ddd; padding: 8px; margin: 5px 0; border-radius: 4px; background-color: #f7f7f7; display: inline-block;'><strong>#FILEUP 🔼</strong> :: <strong>Profile Picture</strong> File Uploaded ⇒ <span style='color: #001dff;'>valdn01_07_2025_02_07_42.png</span></div>
<div style='border: 1px solid #ddd; padding: 8px; margin: 5px 0; border-radius: 4px; background-color: #f7f7f7; display: inline-block;'><strong>#TXTBX ▭</strong> :: <strong>Current Address</strong> Value entered ⇒ <span style='color: #009;'>Jaipur, Rajasthan</span></div>
<div style='border: 1px solid #ddd; padding: 8px; margin: 5px 0; border-radius: 4px; background-color: #f7f7f7; display: inline-block;'><strong>#BTN 📤</strong> :: <strong>Clicked On</strong> ⇒ <span style='color: #001dff;'>Submit Button</span></div>
<font color =#18122B><b>Sceenshot Path::C:\Users\HP\Documents\Ahmedabad\ANKUSH_FRAMEWORK\ScreenShots\Validation\valdn01_53_2025_03_53_25.png</b></font>
<h4>Time :01/06/2025 03:53:25 PM</h4>
<br>
<img src="C:\Users\HP\Documents\Ahmedabad\ANKUSH_FRAMEWORK\ScreenShots\Validation\valdn01_53_2025_03_53_25.png" width="1000" height="500" ></img>
<br>
<br>
<table><tr><th style='font-weight: normal;'>Student Name</th><th>Karan Mehta</th></tr><tr><th style='font-weight: normal;'>Student Email</th><th>karan.mehta@test.com</th></tr><tr><th style='font-weight: normal;'>Gender</th><th>Male</th></tr><tr><th style='font-weight: normal;'>Mobile</th><th>9123456789</th></tr><tr><th style='font-weight: normal;'>Date of Birth</th><th>25 May,1991</th></tr><tr><th style='font-weight: normal;'>Subjects</th><th>History</th></tr><tr><th style='font-weight: normal;'>Hobbies</th><th>Music</th></tr><tr><th style='font-weight: normal;'>Picture</th><th>valdn01_07_2025_02_07_42.png</th></tr><tr><th style='font-weight: normal;'>Address</th><th>Jaipur, Rajasthan</th></tr><tr><th style='font-weight: normal;'>State and City</th><th>NCR Gurgaon</th></tr></table>
📋 Navigating to Home Page...
📋 Attempting to close modal popup (if present)...
⏳ Waiting for Home link to be clickable...
❌ Navigation to Home Page failed: Expected condition failed: waiting for element to be clickable: By.xpath: //a[contains(@href,'https://demoqa.com')] (tried for 2 second(s) with 500 milliseconds interval)
Build info: version: '4.12.1', revision: '8e34639b11'
System info: os.name: 'Windows 11', os.arch: 'amd64', os.version: '10.0', java.version: '18.0.1.1'
Driver info: org.openqa.selenium.chrome.ChromeDriver
Capabilities {acceptInsecureCerts: false, browserName: chrome, browserVersion: 136.0.7103.114, chrome: {chromedriverVersion: 136.0.7103.113 (76fa3c17824..., userDataDir: C:\Users\HP\AppData\Local\T...}, fedcm:accounts: true, goog:chromeOptions: {debuggerAddress: localhost:54485}, networkConnectionEnabled: false, pageLoadStrategy: normal, platformName: windows, proxy: Proxy(), se:cdp: ws://localhost:54485/devtoo..., se:cdpVersion: 136.0.7103.114, setWindowRect: true, strictFileInteractability: false, timeouts: {implicit: 0, pageLoad: 300000, script: 30000}, unhandledPromptBehavior: dismiss and notify, webauthn:extension:credBlob: true, webauthn:extension:largeBlob: true, webauthn:extension:minPinLength: true, webauthn:extension:prf: true, webauthn:virtualAuthenticators: true}
Session ID: f6420d94ff342b9902d9948096e2a276]]>
    </system-out>
  </testcase> <!-- fillPracticeFormTest -->
  <testcase classname="com.test.demoqa.PracticeFormTest" name="fillPracticeFormTest" time="12.793">
    <system-out>
      <![CDATA[<h3 style="color:#132043;"><b> Iteration Number &#10781; :1</b></h4>
<div style='border: 1px solid #e0e0e0;padding: 8px 12px;margin: 8px 0;border-radius: 6px;background: linear-gradient(to right, #f8f9fa, #ffffff);box-shadow: 0 2px 4px rgba(0,0,0,0.05);display: inline-block;font-family: Arial, sans-serif;'><span style='font-weight: bold;color: #333;'>🌍 Browser Info:</span> <span style='color: #2c7be5;font-weight: 500;'><img src='data:image/svg+xml;base64,PHN2ZyB4bWxucz0iaHR0cDovL3d3dy53My5vcmcvMjAwMC9zdmciIHZpZXdCb3g9IjAgMCA0NDggNTEyIj48cGF0aCBmaWxsPSIjRkZDMTAyIiBkPSJNMjI0IDI1NmMwIDEyLjktNyAyNC40LTE3LjcgMjkuNkwxODcgMzA5LjljLTUuNCAzLTEyLjMgMy4xLTE3LjcuMS0xMC40LTUuOS0xNi43LTE2LjktMTYuNy0yOC42VjE5OGMwLTEyLjkgNy0yNC40IDE3LjctMjkuNkwxODcgMTQyLjFjNS40LTMgMTIuMy0zLjEgMTcuNy0uMSAxMC40IDUuOSAxNi43IDE2LjkgMTYuNyAyOC42djU4LjJ6Ii8+PHBhdGggZmlsbD0iIzRBNDlGNSIgZD0iTTIyNCAyNTZjMCAxMi45LTcgMjQuNC0xNy43IDI5LjZMMTg3IDMwOS45Yy01LjQgMy0xMi4zIDMuMS0xNy43LjEtMTAuNC01LjktMTYuNy0xNi45LTE2LjctMjguNlYxOThjMC0xMi45IDctMjQuNCAxNy43LTI5LjZMMTg3IDE0Mi4xYzUuNC0zIDEyLjMtMy4xIDE3LjctLjEgMTAuNCA1LjkgMTYuNyAxNi45IDE2LjcgMjguNnY1OC4yeiIvPjxwYXRoIGZpbGw9IiNGRkMxMDIiIGQ9Ik0yMjQgMjU2YzAgMTIuOS03IDI0LjQtMTcuNyAyOS42TDE4NyAzMDkuOWMtNS40IDMtMTIuMyAzLjEtMTcuNy4xLTEwLjQtNS45LTE2LjctMTYuOS0xNi43LTI4LjZWMTk4YzAtMTIuOSA3LTI0LjQgMTcuNy0yOS42TDE4NyAxNDIuMWM1LjQtMyAxMi4zLTMuMSAxNy43LS4xIDEwLjQgNS45IDE2LjcgMTYuOSAxNi43IDI4LjZ2NTguMnoiLz48cGF0aCBmaWxsPSIjRkZDMTAyIiBkPSJNMjI0IDI1NmMwIDEyLjktNyAyNC40LTE3LjcgMjkuNkwxODcgMzA5LjljLTUuNCAzLTEyLjMgMy4xLTE3LjcuMS0xMC40LTUuOS0xNi43LTE2LjktMTYuNy0yOC42VjE5OGMwLTEyLjkgNy0yNC40IDE3LjctMjkuNkwxODcgMTQyLjFjNS40LTMgMTIuMy0zLjEgMTcuNy0uMSAxMC40IDUuOSAxNi43IDE2LjkgMTYuNyAyOC42djU4LjJ6Ii8+PC9zdmc+' height='20' width='20' style='vertical-align: middle;' /> <span style='color: #4285F4;'>Google Chrome</span></span></div>
<div style="border: 1px solid #ddd; padding: 8px; margin: 5px 0; border-radius: 4px; background-color: #f7f7f7; display: inline-block;"><strong>💻 #System Info</strong> :: <strong>PC Name</strong> ⇒ <span style="color: #001dff;">ANKUSH1111</span> &nbsp;&nbsp;|&nbsp;&nbsp; <strong>User</strong> ⇒ <span style="color: #006400;">HP</span></div>
<div style='border: 1px solid #ddd; padding: 8px; margin: 5px 0; border-radius: 4px; background-color: #f7f7f7; display: inline-block;'><strong>#TXTBX ▭</strong> :: <strong>First Name</strong> Value entered ⇒ <span style='color: #009;'>Ankush</span></div>
<div style='border: 1px solid #ddd; padding: 8px; margin: 5px 0; border-radius: 4px; background-color: #f7f7f7; display: inline-block;'><strong>#TXTBX ▭</strong> :: <strong>Last Name</strong> Value entered ⇒ <span style='color: #009;'>Agle</span></div>
<div style='border: 1px solid #ddd; padding: 8px; margin: 5px 0; border-radius: 4px; background-color: #f7f7f7; display: inline-block;'><strong>#TXTBX ▭</strong> :: <strong>Email</strong> Value entered ⇒ <span style='color: #009;'>ankush.agle@test.com</span></div>
Clicked On :: Gender Male Radio
<div style='border: 1px solid #ddd; padding: 8px; margin: 5px 0; border-radius: 4px; background-color: #f7f7f7; display: inline-block;'><strong>#TXTBX ▭</strong> :: <strong>Mobile Number</strong> Value entered ⇒ <span style='color: #009;'>9876543210</span></div>
Clicked On :: Date Picker - Date of Birth
#DATEPICKER 📅 :: Date of Birth :: Date successfully picked :: 01/01/1990
<div style='border: 1px solid #ddd; padding: 8px; margin: 5px 0; border-radius: 4px; background-color: #f7f7f7; display: inline-block;'><strong>#TXTBX ▭</strong> :: <strong>Subject</strong> Value entered ⇒ <span style='color: #009;'>Math, Physics</span></div>
Clicked On :: Hobby: Reading
Clicked On :: Hobby: Music
<div style='border: 1px solid #ddd; padding: 8px; margin: 5px 0; border-radius: 4px; background-color: #f7f7f7; display: inline-block;'><strong>#FILEUP 🔼</strong> :: <strong>Profile Picture</strong> File Uploaded ⇒ <span style='color: #001dff;'>valdn01_04_2025_02_04_03.png</span></div>
<div style='border: 1px solid #ddd; padding: 8px; margin: 5px 0; border-radius: 4px; background-color: #f7f7f7; display: inline-block;'><strong>#TXTBX ▭</strong> :: <strong>Current Address</strong> Value entered ⇒ <span style='color: #009;'>Paithan, Maharashtra</span></div>
<div style='border: 1px solid #ddd; padding: 8px; margin: 5px 0; border-radius: 4px; background-color: #f7f7f7; display: inline-block;'><strong>#BTN 📤</strong> :: <strong>Clicked On</strong> ⇒ <span style='color: #001dff;'>Submit Button</span></div>
<font color =#18122B><b>Sceenshot Path::C:\Users\HP\Documents\Ahmedabad\ANKUSH_FRAMEWORK\ScreenShots\Validation\valdn01_51_2025_03_51_36.png</b></font>
<h4>Time :01/06/2025 03:51:37 PM</h4>
<br>
<img src="C:\Users\HP\Documents\Ahmedabad\ANKUSH_FRAMEWORK\ScreenShots\Validation\valdn01_51_2025_03_51_36.png" width="1000" height="500" ></img>
<br>
<br>
<table><tr><th style='font-weight: normal;'>Student Name</th><th>Ankush Agle</th></tr><tr><th style='font-weight: normal;'>Student Email</th><th>ankush.agle@test.com</th></tr><tr><th style='font-weight: normal;'>Gender</th><th>Male</th></tr><tr><th style='font-weight: normal;'>Mobile</th><th>9876543210</th></tr><tr><th style='font-weight: normal;'>Date of Birth</th><th>01 January,1990</th></tr><tr><th style='font-weight: normal;'>Subjects</th><th></th></tr><tr><th style='font-weight: normal;'>Hobbies</th><th>Reading, Music</th></tr><tr><th style='font-weight: normal;'>Picture</th><th>valdn01_04_2025_02_04_03.png</th></tr><tr><th style='font-weight: normal;'>Address</th><th>Paithan, Maharashtra</th></tr><tr><th style='font-weight: normal;'>State and City</th><th>NCR Delhi</th></tr></table>
📋 Navigating to Home Page...
📋 Attempting to close modal popup (if present)...
⏳ Waiting for Home link to be clickable...
❌ Navigation to Home Page failed: Expected condition failed: waiting for element to be clickable: By.xpath: //a[contains(@href,'https://demoqa.com')] (tried for 2 second(s) with 500 milliseconds interval)
Build info: version: '4.12.1', revision: '8e34639b11'
System info: os.name: 'Windows 11', os.arch: 'amd64', os.version: '10.0', java.version: '18.0.1.1'
Driver info: org.openqa.selenium.chrome.ChromeDriver
Capabilities {acceptInsecureCerts: false, browserName: chrome, browserVersion: 136.0.7103.114, chrome: {chromedriverVersion: 136.0.7103.113 (76fa3c17824..., userDataDir: C:\Users\HP\AppData\Local\T...}, fedcm:accounts: true, goog:chromeOptions: {debuggerAddress: localhost:54485}, networkConnectionEnabled: false, pageLoadStrategy: normal, platformName: windows, proxy: Proxy(), se:cdp: ws://localhost:54485/devtoo..., se:cdpVersion: 136.0.7103.114, setWindowRect: true, strictFileInteractability: false, timeouts: {implicit: 0, pageLoad: 300000, script: 30000}, unhandledPromptBehavior: dismiss and notify, webauthn:extension:credBlob: true, webauthn:extension:largeBlob: true, webauthn:extension:minPinLength: true, webauthn:extension:prf: true, webauthn:virtualAuthenticators: true}
Session ID: f6420d94ff342b9902d9948096e2a276]]>
    </system-out>
  </testcase> <!-- fillPracticeFormTest -->
  <system-out>
    <![CDATA[Suite Start: Suite at 01/06/2025 03:50:50 PM
<h3 style="color:#132043;"><b> Iteration Number &#10781; :1</b></h4>
<div style='border: 1px solid #e0e0e0;padding: 8px 12px;margin: 8px 0;border-radius: 6px;background: linear-gradient(to right, #f8f9fa, #ffffff);box-shadow: 0 2px 4px rgba(0,0,0,0.05);display: inline-block;font-family: Arial, sans-serif;'><span style='font-weight: bold;color: #333;'>🌍 Browser Info:</span> <span style='color: #2c7be5;font-weight: 500;'><img src='data:image/svg+xml;base64,PHN2ZyB4bWxucz0iaHR0cDovL3d3dy53My5vcmcvMjAwMC9zdmciIHZpZXdCb3g9IjAgMCA0NDggNTEyIj48cGF0aCBmaWxsPSIjRkZDMTAyIiBkPSJNMjI0IDI1NmMwIDEyLjktNyAyNC40LTE3LjcgMjkuNkwxODcgMzA5LjljLTUuNCAzLTEyLjMgMy4xLTE3LjcuMS0xMC40LTUuOS0xNi43LTE2LjktMTYuNy0yOC42VjE5OGMwLTEyLjkgNy0yNC40IDE3LjctMjkuNkwxODcgMTQyLjFjNS40LTMgMTIuMy0zLjEgMTcuNy0uMSAxMC40IDUuOSAxNi43IDE2LjkgMTYuNyAyOC42djU4LjJ6Ii8+PHBhdGggZmlsbD0iIzRBNDlGNSIgZD0iTTIyNCAyNTZjMCAxMi45LTcgMjQuNC0xNy43IDI5LjZMMTg3IDMwOS45Yy01LjQgMy0xMi4zIDMuMS0xNy43LjEtMTAuNC01LjktMTYuNy0xNi45LTE2LjctMjguNlYxOThjMC0xMi45IDctMjQuNCAxNy43LTI5LjZMMTg3IDE0Mi4xYzUuNC0zIDEyLjMtMy4xIDE3LjctLjEgMTAuNCA1LjkgMTYuNyAxNi45IDE2LjcgMjguNnY1OC4yeiIvPjxwYXRoIGZpbGw9IiNGRkMxMDIiIGQ9Ik0yMjQgMjU2YzAgMTIuOS03IDI0LjQtMTcuNyAyOS42TDE4NyAzMDkuOWMtNS40IDMtMTIuMyAzLjEtMTcuNy4xLTEwLjQtNS45LTE2LjctMTYuOS0xNi43LTI4LjZWMTk4YzAtMTIuOSA3LTI0LjQgMTcuNy0yOS42TDE4NyAxNDIuMWM1LjQtMyAxMi4zLTMuMSAxNy43LS4xIDEwLjQgNS45IDE2LjcgMTYuOSAxNi43IDI4LjZ2NTguMnoiLz48cGF0aCBmaWxsPSIjRkZDMTAyIiBkPSJNMjI0IDI1NmMwIDEyLjktNyAyNC40LTE3LjcgMjkuNkwxODcgMzA5LjljLTUuNCAzLTEyLjMgMy4xLTE3LjcuMS0xMC40LTUuOS0xNi43LTE2LjktMTYuNy0yOC42VjE5OGMwLTEyLjkgNy0yNC40IDE3LjctMjkuNkwxODcgMTQyLjFjNS40LTMgMTIuMy0zLjEgMTcuNy0uMSAxMC40IDUuOSAxNi43IDE2LjkgMTYuNyAyOC42djU4LjJ6Ii8+PC9zdmc+' height='20' width='20' style='vertical-align: middle;' /> <span style='color: #4285F4;'>Google Chrome</span></span></div>
<div style="border: 1px solid #ddd; padding: 8px; margin: 5px 0; border-radius: 4px; background-color: #f7f7f7; display: inline-block;"><strong>💻 #System Info</strong> :: <strong>PC Name</strong> ⇒ <span style="color: #001dff;">ANKUSH1111</span> &nbsp;&nbsp;|&nbsp;&nbsp; <strong>User</strong> ⇒ <span style="color: #006400;">HP</span></div>
<div style='border: 1px solid #ddd; padding: 8px; margin: 5px 0; border-radius: 4px; background-color: #f7f7f7; display: inline-block;'><strong>#TXTBX ▭</strong> :: <strong>First Name</strong> Value entered ⇒ <span style='color: #009;'>Ankush</span></div>
<div style='border: 1px solid #ddd; padding: 8px; margin: 5px 0; border-radius: 4px; background-color: #f7f7f7; display: inline-block;'><strong>#TXTBX ▭</strong> :: <strong>Last Name</strong> Value entered ⇒ <span style='color: #009;'>Agle</span></div>
<div style='border: 1px solid #ddd; padding: 8px; margin: 5px 0; border-radius: 4px; background-color: #f7f7f7; display: inline-block;'><strong>#TXTBX ▭</strong> :: <strong>Email</strong> Value entered ⇒ <span style='color: #009;'>ankush.agle@test.com</span></div>
Clicked On :: Gender Male Radio
<div style='border: 1px solid #ddd; padding: 8px; margin: 5px 0; border-radius: 4px; background-color: #f7f7f7; display: inline-block;'><strong>#TXTBX ▭</strong> :: <strong>Mobile Number</strong> Value entered ⇒ <span style='color: #009;'>9876543210</span></div>
Clicked On :: Date Picker - Date of Birth
#DATEPICKER 📅 :: Date of Birth :: Date successfully picked :: 01/01/1990
<div style='border: 1px solid #ddd; padding: 8px; margin: 5px 0; border-radius: 4px; background-color: #f7f7f7; display: inline-block;'><strong>#TXTBX ▭</strong> :: <strong>Subject</strong> Value entered ⇒ <span style='color: #009;'>Math, Physics</span></div>
Clicked On :: Hobby: Reading
Clicked On :: Hobby: Music
<div style='border: 1px solid #ddd; padding: 8px; margin: 5px 0; border-radius: 4px; background-color: #f7f7f7; display: inline-block;'><strong>#FILEUP 🔼</strong> :: <strong>Profile Picture</strong> File Uploaded ⇒ <span style='color: #001dff;'>valdn01_04_2025_02_04_03.png</span></div>
<div style='border: 1px solid #ddd; padding: 8px; margin: 5px 0; border-radius: 4px; background-color: #f7f7f7; display: inline-block;'><strong>#TXTBX ▭</strong> :: <strong>Current Address</strong> Value entered ⇒ <span style='color: #009;'>Paithan, Maharashtra</span></div>
<div style='border: 1px solid #ddd; padding: 8px; margin: 5px 0; border-radius: 4px; background-color: #f7f7f7; display: inline-block;'><strong>#BTN 📤</strong> :: <strong>Clicked On</strong> ⇒ <span style='color: #001dff;'>Submit Button</span></div>
<font color =#18122B><b>Sceenshot Path::C:\Users\HP\Documents\Ahmedabad\ANKUSH_FRAMEWORK\ScreenShots\Validation\valdn01_51_2025_03_51_36.png</b></font>
<h4>Time :01/06/2025 03:51:37 PM</h4>
<br>
<img src="C:\Users\HP\Documents\Ahmedabad\ANKUSH_FRAMEWORK\ScreenShots\Validation\valdn01_51_2025_03_51_36.png" width="1000" height="500" ></img>
<br>
<br>
<table><tr><th style='font-weight: normal;'>Student Name</th><th>Ankush Agle</th></tr><tr><th style='font-weight: normal;'>Student Email</th><th>ankush.agle@test.com</th></tr><tr><th style='font-weight: normal;'>Gender</th><th>Male</th></tr><tr><th style='font-weight: normal;'>Mobile</th><th>9876543210</th></tr><tr><th style='font-weight: normal;'>Date of Birth</th><th>01 January,1990</th></tr><tr><th style='font-weight: normal;'>Subjects</th><th></th></tr><tr><th style='font-weight: normal;'>Hobbies</th><th>Reading, Music</th></tr><tr><th style='font-weight: normal;'>Picture</th><th>valdn01_04_2025_02_04_03.png</th></tr><tr><th style='font-weight: normal;'>Address</th><th>Paithan, Maharashtra</th></tr><tr><th style='font-weight: normal;'>State and City</th><th>NCR Delhi</th></tr></table>
📋 Navigating to Home Page...
📋 Attempting to close modal popup (if present)...
⏳ Waiting for Home link to be clickable...
❌ Navigation to Home Page failed: Expected condition failed: waiting for element to be clickable: By.xpath: //a[contains(@href,'https://demoqa.com')] (tried for 2 second(s) with 500 milliseconds interval)
Build info: version: '4.12.1', revision: '8e34639b11'
System info: os.name: 'Windows 11', os.arch: 'amd64', os.version: '10.0', java.version: '18.0.1.1'
Driver info: org.openqa.selenium.chrome.ChromeDriver
Capabilities {acceptInsecureCerts: false, browserName: chrome, browserVersion: 136.0.7103.114, chrome: {chromedriverVersion: 136.0.7103.113 (76fa3c17824..., userDataDir: C:\Users\HP\AppData\Local\T...}, fedcm:accounts: true, goog:chromeOptions: {debuggerAddress: localhost:54485}, networkConnectionEnabled: false, pageLoadStrategy: normal, platformName: windows, proxy: Proxy(), se:cdp: ws://localhost:54485/devtoo..., se:cdpVersion: 136.0.7103.114, setWindowRect: true, strictFileInteractability: false, timeouts: {implicit: 0, pageLoad: 300000, script: 30000}, unhandledPromptBehavior: dismiss and notify, webauthn:extension:credBlob: true, webauthn:extension:largeBlob: true, webauthn:extension:minPinLength: true, webauthn:extension:prf: true, webauthn:virtualAuthenticators: true}
Session ID: f6420d94ff342b9902d9948096e2a276
<h3 style="color:#132043;"><b> Iteration Number &#10781; :2</b></h4>
<div style='border: 1px solid #e0e0e0;padding: 8px 12px;margin: 8px 0;border-radius: 6px;background: linear-gradient(to right, #f8f9fa, #ffffff);box-shadow: 0 2px 4px rgba(0,0,0,0.05);display: inline-block;font-family: Arial, sans-serif;'><span style='font-weight: bold;color: #333;'>🌍 Browser Info:</span> <span style='color: #2c7be5;font-weight: 500;'><img src='data:image/svg+xml;base64,PHN2ZyB4bWxucz0iaHR0cDovL3d3dy53My5vcmcvMjAwMC9zdmciIHZpZXdCb3g9IjAgMCA0NDggNTEyIj48cGF0aCBmaWxsPSIjRkZDMTAyIiBkPSJNMjI0IDI1NmMwIDEyLjktNyAyNC40LTE3LjcgMjkuNkwxODcgMzA5LjljLTUuNCAzLTEyLjMgMy4xLTE3LjcuMS0xMC40LTUuOS0xNi43LTE2LjktMTYuNy0yOC42VjE5OGMwLTEyLjkgNy0yNC40IDE3LjctMjkuNkwxODcgMTQyLjFjNS40LTMgMTIuMy0zLjEgMTcuNy0uMSAxMC40IDUuOSAxNi43IDE2LjkgMTYuNyAyOC42djU4LjJ6Ii8+PHBhdGggZmlsbD0iIzRBNDlGNSIgZD0iTTIyNCAyNTZjMCAxMi45LTcgMjQuNC0xNy43IDI5LjZMMTg3IDMwOS45Yy01LjQgMy0xMi4zIDMuMS0xNy43LjEtMTAuNC01LjktMTYuNy0xNi45LTE2LjctMjguNlYxOThjMC0xMi45IDctMjQuNCAxNy43LTI5LjZMMTg3IDE0Mi4xYzUuNC0zIDEyLjMtMy4xIDE3LjctLjEgMTAuNCA1LjkgMTYuNyAxNi45IDE2LjcgMjguNnY1OC4yeiIvPjxwYXRoIGZpbGw9IiNGRkMxMDIiIGQ9Ik0yMjQgMjU2YzAgMTIuOS03IDI0LjQtMTcuNyAyOS42TDE4NyAzMDkuOWMtNS40IDMtMTIuMyAzLjEtMTcuNy4xLTEwLjQtNS45LTE2LjctMTYuOS0xNi43LTI4LjZWMTk4YzAtMTIuOSA3LTI0LjQgMTcuNy0yOS42TDE4NyAxNDIuMWM1LjQtMyAxMi4zLTMuMSAxNy43LS4xIDEwLjQgNS45IDE2LjcgMTYuOSAxNi43IDI4LjZ2NTguMnoiLz48cGF0aCBmaWxsPSIjRkZDMTAyIiBkPSJNMjI0IDI1NmMwIDEyLjktNyAyNC40LTE3LjcgMjkuNkwxODcgMzA5LjljLTUuNCAzLTEyLjMgMy4xLTE3LjcuMS0xMC40LTUuOS0xNi43LTE2LjktMTYuNy0yOC42VjE5OGMwLTEyLjkgNy0yNC40IDE3LjctMjkuNkwxODcgMTQyLjFjNS40LTMgMTIuMy0zLjEgMTcuNy0uMSAxMC40IDUuOSAxNi43IDE2LjkgMTYuNyAyOC42djU4LjJ6Ii8+PC9zdmc+' height='20' width='20' style='vertical-align: middle;' /> <span style='color: #4285F4;'>Google Chrome</span></span></div>
<div style="border: 1px solid #ddd; padding: 8px; margin: 5px 0; border-radius: 4px; background-color: #f7f7f7; display: inline-block;"><strong>💻 #System Info</strong> :: <strong>PC Name</strong> ⇒ <span style="color: #001dff;">ANKUSH1111</span> &nbsp;&nbsp;|&nbsp;&nbsp; <strong>User</strong> ⇒ <span style="color: #006400;">HP</span></div>
<div style='border: 1px solid #ddd; padding: 8px; margin: 5px 0; border-radius: 4px; background-color: #f7f7f7; display: inline-block;'><strong>#TXTBX ▭</strong> :: <strong>First Name</strong> Value entered ⇒ <span style='color: #009;'>Priya</span></div>
<div style='border: 1px solid #ddd; padding: 8px; margin: 5px 0; border-radius: 4px; background-color: #f7f7f7; display: inline-block;'><strong>#TXTBX ▭</strong> :: <strong>Last Name</strong> Value entered ⇒ <span style='color: #009;'>Sharma</span></div>
<div style='border: 1px solid #ddd; padding: 8px; margin: 5px 0; border-radius: 4px; background-color: #f7f7f7; display: inline-block;'><strong>#TXTBX ▭</strong> :: <strong>Email</strong> Value entered ⇒ <span style='color: #009;'>priya.sharma@test.com</span></div>
Clicked On :: Gender Female Radio
<div style='border: 1px solid #ddd; padding: 8px; margin: 5px 0; border-radius: 4px; background-color: #f7f7f7; display: inline-block;'><strong>#TXTBX ▭</strong> :: <strong>Mobile Number</strong> Value entered ⇒ <span style='color: #009;'>9123456780</span></div>
Clicked On :: Date Picker - Date of Birth
#DATEPICKER 📅 :: Date of Birth :: Date successfully picked :: 15/02/1992
<div style='border: 1px solid #ddd; padding: 8px; margin: 5px 0; border-radius: 4px; background-color: #f7f7f7; display: inline-block;'><strong>#TXTBX ▭</strong> :: <strong>Subject</strong> Value entered ⇒ <span style='color: #009;'>English</span></div>
Click Sucessfully==Again Double Click==Hobby: Sports
<div style='border: 1px solid #ddd; padding: 8px; margin: 5px 0; border-radius: 4px; background-color: #f7f7f7; display: inline-block;'><strong>#FILEUP 🔼</strong> :: <strong>Profile Picture</strong> File Uploaded ⇒ <span style='color: #001dff;'>valdn01_06_2025_02_06_17.png</span></div>
<div style='border: 1px solid #ddd; padding: 8px; margin: 5px 0; border-radius: 4px; background-color: #f7f7f7; display: inline-block;'><strong>#TXTBX ▭</strong> :: <strong>Current Address</strong> Value entered ⇒ <span style='color: #009;'>Pune, Maharashtra</span></div>
<div style='border: 1px solid #ddd; padding: 8px; margin: 5px 0; border-radius: 4px; background-color: #f7f7f7; display: inline-block;'><strong>#BTN 📤</strong> :: <strong>Clicked On</strong> ⇒ <span style='color: #001dff;'>Submit Button</span></div>
<font color =#18122B><b>Sceenshot Path::C:\Users\HP\Documents\Ahmedabad\ANKUSH_FRAMEWORK\ScreenShots\Validation\valdn01_52_2025_03_52_26.png</b></font>
<h4>Time :01/06/2025 03:52:26 PM</h4>
<br>
<img src="C:\Users\HP\Documents\Ahmedabad\ANKUSH_FRAMEWORK\ScreenShots\Validation\valdn01_52_2025_03_52_26.png" width="1000" height="500" ></img>
<br>
<br>
<table><tr><th style='font-weight: normal;'>Student Name</th><th>Priya Sharma</th></tr><tr><th style='font-weight: normal;'>Student Email</th><th>priya.sharma@test.com</th></tr><tr><th style='font-weight: normal;'>Gender</th><th>Female</th></tr><tr><th style='font-weight: normal;'>Mobile</th><th>9123456780</th></tr><tr><th style='font-weight: normal;'>Date of Birth</th><th>15 February,1992</th></tr><tr><th style='font-weight: normal;'>Subjects</th><th>English</th></tr><tr><th style='font-weight: normal;'>Hobbies</th><th>Sports</th></tr><tr><th style='font-weight: normal;'>Picture</th><th>valdn01_06_2025_02_06_17.png</th></tr><tr><th style='font-weight: normal;'>Address</th><th>Pune, Maharashtra</th></tr><tr><th style='font-weight: normal;'>State and City</th><th>Uttar Pradesh Lucknow</th></tr></table>
📋 Navigating to Home Page...
📋 Attempting to close modal popup (if present)...
⏳ Waiting for Home link to be clickable...
❌ Navigation to Home Page failed: Expected condition failed: waiting for element to be clickable: By.xpath: //a[contains(@href,'https://demoqa.com')] (tried for 2 second(s) with 500 milliseconds interval)
Build info: version: '4.12.1', revision: '8e34639b11'
System info: os.name: 'Windows 11', os.arch: 'amd64', os.version: '10.0', java.version: '18.0.1.1'
Driver info: org.openqa.selenium.chrome.ChromeDriver
Capabilities {acceptInsecureCerts: false, browserName: chrome, browserVersion: 136.0.7103.114, chrome: {chromedriverVersion: 136.0.7103.113 (76fa3c17824..., userDataDir: C:\Users\HP\AppData\Local\T...}, fedcm:accounts: true, goog:chromeOptions: {debuggerAddress: localhost:54485}, networkConnectionEnabled: false, pageLoadStrategy: normal, platformName: windows, proxy: Proxy(), se:cdp: ws://localhost:54485/devtoo..., se:cdpVersion: 136.0.7103.114, setWindowRect: true, strictFileInteractability: false, timeouts: {implicit: 0, pageLoad: 300000, script: 30000}, unhandledPromptBehavior: dismiss and notify, webauthn:extension:credBlob: true, webauthn:extension:largeBlob: true, webauthn:extension:minPinLength: true, webauthn:extension:prf: true, webauthn:virtualAuthenticators: true}
Session ID: f6420d94ff342b9902d9948096e2a276
<h3 style="color:#132043;"><b> Iteration Number &#10781; :3</b></h4>
<div style='border: 1px solid #e0e0e0;padding: 8px 12px;margin: 8px 0;border-radius: 6px;background: linear-gradient(to right, #f8f9fa, #ffffff);box-shadow: 0 2px 4px rgba(0,0,0,0.05);display: inline-block;font-family: Arial, sans-serif;'><span style='font-weight: bold;color: #333;'>🌍 Browser Info:</span> <span style='color: #2c7be5;font-weight: 500;'><img src='data:image/svg+xml;base64,PHN2ZyB4bWxucz0iaHR0cDovL3d3dy53My5vcmcvMjAwMC9zdmciIHZpZXdCb3g9IjAgMCA0NDggNTEyIj48cGF0aCBmaWxsPSIjRkZDMTAyIiBkPSJNMjI0IDI1NmMwIDEyLjktNyAyNC40LTE3LjcgMjkuNkwxODcgMzA5LjljLTUuNCAzLTEyLjMgMy4xLTE3LjcuMS0xMC40LTUuOS0xNi43LTE2LjktMTYuNy0yOC42VjE5OGMwLTEyLjkgNy0yNC40IDE3LjctMjkuNkwxODcgMTQyLjFjNS40LTMgMTIuMy0zLjEgMTcuNy0uMSAxMC40IDUuOSAxNi43IDE2LjkgMTYuNyAyOC42djU4LjJ6Ii8+PHBhdGggZmlsbD0iIzRBNDlGNSIgZD0iTTIyNCAyNTZjMCAxMi45LTcgMjQuNC0xNy43IDI5LjZMMTg3IDMwOS45Yy01LjQgMy0xMi4zIDMuMS0xNy43LjEtMTAuNC01LjktMTYuNy0xNi45LTE2LjctMjguNlYxOThjMC0xMi45IDctMjQuNCAxNy43LTI5LjZMMTg3IDE0Mi4xYzUuNC0zIDEyLjMtMy4xIDE3LjctLjEgMTAuNCA1LjkgMTYuNyAxNi45IDE2LjcgMjguNnY1OC4yeiIvPjxwYXRoIGZpbGw9IiNGRkMxMDIiIGQ9Ik0yMjQgMjU2YzAgMTIuOS03IDI0LjQtMTcuNyAyOS42TDE4NyAzMDkuOWMtNS40IDMtMTIuMyAzLjEtMTcuNy4xLTEwLjQtNS45LTE2LjctMTYuOS0xNi43LTI4LjZWMTk4YzAtMTIuOSA3LTI0LjQgMTcuNy0yOS42TDE4NyAxNDIuMWM1LjQtMyAxMi4zLTMuMSAxNy43LS4xIDEwLjQgNS45IDE2LjcgMTYuOSAxNi43IDI4LjZ2NTguMnoiLz48cGF0aCBmaWxsPSIjRkZDMTAyIiBkPSJNMjI0IDI1NmMwIDEyLjktNyAyNC40LTE3LjcgMjkuNkwxODcgMzA5LjljLTUuNCAzLTEyLjMgMy4xLTE3LjcuMS0xMC40LTUuOS0xNi43LTE2LjktMTYuNy0yOC42VjE5OGMwLTEyLjkgNy0yNC40IDE3LjctMjkuNkwxODcgMTQyLjFjNS40LTMgMTIuMy0zLjEgMTcuNy0uMSAxMC40IDUuOSAxNi43IDE2LjkgMTYuNyAyOC42djU4LjJ6Ii8+PC9zdmc+' height='20' width='20' style='vertical-align: middle;' /> <span style='color: #4285F4;'>Google Chrome</span></span></div>
<div style="border: 1px solid #ddd; padding: 8px; margin: 5px 0; border-radius: 4px; background-color: #f7f7f7; display: inline-block;"><strong>💻 #System Info</strong> :: <strong>PC Name</strong> ⇒ <span style="color: #001dff;">ANKUSH1111</span> &nbsp;&nbsp;|&nbsp;&nbsp; <strong>User</strong> ⇒ <span style="color: #006400;">HP</span></div>
<div style='border: 1px solid #ddd; padding: 8px; margin: 5px 0; border-radius: 4px; background-color: #f7f7f7; display: inline-block;'><strong>#TXTBX ▭</strong> :: <strong>First Name</strong> Value entered ⇒ <span style='color: #009;'>Rahul</span></div>
<div style='border: 1px solid #ddd; padding: 8px; margin: 5px 0; border-radius: 4px; background-color: #f7f7f7; display: inline-block;'><strong>#TXTBX ▭</strong> :: <strong>Last Name</strong> Value entered ⇒ <span style='color: #009;'>Verma</span></div>
<div style='border: 1px solid #ddd; padding: 8px; margin: 5px 0; border-radius: 4px; background-color: #f7f7f7; display: inline-block;'><strong>#TXTBX ▭</strong> :: <strong>Email</strong> Value entered ⇒ <span style='color: #009;'>rahul.verma@test.com</span></div>
Clicked On :: Gender Male Radio
<div style='border: 1px solid #ddd; padding: 8px; margin: 5px 0; border-radius: 4px; background-color: #f7f7f7; display: inline-block;'><strong>#TXTBX ▭</strong> :: <strong>Mobile Number</strong> Value entered ⇒ <span style='color: #009;'>9988776655</span></div>
Clicked On :: Date Picker - Date of Birth
#DATEPICKER 📅 :: Date of Birth :: Date successfully picked :: 20/03/1988
<div style='border: 1px solid #ddd; padding: 8px; margin: 5px 0; border-radius: 4px; background-color: #f7f7f7; display: inline-block;'><strong>#TXTBX ▭</strong> :: <strong>Subject</strong> Value entered ⇒ <span style='color: #009;'>Chemistry</span></div>
Click Sucessfully==Again Double Click==Hobby: Music
<div style='border: 1px solid #ddd; padding: 8px; margin: 5px 0; border-radius: 4px; background-color: #f7f7f7; display: inline-block;'><strong>#FILEUP 🔼</strong> :: <strong>Profile Picture</strong> File Uploaded ⇒ <span style='color: #001dff;'>valdn01_06_2025_02_06_50.png</span></div>
<div style='border: 1px solid #ddd; padding: 8px; margin: 5px 0; border-radius: 4px; background-color: #f7f7f7; display: inline-block;'><strong>#TXTBX ▭</strong> :: <strong>Current Address</strong> Value entered ⇒ <span style='color: #009;'>Bhopal, Madhya Pradesh</span></div>
<div style='border: 1px solid #ddd; padding: 8px; margin: 5px 0; border-radius: 4px; background-color: #f7f7f7; display: inline-block;'><strong>#BTN 📤</strong> :: <strong>Clicked On</strong> ⇒ <span style='color: #001dff;'>Submit Button</span></div>
<font color =#18122B><b>Sceenshot Path::C:\Users\HP\Documents\Ahmedabad\ANKUSH_FRAMEWORK\ScreenShots\Validation\valdn01_52_2025_03_52_42.png</b></font>
<h4>Time :01/06/2025 03:52:43 PM</h4>
<br>
<img src="C:\Users\HP\Documents\Ahmedabad\ANKUSH_FRAMEWORK\ScreenShots\Validation\valdn01_52_2025_03_52_42.png" width="1000" height="500" ></img>
<br>
<br>
<table><tr><th style='font-weight: normal;'>Student Name</th><th>Rahul Verma</th></tr><tr><th style='font-weight: normal;'>Student Email</th><th>rahul.verma@test.com</th></tr><tr><th style='font-weight: normal;'>Gender</th><th>Male</th></tr><tr><th style='font-weight: normal;'>Mobile</th><th>9988776655</th></tr><tr><th style='font-weight: normal;'>Date of Birth</th><th>20 March,1988</th></tr><tr><th style='font-weight: normal;'>Subjects</th><th>Chemistry</th></tr><tr><th style='font-weight: normal;'>Hobbies</th><th>Music</th></tr><tr><th style='font-weight: normal;'>Picture</th><th>valdn01_06_2025_02_06_50.png</th></tr><tr><th style='font-weight: normal;'>Address</th><th>Bhopal, Madhya Pradesh</th></tr><tr><th style='font-weight: normal;'>State and City</th><th>Haryana Karnal</th></tr></table>
📋 Navigating to Home Page...
📋 Attempting to close modal popup (if present)...
⏳ Waiting for Home link to be clickable...
❌ Navigation to Home Page failed: Expected condition failed: waiting for element to be clickable: By.xpath: //a[contains(@href,'https://demoqa.com')] (tried for 2 second(s) with 500 milliseconds interval)
Build info: version: '4.12.1', revision: '8e34639b11'
System info: os.name: 'Windows 11', os.arch: 'amd64', os.version: '10.0', java.version: '18.0.1.1'
Driver info: org.openqa.selenium.chrome.ChromeDriver
Capabilities {acceptInsecureCerts: false, browserName: chrome, browserVersion: 136.0.7103.114, chrome: {chromedriverVersion: 136.0.7103.113 (76fa3c17824..., userDataDir: C:\Users\HP\AppData\Local\T...}, fedcm:accounts: true, goog:chromeOptions: {debuggerAddress: localhost:54485}, networkConnectionEnabled: false, pageLoadStrategy: normal, platformName: windows, proxy: Proxy(), se:cdp: ws://localhost:54485/devtoo..., se:cdpVersion: 136.0.7103.114, setWindowRect: true, strictFileInteractability: false, timeouts: {implicit: 0, pageLoad: 300000, script: 30000}, unhandledPromptBehavior: dismiss and notify, webauthn:extension:credBlob: true, webauthn:extension:largeBlob: true, webauthn:extension:minPinLength: true, webauthn:extension:prf: true, webauthn:virtualAuthenticators: true}
Session ID: f6420d94ff342b9902d9948096e2a276
<h3 style="color:#132043;"><b> Iteration Number &#10781; :4</b></h4>
<div style='border: 1px solid #e0e0e0;padding: 8px 12px;margin: 8px 0;border-radius: 6px;background: linear-gradient(to right, #f8f9fa, #ffffff);box-shadow: 0 2px 4px rgba(0,0,0,0.05);display: inline-block;font-family: Arial, sans-serif;'><span style='font-weight: bold;color: #333;'>🌍 Browser Info:</span> <span style='color: #2c7be5;font-weight: 500;'><img src='data:image/svg+xml;base64,PHN2ZyB4bWxucz0iaHR0cDovL3d3dy53My5vcmcvMjAwMC9zdmciIHZpZXdCb3g9IjAgMCA0NDggNTEyIj48cGF0aCBmaWxsPSIjRkZDMTAyIiBkPSJNMjI0IDI1NmMwIDEyLjktNyAyNC40LTE3LjcgMjkuNkwxODcgMzA5LjljLTUuNCAzLTEyLjMgMy4xLTE3LjcuMS0xMC40LTUuOS0xNi43LTE2LjktMTYuNy0yOC42VjE5OGMwLTEyLjkgNy0yNC40IDE3LjctMjkuNkwxODcgMTQyLjFjNS40LTMgMTIuMy0zLjEgMTcuNy0uMSAxMC40IDUuOSAxNi43IDE2LjkgMTYuNyAyOC42djU4LjJ6Ii8+PHBhdGggZmlsbD0iIzRBNDlGNSIgZD0iTTIyNCAyNTZjMCAxMi45LTcgMjQuNC0xNy43IDI5LjZMMTg3IDMwOS45Yy01LjQgMy0xMi4zIDMuMS0xNy43LjEtMTAuNC01LjktMTYuNy0xNi45LTE2LjctMjguNlYxOThjMC0xMi45IDctMjQuNCAxNy43LTI5LjZMMTg3IDE0Mi4xYzUuNC0zIDEyLjMtMy4xIDE3LjctLjEgMTAuNCA1LjkgMTYuNyAxNi45IDE2LjcgMjguNnY1OC4yeiIvPjxwYXRoIGZpbGw9IiNGRkMxMDIiIGQ9Ik0yMjQgMjU2YzAgMTIuOS03IDI0LjQtMTcuNyAyOS42TDE4NyAzMDkuOWMtNS40IDMtMTIuMyAzLjEtMTcuNy4xLTEwLjQtNS45LTE2LjctMTYuOS0xNi43LTI4LjZWMTk4YzAtMTIuOSA3LTI0LjQgMTcuNy0yOS42TDE4NyAxNDIuMWM1LjQtMyAxMi4zLTMuMSAxNy43LS4xIDEwLjQgNS45IDE2LjcgMTYuOSAxNi43IDI4LjZ2NTguMnoiLz48cGF0aCBmaWxsPSIjRkZDMTAyIiBkPSJNMjI0IDI1NmMwIDEyLjktNyAyNC40LTE3LjcgMjkuNkwxODcgMzA5LjljLTUuNCAzLTEyLjMgMy4xLTE3LjcuMS0xMC40LTUuOS0xNi43LTE2LjktMTYuNy0yOC42VjE5OGMwLTEyLjkgNy0yNC40IDE3LjctMjkuNkwxODcgMTQyLjFjNS40LTMgMTIuMy0zLjEgMTcuNy0uMSAxMC40IDUuOSAxNi43IDE2LjkgMTYuNyAyOC42djU4LjJ6Ii8+PC9zdmc+' height='20' width='20' style='vertical-align: middle;' /> <span style='color: #4285F4;'>Google Chrome</span></span></div>
<div style="border: 1px solid #ddd; padding: 8px; margin: 5px 0; border-radius: 4px; background-color: #f7f7f7; display: inline-block;"><strong>💻 #System Info</strong> :: <strong>PC Name</strong> ⇒ <span style="color: #001dff;">ANKUSH1111</span> &nbsp;&nbsp;|&nbsp;&nbsp; <strong>User</strong> ⇒ <span style="color: #006400;">HP</span></div>
<div style='border: 1px solid #ddd; padding: 8px; margin: 5px 0; border-radius: 4px; background-color: #f7f7f7; display: inline-block;'><strong>#TXTBX ▭</strong> :: <strong>First Name</strong> Value entered ⇒ <span style='color: #009;'>Sneha</span></div>
<div style='border: 1px solid #ddd; padding: 8px; margin: 5px 0; border-radius: 4px; background-color: #f7f7f7; display: inline-block;'><strong>#TXTBX ▭</strong> :: <strong>Last Name</strong> Value entered ⇒ <span style='color: #009;'>Patil</span></div>
<div style='border: 1px solid #ddd; padding: 8px; margin: 5px 0; border-radius: 4px; background-color: #f7f7f7; display: inline-block;'><strong>#TXTBX ▭</strong> :: <strong>Email</strong> Value entered ⇒ <span style='color: #009;'>sneha.patil@test.com</span></div>
Clicked On :: Gender Female Radio
<div style='border: 1px solid #ddd; padding: 8px; margin: 5px 0; border-radius: 4px; background-color: #f7f7f7; display: inline-block;'><strong>#TXTBX ▭</strong> :: <strong>Mobile Number</strong> Value entered ⇒ <span style='color: #009;'>9871234567</span></div>
Clicked On :: Date Picker - Date of Birth
#DATEPICKER 📅 :: Date of Birth :: Date successfully picked :: 10/04/1995
<div style='border: 1px solid #ddd; padding: 8px; margin: 5px 0; border-radius: 4px; background-color: #f7f7f7; display: inline-block;'><strong>#TXTBX ▭</strong> :: <strong>Subject</strong> Value entered ⇒ <span style='color: #009;'>Biology</span></div>
Click Sucessfully==Again Double Click==Hobby: Reading
Clicked On :: Hobby: Sports
<div style='border: 1px solid #ddd; padding: 8px; margin: 5px 0; border-radius: 4px; background-color: #f7f7f7; display: inline-block;'><strong>#FILEUP 🔼</strong> :: <strong>Profile Picture</strong> File Uploaded ⇒ <span style='color: #001dff;'>valdn01_07_2025_02_07_25.png</span></div>
<div style='border: 1px solid #ddd; padding: 8px; margin: 5px 0; border-radius: 4px; background-color: #f7f7f7; display: inline-block;'><strong>#TXTBX ▭</strong> :: <strong>Current Address</strong> Value entered ⇒ <span style='color: #009;'>Nashik, Maharashtra</span></div>
<div style='border: 1px solid #ddd; padding: 8px; margin: 5px 0; border-radius: 4px; background-color: #f7f7f7; display: inline-block;'><strong>#BTN 📤</strong> :: <strong>Clicked On</strong> ⇒ <span style='color: #001dff;'>Submit Button</span></div>
<font color =#18122B><b>Sceenshot Path::C:\Users\HP\Documents\Ahmedabad\ANKUSH_FRAMEWORK\ScreenShots\Validation\valdn01_52_2025_03_52_59.png</b></font>
<h4>Time :01/06/2025 03:52:59 PM</h4>
<br>
<img src="C:\Users\HP\Documents\Ahmedabad\ANKUSH_FRAMEWORK\ScreenShots\Validation\valdn01_52_2025_03_52_59.png" width="1000" height="500" ></img>
<br>
<br>
<table><tr><th style='font-weight: normal;'>Student Name</th><th>Sneha Patil</th></tr><tr><th style='font-weight: normal;'>Student Email</th><th>sneha.patil@test.com</th></tr><tr><th style='font-weight: normal;'>Gender</th><th>Female</th></tr><tr><th style='font-weight: normal;'>Mobile</th><th>9871234567</th></tr><tr><th style='font-weight: normal;'>Date of Birth</th><th>10 April,1995</th></tr><tr><th style='font-weight: normal;'>Subjects</th><th>Biology</th></tr><tr><th style='font-weight: normal;'>Hobbies</th><th>Reading, Sports</th></tr><tr><th style='font-weight: normal;'>Picture</th><th>valdn01_07_2025_02_07_25.png</th></tr><tr><th style='font-weight: normal;'>Address</th><th>Nashik, Maharashtra</th></tr><tr><th style='font-weight: normal;'>State and City</th><th>Rajasthan Jaipur</th></tr></table>
📋 Navigating to Home Page...
📋 Attempting to close modal popup (if present)...
⏳ Waiting for Home link to be clickable...
❌ Navigation to Home Page failed: Expected condition failed: waiting for element to be clickable: By.xpath: //a[contains(@href,'https://demoqa.com')] (tried for 2 second(s) with 500 milliseconds interval)
Build info: version: '4.12.1', revision: '8e34639b11'
System info: os.name: 'Windows 11', os.arch: 'amd64', os.version: '10.0', java.version: '18.0.1.1'
Driver info: org.openqa.selenium.chrome.ChromeDriver
Capabilities {acceptInsecureCerts: false, browserName: chrome, browserVersion: 136.0.7103.114, chrome: {chromedriverVersion: 136.0.7103.113 (76fa3c17824..., userDataDir: C:\Users\HP\AppData\Local\T...}, fedcm:accounts: true, goog:chromeOptions: {debuggerAddress: localhost:54485}, networkConnectionEnabled: false, pageLoadStrategy: normal, platformName: windows, proxy: Proxy(), se:cdp: ws://localhost:54485/devtoo..., se:cdpVersion: 136.0.7103.114, setWindowRect: true, strictFileInteractability: false, timeouts: {implicit: 0, pageLoad: 300000, script: 30000}, unhandledPromptBehavior: dismiss and notify, webauthn:extension:credBlob: true, webauthn:extension:largeBlob: true, webauthn:extension:minPinLength: true, webauthn:extension:prf: true, webauthn:virtualAuthenticators: true}
Session ID: f6420d94ff342b9902d9948096e2a276
<h3 style="color:#132043;"><b> Iteration Number &#10781; :5</b></h4>
<div style='border: 1px solid #e0e0e0;padding: 8px 12px;margin: 8px 0;border-radius: 6px;background: linear-gradient(to right, #f8f9fa, #ffffff);box-shadow: 0 2px 4px rgba(0,0,0,0.05);display: inline-block;font-family: Arial, sans-serif;'><span style='font-weight: bold;color: #333;'>🌍 Browser Info:</span> <span style='color: #2c7be5;font-weight: 500;'><img src='data:image/svg+xml;base64,PHN2ZyB4bWxucz0iaHR0cDovL3d3dy53My5vcmcvMjAwMC9zdmciIHZpZXdCb3g9IjAgMCA0NDggNTEyIj48cGF0aCBmaWxsPSIjRkZDMTAyIiBkPSJNMjI0IDI1NmMwIDEyLjktNyAyNC40LTE3LjcgMjkuNkwxODcgMzA5LjljLTUuNCAzLTEyLjMgMy4xLTE3LjcuMS0xMC40LTUuOS0xNi43LTE2LjktMTYuNy0yOC42VjE5OGMwLTEyLjkgNy0yNC40IDE3LjctMjkuNkwxODcgMTQyLjFjNS40LTMgMTIuMy0zLjEgMTcuNy0uMSAxMC40IDUuOSAxNi43IDE2LjkgMTYuNyAyOC42djU4LjJ6Ii8+PHBhdGggZmlsbD0iIzRBNDlGNSIgZD0iTTIyNCAyNTZjMCAxMi45LTcgMjQuNC0xNy43IDI5LjZMMTg3IDMwOS45Yy01LjQgMy0xMi4zIDMuMS0xNy43LjEtMTAuNC01LjktMTYuNy0xNi45LTE2LjctMjguNlYxOThjMC0xMi45IDctMjQuNCAxNy43LTI5LjZMMTg3IDE0Mi4xYzUuNC0zIDEyLjMtMy4xIDE3LjctLjEgMTAuNCA1LjkgMTYuNyAxNi45IDE2LjcgMjguNnY1OC4yeiIvPjxwYXRoIGZpbGw9IiNGRkMxMDIiIGQ9Ik0yMjQgMjU2YzAgMTIuOS03IDI0LjQtMTcuNyAyOS42TDE4NyAzMDkuOWMtNS40IDMtMTIuMyAzLjEtMTcuNy4xLTEwLjQtNS45LTE2LjctMTYuOS0xNi43LTI4LjZWMTk4YzAtMTIuOSA3LTI0LjQgMTcuNy0yOS42TDE4NyAxNDIuMWM1LjQtMyAxMi4zLTMuMSAxNy43LS4xIDEwLjQgNS45IDE2LjcgMTYuOSAxNi43IDI4LjZ2NTguMnoiLz48cGF0aCBmaWxsPSIjRkZDMTAyIiBkPSJNMjI0IDI1NmMwIDEyLjktNyAyNC40LTE3LjcgMjkuNkwxODcgMzA5LjljLTUuNCAzLTEyLjMgMy4xLTE3LjcuMS0xMC40LTUuOS0xNi43LTE2LjktMTYuNy0yOC42VjE5OGMwLTEyLjkgNy0yNC40IDE3LjctMjkuNkwxODcgMTQyLjFjNS40LTMgMTIuMy0zLjEgMTcuNy0uMSAxMC40IDUuOSAxNi43IDE2LjkgMTYuNyAyOC42djU4LjJ6Ii8+PC9zdmc+' height='20' width='20' style='vertical-align: middle;' /> <span style='color: #4285F4;'>Google Chrome</span></span></div>
<div style="border: 1px solid #ddd; padding: 8px; margin: 5px 0; border-radius: 4px; background-color: #f7f7f7; display: inline-block;"><strong>💻 #System Info</strong> :: <strong>PC Name</strong> ⇒ <span style="color: #001dff;">ANKUSH1111</span> &nbsp;&nbsp;|&nbsp;&nbsp; <strong>User</strong> ⇒ <span style="color: #006400;">HP</span></div>
<div style='border: 1px solid #ddd; padding: 8px; margin: 5px 0; border-radius: 4px; background-color: #f7f7f7; display: inline-block;'><strong>#TXTBX ▭</strong> :: <strong>First Name</strong> Value entered ⇒ <span style='color: #009;'>Karan</span></div>
<div style='border: 1px solid #ddd; padding: 8px; margin: 5px 0; border-radius: 4px; background-color: #f7f7f7; display: inline-block;'><strong>#TXTBX ▭</strong> :: <strong>Last Name</strong> Value entered ⇒ <span style='color: #009;'>Mehta</span></div>
<div style='border: 1px solid #ddd; padding: 8px; margin: 5px 0; border-radius: 4px; background-color: #f7f7f7; display: inline-block;'><strong>#TXTBX ▭</strong> :: <strong>Email</strong> Value entered ⇒ <span style='color: #009;'>karan.mehta@test.com</span></div>
Clicked On :: Gender Male Radio
<div style='border: 1px solid #ddd; padding: 8px; margin: 5px 0; border-radius: 4px; background-color: #f7f7f7; display: inline-block;'><strong>#TXTBX ▭</strong> :: <strong>Mobile Number</strong> Value entered ⇒ <span style='color: #009;'>9123456789</span></div>
Clicked On :: Date Picker - Date of Birth
#DATEPICKER 📅 :: Date of Birth :: Date successfully picked :: 25/05/1991
<div style='border: 1px solid #ddd; padding: 8px; margin: 5px 0; border-radius: 4px; background-color: #f7f7f7; display: inline-block;'><strong>#TXTBX ▭</strong> :: <strong>Subject</strong> Value entered ⇒ <span style='color: #009;'>History</span></div>
Click Sucessfully==Again Double Click==Hobby: Music
<div style='border: 1px solid #ddd; padding: 8px; margin: 5px 0; border-radius: 4px; background-color: #f7f7f7; display: inline-block;'><strong>#FILEUP 🔼</strong> :: <strong>Profile Picture</strong> File Uploaded ⇒ <span style='color: #001dff;'>valdn01_07_2025_02_07_42.png</span></div>
<div style='border: 1px solid #ddd; padding: 8px; margin: 5px 0; border-radius: 4px; background-color: #f7f7f7; display: inline-block;'><strong>#TXTBX ▭</strong> :: <strong>Current Address</strong> Value entered ⇒ <span style='color: #009;'>Jaipur, Rajasthan</span></div>
<div style='border: 1px solid #ddd; padding: 8px; margin: 5px 0; border-radius: 4px; background-color: #f7f7f7; display: inline-block;'><strong>#BTN 📤</strong> :: <strong>Clicked On</strong> ⇒ <span style='color: #001dff;'>Submit Button</span></div>
<font color =#18122B><b>Sceenshot Path::C:\Users\HP\Documents\Ahmedabad\ANKUSH_FRAMEWORK\ScreenShots\Validation\valdn01_53_2025_03_53_25.png</b></font>
<h4>Time :01/06/2025 03:53:25 PM</h4>
<br>
<img src="C:\Users\HP\Documents\Ahmedabad\ANKUSH_FRAMEWORK\ScreenShots\Validation\valdn01_53_2025_03_53_25.png" width="1000" height="500" ></img>
<br>
<br>
<table><tr><th style='font-weight: normal;'>Student Name</th><th>Karan Mehta</th></tr><tr><th style='font-weight: normal;'>Student Email</th><th>karan.mehta@test.com</th></tr><tr><th style='font-weight: normal;'>Gender</th><th>Male</th></tr><tr><th style='font-weight: normal;'>Mobile</th><th>9123456789</th></tr><tr><th style='font-weight: normal;'>Date of Birth</th><th>25 May,1991</th></tr><tr><th style='font-weight: normal;'>Subjects</th><th>History</th></tr><tr><th style='font-weight: normal;'>Hobbies</th><th>Music</th></tr><tr><th style='font-weight: normal;'>Picture</th><th>valdn01_07_2025_02_07_42.png</th></tr><tr><th style='font-weight: normal;'>Address</th><th>Jaipur, Rajasthan</th></tr><tr><th style='font-weight: normal;'>State and City</th><th>NCR Gurgaon</th></tr></table>
📋 Navigating to Home Page...
📋 Attempting to close modal popup (if present)...
⏳ Waiting for Home link to be clickable...
❌ Navigation to Home Page failed: Expected condition failed: waiting for element to be clickable: By.xpath: //a[contains(@href,'https://demoqa.com')] (tried for 2 second(s) with 500 milliseconds interval)
Build info: version: '4.12.1', revision: '8e34639b11'
System info: os.name: 'Windows 11', os.arch: 'amd64', os.version: '10.0', java.version: '18.0.1.1'
Driver info: org.openqa.selenium.chrome.ChromeDriver
Capabilities {acceptInsecureCerts: false, browserName: chrome, browserVersion: 136.0.7103.114, chrome: {chromedriverVersion: 136.0.7103.113 (76fa3c17824..., userDataDir: C:\Users\HP\AppData\Local\T...}, fedcm:accounts: true, goog:chromeOptions: {debuggerAddress: localhost:54485}, networkConnectionEnabled: false, pageLoadStrategy: normal, platformName: windows, proxy: Proxy(), se:cdp: ws://localhost:54485/devtoo..., se:cdpVersion: 136.0.7103.114, setWindowRect: true, strictFileInteractability: false, timeouts: {implicit: 0, pageLoad: 300000, script: 30000}, unhandledPromptBehavior: dismiss and notify, webauthn:extension:credBlob: true, webauthn:extension:largeBlob: true, webauthn:extension:minPinLength: true, webauthn:extension:prf: true, webauthn:virtualAuthenticators: true}
Session ID: f6420d94ff342b9902d9948096e2a276]]>
  </system-out>
</testsuite> <!-- com.test.demoqa.PracticeFormTest -->
