<?xml version="1.0" encoding="UTF-8"?>
<!-- Generated by org.testng.reporters.JUnitReportReporter -->
<testsuite hostname="ANKUSH1111" failures="0" tests="20" name="com.test.demoqa.TextBoxTestDataFromDB" time="110.864" errors="0" timestamp="2025-06-01T17:44:48 IST" skipped="0">
  <testcase classname="com.test.demoqa.TextBoxTestDataFromDB" name="verifyTextBoxFormSubmission" time="4.005">
    <system-out>
      <![CDATA[<div style="background-color:#ffeeba; border:2px solid #856404; border-radius:10px; padding:10px 15px; text-align:left; margin:10px 0; display:inline-block; color:#856404; box-shadow: 0px 4px 6px rgba(0, 0, 0, 0.2);"><p style='font-size:18px; margin:0;'><b>Skipped: 🔐 Admin Connection URL: jdbc:sqlserver://localhost:1433;database=QADEMO;integratedSecurity=true;encrypt=false;trustServerCertificate=true;loginTimeout=30;</b></p></div>
<div style="background-color:#ffeeba; border:2px solid #856404; border-radius:10px; padding:10px 15px; text-align:left; margin:10px 0; display:inline-block; color:#856404; box-shadow: 0px 4px 6px rgba(0, 0, 0, 0.2);"><p style='font-size:18px; margin:0;'><b>Skipped: 🔐 Company Connection URL: jdbc:sqlserver://localhost:1433;database=QADEMO;integratedSecurity=true;encrypt=false;trustServerCertificate=true;loginTimeout=30;</b></p></div>
<div style='border: 1px solid #e0e0e0;padding: 8px 12px;margin: 8px 0;border-radius: 6px;background: linear-gradient(to right, #f8f9fa, #ffffff);box-shadow: 0 2px 4px rgba(0,0,0,0.05);display: inline-block;font-family: Arial, sans-serif;'><span style='font-weight: bold;color: #333;'>🌍 Browser Info:</span> <span style='color: #2c7be5;font-weight: 500;'><img src='data:image/svg+xml;base64,PHN2ZyB4bWxucz0iaHR0cDovL3d3dy53My5vcmcvMjAwMC9zdmciIHZpZXdCb3g9IjAgMCA0NDggNTEyIj48cGF0aCBmaWxsPSIjRkZDMTAyIiBkPSJNMjI0IDI1NmMwIDEyLjktNyAyNC40LTE3LjcgMjkuNkwxODcgMzA5LjljLTUuNCAzLTEyLjMgMy4xLTE3LjcuMS0xMC40LTUuOS0xNi43LTE2LjktMTYuNy0yOC42VjE5OGMwLTEyLjkgNy0yNC40IDE3LjctMjkuNkwxODcgMTQyLjFjNS40LTMgMTIuMy0zLjEgMTcuNy0uMSAxMC40IDUuOSAxNi43IDE2LjkgMTYuNyAyOC42djU4LjJ6Ii8+PHBhdGggZmlsbD0iIzRBNDlGNSIgZD0iTTIyNCAyNTZjMCAxMi45LTcgMjQuNC0xNy43IDI5LjZMMTg3IDMwOS45Yy01LjQgMy0xMi4zIDMuMS0xNy43LjEtMTAuNC01LjktMTYuNy0xNi45LTE2LjctMjguNlYxOThjMC0xMi45IDctMjQuNCAxNy43LTI5LjZMMTg3IDE0Mi4xYzUuNC0zIDEyLjMtMy4xIDE3LjctLjEgMTAuNCA1LjkgMTYuNyAxNi45IDE2LjcgMjguNnY1OC4yeiIvPjxwYXRoIGZpbGw9IiNGRkMxMDIiIGQ9Ik0yMjQgMjU2YzAgMTIuOS03IDI0LjQtMTcuNyAyOS42TDE4NyAzMDkuOWMtNS40IDMtMTIuMyAzLjEtMTcuNy4xLTEwLjQtNS45LTE2LjctMTYuOS0xNi43LTI4LjZWMTk4YzAtMTIuOSA3LTI0LjQgMTcuNy0yOS42TDE4NyAxNDIuMWM1LjQtMyAxMi4zLTMuMSAxNy43LS4xIDEwLjQgNS45IDE2LjcgMTYuOSAxNi43IDI4LjZ2NTguMnoiLz48cGF0aCBmaWxsPSIjRkZDMTAyIiBkPSJNMjI0IDI1NmMwIDEyLjktNyAyNC40LTE3LjcgMjkuNkwxODcgMzA5LjljLTUuNCAzLTEyLjMgMy4xLTE3LjcuMS0xMC40LTUuOS0xNi43LTE2LjktMTYuNy0yOC42VjE5OGMwLTEyLjkgNy0yNC40IDE3LjctMjkuNkwxODcgMTQyLjFjNS40LTMgMTIuMy0zLjEgMTcuNy0uMSAxMC40IDUuOSAxNi43IDE2LjkgMTYuNyAyOC42djU4LjJ6Ii8+PC9zdmc+' height='20' width='20' style='vertical-align: middle;' /> <span style='color: #4285F4;'>Google Chrome</span></span></div>
<div style="border: 1px solid #ddd; padding: 8px; margin: 5px 0; border-radius: 4px; background-color: #f7f7f7; display: inline-block;"><strong>💻 #System Info</strong> :: <strong>PC Name</strong> ⇒ <span style="color: #001dff;">ANKUSH1111</span> &nbsp;&nbsp;|&nbsp;&nbsp; <strong>User</strong> ⇒ <span style="color: #006400;">HP</span></div>
<div style='border: 1px solid #ddd; padding: 8px; margin: 5px 0; border-radius: 4px; background-color: #f7f7f7; display: inline-block;'><strong>#TXTBX ▭</strong> :: <strong>Full Name</strong> Value entered ⇒ <span style='color: #009;'>Sneha Patil</span></div>
<div style='border: 1px solid #ddd; padding: 8px; margin: 5px 0; border-radius: 4px; background-color: #f7f7f7; display: inline-block;'><strong>#TXTBX ▭</strong> :: <strong>Email</strong> Value entered ⇒ <span style='color: #009;'>sneha.patil@test.com</span></div>
<div style='border: 1px solid #ddd; padding: 8px; margin: 5px 0; border-radius: 4px; background-color: #f7f7f7; display: inline-block;'><strong>#TXTBX ▭</strong> :: <strong>Current Address</strong> Value entered ⇒ <span style='color: #009;'>Nashik, Maharashtra</span></div>
<div style='border: 1px solid #ddd; padding: 8px; margin: 5px 0; border-radius: 4px; background-color: #f7f7f7; display: inline-block;'><strong>#TXTBX ▭</strong> :: <strong>Permanent Address</strong> Value entered ⇒ <span style='color: #009;'>Kolhapur, Maharashtra</span></div>
<div style='border: 1px solid #ddd; padding: 8px; margin: 5px 0; border-radius: 4px; background-color: #f7f7f7; display: inline-block;'><strong>#BTN 📤</strong> :: <strong>Clicked On</strong> ⇒ <span style='color: #001dff;'>Submit Button</span></div>
✅ Updated AutomationTestingStatus for FormId 101014 to '✅ [Automation Tester] TextBox Form Submitted Successfully at 01/06/2025 05:40:27 PM'
📋 Navigating to Home Page...
📋 Attempting to close modal popup (if present)...
⏳ Waiting for Home link to be clickable...
✅ Home link found: https://demoqa.com/
📋 Clicking on Home link...
⏳ Waiting for loader to disappear...
⏳ Verifying home page load...
❌ Navigation to Home Page failed: Expected condition failed: waiting for url to contain "home". Current url: "https://demoqa.com/" (tried for 10 second(s) with 500 milliseconds interval)
Build info: version: '4.12.1', revision: '8e34639b11'
System info: os.name: 'Windows 11', os.arch: 'amd64', os.version: '10.0', java.version: '18.0.1.1'
Driver info: org.openqa.selenium.chrome.ChromeDriver
Capabilities {acceptInsecureCerts: false, browserName: chrome, browserVersion: 136.0.7103.114, chrome: {chromedriverVersion: 136.0.7103.113 (76fa3c17824..., userDataDir: C:\Users\HP\AppData\Local\T...}, fedcm:accounts: true, goog:chromeOptions: {debuggerAddress: localhost:50211}, networkConnectionEnabled: false, pageLoadStrategy: normal, platformName: windows, proxy: Proxy(), se:cdp: ws://localhost:50211/devtoo..., se:cdpVersion: 136.0.7103.114, setWindowRect: true, strictFileInteractability: false, timeouts: {implicit: 0, pageLoad: 300000, script: 30000}, unhandledPromptBehavior: dismiss and notify, webauthn:extension:credBlob: true, webauthn:extension:largeBlob: true, webauthn:extension:minPinLength: true, webauthn:extension:prf: true, webauthn:virtualAuthenticators: true}
Session ID: e8754be54f8aaba068ee488e1e2786a9]]>
    </system-out>
  </testcase> <!-- verifyTextBoxFormSubmission -->
  <testcase classname="com.test.demoqa.TextBoxTestDataFromDB" name="verifyTextBoxFormSubmission" time="4.099">
    <system-out>
      <![CDATA[<div style="background-color:#ffeeba; border:2px solid #856404; border-radius:10px; padding:10px 15px; text-align:left; margin:10px 0; display:inline-block; color:#856404; box-shadow: 0px 4px 6px rgba(0, 0, 0, 0.2);"><p style='font-size:18px; margin:0;'><b>Skipped: 🔐 Admin Connection URL: jdbc:sqlserver://localhost:1433;database=QADEMO;integratedSecurity=true;encrypt=false;trustServerCertificate=true;loginTimeout=30;</b></p></div>
<div style="background-color:#ffeeba; border:2px solid #856404; border-radius:10px; padding:10px 15px; text-align:left; margin:10px 0; display:inline-block; color:#856404; box-shadow: 0px 4px 6px rgba(0, 0, 0, 0.2);"><p style='font-size:18px; margin:0;'><b>Skipped: 🔐 Company Connection URL: jdbc:sqlserver://localhost:1433;database=QADEMO;integratedSecurity=true;encrypt=false;trustServerCertificate=true;loginTimeout=30;</b></p></div>
<div style='border: 1px solid #e0e0e0;padding: 8px 12px;margin: 8px 0;border-radius: 6px;background: linear-gradient(to right, #f8f9fa, #ffffff);box-shadow: 0 2px 4px rgba(0,0,0,0.05);display: inline-block;font-family: Arial, sans-serif;'><span style='font-weight: bold;color: #333;'>🌍 Browser Info:</span> <span style='color: #2c7be5;font-weight: 500;'><img src='data:image/svg+xml;base64,PHN2ZyB4bWxucz0iaHR0cDovL3d3dy53My5vcmcvMjAwMC9zdmciIHZpZXdCb3g9IjAgMCA0NDggNTEyIj48cGF0aCBmaWxsPSIjRkZDMTAyIiBkPSJNMjI0IDI1NmMwIDEyLjktNyAyNC40LTE3LjcgMjkuNkwxODcgMzA5LjljLTUuNCAzLTEyLjMgMy4xLTE3LjcuMS0xMC40LTUuOS0xNi43LTE2LjktMTYuNy0yOC42VjE5OGMwLTEyLjkgNy0yNC40IDE3LjctMjkuNkwxODcgMTQyLjFjNS40LTMgMTIuMy0zLjEgMTcuNy0uMSAxMC40IDUuOSAxNi43IDE2LjkgMTYuNyAyOC42djU4LjJ6Ii8+PHBhdGggZmlsbD0iIzRBNDlGNSIgZD0iTTIyNCAyNTZjMCAxMi45LTcgMjQuNC0xNy43IDI5LjZMMTg3IDMwOS45Yy01LjQgMy0xMi4zIDMuMS0xNy43LjEtMTAuNC01LjktMTYuNy0xNi45LTE2LjctMjguNlYxOThjMC0xMi45IDctMjQuNCAxNy43LTI5LjZMMTg3IDE0Mi4xYzUuNC0zIDEyLjMtMy4xIDE3LjctLjEgMTAuNCA1LjkgMTYuNyAxNi45IDE2LjcgMjguNnY1OC4yeiIvPjxwYXRoIGZpbGw9IiNGRkMxMDIiIGQ9Ik0yMjQgMjU2YzAgMTIuOS03IDI0LjQtMTcuNyAyOS42TDE4NyAzMDkuOWMtNS40IDMtMTIuMyAzLjEtMTcuNy4xLTEwLjQtNS45LTE2LjctMTYuOS0xNi43LTI4LjZWMTk4YzAtMTIuOSA3LTI0LjQgMTcuNy0yOS42TDE4NyAxNDIuMWM1LjQtMyAxMi4zLTMuMSAxNy43LS4xIDEwLjQgNS45IDE2LjcgMTYuOSAxNi43IDI4LjZ2NTguMnoiLz48cGF0aCBmaWxsPSIjRkZDMTAyIiBkPSJNMjI0IDI1NmMwIDEyLjktNyAyNC40LTE3LjcgMjkuNkwxODcgMzA5LjljLTUuNCAzLTEyLjMgMy4xLTE3LjcuMS0xMC40LTUuOS0xNi43LTE2LjktMTYuNy0yOC42VjE5OGMwLTEyLjkgNy0yNC40IDE3LjctMjkuNkwxODcgMTQyLjFjNS40LTMgMTIuMy0zLjEgMTcuNy0uMSAxMC40IDUuOSAxNi43IDE2LjkgMTYuNyAyOC42djU4LjJ6Ii8+PC9zdmc+' height='20' width='20' style='vertical-align: middle;' /> <span style='color: #4285F4;'>Google Chrome</span></span></div>
<div style="border: 1px solid #ddd; padding: 8px; margin: 5px 0; border-radius: 4px; background-color: #f7f7f7; display: inline-block;"><strong>💻 #System Info</strong> :: <strong>PC Name</strong> ⇒ <span style="color: #001dff;">ANKUSH1111</span> &nbsp;&nbsp;|&nbsp;&nbsp; <strong>User</strong> ⇒ <span style="color: #006400;">HP</span></div>
<div style='border: 1px solid #ddd; padding: 8px; margin: 5px 0; border-radius: 4px; background-color: #f7f7f7; display: inline-block;'><strong>#TXTBX ▭</strong> :: <strong>Full Name</strong> Value entered ⇒ <span style='color: #009;'>Manish Gupta</span></div>
<div style='border: 1px solid #ddd; padding: 8px; margin: 5px 0; border-radius: 4px; background-color: #f7f7f7; display: inline-block;'><strong>#TXTBX ▭</strong> :: <strong>Email</strong> Value entered ⇒ <span style='color: #009;'>manish.gupta@test.com</span></div>
<div style='border: 1px solid #ddd; padding: 8px; margin: 5px 0; border-radius: 4px; background-color: #f7f7f7; display: inline-block;'><strong>#TXTBX ▭</strong> :: <strong>Current Address</strong> Value entered ⇒ <span style='color: #009;'>Delhi</span></div>
<div style='border: 1px solid #ddd; padding: 8px; margin: 5px 0; border-radius: 4px; background-color: #f7f7f7; display: inline-block;'><strong>#TXTBX ▭</strong> :: <strong>Permanent Address</strong> Value entered ⇒ <span style='color: #009;'>Noida, Uttar Pradesh</span></div>
<div style='border: 1px solid #ddd; padding: 8px; margin: 5px 0; border-radius: 4px; background-color: #f7f7f7; display: inline-block;'><strong>#BTN 📤</strong> :: <strong>Clicked On</strong> ⇒ <span style='color: #001dff;'>Submit Button</span></div>
✅ Updated AutomationTestingStatus for FormId 101021 to '✅ [Automation Tester] TextBox Form Submitted Successfully at 01/06/2025 05:42:24 PM'
📋 Navigating to Home Page...
📋 Attempting to close modal popup (if present)...
⏳ Waiting for Home link to be clickable...
✅ Home link found: https://demoqa.com/
📋 Clicking on Home link...
⏳ Waiting for loader to disappear...
⏳ Verifying home page load...
❌ Navigation to Home Page failed: Expected condition failed: waiting for url to contain "home". Current url: "https://demoqa.com/" (tried for 10 second(s) with 500 milliseconds interval)
Build info: version: '4.12.1', revision: '8e34639b11'
System info: os.name: 'Windows 11', os.arch: 'amd64', os.version: '10.0', java.version: '18.0.1.1'
Driver info: org.openqa.selenium.chrome.ChromeDriver
Capabilities {acceptInsecureCerts: false, browserName: chrome, browserVersion: 136.0.7103.114, chrome: {chromedriverVersion: 136.0.7103.113 (76fa3c17824..., userDataDir: C:\Users\HP\AppData\Local\T...}, fedcm:accounts: true, goog:chromeOptions: {debuggerAddress: localhost:50211}, networkConnectionEnabled: false, pageLoadStrategy: normal, platformName: windows, proxy: Proxy(), se:cdp: ws://localhost:50211/devtoo..., se:cdpVersion: 136.0.7103.114, setWindowRect: true, strictFileInteractability: false, timeouts: {implicit: 0, pageLoad: 300000, script: 30000}, unhandledPromptBehavior: dismiss and notify, webauthn:extension:credBlob: true, webauthn:extension:largeBlob: true, webauthn:extension:minPinLength: true, webauthn:extension:prf: true, webauthn:virtualAuthenticators: true}
Session ID: e8754be54f8aaba068ee488e1e2786a9]]>
    </system-out>
  </testcase> <!-- verifyTextBoxFormSubmission -->
  <testcase classname="com.test.demoqa.TextBoxTestDataFromDB" name="verifyTextBoxFormSubmission" time="3.132">
    <system-out>
      <![CDATA[<div style="background-color:#ffeeba; border:2px solid #856404; border-radius:10px; padding:10px 15px; text-align:left; margin:10px 0; display:inline-block; color:#856404; box-shadow: 0px 4px 6px rgba(0, 0, 0, 0.2);"><p style='font-size:18px; margin:0;'><b>Skipped: 🔐 Admin Connection URL: jdbc:sqlserver://localhost:1433;database=QADEMO;integratedSecurity=true;encrypt=false;trustServerCertificate=true;loginTimeout=30;</b></p></div>
<div style="background-color:#ffeeba; border:2px solid #856404; border-radius:10px; padding:10px 15px; text-align:left; margin:10px 0; display:inline-block; color:#856404; box-shadow: 0px 4px 6px rgba(0, 0, 0, 0.2);"><p style='font-size:18px; margin:0;'><b>Skipped: 🔐 Company Connection URL: jdbc:sqlserver://localhost:1433;database=QADEMO;integratedSecurity=true;encrypt=false;trustServerCertificate=true;loginTimeout=30;</b></p></div>
<div style='border: 1px solid #e0e0e0;padding: 8px 12px;margin: 8px 0;border-radius: 6px;background: linear-gradient(to right, #f8f9fa, #ffffff);box-shadow: 0 2px 4px rgba(0,0,0,0.05);display: inline-block;font-family: Arial, sans-serif;'><span style='font-weight: bold;color: #333;'>🌍 Browser Info:</span> <span style='color: #2c7be5;font-weight: 500;'><img src='data:image/svg+xml;base64,PHN2ZyB4bWxucz0iaHR0cDovL3d3dy53My5vcmcvMjAwMC9zdmciIHZpZXdCb3g9IjAgMCA0NDggNTEyIj48cGF0aCBmaWxsPSIjRkZDMTAyIiBkPSJNMjI0IDI1NmMwIDEyLjktNyAyNC40LTE3LjcgMjkuNkwxODcgMzA5LjljLTUuNCAzLTEyLjMgMy4xLTE3LjcuMS0xMC40LTUuOS0xNi43LTE2LjktMTYuNy0yOC42VjE5OGMwLTEyLjkgNy0yNC40IDE3LjctMjkuNkwxODcgMTQyLjFjNS40LTMgMTIuMy0zLjEgMTcuNy0uMSAxMC40IDUuOSAxNi43IDE2LjkgMTYuNyAyOC42djU4LjJ6Ii8+PHBhdGggZmlsbD0iIzRBNDlGNSIgZD0iTTIyNCAyNTZjMCAxMi45LTcgMjQuNC0xNy43IDI5LjZMMTg3IDMwOS45Yy01LjQgMy0xMi4zIDMuMS0xNy43LjEtMTAuNC01LjktMTYuNy0xNi45LTE2LjctMjguNlYxOThjMC0xMi45IDctMjQuNCAxNy43LTI5LjZMMTg3IDE0Mi4xYzUuNC0zIDEyLjMtMy4xIDE3LjctLjEgMTAuNCA1LjkgMTYuNyAxNi45IDE2LjcgMjguNnY1OC4yeiIvPjxwYXRoIGZpbGw9IiNGRkMxMDIiIGQ9Ik0yMjQgMjU2YzAgMTIuOS03IDI0LjQtMTcuNyAyOS42TDE4NyAzMDkuOWMtNS40IDMtMTIuMyAzLjEtMTcuNy4xLTEwLjQtNS45LTE2LjctMTYuOS0xNi43LTI4LjZWMTk4YzAtMTIuOSA3LTI0LjQgMTcuNy0yOS42TDE4NyAxNDIuMWM1LjQtMyAxMi4zLTMuMSAxNy43LS4xIDEwLjQgNS45IDE2LjcgMTYuOSAxNi43IDI4LjZ2NTguMnoiLz48cGF0aCBmaWxsPSIjRkZDMTAyIiBkPSJNMjI0IDI1NmMwIDEyLjktNyAyNC40LTE3LjcgMjkuNkwxODcgMzA5LjljLTUuNCAzLTEyLjMgMy4xLTE3LjcuMS0xMC40LTUuOS0xNi43LTE2LjktMTYuNy0yOC42VjE5OGMwLTEyLjkgNy0yNC40IDE3LjctMjkuNkwxODcgMTQyLjFjNS40LTMgMTIuMy0zLjEgMTcuNy0uMSAxMC40IDUuOSAxNi43IDE2LjkgMTYuNyAyOC42djU4LjJ6Ii8+PC9zdmc+' height='20' width='20' style='vertical-align: middle;' /> <span style='color: #4285F4;'>Google Chrome</span></span></div>
<div style="border: 1px solid #ddd; padding: 8px; margin: 5px 0; border-radius: 4px; background-color: #f7f7f7; display: inline-block;"><strong>💻 #System Info</strong> :: <strong>PC Name</strong> ⇒ <span style="color: #001dff;">ANKUSH1111</span> &nbsp;&nbsp;|&nbsp;&nbsp; <strong>User</strong> ⇒ <span style="color: #006400;">HP</span></div>
<div style='border: 1px solid #ddd; padding: 8px; margin: 5px 0; border-radius: 4px; background-color: #f7f7f7; display: inline-block;'><strong>#TXTBX ▭</strong> :: <strong>Full Name</strong> Value entered ⇒ <span style='color: #009;'>Ayesha Khan</span></div>
<div style='border: 1px solid #ddd; padding: 8px; margin: 5px 0; border-radius: 4px; background-color: #f7f7f7; display: inline-block;'><strong>#TXTBX ▭</strong> :: <strong>Email</strong> Value entered ⇒ <span style='color: #009;'>ayesha.khan@test.com</span></div>
<div style='border: 1px solid #ddd; padding: 8px; margin: 5px 0; border-radius: 4px; background-color: #f7f7f7; display: inline-block;'><strong>#TXTBX ▭</strong> :: <strong>Current Address</strong> Value entered ⇒ <span style='color: #009;'>Bhopal, Madhya Pradesh</span></div>
<div style='border: 1px solid #ddd; padding: 8px; margin: 5px 0; border-radius: 4px; background-color: #f7f7f7; display: inline-block;'><strong>#TXTBX ▭</strong> :: <strong>Permanent Address</strong> Value entered ⇒ <span style='color: #009;'>Gwalior, Madhya Pradesh</span></div>
<div style='border: 1px solid #ddd; padding: 8px; margin: 5px 0; border-radius: 4px; background-color: #f7f7f7; display: inline-block;'><strong>#BTN 📤</strong> :: <strong>Clicked On</strong> ⇒ <span style='color: #001dff;'>Submit Button</span></div>
✅ Updated AutomationTestingStatus for FormId 101022 to '✅ [Automation Tester] TextBox Form Submitted Successfully at 01/06/2025 05:42:38 PM'
📋 Navigating to Home Page...
📋 Attempting to close modal popup (if present)...
⏳ Waiting for Home link to be clickable...
✅ Home link found: https://demoqa.com/
📋 Clicking on Home link...
⏳ Waiting for loader to disappear...
⏳ Verifying home page load...
❌ Navigation to Home Page failed: Expected condition failed: waiting for url to contain "home". Current url: "https://demoqa.com/" (tried for 10 second(s) with 500 milliseconds interval)
Build info: version: '4.12.1', revision: '8e34639b11'
System info: os.name: 'Windows 11', os.arch: 'amd64', os.version: '10.0', java.version: '18.0.1.1'
Driver info: org.openqa.selenium.chrome.ChromeDriver
Capabilities {acceptInsecureCerts: false, browserName: chrome, browserVersion: 136.0.7103.114, chrome: {chromedriverVersion: 136.0.7103.113 (76fa3c17824..., userDataDir: C:\Users\HP\AppData\Local\T...}, fedcm:accounts: true, goog:chromeOptions: {debuggerAddress: localhost:50211}, networkConnectionEnabled: false, pageLoadStrategy: normal, platformName: windows, proxy: Proxy(), se:cdp: ws://localhost:50211/devtoo..., se:cdpVersion: 136.0.7103.114, setWindowRect: true, strictFileInteractability: false, timeouts: {implicit: 0, pageLoad: 300000, script: 30000}, unhandledPromptBehavior: dismiss and notify, webauthn:extension:credBlob: true, webauthn:extension:largeBlob: true, webauthn:extension:minPinLength: true, webauthn:extension:prf: true, webauthn:virtualAuthenticators: true}
Session ID: e8754be54f8aaba068ee488e1e2786a9]]>
    </system-out>
  </testcase> <!-- verifyTextBoxFormSubmission -->
  <testcase classname="com.test.demoqa.TextBoxTestDataFromDB" name="verifyTextBoxFormSubmission" time="3.743">
    <system-out>
      <![CDATA[<div style="background-color:#ffeeba; border:2px solid #856404; border-radius:10px; padding:10px 15px; text-align:left; margin:10px 0; display:inline-block; color:#856404; box-shadow: 0px 4px 6px rgba(0, 0, 0, 0.2);"><p style='font-size:18px; margin:0;'><b>Skipped: 🔐 Admin Connection URL: jdbc:sqlserver://localhost:1433;database=QADEMO;integratedSecurity=true;encrypt=false;trustServerCertificate=true;loginTimeout=30;</b></p></div>
<div style="background-color:#ffeeba; border:2px solid #856404; border-radius:10px; padding:10px 15px; text-align:left; margin:10px 0; display:inline-block; color:#856404; box-shadow: 0px 4px 6px rgba(0, 0, 0, 0.2);"><p style='font-size:18px; margin:0;'><b>Skipped: 🔐 Company Connection URL: jdbc:sqlserver://localhost:1433;database=QADEMO;integratedSecurity=true;encrypt=false;trustServerCertificate=true;loginTimeout=30;</b></p></div>
<div style='border: 1px solid #e0e0e0;padding: 8px 12px;margin: 8px 0;border-radius: 6px;background: linear-gradient(to right, #f8f9fa, #ffffff);box-shadow: 0 2px 4px rgba(0,0,0,0.05);display: inline-block;font-family: Arial, sans-serif;'><span style='font-weight: bold;color: #333;'>🌍 Browser Info:</span> <span style='color: #2c7be5;font-weight: 500;'><img src='data:image/svg+xml;base64,PHN2ZyB4bWxucz0iaHR0cDovL3d3dy53My5vcmcvMjAwMC9zdmciIHZpZXdCb3g9IjAgMCA0NDggNTEyIj48cGF0aCBmaWxsPSIjRkZDMTAyIiBkPSJNMjI0IDI1NmMwIDEyLjktNyAyNC40LTE3LjcgMjkuNkwxODcgMzA5LjljLTUuNCAzLTEyLjMgMy4xLTE3LjcuMS0xMC40LTUuOS0xNi43LTE2LjktMTYuNy0yOC42VjE5OGMwLTEyLjkgNy0yNC40IDE3LjctMjkuNkwxODcgMTQyLjFjNS40LTMgMTIuMy0zLjEgMTcuNy0uMSAxMC40IDUuOSAxNi43IDE2LjkgMTYuNyAyOC42djU4LjJ6Ii8+PHBhdGggZmlsbD0iIzRBNDlGNSIgZD0iTTIyNCAyNTZjMCAxMi45LTcgMjQuNC0xNy43IDI5LjZMMTg3IDMwOS45Yy01LjQgMy0xMi4zIDMuMS0xNy43LjEtMTAuNC01LjktMTYuNy0xNi45LTE2LjctMjguNlYxOThjMC0xMi45IDctMjQuNCAxNy43LTI5LjZMMTg3IDE0Mi4xYzUuNC0zIDEyLjMtMy4xIDE3LjctLjEgMTAuNCA1LjkgMTYuNyAxNi45IDE2LjcgMjguNnY1OC4yeiIvPjxwYXRoIGZpbGw9IiNGRkMxMDIiIGQ9Ik0yMjQgMjU2YzAgMTIuOS03IDI0LjQtMTcuNyAyOS42TDE4NyAzMDkuOWMtNS40IDMtMTIuMyAzLjEtMTcuNy4xLTEwLjQtNS45LTE2LjctMTYuOS0xNi43LTI4LjZWMTk4YzAtMTIuOSA3LTI0LjQgMTcuNy0yOS42TDE4NyAxNDIuMWM1LjQtMyAxMi4zLTMuMSAxNy43LS4xIDEwLjQgNS45IDE2LjcgMTYuOSAxNi43IDI4LjZ2NTguMnoiLz48cGF0aCBmaWxsPSIjRkZDMTAyIiBkPSJNMjI0IDI1NmMwIDEyLjktNyAyNC40LTE3LjcgMjkuNkwxODcgMzA5LjljLTUuNCAzLTEyLjMgMy4xLTE3LjcuMS0xMC40LTUuOS0xNi43LTE2LjktMTYuNy0yOC42VjE5OGMwLTEyLjkgNy0yNC40IDE3LjctMjkuNkwxODcgMTQyLjFjNS40LTMgMTIuMy0zLjEgMTcuNy0uMSAxMC40IDUuOSAxNi43IDE2LjkgMTYuNyAyOC42djU4LjJ6Ii8+PC9zdmc+' height='20' width='20' style='vertical-align: middle;' /> <span style='color: #4285F4;'>Google Chrome</span></span></div>
<div style="border: 1px solid #ddd; padding: 8px; margin: 5px 0; border-radius: 4px; background-color: #f7f7f7; display: inline-block;"><strong>💻 #System Info</strong> :: <strong>PC Name</strong> ⇒ <span style="color: #001dff;">ANKUSH1111</span> &nbsp;&nbsp;|&nbsp;&nbsp; <strong>User</strong> ⇒ <span style="color: #006400;">HP</span></div>
<div style='border: 1px solid #ddd; padding: 8px; margin: 5px 0; border-radius: 4px; background-color: #f7f7f7; display: inline-block;'><strong>#TXTBX ▭</strong> :: <strong>Full Name</strong> Value entered ⇒ <span style='color: #009;'>Meena Rathi</span></div>
<div style='border: 1px solid #ddd; padding: 8px; margin: 5px 0; border-radius: 4px; background-color: #f7f7f7; display: inline-block;'><strong>#TXTBX ▭</strong> :: <strong>Email</strong> Value entered ⇒ <span style='color: #009;'>meena.rathi@test.com</span></div>
<div style='border: 1px solid #ddd; padding: 8px; margin: 5px 0; border-radius: 4px; background-color: #f7f7f7; display: inline-block;'><strong>#TXTBX ▭</strong> :: <strong>Current Address</strong> Value entered ⇒ <span style='color: #009;'>Surat, Gujarat</span></div>
<div style='border: 1px solid #ddd; padding: 8px; margin: 5px 0; border-radius: 4px; background-color: #f7f7f7; display: inline-block;'><strong>#TXTBX ▭</strong> :: <strong>Permanent Address</strong> Value entered ⇒ <span style='color: #009;'>Rajkot, Gujarat</span></div>
<div style='border: 1px solid #ddd; padding: 8px; margin: 5px 0; border-radius: 4px; background-color: #f7f7f7; display: inline-block;'><strong>#BTN 📤</strong> :: <strong>Clicked On</strong> ⇒ <span style='color: #001dff;'>Submit Button</span></div>
✅ Updated AutomationTestingStatus for FormId 101024 to '✅ [Automation Tester] TextBox Form Submitted Successfully at 01/06/2025 05:43:12 PM'
📋 Navigating to Home Page...
📋 Attempting to close modal popup (if present)...
⏳ Waiting for Home link to be clickable...
✅ Home link found: https://demoqa.com/
📋 Clicking on Home link...
⏳ Waiting for loader to disappear...
⏳ Verifying home page load...
❌ Navigation to Home Page failed: Expected condition failed: waiting for url to contain "home". Current url: "https://demoqa.com/" (tried for 10 second(s) with 500 milliseconds interval)
Build info: version: '4.12.1', revision: '8e34639b11'
System info: os.name: 'Windows 11', os.arch: 'amd64', os.version: '10.0', java.version: '18.0.1.1'
Driver info: org.openqa.selenium.chrome.ChromeDriver
Capabilities {acceptInsecureCerts: false, browserName: chrome, browserVersion: 136.0.7103.114, chrome: {chromedriverVersion: 136.0.7103.113 (76fa3c17824..., userDataDir: C:\Users\HP\AppData\Local\T...}, fedcm:accounts: true, goog:chromeOptions: {debuggerAddress: localhost:50211}, networkConnectionEnabled: false, pageLoadStrategy: normal, platformName: windows, proxy: Proxy(), se:cdp: ws://localhost:50211/devtoo..., se:cdpVersion: 136.0.7103.114, setWindowRect: true, strictFileInteractability: false, timeouts: {implicit: 0, pageLoad: 300000, script: 30000}, unhandledPromptBehavior: dismiss and notify, webauthn:extension:credBlob: true, webauthn:extension:largeBlob: true, webauthn:extension:minPinLength: true, webauthn:extension:prf: true, webauthn:virtualAuthenticators: true}
Session ID: e8754be54f8aaba068ee488e1e2786a9]]>
    </system-out>
  </testcase> <!-- verifyTextBoxFormSubmission -->
  <testcase classname="com.test.demoqa.TextBoxTestDataFromDB" name="verifyTextBoxFormSubmission" time="2.486">
    <system-out>
      <![CDATA[<div style="background-color:#ffeeba; border:2px solid #856404; border-radius:10px; padding:10px 15px; text-align:left; margin:10px 0; display:inline-block; color:#856404; box-shadow: 0px 4px 6px rgba(0, 0, 0, 0.2);"><p style='font-size:18px; margin:0;'><b>Skipped: 🔐 Admin Connection URL: jdbc:sqlserver://localhost:1433;database=QADEMO;integratedSecurity=true;encrypt=false;trustServerCertificate=true;loginTimeout=30;</b></p></div>
<div style="background-color:#ffeeba; border:2px solid #856404; border-radius:10px; padding:10px 15px; text-align:left; margin:10px 0; display:inline-block; color:#856404; box-shadow: 0px 4px 6px rgba(0, 0, 0, 0.2);"><p style='font-size:18px; margin:0;'><b>Skipped: 🔐 Company Connection URL: jdbc:sqlserver://localhost:1433;database=QADEMO;integratedSecurity=true;encrypt=false;trustServerCertificate=true;loginTimeout=30;</b></p></div>
<div style='border: 1px solid #e0e0e0;padding: 8px 12px;margin: 8px 0;border-radius: 6px;background: linear-gradient(to right, #f8f9fa, #ffffff);box-shadow: 0 2px 4px rgba(0,0,0,0.05);display: inline-block;font-family: Arial, sans-serif;'><span style='font-weight: bold;color: #333;'>🌍 Browser Info:</span> <span style='color: #2c7be5;font-weight: 500;'><img src='data:image/svg+xml;base64,PHN2ZyB4bWxucz0iaHR0cDovL3d3dy53My5vcmcvMjAwMC9zdmciIHZpZXdCb3g9IjAgMCA0NDggNTEyIj48cGF0aCBmaWxsPSIjRkZDMTAyIiBkPSJNMjI0IDI1NmMwIDEyLjktNyAyNC40LTE3LjcgMjkuNkwxODcgMzA5LjljLTUuNCAzLTEyLjMgMy4xLTE3LjcuMS0xMC40LTUuOS0xNi43LTE2LjktMTYuNy0yOC42VjE5OGMwLTEyLjkgNy0yNC40IDE3LjctMjkuNkwxODcgMTQyLjFjNS40LTMgMTIuMy0zLjEgMTcuNy0uMSAxMC40IDUuOSAxNi43IDE2LjkgMTYuNyAyOC42djU4LjJ6Ii8+PHBhdGggZmlsbD0iIzRBNDlGNSIgZD0iTTIyNCAyNTZjMCAxMi45LTcgMjQuNC0xNy43IDI5LjZMMTg3IDMwOS45Yy01LjQgMy0xMi4zIDMuMS0xNy43LjEtMTAuNC01LjktMTYuNy0xNi45LTE2LjctMjguNlYxOThjMC0xMi45IDctMjQuNCAxNy43LTI5LjZMMTg3IDE0Mi4xYzUuNC0zIDEyLjMtMy4xIDE3LjctLjEgMTAuNCA1LjkgMTYuNyAxNi45IDE2LjcgMjguNnY1OC4yeiIvPjxwYXRoIGZpbGw9IiNGRkMxMDIiIGQ9Ik0yMjQgMjU2YzAgMTIuOS03IDI0LjQtMTcuNyAyOS42TDE4NyAzMDkuOWMtNS40IDMtMTIuMyAzLjEtMTcuNy4xLTEwLjQtNS45LTE2LjctMTYuOS0xNi43LTI4LjZWMTk4YzAtMTIuOSA3LTI0LjQgMTcuNy0yOS42TDE4NyAxNDIuMWM1LjQtMyAxMi4zLTMuMSAxNy43LS4xIDEwLjQgNS45IDE2LjcgMTYuOSAxNi43IDI4LjZ2NTguMnoiLz48cGF0aCBmaWxsPSIjRkZDMTAyIiBkPSJNMjI0IDI1NmMwIDEyLjktNyAyNC40LTE3LjcgMjkuNkwxODcgMzA5LjljLTUuNCAzLTEyLjMgMy4xLTE3LjcuMS0xMC40LTUuOS0xNi43LTE2LjktMTYuNy0yOC42VjE5OGMwLTEyLjkgNy0yNC40IDE3LjctMjkuNkwxODcgMTQyLjFjNS40LTMgMTIuMy0zLjEgMTcuNy0uMSAxMC40IDUuOSAxNi43IDE2LjkgMTYuNyAyOC42djU4LjJ6Ii8+PC9zdmc+' height='20' width='20' style='vertical-align: middle;' /> <span style='color: #4285F4;'>Google Chrome</span></span></div>
<div style="border: 1px solid #ddd; padding: 8px; margin: 5px 0; border-radius: 4px; background-color: #f7f7f7; display: inline-block;"><strong>💻 #System Info</strong> :: <strong>PC Name</strong> ⇒ <span style="color: #001dff;">ANKUSH1111</span> &nbsp;&nbsp;|&nbsp;&nbsp; <strong>User</strong> ⇒ <span style="color: #006400;">HP</span></div>
<div style='border: 1px solid #ddd; padding: 8px; margin: 5px 0; border-radius: 4px; background-color: #f7f7f7; display: inline-block;'><strong>#TXTBX ▭</strong> :: <strong>Full Name</strong> Value entered ⇒ <span style='color: #009;'>Vikram Shetty</span></div>
<div style='border: 1px solid #ddd; padding: 8px; margin: 5px 0; border-radius: 4px; background-color: #f7f7f7; display: inline-block;'><strong>#TXTBX ▭</strong> :: <strong>Email</strong> Value entered ⇒ <span style='color: #009;'>vikram.shetty@test.com</span></div>
<div style='border: 1px solid #ddd; padding: 8px; margin: 5px 0; border-radius: 4px; background-color: #f7f7f7; display: inline-block;'><strong>#TXTBX ▭</strong> :: <strong>Current Address</strong> Value entered ⇒ <span style='color: #009;'>Mangalore, Karnataka</span></div>
<div style='border: 1px solid #ddd; padding: 8px; margin: 5px 0; border-radius: 4px; background-color: #f7f7f7; display: inline-block;'><strong>#TXTBX ▭</strong> :: <strong>Permanent Address</strong> Value entered ⇒ <span style='color: #009;'>Udupi, Karnataka</span></div>
<div style='border: 1px solid #ddd; padding: 8px; margin: 5px 0; border-radius: 4px; background-color: #f7f7f7; display: inline-block;'><strong>#BTN 📤</strong> :: <strong>Clicked On</strong> ⇒ <span style='color: #001dff;'>Submit Button</span></div>
✅ Updated AutomationTestingStatus for FormId 101029 to '✅ [Automation Tester] TextBox Form Submitted Successfully at 01/06/2025 05:44:21 PM'
📋 Navigating to Home Page...
📋 Attempting to close modal popup (if present)...
⏳ Waiting for Home link to be clickable...
✅ Home link found: https://demoqa.com/
📋 Clicking on Home link...
⏳ Waiting for loader to disappear...
⏳ Verifying home page load...
❌ Navigation to Home Page failed: Expected condition failed: waiting for url to contain "home". Current url: "https://demoqa.com/" (tried for 10 second(s) with 500 milliseconds interval)
Build info: version: '4.12.1', revision: '8e34639b11'
System info: os.name: 'Windows 11', os.arch: 'amd64', os.version: '10.0', java.version: '18.0.1.1'
Driver info: org.openqa.selenium.chrome.ChromeDriver
Capabilities {acceptInsecureCerts: false, browserName: chrome, browserVersion: 136.0.7103.114, chrome: {chromedriverVersion: 136.0.7103.113 (76fa3c17824..., userDataDir: C:\Users\HP\AppData\Local\T...}, fedcm:accounts: true, goog:chromeOptions: {debuggerAddress: localhost:50211}, networkConnectionEnabled: false, pageLoadStrategy: normal, platformName: windows, proxy: Proxy(), se:cdp: ws://localhost:50211/devtoo..., se:cdpVersion: 136.0.7103.114, setWindowRect: true, strictFileInteractability: false, timeouts: {implicit: 0, pageLoad: 300000, script: 30000}, unhandledPromptBehavior: dismiss and notify, webauthn:extension:credBlob: true, webauthn:extension:largeBlob: true, webauthn:extension:minPinLength: true, webauthn:extension:prf: true, webauthn:virtualAuthenticators: true}
Session ID: e8754be54f8aaba068ee488e1e2786a9]]>
    </system-out>
  </testcase> <!-- verifyTextBoxFormSubmission -->
  <testcase classname="com.test.demoqa.TextBoxTestDataFromDB" name="verifyTextBoxFormSubmission" time="3.919">
    <system-out>
      <![CDATA[<div style="background-color:#ffeeba; border:2px solid #856404; border-radius:10px; padding:10px 15px; text-align:left; margin:10px 0; display:inline-block; color:#856404; box-shadow: 0px 4px 6px rgba(0, 0, 0, 0.2);"><p style='font-size:18px; margin:0;'><b>Skipped: 🔐 Admin Connection URL: jdbc:sqlserver://localhost:1433;database=QADEMO;integratedSecurity=true;encrypt=false;trustServerCertificate=true;loginTimeout=30;</b></p></div>
<div style="background-color:#ffeeba; border:2px solid #856404; border-radius:10px; padding:10px 15px; text-align:left; margin:10px 0; display:inline-block; color:#856404; box-shadow: 0px 4px 6px rgba(0, 0, 0, 0.2);"><p style='font-size:18px; margin:0;'><b>Skipped: 🔐 Company Connection URL: jdbc:sqlserver://localhost:1433;database=QADEMO;integratedSecurity=true;encrypt=false;trustServerCertificate=true;loginTimeout=30;</b></p></div>
<div style='border: 1px solid #e0e0e0;padding: 8px 12px;margin: 8px 0;border-radius: 6px;background: linear-gradient(to right, #f8f9fa, #ffffff);box-shadow: 0 2px 4px rgba(0,0,0,0.05);display: inline-block;font-family: Arial, sans-serif;'><span style='font-weight: bold;color: #333;'>🌍 Browser Info:</span> <span style='color: #2c7be5;font-weight: 500;'><img src='data:image/svg+xml;base64,PHN2ZyB4bWxucz0iaHR0cDovL3d3dy53My5vcmcvMjAwMC9zdmciIHZpZXdCb3g9IjAgMCA0NDggNTEyIj48cGF0aCBmaWxsPSIjRkZDMTAyIiBkPSJNMjI0IDI1NmMwIDEyLjktNyAyNC40LTE3LjcgMjkuNkwxODcgMzA5LjljLTUuNCAzLTEyLjMgMy4xLTE3LjcuMS0xMC40LTUuOS0xNi43LTE2LjktMTYuNy0yOC42VjE5OGMwLTEyLjkgNy0yNC40IDE3LjctMjkuNkwxODcgMTQyLjFjNS40LTMgMTIuMy0zLjEgMTcuNy0uMSAxMC40IDUuOSAxNi43IDE2LjkgMTYuNyAyOC42djU4LjJ6Ii8+PHBhdGggZmlsbD0iIzRBNDlGNSIgZD0iTTIyNCAyNTZjMCAxMi45LTcgMjQuNC0xNy43IDI5LjZMMTg3IDMwOS45Yy01LjQgMy0xMi4zIDMuMS0xNy43LjEtMTAuNC01LjktMTYuNy0xNi45LTE2LjctMjguNlYxOThjMC0xMi45IDctMjQuNCAxNy43LTI5LjZMMTg3IDE0Mi4xYzUuNC0zIDEyLjMtMy4xIDE3LjctLjEgMTAuNCA1LjkgMTYuNyAxNi45IDE2LjcgMjguNnY1OC4yeiIvPjxwYXRoIGZpbGw9IiNGRkMxMDIiIGQ9Ik0yMjQgMjU2YzAgMTIuOS03IDI0LjQtMTcuNyAyOS42TDE4NyAzMDkuOWMtNS40IDMtMTIuMyAzLjEtMTcuNy4xLTEwLjQtNS45LTE2LjctMTYuOS0xNi43LTI4LjZWMTk4YzAtMTIuOSA3LTI0LjQgMTcuNy0yOS42TDE4NyAxNDIuMWM1LjQtMyAxMi4zLTMuMSAxNy43LS4xIDEwLjQgNS45IDE2LjcgMTYuOSAxNi43IDI4LjZ2NTguMnoiLz48cGF0aCBmaWxsPSIjRkZDMTAyIiBkPSJNMjI0IDI1NmMwIDEyLjktNyAyNC40LTE3LjcgMjkuNkwxODcgMzA5LjljLTUuNCAzLTEyLjMgMy4xLTE3LjcuMS0xMC40LTUuOS0xNi43LTE2LjktMTYuNy0yOC42VjE5OGMwLTEyLjkgNy0yNC40IDE3LjctMjkuNkwxODcgMTQyLjFjNS40LTMgMTIuMy0zLjEgMTcuNy0uMSAxMC40IDUuOSAxNi43IDE2LjkgMTYuNyAyOC42djU4LjJ6Ii8+PC9zdmc+' height='20' width='20' style='vertical-align: middle;' /> <span style='color: #4285F4;'>Google Chrome</span></span></div>
<div style="border: 1px solid #ddd; padding: 8px; margin: 5px 0; border-radius: 4px; background-color: #f7f7f7; display: inline-block;"><strong>💻 #System Info</strong> :: <strong>PC Name</strong> ⇒ <span style="color: #001dff;">ANKUSH1111</span> &nbsp;&nbsp;|&nbsp;&nbsp; <strong>User</strong> ⇒ <span style="color: #006400;">HP</span></div>
<div style='border: 1px solid #ddd; padding: 8px; margin: 5px 0; border-radius: 4px; background-color: #f7f7f7; display: inline-block;'><strong>#TXTBX ▭</strong> :: <strong>Full Name</strong> Value entered ⇒ <span style='color: #009;'>Karan Mehta</span></div>
<div style='border: 1px solid #ddd; padding: 8px; margin: 5px 0; border-radius: 4px; background-color: #f7f7f7; display: inline-block;'><strong>#TXTBX ▭</strong> :: <strong>Email</strong> Value entered ⇒ <span style='color: #009;'>karan.mehta@test.com</span></div>
<div style='border: 1px solid #ddd; padding: 8px; margin: 5px 0; border-radius: 4px; background-color: #f7f7f7; display: inline-block;'><strong>#TXTBX ▭</strong> :: <strong>Current Address</strong> Value entered ⇒ <span style='color: #009;'>Jaipur, Rajasthan</span></div>
<div style='border: 1px solid #ddd; padding: 8px; margin: 5px 0; border-radius: 4px; background-color: #f7f7f7; display: inline-block;'><strong>#TXTBX ▭</strong> :: <strong>Permanent Address</strong> Value entered ⇒ <span style='color: #009;'>Udaipur, Rajasthan</span></div>
<div style='border: 1px solid #ddd; padding: 8px; margin: 5px 0; border-radius: 4px; background-color: #f7f7f7; display: inline-block;'><strong>#BTN 📤</strong> :: <strong>Clicked On</strong> ⇒ <span style='color: #001dff;'>Submit Button</span></div>
✅ Updated AutomationTestingStatus for FormId 101015 to '✅ [Automation Tester] TextBox Form Submitted Successfully at 01/06/2025 05:40:43 PM'
📋 Navigating to Home Page...
📋 Attempting to close modal popup (if present)...
⏳ Waiting for Home link to be clickable...
✅ Home link found: https://demoqa.com/
📋 Clicking on Home link...
⏳ Waiting for loader to disappear...
⏳ Verifying home page load...
❌ Navigation to Home Page failed: Expected condition failed: waiting for url to contain "home". Current url: "https://demoqa.com/" (tried for 10 second(s) with 500 milliseconds interval)
Build info: version: '4.12.1', revision: '8e34639b11'
System info: os.name: 'Windows 11', os.arch: 'amd64', os.version: '10.0', java.version: '18.0.1.1'
Driver info: org.openqa.selenium.chrome.ChromeDriver
Capabilities {acceptInsecureCerts: false, browserName: chrome, browserVersion: 136.0.7103.114, chrome: {chromedriverVersion: 136.0.7103.113 (76fa3c17824..., userDataDir: C:\Users\HP\AppData\Local\T...}, fedcm:accounts: true, goog:chromeOptions: {debuggerAddress: localhost:50211}, networkConnectionEnabled: false, pageLoadStrategy: normal, platformName: windows, proxy: Proxy(), se:cdp: ws://localhost:50211/devtoo..., se:cdpVersion: 136.0.7103.114, setWindowRect: true, strictFileInteractability: false, timeouts: {implicit: 0, pageLoad: 300000, script: 30000}, unhandledPromptBehavior: dismiss and notify, webauthn:extension:credBlob: true, webauthn:extension:largeBlob: true, webauthn:extension:minPinLength: true, webauthn:extension:prf: true, webauthn:virtualAuthenticators: true}
Session ID: e8754be54f8aaba068ee488e1e2786a9]]>
    </system-out>
  </testcase> <!-- verifyTextBoxFormSubmission -->
  <testcase classname="com.test.demoqa.TextBoxTestDataFromDB" name="verifyTextBoxFormSubmission" time="6.979">
    <system-out>
      <![CDATA[<div style="background-color:#ffeeba; border:2px solid #856404; border-radius:10px; padding:10px 15px; text-align:left; margin:10px 0; display:inline-block; color:#856404; box-shadow: 0px 4px 6px rgba(0, 0, 0, 0.2);"><p style='font-size:18px; margin:0;'><b>Skipped: 🔐 Admin Connection URL: jdbc:sqlserver://localhost:1433;database=QADEMO;integratedSecurity=true;encrypt=false;trustServerCertificate=true;loginTimeout=30;</b></p></div>
<div style="background-color:#ffeeba; border:2px solid #856404; border-radius:10px; padding:10px 15px; text-align:left; margin:10px 0; display:inline-block; color:#856404; box-shadow: 0px 4px 6px rgba(0, 0, 0, 0.2);"><p style='font-size:18px; margin:0;'><b>Skipped: 🔐 Company Connection URL: jdbc:sqlserver://localhost:1433;database=QADEMO;integratedSecurity=true;encrypt=false;trustServerCertificate=true;loginTimeout=30;</b></p></div>
<div style='border: 1px solid #e0e0e0;padding: 8px 12px;margin: 8px 0;border-radius: 6px;background: linear-gradient(to right, #f8f9fa, #ffffff);box-shadow: 0 2px 4px rgba(0,0,0,0.05);display: inline-block;font-family: Arial, sans-serif;'><span style='font-weight: bold;color: #333;'>🌍 Browser Info:</span> <span style='color: #2c7be5;font-weight: 500;'><img src='data:image/svg+xml;base64,PHN2ZyB4bWxucz0iaHR0cDovL3d3dy53My5vcmcvMjAwMC9zdmciIHZpZXdCb3g9IjAgMCA0NDggNTEyIj48cGF0aCBmaWxsPSIjRkZDMTAyIiBkPSJNMjI0IDI1NmMwIDEyLjktNyAyNC40LTE3LjcgMjkuNkwxODcgMzA5LjljLTUuNCAzLTEyLjMgMy4xLTE3LjcuMS0xMC40LTUuOS0xNi43LTE2LjktMTYuNy0yOC42VjE5OGMwLTEyLjkgNy0yNC40IDE3LjctMjkuNkwxODcgMTQyLjFjNS40LTMgMTIuMy0zLjEgMTcuNy0uMSAxMC40IDUuOSAxNi43IDE2LjkgMTYuNyAyOC42djU4LjJ6Ii8+PHBhdGggZmlsbD0iIzRBNDlGNSIgZD0iTTIyNCAyNTZjMCAxMi45LTcgMjQuNC0xNy43IDI5LjZMMTg3IDMwOS45Yy01LjQgMy0xMi4zIDMuMS0xNy43LjEtMTAuNC01LjktMTYuNy0xNi45LTE2LjctMjguNlYxOThjMC0xMi45IDctMjQuNCAxNy43LTI5LjZMMTg3IDE0Mi4xYzUuNC0zIDEyLjMtMy4xIDE3LjctLjEgMTAuNCA1LjkgMTYuNyAxNi45IDE2LjcgMjguNnY1OC4yeiIvPjxwYXRoIGZpbGw9IiNGRkMxMDIiIGQ9Ik0yMjQgMjU2YzAgMTIuOS03IDI0LjQtMTcuNyAyOS42TDE4NyAzMDkuOWMtNS40IDMtMTIuMyAzLjEtMTcuNy4xLTEwLjQtNS45LTE2LjctMTYuOS0xNi43LTI4LjZWMTk4YzAtMTIuOSA3LTI0LjQgMTcuNy0yOS42TDE4NyAxNDIuMWM1LjQtMyAxMi4zLTMuMSAxNy43LS4xIDEwLjQgNS45IDE2LjcgMTYuOSAxNi43IDI4LjZ2NTguMnoiLz48cGF0aCBmaWxsPSIjRkZDMTAyIiBkPSJNMjI0IDI1NmMwIDEyLjktNyAyNC40LTE3LjcgMjkuNkwxODcgMzA5LjljLTUuNCAzLTEyLjMgMy4xLTE3LjcuMS0xMC40LTUuOS0xNi43LTE2LjktMTYuNy0yOC42VjE5OGMwLTEyLjkgNy0yNC40IDE3LjctMjkuNkwxODcgMTQyLjFjNS40LTMgMTIuMy0zLjEgMTcuNy0uMSAxMC40IDUuOSAxNi43IDE2LjkgMTYuNyAyOC42djU4LjJ6Ii8+PC9zdmc+' height='20' width='20' style='vertical-align: middle;' /> <span style='color: #4285F4;'>Google Chrome</span></span></div>
<div style="border: 1px solid #ddd; padding: 8px; margin: 5px 0; border-radius: 4px; background-color: #f7f7f7; display: inline-block;"><strong>💻 #System Info</strong> :: <strong>PC Name</strong> ⇒ <span style="color: #001dff;">ANKUSH1111</span> &nbsp;&nbsp;|&nbsp;&nbsp; <strong>User</strong> ⇒ <span style="color: #006400;">HP</span></div>
<div style='border: 1px solid #ddd; padding: 8px; margin: 5px 0; border-radius: 4px; background-color: #f7f7f7; display: inline-block;'><strong>#TXTBX ▭</strong> :: <strong>Full Name</strong> Value entered ⇒ <span style='color: #009;'>Rohan Joshi</span></div>
<div style='border: 1px solid #ddd; padding: 8px; margin: 5px 0; border-radius: 4px; background-color: #f7f7f7; display: inline-block;'><strong>#TXTBX ▭</strong> :: <strong>Email</strong> Value entered ⇒ <span style='color: #009;'>rohan.joshi@test.com</span></div>
<div style='border: 1px solid #ddd; padding: 8px; margin: 5px 0; border-radius: 4px; background-color: #f7f7f7; display: inline-block;'><strong>#TXTBX ▭</strong> :: <strong>Current Address</strong> Value entered ⇒ <span style='color: #009;'>Nagpur, Maharashtra</span></div>
<div style='border: 1px solid #ddd; padding: 8px; margin: 5px 0; border-radius: 4px; background-color: #f7f7f7; display: inline-block;'><strong>#TXTBX ▭</strong> :: <strong>Permanent Address</strong> Value entered ⇒ <span style='color: #009;'>Akola, Maharashtra</span></div>
<div style='border: 1px solid #ddd; padding: 8px; margin: 5px 0; border-radius: 4px; background-color: #f7f7f7; display: inline-block;'><strong>#BTN 📤</strong> :: <strong>Clicked On</strong> ⇒ <span style='color: #001dff;'>Submit Button</span></div>
✅ Updated AutomationTestingStatus for FormId 101023 to '✅ [Automation Tester] TextBox Form Submitted Successfully at 01/06/2025 05:42:57 PM'
📋 Navigating to Home Page...
📋 Attempting to close modal popup (if present)...
⏳ Waiting for Home link to be clickable...
✅ Home link found: https://demoqa.com/
📋 Clicking on Home link...
⏳ Waiting for loader to disappear...
⏳ Verifying home page load...
❌ Navigation to Home Page failed: Expected condition failed: waiting for url to contain "home". Current url: "https://demoqa.com/" (tried for 10 second(s) with 500 milliseconds interval)
Build info: version: '4.12.1', revision: '8e34639b11'
System info: os.name: 'Windows 11', os.arch: 'amd64', os.version: '10.0', java.version: '18.0.1.1'
Driver info: org.openqa.selenium.chrome.ChromeDriver
Capabilities {acceptInsecureCerts: false, browserName: chrome, browserVersion: 136.0.7103.114, chrome: {chromedriverVersion: 136.0.7103.113 (76fa3c17824..., userDataDir: C:\Users\HP\AppData\Local\T...}, fedcm:accounts: true, goog:chromeOptions: {debuggerAddress: localhost:50211}, networkConnectionEnabled: false, pageLoadStrategy: normal, platformName: windows, proxy: Proxy(), se:cdp: ws://localhost:50211/devtoo..., se:cdpVersion: 136.0.7103.114, setWindowRect: true, strictFileInteractability: false, timeouts: {implicit: 0, pageLoad: 300000, script: 30000}, unhandledPromptBehavior: dismiss and notify, webauthn:extension:credBlob: true, webauthn:extension:largeBlob: true, webauthn:extension:minPinLength: true, webauthn:extension:prf: true, webauthn:virtualAuthenticators: true}
Session ID: e8754be54f8aaba068ee488e1e2786a9]]>
    </system-out>
  </testcase> <!-- verifyTextBoxFormSubmission -->
  <testcase classname="com.test.demoqa.TextBoxTestDataFromDB" name="verifyTextBoxFormSubmission" time="4.363">
    <system-out>
      <![CDATA[<div style="background-color:#ffeeba; border:2px solid #856404; border-radius:10px; padding:10px 15px; text-align:left; margin:10px 0; display:inline-block; color:#856404; box-shadow: 0px 4px 6px rgba(0, 0, 0, 0.2);"><p style='font-size:18px; margin:0;'><b>Skipped: 🔐 Admin Connection URL: jdbc:sqlserver://localhost:1433;database=QADEMO;integratedSecurity=true;encrypt=false;trustServerCertificate=true;loginTimeout=30;</b></p></div>
<div style="background-color:#ffeeba; border:2px solid #856404; border-radius:10px; padding:10px 15px; text-align:left; margin:10px 0; display:inline-block; color:#856404; box-shadow: 0px 4px 6px rgba(0, 0, 0, 0.2);"><p style='font-size:18px; margin:0;'><b>Skipped: 🔐 Company Connection URL: jdbc:sqlserver://localhost:1433;database=QADEMO;integratedSecurity=true;encrypt=false;trustServerCertificate=true;loginTimeout=30;</b></p></div>
<div style='border: 1px solid #e0e0e0;padding: 8px 12px;margin: 8px 0;border-radius: 6px;background: linear-gradient(to right, #f8f9fa, #ffffff);box-shadow: 0 2px 4px rgba(0,0,0,0.05);display: inline-block;font-family: Arial, sans-serif;'><span style='font-weight: bold;color: #333;'>🌍 Browser Info:</span> <span style='color: #2c7be5;font-weight: 500;'><img src='data:image/svg+xml;base64,PHN2ZyB4bWxucz0iaHR0cDovL3d3dy53My5vcmcvMjAwMC9zdmciIHZpZXdCb3g9IjAgMCA0NDggNTEyIj48cGF0aCBmaWxsPSIjRkZDMTAyIiBkPSJNMjI0IDI1NmMwIDEyLjktNyAyNC40LTE3LjcgMjkuNkwxODcgMzA5LjljLTUuNCAzLTEyLjMgMy4xLTE3LjcuMS0xMC40LTUuOS0xNi43LTE2LjktMTYuNy0yOC42VjE5OGMwLTEyLjkgNy0yNC40IDE3LjctMjkuNkwxODcgMTQyLjFjNS40LTMgMTIuMy0zLjEgMTcuNy0uMSAxMC40IDUuOSAxNi43IDE2LjkgMTYuNyAyOC42djU4LjJ6Ii8+PHBhdGggZmlsbD0iIzRBNDlGNSIgZD0iTTIyNCAyNTZjMCAxMi45LTcgMjQuNC0xNy43IDI5LjZMMTg3IDMwOS45Yy01LjQgMy0xMi4zIDMuMS0xNy43LjEtMTAuNC01LjktMTYuNy0xNi45LTE2LjctMjguNlYxOThjMC0xMi45IDctMjQuNCAxNy43LTI5LjZMMTg3IDE0Mi4xYzUuNC0zIDEyLjMtMy4xIDE3LjctLjEgMTAuNCA1LjkgMTYuNyAxNi45IDE2LjcgMjguNnY1OC4yeiIvPjxwYXRoIGZpbGw9IiNGRkMxMDIiIGQ9Ik0yMjQgMjU2YzAgMTIuOS03IDI0LjQtMTcuNyAyOS42TDE4NyAzMDkuOWMtNS40IDMtMTIuMyAzLjEtMTcuNy4xLTEwLjQtNS45LTE2LjctMTYuOS0xNi43LTI4LjZWMTk4YzAtMTIuOSA3LTI0LjQgMTcuNy0yOS42TDE4NyAxNDIuMWM1LjQtMyAxMi4zLTMuMSAxNy43LS4xIDEwLjQgNS45IDE2LjcgMTYuOSAxNi43IDI4LjZ2NTguMnoiLz48cGF0aCBmaWxsPSIjRkZDMTAyIiBkPSJNMjI0IDI1NmMwIDEyLjktNyAyNC40LTE3LjcgMjkuNkwxODcgMzA5LjljLTUuNCAzLTEyLjMgMy4xLTE3LjcuMS0xMC40LTUuOS0xNi43LTE2LjktMTYuNy0yOC42VjE5OGMwLTEyLjkgNy0yNC40IDE3LjctMjkuNkwxODcgMTQyLjFjNS40LTMgMTIuMy0zLjEgMTcuNy0uMSAxMC40IDUuOSAxNi43IDE2LjkgMTYuNyAyOC42djU4LjJ6Ii8+PC9zdmc+' height='20' width='20' style='vertical-align: middle;' /> <span style='color: #4285F4;'>Google Chrome</span></span></div>
<div style="border: 1px solid #ddd; padding: 8px; margin: 5px 0; border-radius: 4px; background-color: #f7f7f7; display: inline-block;"><strong>💻 #System Info</strong> :: <strong>PC Name</strong> ⇒ <span style="color: #001dff;">ANKUSH1111</span> &nbsp;&nbsp;|&nbsp;&nbsp; <strong>User</strong> ⇒ <span style="color: #006400;">HP</span></div>
<div style='border: 1px solid #ddd; padding: 8px; margin: 5px 0; border-radius: 4px; background-color: #f7f7f7; display: inline-block;'><strong>#TXTBX ▭</strong> :: <strong>Full Name</strong> Value entered ⇒ <span style='color: #009;'>Anjali Rao</span></div>
<div style='border: 1px solid #ddd; padding: 8px; margin: 5px 0; border-radius: 4px; background-color: #f7f7f7; display: inline-block;'><strong>#TXTBX ▭</strong> :: <strong>Email</strong> Value entered ⇒ <span style='color: #009;'>anjali.rao@test.com</span></div>
<div style='border: 1px solid #ddd; padding: 8px; margin: 5px 0; border-radius: 4px; background-color: #f7f7f7; display: inline-block;'><strong>#TXTBX ▭</strong> :: <strong>Current Address</strong> Value entered ⇒ <span style='color: #009;'>Hyderabad, Telangana</span></div>
<div style='border: 1px solid #ddd; padding: 8px; margin: 5px 0; border-radius: 4px; background-color: #f7f7f7; display: inline-block;'><strong>#TXTBX ▭</strong> :: <strong>Permanent Address</strong> Value entered ⇒ <span style='color: #009;'>Warangal, Telangana</span></div>
<div style='border: 1px solid #ddd; padding: 8px; margin: 5px 0; border-radius: 4px; background-color: #f7f7f7; display: inline-block;'><strong>#BTN 📤</strong> :: <strong>Clicked On</strong> ⇒ <span style='color: #001dff;'>Submit Button</span></div>
✅ Updated AutomationTestingStatus for FormId 101018 to '✅ [Automation Tester] TextBox Form Submitted Successfully at 01/06/2025 05:41:33 PM'
📋 Navigating to Home Page...
📋 Attempting to close modal popup (if present)...
⏳ Waiting for Home link to be clickable...
✅ Home link found: https://demoqa.com/
📋 Clicking on Home link...
⏳ Waiting for loader to disappear...
⏳ Verifying home page load...
❌ Navigation to Home Page failed: Expected condition failed: waiting for url to contain "home". Current url: "https://demoqa.com/" (tried for 10 second(s) with 500 milliseconds interval)
Build info: version: '4.12.1', revision: '8e34639b11'
System info: os.name: 'Windows 11', os.arch: 'amd64', os.version: '10.0', java.version: '18.0.1.1'
Driver info: org.openqa.selenium.chrome.ChromeDriver
Capabilities {acceptInsecureCerts: false, browserName: chrome, browserVersion: 136.0.7103.114, chrome: {chromedriverVersion: 136.0.7103.113 (76fa3c17824..., userDataDir: C:\Users\HP\AppData\Local\T...}, fedcm:accounts: true, goog:chromeOptions: {debuggerAddress: localhost:50211}, networkConnectionEnabled: false, pageLoadStrategy: normal, platformName: windows, proxy: Proxy(), se:cdp: ws://localhost:50211/devtoo..., se:cdpVersion: 136.0.7103.114, setWindowRect: true, strictFileInteractability: false, timeouts: {implicit: 0, pageLoad: 300000, script: 30000}, unhandledPromptBehavior: dismiss and notify, webauthn:extension:credBlob: true, webauthn:extension:largeBlob: true, webauthn:extension:minPinLength: true, webauthn:extension:prf: true, webauthn:virtualAuthenticators: true}
Session ID: e8754be54f8aaba068ee488e1e2786a9]]>
    </system-out>
  </testcase> <!-- verifyTextBoxFormSubmission -->
  <testcase classname="com.test.demoqa.TextBoxTestDataFromDB" name="verifyTextBoxFormSubmission" time="1.695">
    <system-out>
      <![CDATA[<div style="background-color:#ffeeba; border:2px solid #856404; border-radius:10px; padding:10px 15px; text-align:left; margin:10px 0; display:inline-block; color:#856404; box-shadow: 0px 4px 6px rgba(0, 0, 0, 0.2);"><p style='font-size:18px; margin:0;'><b>Skipped: 🔐 Admin Connection URL: jdbc:sqlserver://localhost:1433;database=QADEMO;integratedSecurity=true;encrypt=false;trustServerCertificate=true;loginTimeout=30;</b></p></div>
<div style="background-color:#ffeeba; border:2px solid #856404; border-radius:10px; padding:10px 15px; text-align:left; margin:10px 0; display:inline-block; color:#856404; box-shadow: 0px 4px 6px rgba(0, 0, 0, 0.2);"><p style='font-size:18px; margin:0;'><b>Skipped: 🔐 Company Connection URL: jdbc:sqlserver://localhost:1433;database=QADEMO;integratedSecurity=true;encrypt=false;trustServerCertificate=true;loginTimeout=30;</b></p></div>
<div style='border: 1px solid #e0e0e0;padding: 8px 12px;margin: 8px 0;border-radius: 6px;background: linear-gradient(to right, #f8f9fa, #ffffff);box-shadow: 0 2px 4px rgba(0,0,0,0.05);display: inline-block;font-family: Arial, sans-serif;'><span style='font-weight: bold;color: #333;'>🌍 Browser Info:</span> <span style='color: #2c7be5;font-weight: 500;'><img src='data:image/svg+xml;base64,PHN2ZyB4bWxucz0iaHR0cDovL3d3dy53My5vcmcvMjAwMC9zdmciIHZpZXdCb3g9IjAgMCA0NDggNTEyIj48cGF0aCBmaWxsPSIjRkZDMTAyIiBkPSJNMjI0IDI1NmMwIDEyLjktNyAyNC40LTE3LjcgMjkuNkwxODcgMzA5LjljLTUuNCAzLTEyLjMgMy4xLTE3LjcuMS0xMC40LTUuOS0xNi43LTE2LjktMTYuNy0yOC42VjE5OGMwLTEyLjkgNy0yNC40IDE3LjctMjkuNkwxODcgMTQyLjFjNS40LTMgMTIuMy0zLjEgMTcuNy0uMSAxMC40IDUuOSAxNi43IDE2LjkgMTYuNyAyOC42djU4LjJ6Ii8+PHBhdGggZmlsbD0iIzRBNDlGNSIgZD0iTTIyNCAyNTZjMCAxMi45LTcgMjQuNC0xNy43IDI5LjZMMTg3IDMwOS45Yy01LjQgMy0xMi4zIDMuMS0xNy43LjEtMTAuNC01LjktMTYuNy0xNi45LTE2LjctMjguNlYxOThjMC0xMi45IDctMjQuNCAxNy43LTI5LjZMMTg3IDE0Mi4xYzUuNC0zIDEyLjMtMy4xIDE3LjctLjEgMTAuNCA1LjkgMTYuNyAxNi45IDE2LjcgMjguNnY1OC4yeiIvPjxwYXRoIGZpbGw9IiNGRkMxMDIiIGQ9Ik0yMjQgMjU2YzAgMTIuOS03IDI0LjQtMTcuNyAyOS42TDE4NyAzMDkuOWMtNS40IDMtMTIuMyAzLjEtMTcuNy4xLTEwLjQtNS45LTE2LjctMTYuOS0xNi43LTI4LjZWMTk4YzAtMTIuOSA3LTI0LjQgMTcuNy0yOS42TDE4NyAxNDIuMWM1LjQtMyAxMi4zLTMuMSAxNy43LS4xIDEwLjQgNS45IDE2LjcgMTYuOSAxNi43IDI4LjZ2NTguMnoiLz48cGF0aCBmaWxsPSIjRkZDMTAyIiBkPSJNMjI0IDI1NmMwIDEyLjktNyAyNC40LTE3LjcgMjkuNkwxODcgMzA5LjljLTUuNCAzLTEyLjMgMy4xLTE3LjcuMS0xMC40LTUuOS0xNi43LTE2LjktMTYuNy0yOC42VjE5OGMwLTEyLjkgNy0yNC40IDE3LjctMjkuNkwxODcgMTQyLjFjNS40LTMgMTIuMy0zLjEgMTcuNy0uMSAxMC40IDUuOSAxNi43IDE2LjkgMTYuNyAyOC42djU4LjJ6Ii8+PC9zdmc+' height='20' width='20' style='vertical-align: middle;' /> <span style='color: #4285F4;'>Google Chrome</span></span></div>
<div style="border: 1px solid #ddd; padding: 8px; margin: 5px 0; border-radius: 4px; background-color: #f7f7f7; display: inline-block;"><strong>💻 #System Info</strong> :: <strong>PC Name</strong> ⇒ <span style="color: #001dff;">ANKUSH1111</span> &nbsp;&nbsp;|&nbsp;&nbsp; <strong>User</strong> ⇒ <span style="color: #006400;">HP</span></div>
<div style='border: 1px solid #ddd; padding: 8px; margin: 5px 0; border-radius: 4px; background-color: #f7f7f7; display: inline-block;'><strong>#TXTBX ▭</strong> :: <strong>Full Name</strong> Value entered ⇒ <span style='color: #009;'>Swati Mishra</span></div>
<div style='border: 1px solid #ddd; padding: 8px; margin: 5px 0; border-radius: 4px; background-color: #f7f7f7; display: inline-block;'><strong>#TXTBX ▭</strong> :: <strong>Email</strong> Value entered ⇒ <span style='color: #009;'>swati.mishra@test.com</span></div>
<div style='border: 1px solid #ddd; padding: 8px; margin: 5px 0; border-radius: 4px; background-color: #f7f7f7; display: inline-block;'><strong>#TXTBX ▭</strong> :: <strong>Current Address</strong> Value entered ⇒ <span style='color: #009;'>Varanasi, Uttar Pradesh</span></div>
<div style='border: 1px solid #ddd; padding: 8px; margin: 5px 0; border-radius: 4px; background-color: #f7f7f7; display: inline-block;'><strong>#TXTBX ▭</strong> :: <strong>Permanent Address</strong> Value entered ⇒ <span style='color: #009;'>Allahabad, Uttar Pradesh</span></div>
<div style='border: 1px solid #ddd; padding: 8px; margin: 5px 0; border-radius: 4px; background-color: #f7f7f7; display: inline-block;'><strong>#BTN 📤</strong> :: <strong>Clicked On</strong> ⇒ <span style='color: #001dff;'>Submit Button</span></div>
✅ Updated AutomationTestingStatus for FormId 101028 to '✅ [Automation Tester] TextBox Form Submitted Successfully at 01/06/2025 05:44:07 PM'
📋 Navigating to Home Page...
📋 Attempting to close modal popup (if present)...
⏳ Waiting for Home link to be clickable...
✅ Home link found: https://demoqa.com/
📋 Clicking on Home link...
⏳ Waiting for loader to disappear...
⏳ Verifying home page load...
❌ Navigation to Home Page failed: Expected condition failed: waiting for url to contain "home". Current url: "https://demoqa.com/" (tried for 10 second(s) with 500 milliseconds interval)
Build info: version: '4.12.1', revision: '8e34639b11'
System info: os.name: 'Windows 11', os.arch: 'amd64', os.version: '10.0', java.version: '18.0.1.1'
Driver info: org.openqa.selenium.chrome.ChromeDriver
Capabilities {acceptInsecureCerts: false, browserName: chrome, browserVersion: 136.0.7103.114, chrome: {chromedriverVersion: 136.0.7103.113 (76fa3c17824..., userDataDir: C:\Users\HP\AppData\Local\T...}, fedcm:accounts: true, goog:chromeOptions: {debuggerAddress: localhost:50211}, networkConnectionEnabled: false, pageLoadStrategy: normal, platformName: windows, proxy: Proxy(), se:cdp: ws://localhost:50211/devtoo..., se:cdpVersion: 136.0.7103.114, setWindowRect: true, strictFileInteractability: false, timeouts: {implicit: 0, pageLoad: 300000, script: 30000}, unhandledPromptBehavior: dismiss and notify, webauthn:extension:credBlob: true, webauthn:extension:largeBlob: true, webauthn:extension:minPinLength: true, webauthn:extension:prf: true, webauthn:virtualAuthenticators: true}
Session ID: e8754be54f8aaba068ee488e1e2786a9]]>
    </system-out>
  </testcase> <!-- verifyTextBoxFormSubmission -->
  <testcase classname="com.test.demoqa.TextBoxTestDataFromDB" name="verifyTextBoxFormSubmission" time="4.073">
    <system-out>
      <![CDATA[<div style="background-color:#ffeeba; border:2px solid #856404; border-radius:10px; padding:10px 15px; text-align:left; margin:10px 0; display:inline-block; color:#856404; box-shadow: 0px 4px 6px rgba(0, 0, 0, 0.2);"><p style='font-size:18px; margin:0;'><b>Skipped: 🔐 Admin Connection URL: jdbc:sqlserver://localhost:1433;database=QADEMO;integratedSecurity=true;encrypt=false;trustServerCertificate=true;loginTimeout=30;</b></p></div>
<div style="background-color:#ffeeba; border:2px solid #856404; border-radius:10px; padding:10px 15px; text-align:left; margin:10px 0; display:inline-block; color:#856404; box-shadow: 0px 4px 6px rgba(0, 0, 0, 0.2);"><p style='font-size:18px; margin:0;'><b>Skipped: 🔐 Company Connection URL: jdbc:sqlserver://localhost:1433;database=QADEMO;integratedSecurity=true;encrypt=false;trustServerCertificate=true;loginTimeout=30;</b></p></div>
<div style='border: 1px solid #e0e0e0;padding: 8px 12px;margin: 8px 0;border-radius: 6px;background: linear-gradient(to right, #f8f9fa, #ffffff);box-shadow: 0 2px 4px rgba(0,0,0,0.05);display: inline-block;font-family: Arial, sans-serif;'><span style='font-weight: bold;color: #333;'>🌍 Browser Info:</span> <span style='color: #2c7be5;font-weight: 500;'><img src='data:image/svg+xml;base64,PHN2ZyB4bWxucz0iaHR0cDovL3d3dy53My5vcmcvMjAwMC9zdmciIHZpZXdCb3g9IjAgMCA0NDggNTEyIj48cGF0aCBmaWxsPSIjRkZDMTAyIiBkPSJNMjI0IDI1NmMwIDEyLjktNyAyNC40LTE3LjcgMjkuNkwxODcgMzA5LjljLTUuNCAzLTEyLjMgMy4xLTE3LjcuMS0xMC40LTUuOS0xNi43LTE2LjktMTYuNy0yOC42VjE5OGMwLTEyLjkgNy0yNC40IDE3LjctMjkuNkwxODcgMTQyLjFjNS40LTMgMTIuMy0zLjEgMTcuNy0uMSAxMC40IDUuOSAxNi43IDE2LjkgMTYuNyAyOC42djU4LjJ6Ii8+PHBhdGggZmlsbD0iIzRBNDlGNSIgZD0iTTIyNCAyNTZjMCAxMi45LTcgMjQuNC0xNy43IDI5LjZMMTg3IDMwOS45Yy01LjQgMy0xMi4zIDMuMS0xNy43LjEtMTAuNC01LjktMTYuNy0xNi45LTE2LjctMjguNlYxOThjMC0xMi45IDctMjQuNCAxNy43LTI5LjZMMTg3IDE0Mi4xYzUuNC0zIDEyLjMtMy4xIDE3LjctLjEgMTAuNCA1LjkgMTYuNyAxNi45IDE2LjcgMjguNnY1OC4yeiIvPjxwYXRoIGZpbGw9IiNGRkMxMDIiIGQ9Ik0yMjQgMjU2YzAgMTIuOS03IDI0LjQtMTcuNyAyOS42TDE4NyAzMDkuOWMtNS40IDMtMTIuMyAzLjEtMTcuNy4xLTEwLjQtNS45LTE2LjctMTYuOS0xNi43LTI4LjZWMTk4YzAtMTIuOSA3LTI0LjQgMTcuNy0yOS42TDE4NyAxNDIuMWM1LjQtMyAxMi4zLTMuMSAxNy43LS4xIDEwLjQgNS45IDE2LjcgMTYuOSAxNi43IDI4LjZ2NTguMnoiLz48cGF0aCBmaWxsPSIjRkZDMTAyIiBkPSJNMjI0IDI1NmMwIDEyLjktNyAyNC40LTE3LjcgMjkuNkwxODcgMzA5LjljLTUuNCAzLTEyLjMgMy4xLTE3LjcuMS0xMC40LTUuOS0xNi43LTE2LjktMTYuNy0yOC42VjE5OGMwLTEyLjkgNy0yNC40IDE3LjctMjkuNkwxODcgMTQyLjFjNS40LTMgMTIuMy0zLjEgMTcuNy0uMSAxMC40IDUuOSAxNi43IDE2LjkgMTYuNyAyOC42djU4LjJ6Ii8+PC9zdmc+' height='20' width='20' style='vertical-align: middle;' /> <span style='color: #4285F4;'>Google Chrome</span></span></div>
<div style="border: 1px solid #ddd; padding: 8px; margin: 5px 0; border-radius: 4px; background-color: #f7f7f7; display: inline-block;"><strong>💻 #System Info</strong> :: <strong>PC Name</strong> ⇒ <span style="color: #001dff;">ANKUSH1111</span> &nbsp;&nbsp;|&nbsp;&nbsp; <strong>User</strong> ⇒ <span style="color: #006400;">HP</span></div>
<div style='border: 1px solid #ddd; padding: 8px; margin: 5px 0; border-radius: 4px; background-color: #f7f7f7; display: inline-block;'><strong>#TXTBX ▭</strong> :: <strong>Full Name</strong> Value entered ⇒ <span style='color: #009;'>Priya Sharma</span></div>
<div style='border: 1px solid #ddd; padding: 8px; margin: 5px 0; border-radius: 4px; background-color: #f7f7f7; display: inline-block;'><strong>#TXTBX ▭</strong> :: <strong>Email</strong> Value entered ⇒ <span style='color: #009;'>priya.sharma@test.com</span></div>
<div style='border: 1px solid #ddd; padding: 8px; margin: 5px 0; border-radius: 4px; background-color: #f7f7f7; display: inline-block;'><strong>#TXTBX ▭</strong> :: <strong>Current Address</strong> Value entered ⇒ <span style='color: #009;'>Pune, Maharashtra</span></div>
<div style='border: 1px solid #ddd; padding: 8px; margin: 5px 0; border-radius: 4px; background-color: #f7f7f7; display: inline-block;'><strong>#TXTBX ▭</strong> :: <strong>Permanent Address</strong> Value entered ⇒ <span style='color: #009;'>Nagpur, Maharashtra</span></div>
<div style='border: 1px solid #ddd; padding: 8px; margin: 5px 0; border-radius: 4px; background-color: #f7f7f7; display: inline-block;'><strong>#BTN 📤</strong> :: <strong>Clicked On</strong> ⇒ <span style='color: #001dff;'>Submit Button</span></div>
✅ Updated AutomationTestingStatus for FormId 101012 to '✅ [Automation Tester] TextBox Form Submitted Successfully at 01/06/2025 05:39:19 PM'
📋 Navigating to Home Page...
📋 Attempting to close modal popup (if present)...
⏳ Waiting for Home link to be clickable...
✅ Home link found: https://demoqa.com/
📋 Clicking on Home link...
⏳ Waiting for loader to disappear...
⏳ Verifying home page load...
❌ Navigation to Home Page failed: Expected condition failed: waiting for url to contain "home". Current url: "https://demoqa.com/" (tried for 10 second(s) with 500 milliseconds interval)
Build info: version: '4.12.1', revision: '8e34639b11'
System info: os.name: 'Windows 11', os.arch: 'amd64', os.version: '10.0', java.version: '18.0.1.1'
Driver info: org.openqa.selenium.chrome.ChromeDriver
Capabilities {acceptInsecureCerts: false, browserName: chrome, browserVersion: 136.0.7103.114, chrome: {chromedriverVersion: 136.0.7103.113 (76fa3c17824..., userDataDir: C:\Users\HP\AppData\Local\T...}, fedcm:accounts: true, goog:chromeOptions: {debuggerAddress: localhost:50211}, networkConnectionEnabled: false, pageLoadStrategy: normal, platformName: windows, proxy: Proxy(), se:cdp: ws://localhost:50211/devtoo..., se:cdpVersion: 136.0.7103.114, setWindowRect: true, strictFileInteractability: false, timeouts: {implicit: 0, pageLoad: 300000, script: 30000}, unhandledPromptBehavior: dismiss and notify, webauthn:extension:credBlob: true, webauthn:extension:largeBlob: true, webauthn:extension:minPinLength: true, webauthn:extension:prf: true, webauthn:virtualAuthenticators: true}
Session ID: e8754be54f8aaba068ee488e1e2786a9]]>
    </system-out>
  </testcase> <!-- verifyTextBoxFormSubmission -->
  <testcase classname="com.test.demoqa.TextBoxTestDataFromDB" name="verifyTextBoxFormSubmission" time="38.157">
    <system-out>
      <![CDATA[<div style="background-color:#ffeeba; border:2px solid #856404; border-radius:10px; padding:10px 15px; text-align:left; margin:10px 0; display:inline-block; color:#856404; box-shadow: 0px 4px 6px rgba(0, 0, 0, 0.2);"><p style='font-size:18px; margin:0;'><b>Skipped: 🔐 Admin Connection URL: jdbc:sqlserver://localhost:1433;database=QADEMO;integratedSecurity=true;encrypt=false;trustServerCertificate=true;loginTimeout=30;</b></p></div>
<div style="background-color:#ffeeba; border:2px solid #856404; border-radius:10px; padding:10px 15px; text-align:left; margin:10px 0; display:inline-block; color:#856404; box-shadow: 0px 4px 6px rgba(0, 0, 0, 0.2);"><p style='font-size:18px; margin:0;'><b>Skipped: 🔐 Company Connection URL: jdbc:sqlserver://localhost:1433;database=QADEMO;integratedSecurity=true;encrypt=false;trustServerCertificate=true;loginTimeout=30;</b></p></div>
<div style='border: 1px solid #e0e0e0;padding: 8px 12px;margin: 8px 0;border-radius: 6px;background: linear-gradient(to right, #f8f9fa, #ffffff);box-shadow: 0 2px 4px rgba(0,0,0,0.05);display: inline-block;font-family: Arial, sans-serif;'><span style='font-weight: bold;color: #333;'>🌍 Browser Info:</span> <span style='color: #2c7be5;font-weight: 500;'><img src='data:image/svg+xml;base64,PHN2ZyB4bWxucz0iaHR0cDovL3d3dy53My5vcmcvMjAwMC9zdmciIHZpZXdCb3g9IjAgMCA0NDggNTEyIj48cGF0aCBmaWxsPSIjRkZDMTAyIiBkPSJNMjI0IDI1NmMwIDEyLjktNyAyNC40LTE3LjcgMjkuNkwxODcgMzA5LjljLTUuNCAzLTEyLjMgMy4xLTE3LjcuMS0xMC40LTUuOS0xNi43LTE2LjktMTYuNy0yOC42VjE5OGMwLTEyLjkgNy0yNC40IDE3LjctMjkuNkwxODcgMTQyLjFjNS40LTMgMTIuMy0zLjEgMTcuNy0uMSAxMC40IDUuOSAxNi43IDE2LjkgMTYuNyAyOC42djU4LjJ6Ii8+PHBhdGggZmlsbD0iIzRBNDlGNSIgZD0iTTIyNCAyNTZjMCAxMi45LTcgMjQuNC0xNy43IDI5LjZMMTg3IDMwOS45Yy01LjQgMy0xMi4zIDMuMS0xNy43LjEtMTAuNC01LjktMTYuNy0xNi45LTE2LjctMjguNlYxOThjMC0xMi45IDctMjQuNCAxNy43LTI5LjZMMTg3IDE0Mi4xYzUuNC0zIDEyLjMtMy4xIDE3LjctLjEgMTAuNCA1LjkgMTYuNyAxNi45IDE2LjcgMjguNnY1OC4yeiIvPjxwYXRoIGZpbGw9IiNGRkMxMDIiIGQ9Ik0yMjQgMjU2YzAgMTIuOS03IDI0LjQtMTcuNyAyOS42TDE4NyAzMDkuOWMtNS40IDMtMTIuMyAzLjEtMTcuNy4xLTEwLjQtNS45LTE2LjctMTYuOS0xNi43LTI4LjZWMTk4YzAtMTIuOSA3LTI0LjQgMTcuNy0yOS42TDE4NyAxNDIuMWM1LjQtMyAxMi4zLTMuMSAxNy43LS4xIDEwLjQgNS45IDE2LjcgMTYuOSAxNi43IDI4LjZ2NTguMnoiLz48cGF0aCBmaWxsPSIjRkZDMTAyIiBkPSJNMjI0IDI1NmMwIDEyLjktNyAyNC40LTE3LjcgMjkuNkwxODcgMzA5LjljLTUuNCAzLTEyLjMgMy4xLTE3LjcuMS0xMC40LTUuOS0xNi43LTE2LjktMTYuNy0yOC42VjE5OGMwLTEyLjkgNy0yNC40IDE3LjctMjkuNkwxODcgMTQyLjFjNS40LTMgMTIuMy0zLjEgMTcuNy0uMSAxMC40IDUuOSAxNi43IDE2LjkgMTYuNyAyOC42djU4LjJ6Ii8+PC9zdmc+' height='20' width='20' style='vertical-align: middle;' /> <span style='color: #4285F4;'>Google Chrome</span></span></div>
<div style="border: 1px solid #ddd; padding: 8px; margin: 5px 0; border-radius: 4px; background-color: #f7f7f7; display: inline-block;"><strong>💻 #System Info</strong> :: <strong>PC Name</strong> ⇒ <span style="color: #001dff;">ANKUSH1111</span> &nbsp;&nbsp;|&nbsp;&nbsp; <strong>User</strong> ⇒ <span style="color: #006400;">HP</span></div>
<div style='border: 1px solid #ddd; padding: 8px; margin: 5px 0; border-radius: 4px; background-color: #f7f7f7; display: inline-block;'><strong>#TXTBX ▭</strong> :: <strong>Full Name</strong> Value entered ⇒ <span style='color: #009;'>Rahul Verma</span></div>
<div style='border: 1px solid #ddd; padding: 8px; margin: 5px 0; border-radius: 4px; background-color: #f7f7f7; display: inline-block;'><strong>#TXTBX ▭</strong> :: <strong>Email</strong> Value entered ⇒ <span style='color: #009;'>rahul.verma@test.com</span></div>
<div style='border: 1px solid #ddd; padding: 8px; margin: 5px 0; border-radius: 4px; background-color: #f7f7f7; display: inline-block;'><strong>#TXTBX ▭</strong> :: <strong>Current Address</strong> Value entered ⇒ <span style='color: #009;'>Bhopal, Madhya Pradesh</span></div>
<div style='border: 1px solid #ddd; padding: 8px; margin: 5px 0; border-radius: 4px; background-color: #f7f7f7; display: inline-block;'><strong>#TXTBX ▭</strong> :: <strong>Permanent Address</strong> Value entered ⇒ <span style='color: #009;'>Indore, Madhya Pradesh</span></div>
<div style='border: 1px solid #ddd; padding: 8px; margin: 5px 0; border-radius: 4px; background-color: #f7f7f7; display: inline-block;'><strong>#BTN 📤</strong> :: <strong>Clicked On</strong> ⇒ <span style='color: #001dff;'>Submit Button</span></div>
✅ Updated AutomationTestingStatus for FormId 101013 to '✅ [Automation Tester] TextBox Form Submitted Successfully at 01/06/2025 05:40:10 PM'
📋 Navigating to Home Page...
📋 Attempting to close modal popup (if present)...
⏳ Waiting for Home link to be clickable...
✅ Home link found: https://demoqa.com/
📋 Clicking on Home link...
⏳ Waiting for loader to disappear...
⏳ Verifying home page load...
❌ Navigation to Home Page failed: Expected condition failed: waiting for url to contain "home". Current url: "https://demoqa.com/" (tried for 10 second(s) with 500 milliseconds interval)
Build info: version: '4.12.1', revision: '8e34639b11'
System info: os.name: 'Windows 11', os.arch: 'amd64', os.version: '10.0', java.version: '18.0.1.1'
Driver info: org.openqa.selenium.chrome.ChromeDriver
Capabilities {acceptInsecureCerts: false, browserName: chrome, browserVersion: 136.0.7103.114, chrome: {chromedriverVersion: 136.0.7103.113 (76fa3c17824..., userDataDir: C:\Users\HP\AppData\Local\T...}, fedcm:accounts: true, goog:chromeOptions: {debuggerAddress: localhost:50211}, networkConnectionEnabled: false, pageLoadStrategy: normal, platformName: windows, proxy: Proxy(), se:cdp: ws://localhost:50211/devtoo..., se:cdpVersion: 136.0.7103.114, setWindowRect: true, strictFileInteractability: false, timeouts: {implicit: 0, pageLoad: 300000, script: 30000}, unhandledPromptBehavior: dismiss and notify, webauthn:extension:credBlob: true, webauthn:extension:largeBlob: true, webauthn:extension:minPinLength: true, webauthn:extension:prf: true, webauthn:virtualAuthenticators: true}
Session ID: e8754be54f8aaba068ee488e1e2786a9]]>
    </system-out>
  </testcase> <!-- verifyTextBoxFormSubmission -->
  <testcase classname="com.test.demoqa.TextBoxTestDataFromDB" name="verifyTextBoxFormSubmission" time="4.537">
    <system-out>
      <![CDATA[<div style="background-color:#ffeeba; border:2px solid #856404; border-radius:10px; padding:10px 15px; text-align:left; margin:10px 0; display:inline-block; color:#856404; box-shadow: 0px 4px 6px rgba(0, 0, 0, 0.2);"><p style='font-size:18px; margin:0;'><b>Skipped: 🔐 Admin Connection URL: jdbc:sqlserver://localhost:1433;database=QADEMO;integratedSecurity=true;encrypt=false;trustServerCertificate=true;loginTimeout=30;</b></p></div>
<div style="background-color:#ffeeba; border:2px solid #856404; border-radius:10px; padding:10px 15px; text-align:left; margin:10px 0; display:inline-block; color:#856404; box-shadow: 0px 4px 6px rgba(0, 0, 0, 0.2);"><p style='font-size:18px; margin:0;'><b>Skipped: 🔐 Company Connection URL: jdbc:sqlserver://localhost:1433;database=QADEMO;integratedSecurity=true;encrypt=false;trustServerCertificate=true;loginTimeout=30;</b></p></div>
<div style='border: 1px solid #e0e0e0;padding: 8px 12px;margin: 8px 0;border-radius: 6px;background: linear-gradient(to right, #f8f9fa, #ffffff);box-shadow: 0 2px 4px rgba(0,0,0,0.05);display: inline-block;font-family: Arial, sans-serif;'><span style='font-weight: bold;color: #333;'>🌍 Browser Info:</span> <span style='color: #2c7be5;font-weight: 500;'><img src='data:image/svg+xml;base64,PHN2ZyB4bWxucz0iaHR0cDovL3d3dy53My5vcmcvMjAwMC9zdmciIHZpZXdCb3g9IjAgMCA0NDggNTEyIj48cGF0aCBmaWxsPSIjRkZDMTAyIiBkPSJNMjI0IDI1NmMwIDEyLjktNyAyNC40LTE3LjcgMjkuNkwxODcgMzA5LjljLTUuNCAzLTEyLjMgMy4xLTE3LjcuMS0xMC40LTUuOS0xNi43LTE2LjktMTYuNy0yOC42VjE5OGMwLTEyLjkgNy0yNC40IDE3LjctMjkuNkwxODcgMTQyLjFjNS40LTMgMTIuMy0zLjEgMTcuNy0uMSAxMC40IDUuOSAxNi43IDE2LjkgMTYuNyAyOC42djU4LjJ6Ii8+PHBhdGggZmlsbD0iIzRBNDlGNSIgZD0iTTIyNCAyNTZjMCAxMi45LTcgMjQuNC0xNy43IDI5LjZMMTg3IDMwOS45Yy01LjQgMy0xMi4zIDMuMS0xNy43LjEtMTAuNC01LjktMTYuNy0xNi45LTE2LjctMjguNlYxOThjMC0xMi45IDctMjQuNCAxNy43LTI5LjZMMTg3IDE0Mi4xYzUuNC0zIDEyLjMtMy4xIDE3LjctLjEgMTAuNCA1LjkgMTYuNyAxNi45IDE2LjcgMjguNnY1OC4yeiIvPjxwYXRoIGZpbGw9IiNGRkMxMDIiIGQ9Ik0yMjQgMjU2YzAgMTIuOS03IDI0LjQtMTcuNyAyOS42TDE4NyAzMDkuOWMtNS40IDMtMTIuMyAzLjEtMTcuNy4xLTEwLjQtNS45LTE2LjctMTYuOS0xNi43LTI4LjZWMTk4YzAtMTIuOSA3LTI0LjQgMTcuNy0yOS42TDE4NyAxNDIuMWM1LjQtMyAxMi4zLTMuMSAxNy43LS4xIDEwLjQgNS45IDE2LjcgMTYuOSAxNi43IDI4LjZ2NTguMnoiLz48cGF0aCBmaWxsPSIjRkZDMTAyIiBkPSJNMjI0IDI1NmMwIDEyLjktNyAyNC40LTE3LjcgMjkuNkwxODcgMzA5LjljLTUuNCAzLTEyLjMgMy4xLTE3LjcuMS0xMC40LTUuOS0xNi43LTE2LjktMTYuNy0yOC42VjE5OGMwLTEyLjkgNy0yNC40IDE3LjctMjkuNkwxODcgMTQyLjFjNS40LTMgMTIuMy0zLjEgMTcuNy0uMSAxMC40IDUuOSAxNi43IDE2LjkgMTYuNyAyOC42djU4LjJ6Ii8+PC9zdmc+' height='20' width='20' style='vertical-align: middle;' /> <span style='color: #4285F4;'>Google Chrome</span></span></div>
<div style="border: 1px solid #ddd; padding: 8px; margin: 5px 0; border-radius: 4px; background-color: #f7f7f7; display: inline-block;"><strong>💻 #System Info</strong> :: <strong>PC Name</strong> ⇒ <span style="color: #001dff;">ANKUSH1111</span> &nbsp;&nbsp;|&nbsp;&nbsp; <strong>User</strong> ⇒ <span style="color: #006400;">HP</span></div>
<div style='border: 1px solid #ddd; padding: 8px; margin: 5px 0; border-radius: 4px; background-color: #f7f7f7; display: inline-block;'><strong>#TXTBX ▭</strong> :: <strong>Full Name</strong> Value entered ⇒ <span style='color: #009;'>Amit Deshmukh</span></div>
<div style='border: 1px solid #ddd; padding: 8px; margin: 5px 0; border-radius: 4px; background-color: #f7f7f7; display: inline-block;'><strong>#TXTBX ▭</strong> :: <strong>Email</strong> Value entered ⇒ <span style='color: #009;'>amit.deshmukh@test.com</span></div>
<div style='border: 1px solid #ddd; padding: 8px; margin: 5px 0; border-radius: 4px; background-color: #f7f7f7; display: inline-block;'><strong>#TXTBX ▭</strong> :: <strong>Current Address</strong> Value entered ⇒ <span style='color: #009;'>Mumbai, Maharashtra</span></div>
<div style='border: 1px solid #ddd; padding: 8px; margin: 5px 0; border-radius: 4px; background-color: #f7f7f7; display: inline-block;'><strong>#TXTBX ▭</strong> :: <strong>Permanent Address</strong> Value entered ⇒ <span style='color: #009;'>Pune, Maharashtra</span></div>
<div style='border: 1px solid #ddd; padding: 8px; margin: 5px 0; border-radius: 4px; background-color: #f7f7f7; display: inline-block;'><strong>#BTN 📤</strong> :: <strong>Clicked On</strong> ⇒ <span style='color: #001dff;'>Submit Button</span></div>
✅ Updated AutomationTestingStatus for FormId 101017 to '✅ [Automation Tester] TextBox Form Submitted Successfully at 01/06/2025 05:41:17 PM'
📋 Navigating to Home Page...
📋 Attempting to close modal popup (if present)...
⏳ Waiting for Home link to be clickable...
✅ Home link found: https://demoqa.com/
📋 Clicking on Home link...
⏳ Waiting for loader to disappear...
⏳ Verifying home page load...
❌ Navigation to Home Page failed: Expected condition failed: waiting for url to contain "home". Current url: "https://demoqa.com/" (tried for 10 second(s) with 500 milliseconds interval)
Build info: version: '4.12.1', revision: '8e34639b11'
System info: os.name: 'Windows 11', os.arch: 'amd64', os.version: '10.0', java.version: '18.0.1.1'
Driver info: org.openqa.selenium.chrome.ChromeDriver
Capabilities {acceptInsecureCerts: false, browserName: chrome, browserVersion: 136.0.7103.114, chrome: {chromedriverVersion: 136.0.7103.113 (76fa3c17824..., userDataDir: C:\Users\HP\AppData\Local\T...}, fedcm:accounts: true, goog:chromeOptions: {debuggerAddress: localhost:50211}, networkConnectionEnabled: false, pageLoadStrategy: normal, platformName: windows, proxy: Proxy(), se:cdp: ws://localhost:50211/devtoo..., se:cdpVersion: 136.0.7103.114, setWindowRect: true, strictFileInteractability: false, timeouts: {implicit: 0, pageLoad: 300000, script: 30000}, unhandledPromptBehavior: dismiss and notify, webauthn:extension:credBlob: true, webauthn:extension:largeBlob: true, webauthn:extension:minPinLength: true, webauthn:extension:prf: true, webauthn:virtualAuthenticators: true}
Session ID: e8754be54f8aaba068ee488e1e2786a9]]>
    </system-out>
  </testcase> <!-- verifyTextBoxFormSubmission -->
  <testcase classname="com.test.demoqa.TextBoxTestDataFromDB" name="verifyTextBoxFormSubmission" time="4.415">
    <system-out>
      <![CDATA[<div style="background-color:#ffeeba; border:2px solid #856404; border-radius:10px; padding:10px 15px; text-align:left; margin:10px 0; display:inline-block; color:#856404; box-shadow: 0px 4px 6px rgba(0, 0, 0, 0.2);"><p style='font-size:18px; margin:0;'><b>Skipped: 🔐 Admin Connection URL: jdbc:sqlserver://localhost:1433;database=QADEMO;integratedSecurity=true;encrypt=false;trustServerCertificate=true;loginTimeout=30;</b></p></div>
<div style="background-color:#ffeeba; border:2px solid #856404; border-radius:10px; padding:10px 15px; text-align:left; margin:10px 0; display:inline-block; color:#856404; box-shadow: 0px 4px 6px rgba(0, 0, 0, 0.2);"><p style='font-size:18px; margin:0;'><b>Skipped: 🔐 Company Connection URL: jdbc:sqlserver://localhost:1433;database=QADEMO;integratedSecurity=true;encrypt=false;trustServerCertificate=true;loginTimeout=30;</b></p></div>
<div style='border: 1px solid #e0e0e0;padding: 8px 12px;margin: 8px 0;border-radius: 6px;background: linear-gradient(to right, #f8f9fa, #ffffff);box-shadow: 0 2px 4px rgba(0,0,0,0.05);display: inline-block;font-family: Arial, sans-serif;'><span style='font-weight: bold;color: #333;'>🌍 Browser Info:</span> <span style='color: #2c7be5;font-weight: 500;'><img src='data:image/svg+xml;base64,PHN2ZyB4bWxucz0iaHR0cDovL3d3dy53My5vcmcvMjAwMC9zdmciIHZpZXdCb3g9IjAgMCA0NDggNTEyIj48cGF0aCBmaWxsPSIjRkZDMTAyIiBkPSJNMjI0IDI1NmMwIDEyLjktNyAyNC40LTE3LjcgMjkuNkwxODcgMzA5LjljLTUuNCAzLTEyLjMgMy4xLTE3LjcuMS0xMC40LTUuOS0xNi43LTE2LjktMTYuNy0yOC42VjE5OGMwLTEyLjkgNy0yNC40IDE3LjctMjkuNkwxODcgMTQyLjFjNS40LTMgMTIuMy0zLjEgMTcuNy0uMSAxMC40IDUuOSAxNi43IDE2LjkgMTYuNyAyOC42djU4LjJ6Ii8+PHBhdGggZmlsbD0iIzRBNDlGNSIgZD0iTTIyNCAyNTZjMCAxMi45LTcgMjQuNC0xNy43IDI5LjZMMTg3IDMwOS45Yy01LjQgMy0xMi4zIDMuMS0xNy43LjEtMTAuNC01LjktMTYuNy0xNi45LTE2LjctMjguNlYxOThjMC0xMi45IDctMjQuNCAxNy43LTI5LjZMMTg3IDE0Mi4xYzUuNC0zIDEyLjMtMy4xIDE3LjctLjEgMTAuNCA1LjkgMTYuNyAxNi45IDE2LjcgMjguNnY1OC4yeiIvPjxwYXRoIGZpbGw9IiNGRkMxMDIiIGQ9Ik0yMjQgMjU2YzAgMTIuOS03IDI0LjQtMTcuNyAyOS42TDE4NyAzMDkuOWMtNS40IDMtMTIuMyAzLjEtMTcuNy4xLTEwLjQtNS45LTE2LjctMTYuOS0xNi43LTI4LjZWMTk4YzAtMTIuOSA3LTI0LjQgMTcuNy0yOS42TDE4NyAxNDIuMWM1LjQtMyAxMi4zLTMuMSAxNy43LS4xIDEwLjQgNS45IDE2LjcgMTYuOSAxNi43IDI4LjZ2NTguMnoiLz48cGF0aCBmaWxsPSIjRkZDMTAyIiBkPSJNMjI0IDI1NmMwIDEyLjktNyAyNC40LTE3LjcgMjkuNkwxODcgMzA5LjljLTUuNCAzLTEyLjMgMy4xLTE3LjcuMS0xMC40LTUuOS0xNi43LTE2LjktMTYuNy0yOC42VjE5OGMwLTEyLjkgNy0yNC40IDE3LjctMjkuNkwxODcgMTQyLjFjNS40LTMgMTIuMy0zLjEgMTcuNy0uMSAxMC40IDUuOSAxNi43IDE2LjkgMTYuNyAyOC42djU4LjJ6Ii8+PC9zdmc+' height='20' width='20' style='vertical-align: middle;' /> <span style='color: #4285F4;'>Google Chrome</span></span></div>
<div style="border: 1px solid #ddd; padding: 8px; margin: 5px 0; border-radius: 4px; background-color: #f7f7f7; display: inline-block;"><strong>💻 #System Info</strong> :: <strong>PC Name</strong> ⇒ <span style="color: #001dff;">ANKUSH1111</span> &nbsp;&nbsp;|&nbsp;&nbsp; <strong>User</strong> ⇒ <span style="color: #006400;">HP</span></div>
<div style='border: 1px solid #ddd; padding: 8px; margin: 5px 0; border-radius: 4px; background-color: #f7f7f7; display: inline-block;'><strong>#TXTBX ▭</strong> :: <strong>Full Name</strong> Value entered ⇒ <span style='color: #009;'>Pooja Nair</span></div>
<div style='border: 1px solid #ddd; padding: 8px; margin: 5px 0; border-radius: 4px; background-color: #f7f7f7; display: inline-block;'><strong>#TXTBX ▭</strong> :: <strong>Email</strong> Value entered ⇒ <span style='color: #009;'>pooja.nair@test.com</span></div>
<div style='border: 1px solid #ddd; padding: 8px; margin: 5px 0; border-radius: 4px; background-color: #f7f7f7; display: inline-block;'><strong>#TXTBX ▭</strong> :: <strong>Current Address</strong> Value entered ⇒ <span style='color: #009;'>Kochi, Kerala</span></div>
<div style='border: 1px solid #ddd; padding: 8px; margin: 5px 0; border-radius: 4px; background-color: #f7f7f7; display: inline-block;'><strong>#TXTBX ▭</strong> :: <strong>Permanent Address</strong> Value entered ⇒ <span style='color: #009;'>Trivandrum, Kerala</span></div>
<div style='border: 1px solid #ddd; padding: 8px; margin: 5px 0; border-radius: 4px; background-color: #f7f7f7; display: inline-block;'><strong>#BTN 📤</strong> :: <strong>Clicked On</strong> ⇒ <span style='color: #001dff;'>Submit Button</span></div>
✅ Updated AutomationTestingStatus for FormId 101016 to '✅ [Automation Tester] TextBox Form Submitted Successfully at 01/06/2025 05:40:59 PM'
📋 Navigating to Home Page...
📋 Attempting to close modal popup (if present)...
⏳ Waiting for Home link to be clickable...
✅ Home link found: https://demoqa.com/
📋 Clicking on Home link...
⏳ Waiting for loader to disappear...
⏳ Verifying home page load...
❌ Navigation to Home Page failed: Expected condition failed: waiting for url to contain "home". Current url: "https://demoqa.com/" (tried for 10 second(s) with 500 milliseconds interval)
Build info: version: '4.12.1', revision: '8e34639b11'
System info: os.name: 'Windows 11', os.arch: 'amd64', os.version: '10.0', java.version: '18.0.1.1'
Driver info: org.openqa.selenium.chrome.ChromeDriver
Capabilities {acceptInsecureCerts: false, browserName: chrome, browserVersion: 136.0.7103.114, chrome: {chromedriverVersion: 136.0.7103.113 (76fa3c17824..., userDataDir: C:\Users\HP\AppData\Local\T...}, fedcm:accounts: true, goog:chromeOptions: {debuggerAddress: localhost:50211}, networkConnectionEnabled: false, pageLoadStrategy: normal, platformName: windows, proxy: Proxy(), se:cdp: ws://localhost:50211/devtoo..., se:cdpVersion: 136.0.7103.114, setWindowRect: true, strictFileInteractability: false, timeouts: {implicit: 0, pageLoad: 300000, script: 30000}, unhandledPromptBehavior: dismiss and notify, webauthn:extension:credBlob: true, webauthn:extension:largeBlob: true, webauthn:extension:minPinLength: true, webauthn:extension:prf: true, webauthn:virtualAuthenticators: true}
Session ID: e8754be54f8aaba068ee488e1e2786a9]]>
    </system-out>
  </testcase> <!-- verifyTextBoxFormSubmission -->
  <testcase classname="com.test.demoqa.TextBoxTestDataFromDB" name="verifyTextBoxFormSubmission" time="3.922">
    <system-out>
      <![CDATA[<div style="background-color:#ffeeba; border:2px solid #856404; border-radius:10px; padding:10px 15px; text-align:left; margin:10px 0; display:inline-block; color:#856404; box-shadow: 0px 4px 6px rgba(0, 0, 0, 0.2);"><p style='font-size:18px; margin:0;'><b>Skipped: 🔐 Admin Connection URL: jdbc:sqlserver://localhost:1433;database=QADEMO;integratedSecurity=true;encrypt=false;trustServerCertificate=true;loginTimeout=30;</b></p></div>
<div style="background-color:#ffeeba; border:2px solid #856404; border-radius:10px; padding:10px 15px; text-align:left; margin:10px 0; display:inline-block; color:#856404; box-shadow: 0px 4px 6px rgba(0, 0, 0, 0.2);"><p style='font-size:18px; margin:0;'><b>Skipped: 🔐 Company Connection URL: jdbc:sqlserver://localhost:1433;database=QADEMO;integratedSecurity=true;encrypt=false;trustServerCertificate=true;loginTimeout=30;</b></p></div>
<div style='border: 1px solid #e0e0e0;padding: 8px 12px;margin: 8px 0;border-radius: 6px;background: linear-gradient(to right, #f8f9fa, #ffffff);box-shadow: 0 2px 4px rgba(0,0,0,0.05);display: inline-block;font-family: Arial, sans-serif;'><span style='font-weight: bold;color: #333;'>🌍 Browser Info:</span> <span style='color: #2c7be5;font-weight: 500;'><img src='data:image/svg+xml;base64,PHN2ZyB4bWxucz0iaHR0cDovL3d3dy53My5vcmcvMjAwMC9zdmciIHZpZXdCb3g9IjAgMCA0NDggNTEyIj48cGF0aCBmaWxsPSIjRkZDMTAyIiBkPSJNMjI0IDI1NmMwIDEyLjktNyAyNC40LTE3LjcgMjkuNkwxODcgMzA5LjljLTUuNCAzLTEyLjMgMy4xLTE3LjcuMS0xMC40LTUuOS0xNi43LTE2LjktMTYuNy0yOC42VjE5OGMwLTEyLjkgNy0yNC40IDE3LjctMjkuNkwxODcgMTQyLjFjNS40LTMgMTIuMy0zLjEgMTcuNy0uMSAxMC40IDUuOSAxNi43IDE2LjkgMTYuNyAyOC42djU4LjJ6Ii8+PHBhdGggZmlsbD0iIzRBNDlGNSIgZD0iTTIyNCAyNTZjMCAxMi45LTcgMjQuNC0xNy43IDI5LjZMMTg3IDMwOS45Yy01LjQgMy0xMi4zIDMuMS0xNy43LjEtMTAuNC01LjktMTYuNy0xNi45LTE2LjctMjguNlYxOThjMC0xMi45IDctMjQuNCAxNy43LTI5LjZMMTg3IDE0Mi4xYzUuNC0zIDEyLjMtMy4xIDE3LjctLjEgMTAuNCA1LjkgMTYuNyAxNi45IDE2LjcgMjguNnY1OC4yeiIvPjxwYXRoIGZpbGw9IiNGRkMxMDIiIGQ9Ik0yMjQgMjU2YzAgMTIuOS03IDI0LjQtMTcuNyAyOS42TDE4NyAzMDkuOWMtNS40IDMtMTIuMyAzLjEtMTcuNy4xLTEwLjQtNS45LTE2LjctMTYuOS0xNi43LTI4LjZWMTk4YzAtMTIuOSA3LTI0LjQgMTcuNy0yOS42TDE4NyAxNDIuMWM1LjQtMyAxMi4zLTMuMSAxNy43LS4xIDEwLjQgNS45IDE2LjcgMTYuOSAxNi43IDI4LjZ2NTguMnoiLz48cGF0aCBmaWxsPSIjRkZDMTAyIiBkPSJNMjI0IDI1NmMwIDEyLjktNyAyNC40LTE3LjcgMjkuNkwxODcgMzA5LjljLTUuNCAzLTEyLjMgMy4xLTE3LjcuMS0xMC40LTUuOS0xNi43LTE2LjktMTYuNy0yOC42VjE5OGMwLTEyLjkgNy0yNC40IDE3LjctMjkuNkwxODcgMTQyLjFjNS40LTMgMTIuMy0zLjEgMTcuNy0uMSAxMC40IDUuOSAxNi43IDE2LjkgMTYuNyAyOC42djU4LjJ6Ii8+PC9zdmc+' height='20' width='20' style='vertical-align: middle;' /> <span style='color: #4285F4;'>Google Chrome</span></span></div>
<div style="border: 1px solid #ddd; padding: 8px; margin: 5px 0; border-radius: 4px; background-color: #f7f7f7; display: inline-block;"><strong>💻 #System Info</strong> :: <strong>PC Name</strong> ⇒ <span style="color: #001dff;">ANKUSH1111</span> &nbsp;&nbsp;|&nbsp;&nbsp; <strong>User</strong> ⇒ <span style="color: #006400;">HP</span></div>
<div style='border: 1px solid #ddd; padding: 8px; margin: 5px 0; border-radius: 4px; background-color: #f7f7f7; display: inline-block;'><strong>#TXTBX ▭</strong> :: <strong>Full Name</strong> Value entered ⇒ <span style='color: #009;'>Neha Kulkarni</span></div>
<div style='border: 1px solid #ddd; padding: 8px; margin: 5px 0; border-radius: 4px; background-color: #f7f7f7; display: inline-block;'><strong>#TXTBX ▭</strong> :: <strong>Email</strong> Value entered ⇒ <span style='color: #009;'>neha.kulkarni@test.com</span></div>
<div style='border: 1px solid #ddd; padding: 8px; margin: 5px 0; border-radius: 4px; background-color: #f7f7f7; display: inline-block;'><strong>#TXTBX ▭</strong> :: <strong>Current Address</strong> Value entered ⇒ <span style='color: #009;'>Satara, Maharashtra</span></div>
<div style='border: 1px solid #ddd; padding: 8px; margin: 5px 0; border-radius: 4px; background-color: #f7f7f7; display: inline-block;'><strong>#TXTBX ▭</strong> :: <strong>Permanent Address</strong> Value entered ⇒ <span style='color: #009;'>Sangli, Maharashtra</span></div>
<div style='border: 1px solid #ddd; padding: 8px; margin: 5px 0; border-radius: 4px; background-color: #f7f7f7; display: inline-block;'><strong>#BTN 📤</strong> :: <strong>Clicked On</strong> ⇒ <span style='color: #001dff;'>Submit Button</span></div>
✅ Updated AutomationTestingStatus for FormId 101020 to '✅ [Automation Tester] TextBox Form Submitted Successfully at 01/06/2025 05:42:07 PM'
📋 Navigating to Home Page...
📋 Attempting to close modal popup (if present)...
⏳ Waiting for Home link to be clickable...
✅ Home link found: https://demoqa.com/
📋 Clicking on Home link...
⏳ Waiting for loader to disappear...
⏳ Verifying home page load...
❌ Navigation to Home Page failed: Expected condition failed: waiting for url to contain "home". Current url: "https://demoqa.com/" (tried for 10 second(s) with 500 milliseconds interval)
Build info: version: '4.12.1', revision: '8e34639b11'
System info: os.name: 'Windows 11', os.arch: 'amd64', os.version: '10.0', java.version: '18.0.1.1'
Driver info: org.openqa.selenium.chrome.ChromeDriver
Capabilities {acceptInsecureCerts: false, browserName: chrome, browserVersion: 136.0.7103.114, chrome: {chromedriverVersion: 136.0.7103.113 (76fa3c17824..., userDataDir: C:\Users\HP\AppData\Local\T...}, fedcm:accounts: true, goog:chromeOptions: {debuggerAddress: localhost:50211}, networkConnectionEnabled: false, pageLoadStrategy: normal, platformName: windows, proxy: Proxy(), se:cdp: ws://localhost:50211/devtoo..., se:cdpVersion: 136.0.7103.114, setWindowRect: true, strictFileInteractability: false, timeouts: {implicit: 0, pageLoad: 300000, script: 30000}, unhandledPromptBehavior: dismiss and notify, webauthn:extension:credBlob: true, webauthn:extension:largeBlob: true, webauthn:extension:minPinLength: true, webauthn:extension:prf: true, webauthn:virtualAuthenticators: true}
Session ID: e8754be54f8aaba068ee488e1e2786a9]]>
    </system-out>
  </testcase> <!-- verifyTextBoxFormSubmission -->
  <testcase classname="com.test.demoqa.TextBoxTestDataFromDB" name="verifyTextBoxFormSubmission" time="2.708">
    <system-out>
      <![CDATA[<div style="background-color:#ffeeba; border:2px solid #856404; border-radius:10px; padding:10px 15px; text-align:left; margin:10px 0; display:inline-block; color:#856404; box-shadow: 0px 4px 6px rgba(0, 0, 0, 0.2);"><p style='font-size:18px; margin:0;'><b>Skipped: 🔐 Admin Connection URL: jdbc:sqlserver://localhost:1433;database=QADEMO;integratedSecurity=true;encrypt=false;trustServerCertificate=true;loginTimeout=30;</b></p></div>
<div style="background-color:#ffeeba; border:2px solid #856404; border-radius:10px; padding:10px 15px; text-align:left; margin:10px 0; display:inline-block; color:#856404; box-shadow: 0px 4px 6px rgba(0, 0, 0, 0.2);"><p style='font-size:18px; margin:0;'><b>Skipped: 🔐 Company Connection URL: jdbc:sqlserver://localhost:1433;database=QADEMO;integratedSecurity=true;encrypt=false;trustServerCertificate=true;loginTimeout=30;</b></p></div>
<div style='border: 1px solid #e0e0e0;padding: 8px 12px;margin: 8px 0;border-radius: 6px;background: linear-gradient(to right, #f8f9fa, #ffffff);box-shadow: 0 2px 4px rgba(0,0,0,0.05);display: inline-block;font-family: Arial, sans-serif;'><span style='font-weight: bold;color: #333;'>🌍 Browser Info:</span> <span style='color: #2c7be5;font-weight: 500;'><img src='data:image/svg+xml;base64,PHN2ZyB4bWxucz0iaHR0cDovL3d3dy53My5vcmcvMjAwMC9zdmciIHZpZXdCb3g9IjAgMCA0NDggNTEyIj48cGF0aCBmaWxsPSIjRkZDMTAyIiBkPSJNMjI0IDI1NmMwIDEyLjktNyAyNC40LTE3LjcgMjkuNkwxODcgMzA5LjljLTUuNCAzLTEyLjMgMy4xLTE3LjcuMS0xMC40LTUuOS0xNi43LTE2LjktMTYuNy0yOC42VjE5OGMwLTEyLjkgNy0yNC40IDE3LjctMjkuNkwxODcgMTQyLjFjNS40LTMgMTIuMy0zLjEgMTcuNy0uMSAxMC40IDUuOSAxNi43IDE2LjkgMTYuNyAyOC42djU4LjJ6Ii8+PHBhdGggZmlsbD0iIzRBNDlGNSIgZD0iTTIyNCAyNTZjMCAxMi45LTcgMjQuNC0xNy43IDI5LjZMMTg3IDMwOS45Yy01LjQgMy0xMi4zIDMuMS0xNy43LjEtMTAuNC01LjktMTYuNy0xNi45LTE2LjctMjguNlYxOThjMC0xMi45IDctMjQuNCAxNy43LTI5LjZMMTg3IDE0Mi4xYzUuNC0zIDEyLjMtMy4xIDE3LjctLjEgMTAuNCA1LjkgMTYuNyAxNi45IDE2LjcgMjguNnY1OC4yeiIvPjxwYXRoIGZpbGw9IiNGRkMxMDIiIGQ9Ik0yMjQgMjU2YzAgMTIuOS03IDI0LjQtMTcuNyAyOS42TDE4NyAzMDkuOWMtNS40IDMtMTIuMyAzLjEtMTcuNy4xLTEwLjQtNS45LTE2LjctMTYuOS0xNi43LTI4LjZWMTk4YzAtMTIuOSA3LTI0LjQgMTcuNy0yOS42TDE4NyAxNDIuMWM1LjQtMyAxMi4zLTMuMSAxNy43LS4xIDEwLjQgNS45IDE2LjcgMTYuOSAxNi43IDI4LjZ2NTguMnoiLz48cGF0aCBmaWxsPSIjRkZDMTAyIiBkPSJNMjI0IDI1NmMwIDEyLjktNyAyNC40LTE3LjcgMjkuNkwxODcgMzA5LjljLTUuNCAzLTEyLjMgMy4xLTE3LjcuMS0xMC40LTUuOS0xNi43LTE2LjktMTYuNy0yOC42VjE5OGMwLTEyLjkgNy0yNC40IDE3LjctMjkuNkwxODcgMTQyLjFjNS40LTMgMTIuMy0zLjEgMTcuNy0uMSAxMC40IDUuOSAxNi43IDE2LjkgMTYuNyAyOC42djU4LjJ6Ii8+PC9zdmc+' height='20' width='20' style='vertical-align: middle;' /> <span style='color: #4285F4;'>Google Chrome</span></span></div>
<div style="border: 1px solid #ddd; padding: 8px; margin: 5px 0; border-radius: 4px; background-color: #f7f7f7; display: inline-block;"><strong>💻 #System Info</strong> :: <strong>PC Name</strong> ⇒ <span style="color: #001dff;">ANKUSH1111</span> &nbsp;&nbsp;|&nbsp;&nbsp; <strong>User</strong> ⇒ <span style="color: #006400;">HP</span></div>
<div style='border: 1px solid #ddd; padding: 8px; margin: 5px 0; border-radius: 4px; background-color: #f7f7f7; display: inline-block;'><strong>#TXTBX ▭</strong> :: <strong>Full Name</strong> Value entered ⇒ <span style='color: #009;'>Deepak Singh</span></div>
<div style='border: 1px solid #ddd; padding: 8px; margin: 5px 0; border-radius: 4px; background-color: #f7f7f7; display: inline-block;'><strong>#TXTBX ▭</strong> :: <strong>Email</strong> Value entered ⇒ <span style='color: #009;'>deepak.singh@test.com</span></div>
<div style='border: 1px solid #ddd; padding: 8px; margin: 5px 0; border-radius: 4px; background-color: #f7f7f7; display: inline-block;'><strong>#TXTBX ▭</strong> :: <strong>Current Address</strong> Value entered ⇒ <span style='color: #009;'>Patna, Bihar</span></div>
<div style='border: 1px solid #ddd; padding: 8px; margin: 5px 0; border-radius: 4px; background-color: #f7f7f7; display: inline-block;'><strong>#TXTBX ▭</strong> :: <strong>Permanent Address</strong> Value entered ⇒ <span style='color: #009;'>Gaya, Bihar</span></div>
<div style='border: 1px solid #ddd; padding: 8px; margin: 5px 0; border-radius: 4px; background-color: #f7f7f7; display: inline-block;'><strong>#BTN 📤</strong> :: <strong>Clicked On</strong> ⇒ <span style='color: #001dff;'>Submit Button</span></div>
✅ Updated AutomationTestingStatus for FormId 101025 to '✅ [Automation Tester] TextBox Form Submitted Successfully at 01/06/2025 05:43:26 PM'
📋 Navigating to Home Page...
📋 Attempting to close modal popup (if present)...
⏳ Waiting for Home link to be clickable...
✅ Home link found: https://demoqa.com/
📋 Clicking on Home link...
⏳ Waiting for loader to disappear...
⏳ Verifying home page load...
❌ Navigation to Home Page failed: Expected condition failed: waiting for url to contain "home". Current url: "https://demoqa.com/" (tried for 10 second(s) with 500 milliseconds interval)
Build info: version: '4.12.1', revision: '8e34639b11'
System info: os.name: 'Windows 11', os.arch: 'amd64', os.version: '10.0', java.version: '18.0.1.1'
Driver info: org.openqa.selenium.chrome.ChromeDriver
Capabilities {acceptInsecureCerts: false, browserName: chrome, browserVersion: 136.0.7103.114, chrome: {chromedriverVersion: 136.0.7103.113 (76fa3c17824..., userDataDir: C:\Users\HP\AppData\Local\T...}, fedcm:accounts: true, goog:chromeOptions: {debuggerAddress: localhost:50211}, networkConnectionEnabled: false, pageLoadStrategy: normal, platformName: windows, proxy: Proxy(), se:cdp: ws://localhost:50211/devtoo..., se:cdpVersion: 136.0.7103.114, setWindowRect: true, strictFileInteractability: false, timeouts: {implicit: 0, pageLoad: 300000, script: 30000}, unhandledPromptBehavior: dismiss and notify, webauthn:extension:credBlob: true, webauthn:extension:largeBlob: true, webauthn:extension:minPinLength: true, webauthn:extension:prf: true, webauthn:virtualAuthenticators: true}
Session ID: e8754be54f8aaba068ee488e1e2786a9]]>
    </system-out>
  </testcase> <!-- verifyTextBoxFormSubmission -->
  <testcase classname="com.test.demoqa.TextBoxTestDataFromDB" name="verifyTextBoxFormSubmission" time="2.342">
    <system-out>
      <![CDATA[<div style="background-color:#ffeeba; border:2px solid #856404; border-radius:10px; padding:10px 15px; text-align:left; margin:10px 0; display:inline-block; color:#856404; box-shadow: 0px 4px 6px rgba(0, 0, 0, 0.2);"><p style='font-size:18px; margin:0;'><b>Skipped: 🔐 Admin Connection URL: jdbc:sqlserver://localhost:1433;database=QADEMO;integratedSecurity=true;encrypt=false;trustServerCertificate=true;loginTimeout=30;</b></p></div>
<div style="background-color:#ffeeba; border:2px solid #856404; border-radius:10px; padding:10px 15px; text-align:left; margin:10px 0; display:inline-block; color:#856404; box-shadow: 0px 4px 6px rgba(0, 0, 0, 0.2);"><p style='font-size:18px; margin:0;'><b>Skipped: 🔐 Company Connection URL: jdbc:sqlserver://localhost:1433;database=QADEMO;integratedSecurity=true;encrypt=false;trustServerCertificate=true;loginTimeout=30;</b></p></div>
<div style='border: 1px solid #e0e0e0;padding: 8px 12px;margin: 8px 0;border-radius: 6px;background: linear-gradient(to right, #f8f9fa, #ffffff);box-shadow: 0 2px 4px rgba(0,0,0,0.05);display: inline-block;font-family: Arial, sans-serif;'><span style='font-weight: bold;color: #333;'>🌍 Browser Info:</span> <span style='color: #2c7be5;font-weight: 500;'><img src='data:image/svg+xml;base64,PHN2ZyB4bWxucz0iaHR0cDovL3d3dy53My5vcmcvMjAwMC9zdmciIHZpZXdCb3g9IjAgMCA0NDggNTEyIj48cGF0aCBmaWxsPSIjRkZDMTAyIiBkPSJNMjI0IDI1NmMwIDEyLjktNyAyNC40LTE3LjcgMjkuNkwxODcgMzA5LjljLTUuNCAzLTEyLjMgMy4xLTE3LjcuMS0xMC40LTUuOS0xNi43LTE2LjktMTYuNy0yOC42VjE5OGMwLTEyLjkgNy0yNC40IDE3LjctMjkuNkwxODcgMTQyLjFjNS40LTMgMTIuMy0zLjEgMTcuNy0uMSAxMC40IDUuOSAxNi43IDE2LjkgMTYuNyAyOC42djU4LjJ6Ii8+PHBhdGggZmlsbD0iIzRBNDlGNSIgZD0iTTIyNCAyNTZjMCAxMi45LTcgMjQuNC0xNy43IDI5LjZMMTg3IDMwOS45Yy01LjQgMy0xMi4zIDMuMS0xNy43LjEtMTAuNC01LjktMTYuNy0xNi45LTE2LjctMjguNlYxOThjMC0xMi45IDctMjQuNCAxNy43LTI5LjZMMTg3IDE0Mi4xYzUuNC0zIDEyLjMtMy4xIDE3LjctLjEgMTAuNCA1LjkgMTYuNyAxNi45IDE2LjcgMjguNnY1OC4yeiIvPjxwYXRoIGZpbGw9IiNGRkMxMDIiIGQ9Ik0yMjQgMjU2YzAgMTIuOS03IDI0LjQtMTcuNyAyOS42TDE4NyAzMDkuOWMtNS40IDMtMTIuMyAzLjEtMTcuNy4xLTEwLjQtNS45LTE2LjctMTYuOS0xNi43LTI4LjZWMTk4YzAtMTIuOSA3LTI0LjQgMTcuNy0yOS42TDE4NyAxNDIuMWM1LjQtMyAxMi4zLTMuMSAxNy43LS4xIDEwLjQgNS45IDE2LjcgMTYuOSAxNi43IDI4LjZ2NTguMnoiLz48cGF0aCBmaWxsPSIjRkZDMTAyIiBkPSJNMjI0IDI1NmMwIDEyLjktNyAyNC40LTE3LjcgMjkuNkwxODcgMzA5LjljLTUuNCAzLTEyLjMgMy4xLTE3LjcuMS0xMC40LTUuOS0xNi43LTE2LjktMTYuNy0yOC42VjE5OGMwLTEyLjkgNy0yNC40IDE3LjctMjkuNkwxODcgMTQyLjFjNS40LTMgMTIuMy0zLjEgMTcuNy0uMSAxMC40IDUuOSAxNi43IDE2LjkgMTYuNyAyOC42djU4LjJ6Ii8+PC9zdmc+' height='20' width='20' style='vertical-align: middle;' /> <span style='color: #4285F4;'>Google Chrome</span></span></div>
<div style="border: 1px solid #ddd; padding: 8px; margin: 5px 0; border-radius: 4px; background-color: #f7f7f7; display: inline-block;"><strong>💻 #System Info</strong> :: <strong>PC Name</strong> ⇒ <span style="color: #001dff;">ANKUSH1111</span> &nbsp;&nbsp;|&nbsp;&nbsp; <strong>User</strong> ⇒ <span style="color: #006400;">HP</span></div>
<div style='border: 1px solid #ddd; padding: 8px; margin: 5px 0; border-radius: 4px; background-color: #f7f7f7; display: inline-block;'><strong>#TXTBX ▭</strong> :: <strong>Full Name</strong> Value entered ⇒ <span style='color: #009;'>Rajesh Kumar</span></div>
<div style='border: 1px solid #ddd; padding: 8px; margin: 5px 0; border-radius: 4px; background-color: #f7f7f7; display: inline-block;'><strong>#TXTBX ▭</strong> :: <strong>Email</strong> Value entered ⇒ <span style='color: #009;'>rajesh.kumar@test.com</span></div>
<div style='border: 1px solid #ddd; padding: 8px; margin: 5px 0; border-radius: 4px; background-color: #f7f7f7; display: inline-block;'><strong>#TXTBX ▭</strong> :: <strong>Current Address</strong> Value entered ⇒ <span style='color: #009;'>Ranchi, Jharkhand</span></div>
<div style='border: 1px solid #ddd; padding: 8px; margin: 5px 0; border-radius: 4px; background-color: #f7f7f7; display: inline-block;'><strong>#TXTBX ▭</strong> :: <strong>Permanent Address</strong> Value entered ⇒ <span style='color: #009;'>Jamshedpur, Jharkhand</span></div>
<div style='border: 1px solid #ddd; padding: 8px; margin: 5px 0; border-radius: 4px; background-color: #f7f7f7; display: inline-block;'><strong>#BTN 📤</strong> :: <strong>Clicked On</strong> ⇒ <span style='color: #001dff;'>Submit Button</span></div>
✅ Updated AutomationTestingStatus for FormId 101027 to '✅ [Automation Tester] TextBox Form Submitted Successfully at 01/06/2025 05:43:54 PM'
📋 Navigating to Home Page...
📋 Attempting to close modal popup (if present)...
⏳ Waiting for Home link to be clickable...
✅ Home link found: https://demoqa.com/
📋 Clicking on Home link...
⏳ Waiting for loader to disappear...
⏳ Verifying home page load...
❌ Navigation to Home Page failed: Expected condition failed: waiting for url to contain "home". Current url: "https://demoqa.com/" (tried for 10 second(s) with 500 milliseconds interval)
Build info: version: '4.12.1', revision: '8e34639b11'
System info: os.name: 'Windows 11', os.arch: 'amd64', os.version: '10.0', java.version: '18.0.1.1'
Driver info: org.openqa.selenium.chrome.ChromeDriver
Capabilities {acceptInsecureCerts: false, browserName: chrome, browserVersion: 136.0.7103.114, chrome: {chromedriverVersion: 136.0.7103.113 (76fa3c17824..., userDataDir: C:\Users\HP\AppData\Local\T...}, fedcm:accounts: true, goog:chromeOptions: {debuggerAddress: localhost:50211}, networkConnectionEnabled: false, pageLoadStrategy: normal, platformName: windows, proxy: Proxy(), se:cdp: ws://localhost:50211/devtoo..., se:cdpVersion: 136.0.7103.114, setWindowRect: true, strictFileInteractability: false, timeouts: {implicit: 0, pageLoad: 300000, script: 30000}, unhandledPromptBehavior: dismiss and notify, webauthn:extension:credBlob: true, webauthn:extension:largeBlob: true, webauthn:extension:minPinLength: true, webauthn:extension:prf: true, webauthn:virtualAuthenticators: true}
Session ID: e8754be54f8aaba068ee488e1e2786a9]]>
    </system-out>
  </testcase> <!-- verifyTextBoxFormSubmission -->
  <testcase classname="com.test.demoqa.TextBoxTestDataFromDB" name="verifyTextBoxFormSubmission" time="2.482">
    <system-out>
      <![CDATA[<div style="background-color:#ffeeba; border:2px solid #856404; border-radius:10px; padding:10px 15px; text-align:left; margin:10px 0; display:inline-block; color:#856404; box-shadow: 0px 4px 6px rgba(0, 0, 0, 0.2);"><p style='font-size:18px; margin:0;'><b>Skipped: 🔐 Admin Connection URL: jdbc:sqlserver://localhost:1433;database=QADEMO;integratedSecurity=true;encrypt=false;trustServerCertificate=true;loginTimeout=30;</b></p></div>
<div style="background-color:#ffeeba; border:2px solid #856404; border-radius:10px; padding:10px 15px; text-align:left; margin:10px 0; display:inline-block; color:#856404; box-shadow: 0px 4px 6px rgba(0, 0, 0, 0.2);"><p style='font-size:18px; margin:0;'><b>Skipped: 🔐 Company Connection URL: jdbc:sqlserver://localhost:1433;database=QADEMO;integratedSecurity=true;encrypt=false;trustServerCertificate=true;loginTimeout=30;</b></p></div>
<div style='border: 1px solid #e0e0e0;padding: 8px 12px;margin: 8px 0;border-radius: 6px;background: linear-gradient(to right, #f8f9fa, #ffffff);box-shadow: 0 2px 4px rgba(0,0,0,0.05);display: inline-block;font-family: Arial, sans-serif;'><span style='font-weight: bold;color: #333;'>🌍 Browser Info:</span> <span style='color: #2c7be5;font-weight: 500;'><img src='data:image/svg+xml;base64,PHN2ZyB4bWxucz0iaHR0cDovL3d3dy53My5vcmcvMjAwMC9zdmciIHZpZXdCb3g9IjAgMCA0NDggNTEyIj48cGF0aCBmaWxsPSIjRkZDMTAyIiBkPSJNMjI0IDI1NmMwIDEyLjktNyAyNC40LTE3LjcgMjkuNkwxODcgMzA5LjljLTUuNCAzLTEyLjMgMy4xLTE3LjcuMS0xMC40LTUuOS0xNi43LTE2LjktMTYuNy0yOC42VjE5OGMwLTEyLjkgNy0yNC40IDE3LjctMjkuNkwxODcgMTQyLjFjNS40LTMgMTIuMy0zLjEgMTcuNy0uMSAxMC40IDUuOSAxNi43IDE2LjkgMTYuNyAyOC42djU4LjJ6Ii8+PHBhdGggZmlsbD0iIzRBNDlGNSIgZD0iTTIyNCAyNTZjMCAxMi45LTcgMjQuNC0xNy43IDI5LjZMMTg3IDMwOS45Yy01LjQgMy0xMi4zIDMuMS0xNy43LjEtMTAuNC01LjktMTYuNy0xNi45LTE2LjctMjguNlYxOThjMC0xMi45IDctMjQuNCAxNy43LTI5LjZMMTg3IDE0Mi4xYzUuNC0zIDEyLjMtMy4xIDE3LjctLjEgMTAuNCA1LjkgMTYuNyAxNi45IDE2LjcgMjguNnY1OC4yeiIvPjxwYXRoIGZpbGw9IiNGRkMxMDIiIGQ9Ik0yMjQgMjU2YzAgMTIuOS03IDI0LjQtMTcuNyAyOS42TDE4NyAzMDkuOWMtNS40IDMtMTIuMyAzLjEtMTcuNy4xLTEwLjQtNS45LTE2LjctMTYuOS0xNi43LTI4LjZWMTk4YzAtMTIuOSA3LTI0LjQgMTcuNy0yOS42TDE4NyAxNDIuMWM1LjQtMyAxMi4zLTMuMSAxNy43LS4xIDEwLjQgNS45IDE2LjcgMTYuOSAxNi43IDI4LjZ2NTguMnoiLz48cGF0aCBmaWxsPSIjRkZDMTAyIiBkPSJNMjI0IDI1NmMwIDEyLjktNyAyNC40LTE3LjcgMjkuNkwxODcgMzA5LjljLTUuNCAzLTEyLjMgMy4xLTE3LjcuMS0xMC40LTUuOS0xNi43LTE2LjktMTYuNy0yOC42VjE5OGMwLTEyLjkgNy0yNC40IDE3LjctMjkuNkwxODcgMTQyLjFjNS40LTMgMTIuMy0zLjEgMTcuNy0uMSAxMC40IDUuOSAxNi43IDE2LjkgMTYuNyAyOC42djU4LjJ6Ii8+PC9zdmc+' height='20' width='20' style='vertical-align: middle;' /> <span style='color: #4285F4;'>Google Chrome</span></span></div>
<div style="border: 1px solid #ddd; padding: 8px; margin: 5px 0; border-radius: 4px; background-color: #f7f7f7; display: inline-block;"><strong>💻 #System Info</strong> :: <strong>PC Name</strong> ⇒ <span style="color: #001dff;">ANKUSH1111</span> &nbsp;&nbsp;|&nbsp;&nbsp; <strong>User</strong> ⇒ <span style="color: #006400;">HP</span></div>
<div style='border: 1px solid #ddd; padding: 8px; margin: 5px 0; border-radius: 4px; background-color: #f7f7f7; display: inline-block;'><strong>#TXTBX ▭</strong> :: <strong>Full Name</strong> Value entered ⇒ <span style='color: #009;'>Tanya Desai</span></div>
<div style='border: 1px solid #ddd; padding: 8px; margin: 5px 0; border-radius: 4px; background-color: #f7f7f7; display: inline-block;'><strong>#TXTBX ▭</strong> :: <strong>Email</strong> Value entered ⇒ <span style='color: #009;'>tanya.desai@test.com</span></div>
<div style='border: 1px solid #ddd; padding: 8px; margin: 5px 0; border-radius: 4px; background-color: #f7f7f7; display: inline-block;'><strong>#TXTBX ▭</strong> :: <strong>Current Address</strong> Value entered ⇒ <span style='color: #009;'>Ahmedabad, Gujarat</span></div>
<div style='border: 1px solid #ddd; padding: 8px; margin: 5px 0; border-radius: 4px; background-color: #f7f7f7; display: inline-block;'><strong>#TXTBX ▭</strong> :: <strong>Permanent Address</strong> Value entered ⇒ <span style='color: #009;'>Vadodara, Gujarat</span></div>
<div style='border: 1px solid #ddd; padding: 8px; margin: 5px 0; border-radius: 4px; background-color: #f7f7f7; display: inline-block;'><strong>#BTN 📤</strong> :: <strong>Clicked On</strong> ⇒ <span style='color: #001dff;'>Submit Button</span></div>
✅ Updated AutomationTestingStatus for FormId 101030 to '✅ [Automation Tester] TextBox Form Submitted Successfully at 01/06/2025 05:44:35 PM'
📋 Navigating to Home Page...
📋 Attempting to close modal popup (if present)...
⏳ Waiting for Home link to be clickable...
✅ Home link found: https://demoqa.com/
📋 Clicking on Home link...
⏳ Waiting for loader to disappear...
⏳ Verifying home page load...
❌ Navigation to Home Page failed: Expected condition failed: waiting for url to contain "home". Current url: "https://demoqa.com/" (tried for 10 second(s) with 500 milliseconds interval)
Build info: version: '4.12.1', revision: '8e34639b11'
System info: os.name: 'Windows 11', os.arch: 'amd64', os.version: '10.0', java.version: '18.0.1.1'
Driver info: org.openqa.selenium.chrome.ChromeDriver
Capabilities {acceptInsecureCerts: false, browserName: chrome, browserVersion: 136.0.7103.114, chrome: {chromedriverVersion: 136.0.7103.113 (76fa3c17824..., userDataDir: C:\Users\HP\AppData\Local\T...}, fedcm:accounts: true, goog:chromeOptions: {debuggerAddress: localhost:50211}, networkConnectionEnabled: false, pageLoadStrategy: normal, platformName: windows, proxy: Proxy(), se:cdp: ws://localhost:50211/devtoo..., se:cdpVersion: 136.0.7103.114, setWindowRect: true, strictFileInteractability: false, timeouts: {implicit: 0, pageLoad: 300000, script: 30000}, unhandledPromptBehavior: dismiss and notify, webauthn:extension:credBlob: true, webauthn:extension:largeBlob: true, webauthn:extension:minPinLength: true, webauthn:extension:prf: true, webauthn:virtualAuthenticators: true}
Session ID: e8754be54f8aaba068ee488e1e2786a9]]>
    </system-out>
  </testcase> <!-- verifyTextBoxFormSubmission -->
  <testcase classname="com.test.demoqa.TextBoxTestDataFromDB" name="verifyTextBoxFormSubmission" time="4.039">
    <system-out>
      <![CDATA[<div style="background-color:#ffeeba; border:2px solid #856404; border-radius:10px; padding:10px 15px; text-align:left; margin:10px 0; display:inline-block; color:#856404; box-shadow: 0px 4px 6px rgba(0, 0, 0, 0.2);"><p style='font-size:18px; margin:0;'><b>Skipped: 🔐 Admin Connection URL: jdbc:sqlserver://localhost:1433;database=QADEMO;integratedSecurity=true;encrypt=false;trustServerCertificate=true;loginTimeout=30;</b></p></div>
<div style="background-color:#ffeeba; border:2px solid #856404; border-radius:10px; padding:10px 15px; text-align:left; margin:10px 0; display:inline-block; color:#856404; box-shadow: 0px 4px 6px rgba(0, 0, 0, 0.2);"><p style='font-size:18px; margin:0;'><b>Skipped: 🔐 Company Connection URL: jdbc:sqlserver://localhost:1433;database=QADEMO;integratedSecurity=true;encrypt=false;trustServerCertificate=true;loginTimeout=30;</b></p></div>
<div style='border: 1px solid #e0e0e0;padding: 8px 12px;margin: 8px 0;border-radius: 6px;background: linear-gradient(to right, #f8f9fa, #ffffff);box-shadow: 0 2px 4px rgba(0,0,0,0.05);display: inline-block;font-family: Arial, sans-serif;'><span style='font-weight: bold;color: #333;'>🌍 Browser Info:</span> <span style='color: #2c7be5;font-weight: 500;'><img src='data:image/svg+xml;base64,PHN2ZyB4bWxucz0iaHR0cDovL3d3dy53My5vcmcvMjAwMC9zdmciIHZpZXdCb3g9IjAgMCA0NDggNTEyIj48cGF0aCBmaWxsPSIjRkZDMTAyIiBkPSJNMjI0IDI1NmMwIDEyLjktNyAyNC40LTE3LjcgMjkuNkwxODcgMzA5LjljLTUuNCAzLTEyLjMgMy4xLTE3LjcuMS0xMC40LTUuOS0xNi43LTE2LjktMTYuNy0yOC42VjE5OGMwLTEyLjkgNy0yNC40IDE3LjctMjkuNkwxODcgMTQyLjFjNS40LTMgMTIuMy0zLjEgMTcuNy0uMSAxMC40IDUuOSAxNi43IDE2LjkgMTYuNyAyOC42djU4LjJ6Ii8+PHBhdGggZmlsbD0iIzRBNDlGNSIgZD0iTTIyNCAyNTZjMCAxMi45LTcgMjQuNC0xNy43IDI5LjZMMTg3IDMwOS45Yy01LjQgMy0xMi4zIDMuMS0xNy43LjEtMTAuNC01LjktMTYuNy0xNi45LTE2LjctMjguNlYxOThjMC0xMi45IDctMjQuNCAxNy43LTI5LjZMMTg3IDE0Mi4xYzUuNC0zIDEyLjMtMy4xIDE3LjctLjEgMTAuNCA1LjkgMTYuNyAxNi45IDE2LjcgMjguNnY1OC4yeiIvPjxwYXRoIGZpbGw9IiNGRkMxMDIiIGQ9Ik0yMjQgMjU2YzAgMTIuOS03IDI0LjQtMTcuNyAyOS42TDE4NyAzMDkuOWMtNS40IDMtMTIuMyAzLjEtMTcuNy4xLTEwLjQtNS45LTE2LjctMTYuOS0xNi43LTI4LjZWMTk4YzAtMTIuOSA3LTI0LjQgMTcuNy0yOS42TDE4NyAxNDIuMWM1LjQtMyAxMi4zLTMuMSAxNy43LS4xIDEwLjQgNS45IDE2LjcgMTYuOSAxNi43IDI4LjZ2NTguMnoiLz48cGF0aCBmaWxsPSIjRkZDMTAyIiBkPSJNMjI0IDI1NmMwIDEyLjktNyAyNC40LTE3LjcgMjkuNkwxODcgMzA5LjljLTUuNCAzLTEyLjMgMy4xLTE3LjcuMS0xMC40LTUuOS0xNi43LTE2LjktMTYuNy0yOC42VjE5OGMwLTEyLjkgNy0yNC40IDE3LjctMjkuNkwxODcgMTQyLjFjNS40LTMgMTIuMy0zLjEgMTcuNy0uMSAxMC40IDUuOSAxNi43IDE2LjkgMTYuNyAyOC42djU4LjJ6Ii8+PC9zdmc+' height='20' width='20' style='vertical-align: middle;' /> <span style='color: #4285F4;'>Google Chrome</span></span></div>
<div style="border: 1px solid #ddd; padding: 8px; margin: 5px 0; border-radius: 4px; background-color: #f7f7f7; display: inline-block;"><strong>💻 #System Info</strong> :: <strong>PC Name</strong> ⇒ <span style="color: #001dff;">ANKUSH1111</span> &nbsp;&nbsp;|&nbsp;&nbsp; <strong>User</strong> ⇒ <span style="color: #006400;">HP</span></div>
<div style='border: 1px solid #ddd; padding: 8px; margin: 5px 0; border-radius: 4px; background-color: #f7f7f7; display: inline-block;'><strong>#TXTBX ▭</strong> :: <strong>Full Name</strong> Value entered ⇒ <span style='color: #009;'>Saurabh Yadav</span></div>
<div style='border: 1px solid #ddd; padding: 8px; margin: 5px 0; border-radius: 4px; background-color: #f7f7f7; display: inline-block;'><strong>#TXTBX ▭</strong> :: <strong>Email</strong> Value entered ⇒ <span style='color: #009;'>saurabh.yadav@test.com</span></div>
<div style='border: 1px solid #ddd; padding: 8px; margin: 5px 0; border-radius: 4px; background-color: #f7f7f7; display: inline-block;'><strong>#TXTBX ▭</strong> :: <strong>Current Address</strong> Value entered ⇒ <span style='color: #009;'>Lucknow, Uttar Pradesh</span></div>
<div style='border: 1px solid #ddd; padding: 8px; margin: 5px 0; border-radius: 4px; background-color: #f7f7f7; display: inline-block;'><strong>#TXTBX ▭</strong> :: <strong>Permanent Address</strong> Value entered ⇒ <span style='color: #009;'>Kanpur, Uttar Pradesh</span></div>
<div style='border: 1px solid #ddd; padding: 8px; margin: 5px 0; border-radius: 4px; background-color: #f7f7f7; display: inline-block;'><strong>#BTN 📤</strong> :: <strong>Clicked On</strong> ⇒ <span style='color: #001dff;'>Submit Button</span></div>
✅ Updated AutomationTestingStatus for FormId 101019 to '✅ [Automation Tester] TextBox Form Submitted Successfully at 01/06/2025 05:41:49 PM'
📋 Navigating to Home Page...
📋 Attempting to close modal popup (if present)...
⏳ Waiting for Home link to be clickable...
✅ Home link found: https://demoqa.com/
📋 Clicking on Home link...
⏳ Waiting for loader to disappear...
⏳ Verifying home page load...
❌ Navigation to Home Page failed: Expected condition failed: waiting for url to contain "home". Current url: "https://demoqa.com/" (tried for 10 second(s) with 500 milliseconds interval)
Build info: version: '4.12.1', revision: '8e34639b11'
System info: os.name: 'Windows 11', os.arch: 'amd64', os.version: '10.0', java.version: '18.0.1.1'
Driver info: org.openqa.selenium.chrome.ChromeDriver
Capabilities {acceptInsecureCerts: false, browserName: chrome, browserVersion: 136.0.7103.114, chrome: {chromedriverVersion: 136.0.7103.113 (76fa3c17824..., userDataDir: C:\Users\HP\AppData\Local\T...}, fedcm:accounts: true, goog:chromeOptions: {debuggerAddress: localhost:50211}, networkConnectionEnabled: false, pageLoadStrategy: normal, platformName: windows, proxy: Proxy(), se:cdp: ws://localhost:50211/devtoo..., se:cdpVersion: 136.0.7103.114, setWindowRect: true, strictFileInteractability: false, timeouts: {implicit: 0, pageLoad: 300000, script: 30000}, unhandledPromptBehavior: dismiss and notify, webauthn:extension:credBlob: true, webauthn:extension:largeBlob: true, webauthn:extension:minPinLength: true, webauthn:extension:prf: true, webauthn:virtualAuthenticators: true}
Session ID: e8754be54f8aaba068ee488e1e2786a9]]>
    </system-out>
  </testcase> <!-- verifyTextBoxFormSubmission -->
  <testcase classname="com.test.demoqa.TextBoxTestDataFromDB" name="verifyTextBoxFormSubmission" time="7.452">
    <system-out>
      <![CDATA[<div style="background-color:#ffeeba; border:2px solid #856404; border-radius:10px; padding:10px 15px; text-align:left; margin:10px 0; display:inline-block; color:#856404; box-shadow: 0px 4px 6px rgba(0, 0, 0, 0.2);"><p style='font-size:18px; margin:0;'><b>Skipped: 🔐 Admin Connection URL: jdbc:sqlserver://localhost:1433;database=QADEMO;integratedSecurity=true;encrypt=false;trustServerCertificate=true;loginTimeout=30;</b></p></div>
<div style="background-color:#ffeeba; border:2px solid #856404; border-radius:10px; padding:10px 15px; text-align:left; margin:10px 0; display:inline-block; color:#856404; box-shadow: 0px 4px 6px rgba(0, 0, 0, 0.2);"><p style='font-size:18px; margin:0;'><b>Skipped: 🔐 Company Connection URL: jdbc:sqlserver://localhost:1433;database=QADEMO;integratedSecurity=true;encrypt=false;trustServerCertificate=true;loginTimeout=30;</b></p></div>
<div style='border: 1px solid #e0e0e0;padding: 8px 12px;margin: 8px 0;border-radius: 6px;background: linear-gradient(to right, #f8f9fa, #ffffff);box-shadow: 0 2px 4px rgba(0,0,0,0.05);display: inline-block;font-family: Arial, sans-serif;'><span style='font-weight: bold;color: #333;'>🌍 Browser Info:</span> <span style='color: #2c7be5;font-weight: 500;'><img src='data:image/svg+xml;base64,PHN2ZyB4bWxucz0iaHR0cDovL3d3dy53My5vcmcvMjAwMC9zdmciIHZpZXdCb3g9IjAgMCA0NDggNTEyIj48cGF0aCBmaWxsPSIjRkZDMTAyIiBkPSJNMjI0IDI1NmMwIDEyLjktNyAyNC40LTE3LjcgMjkuNkwxODcgMzA5LjljLTUuNCAzLTEyLjMgMy4xLTE3LjcuMS0xMC40LTUuOS0xNi43LTE2LjktMTYuNy0yOC42VjE5OGMwLTEyLjkgNy0yNC40IDE3LjctMjkuNkwxODcgMTQyLjFjNS40LTMgMTIuMy0zLjEgMTcuNy0uMSAxMC40IDUuOSAxNi43IDE2LjkgMTYuNyAyOC42djU4LjJ6Ii8+PHBhdGggZmlsbD0iIzRBNDlGNSIgZD0iTTIyNCAyNTZjMCAxMi45LTcgMjQuNC0xNy43IDI5LjZMMTg3IDMwOS45Yy01LjQgMy0xMi4zIDMuMS0xNy43LjEtMTAuNC01LjktMTYuNy0xNi45LTE2LjctMjguNlYxOThjMC0xMi45IDctMjQuNCAxNy43LTI5LjZMMTg3IDE0Mi4xYzUuNC0zIDEyLjMtMy4xIDE3LjctLjEgMTAuNCA1LjkgMTYuNyAxNi45IDE2LjcgMjguNnY1OC4yeiIvPjxwYXRoIGZpbGw9IiNGRkMxMDIiIGQ9Ik0yMjQgMjU2YzAgMTIuOS03IDI0LjQtMTcuNyAyOS42TDE4NyAzMDkuOWMtNS40IDMtMTIuMyAzLjEtMTcuNy4xLTEwLjQtNS45LTE2LjctMTYuOS0xNi43LTI4LjZWMTk4YzAtMTIuOSA3LTI0LjQgMTcuNy0yOS42TDE4NyAxNDIuMWM1LjQtMyAxMi4zLTMuMSAxNy43LS4xIDEwLjQgNS45IDE2LjcgMTYuOSAxNi43IDI4LjZ2NTguMnoiLz48cGF0aCBmaWxsPSIjRkZDMTAyIiBkPSJNMjI0IDI1NmMwIDEyLjktNyAyNC40LTE3LjcgMjkuNkwxODcgMzA5LjljLTUuNCAzLTEyLjMgMy4xLTE3LjcuMS0xMC40LTUuOS0xNi43LTE2LjktMTYuNy0yOC42VjE5OGMwLTEyLjkgNy0yNC40IDE3LjctMjkuNkwxODcgMTQyLjFjNS40LTMgMTIuMy0zLjEgMTcuNy0uMSAxMC40IDUuOSAxNi43IDE2LjkgMTYuNyAyOC42djU4LjJ6Ii8+PC9zdmc+' height='20' width='20' style='vertical-align: middle;' /> <span style='color: #4285F4;'>Google Chrome</span></span></div>
<div style="border: 1px solid #ddd; padding: 8px; margin: 5px 0; border-radius: 4px; background-color: #f7f7f7; display: inline-block;"><strong>💻 #System Info</strong> :: <strong>PC Name</strong> ⇒ <span style="color: #001dff;">ANKUSH1111</span> &nbsp;&nbsp;|&nbsp;&nbsp; <strong>User</strong> ⇒ <span style="color: #006400;">HP</span></div>
<div style='border: 1px solid #ddd; padding: 8px; margin: 5px 0; border-radius: 4px; background-color: #f7f7f7; display: inline-block;'><strong>#TXTBX ▭</strong> :: <strong>Full Name</strong> Value entered ⇒ <span style='color: #009;'>Ankush Agle</span></div>
<div style='border: 1px solid #ddd; padding: 8px; margin: 5px 0; border-radius: 4px; background-color: #f7f7f7; display: inline-block;'><strong>#TXTBX ▭</strong> :: <strong>Email</strong> Value entered ⇒ <span style='color: #009;'>ankush.agle@test.com</span></div>
<div style='border: 1px solid #ddd; padding: 8px; margin: 5px 0; border-radius: 4px; background-color: #f7f7f7; display: inline-block;'><strong>#TXTBX ▭</strong> :: <strong>Current Address</strong> Value entered ⇒ <span style='color: #009;'>Paithan, Maharashtra</span></div>
<div style='border: 1px solid #ddd; padding: 8px; margin: 5px 0; border-radius: 4px; background-color: #f7f7f7; display: inline-block;'><strong>#TXTBX ▭</strong> :: <strong>Permanent Address</strong> Value entered ⇒ <span style='color: #009;'>Aurangabad, Maharashtra</span></div>
<div style='border: 1px solid #ddd; padding: 8px; margin: 5px 0; border-radius: 4px; background-color: #f7f7f7; display: inline-block;'><strong>#BTN 📤</strong> :: <strong>Clicked On</strong> ⇒ <span style='color: #001dff;'>Submit Button</span></div>
✅ Updated AutomationTestingStatus for FormId 101011 to '✅ [Automation Tester] TextBox Form Submitted Successfully at 01/06/2025 05:39:01 PM'
📋 Navigating to Home Page...
📋 Attempting to close modal popup (if present)...
⏳ Waiting for Home link to be clickable...
✅ Home link found: https://demoqa.com/
📋 Clicking on Home link...
⏳ Waiting for loader to disappear...
⏳ Verifying home page load...
❌ Navigation to Home Page failed: Expected condition failed: waiting for url to contain "home". Current url: "https://demoqa.com/" (tried for 10 second(s) with 500 milliseconds interval)
Build info: version: '4.12.1', revision: '8e34639b11'
System info: os.name: 'Windows 11', os.arch: 'amd64', os.version: '10.0', java.version: '18.0.1.1'
Driver info: org.openqa.selenium.chrome.ChromeDriver
Capabilities {acceptInsecureCerts: false, browserName: chrome, browserVersion: 136.0.7103.114, chrome: {chromedriverVersion: 136.0.7103.113 (76fa3c17824..., userDataDir: C:\Users\HP\AppData\Local\T...}, fedcm:accounts: true, goog:chromeOptions: {debuggerAddress: localhost:50211}, networkConnectionEnabled: false, pageLoadStrategy: normal, platformName: windows, proxy: Proxy(), se:cdp: ws://localhost:50211/devtoo..., se:cdpVersion: 136.0.7103.114, setWindowRect: true, strictFileInteractability: false, timeouts: {implicit: 0, pageLoad: 300000, script: 30000}, unhandledPromptBehavior: dismiss and notify, webauthn:extension:credBlob: true, webauthn:extension:largeBlob: true, webauthn:extension:minPinLength: true, webauthn:extension:prf: true, webauthn:virtualAuthenticators: true}
Session ID: e8754be54f8aaba068ee488e1e2786a9]]>
    </system-out>
  </testcase> <!-- verifyTextBoxFormSubmission -->
  <testcase classname="com.test.demoqa.TextBoxTestDataFromDB" name="verifyTextBoxFormSubmission" time="2.316">
    <system-out>
      <![CDATA[<div style="background-color:#ffeeba; border:2px solid #856404; border-radius:10px; padding:10px 15px; text-align:left; margin:10px 0; display:inline-block; color:#856404; box-shadow: 0px 4px 6px rgba(0, 0, 0, 0.2);"><p style='font-size:18px; margin:0;'><b>Skipped: 🔐 Admin Connection URL: jdbc:sqlserver://localhost:1433;database=QADEMO;integratedSecurity=true;encrypt=false;trustServerCertificate=true;loginTimeout=30;</b></p></div>
<div style="background-color:#ffeeba; border:2px solid #856404; border-radius:10px; padding:10px 15px; text-align:left; margin:10px 0; display:inline-block; color:#856404; box-shadow: 0px 4px 6px rgba(0, 0, 0, 0.2);"><p style='font-size:18px; margin:0;'><b>Skipped: 🔐 Company Connection URL: jdbc:sqlserver://localhost:1433;database=QADEMO;integratedSecurity=true;encrypt=false;trustServerCertificate=true;loginTimeout=30;</b></p></div>
<div style='border: 1px solid #e0e0e0;padding: 8px 12px;margin: 8px 0;border-radius: 6px;background: linear-gradient(to right, #f8f9fa, #ffffff);box-shadow: 0 2px 4px rgba(0,0,0,0.05);display: inline-block;font-family: Arial, sans-serif;'><span style='font-weight: bold;color: #333;'>🌍 Browser Info:</span> <span style='color: #2c7be5;font-weight: 500;'><img src='data:image/svg+xml;base64,PHN2ZyB4bWxucz0iaHR0cDovL3d3dy53My5vcmcvMjAwMC9zdmciIHZpZXdCb3g9IjAgMCA0NDggNTEyIj48cGF0aCBmaWxsPSIjRkZDMTAyIiBkPSJNMjI0IDI1NmMwIDEyLjktNyAyNC40LTE3LjcgMjkuNkwxODcgMzA5LjljLTUuNCAzLTEyLjMgMy4xLTE3LjcuMS0xMC40LTUuOS0xNi43LTE2LjktMTYuNy0yOC42VjE5OGMwLTEyLjkgNy0yNC40IDE3LjctMjkuNkwxODcgMTQyLjFjNS40LTMgMTIuMy0zLjEgMTcuNy0uMSAxMC40IDUuOSAxNi43IDE2LjkgMTYuNyAyOC42djU4LjJ6Ii8+PHBhdGggZmlsbD0iIzRBNDlGNSIgZD0iTTIyNCAyNTZjMCAxMi45LTcgMjQuNC0xNy43IDI5LjZMMTg3IDMwOS45Yy01LjQgMy0xMi4zIDMuMS0xNy43LjEtMTAuNC01LjktMTYuNy0xNi45LTE2LjctMjguNlYxOThjMC0xMi45IDctMjQuNCAxNy43LTI5LjZMMTg3IDE0Mi4xYzUuNC0zIDEyLjMtMy4xIDE3LjctLjEgMTAuNCA1LjkgMTYuNyAxNi45IDE2LjcgMjguNnY1OC4yeiIvPjxwYXRoIGZpbGw9IiNGRkMxMDIiIGQ9Ik0yMjQgMjU2YzAgMTIuOS03IDI0LjQtMTcuNyAyOS42TDE4NyAzMDkuOWMtNS40IDMtMTIuMyAzLjEtMTcuNy4xLTEwLjQtNS45LTE2LjctMTYuOS0xNi43LTI4LjZWMTk4YzAtMTIuOSA3LTI0LjQgMTcuNy0yOS42TDE4NyAxNDIuMWM1LjQtMyAxMi4zLTMuMSAxNy43LS4xIDEwLjQgNS45IDE2LjcgMTYuOSAxNi43IDI4LjZ2NTguMnoiLz48cGF0aCBmaWxsPSIjRkZDMTAyIiBkPSJNMjI0IDI1NmMwIDEyLjktNyAyNC40LTE3LjcgMjkuNkwxODcgMzA5LjljLTUuNCAzLTEyLjMgMy4xLTE3LjcuMS0xMC40LTUuOS0xNi43LTE2LjktMTYuNy0yOC42VjE5OGMwLTEyLjkgNy0yNC40IDE3LjctMjkuNkwxODcgMTQyLjFjNS40LTMgMTIuMy0zLjEgMTcuNy0uMSAxMC40IDUuOSAxNi43IDE2LjkgMTYuNyAyOC42djU4LjJ6Ii8+PC9zdmc+' height='20' width='20' style='vertical-align: middle;' /> <span style='color: #4285F4;'>Google Chrome</span></span></div>
<div style="border: 1px solid #ddd; padding: 8px; margin: 5px 0; border-radius: 4px; background-color: #f7f7f7; display: inline-block;"><strong>💻 #System Info</strong> :: <strong>PC Name</strong> ⇒ <span style="color: #001dff;">ANKUSH1111</span> &nbsp;&nbsp;|&nbsp;&nbsp; <strong>User</strong> ⇒ <span style="color: #006400;">HP</span></div>
<div style='border: 1px solid #ddd; padding: 8px; margin: 5px 0; border-radius: 4px; background-color: #f7f7f7; display: inline-block;'><strong>#TXTBX ▭</strong> :: <strong>Full Name</strong> Value entered ⇒ <span style='color: #009;'>Kavita Bansal</span></div>
<div style='border: 1px solid #ddd; padding: 8px; margin: 5px 0; border-radius: 4px; background-color: #f7f7f7; display: inline-block;'><strong>#TXTBX ▭</strong> :: <strong>Email</strong> Value entered ⇒ <span style='color: #009;'>kavita.bansal@test.com</span></div>
<div style='border: 1px solid #ddd; padding: 8px; margin: 5px 0; border-radius: 4px; background-color: #f7f7f7; display: inline-block;'><strong>#TXTBX ▭</strong> :: <strong>Current Address</strong> Value entered ⇒ <span style='color: #009;'>Chandigarh</span></div>
<div style='border: 1px solid #ddd; padding: 8px; margin: 5px 0; border-radius: 4px; background-color: #f7f7f7; display: inline-block;'><strong>#TXTBX ▭</strong> :: <strong>Permanent Address</strong> Value entered ⇒ <span style='color: #009;'>Panchkula, Haryana</span></div>
<div style='border: 1px solid #ddd; padding: 8px; margin: 5px 0; border-radius: 4px; background-color: #f7f7f7; display: inline-block;'><strong>#BTN 📤</strong> :: <strong>Clicked On</strong> ⇒ <span style='color: #001dff;'>Submit Button</span></div>
✅ Updated AutomationTestingStatus for FormId 101026 to '✅ [Automation Tester] TextBox Form Submitted Successfully at 01/06/2025 05:43:40 PM'
📋 Navigating to Home Page...
📋 Attempting to close modal popup (if present)...
⏳ Waiting for Home link to be clickable...
✅ Home link found: https://demoqa.com/
📋 Clicking on Home link...
⏳ Waiting for loader to disappear...
⏳ Verifying home page load...
❌ Navigation to Home Page failed: Expected condition failed: waiting for url to contain "home". Current url: "https://demoqa.com/" (tried for 10 second(s) with 500 milliseconds interval)
Build info: version: '4.12.1', revision: '8e34639b11'
System info: os.name: 'Windows 11', os.arch: 'amd64', os.version: '10.0', java.version: '18.0.1.1'
Driver info: org.openqa.selenium.chrome.ChromeDriver
Capabilities {acceptInsecureCerts: false, browserName: chrome, browserVersion: 136.0.7103.114, chrome: {chromedriverVersion: 136.0.7103.113 (76fa3c17824..., userDataDir: C:\Users\HP\AppData\Local\T...}, fedcm:accounts: true, goog:chromeOptions: {debuggerAddress: localhost:50211}, networkConnectionEnabled: false, pageLoadStrategy: normal, platformName: windows, proxy: Proxy(), se:cdp: ws://localhost:50211/devtoo..., se:cdpVersion: 136.0.7103.114, setWindowRect: true, strictFileInteractability: false, timeouts: {implicit: 0, pageLoad: 300000, script: 30000}, unhandledPromptBehavior: dismiss and notify, webauthn:extension:credBlob: true, webauthn:extension:largeBlob: true, webauthn:extension:minPinLength: true, webauthn:extension:prf: true, webauthn:virtualAuthenticators: true}
Session ID: e8754be54f8aaba068ee488e1e2786a9]]>
    </system-out>
  </testcase> <!-- verifyTextBoxFormSubmission -->
  <system-out>
    <![CDATA[Suite Start: Suite at 01/06/2025 05:38:26 PM
<div style="background-color:#ffeeba; border:2px solid #856404; border-radius:10px; padding:10px 15px; text-align:left; margin:10px 0; display:inline-block; color:#856404; box-shadow: 0px 4px 6px rgba(0, 0, 0, 0.2);"><p style='font-size:18px; margin:0;'><b>Skipped: 🔐 Admin Connection URL: jdbc:sqlserver://localhost:1433;database=QADEMO;integratedSecurity=true;encrypt=false;trustServerCertificate=true;loginTimeout=30;</b></p></div>
<div style="background-color:#ffeeba; border:2px solid #856404; border-radius:10px; padding:10px 15px; text-align:left; margin:10px 0; display:inline-block; color:#856404; box-shadow: 0px 4px 6px rgba(0, 0, 0, 0.2);"><p style='font-size:18px; margin:0;'><b>Skipped: 🔐 Company Connection URL: jdbc:sqlserver://localhost:1433;database=QADEMO;integratedSecurity=true;encrypt=false;trustServerCertificate=true;loginTimeout=30;</b></p></div>
<div style="background-color:#ffeeba; border:2px solid #856404; border-radius:10px; padding:10px 15px; text-align:left; margin:10px 0; display:inline-block; color:#856404; box-shadow: 0px 4px 6px rgba(0, 0, 0, 0.2);"><p style='font-size:18px; margin:0;'><b>Skipped: 🔐 Admin Connection URL: jdbc:sqlserver://localhost:1433;database=QADEMO;integratedSecurity=true;encrypt=false;trustServerCertificate=true;loginTimeout=30;</b></p></div>
<div style="background-color:#ffeeba; border:2px solid #856404; border-radius:10px; padding:10px 15px; text-align:left; margin:10px 0; display:inline-block; color:#856404; box-shadow: 0px 4px 6px rgba(0, 0, 0, 0.2);"><p style='font-size:18px; margin:0;'><b>Skipped: 🔐 Company Connection URL: jdbc:sqlserver://localhost:1433;database=QADEMO;integratedSecurity=true;encrypt=false;trustServerCertificate=true;loginTimeout=30;</b></p></div>
<div style='border: 1px solid #e0e0e0;padding: 8px 12px;margin: 8px 0;border-radius: 6px;background: linear-gradient(to right, #f8f9fa, #ffffff);box-shadow: 0 2px 4px rgba(0,0,0,0.05);display: inline-block;font-family: Arial, sans-serif;'><span style='font-weight: bold;color: #333;'>🌍 Browser Info:</span> <span style='color: #2c7be5;font-weight: 500;'><img src='data:image/svg+xml;base64,PHN2ZyB4bWxucz0iaHR0cDovL3d3dy53My5vcmcvMjAwMC9zdmciIHZpZXdCb3g9IjAgMCA0NDggNTEyIj48cGF0aCBmaWxsPSIjRkZDMTAyIiBkPSJNMjI0IDI1NmMwIDEyLjktNyAyNC40LTE3LjcgMjkuNkwxODcgMzA5LjljLTUuNCAzLTEyLjMgMy4xLTE3LjcuMS0xMC40LTUuOS0xNi43LTE2LjktMTYuNy0yOC42VjE5OGMwLTEyLjkgNy0yNC40IDE3LjctMjkuNkwxODcgMTQyLjFjNS40LTMgMTIuMy0zLjEgMTcuNy0uMSAxMC40IDUuOSAxNi43IDE2LjkgMTYuNyAyOC42djU4LjJ6Ii8+PHBhdGggZmlsbD0iIzRBNDlGNSIgZD0iTTIyNCAyNTZjMCAxMi45LTcgMjQuNC0xNy43IDI5LjZMMTg3IDMwOS45Yy01LjQgMy0xMi4zIDMuMS0xNy43LjEtMTAuNC01LjktMTYuNy0xNi45LTE2LjctMjguNlYxOThjMC0xMi45IDctMjQuNCAxNy43LTI5LjZMMTg3IDE0Mi4xYzUuNC0zIDEyLjMtMy4xIDE3LjctLjEgMTAuNCA1LjkgMTYuNyAxNi45IDE2LjcgMjguNnY1OC4yeiIvPjxwYXRoIGZpbGw9IiNGRkMxMDIiIGQ9Ik0yMjQgMjU2YzAgMTIuOS03IDI0LjQtMTcuNyAyOS42TDE4NyAzMDkuOWMtNS40IDMtMTIuMyAzLjEtMTcuNy4xLTEwLjQtNS45LTE2LjctMTYuOS0xNi43LTI4LjZWMTk4YzAtMTIuOSA3LTI0LjQgMTcuNy0yOS42TDE4NyAxNDIuMWM1LjQtMyAxMi4zLTMuMSAxNy43LS4xIDEwLjQgNS45IDE2LjcgMTYuOSAxNi43IDI4LjZ2NTguMnoiLz48cGF0aCBmaWxsPSIjRkZDMTAyIiBkPSJNMjI0IDI1NmMwIDEyLjktNyAyNC40LTE3LjcgMjkuNkwxODcgMzA5LjljLTUuNCAzLTEyLjMgMy4xLTE3LjcuMS0xMC40LTUuOS0xNi43LTE2LjktMTYuNy0yOC42VjE5OGMwLTEyLjkgNy0yNC40IDE3LjctMjkuNkwxODcgMTQyLjFjNS40LTMgMTIuMy0zLjEgMTcuNy0uMSAxMC40IDUuOSAxNi43IDE2LjkgMTYuNyAyOC42djU4LjJ6Ii8+PC9zdmc+' height='20' width='20' style='vertical-align: middle;' /> <span style='color: #4285F4;'>Google Chrome</span></span></div>
<div style="border: 1px solid #ddd; padding: 8px; margin: 5px 0; border-radius: 4px; background-color: #f7f7f7; display: inline-block;"><strong>💻 #System Info</strong> :: <strong>PC Name</strong> ⇒ <span style="color: #001dff;">ANKUSH1111</span> &nbsp;&nbsp;|&nbsp;&nbsp; <strong>User</strong> ⇒ <span style="color: #006400;">HP</span></div>
<div style='border: 1px solid #ddd; padding: 8px; margin: 5px 0; border-radius: 4px; background-color: #f7f7f7; display: inline-block;'><strong>#TXTBX ▭</strong> :: <strong>Full Name</strong> Value entered ⇒ <span style='color: #009;'>Ankush Agle</span></div>
<div style='border: 1px solid #ddd; padding: 8px; margin: 5px 0; border-radius: 4px; background-color: #f7f7f7; display: inline-block;'><strong>#TXTBX ▭</strong> :: <strong>Email</strong> Value entered ⇒ <span style='color: #009;'>ankush.agle@test.com</span></div>
<div style='border: 1px solid #ddd; padding: 8px; margin: 5px 0; border-radius: 4px; background-color: #f7f7f7; display: inline-block;'><strong>#TXTBX ▭</strong> :: <strong>Current Address</strong> Value entered ⇒ <span style='color: #009;'>Paithan, Maharashtra</span></div>
<div style='border: 1px solid #ddd; padding: 8px; margin: 5px 0; border-radius: 4px; background-color: #f7f7f7; display: inline-block;'><strong>#TXTBX ▭</strong> :: <strong>Permanent Address</strong> Value entered ⇒ <span style='color: #009;'>Aurangabad, Maharashtra</span></div>
<div style='border: 1px solid #ddd; padding: 8px; margin: 5px 0; border-radius: 4px; background-color: #f7f7f7; display: inline-block;'><strong>#BTN 📤</strong> :: <strong>Clicked On</strong> ⇒ <span style='color: #001dff;'>Submit Button</span></div>
✅ Updated AutomationTestingStatus for FormId 101011 to '✅ [Automation Tester] TextBox Form Submitted Successfully at 01/06/2025 05:39:01 PM'
📋 Navigating to Home Page...
📋 Attempting to close modal popup (if present)...
⏳ Waiting for Home link to be clickable...
✅ Home link found: https://demoqa.com/
📋 Clicking on Home link...
⏳ Waiting for loader to disappear...
⏳ Verifying home page load...
❌ Navigation to Home Page failed: Expected condition failed: waiting for url to contain "home". Current url: "https://demoqa.com/" (tried for 10 second(s) with 500 milliseconds interval)
Build info: version: '4.12.1', revision: '8e34639b11'
System info: os.name: 'Windows 11', os.arch: 'amd64', os.version: '10.0', java.version: '18.0.1.1'
Driver info: org.openqa.selenium.chrome.ChromeDriver
Capabilities {acceptInsecureCerts: false, browserName: chrome, browserVersion: 136.0.7103.114, chrome: {chromedriverVersion: 136.0.7103.113 (76fa3c17824..., userDataDir: C:\Users\HP\AppData\Local\T...}, fedcm:accounts: true, goog:chromeOptions: {debuggerAddress: localhost:50211}, networkConnectionEnabled: false, pageLoadStrategy: normal, platformName: windows, proxy: Proxy(), se:cdp: ws://localhost:50211/devtoo..., se:cdpVersion: 136.0.7103.114, setWindowRect: true, strictFileInteractability: false, timeouts: {implicit: 0, pageLoad: 300000, script: 30000}, unhandledPromptBehavior: dismiss and notify, webauthn:extension:credBlob: true, webauthn:extension:largeBlob: true, webauthn:extension:minPinLength: true, webauthn:extension:prf: true, webauthn:virtualAuthenticators: true}
Session ID: e8754be54f8aaba068ee488e1e2786a9
<div style="background-color:#ffeeba; border:2px solid #856404; border-radius:10px; padding:10px 15px; text-align:left; margin:10px 0; display:inline-block; color:#856404; box-shadow: 0px 4px 6px rgba(0, 0, 0, 0.2);"><p style='font-size:18px; margin:0;'><b>Skipped: 🔐 Admin Connection URL: jdbc:sqlserver://localhost:1433;database=QADEMO;integratedSecurity=true;encrypt=false;trustServerCertificate=true;loginTimeout=30;</b></p></div>
<div style="background-color:#ffeeba; border:2px solid #856404; border-radius:10px; padding:10px 15px; text-align:left; margin:10px 0; display:inline-block; color:#856404; box-shadow: 0px 4px 6px rgba(0, 0, 0, 0.2);"><p style='font-size:18px; margin:0;'><b>Skipped: 🔐 Company Connection URL: jdbc:sqlserver://localhost:1433;database=QADEMO;integratedSecurity=true;encrypt=false;trustServerCertificate=true;loginTimeout=30;</b></p></div>
<div style='border: 1px solid #e0e0e0;padding: 8px 12px;margin: 8px 0;border-radius: 6px;background: linear-gradient(to right, #f8f9fa, #ffffff);box-shadow: 0 2px 4px rgba(0,0,0,0.05);display: inline-block;font-family: Arial, sans-serif;'><span style='font-weight: bold;color: #333;'>🌍 Browser Info:</span> <span style='color: #2c7be5;font-weight: 500;'><img src='data:image/svg+xml;base64,PHN2ZyB4bWxucz0iaHR0cDovL3d3dy53My5vcmcvMjAwMC9zdmciIHZpZXdCb3g9IjAgMCA0NDggNTEyIj48cGF0aCBmaWxsPSIjRkZDMTAyIiBkPSJNMjI0IDI1NmMwIDEyLjktNyAyNC40LTE3LjcgMjkuNkwxODcgMzA5LjljLTUuNCAzLTEyLjMgMy4xLTE3LjcuMS0xMC40LTUuOS0xNi43LTE2LjktMTYuNy0yOC42VjE5OGMwLTEyLjkgNy0yNC40IDE3LjctMjkuNkwxODcgMTQyLjFjNS40LTMgMTIuMy0zLjEgMTcuNy0uMSAxMC40IDUuOSAxNi43IDE2LjkgMTYuNyAyOC42djU4LjJ6Ii8+PHBhdGggZmlsbD0iIzRBNDlGNSIgZD0iTTIyNCAyNTZjMCAxMi45LTcgMjQuNC0xNy43IDI5LjZMMTg3IDMwOS45Yy01LjQgMy0xMi4zIDMuMS0xNy43LjEtMTAuNC01LjktMTYuNy0xNi45LTE2LjctMjguNlYxOThjMC0xMi45IDctMjQuNCAxNy43LTI5LjZMMTg3IDE0Mi4xYzUuNC0zIDEyLjMtMy4xIDE3LjctLjEgMTAuNCA1LjkgMTYuNyAxNi45IDE2LjcgMjguNnY1OC4yeiIvPjxwYXRoIGZpbGw9IiNGRkMxMDIiIGQ9Ik0yMjQgMjU2YzAgMTIuOS03IDI0LjQtMTcuNyAyOS42TDE4NyAzMDkuOWMtNS40IDMtMTIuMyAzLjEtMTcuNy4xLTEwLjQtNS45LTE2LjctMTYuOS0xNi43LTI4LjZWMTk4YzAtMTIuOSA3LTI0LjQgMTcuNy0yOS42TDE4NyAxNDIuMWM1LjQtMyAxMi4zLTMuMSAxNy43LS4xIDEwLjQgNS45IDE2LjcgMTYuOSAxNi43IDI4LjZ2NTguMnoiLz48cGF0aCBmaWxsPSIjRkZDMTAyIiBkPSJNMjI0IDI1NmMwIDEyLjktNyAyNC40LTE3LjcgMjkuNkwxODcgMzA5LjljLTUuNCAzLTEyLjMgMy4xLTE3LjcuMS0xMC40LTUuOS0xNi43LTE2LjktMTYuNy0yOC42VjE5OGMwLTEyLjkgNy0yNC40IDE3LjctMjkuNkwxODcgMTQyLjFjNS40LTMgMTIuMy0zLjEgMTcuNy0uMSAxMC40IDUuOSAxNi43IDE2LjkgMTYuNyAyOC42djU4LjJ6Ii8+PC9zdmc+' height='20' width='20' style='vertical-align: middle;' /> <span style='color: #4285F4;'>Google Chrome</span></span></div>
<div style="border: 1px solid #ddd; padding: 8px; margin: 5px 0; border-radius: 4px; background-color: #f7f7f7; display: inline-block;"><strong>💻 #System Info</strong> :: <strong>PC Name</strong> ⇒ <span style="color: #001dff;">ANKUSH1111</span> &nbsp;&nbsp;|&nbsp;&nbsp; <strong>User</strong> ⇒ <span style="color: #006400;">HP</span></div>
<div style='border: 1px solid #ddd; padding: 8px; margin: 5px 0; border-radius: 4px; background-color: #f7f7f7; display: inline-block;'><strong>#TXTBX ▭</strong> :: <strong>Full Name</strong> Value entered ⇒ <span style='color: #009;'>Priya Sharma</span></div>
<div style='border: 1px solid #ddd; padding: 8px; margin: 5px 0; border-radius: 4px; background-color: #f7f7f7; display: inline-block;'><strong>#TXTBX ▭</strong> :: <strong>Email</strong> Value entered ⇒ <span style='color: #009;'>priya.sharma@test.com</span></div>
<div style='border: 1px solid #ddd; padding: 8px; margin: 5px 0; border-radius: 4px; background-color: #f7f7f7; display: inline-block;'><strong>#TXTBX ▭</strong> :: <strong>Current Address</strong> Value entered ⇒ <span style='color: #009;'>Pune, Maharashtra</span></div>
<div style='border: 1px solid #ddd; padding: 8px; margin: 5px 0; border-radius: 4px; background-color: #f7f7f7; display: inline-block;'><strong>#TXTBX ▭</strong> :: <strong>Permanent Address</strong> Value entered ⇒ <span style='color: #009;'>Nagpur, Maharashtra</span></div>
<div style='border: 1px solid #ddd; padding: 8px; margin: 5px 0; border-radius: 4px; background-color: #f7f7f7; display: inline-block;'><strong>#BTN 📤</strong> :: <strong>Clicked On</strong> ⇒ <span style='color: #001dff;'>Submit Button</span></div>
✅ Updated AutomationTestingStatus for FormId 101012 to '✅ [Automation Tester] TextBox Form Submitted Successfully at 01/06/2025 05:39:19 PM'
📋 Navigating to Home Page...
📋 Attempting to close modal popup (if present)...
⏳ Waiting for Home link to be clickable...
✅ Home link found: https://demoqa.com/
📋 Clicking on Home link...
⏳ Waiting for loader to disappear...
⏳ Verifying home page load...
❌ Navigation to Home Page failed: Expected condition failed: waiting for url to contain "home". Current url: "https://demoqa.com/" (tried for 10 second(s) with 500 milliseconds interval)
Build info: version: '4.12.1', revision: '8e34639b11'
System info: os.name: 'Windows 11', os.arch: 'amd64', os.version: '10.0', java.version: '18.0.1.1'
Driver info: org.openqa.selenium.chrome.ChromeDriver
Capabilities {acceptInsecureCerts: false, browserName: chrome, browserVersion: 136.0.7103.114, chrome: {chromedriverVersion: 136.0.7103.113 (76fa3c17824..., userDataDir: C:\Users\HP\AppData\Local\T...}, fedcm:accounts: true, goog:chromeOptions: {debuggerAddress: localhost:50211}, networkConnectionEnabled: false, pageLoadStrategy: normal, platformName: windows, proxy: Proxy(), se:cdp: ws://localhost:50211/devtoo..., se:cdpVersion: 136.0.7103.114, setWindowRect: true, strictFileInteractability: false, timeouts: {implicit: 0, pageLoad: 300000, script: 30000}, unhandledPromptBehavior: dismiss and notify, webauthn:extension:credBlob: true, webauthn:extension:largeBlob: true, webauthn:extension:minPinLength: true, webauthn:extension:prf: true, webauthn:virtualAuthenticators: true}
Session ID: e8754be54f8aaba068ee488e1e2786a9
<div style="background-color:#ffeeba; border:2px solid #856404; border-radius:10px; padding:10px 15px; text-align:left; margin:10px 0; display:inline-block; color:#856404; box-shadow: 0px 4px 6px rgba(0, 0, 0, 0.2);"><p style='font-size:18px; margin:0;'><b>Skipped: 🔐 Admin Connection URL: jdbc:sqlserver://localhost:1433;database=QADEMO;integratedSecurity=true;encrypt=false;trustServerCertificate=true;loginTimeout=30;</b></p></div>
<div style="background-color:#ffeeba; border:2px solid #856404; border-radius:10px; padding:10px 15px; text-align:left; margin:10px 0; display:inline-block; color:#856404; box-shadow: 0px 4px 6px rgba(0, 0, 0, 0.2);"><p style='font-size:18px; margin:0;'><b>Skipped: 🔐 Company Connection URL: jdbc:sqlserver://localhost:1433;database=QADEMO;integratedSecurity=true;encrypt=false;trustServerCertificate=true;loginTimeout=30;</b></p></div>
<div style='border: 1px solid #e0e0e0;padding: 8px 12px;margin: 8px 0;border-radius: 6px;background: linear-gradient(to right, #f8f9fa, #ffffff);box-shadow: 0 2px 4px rgba(0,0,0,0.05);display: inline-block;font-family: Arial, sans-serif;'><span style='font-weight: bold;color: #333;'>🌍 Browser Info:</span> <span style='color: #2c7be5;font-weight: 500;'><img src='data:image/svg+xml;base64,PHN2ZyB4bWxucz0iaHR0cDovL3d3dy53My5vcmcvMjAwMC9zdmciIHZpZXdCb3g9IjAgMCA0NDggNTEyIj48cGF0aCBmaWxsPSIjRkZDMTAyIiBkPSJNMjI0IDI1NmMwIDEyLjktNyAyNC40LTE3LjcgMjkuNkwxODcgMzA5LjljLTUuNCAzLTEyLjMgMy4xLTE3LjcuMS0xMC40LTUuOS0xNi43LTE2LjktMTYuNy0yOC42VjE5OGMwLTEyLjkgNy0yNC40IDE3LjctMjkuNkwxODcgMTQyLjFjNS40LTMgMTIuMy0zLjEgMTcuNy0uMSAxMC40IDUuOSAxNi43IDE2LjkgMTYuNyAyOC42djU4LjJ6Ii8+PHBhdGggZmlsbD0iIzRBNDlGNSIgZD0iTTIyNCAyNTZjMCAxMi45LTcgMjQuNC0xNy43IDI5LjZMMTg3IDMwOS45Yy01LjQgMy0xMi4zIDMuMS0xNy43LjEtMTAuNC01LjktMTYuNy0xNi45LTE2LjctMjguNlYxOThjMC0xMi45IDctMjQuNCAxNy43LTI5LjZMMTg3IDE0Mi4xYzUuNC0zIDEyLjMtMy4xIDE3LjctLjEgMTAuNCA1LjkgMTYuNyAxNi45IDE2LjcgMjguNnY1OC4yeiIvPjxwYXRoIGZpbGw9IiNGRkMxMDIiIGQ9Ik0yMjQgMjU2YzAgMTIuOS03IDI0LjQtMTcuNyAyOS42TDE4NyAzMDkuOWMtNS40IDMtMTIuMyAzLjEtMTcuNy4xLTEwLjQtNS45LTE2LjctMTYuOS0xNi43LTI4LjZWMTk4YzAtMTIuOSA3LTI0LjQgMTcuNy0yOS42TDE4NyAxNDIuMWM1LjQtMyAxMi4zLTMuMSAxNy43LS4xIDEwLjQgNS45IDE2LjcgMTYuOSAxNi43IDI4LjZ2NTguMnoiLz48cGF0aCBmaWxsPSIjRkZDMTAyIiBkPSJNMjI0IDI1NmMwIDEyLjktNyAyNC40LTE3LjcgMjkuNkwxODcgMzA5LjljLTUuNCAzLTEyLjMgMy4xLTE3LjcuMS0xMC40LTUuOS0xNi43LTE2LjktMTYuNy0yOC42VjE5OGMwLTEyLjkgNy0yNC40IDE3LjctMjkuNkwxODcgMTQyLjFjNS40LTMgMTIuMy0zLjEgMTcuNy0uMSAxMC40IDUuOSAxNi43IDE2LjkgMTYuNyAyOC42djU4LjJ6Ii8+PC9zdmc+' height='20' width='20' style='vertical-align: middle;' /> <span style='color: #4285F4;'>Google Chrome</span></span></div>
<div style="border: 1px solid #ddd; padding: 8px; margin: 5px 0; border-radius: 4px; background-color: #f7f7f7; display: inline-block;"><strong>💻 #System Info</strong> :: <strong>PC Name</strong> ⇒ <span style="color: #001dff;">ANKUSH1111</span> &nbsp;&nbsp;|&nbsp;&nbsp; <strong>User</strong> ⇒ <span style="color: #006400;">HP</span></div>
<div style='border: 1px solid #ddd; padding: 8px; margin: 5px 0; border-radius: 4px; background-color: #f7f7f7; display: inline-block;'><strong>#TXTBX ▭</strong> :: <strong>Full Name</strong> Value entered ⇒ <span style='color: #009;'>Rahul Verma</span></div>
<div style='border: 1px solid #ddd; padding: 8px; margin: 5px 0; border-radius: 4px; background-color: #f7f7f7; display: inline-block;'><strong>#TXTBX ▭</strong> :: <strong>Email</strong> Value entered ⇒ <span style='color: #009;'>rahul.verma@test.com</span></div>
<div style='border: 1px solid #ddd; padding: 8px; margin: 5px 0; border-radius: 4px; background-color: #f7f7f7; display: inline-block;'><strong>#TXTBX ▭</strong> :: <strong>Current Address</strong> Value entered ⇒ <span style='color: #009;'>Bhopal, Madhya Pradesh</span></div>
<div style='border: 1px solid #ddd; padding: 8px; margin: 5px 0; border-radius: 4px; background-color: #f7f7f7; display: inline-block;'><strong>#TXTBX ▭</strong> :: <strong>Permanent Address</strong> Value entered ⇒ <span style='color: #009;'>Indore, Madhya Pradesh</span></div>
<div style='border: 1px solid #ddd; padding: 8px; margin: 5px 0; border-radius: 4px; background-color: #f7f7f7; display: inline-block;'><strong>#BTN 📤</strong> :: <strong>Clicked On</strong> ⇒ <span style='color: #001dff;'>Submit Button</span></div>
✅ Updated AutomationTestingStatus for FormId 101013 to '✅ [Automation Tester] TextBox Form Submitted Successfully at 01/06/2025 05:40:10 PM'
📋 Navigating to Home Page...
📋 Attempting to close modal popup (if present)...
⏳ Waiting for Home link to be clickable...
✅ Home link found: https://demoqa.com/
📋 Clicking on Home link...
⏳ Waiting for loader to disappear...
⏳ Verifying home page load...
❌ Navigation to Home Page failed: Expected condition failed: waiting for url to contain "home". Current url: "https://demoqa.com/" (tried for 10 second(s) with 500 milliseconds interval)
Build info: version: '4.12.1', revision: '8e34639b11'
System info: os.name: 'Windows 11', os.arch: 'amd64', os.version: '10.0', java.version: '18.0.1.1'
Driver info: org.openqa.selenium.chrome.ChromeDriver
Capabilities {acceptInsecureCerts: false, browserName: chrome, browserVersion: 136.0.7103.114, chrome: {chromedriverVersion: 136.0.7103.113 (76fa3c17824..., userDataDir: C:\Users\HP\AppData\Local\T...}, fedcm:accounts: true, goog:chromeOptions: {debuggerAddress: localhost:50211}, networkConnectionEnabled: false, pageLoadStrategy: normal, platformName: windows, proxy: Proxy(), se:cdp: ws://localhost:50211/devtoo..., se:cdpVersion: 136.0.7103.114, setWindowRect: true, strictFileInteractability: false, timeouts: {implicit: 0, pageLoad: 300000, script: 30000}, unhandledPromptBehavior: dismiss and notify, webauthn:extension:credBlob: true, webauthn:extension:largeBlob: true, webauthn:extension:minPinLength: true, webauthn:extension:prf: true, webauthn:virtualAuthenticators: true}
Session ID: e8754be54f8aaba068ee488e1e2786a9
<div style="background-color:#ffeeba; border:2px solid #856404; border-radius:10px; padding:10px 15px; text-align:left; margin:10px 0; display:inline-block; color:#856404; box-shadow: 0px 4px 6px rgba(0, 0, 0, 0.2);"><p style='font-size:18px; margin:0;'><b>Skipped: 🔐 Admin Connection URL: jdbc:sqlserver://localhost:1433;database=QADEMO;integratedSecurity=true;encrypt=false;trustServerCertificate=true;loginTimeout=30;</b></p></div>
<div style="background-color:#ffeeba; border:2px solid #856404; border-radius:10px; padding:10px 15px; text-align:left; margin:10px 0; display:inline-block; color:#856404; box-shadow: 0px 4px 6px rgba(0, 0, 0, 0.2);"><p style='font-size:18px; margin:0;'><b>Skipped: 🔐 Company Connection URL: jdbc:sqlserver://localhost:1433;database=QADEMO;integratedSecurity=true;encrypt=false;trustServerCertificate=true;loginTimeout=30;</b></p></div>
<div style='border: 1px solid #e0e0e0;padding: 8px 12px;margin: 8px 0;border-radius: 6px;background: linear-gradient(to right, #f8f9fa, #ffffff);box-shadow: 0 2px 4px rgba(0,0,0,0.05);display: inline-block;font-family: Arial, sans-serif;'><span style='font-weight: bold;color: #333;'>🌍 Browser Info:</span> <span style='color: #2c7be5;font-weight: 500;'><img src='data:image/svg+xml;base64,PHN2ZyB4bWxucz0iaHR0cDovL3d3dy53My5vcmcvMjAwMC9zdmciIHZpZXdCb3g9IjAgMCA0NDggNTEyIj48cGF0aCBmaWxsPSIjRkZDMTAyIiBkPSJNMjI0IDI1NmMwIDEyLjktNyAyNC40LTE3LjcgMjkuNkwxODcgMzA5LjljLTUuNCAzLTEyLjMgMy4xLTE3LjcuMS0xMC40LTUuOS0xNi43LTE2LjktMTYuNy0yOC42VjE5OGMwLTEyLjkgNy0yNC40IDE3LjctMjkuNkwxODcgMTQyLjFjNS40LTMgMTIuMy0zLjEgMTcuNy0uMSAxMC40IDUuOSAxNi43IDE2LjkgMTYuNyAyOC42djU4LjJ6Ii8+PHBhdGggZmlsbD0iIzRBNDlGNSIgZD0iTTIyNCAyNTZjMCAxMi45LTcgMjQuNC0xNy43IDI5LjZMMTg3IDMwOS45Yy01LjQgMy0xMi4zIDMuMS0xNy43LjEtMTAuNC01LjktMTYuNy0xNi45LTE2LjctMjguNlYxOThjMC0xMi45IDctMjQuNCAxNy43LTI5LjZMMTg3IDE0Mi4xYzUuNC0zIDEyLjMtMy4xIDE3LjctLjEgMTAuNCA1LjkgMTYuNyAxNi45IDE2LjcgMjguNnY1OC4yeiIvPjxwYXRoIGZpbGw9IiNGRkMxMDIiIGQ9Ik0yMjQgMjU2YzAgMTIuOS03IDI0LjQtMTcuNyAyOS42TDE4NyAzMDkuOWMtNS40IDMtMTIuMyAzLjEtMTcuNy4xLTEwLjQtNS45LTE2LjctMTYuOS0xNi43LTI4LjZWMTk4YzAtMTIuOSA3LTI0LjQgMTcuNy0yOS42TDE4NyAxNDIuMWM1LjQtMyAxMi4zLTMuMSAxNy43LS4xIDEwLjQgNS45IDE2LjcgMTYuOSAxNi43IDI4LjZ2NTguMnoiLz48cGF0aCBmaWxsPSIjRkZDMTAyIiBkPSJNMjI0IDI1NmMwIDEyLjktNyAyNC40LTE3LjcgMjkuNkwxODcgMzA5LjljLTUuNCAzLTEyLjMgMy4xLTE3LjcuMS0xMC40LTUuOS0xNi43LTE2LjktMTYuNy0yOC42VjE5OGMwLTEyLjkgNy0yNC40IDE3LjctMjkuNkwxODcgMTQyLjFjNS40LTMgMTIuMy0zLjEgMTcuNy0uMSAxMC40IDUuOSAxNi43IDE2LjkgMTYuNyAyOC42djU4LjJ6Ii8+PC9zdmc+' height='20' width='20' style='vertical-align: middle;' /> <span style='color: #4285F4;'>Google Chrome</span></span></div>
<div style="border: 1px solid #ddd; padding: 8px; margin: 5px 0; border-radius: 4px; background-color: #f7f7f7; display: inline-block;"><strong>💻 #System Info</strong> :: <strong>PC Name</strong> ⇒ <span style="color: #001dff;">ANKUSH1111</span> &nbsp;&nbsp;|&nbsp;&nbsp; <strong>User</strong> ⇒ <span style="color: #006400;">HP</span></div>
<div style='border: 1px solid #ddd; padding: 8px; margin: 5px 0; border-radius: 4px; background-color: #f7f7f7; display: inline-block;'><strong>#TXTBX ▭</strong> :: <strong>Full Name</strong> Value entered ⇒ <span style='color: #009;'>Sneha Patil</span></div>
<div style='border: 1px solid #ddd; padding: 8px; margin: 5px 0; border-radius: 4px; background-color: #f7f7f7; display: inline-block;'><strong>#TXTBX ▭</strong> :: <strong>Email</strong> Value entered ⇒ <span style='color: #009;'>sneha.patil@test.com</span></div>
<div style='border: 1px solid #ddd; padding: 8px; margin: 5px 0; border-radius: 4px; background-color: #f7f7f7; display: inline-block;'><strong>#TXTBX ▭</strong> :: <strong>Current Address</strong> Value entered ⇒ <span style='color: #009;'>Nashik, Maharashtra</span></div>
<div style='border: 1px solid #ddd; padding: 8px; margin: 5px 0; border-radius: 4px; background-color: #f7f7f7; display: inline-block;'><strong>#TXTBX ▭</strong> :: <strong>Permanent Address</strong> Value entered ⇒ <span style='color: #009;'>Kolhapur, Maharashtra</span></div>
<div style='border: 1px solid #ddd; padding: 8px; margin: 5px 0; border-radius: 4px; background-color: #f7f7f7; display: inline-block;'><strong>#BTN 📤</strong> :: <strong>Clicked On</strong> ⇒ <span style='color: #001dff;'>Submit Button</span></div>
✅ Updated AutomationTestingStatus for FormId 101014 to '✅ [Automation Tester] TextBox Form Submitted Successfully at 01/06/2025 05:40:27 PM'
📋 Navigating to Home Page...
📋 Attempting to close modal popup (if present)...
⏳ Waiting for Home link to be clickable...
✅ Home link found: https://demoqa.com/
📋 Clicking on Home link...
⏳ Waiting for loader to disappear...
⏳ Verifying home page load...
❌ Navigation to Home Page failed: Expected condition failed: waiting for url to contain "home". Current url: "https://demoqa.com/" (tried for 10 second(s) with 500 milliseconds interval)
Build info: version: '4.12.1', revision: '8e34639b11'
System info: os.name: 'Windows 11', os.arch: 'amd64', os.version: '10.0', java.version: '18.0.1.1'
Driver info: org.openqa.selenium.chrome.ChromeDriver
Capabilities {acceptInsecureCerts: false, browserName: chrome, browserVersion: 136.0.7103.114, chrome: {chromedriverVersion: 136.0.7103.113 (76fa3c17824..., userDataDir: C:\Users\HP\AppData\Local\T...}, fedcm:accounts: true, goog:chromeOptions: {debuggerAddress: localhost:50211}, networkConnectionEnabled: false, pageLoadStrategy: normal, platformName: windows, proxy: Proxy(), se:cdp: ws://localhost:50211/devtoo..., se:cdpVersion: 136.0.7103.114, setWindowRect: true, strictFileInteractability: false, timeouts: {implicit: 0, pageLoad: 300000, script: 30000}, unhandledPromptBehavior: dismiss and notify, webauthn:extension:credBlob: true, webauthn:extension:largeBlob: true, webauthn:extension:minPinLength: true, webauthn:extension:prf: true, webauthn:virtualAuthenticators: true}
Session ID: e8754be54f8aaba068ee488e1e2786a9
<div style="background-color:#ffeeba; border:2px solid #856404; border-radius:10px; padding:10px 15px; text-align:left; margin:10px 0; display:inline-block; color:#856404; box-shadow: 0px 4px 6px rgba(0, 0, 0, 0.2);"><p style='font-size:18px; margin:0;'><b>Skipped: 🔐 Admin Connection URL: jdbc:sqlserver://localhost:1433;database=QADEMO;integratedSecurity=true;encrypt=false;trustServerCertificate=true;loginTimeout=30;</b></p></div>
<div style="background-color:#ffeeba; border:2px solid #856404; border-radius:10px; padding:10px 15px; text-align:left; margin:10px 0; display:inline-block; color:#856404; box-shadow: 0px 4px 6px rgba(0, 0, 0, 0.2);"><p style='font-size:18px; margin:0;'><b>Skipped: 🔐 Company Connection URL: jdbc:sqlserver://localhost:1433;database=QADEMO;integratedSecurity=true;encrypt=false;trustServerCertificate=true;loginTimeout=30;</b></p></div>
<div style='border: 1px solid #e0e0e0;padding: 8px 12px;margin: 8px 0;border-radius: 6px;background: linear-gradient(to right, #f8f9fa, #ffffff);box-shadow: 0 2px 4px rgba(0,0,0,0.05);display: inline-block;font-family: Arial, sans-serif;'><span style='font-weight: bold;color: #333;'>🌍 Browser Info:</span> <span style='color: #2c7be5;font-weight: 500;'><img src='data:image/svg+xml;base64,PHN2ZyB4bWxucz0iaHR0cDovL3d3dy53My5vcmcvMjAwMC9zdmciIHZpZXdCb3g9IjAgMCA0NDggNTEyIj48cGF0aCBmaWxsPSIjRkZDMTAyIiBkPSJNMjI0IDI1NmMwIDEyLjktNyAyNC40LTE3LjcgMjkuNkwxODcgMzA5LjljLTUuNCAzLTEyLjMgMy4xLTE3LjcuMS0xMC40LTUuOS0xNi43LTE2LjktMTYuNy0yOC42VjE5OGMwLTEyLjkgNy0yNC40IDE3LjctMjkuNkwxODcgMTQyLjFjNS40LTMgMTIuMy0zLjEgMTcuNy0uMSAxMC40IDUuOSAxNi43IDE2LjkgMTYuNyAyOC42djU4LjJ6Ii8+PHBhdGggZmlsbD0iIzRBNDlGNSIgZD0iTTIyNCAyNTZjMCAxMi45LTcgMjQuNC0xNy43IDI5LjZMMTg3IDMwOS45Yy01LjQgMy0xMi4zIDMuMS0xNy43LjEtMTAuNC01LjktMTYuNy0xNi45LTE2LjctMjguNlYxOThjMC0xMi45IDctMjQuNCAxNy43LTI5LjZMMTg3IDE0Mi4xYzUuNC0zIDEyLjMtMy4xIDE3LjctLjEgMTAuNCA1LjkgMTYuNyAxNi45IDE2LjcgMjguNnY1OC4yeiIvPjxwYXRoIGZpbGw9IiNGRkMxMDIiIGQ9Ik0yMjQgMjU2YzAgMTIuOS03IDI0LjQtMTcuNyAyOS42TDE4NyAzMDkuOWMtNS40IDMtMTIuMyAzLjEtMTcuNy4xLTEwLjQtNS45LTE2LjctMTYuOS0xNi43LTI4LjZWMTk4YzAtMTIuOSA3LTI0LjQgMTcuNy0yOS42TDE4NyAxNDIuMWM1LjQtMyAxMi4zLTMuMSAxNy43LS4xIDEwLjQgNS45IDE2LjcgMTYuOSAxNi43IDI4LjZ2NTguMnoiLz48cGF0aCBmaWxsPSIjRkZDMTAyIiBkPSJNMjI0IDI1NmMwIDEyLjktNyAyNC40LTE3LjcgMjkuNkwxODcgMzA5LjljLTUuNCAzLTEyLjMgMy4xLTE3LjcuMS0xMC40LTUuOS0xNi43LTE2LjktMTYuNy0yOC42VjE5OGMwLTEyLjkgNy0yNC40IDE3LjctMjkuNkwxODcgMTQyLjFjNS40LTMgMTIuMy0zLjEgMTcuNy0uMSAxMC40IDUuOSAxNi43IDE2LjkgMTYuNyAyOC42djU4LjJ6Ii8+PC9zdmc+' height='20' width='20' style='vertical-align: middle;' /> <span style='color: #4285F4;'>Google Chrome</span></span></div>
<div style="border: 1px solid #ddd; padding: 8px; margin: 5px 0; border-radius: 4px; background-color: #f7f7f7; display: inline-block;"><strong>💻 #System Info</strong> :: <strong>PC Name</strong> ⇒ <span style="color: #001dff;">ANKUSH1111</span> &nbsp;&nbsp;|&nbsp;&nbsp; <strong>User</strong> ⇒ <span style="color: #006400;">HP</span></div>
<div style='border: 1px solid #ddd; padding: 8px; margin: 5px 0; border-radius: 4px; background-color: #f7f7f7; display: inline-block;'><strong>#TXTBX ▭</strong> :: <strong>Full Name</strong> Value entered ⇒ <span style='color: #009;'>Karan Mehta</span></div>
<div style='border: 1px solid #ddd; padding: 8px; margin: 5px 0; border-radius: 4px; background-color: #f7f7f7; display: inline-block;'><strong>#TXTBX ▭</strong> :: <strong>Email</strong> Value entered ⇒ <span style='color: #009;'>karan.mehta@test.com</span></div>
<div style='border: 1px solid #ddd; padding: 8px; margin: 5px 0; border-radius: 4px; background-color: #f7f7f7; display: inline-block;'><strong>#TXTBX ▭</strong> :: <strong>Current Address</strong> Value entered ⇒ <span style='color: #009;'>Jaipur, Rajasthan</span></div>
<div style='border: 1px solid #ddd; padding: 8px; margin: 5px 0; border-radius: 4px; background-color: #f7f7f7; display: inline-block;'><strong>#TXTBX ▭</strong> :: <strong>Permanent Address</strong> Value entered ⇒ <span style='color: #009;'>Udaipur, Rajasthan</span></div>
<div style='border: 1px solid #ddd; padding: 8px; margin: 5px 0; border-radius: 4px; background-color: #f7f7f7; display: inline-block;'><strong>#BTN 📤</strong> :: <strong>Clicked On</strong> ⇒ <span style='color: #001dff;'>Submit Button</span></div>
✅ Updated AutomationTestingStatus for FormId 101015 to '✅ [Automation Tester] TextBox Form Submitted Successfully at 01/06/2025 05:40:43 PM'
📋 Navigating to Home Page...
📋 Attempting to close modal popup (if present)...
⏳ Waiting for Home link to be clickable...
✅ Home link found: https://demoqa.com/
📋 Clicking on Home link...
⏳ Waiting for loader to disappear...
⏳ Verifying home page load...
❌ Navigation to Home Page failed: Expected condition failed: waiting for url to contain "home". Current url: "https://demoqa.com/" (tried for 10 second(s) with 500 milliseconds interval)
Build info: version: '4.12.1', revision: '8e34639b11'
System info: os.name: 'Windows 11', os.arch: 'amd64', os.version: '10.0', java.version: '18.0.1.1'
Driver info: org.openqa.selenium.chrome.ChromeDriver
Capabilities {acceptInsecureCerts: false, browserName: chrome, browserVersion: 136.0.7103.114, chrome: {chromedriverVersion: 136.0.7103.113 (76fa3c17824..., userDataDir: C:\Users\HP\AppData\Local\T...}, fedcm:accounts: true, goog:chromeOptions: {debuggerAddress: localhost:50211}, networkConnectionEnabled: false, pageLoadStrategy: normal, platformName: windows, proxy: Proxy(), se:cdp: ws://localhost:50211/devtoo..., se:cdpVersion: 136.0.7103.114, setWindowRect: true, strictFileInteractability: false, timeouts: {implicit: 0, pageLoad: 300000, script: 30000}, unhandledPromptBehavior: dismiss and notify, webauthn:extension:credBlob: true, webauthn:extension:largeBlob: true, webauthn:extension:minPinLength: true, webauthn:extension:prf: true, webauthn:virtualAuthenticators: true}
Session ID: e8754be54f8aaba068ee488e1e2786a9
<div style="background-color:#ffeeba; border:2px solid #856404; border-radius:10px; padding:10px 15px; text-align:left; margin:10px 0; display:inline-block; color:#856404; box-shadow: 0px 4px 6px rgba(0, 0, 0, 0.2);"><p style='font-size:18px; margin:0;'><b>Skipped: 🔐 Admin Connection URL: jdbc:sqlserver://localhost:1433;database=QADEMO;integratedSecurity=true;encrypt=false;trustServerCertificate=true;loginTimeout=30;</b></p></div>
<div style="background-color:#ffeeba; border:2px solid #856404; border-radius:10px; padding:10px 15px; text-align:left; margin:10px 0; display:inline-block; color:#856404; box-shadow: 0px 4px 6px rgba(0, 0, 0, 0.2);"><p style='font-size:18px; margin:0;'><b>Skipped: 🔐 Company Connection URL: jdbc:sqlserver://localhost:1433;database=QADEMO;integratedSecurity=true;encrypt=false;trustServerCertificate=true;loginTimeout=30;</b></p></div>
<div style='border: 1px solid #e0e0e0;padding: 8px 12px;margin: 8px 0;border-radius: 6px;background: linear-gradient(to right, #f8f9fa, #ffffff);box-shadow: 0 2px 4px rgba(0,0,0,0.05);display: inline-block;font-family: Arial, sans-serif;'><span style='font-weight: bold;color: #333;'>🌍 Browser Info:</span> <span style='color: #2c7be5;font-weight: 500;'><img src='data:image/svg+xml;base64,PHN2ZyB4bWxucz0iaHR0cDovL3d3dy53My5vcmcvMjAwMC9zdmciIHZpZXdCb3g9IjAgMCA0NDggNTEyIj48cGF0aCBmaWxsPSIjRkZDMTAyIiBkPSJNMjI0IDI1NmMwIDEyLjktNyAyNC40LTE3LjcgMjkuNkwxODcgMzA5LjljLTUuNCAzLTEyLjMgMy4xLTE3LjcuMS0xMC40LTUuOS0xNi43LTE2LjktMTYuNy0yOC42VjE5OGMwLTEyLjkgNy0yNC40IDE3LjctMjkuNkwxODcgMTQyLjFjNS40LTMgMTIuMy0zLjEgMTcuNy0uMSAxMC40IDUuOSAxNi43IDE2LjkgMTYuNyAyOC42djU4LjJ6Ii8+PHBhdGggZmlsbD0iIzRBNDlGNSIgZD0iTTIyNCAyNTZjMCAxMi45LTcgMjQuNC0xNy43IDI5LjZMMTg3IDMwOS45Yy01LjQgMy0xMi4zIDMuMS0xNy43LjEtMTAuNC01LjktMTYuNy0xNi45LTE2LjctMjguNlYxOThjMC0xMi45IDctMjQuNCAxNy43LTI5LjZMMTg3IDE0Mi4xYzUuNC0zIDEyLjMtMy4xIDE3LjctLjEgMTAuNCA1LjkgMTYuNyAxNi45IDE2LjcgMjguNnY1OC4yeiIvPjxwYXRoIGZpbGw9IiNGRkMxMDIiIGQ9Ik0yMjQgMjU2YzAgMTIuOS03IDI0LjQtMTcuNyAyOS42TDE4NyAzMDkuOWMtNS40IDMtMTIuMyAzLjEtMTcuNy4xLTEwLjQtNS45LTE2LjctMTYuOS0xNi43LTI4LjZWMTk4YzAtMTIuOSA3LTI0LjQgMTcuNy0yOS42TDE4NyAxNDIuMWM1LjQtMyAxMi4zLTMuMSAxNy43LS4xIDEwLjQgNS45IDE2LjcgMTYuOSAxNi43IDI4LjZ2NTguMnoiLz48cGF0aCBmaWxsPSIjRkZDMTAyIiBkPSJNMjI0IDI1NmMwIDEyLjktNyAyNC40LTE3LjcgMjkuNkwxODcgMzA5LjljLTUuNCAzLTEyLjMgMy4xLTE3LjcuMS0xMC40LTUuOS0xNi43LTE2LjktMTYuNy0yOC42VjE5OGMwLTEyLjkgNy0yNC40IDE3LjctMjkuNkwxODcgMTQyLjFjNS40LTMgMTIuMy0zLjEgMTcuNy0uMSAxMC40IDUuOSAxNi43IDE2LjkgMTYuNyAyOC42djU4LjJ6Ii8+PC9zdmc+' height='20' width='20' style='vertical-align: middle;' /> <span style='color: #4285F4;'>Google Chrome</span></span></div>
<div style="border: 1px solid #ddd; padding: 8px; margin: 5px 0; border-radius: 4px; background-color: #f7f7f7; display: inline-block;"><strong>💻 #System Info</strong> :: <strong>PC Name</strong> ⇒ <span style="color: #001dff;">ANKUSH1111</span> &nbsp;&nbsp;|&nbsp;&nbsp; <strong>User</strong> ⇒ <span style="color: #006400;">HP</span></div>
<div style='border: 1px solid #ddd; padding: 8px; margin: 5px 0; border-radius: 4px; background-color: #f7f7f7; display: inline-block;'><strong>#TXTBX ▭</strong> :: <strong>Full Name</strong> Value entered ⇒ <span style='color: #009;'>Pooja Nair</span></div>
<div style='border: 1px solid #ddd; padding: 8px; margin: 5px 0; border-radius: 4px; background-color: #f7f7f7; display: inline-block;'><strong>#TXTBX ▭</strong> :: <strong>Email</strong> Value entered ⇒ <span style='color: #009;'>pooja.nair@test.com</span></div>
<div style='border: 1px solid #ddd; padding: 8px; margin: 5px 0; border-radius: 4px; background-color: #f7f7f7; display: inline-block;'><strong>#TXTBX ▭</strong> :: <strong>Current Address</strong> Value entered ⇒ <span style='color: #009;'>Kochi, Kerala</span></div>
<div style='border: 1px solid #ddd; padding: 8px; margin: 5px 0; border-radius: 4px; background-color: #f7f7f7; display: inline-block;'><strong>#TXTBX ▭</strong> :: <strong>Permanent Address</strong> Value entered ⇒ <span style='color: #009;'>Trivandrum, Kerala</span></div>
<div style='border: 1px solid #ddd; padding: 8px; margin: 5px 0; border-radius: 4px; background-color: #f7f7f7; display: inline-block;'><strong>#BTN 📤</strong> :: <strong>Clicked On</strong> ⇒ <span style='color: #001dff;'>Submit Button</span></div>
✅ Updated AutomationTestingStatus for FormId 101016 to '✅ [Automation Tester] TextBox Form Submitted Successfully at 01/06/2025 05:40:59 PM'
📋 Navigating to Home Page...
📋 Attempting to close modal popup (if present)...
⏳ Waiting for Home link to be clickable...
✅ Home link found: https://demoqa.com/
📋 Clicking on Home link...
⏳ Waiting for loader to disappear...
⏳ Verifying home page load...
❌ Navigation to Home Page failed: Expected condition failed: waiting for url to contain "home". Current url: "https://demoqa.com/" (tried for 10 second(s) with 500 milliseconds interval)
Build info: version: '4.12.1', revision: '8e34639b11'
System info: os.name: 'Windows 11', os.arch: 'amd64', os.version: '10.0', java.version: '18.0.1.1'
Driver info: org.openqa.selenium.chrome.ChromeDriver
Capabilities {acceptInsecureCerts: false, browserName: chrome, browserVersion: 136.0.7103.114, chrome: {chromedriverVersion: 136.0.7103.113 (76fa3c17824..., userDataDir: C:\Users\HP\AppData\Local\T...}, fedcm:accounts: true, goog:chromeOptions: {debuggerAddress: localhost:50211}, networkConnectionEnabled: false, pageLoadStrategy: normal, platformName: windows, proxy: Proxy(), se:cdp: ws://localhost:50211/devtoo..., se:cdpVersion: 136.0.7103.114, setWindowRect: true, strictFileInteractability: false, timeouts: {implicit: 0, pageLoad: 300000, script: 30000}, unhandledPromptBehavior: dismiss and notify, webauthn:extension:credBlob: true, webauthn:extension:largeBlob: true, webauthn:extension:minPinLength: true, webauthn:extension:prf: true, webauthn:virtualAuthenticators: true}
Session ID: e8754be54f8aaba068ee488e1e2786a9
<div style="background-color:#ffeeba; border:2px solid #856404; border-radius:10px; padding:10px 15px; text-align:left; margin:10px 0; display:inline-block; color:#856404; box-shadow: 0px 4px 6px rgba(0, 0, 0, 0.2);"><p style='font-size:18px; margin:0;'><b>Skipped: 🔐 Admin Connection URL: jdbc:sqlserver://localhost:1433;database=QADEMO;integratedSecurity=true;encrypt=false;trustServerCertificate=true;loginTimeout=30;</b></p></div>
<div style="background-color:#ffeeba; border:2px solid #856404; border-radius:10px; padding:10px 15px; text-align:left; margin:10px 0; display:inline-block; color:#856404; box-shadow: 0px 4px 6px rgba(0, 0, 0, 0.2);"><p style='font-size:18px; margin:0;'><b>Skipped: 🔐 Company Connection URL: jdbc:sqlserver://localhost:1433;database=QADEMO;integratedSecurity=true;encrypt=false;trustServerCertificate=true;loginTimeout=30;</b></p></div>
<div style='border: 1px solid #e0e0e0;padding: 8px 12px;margin: 8px 0;border-radius: 6px;background: linear-gradient(to right, #f8f9fa, #ffffff);box-shadow: 0 2px 4px rgba(0,0,0,0.05);display: inline-block;font-family: Arial, sans-serif;'><span style='font-weight: bold;color: #333;'>🌍 Browser Info:</span> <span style='color: #2c7be5;font-weight: 500;'><img src='data:image/svg+xml;base64,PHN2ZyB4bWxucz0iaHR0cDovL3d3dy53My5vcmcvMjAwMC9zdmciIHZpZXdCb3g9IjAgMCA0NDggNTEyIj48cGF0aCBmaWxsPSIjRkZDMTAyIiBkPSJNMjI0IDI1NmMwIDEyLjktNyAyNC40LTE3LjcgMjkuNkwxODcgMzA5LjljLTUuNCAzLTEyLjMgMy4xLTE3LjcuMS0xMC40LTUuOS0xNi43LTE2LjktMTYuNy0yOC42VjE5OGMwLTEyLjkgNy0yNC40IDE3LjctMjkuNkwxODcgMTQyLjFjNS40LTMgMTIuMy0zLjEgMTcuNy0uMSAxMC40IDUuOSAxNi43IDE2LjkgMTYuNyAyOC42djU4LjJ6Ii8+PHBhdGggZmlsbD0iIzRBNDlGNSIgZD0iTTIyNCAyNTZjMCAxMi45LTcgMjQuNC0xNy43IDI5LjZMMTg3IDMwOS45Yy01LjQgMy0xMi4zIDMuMS0xNy43LjEtMTAuNC01LjktMTYuNy0xNi45LTE2LjctMjguNlYxOThjMC0xMi45IDctMjQuNCAxNy43LTI5LjZMMTg3IDE0Mi4xYzUuNC0zIDEyLjMtMy4xIDE3LjctLjEgMTAuNCA1LjkgMTYuNyAxNi45IDE2LjcgMjguNnY1OC4yeiIvPjxwYXRoIGZpbGw9IiNGRkMxMDIiIGQ9Ik0yMjQgMjU2YzAgMTIuOS03IDI0LjQtMTcuNyAyOS42TDE4NyAzMDkuOWMtNS40IDMtMTIuMyAzLjEtMTcuNy4xLTEwLjQtNS45LTE2LjctMTYuOS0xNi43LTI4LjZWMTk4YzAtMTIuOSA3LTI0LjQgMTcuNy0yOS42TDE4NyAxNDIuMWM1LjQtMyAxMi4zLTMuMSAxNy43LS4xIDEwLjQgNS45IDE2LjcgMTYuOSAxNi43IDI4LjZ2NTguMnoiLz48cGF0aCBmaWxsPSIjRkZDMTAyIiBkPSJNMjI0IDI1NmMwIDEyLjktNyAyNC40LTE3LjcgMjkuNkwxODcgMzA5LjljLTUuNCAzLTEyLjMgMy4xLTE3LjcuMS0xMC40LTUuOS0xNi43LTE2LjktMTYuNy0yOC42VjE5OGMwLTEyLjkgNy0yNC40IDE3LjctMjkuNkwxODcgMTQyLjFjNS40LTMgMTIuMy0zLjEgMTcuNy0uMSAxMC40IDUuOSAxNi43IDE2LjkgMTYuNyAyOC42djU4LjJ6Ii8+PC9zdmc+' height='20' width='20' style='vertical-align: middle;' /> <span style='color: #4285F4;'>Google Chrome</span></span></div>
<div style="border: 1px solid #ddd; padding: 8px; margin: 5px 0; border-radius: 4px; background-color: #f7f7f7; display: inline-block;"><strong>💻 #System Info</strong> :: <strong>PC Name</strong> ⇒ <span style="color: #001dff;">ANKUSH1111</span> &nbsp;&nbsp;|&nbsp;&nbsp; <strong>User</strong> ⇒ <span style="color: #006400;">HP</span></div>
<div style='border: 1px solid #ddd; padding: 8px; margin: 5px 0; border-radius: 4px; background-color: #f7f7f7; display: inline-block;'><strong>#TXTBX ▭</strong> :: <strong>Full Name</strong> Value entered ⇒ <span style='color: #009;'>Amit Deshmukh</span></div>
<div style='border: 1px solid #ddd; padding: 8px; margin: 5px 0; border-radius: 4px; background-color: #f7f7f7; display: inline-block;'><strong>#TXTBX ▭</strong> :: <strong>Email</strong> Value entered ⇒ <span style='color: #009;'>amit.deshmukh@test.com</span></div>
<div style='border: 1px solid #ddd; padding: 8px; margin: 5px 0; border-radius: 4px; background-color: #f7f7f7; display: inline-block;'><strong>#TXTBX ▭</strong> :: <strong>Current Address</strong> Value entered ⇒ <span style='color: #009;'>Mumbai, Maharashtra</span></div>
<div style='border: 1px solid #ddd; padding: 8px; margin: 5px 0; border-radius: 4px; background-color: #f7f7f7; display: inline-block;'><strong>#TXTBX ▭</strong> :: <strong>Permanent Address</strong> Value entered ⇒ <span style='color: #009;'>Pune, Maharashtra</span></div>
<div style='border: 1px solid #ddd; padding: 8px; margin: 5px 0; border-radius: 4px; background-color: #f7f7f7; display: inline-block;'><strong>#BTN 📤</strong> :: <strong>Clicked On</strong> ⇒ <span style='color: #001dff;'>Submit Button</span></div>
✅ Updated AutomationTestingStatus for FormId 101017 to '✅ [Automation Tester] TextBox Form Submitted Successfully at 01/06/2025 05:41:17 PM'
📋 Navigating to Home Page...
📋 Attempting to close modal popup (if present)...
⏳ Waiting for Home link to be clickable...
✅ Home link found: https://demoqa.com/
📋 Clicking on Home link...
⏳ Waiting for loader to disappear...
⏳ Verifying home page load...
❌ Navigation to Home Page failed: Expected condition failed: waiting for url to contain "home". Current url: "https://demoqa.com/" (tried for 10 second(s) with 500 milliseconds interval)
Build info: version: '4.12.1', revision: '8e34639b11'
System info: os.name: 'Windows 11', os.arch: 'amd64', os.version: '10.0', java.version: '18.0.1.1'
Driver info: org.openqa.selenium.chrome.ChromeDriver
Capabilities {acceptInsecureCerts: false, browserName: chrome, browserVersion: 136.0.7103.114, chrome: {chromedriverVersion: 136.0.7103.113 (76fa3c17824..., userDataDir: C:\Users\HP\AppData\Local\T...}, fedcm:accounts: true, goog:chromeOptions: {debuggerAddress: localhost:50211}, networkConnectionEnabled: false, pageLoadStrategy: normal, platformName: windows, proxy: Proxy(), se:cdp: ws://localhost:50211/devtoo..., se:cdpVersion: 136.0.7103.114, setWindowRect: true, strictFileInteractability: false, timeouts: {implicit: 0, pageLoad: 300000, script: 30000}, unhandledPromptBehavior: dismiss and notify, webauthn:extension:credBlob: true, webauthn:extension:largeBlob: true, webauthn:extension:minPinLength: true, webauthn:extension:prf: true, webauthn:virtualAuthenticators: true}
Session ID: e8754be54f8aaba068ee488e1e2786a9
<div style="background-color:#ffeeba; border:2px solid #856404; border-radius:10px; padding:10px 15px; text-align:left; margin:10px 0; display:inline-block; color:#856404; box-shadow: 0px 4px 6px rgba(0, 0, 0, 0.2);"><p style='font-size:18px; margin:0;'><b>Skipped: 🔐 Admin Connection URL: jdbc:sqlserver://localhost:1433;database=QADEMO;integratedSecurity=true;encrypt=false;trustServerCertificate=true;loginTimeout=30;</b></p></div>
<div style="background-color:#ffeeba; border:2px solid #856404; border-radius:10px; padding:10px 15px; text-align:left; margin:10px 0; display:inline-block; color:#856404; box-shadow: 0px 4px 6px rgba(0, 0, 0, 0.2);"><p style='font-size:18px; margin:0;'><b>Skipped: 🔐 Company Connection URL: jdbc:sqlserver://localhost:1433;database=QADEMO;integratedSecurity=true;encrypt=false;trustServerCertificate=true;loginTimeout=30;</b></p></div>
<div style='border: 1px solid #e0e0e0;padding: 8px 12px;margin: 8px 0;border-radius: 6px;background: linear-gradient(to right, #f8f9fa, #ffffff);box-shadow: 0 2px 4px rgba(0,0,0,0.05);display: inline-block;font-family: Arial, sans-serif;'><span style='font-weight: bold;color: #333;'>🌍 Browser Info:</span> <span style='color: #2c7be5;font-weight: 500;'><img src='data:image/svg+xml;base64,PHN2ZyB4bWxucz0iaHR0cDovL3d3dy53My5vcmcvMjAwMC9zdmciIHZpZXdCb3g9IjAgMCA0NDggNTEyIj48cGF0aCBmaWxsPSIjRkZDMTAyIiBkPSJNMjI0IDI1NmMwIDEyLjktNyAyNC40LTE3LjcgMjkuNkwxODcgMzA5LjljLTUuNCAzLTEyLjMgMy4xLTE3LjcuMS0xMC40LTUuOS0xNi43LTE2LjktMTYuNy0yOC42VjE5OGMwLTEyLjkgNy0yNC40IDE3LjctMjkuNkwxODcgMTQyLjFjNS40LTMgMTIuMy0zLjEgMTcuNy0uMSAxMC40IDUuOSAxNi43IDE2LjkgMTYuNyAyOC42djU4LjJ6Ii8+PHBhdGggZmlsbD0iIzRBNDlGNSIgZD0iTTIyNCAyNTZjMCAxMi45LTcgMjQuNC0xNy43IDI5LjZMMTg3IDMwOS45Yy01LjQgMy0xMi4zIDMuMS0xNy43LjEtMTAuNC01LjktMTYuNy0xNi45LTE2LjctMjguNlYxOThjMC0xMi45IDctMjQuNCAxNy43LTI5LjZMMTg3IDE0Mi4xYzUuNC0zIDEyLjMtMy4xIDE3LjctLjEgMTAuNCA1LjkgMTYuNyAxNi45IDE2LjcgMjguNnY1OC4yeiIvPjxwYXRoIGZpbGw9IiNGRkMxMDIiIGQ9Ik0yMjQgMjU2YzAgMTIuOS03IDI0LjQtMTcuNyAyOS42TDE4NyAzMDkuOWMtNS40IDMtMTIuMyAzLjEtMTcuNy4xLTEwLjQtNS45LTE2LjctMTYuOS0xNi43LTI4LjZWMTk4YzAtMTIuOSA3LTI0LjQgMTcuNy0yOS42TDE4NyAxNDIuMWM1LjQtMyAxMi4zLTMuMSAxNy43LS4xIDEwLjQgNS45IDE2LjcgMTYuOSAxNi43IDI4LjZ2NTguMnoiLz48cGF0aCBmaWxsPSIjRkZDMTAyIiBkPSJNMjI0IDI1NmMwIDEyLjktNyAyNC40LTE3LjcgMjkuNkwxODcgMzA5LjljLTUuNCAzLTEyLjMgMy4xLTE3LjcuMS0xMC40LTUuOS0xNi43LTE2LjktMTYuNy0yOC42VjE5OGMwLTEyLjkgNy0yNC40IDE3LjctMjkuNkwxODcgMTQyLjFjNS40LTMgMTIuMy0zLjEgMTcuNy0uMSAxMC40IDUuOSAxNi43IDE2LjkgMTYuNyAyOC42djU4LjJ6Ii8+PC9zdmc+' height='20' width='20' style='vertical-align: middle;' /> <span style='color: #4285F4;'>Google Chrome</span></span></div>
<div style="border: 1px solid #ddd; padding: 8px; margin: 5px 0; border-radius: 4px; background-color: #f7f7f7; display: inline-block;"><strong>💻 #System Info</strong> :: <strong>PC Name</strong> ⇒ <span style="color: #001dff;">ANKUSH1111</span> &nbsp;&nbsp;|&nbsp;&nbsp; <strong>User</strong> ⇒ <span style="color: #006400;">HP</span></div>
<div style='border: 1px solid #ddd; padding: 8px; margin: 5px 0; border-radius: 4px; background-color: #f7f7f7; display: inline-block;'><strong>#TXTBX ▭</strong> :: <strong>Full Name</strong> Value entered ⇒ <span style='color: #009;'>Anjali Rao</span></div>
<div style='border: 1px solid #ddd; padding: 8px; margin: 5px 0; border-radius: 4px; background-color: #f7f7f7; display: inline-block;'><strong>#TXTBX ▭</strong> :: <strong>Email</strong> Value entered ⇒ <span style='color: #009;'>anjali.rao@test.com</span></div>
<div style='border: 1px solid #ddd; padding: 8px; margin: 5px 0; border-radius: 4px; background-color: #f7f7f7; display: inline-block;'><strong>#TXTBX ▭</strong> :: <strong>Current Address</strong> Value entered ⇒ <span style='color: #009;'>Hyderabad, Telangana</span></div>
<div style='border: 1px solid #ddd; padding: 8px; margin: 5px 0; border-radius: 4px; background-color: #f7f7f7; display: inline-block;'><strong>#TXTBX ▭</strong> :: <strong>Permanent Address</strong> Value entered ⇒ <span style='color: #009;'>Warangal, Telangana</span></div>
<div style='border: 1px solid #ddd; padding: 8px; margin: 5px 0; border-radius: 4px; background-color: #f7f7f7; display: inline-block;'><strong>#BTN 📤</strong> :: <strong>Clicked On</strong> ⇒ <span style='color: #001dff;'>Submit Button</span></div>
✅ Updated AutomationTestingStatus for FormId 101018 to '✅ [Automation Tester] TextBox Form Submitted Successfully at 01/06/2025 05:41:33 PM'
📋 Navigating to Home Page...
📋 Attempting to close modal popup (if present)...
⏳ Waiting for Home link to be clickable...
✅ Home link found: https://demoqa.com/
📋 Clicking on Home link...
⏳ Waiting for loader to disappear...
⏳ Verifying home page load...
❌ Navigation to Home Page failed: Expected condition failed: waiting for url to contain "home". Current url: "https://demoqa.com/" (tried for 10 second(s) with 500 milliseconds interval)
Build info: version: '4.12.1', revision: '8e34639b11'
System info: os.name: 'Windows 11', os.arch: 'amd64', os.version: '10.0', java.version: '18.0.1.1'
Driver info: org.openqa.selenium.chrome.ChromeDriver
Capabilities {acceptInsecureCerts: false, browserName: chrome, browserVersion: 136.0.7103.114, chrome: {chromedriverVersion: 136.0.7103.113 (76fa3c17824..., userDataDir: C:\Users\HP\AppData\Local\T...}, fedcm:accounts: true, goog:chromeOptions: {debuggerAddress: localhost:50211}, networkConnectionEnabled: false, pageLoadStrategy: normal, platformName: windows, proxy: Proxy(), se:cdp: ws://localhost:50211/devtoo..., se:cdpVersion: 136.0.7103.114, setWindowRect: true, strictFileInteractability: false, timeouts: {implicit: 0, pageLoad: 300000, script: 30000}, unhandledPromptBehavior: dismiss and notify, webauthn:extension:credBlob: true, webauthn:extension:largeBlob: true, webauthn:extension:minPinLength: true, webauthn:extension:prf: true, webauthn:virtualAuthenticators: true}
Session ID: e8754be54f8aaba068ee488e1e2786a9
<div style="background-color:#ffeeba; border:2px solid #856404; border-radius:10px; padding:10px 15px; text-align:left; margin:10px 0; display:inline-block; color:#856404; box-shadow: 0px 4px 6px rgba(0, 0, 0, 0.2);"><p style='font-size:18px; margin:0;'><b>Skipped: 🔐 Admin Connection URL: jdbc:sqlserver://localhost:1433;database=QADEMO;integratedSecurity=true;encrypt=false;trustServerCertificate=true;loginTimeout=30;</b></p></div>
<div style="background-color:#ffeeba; border:2px solid #856404; border-radius:10px; padding:10px 15px; text-align:left; margin:10px 0; display:inline-block; color:#856404; box-shadow: 0px 4px 6px rgba(0, 0, 0, 0.2);"><p style='font-size:18px; margin:0;'><b>Skipped: 🔐 Company Connection URL: jdbc:sqlserver://localhost:1433;database=QADEMO;integratedSecurity=true;encrypt=false;trustServerCertificate=true;loginTimeout=30;</b></p></div>
<div style='border: 1px solid #e0e0e0;padding: 8px 12px;margin: 8px 0;border-radius: 6px;background: linear-gradient(to right, #f8f9fa, #ffffff);box-shadow: 0 2px 4px rgba(0,0,0,0.05);display: inline-block;font-family: Arial, sans-serif;'><span style='font-weight: bold;color: #333;'>🌍 Browser Info:</span> <span style='color: #2c7be5;font-weight: 500;'><img src='data:image/svg+xml;base64,PHN2ZyB4bWxucz0iaHR0cDovL3d3dy53My5vcmcvMjAwMC9zdmciIHZpZXdCb3g9IjAgMCA0NDggNTEyIj48cGF0aCBmaWxsPSIjRkZDMTAyIiBkPSJNMjI0IDI1NmMwIDEyLjktNyAyNC40LTE3LjcgMjkuNkwxODcgMzA5LjljLTUuNCAzLTEyLjMgMy4xLTE3LjcuMS0xMC40LTUuOS0xNi43LTE2LjktMTYuNy0yOC42VjE5OGMwLTEyLjkgNy0yNC40IDE3LjctMjkuNkwxODcgMTQyLjFjNS40LTMgMTIuMy0zLjEgMTcuNy0uMSAxMC40IDUuOSAxNi43IDE2LjkgMTYuNyAyOC42djU4LjJ6Ii8+PHBhdGggZmlsbD0iIzRBNDlGNSIgZD0iTTIyNCAyNTZjMCAxMi45LTcgMjQuNC0xNy43IDI5LjZMMTg3IDMwOS45Yy01LjQgMy0xMi4zIDMuMS0xNy43LjEtMTAuNC01LjktMTYuNy0xNi45LTE2LjctMjguNlYxOThjMC0xMi45IDctMjQuNCAxNy43LTI5LjZMMTg3IDE0Mi4xYzUuNC0zIDEyLjMtMy4xIDE3LjctLjEgMTAuNCA1LjkgMTYuNyAxNi45IDE2LjcgMjguNnY1OC4yeiIvPjxwYXRoIGZpbGw9IiNGRkMxMDIiIGQ9Ik0yMjQgMjU2YzAgMTIuOS03IDI0LjQtMTcuNyAyOS42TDE4NyAzMDkuOWMtNS40IDMtMTIuMyAzLjEtMTcuNy4xLTEwLjQtNS45LTE2LjctMTYuOS0xNi43LTI4LjZWMTk4YzAtMTIuOSA3LTI0LjQgMTcuNy0yOS42TDE4NyAxNDIuMWM1LjQtMyAxMi4zLTMuMSAxNy43LS4xIDEwLjQgNS45IDE2LjcgMTYuOSAxNi43IDI4LjZ2NTguMnoiLz48cGF0aCBmaWxsPSIjRkZDMTAyIiBkPSJNMjI0IDI1NmMwIDEyLjktNyAyNC40LTE3LjcgMjkuNkwxODcgMzA5LjljLTUuNCAzLTEyLjMgMy4xLTE3LjcuMS0xMC40LTUuOS0xNi43LTE2LjktMTYuNy0yOC42VjE5OGMwLTEyLjkgNy0yNC40IDE3LjctMjkuNkwxODcgMTQyLjFjNS40LTMgMTIuMy0zLjEgMTcuNy0uMSAxMC40IDUuOSAxNi43IDE2LjkgMTYuNyAyOC42djU4LjJ6Ii8+PC9zdmc+' height='20' width='20' style='vertical-align: middle;' /> <span style='color: #4285F4;'>Google Chrome</span></span></div>
<div style="border: 1px solid #ddd; padding: 8px; margin: 5px 0; border-radius: 4px; background-color: #f7f7f7; display: inline-block;"><strong>💻 #System Info</strong> :: <strong>PC Name</strong> ⇒ <span style="color: #001dff;">ANKUSH1111</span> &nbsp;&nbsp;|&nbsp;&nbsp; <strong>User</strong> ⇒ <span style="color: #006400;">HP</span></div>
<div style='border: 1px solid #ddd; padding: 8px; margin: 5px 0; border-radius: 4px; background-color: #f7f7f7; display: inline-block;'><strong>#TXTBX ▭</strong> :: <strong>Full Name</strong> Value entered ⇒ <span style='color: #009;'>Saurabh Yadav</span></div>
<div style='border: 1px solid #ddd; padding: 8px; margin: 5px 0; border-radius: 4px; background-color: #f7f7f7; display: inline-block;'><strong>#TXTBX ▭</strong> :: <strong>Email</strong> Value entered ⇒ <span style='color: #009;'>saurabh.yadav@test.com</span></div>
<div style='border: 1px solid #ddd; padding: 8px; margin: 5px 0; border-radius: 4px; background-color: #f7f7f7; display: inline-block;'><strong>#TXTBX ▭</strong> :: <strong>Current Address</strong> Value entered ⇒ <span style='color: #009;'>Lucknow, Uttar Pradesh</span></div>
<div style='border: 1px solid #ddd; padding: 8px; margin: 5px 0; border-radius: 4px; background-color: #f7f7f7; display: inline-block;'><strong>#TXTBX ▭</strong> :: <strong>Permanent Address</strong> Value entered ⇒ <span style='color: #009;'>Kanpur, Uttar Pradesh</span></div>
<div style='border: 1px solid #ddd; padding: 8px; margin: 5px 0; border-radius: 4px; background-color: #f7f7f7; display: inline-block;'><strong>#BTN 📤</strong> :: <strong>Clicked On</strong> ⇒ <span style='color: #001dff;'>Submit Button</span></div>
✅ Updated AutomationTestingStatus for FormId 101019 to '✅ [Automation Tester] TextBox Form Submitted Successfully at 01/06/2025 05:41:49 PM'
📋 Navigating to Home Page...
📋 Attempting to close modal popup (if present)...
⏳ Waiting for Home link to be clickable...
✅ Home link found: https://demoqa.com/
📋 Clicking on Home link...
⏳ Waiting for loader to disappear...
⏳ Verifying home page load...
❌ Navigation to Home Page failed: Expected condition failed: waiting for url to contain "home". Current url: "https://demoqa.com/" (tried for 10 second(s) with 500 milliseconds interval)
Build info: version: '4.12.1', revision: '8e34639b11'
System info: os.name: 'Windows 11', os.arch: 'amd64', os.version: '10.0', java.version: '18.0.1.1'
Driver info: org.openqa.selenium.chrome.ChromeDriver
Capabilities {acceptInsecureCerts: false, browserName: chrome, browserVersion: 136.0.7103.114, chrome: {chromedriverVersion: 136.0.7103.113 (76fa3c17824..., userDataDir: C:\Users\HP\AppData\Local\T...}, fedcm:accounts: true, goog:chromeOptions: {debuggerAddress: localhost:50211}, networkConnectionEnabled: false, pageLoadStrategy: normal, platformName: windows, proxy: Proxy(), se:cdp: ws://localhost:50211/devtoo..., se:cdpVersion: 136.0.7103.114, setWindowRect: true, strictFileInteractability: false, timeouts: {implicit: 0, pageLoad: 300000, script: 30000}, unhandledPromptBehavior: dismiss and notify, webauthn:extension:credBlob: true, webauthn:extension:largeBlob: true, webauthn:extension:minPinLength: true, webauthn:extension:prf: true, webauthn:virtualAuthenticators: true}
Session ID: e8754be54f8aaba068ee488e1e2786a9
<div style="background-color:#ffeeba; border:2px solid #856404; border-radius:10px; padding:10px 15px; text-align:left; margin:10px 0; display:inline-block; color:#856404; box-shadow: 0px 4px 6px rgba(0, 0, 0, 0.2);"><p style='font-size:18px; margin:0;'><b>Skipped: 🔐 Admin Connection URL: jdbc:sqlserver://localhost:1433;database=QADEMO;integratedSecurity=true;encrypt=false;trustServerCertificate=true;loginTimeout=30;</b></p></div>
<div style="background-color:#ffeeba; border:2px solid #856404; border-radius:10px; padding:10px 15px; text-align:left; margin:10px 0; display:inline-block; color:#856404; box-shadow: 0px 4px 6px rgba(0, 0, 0, 0.2);"><p style='font-size:18px; margin:0;'><b>Skipped: 🔐 Company Connection URL: jdbc:sqlserver://localhost:1433;database=QADEMO;integratedSecurity=true;encrypt=false;trustServerCertificate=true;loginTimeout=30;</b></p></div>
<div style='border: 1px solid #e0e0e0;padding: 8px 12px;margin: 8px 0;border-radius: 6px;background: linear-gradient(to right, #f8f9fa, #ffffff);box-shadow: 0 2px 4px rgba(0,0,0,0.05);display: inline-block;font-family: Arial, sans-serif;'><span style='font-weight: bold;color: #333;'>🌍 Browser Info:</span> <span style='color: #2c7be5;font-weight: 500;'><img src='data:image/svg+xml;base64,PHN2ZyB4bWxucz0iaHR0cDovL3d3dy53My5vcmcvMjAwMC9zdmciIHZpZXdCb3g9IjAgMCA0NDggNTEyIj48cGF0aCBmaWxsPSIjRkZDMTAyIiBkPSJNMjI0IDI1NmMwIDEyLjktNyAyNC40LTE3LjcgMjkuNkwxODcgMzA5LjljLTUuNCAzLTEyLjMgMy4xLTE3LjcuMS0xMC40LTUuOS0xNi43LTE2LjktMTYuNy0yOC42VjE5OGMwLTEyLjkgNy0yNC40IDE3LjctMjkuNkwxODcgMTQyLjFjNS40LTMgMTIuMy0zLjEgMTcuNy0uMSAxMC40IDUuOSAxNi43IDE2LjkgMTYuNyAyOC42djU4LjJ6Ii8+PHBhdGggZmlsbD0iIzRBNDlGNSIgZD0iTTIyNCAyNTZjMCAxMi45LTcgMjQuNC0xNy43IDI5LjZMMTg3IDMwOS45Yy01LjQgMy0xMi4zIDMuMS0xNy43LjEtMTAuNC01LjktMTYuNy0xNi45LTE2LjctMjguNlYxOThjMC0xMi45IDctMjQuNCAxNy43LTI5LjZMMTg3IDE0Mi4xYzUuNC0zIDEyLjMtMy4xIDE3LjctLjEgMTAuNCA1LjkgMTYuNyAxNi45IDE2LjcgMjguNnY1OC4yeiIvPjxwYXRoIGZpbGw9IiNGRkMxMDIiIGQ9Ik0yMjQgMjU2YzAgMTIuOS03IDI0LjQtMTcuNyAyOS42TDE4NyAzMDkuOWMtNS40IDMtMTIuMyAzLjEtMTcuNy4xLTEwLjQtNS45LTE2LjctMTYuOS0xNi43LTI4LjZWMTk4YzAtMTIuOSA3LTI0LjQgMTcuNy0yOS42TDE4NyAxNDIuMWM1LjQtMyAxMi4zLTMuMSAxNy43LS4xIDEwLjQgNS45IDE2LjcgMTYuOSAxNi43IDI4LjZ2NTguMnoiLz48cGF0aCBmaWxsPSIjRkZDMTAyIiBkPSJNMjI0IDI1NmMwIDEyLjktNyAyNC40LTE3LjcgMjkuNkwxODcgMzA5LjljLTUuNCAzLTEyLjMgMy4xLTE3LjcuMS0xMC40LTUuOS0xNi43LTE2LjktMTYuNy0yOC42VjE5OGMwLTEyLjkgNy0yNC40IDE3LjctMjkuNkwxODcgMTQyLjFjNS40LTMgMTIuMy0zLjEgMTcuNy0uMSAxMC40IDUuOSAxNi43IDE2LjkgMTYuNyAyOC42djU4LjJ6Ii8+PC9zdmc+' height='20' width='20' style='vertical-align: middle;' /> <span style='color: #4285F4;'>Google Chrome</span></span></div>
<div style="border: 1px solid #ddd; padding: 8px; margin: 5px 0; border-radius: 4px; background-color: #f7f7f7; display: inline-block;"><strong>💻 #System Info</strong> :: <strong>PC Name</strong> ⇒ <span style="color: #001dff;">ANKUSH1111</span> &nbsp;&nbsp;|&nbsp;&nbsp; <strong>User</strong> ⇒ <span style="color: #006400;">HP</span></div>
<div style='border: 1px solid #ddd; padding: 8px; margin: 5px 0; border-radius: 4px; background-color: #f7f7f7; display: inline-block;'><strong>#TXTBX ▭</strong> :: <strong>Full Name</strong> Value entered ⇒ <span style='color: #009;'>Neha Kulkarni</span></div>
<div style='border: 1px solid #ddd; padding: 8px; margin: 5px 0; border-radius: 4px; background-color: #f7f7f7; display: inline-block;'><strong>#TXTBX ▭</strong> :: <strong>Email</strong> Value entered ⇒ <span style='color: #009;'>neha.kulkarni@test.com</span></div>
<div style='border: 1px solid #ddd; padding: 8px; margin: 5px 0; border-radius: 4px; background-color: #f7f7f7; display: inline-block;'><strong>#TXTBX ▭</strong> :: <strong>Current Address</strong> Value entered ⇒ <span style='color: #009;'>Satara, Maharashtra</span></div>
<div style='border: 1px solid #ddd; padding: 8px; margin: 5px 0; border-radius: 4px; background-color: #f7f7f7; display: inline-block;'><strong>#TXTBX ▭</strong> :: <strong>Permanent Address</strong> Value entered ⇒ <span style='color: #009;'>Sangli, Maharashtra</span></div>
<div style='border: 1px solid #ddd; padding: 8px; margin: 5px 0; border-radius: 4px; background-color: #f7f7f7; display: inline-block;'><strong>#BTN 📤</strong> :: <strong>Clicked On</strong> ⇒ <span style='color: #001dff;'>Submit Button</span></div>
✅ Updated AutomationTestingStatus for FormId 101020 to '✅ [Automation Tester] TextBox Form Submitted Successfully at 01/06/2025 05:42:07 PM'
📋 Navigating to Home Page...
📋 Attempting to close modal popup (if present)...
⏳ Waiting for Home link to be clickable...
✅ Home link found: https://demoqa.com/
📋 Clicking on Home link...
⏳ Waiting for loader to disappear...
⏳ Verifying home page load...
❌ Navigation to Home Page failed: Expected condition failed: waiting for url to contain "home". Current url: "https://demoqa.com/" (tried for 10 second(s) with 500 milliseconds interval)
Build info: version: '4.12.1', revision: '8e34639b11'
System info: os.name: 'Windows 11', os.arch: 'amd64', os.version: '10.0', java.version: '18.0.1.1'
Driver info: org.openqa.selenium.chrome.ChromeDriver
Capabilities {acceptInsecureCerts: false, browserName: chrome, browserVersion: 136.0.7103.114, chrome: {chromedriverVersion: 136.0.7103.113 (76fa3c17824..., userDataDir: C:\Users\HP\AppData\Local\T...}, fedcm:accounts: true, goog:chromeOptions: {debuggerAddress: localhost:50211}, networkConnectionEnabled: false, pageLoadStrategy: normal, platformName: windows, proxy: Proxy(), se:cdp: ws://localhost:50211/devtoo..., se:cdpVersion: 136.0.7103.114, setWindowRect: true, strictFileInteractability: false, timeouts: {implicit: 0, pageLoad: 300000, script: 30000}, unhandledPromptBehavior: dismiss and notify, webauthn:extension:credBlob: true, webauthn:extension:largeBlob: true, webauthn:extension:minPinLength: true, webauthn:extension:prf: true, webauthn:virtualAuthenticators: true}
Session ID: e8754be54f8aaba068ee488e1e2786a9
<div style="background-color:#ffeeba; border:2px solid #856404; border-radius:10px; padding:10px 15px; text-align:left; margin:10px 0; display:inline-block; color:#856404; box-shadow: 0px 4px 6px rgba(0, 0, 0, 0.2);"><p style='font-size:18px; margin:0;'><b>Skipped: 🔐 Admin Connection URL: jdbc:sqlserver://localhost:1433;database=QADEMO;integratedSecurity=true;encrypt=false;trustServerCertificate=true;loginTimeout=30;</b></p></div>
<div style="background-color:#ffeeba; border:2px solid #856404; border-radius:10px; padding:10px 15px; text-align:left; margin:10px 0; display:inline-block; color:#856404; box-shadow: 0px 4px 6px rgba(0, 0, 0, 0.2);"><p style='font-size:18px; margin:0;'><b>Skipped: 🔐 Company Connection URL: jdbc:sqlserver://localhost:1433;database=QADEMO;integratedSecurity=true;encrypt=false;trustServerCertificate=true;loginTimeout=30;</b></p></div>
<div style='border: 1px solid #e0e0e0;padding: 8px 12px;margin: 8px 0;border-radius: 6px;background: linear-gradient(to right, #f8f9fa, #ffffff);box-shadow: 0 2px 4px rgba(0,0,0,0.05);display: inline-block;font-family: Arial, sans-serif;'><span style='font-weight: bold;color: #333;'>🌍 Browser Info:</span> <span style='color: #2c7be5;font-weight: 500;'><img src='data:image/svg+xml;base64,PHN2ZyB4bWxucz0iaHR0cDovL3d3dy53My5vcmcvMjAwMC9zdmciIHZpZXdCb3g9IjAgMCA0NDggNTEyIj48cGF0aCBmaWxsPSIjRkZDMTAyIiBkPSJNMjI0IDI1NmMwIDEyLjktNyAyNC40LTE3LjcgMjkuNkwxODcgMzA5LjljLTUuNCAzLTEyLjMgMy4xLTE3LjcuMS0xMC40LTUuOS0xNi43LTE2LjktMTYuNy0yOC42VjE5OGMwLTEyLjkgNy0yNC40IDE3LjctMjkuNkwxODcgMTQyLjFjNS40LTMgMTIuMy0zLjEgMTcuNy0uMSAxMC40IDUuOSAxNi43IDE2LjkgMTYuNyAyOC42djU4LjJ6Ii8+PHBhdGggZmlsbD0iIzRBNDlGNSIgZD0iTTIyNCAyNTZjMCAxMi45LTcgMjQuNC0xNy43IDI5LjZMMTg3IDMwOS45Yy01LjQgMy0xMi4zIDMuMS0xNy43LjEtMTAuNC01LjktMTYuNy0xNi45LTE2LjctMjguNlYxOThjMC0xMi45IDctMjQuNCAxNy43LTI5LjZMMTg3IDE0Mi4xYzUuNC0zIDEyLjMtMy4xIDE3LjctLjEgMTAuNCA1LjkgMTYuNyAxNi45IDE2LjcgMjguNnY1OC4yeiIvPjxwYXRoIGZpbGw9IiNGRkMxMDIiIGQ9Ik0yMjQgMjU2YzAgMTIuOS03IDI0LjQtMTcuNyAyOS42TDE4NyAzMDkuOWMtNS40IDMtMTIuMyAzLjEtMTcuNy4xLTEwLjQtNS45LTE2LjctMTYuOS0xNi43LTI4LjZWMTk4YzAtMTIuOSA3LTI0LjQgMTcuNy0yOS42TDE4NyAxNDIuMWM1LjQtMyAxMi4zLTMuMSAxNy43LS4xIDEwLjQgNS45IDE2LjcgMTYuOSAxNi43IDI4LjZ2NTguMnoiLz48cGF0aCBmaWxsPSIjRkZDMTAyIiBkPSJNMjI0IDI1NmMwIDEyLjktNyAyNC40LTE3LjcgMjkuNkwxODcgMzA5LjljLTUuNCAzLTEyLjMgMy4xLTE3LjcuMS0xMC40LTUuOS0xNi43LTE2LjktMTYuNy0yOC42VjE5OGMwLTEyLjkgNy0yNC40IDE3LjctMjkuNkwxODcgMTQyLjFjNS40LTMgMTIuMy0zLjEgMTcuNy0uMSAxMC40IDUuOSAxNi43IDE2LjkgMTYuNyAyOC42djU4LjJ6Ii8+PC9zdmc+' height='20' width='20' style='vertical-align: middle;' /> <span style='color: #4285F4;'>Google Chrome</span></span></div>
<div style="border: 1px solid #ddd; padding: 8px; margin: 5px 0; border-radius: 4px; background-color: #f7f7f7; display: inline-block;"><strong>💻 #System Info</strong> :: <strong>PC Name</strong> ⇒ <span style="color: #001dff;">ANKUSH1111</span> &nbsp;&nbsp;|&nbsp;&nbsp; <strong>User</strong> ⇒ <span style="color: #006400;">HP</span></div>
<div style='border: 1px solid #ddd; padding: 8px; margin: 5px 0; border-radius: 4px; background-color: #f7f7f7; display: inline-block;'><strong>#TXTBX ▭</strong> :: <strong>Full Name</strong> Value entered ⇒ <span style='color: #009;'>Manish Gupta</span></div>
<div style='border: 1px solid #ddd; padding: 8px; margin: 5px 0; border-radius: 4px; background-color: #f7f7f7; display: inline-block;'><strong>#TXTBX ▭</strong> :: <strong>Email</strong> Value entered ⇒ <span style='color: #009;'>manish.gupta@test.com</span></div>
<div style='border: 1px solid #ddd; padding: 8px; margin: 5px 0; border-radius: 4px; background-color: #f7f7f7; display: inline-block;'><strong>#TXTBX ▭</strong> :: <strong>Current Address</strong> Value entered ⇒ <span style='color: #009;'>Delhi</span></div>
<div style='border: 1px solid #ddd; padding: 8px; margin: 5px 0; border-radius: 4px; background-color: #f7f7f7; display: inline-block;'><strong>#TXTBX ▭</strong> :: <strong>Permanent Address</strong> Value entered ⇒ <span style='color: #009;'>Noida, Uttar Pradesh</span></div>
<div style='border: 1px solid #ddd; padding: 8px; margin: 5px 0; border-radius: 4px; background-color: #f7f7f7; display: inline-block;'><strong>#BTN 📤</strong> :: <strong>Clicked On</strong> ⇒ <span style='color: #001dff;'>Submit Button</span></div>
✅ Updated AutomationTestingStatus for FormId 101021 to '✅ [Automation Tester] TextBox Form Submitted Successfully at 01/06/2025 05:42:24 PM'
📋 Navigating to Home Page...
📋 Attempting to close modal popup (if present)...
⏳ Waiting for Home link to be clickable...
✅ Home link found: https://demoqa.com/
📋 Clicking on Home link...
⏳ Waiting for loader to disappear...
⏳ Verifying home page load...
❌ Navigation to Home Page failed: Expected condition failed: waiting for url to contain "home". Current url: "https://demoqa.com/" (tried for 10 second(s) with 500 milliseconds interval)
Build info: version: '4.12.1', revision: '8e34639b11'
System info: os.name: 'Windows 11', os.arch: 'amd64', os.version: '10.0', java.version: '18.0.1.1'
Driver info: org.openqa.selenium.chrome.ChromeDriver
Capabilities {acceptInsecureCerts: false, browserName: chrome, browserVersion: 136.0.7103.114, chrome: {chromedriverVersion: 136.0.7103.113 (76fa3c17824..., userDataDir: C:\Users\HP\AppData\Local\T...}, fedcm:accounts: true, goog:chromeOptions: {debuggerAddress: localhost:50211}, networkConnectionEnabled: false, pageLoadStrategy: normal, platformName: windows, proxy: Proxy(), se:cdp: ws://localhost:50211/devtoo..., se:cdpVersion: 136.0.7103.114, setWindowRect: true, strictFileInteractability: false, timeouts: {implicit: 0, pageLoad: 300000, script: 30000}, unhandledPromptBehavior: dismiss and notify, webauthn:extension:credBlob: true, webauthn:extension:largeBlob: true, webauthn:extension:minPinLength: true, webauthn:extension:prf: true, webauthn:virtualAuthenticators: true}
Session ID: e8754be54f8aaba068ee488e1e2786a9
<div style="background-color:#ffeeba; border:2px solid #856404; border-radius:10px; padding:10px 15px; text-align:left; margin:10px 0; display:inline-block; color:#856404; box-shadow: 0px 4px 6px rgba(0, 0, 0, 0.2);"><p style='font-size:18px; margin:0;'><b>Skipped: 🔐 Admin Connection URL: jdbc:sqlserver://localhost:1433;database=QADEMO;integratedSecurity=true;encrypt=false;trustServerCertificate=true;loginTimeout=30;</b></p></div>
<div style="background-color:#ffeeba; border:2px solid #856404; border-radius:10px; padding:10px 15px; text-align:left; margin:10px 0; display:inline-block; color:#856404; box-shadow: 0px 4px 6px rgba(0, 0, 0, 0.2);"><p style='font-size:18px; margin:0;'><b>Skipped: 🔐 Company Connection URL: jdbc:sqlserver://localhost:1433;database=QADEMO;integratedSecurity=true;encrypt=false;trustServerCertificate=true;loginTimeout=30;</b></p></div>
<div style='border: 1px solid #e0e0e0;padding: 8px 12px;margin: 8px 0;border-radius: 6px;background: linear-gradient(to right, #f8f9fa, #ffffff);box-shadow: 0 2px 4px rgba(0,0,0,0.05);display: inline-block;font-family: Arial, sans-serif;'><span style='font-weight: bold;color: #333;'>🌍 Browser Info:</span> <span style='color: #2c7be5;font-weight: 500;'><img src='data:image/svg+xml;base64,PHN2ZyB4bWxucz0iaHR0cDovL3d3dy53My5vcmcvMjAwMC9zdmciIHZpZXdCb3g9IjAgMCA0NDggNTEyIj48cGF0aCBmaWxsPSIjRkZDMTAyIiBkPSJNMjI0IDI1NmMwIDEyLjktNyAyNC40LTE3LjcgMjkuNkwxODcgMzA5LjljLTUuNCAzLTEyLjMgMy4xLTE3LjcuMS0xMC40LTUuOS0xNi43LTE2LjktMTYuNy0yOC42VjE5OGMwLTEyLjkgNy0yNC40IDE3LjctMjkuNkwxODcgMTQyLjFjNS40LTMgMTIuMy0zLjEgMTcuNy0uMSAxMC40IDUuOSAxNi43IDE2LjkgMTYuNyAyOC42djU4LjJ6Ii8+PHBhdGggZmlsbD0iIzRBNDlGNSIgZD0iTTIyNCAyNTZjMCAxMi45LTcgMjQuNC0xNy43IDI5LjZMMTg3IDMwOS45Yy01LjQgMy0xMi4zIDMuMS0xNy43LjEtMTAuNC01LjktMTYuNy0xNi45LTE2LjctMjguNlYxOThjMC0xMi45IDctMjQuNCAxNy43LTI5LjZMMTg3IDE0Mi4xYzUuNC0zIDEyLjMtMy4xIDE3LjctLjEgMTAuNCA1LjkgMTYuNyAxNi45IDE2LjcgMjguNnY1OC4yeiIvPjxwYXRoIGZpbGw9IiNGRkMxMDIiIGQ9Ik0yMjQgMjU2YzAgMTIuOS03IDI0LjQtMTcuNyAyOS42TDE4NyAzMDkuOWMtNS40IDMtMTIuMyAzLjEtMTcuNy4xLTEwLjQtNS45LTE2LjctMTYuOS0xNi43LTI4LjZWMTk4YzAtMTIuOSA3LTI0LjQgMTcuNy0yOS42TDE4NyAxNDIuMWM1LjQtMyAxMi4zLTMuMSAxNy43LS4xIDEwLjQgNS45IDE2LjcgMTYuOSAxNi43IDI4LjZ2NTguMnoiLz48cGF0aCBmaWxsPSIjRkZDMTAyIiBkPSJNMjI0IDI1NmMwIDEyLjktNyAyNC40LTE3LjcgMjkuNkwxODcgMzA5LjljLTUuNCAzLTEyLjMgMy4xLTE3LjcuMS0xMC40LTUuOS0xNi43LTE2LjktMTYuNy0yOC42VjE5OGMwLTEyLjkgNy0yNC40IDE3LjctMjkuNkwxODcgMTQyLjFjNS40LTMgMTIuMy0zLjEgMTcuNy0uMSAxMC40IDUuOSAxNi43IDE2LjkgMTYuNyAyOC42djU4LjJ6Ii8+PC9zdmc+' height='20' width='20' style='vertical-align: middle;' /> <span style='color: #4285F4;'>Google Chrome</span></span></div>
<div style="border: 1px solid #ddd; padding: 8px; margin: 5px 0; border-radius: 4px; background-color: #f7f7f7; display: inline-block;"><strong>💻 #System Info</strong> :: <strong>PC Name</strong> ⇒ <span style="color: #001dff;">ANKUSH1111</span> &nbsp;&nbsp;|&nbsp;&nbsp; <strong>User</strong> ⇒ <span style="color: #006400;">HP</span></div>
<div style='border: 1px solid #ddd; padding: 8px; margin: 5px 0; border-radius: 4px; background-color: #f7f7f7; display: inline-block;'><strong>#TXTBX ▭</strong> :: <strong>Full Name</strong> Value entered ⇒ <span style='color: #009;'>Ayesha Khan</span></div>
<div style='border: 1px solid #ddd; padding: 8px; margin: 5px 0; border-radius: 4px; background-color: #f7f7f7; display: inline-block;'><strong>#TXTBX ▭</strong> :: <strong>Email</strong> Value entered ⇒ <span style='color: #009;'>ayesha.khan@test.com</span></div>
<div style='border: 1px solid #ddd; padding: 8px; margin: 5px 0; border-radius: 4px; background-color: #f7f7f7; display: inline-block;'><strong>#TXTBX ▭</strong> :: <strong>Current Address</strong> Value entered ⇒ <span style='color: #009;'>Bhopal, Madhya Pradesh</span></div>
<div style='border: 1px solid #ddd; padding: 8px; margin: 5px 0; border-radius: 4px; background-color: #f7f7f7; display: inline-block;'><strong>#TXTBX ▭</strong> :: <strong>Permanent Address</strong> Value entered ⇒ <span style='color: #009;'>Gwalior, Madhya Pradesh</span></div>
<div style='border: 1px solid #ddd; padding: 8px; margin: 5px 0; border-radius: 4px; background-color: #f7f7f7; display: inline-block;'><strong>#BTN 📤</strong> :: <strong>Clicked On</strong> ⇒ <span style='color: #001dff;'>Submit Button</span></div>
✅ Updated AutomationTestingStatus for FormId 101022 to '✅ [Automation Tester] TextBox Form Submitted Successfully at 01/06/2025 05:42:38 PM'
📋 Navigating to Home Page...
📋 Attempting to close modal popup (if present)...
⏳ Waiting for Home link to be clickable...
✅ Home link found: https://demoqa.com/
📋 Clicking on Home link...
⏳ Waiting for loader to disappear...
⏳ Verifying home page load...
❌ Navigation to Home Page failed: Expected condition failed: waiting for url to contain "home". Current url: "https://demoqa.com/" (tried for 10 second(s) with 500 milliseconds interval)
Build info: version: '4.12.1', revision: '8e34639b11'
System info: os.name: 'Windows 11', os.arch: 'amd64', os.version: '10.0', java.version: '18.0.1.1'
Driver info: org.openqa.selenium.chrome.ChromeDriver
Capabilities {acceptInsecureCerts: false, browserName: chrome, browserVersion: 136.0.7103.114, chrome: {chromedriverVersion: 136.0.7103.113 (76fa3c17824..., userDataDir: C:\Users\HP\AppData\Local\T...}, fedcm:accounts: true, goog:chromeOptions: {debuggerAddress: localhost:50211}, networkConnectionEnabled: false, pageLoadStrategy: normal, platformName: windows, proxy: Proxy(), se:cdp: ws://localhost:50211/devtoo..., se:cdpVersion: 136.0.7103.114, setWindowRect: true, strictFileInteractability: false, timeouts: {implicit: 0, pageLoad: 300000, script: 30000}, unhandledPromptBehavior: dismiss and notify, webauthn:extension:credBlob: true, webauthn:extension:largeBlob: true, webauthn:extension:minPinLength: true, webauthn:extension:prf: true, webauthn:virtualAuthenticators: true}
Session ID: e8754be54f8aaba068ee488e1e2786a9
<div style="background-color:#ffeeba; border:2px solid #856404; border-radius:10px; padding:10px 15px; text-align:left; margin:10px 0; display:inline-block; color:#856404; box-shadow: 0px 4px 6px rgba(0, 0, 0, 0.2);"><p style='font-size:18px; margin:0;'><b>Skipped: 🔐 Admin Connection URL: jdbc:sqlserver://localhost:1433;database=QADEMO;integratedSecurity=true;encrypt=false;trustServerCertificate=true;loginTimeout=30;</b></p></div>
<div style="background-color:#ffeeba; border:2px solid #856404; border-radius:10px; padding:10px 15px; text-align:left; margin:10px 0; display:inline-block; color:#856404; box-shadow: 0px 4px 6px rgba(0, 0, 0, 0.2);"><p style='font-size:18px; margin:0;'><b>Skipped: 🔐 Company Connection URL: jdbc:sqlserver://localhost:1433;database=QADEMO;integratedSecurity=true;encrypt=false;trustServerCertificate=true;loginTimeout=30;</b></p></div>
<div style='border: 1px solid #e0e0e0;padding: 8px 12px;margin: 8px 0;border-radius: 6px;background: linear-gradient(to right, #f8f9fa, #ffffff);box-shadow: 0 2px 4px rgba(0,0,0,0.05);display: inline-block;font-family: Arial, sans-serif;'><span style='font-weight: bold;color: #333;'>🌍 Browser Info:</span> <span style='color: #2c7be5;font-weight: 500;'><img src='data:image/svg+xml;base64,PHN2ZyB4bWxucz0iaHR0cDovL3d3dy53My5vcmcvMjAwMC9zdmciIHZpZXdCb3g9IjAgMCA0NDggNTEyIj48cGF0aCBmaWxsPSIjRkZDMTAyIiBkPSJNMjI0IDI1NmMwIDEyLjktNyAyNC40LTE3LjcgMjkuNkwxODcgMzA5LjljLTUuNCAzLTEyLjMgMy4xLTE3LjcuMS0xMC40LTUuOS0xNi43LTE2LjktMTYuNy0yOC42VjE5OGMwLTEyLjkgNy0yNC40IDE3LjctMjkuNkwxODcgMTQyLjFjNS40LTMgMTIuMy0zLjEgMTcuNy0uMSAxMC40IDUuOSAxNi43IDE2LjkgMTYuNyAyOC42djU4LjJ6Ii8+PHBhdGggZmlsbD0iIzRBNDlGNSIgZD0iTTIyNCAyNTZjMCAxMi45LTcgMjQuNC0xNy43IDI5LjZMMTg3IDMwOS45Yy01LjQgMy0xMi4zIDMuMS0xNy43LjEtMTAuNC01LjktMTYuNy0xNi45LTE2LjctMjguNlYxOThjMC0xMi45IDctMjQuNCAxNy43LTI5LjZMMTg3IDE0Mi4xYzUuNC0zIDEyLjMtMy4xIDE3LjctLjEgMTAuNCA1LjkgMTYuNyAxNi45IDE2LjcgMjguNnY1OC4yeiIvPjxwYXRoIGZpbGw9IiNGRkMxMDIiIGQ9Ik0yMjQgMjU2YzAgMTIuOS03IDI0LjQtMTcuNyAyOS42TDE4NyAzMDkuOWMtNS40IDMtMTIuMyAzLjEtMTcuNy4xLTEwLjQtNS45LTE2LjctMTYuOS0xNi43LTI4LjZWMTk4YzAtMTIuOSA3LTI0LjQgMTcuNy0yOS42TDE4NyAxNDIuMWM1LjQtMyAxMi4zLTMuMSAxNy43LS4xIDEwLjQgNS45IDE2LjcgMTYuOSAxNi43IDI4LjZ2NTguMnoiLz48cGF0aCBmaWxsPSIjRkZDMTAyIiBkPSJNMjI0IDI1NmMwIDEyLjktNyAyNC40LTE3LjcgMjkuNkwxODcgMzA5LjljLTUuNCAzLTEyLjMgMy4xLTE3LjcuMS0xMC40LTUuOS0xNi43LTE2LjktMTYuNy0yOC42VjE5OGMwLTEyLjkgNy0yNC40IDE3LjctMjkuNkwxODcgMTQyLjFjNS40LTMgMTIuMy0zLjEgMTcuNy0uMSAxMC40IDUuOSAxNi43IDE2LjkgMTYuNyAyOC42djU4LjJ6Ii8+PC9zdmc+' height='20' width='20' style='vertical-align: middle;' /> <span style='color: #4285F4;'>Google Chrome</span></span></div>
<div style="border: 1px solid #ddd; padding: 8px; margin: 5px 0; border-radius: 4px; background-color: #f7f7f7; display: inline-block;"><strong>💻 #System Info</strong> :: <strong>PC Name</strong> ⇒ <span style="color: #001dff;">ANKUSH1111</span> &nbsp;&nbsp;|&nbsp;&nbsp; <strong>User</strong> ⇒ <span style="color: #006400;">HP</span></div>
<div style='border: 1px solid #ddd; padding: 8px; margin: 5px 0; border-radius: 4px; background-color: #f7f7f7; display: inline-block;'><strong>#TXTBX ▭</strong> :: <strong>Full Name</strong> Value entered ⇒ <span style='color: #009;'>Rohan Joshi</span></div>
<div style='border: 1px solid #ddd; padding: 8px; margin: 5px 0; border-radius: 4px; background-color: #f7f7f7; display: inline-block;'><strong>#TXTBX ▭</strong> :: <strong>Email</strong> Value entered ⇒ <span style='color: #009;'>rohan.joshi@test.com</span></div>
<div style='border: 1px solid #ddd; padding: 8px; margin: 5px 0; border-radius: 4px; background-color: #f7f7f7; display: inline-block;'><strong>#TXTBX ▭</strong> :: <strong>Current Address</strong> Value entered ⇒ <span style='color: #009;'>Nagpur, Maharashtra</span></div>
<div style='border: 1px solid #ddd; padding: 8px; margin: 5px 0; border-radius: 4px; background-color: #f7f7f7; display: inline-block;'><strong>#TXTBX ▭</strong> :: <strong>Permanent Address</strong> Value entered ⇒ <span style='color: #009;'>Akola, Maharashtra</span></div>
<div style='border: 1px solid #ddd; padding: 8px; margin: 5px 0; border-radius: 4px; background-color: #f7f7f7; display: inline-block;'><strong>#BTN 📤</strong> :: <strong>Clicked On</strong> ⇒ <span style='color: #001dff;'>Submit Button</span></div>
✅ Updated AutomationTestingStatus for FormId 101023 to '✅ [Automation Tester] TextBox Form Submitted Successfully at 01/06/2025 05:42:57 PM'
📋 Navigating to Home Page...
📋 Attempting to close modal popup (if present)...
⏳ Waiting for Home link to be clickable...
✅ Home link found: https://demoqa.com/
📋 Clicking on Home link...
⏳ Waiting for loader to disappear...
⏳ Verifying home page load...
❌ Navigation to Home Page failed: Expected condition failed: waiting for url to contain "home". Current url: "https://demoqa.com/" (tried for 10 second(s) with 500 milliseconds interval)
Build info: version: '4.12.1', revision: '8e34639b11'
System info: os.name: 'Windows 11', os.arch: 'amd64', os.version: '10.0', java.version: '18.0.1.1'
Driver info: org.openqa.selenium.chrome.ChromeDriver
Capabilities {acceptInsecureCerts: false, browserName: chrome, browserVersion: 136.0.7103.114, chrome: {chromedriverVersion: 136.0.7103.113 (76fa3c17824..., userDataDir: C:\Users\HP\AppData\Local\T...}, fedcm:accounts: true, goog:chromeOptions: {debuggerAddress: localhost:50211}, networkConnectionEnabled: false, pageLoadStrategy: normal, platformName: windows, proxy: Proxy(), se:cdp: ws://localhost:50211/devtoo..., se:cdpVersion: 136.0.7103.114, setWindowRect: true, strictFileInteractability: false, timeouts: {implicit: 0, pageLoad: 300000, script: 30000}, unhandledPromptBehavior: dismiss and notify, webauthn:extension:credBlob: true, webauthn:extension:largeBlob: true, webauthn:extension:minPinLength: true, webauthn:extension:prf: true, webauthn:virtualAuthenticators: true}
Session ID: e8754be54f8aaba068ee488e1e2786a9
<div style="background-color:#ffeeba; border:2px solid #856404; border-radius:10px; padding:10px 15px; text-align:left; margin:10px 0; display:inline-block; color:#856404; box-shadow: 0px 4px 6px rgba(0, 0, 0, 0.2);"><p style='font-size:18px; margin:0;'><b>Skipped: 🔐 Admin Connection URL: jdbc:sqlserver://localhost:1433;database=QADEMO;integratedSecurity=true;encrypt=false;trustServerCertificate=true;loginTimeout=30;</b></p></div>
<div style="background-color:#ffeeba; border:2px solid #856404; border-radius:10px; padding:10px 15px; text-align:left; margin:10px 0; display:inline-block; color:#856404; box-shadow: 0px 4px 6px rgba(0, 0, 0, 0.2);"><p style='font-size:18px; margin:0;'><b>Skipped: 🔐 Company Connection URL: jdbc:sqlserver://localhost:1433;database=QADEMO;integratedSecurity=true;encrypt=false;trustServerCertificate=true;loginTimeout=30;</b></p></div>
<div style='border: 1px solid #e0e0e0;padding: 8px 12px;margin: 8px 0;border-radius: 6px;background: linear-gradient(to right, #f8f9fa, #ffffff);box-shadow: 0 2px 4px rgba(0,0,0,0.05);display: inline-block;font-family: Arial, sans-serif;'><span style='font-weight: bold;color: #333;'>🌍 Browser Info:</span> <span style='color: #2c7be5;font-weight: 500;'><img src='data:image/svg+xml;base64,PHN2ZyB4bWxucz0iaHR0cDovL3d3dy53My5vcmcvMjAwMC9zdmciIHZpZXdCb3g9IjAgMCA0NDggNTEyIj48cGF0aCBmaWxsPSIjRkZDMTAyIiBkPSJNMjI0IDI1NmMwIDEyLjktNyAyNC40LTE3LjcgMjkuNkwxODcgMzA5LjljLTUuNCAzLTEyLjMgMy4xLTE3LjcuMS0xMC40LTUuOS0xNi43LTE2LjktMTYuNy0yOC42VjE5OGMwLTEyLjkgNy0yNC40IDE3LjctMjkuNkwxODcgMTQyLjFjNS40LTMgMTIuMy0zLjEgMTcuNy0uMSAxMC40IDUuOSAxNi43IDE2LjkgMTYuNyAyOC42djU4LjJ6Ii8+PHBhdGggZmlsbD0iIzRBNDlGNSIgZD0iTTIyNCAyNTZjMCAxMi45LTcgMjQuNC0xNy43IDI5LjZMMTg3IDMwOS45Yy01LjQgMy0xMi4zIDMuMS0xNy43LjEtMTAuNC01LjktMTYuNy0xNi45LTE2LjctMjguNlYxOThjMC0xMi45IDctMjQuNCAxNy43LTI5LjZMMTg3IDE0Mi4xYzUuNC0zIDEyLjMtMy4xIDE3LjctLjEgMTAuNCA1LjkgMTYuNyAxNi45IDE2LjcgMjguNnY1OC4yeiIvPjxwYXRoIGZpbGw9IiNGRkMxMDIiIGQ9Ik0yMjQgMjU2YzAgMTIuOS03IDI0LjQtMTcuNyAyOS42TDE4NyAzMDkuOWMtNS40IDMtMTIuMyAzLjEtMTcuNy4xLTEwLjQtNS45LTE2LjctMTYuOS0xNi43LTI4LjZWMTk4YzAtMTIuOSA3LTI0LjQgMTcuNy0yOS42TDE4NyAxNDIuMWM1LjQtMyAxMi4zLTMuMSAxNy43LS4xIDEwLjQgNS45IDE2LjcgMTYuOSAxNi43IDI4LjZ2NTguMnoiLz48cGF0aCBmaWxsPSIjRkZDMTAyIiBkPSJNMjI0IDI1NmMwIDEyLjktNyAyNC40LTE3LjcgMjkuNkwxODcgMzA5LjljLTUuNCAzLTEyLjMgMy4xLTE3LjcuMS0xMC40LTUuOS0xNi43LTE2LjktMTYuNy0yOC42VjE5OGMwLTEyLjkgNy0yNC40IDE3LjctMjkuNkwxODcgMTQyLjFjNS40LTMgMTIuMy0zLjEgMTcuNy0uMSAxMC40IDUuOSAxNi43IDE2LjkgMTYuNyAyOC42djU4LjJ6Ii8+PC9zdmc+' height='20' width='20' style='vertical-align: middle;' /> <span style='color: #4285F4;'>Google Chrome</span></span></div>
<div style="border: 1px solid #ddd; padding: 8px; margin: 5px 0; border-radius: 4px; background-color: #f7f7f7; display: inline-block;"><strong>💻 #System Info</strong> :: <strong>PC Name</strong> ⇒ <span style="color: #001dff;">ANKUSH1111</span> &nbsp;&nbsp;|&nbsp;&nbsp; <strong>User</strong> ⇒ <span style="color: #006400;">HP</span></div>
<div style='border: 1px solid #ddd; padding: 8px; margin: 5px 0; border-radius: 4px; background-color: #f7f7f7; display: inline-block;'><strong>#TXTBX ▭</strong> :: <strong>Full Name</strong> Value entered ⇒ <span style='color: #009;'>Meena Rathi</span></div>
<div style='border: 1px solid #ddd; padding: 8px; margin: 5px 0; border-radius: 4px; background-color: #f7f7f7; display: inline-block;'><strong>#TXTBX ▭</strong> :: <strong>Email</strong> Value entered ⇒ <span style='color: #009;'>meena.rathi@test.com</span></div>
<div style='border: 1px solid #ddd; padding: 8px; margin: 5px 0; border-radius: 4px; background-color: #f7f7f7; display: inline-block;'><strong>#TXTBX ▭</strong> :: <strong>Current Address</strong> Value entered ⇒ <span style='color: #009;'>Surat, Gujarat</span></div>
<div style='border: 1px solid #ddd; padding: 8px; margin: 5px 0; border-radius: 4px; background-color: #f7f7f7; display: inline-block;'><strong>#TXTBX ▭</strong> :: <strong>Permanent Address</strong> Value entered ⇒ <span style='color: #009;'>Rajkot, Gujarat</span></div>
<div style='border: 1px solid #ddd; padding: 8px; margin: 5px 0; border-radius: 4px; background-color: #f7f7f7; display: inline-block;'><strong>#BTN 📤</strong> :: <strong>Clicked On</strong> ⇒ <span style='color: #001dff;'>Submit Button</span></div>
✅ Updated AutomationTestingStatus for FormId 101024 to '✅ [Automation Tester] TextBox Form Submitted Successfully at 01/06/2025 05:43:12 PM'
📋 Navigating to Home Page...
📋 Attempting to close modal popup (if present)...
⏳ Waiting for Home link to be clickable...
✅ Home link found: https://demoqa.com/
📋 Clicking on Home link...
⏳ Waiting for loader to disappear...
⏳ Verifying home page load...
❌ Navigation to Home Page failed: Expected condition failed: waiting for url to contain "home". Current url: "https://demoqa.com/" (tried for 10 second(s) with 500 milliseconds interval)
Build info: version: '4.12.1', revision: '8e34639b11'
System info: os.name: 'Windows 11', os.arch: 'amd64', os.version: '10.0', java.version: '18.0.1.1'
Driver info: org.openqa.selenium.chrome.ChromeDriver
Capabilities {acceptInsecureCerts: false, browserName: chrome, browserVersion: 136.0.7103.114, chrome: {chromedriverVersion: 136.0.7103.113 (76fa3c17824..., userDataDir: C:\Users\HP\AppData\Local\T...}, fedcm:accounts: true, goog:chromeOptions: {debuggerAddress: localhost:50211}, networkConnectionEnabled: false, pageLoadStrategy: normal, platformName: windows, proxy: Proxy(), se:cdp: ws://localhost:50211/devtoo..., se:cdpVersion: 136.0.7103.114, setWindowRect: true, strictFileInteractability: false, timeouts: {implicit: 0, pageLoad: 300000, script: 30000}, unhandledPromptBehavior: dismiss and notify, webauthn:extension:credBlob: true, webauthn:extension:largeBlob: true, webauthn:extension:minPinLength: true, webauthn:extension:prf: true, webauthn:virtualAuthenticators: true}
Session ID: e8754be54f8aaba068ee488e1e2786a9
<div style="background-color:#ffeeba; border:2px solid #856404; border-radius:10px; padding:10px 15px; text-align:left; margin:10px 0; display:inline-block; color:#856404; box-shadow: 0px 4px 6px rgba(0, 0, 0, 0.2);"><p style='font-size:18px; margin:0;'><b>Skipped: 🔐 Admin Connection URL: jdbc:sqlserver://localhost:1433;database=QADEMO;integratedSecurity=true;encrypt=false;trustServerCertificate=true;loginTimeout=30;</b></p></div>
<div style="background-color:#ffeeba; border:2px solid #856404; border-radius:10px; padding:10px 15px; text-align:left; margin:10px 0; display:inline-block; color:#856404; box-shadow: 0px 4px 6px rgba(0, 0, 0, 0.2);"><p style='font-size:18px; margin:0;'><b>Skipped: 🔐 Company Connection URL: jdbc:sqlserver://localhost:1433;database=QADEMO;integratedSecurity=true;encrypt=false;trustServerCertificate=true;loginTimeout=30;</b></p></div>
<div style='border: 1px solid #e0e0e0;padding: 8px 12px;margin: 8px 0;border-radius: 6px;background: linear-gradient(to right, #f8f9fa, #ffffff);box-shadow: 0 2px 4px rgba(0,0,0,0.05);display: inline-block;font-family: Arial, sans-serif;'><span style='font-weight: bold;color: #333;'>🌍 Browser Info:</span> <span style='color: #2c7be5;font-weight: 500;'><img src='data:image/svg+xml;base64,PHN2ZyB4bWxucz0iaHR0cDovL3d3dy53My5vcmcvMjAwMC9zdmciIHZpZXdCb3g9IjAgMCA0NDggNTEyIj48cGF0aCBmaWxsPSIjRkZDMTAyIiBkPSJNMjI0IDI1NmMwIDEyLjktNyAyNC40LTE3LjcgMjkuNkwxODcgMzA5LjljLTUuNCAzLTEyLjMgMy4xLTE3LjcuMS0xMC40LTUuOS0xNi43LTE2LjktMTYuNy0yOC42VjE5OGMwLTEyLjkgNy0yNC40IDE3LjctMjkuNkwxODcgMTQyLjFjNS40LTMgMTIuMy0zLjEgMTcuNy0uMSAxMC40IDUuOSAxNi43IDE2LjkgMTYuNyAyOC42djU4LjJ6Ii8+PHBhdGggZmlsbD0iIzRBNDlGNSIgZD0iTTIyNCAyNTZjMCAxMi45LTcgMjQuNC0xNy43IDI5LjZMMTg3IDMwOS45Yy01LjQgMy0xMi4zIDMuMS0xNy43LjEtMTAuNC01LjktMTYuNy0xNi45LTE2LjctMjguNlYxOThjMC0xMi45IDctMjQuNCAxNy43LTI5LjZMMTg3IDE0Mi4xYzUuNC0zIDEyLjMtMy4xIDE3LjctLjEgMTAuNCA1LjkgMTYuNyAxNi45IDE2LjcgMjguNnY1OC4yeiIvPjxwYXRoIGZpbGw9IiNGRkMxMDIiIGQ9Ik0yMjQgMjU2YzAgMTIuOS03IDI0LjQtMTcuNyAyOS42TDE4NyAzMDkuOWMtNS40IDMtMTIuMyAzLjEtMTcuNy4xLTEwLjQtNS45LTE2LjctMTYuOS0xNi43LTI4LjZWMTk4YzAtMTIuOSA3LTI0LjQgMTcuNy0yOS42TDE4NyAxNDIuMWM1LjQtMyAxMi4zLTMuMSAxNy43LS4xIDEwLjQgNS45IDE2LjcgMTYuOSAxNi43IDI4LjZ2NTguMnoiLz48cGF0aCBmaWxsPSIjRkZDMTAyIiBkPSJNMjI0IDI1NmMwIDEyLjktNyAyNC40LTE3LjcgMjkuNkwxODcgMzA5LjljLTUuNCAzLTEyLjMgMy4xLTE3LjcuMS0xMC40LTUuOS0xNi43LTE2LjktMTYuNy0yOC42VjE5OGMwLTEyLjkgNy0yNC40IDE3LjctMjkuNkwxODcgMTQyLjFjNS40LTMgMTIuMy0zLjEgMTcuNy0uMSAxMC40IDUuOSAxNi43IDE2LjkgMTYuNyAyOC42djU4LjJ6Ii8+PC9zdmc+' height='20' width='20' style='vertical-align: middle;' /> <span style='color: #4285F4;'>Google Chrome</span></span></div>
<div style="border: 1px solid #ddd; padding: 8px; margin: 5px 0; border-radius: 4px; background-color: #f7f7f7; display: inline-block;"><strong>💻 #System Info</strong> :: <strong>PC Name</strong> ⇒ <span style="color: #001dff;">ANKUSH1111</span> &nbsp;&nbsp;|&nbsp;&nbsp; <strong>User</strong> ⇒ <span style="color: #006400;">HP</span></div>
<div style='border: 1px solid #ddd; padding: 8px; margin: 5px 0; border-radius: 4px; background-color: #f7f7f7; display: inline-block;'><strong>#TXTBX ▭</strong> :: <strong>Full Name</strong> Value entered ⇒ <span style='color: #009;'>Deepak Singh</span></div>
<div style='border: 1px solid #ddd; padding: 8px; margin: 5px 0; border-radius: 4px; background-color: #f7f7f7; display: inline-block;'><strong>#TXTBX ▭</strong> :: <strong>Email</strong> Value entered ⇒ <span style='color: #009;'>deepak.singh@test.com</span></div>
<div style='border: 1px solid #ddd; padding: 8px; margin: 5px 0; border-radius: 4px; background-color: #f7f7f7; display: inline-block;'><strong>#TXTBX ▭</strong> :: <strong>Current Address</strong> Value entered ⇒ <span style='color: #009;'>Patna, Bihar</span></div>
<div style='border: 1px solid #ddd; padding: 8px; margin: 5px 0; border-radius: 4px; background-color: #f7f7f7; display: inline-block;'><strong>#TXTBX ▭</strong> :: <strong>Permanent Address</strong> Value entered ⇒ <span style='color: #009;'>Gaya, Bihar</span></div>
<div style='border: 1px solid #ddd; padding: 8px; margin: 5px 0; border-radius: 4px; background-color: #f7f7f7; display: inline-block;'><strong>#BTN 📤</strong> :: <strong>Clicked On</strong> ⇒ <span style='color: #001dff;'>Submit Button</span></div>
✅ Updated AutomationTestingStatus for FormId 101025 to '✅ [Automation Tester] TextBox Form Submitted Successfully at 01/06/2025 05:43:26 PM'
📋 Navigating to Home Page...
📋 Attempting to close modal popup (if present)...
⏳ Waiting for Home link to be clickable...
✅ Home link found: https://demoqa.com/
📋 Clicking on Home link...
⏳ Waiting for loader to disappear...
⏳ Verifying home page load...
❌ Navigation to Home Page failed: Expected condition failed: waiting for url to contain "home". Current url: "https://demoqa.com/" (tried for 10 second(s) with 500 milliseconds interval)
Build info: version: '4.12.1', revision: '8e34639b11'
System info: os.name: 'Windows 11', os.arch: 'amd64', os.version: '10.0', java.version: '18.0.1.1'
Driver info: org.openqa.selenium.chrome.ChromeDriver
Capabilities {acceptInsecureCerts: false, browserName: chrome, browserVersion: 136.0.7103.114, chrome: {chromedriverVersion: 136.0.7103.113 (76fa3c17824..., userDataDir: C:\Users\HP\AppData\Local\T...}, fedcm:accounts: true, goog:chromeOptions: {debuggerAddress: localhost:50211}, networkConnectionEnabled: false, pageLoadStrategy: normal, platformName: windows, proxy: Proxy(), se:cdp: ws://localhost:50211/devtoo..., se:cdpVersion: 136.0.7103.114, setWindowRect: true, strictFileInteractability: false, timeouts: {implicit: 0, pageLoad: 300000, script: 30000}, unhandledPromptBehavior: dismiss and notify, webauthn:extension:credBlob: true, webauthn:extension:largeBlob: true, webauthn:extension:minPinLength: true, webauthn:extension:prf: true, webauthn:virtualAuthenticators: true}
Session ID: e8754be54f8aaba068ee488e1e2786a9
<div style="background-color:#ffeeba; border:2px solid #856404; border-radius:10px; padding:10px 15px; text-align:left; margin:10px 0; display:inline-block; color:#856404; box-shadow: 0px 4px 6px rgba(0, 0, 0, 0.2);"><p style='font-size:18px; margin:0;'><b>Skipped: 🔐 Admin Connection URL: jdbc:sqlserver://localhost:1433;database=QADEMO;integratedSecurity=true;encrypt=false;trustServerCertificate=true;loginTimeout=30;</b></p></div>
<div style="background-color:#ffeeba; border:2px solid #856404; border-radius:10px; padding:10px 15px; text-align:left; margin:10px 0; display:inline-block; color:#856404; box-shadow: 0px 4px 6px rgba(0, 0, 0, 0.2);"><p style='font-size:18px; margin:0;'><b>Skipped: 🔐 Company Connection URL: jdbc:sqlserver://localhost:1433;database=QADEMO;integratedSecurity=true;encrypt=false;trustServerCertificate=true;loginTimeout=30;</b></p></div>
<div style='border: 1px solid #e0e0e0;padding: 8px 12px;margin: 8px 0;border-radius: 6px;background: linear-gradient(to right, #f8f9fa, #ffffff);box-shadow: 0 2px 4px rgba(0,0,0,0.05);display: inline-block;font-family: Arial, sans-serif;'><span style='font-weight: bold;color: #333;'>🌍 Browser Info:</span> <span style='color: #2c7be5;font-weight: 500;'><img src='data:image/svg+xml;base64,PHN2ZyB4bWxucz0iaHR0cDovL3d3dy53My5vcmcvMjAwMC9zdmciIHZpZXdCb3g9IjAgMCA0NDggNTEyIj48cGF0aCBmaWxsPSIjRkZDMTAyIiBkPSJNMjI0IDI1NmMwIDEyLjktNyAyNC40LTE3LjcgMjkuNkwxODcgMzA5LjljLTUuNCAzLTEyLjMgMy4xLTE3LjcuMS0xMC40LTUuOS0xNi43LTE2LjktMTYuNy0yOC42VjE5OGMwLTEyLjkgNy0yNC40IDE3LjctMjkuNkwxODcgMTQyLjFjNS40LTMgMTIuMy0zLjEgMTcuNy0uMSAxMC40IDUuOSAxNi43IDE2LjkgMTYuNyAyOC42djU4LjJ6Ii8+PHBhdGggZmlsbD0iIzRBNDlGNSIgZD0iTTIyNCAyNTZjMCAxMi45LTcgMjQuNC0xNy43IDI5LjZMMTg3IDMwOS45Yy01LjQgMy0xMi4zIDMuMS0xNy43LjEtMTAuNC01LjktMTYuNy0xNi45LTE2LjctMjguNlYxOThjMC0xMi45IDctMjQuNCAxNy43LTI5LjZMMTg3IDE0Mi4xYzUuNC0zIDEyLjMtMy4xIDE3LjctLjEgMTAuNCA1LjkgMTYuNyAxNi45IDE2LjcgMjguNnY1OC4yeiIvPjxwYXRoIGZpbGw9IiNGRkMxMDIiIGQ9Ik0yMjQgMjU2YzAgMTIuOS03IDI0LjQtMTcuNyAyOS42TDE4NyAzMDkuOWMtNS40IDMtMTIuMyAzLjEtMTcuNy4xLTEwLjQtNS45LTE2LjctMTYuOS0xNi43LTI4LjZWMTk4YzAtMTIuOSA3LTI0LjQgMTcuNy0yOS42TDE4NyAxNDIuMWM1LjQtMyAxMi4zLTMuMSAxNy43LS4xIDEwLjQgNS45IDE2LjcgMTYuOSAxNi43IDI4LjZ2NTguMnoiLz48cGF0aCBmaWxsPSIjRkZDMTAyIiBkPSJNMjI0IDI1NmMwIDEyLjktNyAyNC40LTE3LjcgMjkuNkwxODcgMzA5LjljLTUuNCAzLTEyLjMgMy4xLTE3LjcuMS0xMC40LTUuOS0xNi43LTE2LjktMTYuNy0yOC42VjE5OGMwLTEyLjkgNy0yNC40IDE3LjctMjkuNkwxODcgMTQyLjFjNS40LTMgMTIuMy0zLjEgMTcuNy0uMSAxMC40IDUuOSAxNi43IDE2LjkgMTYuNyAyOC42djU4LjJ6Ii8+PC9zdmc+' height='20' width='20' style='vertical-align: middle;' /> <span style='color: #4285F4;'>Google Chrome</span></span></div>
<div style="border: 1px solid #ddd; padding: 8px; margin: 5px 0; border-radius: 4px; background-color: #f7f7f7; display: inline-block;"><strong>💻 #System Info</strong> :: <strong>PC Name</strong> ⇒ <span style="color: #001dff;">ANKUSH1111</span> &nbsp;&nbsp;|&nbsp;&nbsp; <strong>User</strong> ⇒ <span style="color: #006400;">HP</span></div>
<div style='border: 1px solid #ddd; padding: 8px; margin: 5px 0; border-radius: 4px; background-color: #f7f7f7; display: inline-block;'><strong>#TXTBX ▭</strong> :: <strong>Full Name</strong> Value entered ⇒ <span style='color: #009;'>Kavita Bansal</span></div>
<div style='border: 1px solid #ddd; padding: 8px; margin: 5px 0; border-radius: 4px; background-color: #f7f7f7; display: inline-block;'><strong>#TXTBX ▭</strong> :: <strong>Email</strong> Value entered ⇒ <span style='color: #009;'>kavita.bansal@test.com</span></div>
<div style='border: 1px solid #ddd; padding: 8px; margin: 5px 0; border-radius: 4px; background-color: #f7f7f7; display: inline-block;'><strong>#TXTBX ▭</strong> :: <strong>Current Address</strong> Value entered ⇒ <span style='color: #009;'>Chandigarh</span></div>
<div style='border: 1px solid #ddd; padding: 8px; margin: 5px 0; border-radius: 4px; background-color: #f7f7f7; display: inline-block;'><strong>#TXTBX ▭</strong> :: <strong>Permanent Address</strong> Value entered ⇒ <span style='color: #009;'>Panchkula, Haryana</span></div>
<div style='border: 1px solid #ddd; padding: 8px; margin: 5px 0; border-radius: 4px; background-color: #f7f7f7; display: inline-block;'><strong>#BTN 📤</strong> :: <strong>Clicked On</strong> ⇒ <span style='color: #001dff;'>Submit Button</span></div>
✅ Updated AutomationTestingStatus for FormId 101026 to '✅ [Automation Tester] TextBox Form Submitted Successfully at 01/06/2025 05:43:40 PM'
📋 Navigating to Home Page...
📋 Attempting to close modal popup (if present)...
⏳ Waiting for Home link to be clickable...
✅ Home link found: https://demoqa.com/
📋 Clicking on Home link...
⏳ Waiting for loader to disappear...
⏳ Verifying home page load...
❌ Navigation to Home Page failed: Expected condition failed: waiting for url to contain "home". Current url: "https://demoqa.com/" (tried for 10 second(s) with 500 milliseconds interval)
Build info: version: '4.12.1', revision: '8e34639b11'
System info: os.name: 'Windows 11', os.arch: 'amd64', os.version: '10.0', java.version: '18.0.1.1'
Driver info: org.openqa.selenium.chrome.ChromeDriver
Capabilities {acceptInsecureCerts: false, browserName: chrome, browserVersion: 136.0.7103.114, chrome: {chromedriverVersion: 136.0.7103.113 (76fa3c17824..., userDataDir: C:\Users\HP\AppData\Local\T...}, fedcm:accounts: true, goog:chromeOptions: {debuggerAddress: localhost:50211}, networkConnectionEnabled: false, pageLoadStrategy: normal, platformName: windows, proxy: Proxy(), se:cdp: ws://localhost:50211/devtoo..., se:cdpVersion: 136.0.7103.114, setWindowRect: true, strictFileInteractability: false, timeouts: {implicit: 0, pageLoad: 300000, script: 30000}, unhandledPromptBehavior: dismiss and notify, webauthn:extension:credBlob: true, webauthn:extension:largeBlob: true, webauthn:extension:minPinLength: true, webauthn:extension:prf: true, webauthn:virtualAuthenticators: true}
Session ID: e8754be54f8aaba068ee488e1e2786a9
<div style="background-color:#ffeeba; border:2px solid #856404; border-radius:10px; padding:10px 15px; text-align:left; margin:10px 0; display:inline-block; color:#856404; box-shadow: 0px 4px 6px rgba(0, 0, 0, 0.2);"><p style='font-size:18px; margin:0;'><b>Skipped: 🔐 Admin Connection URL: jdbc:sqlserver://localhost:1433;database=QADEMO;integratedSecurity=true;encrypt=false;trustServerCertificate=true;loginTimeout=30;</b></p></div>
<div style="background-color:#ffeeba; border:2px solid #856404; border-radius:10px; padding:10px 15px; text-align:left; margin:10px 0; display:inline-block; color:#856404; box-shadow: 0px 4px 6px rgba(0, 0, 0, 0.2);"><p style='font-size:18px; margin:0;'><b>Skipped: 🔐 Company Connection URL: jdbc:sqlserver://localhost:1433;database=QADEMO;integratedSecurity=true;encrypt=false;trustServerCertificate=true;loginTimeout=30;</b></p></div>
<div style='border: 1px solid #e0e0e0;padding: 8px 12px;margin: 8px 0;border-radius: 6px;background: linear-gradient(to right, #f8f9fa, #ffffff);box-shadow: 0 2px 4px rgba(0,0,0,0.05);display: inline-block;font-family: Arial, sans-serif;'><span style='font-weight: bold;color: #333;'>🌍 Browser Info:</span> <span style='color: #2c7be5;font-weight: 500;'><img src='data:image/svg+xml;base64,PHN2ZyB4bWxucz0iaHR0cDovL3d3dy53My5vcmcvMjAwMC9zdmciIHZpZXdCb3g9IjAgMCA0NDggNTEyIj48cGF0aCBmaWxsPSIjRkZDMTAyIiBkPSJNMjI0IDI1NmMwIDEyLjktNyAyNC40LTE3LjcgMjkuNkwxODcgMzA5LjljLTUuNCAzLTEyLjMgMy4xLTE3LjcuMS0xMC40LTUuOS0xNi43LTE2LjktMTYuNy0yOC42VjE5OGMwLTEyLjkgNy0yNC40IDE3LjctMjkuNkwxODcgMTQyLjFjNS40LTMgMTIuMy0zLjEgMTcuNy0uMSAxMC40IDUuOSAxNi43IDE2LjkgMTYuNyAyOC42djU4LjJ6Ii8+PHBhdGggZmlsbD0iIzRBNDlGNSIgZD0iTTIyNCAyNTZjMCAxMi45LTcgMjQuNC0xNy43IDI5LjZMMTg3IDMwOS45Yy01LjQgMy0xMi4zIDMuMS0xNy43LjEtMTAuNC01LjktMTYuNy0xNi45LTE2LjctMjguNlYxOThjMC0xMi45IDctMjQuNCAxNy43LTI5LjZMMTg3IDE0Mi4xYzUuNC0zIDEyLjMtMy4xIDE3LjctLjEgMTAuNCA1LjkgMTYuNyAxNi45IDE2LjcgMjguNnY1OC4yeiIvPjxwYXRoIGZpbGw9IiNGRkMxMDIiIGQ9Ik0yMjQgMjU2YzAgMTIuOS03IDI0LjQtMTcuNyAyOS42TDE4NyAzMDkuOWMtNS40IDMtMTIuMyAzLjEtMTcuNy4xLTEwLjQtNS45LTE2LjctMTYuOS0xNi43LTI4LjZWMTk4YzAtMTIuOSA3LTI0LjQgMTcuNy0yOS42TDE4NyAxNDIuMWM1LjQtMyAxMi4zLTMuMSAxNy43LS4xIDEwLjQgNS45IDE2LjcgMTYuOSAxNi43IDI4LjZ2NTguMnoiLz48cGF0aCBmaWxsPSIjRkZDMTAyIiBkPSJNMjI0IDI1NmMwIDEyLjktNyAyNC40LTE3LjcgMjkuNkwxODcgMzA5LjljLTUuNCAzLTEyLjMgMy4xLTE3LjcuMS0xMC40LTUuOS0xNi43LTE2LjktMTYuNy0yOC42VjE5OGMwLTEyLjkgNy0yNC40IDE3LjctMjkuNkwxODcgMTQyLjFjNS40LTMgMTIuMy0zLjEgMTcuNy0uMSAxMC40IDUuOSAxNi43IDE2LjkgMTYuNyAyOC42djU4LjJ6Ii8+PC9zdmc+' height='20' width='20' style='vertical-align: middle;' /> <span style='color: #4285F4;'>Google Chrome</span></span></div>
<div style="border: 1px solid #ddd; padding: 8px; margin: 5px 0; border-radius: 4px; background-color: #f7f7f7; display: inline-block;"><strong>💻 #System Info</strong> :: <strong>PC Name</strong> ⇒ <span style="color: #001dff;">ANKUSH1111</span> &nbsp;&nbsp;|&nbsp;&nbsp; <strong>User</strong> ⇒ <span style="color: #006400;">HP</span></div>
<div style='border: 1px solid #ddd; padding: 8px; margin: 5px 0; border-radius: 4px; background-color: #f7f7f7; display: inline-block;'><strong>#TXTBX ▭</strong> :: <strong>Full Name</strong> Value entered ⇒ <span style='color: #009;'>Rajesh Kumar</span></div>
<div style='border: 1px solid #ddd; padding: 8px; margin: 5px 0; border-radius: 4px; background-color: #f7f7f7; display: inline-block;'><strong>#TXTBX ▭</strong> :: <strong>Email</strong> Value entered ⇒ <span style='color: #009;'>rajesh.kumar@test.com</span></div>
<div style='border: 1px solid #ddd; padding: 8px; margin: 5px 0; border-radius: 4px; background-color: #f7f7f7; display: inline-block;'><strong>#TXTBX ▭</strong> :: <strong>Current Address</strong> Value entered ⇒ <span style='color: #009;'>Ranchi, Jharkhand</span></div>
<div style='border: 1px solid #ddd; padding: 8px; margin: 5px 0; border-radius: 4px; background-color: #f7f7f7; display: inline-block;'><strong>#TXTBX ▭</strong> :: <strong>Permanent Address</strong> Value entered ⇒ <span style='color: #009;'>Jamshedpur, Jharkhand</span></div>
<div style='border: 1px solid #ddd; padding: 8px; margin: 5px 0; border-radius: 4px; background-color: #f7f7f7; display: inline-block;'><strong>#BTN 📤</strong> :: <strong>Clicked On</strong> ⇒ <span style='color: #001dff;'>Submit Button</span></div>
✅ Updated AutomationTestingStatus for FormId 101027 to '✅ [Automation Tester] TextBox Form Submitted Successfully at 01/06/2025 05:43:54 PM'
📋 Navigating to Home Page...
📋 Attempting to close modal popup (if present)...
⏳ Waiting for Home link to be clickable...
✅ Home link found: https://demoqa.com/
📋 Clicking on Home link...
⏳ Waiting for loader to disappear...
⏳ Verifying home page load...
❌ Navigation to Home Page failed: Expected condition failed: waiting for url to contain "home". Current url: "https://demoqa.com/" (tried for 10 second(s) with 500 milliseconds interval)
Build info: version: '4.12.1', revision: '8e34639b11'
System info: os.name: 'Windows 11', os.arch: 'amd64', os.version: '10.0', java.version: '18.0.1.1'
Driver info: org.openqa.selenium.chrome.ChromeDriver
Capabilities {acceptInsecureCerts: false, browserName: chrome, browserVersion: 136.0.7103.114, chrome: {chromedriverVersion: 136.0.7103.113 (76fa3c17824..., userDataDir: C:\Users\HP\AppData\Local\T...}, fedcm:accounts: true, goog:chromeOptions: {debuggerAddress: localhost:50211}, networkConnectionEnabled: false, pageLoadStrategy: normal, platformName: windows, proxy: Proxy(), se:cdp: ws://localhost:50211/devtoo..., se:cdpVersion: 136.0.7103.114, setWindowRect: true, strictFileInteractability: false, timeouts: {implicit: 0, pageLoad: 300000, script: 30000}, unhandledPromptBehavior: dismiss and notify, webauthn:extension:credBlob: true, webauthn:extension:largeBlob: true, webauthn:extension:minPinLength: true, webauthn:extension:prf: true, webauthn:virtualAuthenticators: true}
Session ID: e8754be54f8aaba068ee488e1e2786a9
<div style="background-color:#ffeeba; border:2px solid #856404; border-radius:10px; padding:10px 15px; text-align:left; margin:10px 0; display:inline-block; color:#856404; box-shadow: 0px 4px 6px rgba(0, 0, 0, 0.2);"><p style='font-size:18px; margin:0;'><b>Skipped: 🔐 Admin Connection URL: jdbc:sqlserver://localhost:1433;database=QADEMO;integratedSecurity=true;encrypt=false;trustServerCertificate=true;loginTimeout=30;</b></p></div>
<div style="background-color:#ffeeba; border:2px solid #856404; border-radius:10px; padding:10px 15px; text-align:left; margin:10px 0; display:inline-block; color:#856404; box-shadow: 0px 4px 6px rgba(0, 0, 0, 0.2);"><p style='font-size:18px; margin:0;'><b>Skipped: 🔐 Company Connection URL: jdbc:sqlserver://localhost:1433;database=QADEMO;integratedSecurity=true;encrypt=false;trustServerCertificate=true;loginTimeout=30;</b></p></div>
<div style='border: 1px solid #e0e0e0;padding: 8px 12px;margin: 8px 0;border-radius: 6px;background: linear-gradient(to right, #f8f9fa, #ffffff);box-shadow: 0 2px 4px rgba(0,0,0,0.05);display: inline-block;font-family: Arial, sans-serif;'><span style='font-weight: bold;color: #333;'>🌍 Browser Info:</span> <span style='color: #2c7be5;font-weight: 500;'><img src='data:image/svg+xml;base64,PHN2ZyB4bWxucz0iaHR0cDovL3d3dy53My5vcmcvMjAwMC9zdmciIHZpZXdCb3g9IjAgMCA0NDggNTEyIj48cGF0aCBmaWxsPSIjRkZDMTAyIiBkPSJNMjI0IDI1NmMwIDEyLjktNyAyNC40LTE3LjcgMjkuNkwxODcgMzA5LjljLTUuNCAzLTEyLjMgMy4xLTE3LjcuMS0xMC40LTUuOS0xNi43LTE2LjktMTYuNy0yOC42VjE5OGMwLTEyLjkgNy0yNC40IDE3LjctMjkuNkwxODcgMTQyLjFjNS40LTMgMTIuMy0zLjEgMTcuNy0uMSAxMC40IDUuOSAxNi43IDE2LjkgMTYuNyAyOC42djU4LjJ6Ii8+PHBhdGggZmlsbD0iIzRBNDlGNSIgZD0iTTIyNCAyNTZjMCAxMi45LTcgMjQuNC0xNy43IDI5LjZMMTg3IDMwOS45Yy01LjQgMy0xMi4zIDMuMS0xNy43LjEtMTAuNC01LjktMTYuNy0xNi45LTE2LjctMjguNlYxOThjMC0xMi45IDctMjQuNCAxNy43LTI5LjZMMTg3IDE0Mi4xYzUuNC0zIDEyLjMtMy4xIDE3LjctLjEgMTAuNCA1LjkgMTYuNyAxNi45IDE2LjcgMjguNnY1OC4yeiIvPjxwYXRoIGZpbGw9IiNGRkMxMDIiIGQ9Ik0yMjQgMjU2YzAgMTIuOS03IDI0LjQtMTcuNyAyOS42TDE4NyAzMDkuOWMtNS40IDMtMTIuMyAzLjEtMTcuNy4xLTEwLjQtNS45LTE2LjctMTYuOS0xNi43LTI4LjZWMTk4YzAtMTIuOSA3LTI0LjQgMTcuNy0yOS42TDE4NyAxNDIuMWM1LjQtMyAxMi4zLTMuMSAxNy43LS4xIDEwLjQgNS45IDE2LjcgMTYuOSAxNi43IDI4LjZ2NTguMnoiLz48cGF0aCBmaWxsPSIjRkZDMTAyIiBkPSJNMjI0IDI1NmMwIDEyLjktNyAyNC40LTE3LjcgMjkuNkwxODcgMzA5LjljLTUuNCAzLTEyLjMgMy4xLTE3LjcuMS0xMC40LTUuOS0xNi43LTE2LjktMTYuNy0yOC42VjE5OGMwLTEyLjkgNy0yNC40IDE3LjctMjkuNkwxODcgMTQyLjFjNS40LTMgMTIuMy0zLjEgMTcuNy0uMSAxMC40IDUuOSAxNi43IDE2LjkgMTYuNyAyOC42djU4LjJ6Ii8+PC9zdmc+' height='20' width='20' style='vertical-align: middle;' /> <span style='color: #4285F4;'>Google Chrome</span></span></div>
<div style="border: 1px solid #ddd; padding: 8px; margin: 5px 0; border-radius: 4px; background-color: #f7f7f7; display: inline-block;"><strong>💻 #System Info</strong> :: <strong>PC Name</strong> ⇒ <span style="color: #001dff;">ANKUSH1111</span> &nbsp;&nbsp;|&nbsp;&nbsp; <strong>User</strong> ⇒ <span style="color: #006400;">HP</span></div>
<div style='border: 1px solid #ddd; padding: 8px; margin: 5px 0; border-radius: 4px; background-color: #f7f7f7; display: inline-block;'><strong>#TXTBX ▭</strong> :: <strong>Full Name</strong> Value entered ⇒ <span style='color: #009;'>Swati Mishra</span></div>
<div style='border: 1px solid #ddd; padding: 8px; margin: 5px 0; border-radius: 4px; background-color: #f7f7f7; display: inline-block;'><strong>#TXTBX ▭</strong> :: <strong>Email</strong> Value entered ⇒ <span style='color: #009;'>swati.mishra@test.com</span></div>
<div style='border: 1px solid #ddd; padding: 8px; margin: 5px 0; border-radius: 4px; background-color: #f7f7f7; display: inline-block;'><strong>#TXTBX ▭</strong> :: <strong>Current Address</strong> Value entered ⇒ <span style='color: #009;'>Varanasi, Uttar Pradesh</span></div>
<div style='border: 1px solid #ddd; padding: 8px; margin: 5px 0; border-radius: 4px; background-color: #f7f7f7; display: inline-block;'><strong>#TXTBX ▭</strong> :: <strong>Permanent Address</strong> Value entered ⇒ <span style='color: #009;'>Allahabad, Uttar Pradesh</span></div>
<div style='border: 1px solid #ddd; padding: 8px; margin: 5px 0; border-radius: 4px; background-color: #f7f7f7; display: inline-block;'><strong>#BTN 📤</strong> :: <strong>Clicked On</strong> ⇒ <span style='color: #001dff;'>Submit Button</span></div>
✅ Updated AutomationTestingStatus for FormId 101028 to '✅ [Automation Tester] TextBox Form Submitted Successfully at 01/06/2025 05:44:07 PM'
📋 Navigating to Home Page...
📋 Attempting to close modal popup (if present)...
⏳ Waiting for Home link to be clickable...
✅ Home link found: https://demoqa.com/
📋 Clicking on Home link...
⏳ Waiting for loader to disappear...
⏳ Verifying home page load...
❌ Navigation to Home Page failed: Expected condition failed: waiting for url to contain "home". Current url: "https://demoqa.com/" (tried for 10 second(s) with 500 milliseconds interval)
Build info: version: '4.12.1', revision: '8e34639b11'
System info: os.name: 'Windows 11', os.arch: 'amd64', os.version: '10.0', java.version: '18.0.1.1'
Driver info: org.openqa.selenium.chrome.ChromeDriver
Capabilities {acceptInsecureCerts: false, browserName: chrome, browserVersion: 136.0.7103.114, chrome: {chromedriverVersion: 136.0.7103.113 (76fa3c17824..., userDataDir: C:\Users\HP\AppData\Local\T...}, fedcm:accounts: true, goog:chromeOptions: {debuggerAddress: localhost:50211}, networkConnectionEnabled: false, pageLoadStrategy: normal, platformName: windows, proxy: Proxy(), se:cdp: ws://localhost:50211/devtoo..., se:cdpVersion: 136.0.7103.114, setWindowRect: true, strictFileInteractability: false, timeouts: {implicit: 0, pageLoad: 300000, script: 30000}, unhandledPromptBehavior: dismiss and notify, webauthn:extension:credBlob: true, webauthn:extension:largeBlob: true, webauthn:extension:minPinLength: true, webauthn:extension:prf: true, webauthn:virtualAuthenticators: true}
Session ID: e8754be54f8aaba068ee488e1e2786a9
<div style="background-color:#ffeeba; border:2px solid #856404; border-radius:10px; padding:10px 15px; text-align:left; margin:10px 0; display:inline-block; color:#856404; box-shadow: 0px 4px 6px rgba(0, 0, 0, 0.2);"><p style='font-size:18px; margin:0;'><b>Skipped: 🔐 Admin Connection URL: jdbc:sqlserver://localhost:1433;database=QADEMO;integratedSecurity=true;encrypt=false;trustServerCertificate=true;loginTimeout=30;</b></p></div>
<div style="background-color:#ffeeba; border:2px solid #856404; border-radius:10px; padding:10px 15px; text-align:left; margin:10px 0; display:inline-block; color:#856404; box-shadow: 0px 4px 6px rgba(0, 0, 0, 0.2);"><p style='font-size:18px; margin:0;'><b>Skipped: 🔐 Company Connection URL: jdbc:sqlserver://localhost:1433;database=QADEMO;integratedSecurity=true;encrypt=false;trustServerCertificate=true;loginTimeout=30;</b></p></div>
<div style='border: 1px solid #e0e0e0;padding: 8px 12px;margin: 8px 0;border-radius: 6px;background: linear-gradient(to right, #f8f9fa, #ffffff);box-shadow: 0 2px 4px rgba(0,0,0,0.05);display: inline-block;font-family: Arial, sans-serif;'><span style='font-weight: bold;color: #333;'>🌍 Browser Info:</span> <span style='color: #2c7be5;font-weight: 500;'><img src='data:image/svg+xml;base64,PHN2ZyB4bWxucz0iaHR0cDovL3d3dy53My5vcmcvMjAwMC9zdmciIHZpZXdCb3g9IjAgMCA0NDggNTEyIj48cGF0aCBmaWxsPSIjRkZDMTAyIiBkPSJNMjI0IDI1NmMwIDEyLjktNyAyNC40LTE3LjcgMjkuNkwxODcgMzA5LjljLTUuNCAzLTEyLjMgMy4xLTE3LjcuMS0xMC40LTUuOS0xNi43LTE2LjktMTYuNy0yOC42VjE5OGMwLTEyLjkgNy0yNC40IDE3LjctMjkuNkwxODcgMTQyLjFjNS40LTMgMTIuMy0zLjEgMTcuNy0uMSAxMC40IDUuOSAxNi43IDE2LjkgMTYuNyAyOC42djU4LjJ6Ii8+PHBhdGggZmlsbD0iIzRBNDlGNSIgZD0iTTIyNCAyNTZjMCAxMi45LTcgMjQuNC0xNy43IDI5LjZMMTg3IDMwOS45Yy01LjQgMy0xMi4zIDMuMS0xNy43LjEtMTAuNC01LjktMTYuNy0xNi45LTE2LjctMjguNlYxOThjMC0xMi45IDctMjQuNCAxNy43LTI5LjZMMTg3IDE0Mi4xYzUuNC0zIDEyLjMtMy4xIDE3LjctLjEgMTAuNCA1LjkgMTYuNyAxNi45IDE2LjcgMjguNnY1OC4yeiIvPjxwYXRoIGZpbGw9IiNGRkMxMDIiIGQ9Ik0yMjQgMjU2YzAgMTIuOS03IDI0LjQtMTcuNyAyOS42TDE4NyAzMDkuOWMtNS40IDMtMTIuMyAzLjEtMTcuNy4xLTEwLjQtNS45LTE2LjctMTYuOS0xNi43LTI4LjZWMTk4YzAtMTIuOSA3LTI0LjQgMTcuNy0yOS42TDE4NyAxNDIuMWM1LjQtMyAxMi4zLTMuMSAxNy43LS4xIDEwLjQgNS45IDE2LjcgMTYuOSAxNi43IDI4LjZ2NTguMnoiLz48cGF0aCBmaWxsPSIjRkZDMTAyIiBkPSJNMjI0IDI1NmMwIDEyLjktNyAyNC40LTE3LjcgMjkuNkwxODcgMzA5LjljLTUuNCAzLTEyLjMgMy4xLTE3LjcuMS0xMC40LTUuOS0xNi43LTE2LjktMTYuNy0yOC42VjE5OGMwLTEyLjkgNy0yNC40IDE3LjctMjkuNkwxODcgMTQyLjFjNS40LTMgMTIuMy0zLjEgMTcuNy0uMSAxMC40IDUuOSAxNi43IDE2LjkgMTYuNyAyOC42djU4LjJ6Ii8+PC9zdmc+' height='20' width='20' style='vertical-align: middle;' /> <span style='color: #4285F4;'>Google Chrome</span></span></div>
<div style="border: 1px solid #ddd; padding: 8px; margin: 5px 0; border-radius: 4px; background-color: #f7f7f7; display: inline-block;"><strong>💻 #System Info</strong> :: <strong>PC Name</strong> ⇒ <span style="color: #001dff;">ANKUSH1111</span> &nbsp;&nbsp;|&nbsp;&nbsp; <strong>User</strong> ⇒ <span style="color: #006400;">HP</span></div>
<div style='border: 1px solid #ddd; padding: 8px; margin: 5px 0; border-radius: 4px; background-color: #f7f7f7; display: inline-block;'><strong>#TXTBX ▭</strong> :: <strong>Full Name</strong> Value entered ⇒ <span style='color: #009;'>Vikram Shetty</span></div>
<div style='border: 1px solid #ddd; padding: 8px; margin: 5px 0; border-radius: 4px; background-color: #f7f7f7; display: inline-block;'><strong>#TXTBX ▭</strong> :: <strong>Email</strong> Value entered ⇒ <span style='color: #009;'>vikram.shetty@test.com</span></div>
<div style='border: 1px solid #ddd; padding: 8px; margin: 5px 0; border-radius: 4px; background-color: #f7f7f7; display: inline-block;'><strong>#TXTBX ▭</strong> :: <strong>Current Address</strong> Value entered ⇒ <span style='color: #009;'>Mangalore, Karnataka</span></div>
<div style='border: 1px solid #ddd; padding: 8px; margin: 5px 0; border-radius: 4px; background-color: #f7f7f7; display: inline-block;'><strong>#TXTBX ▭</strong> :: <strong>Permanent Address</strong> Value entered ⇒ <span style='color: #009;'>Udupi, Karnataka</span></div>
<div style='border: 1px solid #ddd; padding: 8px; margin: 5px 0; border-radius: 4px; background-color: #f7f7f7; display: inline-block;'><strong>#BTN 📤</strong> :: <strong>Clicked On</strong> ⇒ <span style='color: #001dff;'>Submit Button</span></div>
✅ Updated AutomationTestingStatus for FormId 101029 to '✅ [Automation Tester] TextBox Form Submitted Successfully at 01/06/2025 05:44:21 PM'
📋 Navigating to Home Page...
📋 Attempting to close modal popup (if present)...
⏳ Waiting for Home link to be clickable...
✅ Home link found: https://demoqa.com/
📋 Clicking on Home link...
⏳ Waiting for loader to disappear...
⏳ Verifying home page load...
❌ Navigation to Home Page failed: Expected condition failed: waiting for url to contain "home". Current url: "https://demoqa.com/" (tried for 10 second(s) with 500 milliseconds interval)
Build info: version: '4.12.1', revision: '8e34639b11'
System info: os.name: 'Windows 11', os.arch: 'amd64', os.version: '10.0', java.version: '18.0.1.1'
Driver info: org.openqa.selenium.chrome.ChromeDriver
Capabilities {acceptInsecureCerts: false, browserName: chrome, browserVersion: 136.0.7103.114, chrome: {chromedriverVersion: 136.0.7103.113 (76fa3c17824..., userDataDir: C:\Users\HP\AppData\Local\T...}, fedcm:accounts: true, goog:chromeOptions: {debuggerAddress: localhost:50211}, networkConnectionEnabled: false, pageLoadStrategy: normal, platformName: windows, proxy: Proxy(), se:cdp: ws://localhost:50211/devtoo..., se:cdpVersion: 136.0.7103.114, setWindowRect: true, strictFileInteractability: false, timeouts: {implicit: 0, pageLoad: 300000, script: 30000}, unhandledPromptBehavior: dismiss and notify, webauthn:extension:credBlob: true, webauthn:extension:largeBlob: true, webauthn:extension:minPinLength: true, webauthn:extension:prf: true, webauthn:virtualAuthenticators: true}
Session ID: e8754be54f8aaba068ee488e1e2786a9
<div style="background-color:#ffeeba; border:2px solid #856404; border-radius:10px; padding:10px 15px; text-align:left; margin:10px 0; display:inline-block; color:#856404; box-shadow: 0px 4px 6px rgba(0, 0, 0, 0.2);"><p style='font-size:18px; margin:0;'><b>Skipped: 🔐 Admin Connection URL: jdbc:sqlserver://localhost:1433;database=QADEMO;integratedSecurity=true;encrypt=false;trustServerCertificate=true;loginTimeout=30;</b></p></div>
<div style="background-color:#ffeeba; border:2px solid #856404; border-radius:10px; padding:10px 15px; text-align:left; margin:10px 0; display:inline-block; color:#856404; box-shadow: 0px 4px 6px rgba(0, 0, 0, 0.2);"><p style='font-size:18px; margin:0;'><b>Skipped: 🔐 Company Connection URL: jdbc:sqlserver://localhost:1433;database=QADEMO;integratedSecurity=true;encrypt=false;trustServerCertificate=true;loginTimeout=30;</b></p></div>
<div style='border: 1px solid #e0e0e0;padding: 8px 12px;margin: 8px 0;border-radius: 6px;background: linear-gradient(to right, #f8f9fa, #ffffff);box-shadow: 0 2px 4px rgba(0,0,0,0.05);display: inline-block;font-family: Arial, sans-serif;'><span style='font-weight: bold;color: #333;'>🌍 Browser Info:</span> <span style='color: #2c7be5;font-weight: 500;'><img src='data:image/svg+xml;base64,PHN2ZyB4bWxucz0iaHR0cDovL3d3dy53My5vcmcvMjAwMC9zdmciIHZpZXdCb3g9IjAgMCA0NDggNTEyIj48cGF0aCBmaWxsPSIjRkZDMTAyIiBkPSJNMjI0IDI1NmMwIDEyLjktNyAyNC40LTE3LjcgMjkuNkwxODcgMzA5LjljLTUuNCAzLTEyLjMgMy4xLTE3LjcuMS0xMC40LTUuOS0xNi43LTE2LjktMTYuNy0yOC42VjE5OGMwLTEyLjkgNy0yNC40IDE3LjctMjkuNkwxODcgMTQyLjFjNS40LTMgMTIuMy0zLjEgMTcuNy0uMSAxMC40IDUuOSAxNi43IDE2LjkgMTYuNyAyOC42djU4LjJ6Ii8+PHBhdGggZmlsbD0iIzRBNDlGNSIgZD0iTTIyNCAyNTZjMCAxMi45LTcgMjQuNC0xNy43IDI5LjZMMTg3IDMwOS45Yy01LjQgMy0xMi4zIDMuMS0xNy43LjEtMTAuNC01LjktMTYuNy0xNi45LTE2LjctMjguNlYxOThjMC0xMi45IDctMjQuNCAxNy43LTI5LjZMMTg3IDE0Mi4xYzUuNC0zIDEyLjMtMy4xIDE3LjctLjEgMTAuNCA1LjkgMTYuNyAxNi45IDE2LjcgMjguNnY1OC4yeiIvPjxwYXRoIGZpbGw9IiNGRkMxMDIiIGQ9Ik0yMjQgMjU2YzAgMTIuOS03IDI0LjQtMTcuNyAyOS42TDE4NyAzMDkuOWMtNS40IDMtMTIuMyAzLjEtMTcuNy4xLTEwLjQtNS45LTE2LjctMTYuOS0xNi43LTI4LjZWMTk4YzAtMTIuOSA3LTI0LjQgMTcuNy0yOS42TDE4NyAxNDIuMWM1LjQtMyAxMi4zLTMuMSAxNy43LS4xIDEwLjQgNS45IDE2LjcgMTYuOSAxNi43IDI4LjZ2NTguMnoiLz48cGF0aCBmaWxsPSIjRkZDMTAyIiBkPSJNMjI0IDI1NmMwIDEyLjktNyAyNC40LTE3LjcgMjkuNkwxODcgMzA5LjljLTUuNCAzLTEyLjMgMy4xLTE3LjcuMS0xMC40LTUuOS0xNi43LTE2LjktMTYuNy0yOC42VjE5OGMwLTEyLjkgNy0yNC40IDE3LjctMjkuNkwxODcgMTQyLjFjNS40LTMgMTIuMy0zLjEgMTcuNy0uMSAxMC40IDUuOSAxNi43IDE2LjkgMTYuNyAyOC42djU4LjJ6Ii8+PC9zdmc+' height='20' width='20' style='vertical-align: middle;' /> <span style='color: #4285F4;'>Google Chrome</span></span></div>
<div style="border: 1px solid #ddd; padding: 8px; margin: 5px 0; border-radius: 4px; background-color: #f7f7f7; display: inline-block;"><strong>💻 #System Info</strong> :: <strong>PC Name</strong> ⇒ <span style="color: #001dff;">ANKUSH1111</span> &nbsp;&nbsp;|&nbsp;&nbsp; <strong>User</strong> ⇒ <span style="color: #006400;">HP</span></div>
<div style='border: 1px solid #ddd; padding: 8px; margin: 5px 0; border-radius: 4px; background-color: #f7f7f7; display: inline-block;'><strong>#TXTBX ▭</strong> :: <strong>Full Name</strong> Value entered ⇒ <span style='color: #009;'>Tanya Desai</span></div>
<div style='border: 1px solid #ddd; padding: 8px; margin: 5px 0; border-radius: 4px; background-color: #f7f7f7; display: inline-block;'><strong>#TXTBX ▭</strong> :: <strong>Email</strong> Value entered ⇒ <span style='color: #009;'>tanya.desai@test.com</span></div>
<div style='border: 1px solid #ddd; padding: 8px; margin: 5px 0; border-radius: 4px; background-color: #f7f7f7; display: inline-block;'><strong>#TXTBX ▭</strong> :: <strong>Current Address</strong> Value entered ⇒ <span style='color: #009;'>Ahmedabad, Gujarat</span></div>
<div style='border: 1px solid #ddd; padding: 8px; margin: 5px 0; border-radius: 4px; background-color: #f7f7f7; display: inline-block;'><strong>#TXTBX ▭</strong> :: <strong>Permanent Address</strong> Value entered ⇒ <span style='color: #009;'>Vadodara, Gujarat</span></div>
<div style='border: 1px solid #ddd; padding: 8px; margin: 5px 0; border-radius: 4px; background-color: #f7f7f7; display: inline-block;'><strong>#BTN 📤</strong> :: <strong>Clicked On</strong> ⇒ <span style='color: #001dff;'>Submit Button</span></div>
✅ Updated AutomationTestingStatus for FormId 101030 to '✅ [Automation Tester] TextBox Form Submitted Successfully at 01/06/2025 05:44:35 PM'
📋 Navigating to Home Page...
📋 Attempting to close modal popup (if present)...
⏳ Waiting for Home link to be clickable...
✅ Home link found: https://demoqa.com/
📋 Clicking on Home link...
⏳ Waiting for loader to disappear...
⏳ Verifying home page load...
❌ Navigation to Home Page failed: Expected condition failed: waiting for url to contain "home". Current url: "https://demoqa.com/" (tried for 10 second(s) with 500 milliseconds interval)
Build info: version: '4.12.1', revision: '8e34639b11'
System info: os.name: 'Windows 11', os.arch: 'amd64', os.version: '10.0', java.version: '18.0.1.1'
Driver info: org.openqa.selenium.chrome.ChromeDriver
Capabilities {acceptInsecureCerts: false, browserName: chrome, browserVersion: 136.0.7103.114, chrome: {chromedriverVersion: 136.0.7103.113 (76fa3c17824..., userDataDir: C:\Users\HP\AppData\Local\T...}, fedcm:accounts: true, goog:chromeOptions: {debuggerAddress: localhost:50211}, networkConnectionEnabled: false, pageLoadStrategy: normal, platformName: windows, proxy: Proxy(), se:cdp: ws://localhost:50211/devtoo..., se:cdpVersion: 136.0.7103.114, setWindowRect: true, strictFileInteractability: false, timeouts: {implicit: 0, pageLoad: 300000, script: 30000}, unhandledPromptBehavior: dismiss and notify, webauthn:extension:credBlob: true, webauthn:extension:largeBlob: true, webauthn:extension:minPinLength: true, webauthn:extension:prf: true, webauthn:virtualAuthenticators: true}
Session ID: e8754be54f8aaba068ee488e1e2786a9]]>
  </system-out>
</testsuite> <!-- com.test.demoqa.TextBoxTestDataFromDB -->
