<?xml version="1.0" encoding="UTF-8"?>
<!-- Generated by org.testng.reporters.JUnitReportReporter -->
<testsuite hostname="ANKUSH1111" failures="0" tests="5" name="com.test.demoqa.PracticeFormTest" time="242.539" errors="0" timestamp="2025-06-01T14:13:38 IST" skipped="0">
  <testcase classname="com.test.demoqa.PracticeFormTest" name="fillPracticeFormTest" time="33.160">
    <system-out>
      <![CDATA[<h3 style="color:#132043;"><b> Iteration Number &#10781; :4</b></h4>
<div style='border: 1px solid #e0e0e0;padding: 8px 12px;margin: 8px 0;border-radius: 6px;background: linear-gradient(to right, #f8f9fa, #ffffff);box-shadow: 0 2px 4px rgba(0,0,0,0.05);display: inline-block;font-family: Arial, sans-serif;'><span style='font-weight: bold;color: #333;'>🌍 Browser Info:</span> <span style='color: #2c7be5;font-weight: 500;'><img src='data:image/svg+xml;base64,PHN2ZyB4bWxucz0iaHR0cDovL3d3dy53My5vcmcvMjAwMC9zdmciIHZpZXdCb3g9IjAgMCA0NDggNTEyIj48cGF0aCBmaWxsPSIjRkZDMTAyIiBkPSJNMjI0IDI1NmMwIDEyLjktNyAyNC40LTE3LjcgMjkuNkwxODcgMzA5LjljLTUuNCAzLTEyLjMgMy4xLTE3LjcuMS0xMC40LTUuOS0xNi43LTE2LjktMTYuNy0yOC42VjE5OGMwLTEyLjkgNy0yNC40IDE3LjctMjkuNkwxODcgMTQyLjFjNS40LTMgMTIuMy0zLjEgMTcuNy0uMSAxMC40IDUuOSAxNi43IDE2LjkgMTYuNyAyOC42djU4LjJ6Ii8+PHBhdGggZmlsbD0iIzRBNDlGNSIgZD0iTTIyNCAyNTZjMCAxMi45LTcgMjQuNC0xNy43IDI5LjZMMTg3IDMwOS45Yy01LjQgMy0xMi4zIDMuMS0xNy43LjEtMTAuNC01LjktMTYuNy0xNi45LTE2LjctMjguNlYxOThjMC0xMi45IDctMjQuNCAxNy43LTI5LjZMMTg3IDE0Mi4xYzUuNC0zIDEyLjMtMy4xIDE3LjctLjEgMTAuNCA1LjkgMTYuNyAxNi45IDE2LjcgMjguNnY1OC4yeiIvPjxwYXRoIGZpbGw9IiNGRkMxMDIiIGQ9Ik0yMjQgMjU2YzAgMTIuOS03IDI0LjQtMTcuNyAyOS42TDE4NyAzMDkuOWMtNS40IDMtMTIuMyAzLjEtMTcuNy4xLTEwLjQtNS45LTE2LjctMTYuOS0xNi43LTI4LjZWMTk4YzAtMTIuOSA3LTI0LjQgMTcuNy0yOS42TDE4NyAxNDIuMWM1LjQtMyAxMi4zLTMuMSAxNy43LS4xIDEwLjQgNS45IDE2LjcgMTYuOSAxNi43IDI4LjZ2NTguMnoiLz48cGF0aCBmaWxsPSIjRkZDMTAyIiBkPSJNMjI0IDI1NmMwIDEyLjktNyAyNC40LTE3LjcgMjkuNkwxODcgMzA5LjljLTUuNCAzLTEyLjMgMy4xLTE3LjcuMS0xMC40LTUuOS0xNi43LTE2LjktMTYuNy0yOC42VjE5OGMwLTEyLjkgNy0yNC40IDE3LjctMjkuNkwxODcgMTQyLjFjNS40LTMgMTIuMy0zLjEgMTcuNy0uMSAxMC40IDUuOSAxNi43IDE2LjkgMTYuNyAyOC42djU4LjJ6Ii8+PC9zdmc+' height='20' width='20' style='vertical-align: middle;' /> <span style='color: #4285F4;'>Google Chrome</span></span></div>
<div style="border: 1px solid #ddd; padding: 8px; margin: 5px 0; border-radius: 4px; background-color: #f7f7f7; display: inline-block;"><strong>💻 #System Info</strong> :: <strong>PC Name</strong> ⇒ <span style="color: #001dff;">ANKUSH1111</span> &nbsp;&nbsp;|&nbsp;&nbsp; <strong>User</strong> ⇒ <span style="color: #006400;">HP</span></div>
<div style='border: 1px solid #ddd; padding: 8px; margin: 5px 0; border-radius: 4px; background-color: #f7f7f7; display: inline-block;'><strong>#TXTBX ▭</strong> :: <strong>First Name</strong> Value entered ⇒ <span style='color: #009;'>Sneha</span></div>
<div style='border: 1px solid #ddd; padding: 8px; margin: 5px 0; border-radius: 4px; background-color: #f7f7f7; display: inline-block;'><strong>#TXTBX ▭</strong> :: <strong>Last Name</strong> Value entered ⇒ <span style='color: #009;'>Patil</span></div>
<div style='border: 1px solid #ddd; padding: 8px; margin: 5px 0; border-radius: 4px; background-color: #f7f7f7; display: inline-block;'><strong>#TXTBX ▭</strong> :: <strong>Email</strong> Value entered ⇒ <span style='color: #009;'>sneha.patil@test.com</span></div>
Clicked On :: Gender Female Radio
<div style='border: 1px solid #ddd; padding: 8px; margin: 5px 0; border-radius: 4px; background-color: #f7f7f7; display: inline-block;'><strong>#TXTBX ▭</strong> :: <strong>Mobile Number</strong> Value entered ⇒ <span style='color: #009;'>9871234567</span></div>
Clicked On :: Date Picker - Date of Birth
#DATEPICKER 📅 :: Date of Birth :: Date successfully picked :: 10/04/1995
<div style='border: 1px solid #ddd; padding: 8px; margin: 5px 0; border-radius: 4px; background-color: #f7f7f7; display: inline-block;'><strong>#TXTBX ▭</strong> :: <strong>Subject</strong> Value entered ⇒ <span style='color: #009;'>Biology</span></div>
Click Sucessfully==Again Double Click==Hobby: Reading
Clicked On :: Hobby: Sports
<div style='border: 1px solid #ddd; padding: 8px; margin: 5px 0; border-radius: 4px; background-color: #f7f7f7; display: inline-block;'><strong>#FILEUP 🔼</strong> :: <strong>Profile Picture</strong> File Uploaded ⇒ <span style='color: #001dff;'>valdn01_35_2025_01_35_54.png</span></div>
<div style='border: 1px solid #ddd; padding: 8px; margin: 5px 0; border-radius: 4px; background-color: #f7f7f7; display: inline-block;'><strong>#TXTBX ▭</strong> :: <strong>Current Address</strong> Value entered ⇒ <span style='color: #009;'>Nashik, Maharashtra</span></div>
<div style='border: 1px solid #ddd; padding: 8px; margin: 5px 0; border-radius: 4px; background-color: #f7f7f7; display: inline-block;'><strong>#BTN 📤</strong> :: <strong>Clicked On</strong> ⇒ <span style='color: #001dff;'>Submit Button</span></div>
<font color =#18122B><b>Sceenshot Path::C:\Users\HP\Documents\Ahmedabad\ANKUSH_FRAMEWORK\ScreenShots\Validation\valdn01_07_2025_02_07_25.png</b></font>
<h4>Time :01/06/2025 02:07:25 PM</h4>
<br>
<img src="C:\Users\HP\Documents\Ahmedabad\ANKUSH_FRAMEWORK\ScreenShots\Validation\valdn01_07_2025_02_07_25.png" width="1000" height="500" ></img>
<br>
<br>
<table><tr><th style='font-weight: normal;'>Student Name</th><th>Sneha Patil</th></tr><tr><th style='font-weight: normal;'>Student Email</th><th>sneha.patil@test.com</th></tr><tr><th style='font-weight: normal;'>Gender</th><th>Female</th></tr><tr><th style='font-weight: normal;'>Mobile</th><th>9871234567</th></tr><tr><th style='font-weight: normal;'>Date of Birth</th><th>10 April,1995</th></tr><tr><th style='font-weight: normal;'>Subjects</th><th>Biology</th></tr><tr><th style='font-weight: normal;'>Hobbies</th><th>Reading, Sports</th></tr><tr><th style='font-weight: normal;'>Picture</th><th>valdn01_35_2025_01_35_54.png</th></tr><tr><th style='font-weight: normal;'>Address</th><th>Nashik, Maharashtra</th></tr><tr><th style='font-weight: normal;'>State and City</th><th>Rajasthan Jaipur</th></tr></table>
📋 Navigating to Home Page...
📋 Attempting to close modal popup (if present)...
⏳ Waiting for Home link to be clickable...
❌ Navigation to Home Page failed: Expected condition failed: waiting for element to be clickable: By.xpath: //a[contains(@href,'https://demoqa.com')] (tried for 2 second(s) with 500 milliseconds interval)
Build info: version: '4.12.1', revision: '8e34639b11'
System info: os.name: 'Windows 11', os.arch: 'amd64', os.version: '10.0', java.version: '18.0.1.1'
Driver info: org.openqa.selenium.chrome.ChromeDriver
Capabilities {acceptInsecureCerts: false, browserName: chrome, browserVersion: 136.0.7103.114, chrome: {chromedriverVersion: 136.0.7103.113 (76fa3c17824..., userDataDir: C:\Users\HP\AppData\Local\T...}, fedcm:accounts: true, goog:chromeOptions: {debuggerAddress: localhost:55923}, networkConnectionEnabled: false, pageLoadStrategy: normal, platformName: windows, proxy: Proxy(), se:cdp: ws://localhost:55923/devtoo..., se:cdpVersion: 136.0.7103.114, setWindowRect: true, strictFileInteractability: false, timeouts: {implicit: 0, pageLoad: 300000, script: 30000}, unhandledPromptBehavior: dismiss and notify, webauthn:extension:credBlob: true, webauthn:extension:largeBlob: true, webauthn:extension:minPinLength: true, webauthn:extension:prf: true, webauthn:virtualAuthenticators: true}
Session ID: a671931228b8d81aca92b182bedd45b7]]>
    </system-out>
  </testcase> <!-- fillPracticeFormTest -->
  <testcase classname="com.test.demoqa.PracticeFormTest" name="fillPracticeFormTest" time="30.842">
    <system-out>
      <![CDATA[<h3 style="color:#132043;"><b> Iteration Number &#10781; :3</b></h4>
<div style='border: 1px solid #e0e0e0;padding: 8px 12px;margin: 8px 0;border-radius: 6px;background: linear-gradient(to right, #f8f9fa, #ffffff);box-shadow: 0 2px 4px rgba(0,0,0,0.05);display: inline-block;font-family: Arial, sans-serif;'><span style='font-weight: bold;color: #333;'>🌍 Browser Info:</span> <span style='color: #2c7be5;font-weight: 500;'><img src='data:image/svg+xml;base64,PHN2ZyB4bWxucz0iaHR0cDovL3d3dy53My5vcmcvMjAwMC9zdmciIHZpZXdCb3g9IjAgMCA0NDggNTEyIj48cGF0aCBmaWxsPSIjRkZDMTAyIiBkPSJNMjI0IDI1NmMwIDEyLjktNyAyNC40LTE3LjcgMjkuNkwxODcgMzA5LjljLTUuNCAzLTEyLjMgMy4xLTE3LjcuMS0xMC40LTUuOS0xNi43LTE2LjktMTYuNy0yOC42VjE5OGMwLTEyLjkgNy0yNC40IDE3LjctMjkuNkwxODcgMTQyLjFjNS40LTMgMTIuMy0zLjEgMTcuNy0uMSAxMC40IDUuOSAxNi43IDE2LjkgMTYuNyAyOC42djU4LjJ6Ii8+PHBhdGggZmlsbD0iIzRBNDlGNSIgZD0iTTIyNCAyNTZjMCAxMi45LTcgMjQuNC0xNy43IDI5LjZMMTg3IDMwOS45Yy01LjQgMy0xMi4zIDMuMS0xNy43LjEtMTAuNC01LjktMTYuNy0xNi45LTE2LjctMjguNlYxOThjMC0xMi45IDctMjQuNCAxNy43LTI5LjZMMTg3IDE0Mi4xYzUuNC0zIDEyLjMtMy4xIDE3LjctLjEgMTAuNCA1LjkgMTYuNyAxNi45IDE2LjcgMjguNnY1OC4yeiIvPjxwYXRoIGZpbGw9IiNGRkMxMDIiIGQ9Ik0yMjQgMjU2YzAgMTIuOS03IDI0LjQtMTcuNyAyOS42TDE4NyAzMDkuOWMtNS40IDMtMTIuMyAzLjEtMTcuNy4xLTEwLjQtNS45LTE2LjctMTYuOS0xNi43LTI4LjZWMTk4YzAtMTIuOSA3LTI0LjQgMTcuNy0yOS42TDE4NyAxNDIuMWM1LjQtMyAxMi4zLTMuMSAxNy43LS4xIDEwLjQgNS45IDE2LjcgMTYuOSAxNi43IDI4LjZ2NTguMnoiLz48cGF0aCBmaWxsPSIjRkZDMTAyIiBkPSJNMjI0IDI1NmMwIDEyLjktNyAyNC40LTE3LjcgMjkuNkwxODcgMzA5LjljLTUuNCAzLTEyLjMgMy4xLTE3LjcuMS0xMC40LTUuOS0xNi43LTE2LjktMTYuNy0yOC42VjE5OGMwLTEyLjkgNy0yNC40IDE3LjctMjkuNkwxODcgMTQyLjFjNS40LTMgMTIuMy0zLjEgMTcuNy0uMSAxMC40IDUuOSAxNi43IDE2LjkgMTYuNyAyOC42djU4LjJ6Ii8+PC9zdmc+' height='20' width='20' style='vertical-align: middle;' /> <span style='color: #4285F4;'>Google Chrome</span></span></div>
<div style="border: 1px solid #ddd; padding: 8px; margin: 5px 0; border-radius: 4px; background-color: #f7f7f7; display: inline-block;"><strong>💻 #System Info</strong> :: <strong>PC Name</strong> ⇒ <span style="color: #001dff;">ANKUSH1111</span> &nbsp;&nbsp;|&nbsp;&nbsp; <strong>User</strong> ⇒ <span style="color: #006400;">HP</span></div>
<div style='border: 1px solid #ddd; padding: 8px; margin: 5px 0; border-radius: 4px; background-color: #f7f7f7; display: inline-block;'><strong>#TXTBX ▭</strong> :: <strong>First Name</strong> Value entered ⇒ <span style='color: #009;'>Rahul</span></div>
<div style='border: 1px solid #ddd; padding: 8px; margin: 5px 0; border-radius: 4px; background-color: #f7f7f7; display: inline-block;'><strong>#TXTBX ▭</strong> :: <strong>Last Name</strong> Value entered ⇒ <span style='color: #009;'>Verma</span></div>
<div style='border: 1px solid #ddd; padding: 8px; margin: 5px 0; border-radius: 4px; background-color: #f7f7f7; display: inline-block;'><strong>#TXTBX ▭</strong> :: <strong>Email</strong> Value entered ⇒ <span style='color: #009;'>rahul.verma@test.com</span></div>
Clicked On :: Gender Male Radio
<div style='border: 1px solid #ddd; padding: 8px; margin: 5px 0; border-radius: 4px; background-color: #f7f7f7; display: inline-block;'><strong>#TXTBX ▭</strong> :: <strong>Mobile Number</strong> Value entered ⇒ <span style='color: #009;'>9988776655</span></div>
Clicked On :: Date Picker - Date of Birth
#DATEPICKER 📅 :: Date of Birth :: Date successfully picked :: 20/03/1988
<div style='border: 1px solid #ddd; padding: 8px; margin: 5px 0; border-radius: 4px; background-color: #f7f7f7; display: inline-block;'><strong>#TXTBX ▭</strong> :: <strong>Subject</strong> Value entered ⇒ <span style='color: #009;'>Chemistry</span></div>
Click Sucessfully==Again Double Click==Hobby: Music
<div style='border: 1px solid #ddd; padding: 8px; margin: 5px 0; border-radius: 4px; background-color: #f7f7f7; display: inline-block;'><strong>#FILEUP 🔼</strong> :: <strong>Profile Picture</strong> File Uploaded ⇒ <span style='color: #001dff;'>valdn01_35_2025_01_35_27.png</span></div>
<div style='border: 1px solid #ddd; padding: 8px; margin: 5px 0; border-radius: 4px; background-color: #f7f7f7; display: inline-block;'><strong>#TXTBX ▭</strong> :: <strong>Current Address</strong> Value entered ⇒ <span style='color: #009;'>Bhopal, Madhya Pradesh</span></div>
<div style='border: 1px solid #ddd; padding: 8px; margin: 5px 0; border-radius: 4px; background-color: #f7f7f7; display: inline-block;'><strong>#BTN 📤</strong> :: <strong>Clicked On</strong> ⇒ <span style='color: #001dff;'>Submit Button</span></div>
<font color =#18122B><b>Sceenshot Path::C:\Users\HP\Documents\Ahmedabad\ANKUSH_FRAMEWORK\ScreenShots\Validation\valdn01_06_2025_02_06_50.png</b></font>
<h4>Time :01/06/2025 02:06:50 PM</h4>
<br>
<img src="C:\Users\HP\Documents\Ahmedabad\ANKUSH_FRAMEWORK\ScreenShots\Validation\valdn01_06_2025_02_06_50.png" width="1000" height="500" ></img>
<br>
<br>
<table><tr><th style='font-weight: normal;'>Student Name</th><th>Rahul Verma</th></tr><tr><th style='font-weight: normal;'>Student Email</th><th>rahul.verma@test.com</th></tr><tr><th style='font-weight: normal;'>Gender</th><th>Male</th></tr><tr><th style='font-weight: normal;'>Mobile</th><th>9988776655</th></tr><tr><th style='font-weight: normal;'>Date of Birth</th><th>20 March,1988</th></tr><tr><th style='font-weight: normal;'>Subjects</th><th>Chemistry</th></tr><tr><th style='font-weight: normal;'>Hobbies</th><th>Music</th></tr><tr><th style='font-weight: normal;'>Picture</th><th>valdn01_35_2025_01_35_27.png</th></tr><tr><th style='font-weight: normal;'>Address</th><th>Bhopal, Madhya Pradesh</th></tr><tr><th style='font-weight: normal;'>State and City</th><th>Haryana Karnal</th></tr></table>
📋 Navigating to Home Page...
📋 Attempting to close modal popup (if present)...
⏳ Waiting for Home link to be clickable...
❌ Navigation to Home Page failed: Expected condition failed: waiting for element to be clickable: By.xpath: //a[contains(@href,'https://demoqa.com')] (tried for 2 second(s) with 500 milliseconds interval)
Build info: version: '4.12.1', revision: '8e34639b11'
System info: os.name: 'Windows 11', os.arch: 'amd64', os.version: '10.0', java.version: '18.0.1.1'
Driver info: org.openqa.selenium.chrome.ChromeDriver
Capabilities {acceptInsecureCerts: false, browserName: chrome, browserVersion: 136.0.7103.114, chrome: {chromedriverVersion: 136.0.7103.113 (76fa3c17824..., userDataDir: C:\Users\HP\AppData\Local\T...}, fedcm:accounts: true, goog:chromeOptions: {debuggerAddress: localhost:55923}, networkConnectionEnabled: false, pageLoadStrategy: normal, platformName: windows, proxy: Proxy(), se:cdp: ws://localhost:55923/devtoo..., se:cdpVersion: 136.0.7103.114, setWindowRect: true, strictFileInteractability: false, timeouts: {implicit: 0, pageLoad: 300000, script: 30000}, unhandledPromptBehavior: dismiss and notify, webauthn:extension:credBlob: true, webauthn:extension:largeBlob: true, webauthn:extension:minPinLength: true, webauthn:extension:prf: true, webauthn:virtualAuthenticators: true}
Session ID: a671931228b8d81aca92b182bedd45b7]]>
    </system-out>
  </testcase> <!-- fillPracticeFormTest -->
  <testcase classname="com.test.demoqa.PracticeFormTest" name="fillPracticeFormTest" time="130.610">
    <system-out>
      <![CDATA[<h3 style="color:#132043;"><b> Iteration Number &#10781; :2</b></h4>
<div style='border: 1px solid #e0e0e0;padding: 8px 12px;margin: 8px 0;border-radius: 6px;background: linear-gradient(to right, #f8f9fa, #ffffff);box-shadow: 0 2px 4px rgba(0,0,0,0.05);display: inline-block;font-family: Arial, sans-serif;'><span style='font-weight: bold;color: #333;'>🌍 Browser Info:</span> <span style='color: #2c7be5;font-weight: 500;'><img src='data:image/svg+xml;base64,PHN2ZyB4bWxucz0iaHR0cDovL3d3dy53My5vcmcvMjAwMC9zdmciIHZpZXdCb3g9IjAgMCA0NDggNTEyIj48cGF0aCBmaWxsPSIjRkZDMTAyIiBkPSJNMjI0IDI1NmMwIDEyLjktNyAyNC40LTE3LjcgMjkuNkwxODcgMzA5LjljLTUuNCAzLTEyLjMgMy4xLTE3LjcuMS0xMC40LTUuOS0xNi43LTE2LjktMTYuNy0yOC42VjE5OGMwLTEyLjkgNy0yNC40IDE3LjctMjkuNkwxODcgMTQyLjFjNS40LTMgMTIuMy0zLjEgMTcuNy0uMSAxMC40IDUuOSAxNi43IDE2LjkgMTYuNyAyOC42djU4LjJ6Ii8+PHBhdGggZmlsbD0iIzRBNDlGNSIgZD0iTTIyNCAyNTZjMCAxMi45LTcgMjQuNC0xNy43IDI5LjZMMTg3IDMwOS45Yy01LjQgMy0xMi4zIDMuMS0xNy43LjEtMTAuNC01LjktMTYuNy0xNi45LTE2LjctMjguNlYxOThjMC0xMi45IDctMjQuNCAxNy43LTI5LjZMMTg3IDE0Mi4xYzUuNC0zIDEyLjMtMy4xIDE3LjctLjEgMTAuNCA1LjkgMTYuNyAxNi45IDE2LjcgMjguNnY1OC4yeiIvPjxwYXRoIGZpbGw9IiNGRkMxMDIiIGQ9Ik0yMjQgMjU2YzAgMTIuOS03IDI0LjQtMTcuNyAyOS42TDE4NyAzMDkuOWMtNS40IDMtMTIuMyAzLjEtMTcuNy4xLTEwLjQtNS45LTE2LjctMTYuOS0xNi43LTI4LjZWMTk4YzAtMTIuOSA3LTI0LjQgMTcuNy0yOS42TDE4NyAxNDIuMWM1LjQtMyAxMi4zLTMuMSAxNy43LS4xIDEwLjQgNS45IDE2LjcgMTYuOSAxNi43IDI4LjZ2NTguMnoiLz48cGF0aCBmaWxsPSIjRkZDMTAyIiBkPSJNMjI0IDI1NmMwIDEyLjktNyAyNC40LTE3LjcgMjkuNkwxODcgMzA5LjljLTUuNCAzLTEyLjMgMy4xLTE3LjcuMS0xMC40LTUuOS0xNi43LTE2LjktMTYuNy0yOC42VjE5OGMwLTEyLjkgNy0yNC40IDE3LjctMjkuNkwxODcgMTQyLjFjNS40LTMgMTIuMy0zLjEgMTcuNy0uMSAxMC40IDUuOSAxNi43IDE2LjkgMTYuNyAyOC42djU4LjJ6Ii8+PC9zdmc+' height='20' width='20' style='vertical-align: middle;' /> <span style='color: #4285F4;'>Google Chrome</span></span></div>
<div style="border: 1px solid #ddd; padding: 8px; margin: 5px 0; border-radius: 4px; background-color: #f7f7f7; display: inline-block;"><strong>💻 #System Info</strong> :: <strong>PC Name</strong> ⇒ <span style="color: #001dff;">ANKUSH1111</span> &nbsp;&nbsp;|&nbsp;&nbsp; <strong>User</strong> ⇒ <span style="color: #006400;">HP</span></div>
<div style='border: 1px solid #ddd; padding: 8px; margin: 5px 0; border-radius: 4px; background-color: #f7f7f7; display: inline-block;'><strong>#TXTBX ▭</strong> :: <strong>First Name</strong> Value entered ⇒ <span style='color: #009;'>Priya</span></div>
<div style='border: 1px solid #ddd; padding: 8px; margin: 5px 0; border-radius: 4px; background-color: #f7f7f7; display: inline-block;'><strong>#TXTBX ▭</strong> :: <strong>Last Name</strong> Value entered ⇒ <span style='color: #009;'>Sharma</span></div>
<div style='border: 1px solid #ddd; padding: 8px; margin: 5px 0; border-radius: 4px; background-color: #f7f7f7; display: inline-block;'><strong>#TXTBX ▭</strong> :: <strong>Email</strong> Value entered ⇒ <span style='color: #009;'>priya.sharma@test.com</span></div>
Clicked On :: Gender Female Radio
<div style='border: 1px solid #ddd; padding: 8px; margin: 5px 0; border-radius: 4px; background-color: #f7f7f7; display: inline-block;'><strong>#TXTBX ▭</strong> :: <strong>Mobile Number</strong> Value entered ⇒ <span style='color: #009;'>9123456780</span></div>
Clicked On :: Date Picker - Date of Birth
#DATEPICKER 📅 :: Date of Birth :: Date successfully picked :: 15/02/1992
<div style='border: 1px solid #ddd; padding: 8px; margin: 5px 0; border-radius: 4px; background-color: #f7f7f7; display: inline-block;'><strong>#TXTBX ▭</strong> :: <strong>Subject</strong> Value entered ⇒ <span style='color: #009;'>English</span></div>
Click Sucessfully==Again Double Click==Hobby: Sports
<div style='border: 1px solid #ddd; padding: 8px; margin: 5px 0; border-radius: 4px; background-color: #f7f7f7; display: inline-block;'><strong>#FILEUP 🔼</strong> :: <strong>Profile Picture</strong> File Uploaded ⇒ <span style='color: #001dff;'>valdn01_35_2025_01_35_08.png</span></div>
<div style='border: 1px solid #ddd; padding: 8px; margin: 5px 0; border-radius: 4px; background-color: #f7f7f7; display: inline-block;'><strong>#TXTBX ▭</strong> :: <strong>Current Address</strong> Value entered ⇒ <span style='color: #009;'>Pune, Maharashtra</span></div>
<div style='border: 1px solid #ddd; padding: 8px; margin: 5px 0; border-radius: 4px; background-color: #f7f7f7; display: inline-block;'><strong>#BTN 📤</strong> :: <strong>Clicked On</strong> ⇒ <span style='color: #001dff;'>Submit Button</span></div>
<font color =#18122B><b>Sceenshot Path::C:\Users\HP\Documents\Ahmedabad\ANKUSH_FRAMEWORK\ScreenShots\Validation\valdn01_06_2025_02_06_17.png</b></font>
<h4>Time :01/06/2025 02:06:17 PM</h4>
<br>
<img src="C:\Users\HP\Documents\Ahmedabad\ANKUSH_FRAMEWORK\ScreenShots\Validation\valdn01_06_2025_02_06_17.png" width="1000" height="500" ></img>
<br>
<br>
<table><tr><th style='font-weight: normal;'>Student Name</th><th>Priya Sharma</th></tr><tr><th style='font-weight: normal;'>Student Email</th><th>priya.sharma@test.com</th></tr><tr><th style='font-weight: normal;'>Gender</th><th>Female</th></tr><tr><th style='font-weight: normal;'>Mobile</th><th>9123456780</th></tr><tr><th style='font-weight: normal;'>Date of Birth</th><th>15 February,1992</th></tr><tr><th style='font-weight: normal;'>Subjects</th><th>English</th></tr><tr><th style='font-weight: normal;'>Hobbies</th><th>Sports</th></tr><tr><th style='font-weight: normal;'>Picture</th><th>valdn01_35_2025_01_35_08.png</th></tr><tr><th style='font-weight: normal;'>Address</th><th>Pune, Maharashtra</th></tr><tr><th style='font-weight: normal;'>State and City</th><th>Uttar Pradesh Lucknow</th></tr></table>
📋 Navigating to Home Page...
📋 Attempting to close modal popup (if present)...
⏳ Waiting for Home link to be clickable...
❌ Navigation to Home Page failed: Expected condition failed: waiting for element to be clickable: By.xpath: //a[contains(@href,'https://demoqa.com')] (tried for 2 second(s) with 500 milliseconds interval)
Build info: version: '4.12.1', revision: '8e34639b11'
System info: os.name: 'Windows 11', os.arch: 'amd64', os.version: '10.0', java.version: '18.0.1.1'
Driver info: org.openqa.selenium.chrome.ChromeDriver
Capabilities {acceptInsecureCerts: false, browserName: chrome, browserVersion: 136.0.7103.114, chrome: {chromedriverVersion: 136.0.7103.113 (76fa3c17824..., userDataDir: C:\Users\HP\AppData\Local\T...}, fedcm:accounts: true, goog:chromeOptions: {debuggerAddress: localhost:55923}, networkConnectionEnabled: false, pageLoadStrategy: normal, platformName: windows, proxy: Proxy(), se:cdp: ws://localhost:55923/devtoo..., se:cdpVersion: 136.0.7103.114, setWindowRect: true, strictFileInteractability: false, timeouts: {implicit: 0, pageLoad: 300000, script: 30000}, unhandledPromptBehavior: dismiss and notify, webauthn:extension:credBlob: true, webauthn:extension:largeBlob: true, webauthn:extension:minPinLength: true, webauthn:extension:prf: true, webauthn:virtualAuthenticators: true}
Session ID: a671931228b8d81aca92b182bedd45b7]]>
    </system-out>
  </testcase> <!-- fillPracticeFormTest -->
  <testcase classname="com.test.demoqa.PracticeFormTest" name="fillPracticeFormTest" time="33.061">
    <system-out>
      <![CDATA[<h3 style="color:#132043;"><b> Iteration Number &#10781; :1</b></h4>
<div style='border: 1px solid #e0e0e0;padding: 8px 12px;margin: 8px 0;border-radius: 6px;background: linear-gradient(to right, #f8f9fa, #ffffff);box-shadow: 0 2px 4px rgba(0,0,0,0.05);display: inline-block;font-family: Arial, sans-serif;'><span style='font-weight: bold;color: #333;'>🌍 Browser Info:</span> <span style='color: #2c7be5;font-weight: 500;'><img src='data:image/svg+xml;base64,PHN2ZyB4bWxucz0iaHR0cDovL3d3dy53My5vcmcvMjAwMC9zdmciIHZpZXdCb3g9IjAgMCA0NDggNTEyIj48cGF0aCBmaWxsPSIjRkZDMTAyIiBkPSJNMjI0IDI1NmMwIDEyLjktNyAyNC40LTE3LjcgMjkuNkwxODcgMzA5LjljLTUuNCAzLTEyLjMgMy4xLTE3LjcuMS0xMC40LTUuOS0xNi43LTE2LjktMTYuNy0yOC42VjE5OGMwLTEyLjkgNy0yNC40IDE3LjctMjkuNkwxODcgMTQyLjFjNS40LTMgMTIuMy0zLjEgMTcuNy0uMSAxMC40IDUuOSAxNi43IDE2LjkgMTYuNyAyOC42djU4LjJ6Ii8+PHBhdGggZmlsbD0iIzRBNDlGNSIgZD0iTTIyNCAyNTZjMCAxMi45LTcgMjQuNC0xNy43IDI5LjZMMTg3IDMwOS45Yy01LjQgMy0xMi4zIDMuMS0xNy43LjEtMTAuNC01LjktMTYuNy0xNi45LTE2LjctMjguNlYxOThjMC0xMi45IDctMjQuNCAxNy43LTI5LjZMMTg3IDE0Mi4xYzUuNC0zIDEyLjMtMy4xIDE3LjctLjEgMTAuNCA1LjkgMTYuNyAxNi45IDE2LjcgMjguNnY1OC4yeiIvPjxwYXRoIGZpbGw9IiNGRkMxMDIiIGQ9Ik0yMjQgMjU2YzAgMTIuOS03IDI0LjQtMTcuNyAyOS42TDE4NyAzMDkuOWMtNS40IDMtMTIuMyAzLjEtMTcuNy4xLTEwLjQtNS45LTE2LjctMTYuOS0xNi43LTI4LjZWMTk4YzAtMTIuOSA3LTI0LjQgMTcuNy0yOS42TDE4NyAxNDIuMWM1LjQtMyAxMi4zLTMuMSAxNy43LS4xIDEwLjQgNS45IDE2LjcgMTYuOSAxNi43IDI4LjZ2NTguMnoiLz48cGF0aCBmaWxsPSIjRkZDMTAyIiBkPSJNMjI0IDI1NmMwIDEyLjktNyAyNC40LTE3LjcgMjkuNkwxODcgMzA5LjljLTUuNCAzLTEyLjMgMy4xLTE3LjcuMS0xMC40LTUuOS0xNi43LTE2LjktMTYuNy0yOC42VjE5OGMwLTEyLjkgNy0yNC40IDE3LjctMjkuNkwxODcgMTQyLjFjNS40LTMgMTIuMy0zLjEgMTcuNy0uMSAxMC40IDUuOSAxNi43IDE2LjkgMTYuNyAyOC42djU4LjJ6Ii8+PC9zdmc+' height='20' width='20' style='vertical-align: middle;' /> <span style='color: #4285F4;'>Google Chrome</span></span></div>
<div style="border: 1px solid #ddd; padding: 8px; margin: 5px 0; border-radius: 4px; background-color: #f7f7f7; display: inline-block;"><strong>💻 #System Info</strong> :: <strong>PC Name</strong> ⇒ <span style="color: #001dff;">ANKUSH1111</span> &nbsp;&nbsp;|&nbsp;&nbsp; <strong>User</strong> ⇒ <span style="color: #006400;">HP</span></div>
<div style='border: 1px solid #ddd; padding: 8px; margin: 5px 0; border-radius: 4px; background-color: #f7f7f7; display: inline-block;'><strong>#TXTBX ▭</strong> :: <strong>First Name</strong> Value entered ⇒ <span style='color: #009;'>Ankush</span></div>
<div style='border: 1px solid #ddd; padding: 8px; margin: 5px 0; border-radius: 4px; background-color: #f7f7f7; display: inline-block;'><strong>#TXTBX ▭</strong> :: <strong>Last Name</strong> Value entered ⇒ <span style='color: #009;'>Agle</span></div>
<div style='border: 1px solid #ddd; padding: 8px; margin: 5px 0; border-radius: 4px; background-color: #f7f7f7; display: inline-block;'><strong>#TXTBX ▭</strong> :: <strong>Email</strong> Value entered ⇒ <span style='color: #009;'>ankush.agle@test.com</span></div>
Clicked On :: Gender Male Radio
<div style='border: 1px solid #ddd; padding: 8px; margin: 5px 0; border-radius: 4px; background-color: #f7f7f7; display: inline-block;'><strong>#TXTBX ▭</strong> :: <strong>Mobile Number</strong> Value entered ⇒ <span style='color: #009;'>9876543210</span></div>
Clicked On :: Date Picker - Date of Birth
#DATEPICKER 📅 :: Date of Birth :: Date successfully picked :: 01/01/1990
<div style='border: 1px solid #ddd; padding: 8px; margin: 5px 0; border-radius: 4px; background-color: #f7f7f7; display: inline-block;'><strong>#TXTBX ▭</strong> :: <strong>Subject</strong> Value entered ⇒ <span style='color: #009;'>Math, Physics</span></div>
Clicked On :: Hobby: Reading
Clicked On :: Hobby: Music
<div style='border: 1px solid #ddd; padding: 8px; margin: 5px 0; border-radius: 4px; background-color: #f7f7f7; display: inline-block;'><strong>#FILEUP 🔼</strong> :: <strong>Profile Picture</strong> File Uploaded ⇒ <span style='color: #001dff;'>valdn01_34_2025_01_34_51.png</span></div>
<div style='border: 1px solid #ddd; padding: 8px; margin: 5px 0; border-radius: 4px; background-color: #f7f7f7; display: inline-block;'><strong>#TXTBX ▭</strong> :: <strong>Current Address</strong> Value entered ⇒ <span style='color: #009;'>Paithan, Maharashtra</span></div>
<div style='border: 1px solid #ddd; padding: 8px; margin: 5px 0; border-radius: 4px; background-color: #f7f7f7; display: inline-block;'><strong>#BTN 📤</strong> :: <strong>Clicked On</strong> ⇒ <span style='color: #001dff;'>Submit Button</span></div>
<font color =#18122B><b>Sceenshot Path::C:\Users\HP\Documents\Ahmedabad\ANKUSH_FRAMEWORK\ScreenShots\Validation\valdn01_04_2025_02_04_03.png</b></font>
<h4>Time :01/06/2025 02:04:04 PM</h4>
<br>
<img src="C:\Users\HP\Documents\Ahmedabad\ANKUSH_FRAMEWORK\ScreenShots\Validation\valdn01_04_2025_02_04_03.png" width="1000" height="500" ></img>
<br>
<br>
<table><tr><th style='font-weight: normal;'>Student Name</th><th>Ankush Agle</th></tr><tr><th style='font-weight: normal;'>Student Email</th><th>ankush.agle@test.com</th></tr><tr><th style='font-weight: normal;'>Gender</th><th>Male</th></tr><tr><th style='font-weight: normal;'>Mobile</th><th>9876543210</th></tr><tr><th style='font-weight: normal;'>Date of Birth</th><th>01 January,1990</th></tr><tr><th style='font-weight: normal;'>Subjects</th><th></th></tr><tr><th style='font-weight: normal;'>Hobbies</th><th>Reading, Music</th></tr><tr><th style='font-weight: normal;'>Picture</th><th>valdn01_34_2025_01_34_51.png</th></tr><tr><th style='font-weight: normal;'>Address</th><th>Paithan, Maharashtra</th></tr><tr><th style='font-weight: normal;'>State and City</th><th>NCR Delhi</th></tr></table>
📋 Navigating to Home Page...
📋 Attempting to close modal popup (if present)...
⏳ Waiting for Home link to be clickable...
❌ Navigation to Home Page failed: Expected condition failed: waiting for element to be clickable: By.xpath: //a[contains(@href,'https://demoqa.com')] (tried for 2 second(s) with 500 milliseconds interval)
Build info: version: '4.12.1', revision: '8e34639b11'
System info: os.name: 'Windows 11', os.arch: 'amd64', os.version: '10.0', java.version: '18.0.1.1'
Driver info: org.openqa.selenium.chrome.ChromeDriver
Capabilities {acceptInsecureCerts: false, browserName: chrome, browserVersion: 136.0.7103.114, chrome: {chromedriverVersion: 136.0.7103.113 (76fa3c17824..., userDataDir: C:\Users\HP\AppData\Local\T...}, fedcm:accounts: true, goog:chromeOptions: {debuggerAddress: localhost:55923}, networkConnectionEnabled: false, pageLoadStrategy: normal, platformName: windows, proxy: Proxy(), se:cdp: ws://localhost:55923/devtoo..., se:cdpVersion: 136.0.7103.114, setWindowRect: true, strictFileInteractability: false, timeouts: {implicit: 0, pageLoad: 300000, script: 30000}, unhandledPromptBehavior: dismiss and notify, webauthn:extension:credBlob: true, webauthn:extension:largeBlob: true, webauthn:extension:minPinLength: true, webauthn:extension:prf: true, webauthn:virtualAuthenticators: true}
Session ID: a671931228b8d81aca92b182bedd45b7]]>
    </system-out>
  </testcase> <!-- fillPracticeFormTest -->
  <testcase classname="com.test.demoqa.PracticeFormTest" name="fillPracticeFormTest" time="14.866">
    <system-out>
      <![CDATA[<h3 style="color:#132043;"><b> Iteration Number &#10781; :5</b></h4>
<div style='border: 1px solid #e0e0e0;padding: 8px 12px;margin: 8px 0;border-radius: 6px;background: linear-gradient(to right, #f8f9fa, #ffffff);box-shadow: 0 2px 4px rgba(0,0,0,0.05);display: inline-block;font-family: Arial, sans-serif;'><span style='font-weight: bold;color: #333;'>🌍 Browser Info:</span> <span style='color: #2c7be5;font-weight: 500;'><img src='data:image/svg+xml;base64,PHN2ZyB4bWxucz0iaHR0cDovL3d3dy53My5vcmcvMjAwMC9zdmciIHZpZXdCb3g9IjAgMCA0NDggNTEyIj48cGF0aCBmaWxsPSIjRkZDMTAyIiBkPSJNMjI0IDI1NmMwIDEyLjktNyAyNC40LTE3LjcgMjkuNkwxODcgMzA5LjljLTUuNCAzLTEyLjMgMy4xLTE3LjcuMS0xMC40LTUuOS0xNi43LTE2LjktMTYuNy0yOC42VjE5OGMwLTEyLjkgNy0yNC40IDE3LjctMjkuNkwxODcgMTQyLjFjNS40LTMgMTIuMy0zLjEgMTcuNy0uMSAxMC40IDUuOSAxNi43IDE2LjkgMTYuNyAyOC42djU4LjJ6Ii8+PHBhdGggZmlsbD0iIzRBNDlGNSIgZD0iTTIyNCAyNTZjMCAxMi45LTcgMjQuNC0xNy43IDI5LjZMMTg3IDMwOS45Yy01LjQgMy0xMi4zIDMuMS0xNy43LjEtMTAuNC01LjktMTYuNy0xNi45LTE2LjctMjguNlYxOThjMC0xMi45IDctMjQuNCAxNy43LTI5LjZMMTg3IDE0Mi4xYzUuNC0zIDEyLjMtMy4xIDE3LjctLjEgMTAuNCA1LjkgMTYuNyAxNi45IDE2LjcgMjguNnY1OC4yeiIvPjxwYXRoIGZpbGw9IiNGRkMxMDIiIGQ9Ik0yMjQgMjU2YzAgMTIuOS03IDI0LjQtMTcuNyAyOS42TDE4NyAzMDkuOWMtNS40IDMtMTIuMyAzLjEtMTcuNy4xLTEwLjQtNS45LTE2LjctMTYuOS0xNi43LTI4LjZWMTk4YzAtMTIuOSA3LTI0LjQgMTcuNy0yOS42TDE4NyAxNDIuMWM1LjQtMyAxMi4zLTMuMSAxNy43LS4xIDEwLjQgNS45IDE2LjcgMTYuOSAxNi43IDI4LjZ2NTguMnoiLz48cGF0aCBmaWxsPSIjRkZDMTAyIiBkPSJNMjI0IDI1NmMwIDEyLjktNyAyNC40LTE3LjcgMjkuNkwxODcgMzA5LjljLTUuNCAzLTEyLjMgMy4xLTE3LjcuMS0xMC40LTUuOS0xNi43LTE2LjktMTYuNy0yOC42VjE5OGMwLTEyLjkgNy0yNC40IDE3LjctMjkuNkwxODcgMTQyLjFjNS40LTMgMTIuMy0zLjEgMTcuNy0uMSAxMC40IDUuOSAxNi43IDE2LjkgMTYuNyAyOC42djU4LjJ6Ii8+PC9zdmc+' height='20' width='20' style='vertical-align: middle;' /> <span style='color: #4285F4;'>Google Chrome</span></span></div>
<div style="border: 1px solid #ddd; padding: 8px; margin: 5px 0; border-radius: 4px; background-color: #f7f7f7; display: inline-block;"><strong>💻 #System Info</strong> :: <strong>PC Name</strong> ⇒ <span style="color: #001dff;">ANKUSH1111</span> &nbsp;&nbsp;|&nbsp;&nbsp; <strong>User</strong> ⇒ <span style="color: #006400;">HP</span></div>
<div style='border: 1px solid #ddd; padding: 8px; margin: 5px 0; border-radius: 4px; background-color: #f7f7f7; display: inline-block;'><strong>#TXTBX ▭</strong> :: <strong>First Name</strong> Value entered ⇒ <span style='color: #009;'>Karan</span></div>
<div style='border: 1px solid #ddd; padding: 8px; margin: 5px 0; border-radius: 4px; background-color: #f7f7f7; display: inline-block;'><strong>#TXTBX ▭</strong> :: <strong>Last Name</strong> Value entered ⇒ <span style='color: #009;'>Mehta</span></div>
<div style='border: 1px solid #ddd; padding: 8px; margin: 5px 0; border-radius: 4px; background-color: #f7f7f7; display: inline-block;'><strong>#TXTBX ▭</strong> :: <strong>Email</strong> Value entered ⇒ <span style='color: #009;'>karan.mehta@test.com</span></div>
Clicked On :: Gender Male Radio
<div style='border: 1px solid #ddd; padding: 8px; margin: 5px 0; border-radius: 4px; background-color: #f7f7f7; display: inline-block;'><strong>#TXTBX ▭</strong> :: <strong>Mobile Number</strong> Value entered ⇒ <span style='color: #009;'>9123456789</span></div>
Clicked On :: Date Picker - Date of Birth
#DATEPICKER 📅 :: Date of Birth :: Date successfully picked :: 25/05/1991
<div style='border: 1px solid #ddd; padding: 8px; margin: 5px 0; border-radius: 4px; background-color: #f7f7f7; display: inline-block;'><strong>#TXTBX ▭</strong> :: <strong>Subject</strong> Value entered ⇒ <span style='color: #009;'>History</span></div>
Click Sucessfully==Again Double Click==Hobby: Music
<div style='border: 1px solid #ddd; padding: 8px; margin: 5px 0; border-radius: 4px; background-color: #f7f7f7; display: inline-block;'><strong>#FILEUP 🔼</strong> :: <strong>Profile Picture</strong> File Uploaded ⇒ <span style='color: #001dff;'>valdn01_36_2025_01_36_09.png</span></div>
<div style='border: 1px solid #ddd; padding: 8px; margin: 5px 0; border-radius: 4px; background-color: #f7f7f7; display: inline-block;'><strong>#TXTBX ▭</strong> :: <strong>Current Address</strong> Value entered ⇒ <span style='color: #009;'>Jaipur, Rajasthan</span></div>
<div style='border: 1px solid #ddd; padding: 8px; margin: 5px 0; border-radius: 4px; background-color: #f7f7f7; display: inline-block;'><strong>#BTN 📤</strong> :: <strong>Clicked On</strong> ⇒ <span style='color: #001dff;'>Submit Button</span></div>
<font color =#18122B><b>Sceenshot Path::C:\Users\HP\Documents\Ahmedabad\ANKUSH_FRAMEWORK\ScreenShots\Validation\valdn01_07_2025_02_07_42.png</b></font>
<h4>Time :01/06/2025 02:07:43 PM</h4>
<br>
<img src="C:\Users\HP\Documents\Ahmedabad\ANKUSH_FRAMEWORK\ScreenShots\Validation\valdn01_07_2025_02_07_42.png" width="1000" height="500" ></img>
<br>
<br>
<table><tr><th style='font-weight: normal;'>Student Name</th><th>Karan Mehta</th></tr><tr><th style='font-weight: normal;'>Student Email</th><th>karan.mehta@test.com</th></tr><tr><th style='font-weight: normal;'>Gender</th><th>Male</th></tr><tr><th style='font-weight: normal;'>Mobile</th><th>9123456789</th></tr><tr><th style='font-weight: normal;'>Date of Birth</th><th>25 May,1991</th></tr><tr><th style='font-weight: normal;'>Subjects</th><th>History</th></tr><tr><th style='font-weight: normal;'>Hobbies</th><th>Music</th></tr><tr><th style='font-weight: normal;'>Picture</th><th>valdn01_36_2025_01_36_09.png</th></tr><tr><th style='font-weight: normal;'>Address</th><th>Jaipur, Rajasthan</th></tr><tr><th style='font-weight: normal;'>State and City</th><th>NCR Gurgaon</th></tr></table>
📋 Navigating to Home Page...
📋 Attempting to close modal popup (if present)...
⏳ Waiting for Home link to be clickable...
❌ Navigation to Home Page failed: Expected condition failed: waiting for element to be clickable: By.xpath: //a[contains(@href,'https://demoqa.com')] (tried for 2 second(s) with 500 milliseconds interval)
Build info: version: '4.12.1', revision: '8e34639b11'
System info: os.name: 'Windows 11', os.arch: 'amd64', os.version: '10.0', java.version: '18.0.1.1'
Driver info: org.openqa.selenium.chrome.ChromeDriver
Capabilities {acceptInsecureCerts: false, browserName: chrome, browserVersion: 136.0.7103.114, chrome: {chromedriverVersion: 136.0.7103.113 (76fa3c17824..., userDataDir: C:\Users\HP\AppData\Local\T...}, fedcm:accounts: true, goog:chromeOptions: {debuggerAddress: localhost:55923}, networkConnectionEnabled: false, pageLoadStrategy: normal, platformName: windows, proxy: Proxy(), se:cdp: ws://localhost:55923/devtoo..., se:cdpVersion: 136.0.7103.114, setWindowRect: true, strictFileInteractability: false, timeouts: {implicit: 0, pageLoad: 300000, script: 30000}, unhandledPromptBehavior: dismiss and notify, webauthn:extension:credBlob: true, webauthn:extension:largeBlob: true, webauthn:extension:minPinLength: true, webauthn:extension:prf: true, webauthn:virtualAuthenticators: true}
Session ID: a671931228b8d81aca92b182bedd45b7]]>
    </system-out>
  </testcase> <!-- fillPracticeFormTest -->
  <system-out>
    <![CDATA[Suite Start: Suite at 01/06/2025 02:02:16 PM
<h3 style="color:#132043;"><b> Iteration Number &#10781; :1</b></h4>
<div style='border: 1px solid #e0e0e0;padding: 8px 12px;margin: 8px 0;border-radius: 6px;background: linear-gradient(to right, #f8f9fa, #ffffff);box-shadow: 0 2px 4px rgba(0,0,0,0.05);display: inline-block;font-family: Arial, sans-serif;'><span style='font-weight: bold;color: #333;'>🌍 Browser Info:</span> <span style='color: #2c7be5;font-weight: 500;'><img src='data:image/svg+xml;base64,PHN2ZyB4bWxucz0iaHR0cDovL3d3dy53My5vcmcvMjAwMC9zdmciIHZpZXdCb3g9IjAgMCA0NDggNTEyIj48cGF0aCBmaWxsPSIjRkZDMTAyIiBkPSJNMjI0IDI1NmMwIDEyLjktNyAyNC40LTE3LjcgMjkuNkwxODcgMzA5LjljLTUuNCAzLTEyLjMgMy4xLTE3LjcuMS0xMC40LTUuOS0xNi43LTE2LjktMTYuNy0yOC42VjE5OGMwLTEyLjkgNy0yNC40IDE3LjctMjkuNkwxODcgMTQyLjFjNS40LTMgMTIuMy0zLjEgMTcuNy0uMSAxMC40IDUuOSAxNi43IDE2LjkgMTYuNyAyOC42djU4LjJ6Ii8+PHBhdGggZmlsbD0iIzRBNDlGNSIgZD0iTTIyNCAyNTZjMCAxMi45LTcgMjQuNC0xNy43IDI5LjZMMTg3IDMwOS45Yy01LjQgMy0xMi4zIDMuMS0xNy43LjEtMTAuNC01LjktMTYuNy0xNi45LTE2LjctMjguNlYxOThjMC0xMi45IDctMjQuNCAxNy43LTI5LjZMMTg3IDE0Mi4xYzUuNC0zIDEyLjMtMy4xIDE3LjctLjEgMTAuNCA1LjkgMTYuNyAxNi45IDE2LjcgMjguNnY1OC4yeiIvPjxwYXRoIGZpbGw9IiNGRkMxMDIiIGQ9Ik0yMjQgMjU2YzAgMTIuOS03IDI0LjQtMTcuNyAyOS42TDE4NyAzMDkuOWMtNS40IDMtMTIuMyAzLjEtMTcuNy4xLTEwLjQtNS45LTE2LjctMTYuOS0xNi43LTI4LjZWMTk4YzAtMTIuOSA3LTI0LjQgMTcuNy0yOS42TDE4NyAxNDIuMWM1LjQtMyAxMi4zLTMuMSAxNy43LS4xIDEwLjQgNS45IDE2LjcgMTYuOSAxNi43IDI4LjZ2NTguMnoiLz48cGF0aCBmaWxsPSIjRkZDMTAyIiBkPSJNMjI0IDI1NmMwIDEyLjktNyAyNC40LTE3LjcgMjkuNkwxODcgMzA5LjljLTUuNCAzLTEyLjMgMy4xLTE3LjcuMS0xMC40LTUuOS0xNi43LTE2LjktMTYuNy0yOC42VjE5OGMwLTEyLjkgNy0yNC40IDE3LjctMjkuNkwxODcgMTQyLjFjNS40LTMgMTIuMy0zLjEgMTcuNy0uMSAxMC40IDUuOSAxNi43IDE2LjkgMTYuNyAyOC42djU4LjJ6Ii8+PC9zdmc+' height='20' width='20' style='vertical-align: middle;' /> <span style='color: #4285F4;'>Google Chrome</span></span></div>
<div style="border: 1px solid #ddd; padding: 8px; margin: 5px 0; border-radius: 4px; background-color: #f7f7f7; display: inline-block;"><strong>💻 #System Info</strong> :: <strong>PC Name</strong> ⇒ <span style="color: #001dff;">ANKUSH1111</span> &nbsp;&nbsp;|&nbsp;&nbsp; <strong>User</strong> ⇒ <span style="color: #006400;">HP</span></div>
Suite Start: Suite at 01/06/2025 02:02:16 PM
<h3 style="color:#132043;"><b> Iteration Number &#10781; :1</b></h4>
<div style='border: 1px solid #e0e0e0;padding: 8px 12px;margin: 8px 0;border-radius: 6px;background: linear-gradient(to right, #f8f9fa, #ffffff);box-shadow: 0 2px 4px rgba(0,0,0,0.05);display: inline-block;font-family: Arial, sans-serif;'><span style='font-weight: bold;color: #333;'>🌍 Browser Info:</span> <span style='color: #2c7be5;font-weight: 500;'><img src='data:image/svg+xml;base64,PHN2ZyB4bWxucz0iaHR0cDovL3d3dy53My5vcmcvMjAwMC9zdmciIHZpZXdCb3g9IjAgMCA0NDggNTEyIj48cGF0aCBmaWxsPSIjRkZDMTAyIiBkPSJNMjI0IDI1NmMwIDEyLjktNyAyNC40LTE3LjcgMjkuNkwxODcgMzA5LjljLTUuNCAzLTEyLjMgMy4xLTE3LjcuMS0xMC40LTUuOS0xNi43LTE2LjktMTYuNy0yOC42VjE5OGMwLTEyLjkgNy0yNC40IDE3LjctMjkuNkwxODcgMTQyLjFjNS40LTMgMTIuMy0zLjEgMTcuNy0uMSAxMC40IDUuOSAxNi43IDE2LjkgMTYuNyAyOC42djU4LjJ6Ii8+PHBhdGggZmlsbD0iIzRBNDlGNSIgZD0iTTIyNCAyNTZjMCAxMi45LTcgMjQuNC0xNy43IDI5LjZMMTg3IDMwOS45Yy01LjQgMy0xMi4zIDMuMS0xNy43LjEtMTAuNC01LjktMTYuNy0xNi45LTE2LjctMjguNlYxOThjMC0xMi45IDctMjQuNCAxNy43LTI5LjZMMTg3IDE0Mi4xYzUuNC0zIDEyLjMtMy4xIDE3LjctLjEgMTAuNCA1LjkgMTYuNyAxNi45IDE2LjcgMjguNnY1OC4yeiIvPjxwYXRoIGZpbGw9IiNGRkMxMDIiIGQ9Ik0yMjQgMjU2YzAgMTIuOS03IDI0LjQtMTcuNyAyOS42TDE4NyAzMDkuOWMtNS40IDMtMTIuMyAzLjEtMTcuNy4xLTEwLjQtNS45LTE2LjctMTYuOS0xNi43LTI4LjZWMTk4YzAtMTIuOSA3LTI0LjQgMTcuNy0yOS42TDE4NyAxNDIuMWM1LjQtMyAxMi4zLTMuMSAxNy43LS4xIDEwLjQgNS45IDE2LjcgMTYuOSAxNi43IDI4LjZ2NTguMnoiLz48cGF0aCBmaWxsPSIjRkZDMTAyIiBkPSJNMjI0IDI1NmMwIDEyLjktNyAyNC40LTE3LjcgMjkuNkwxODcgMzA5LjljLTUuNCAzLTEyLjMgMy4xLTE3LjcuMS0xMC40LTUuOS0xNi43LTE2LjktMTYuNy0yOC42VjE5OGMwLTEyLjkgNy0yNC40IDE3LjctMjkuNkwxODcgMTQyLjFjNS40LTMgMTIuMy0zLjEgMTcuNy0uMSAxMC40IDUuOSAxNi43IDE2LjkgMTYuNyAyOC42djU4LjJ6Ii8+PC9zdmc+' height='20' width='20' style='vertical-align: middle;' /> <span style='color: #4285F4;'>Google Chrome</span></span></div>
<div style="border: 1px solid #ddd; padding: 8px; margin: 5px 0; border-radius: 4px; background-color: #f7f7f7; display: inline-block;"><strong>💻 #System Info</strong> :: <strong>PC Name</strong> ⇒ <span style="color: #001dff;">ANKUSH1111</span> &nbsp;&nbsp;|&nbsp;&nbsp; <strong>User</strong> ⇒ <span style="color: #006400;">HP</span></div>
Suite Start: Suite at 01/06/2025 02:02:16 PM
<h3 style="color:#132043;"><b> Iteration Number &#10781; :1</b></h4>
<div style='border: 1px solid #e0e0e0;padding: 8px 12px;margin: 8px 0;border-radius: 6px;background: linear-gradient(to right, #f8f9fa, #ffffff);box-shadow: 0 2px 4px rgba(0,0,0,0.05);display: inline-block;font-family: Arial, sans-serif;'><span style='font-weight: bold;color: #333;'>🌍 Browser Info:</span> <span style='color: #2c7be5;font-weight: 500;'><img src='data:image/svg+xml;base64,PHN2ZyB4bWxucz0iaHR0cDovL3d3dy53My5vcmcvMjAwMC9zdmciIHZpZXdCb3g9IjAgMCA0NDggNTEyIj48cGF0aCBmaWxsPSIjRkZDMTAyIiBkPSJNMjI0IDI1NmMwIDEyLjktNyAyNC40LTE3LjcgMjkuNkwxODcgMzA5LjljLTUuNCAzLTEyLjMgMy4xLTE3LjcuMS0xMC40LTUuOS0xNi43LTE2LjktMTYuNy0yOC42VjE5OGMwLTEyLjkgNy0yNC40IDE3LjctMjkuNkwxODcgMTQyLjFjNS40LTMgMTIuMy0zLjEgMTcuNy0uMSAxMC40IDUuOSAxNi43IDE2LjkgMTYuNyAyOC42djU4LjJ6Ii8+PHBhdGggZmlsbD0iIzRBNDlGNSIgZD0iTTIyNCAyNTZjMCAxMi45LTcgMjQuNC0xNy43IDI5LjZMMTg3IDMwOS45Yy01LjQgMy0xMi4zIDMuMS0xNy43LjEtMTAuNC01LjktMTYuNy0xNi45LTE2LjctMjguNlYxOThjMC0xMi45IDctMjQuNCAxNy43LTI5LjZMMTg3IDE0Mi4xYzUuNC0zIDEyLjMtMy4xIDE3LjctLjEgMTAuNCA1LjkgMTYuNyAxNi45IDE2LjcgMjguNnY1OC4yeiIvPjxwYXRoIGZpbGw9IiNGRkMxMDIiIGQ9Ik0yMjQgMjU2YzAgMTIuOS03IDI0LjQtMTcuNyAyOS42TDE4NyAzMDkuOWMtNS40IDMtMTIuMyAzLjEtMTcuNy4xLTEwLjQtNS45LTE2LjctMTYuOS0xNi43LTI4LjZWMTk4YzAtMTIuOSA3LTI0LjQgMTcuNy0yOS42TDE4NyAxNDIuMWM1LjQtMyAxMi4zLTMuMSAxNy43LS4xIDEwLjQgNS45IDE2LjcgMTYuOSAxNi43IDI4LjZ2NTguMnoiLz48cGF0aCBmaWxsPSIjRkZDMTAyIiBkPSJNMjI0IDI1NmMwIDEyLjktNyAyNC40LTE3LjcgMjkuNkwxODcgMzA5LjljLTUuNCAzLTEyLjMgMy4xLTE3LjcuMS0xMC40LTUuOS0xNi43LTE2LjktMTYuNy0yOC42VjE5OGMwLTEyLjkgNy0yNC40IDE3LjctMjkuNkwxODcgMTQyLjFjNS40LTMgMTIuMy0zLjEgMTcuNy0uMSAxMC40IDUuOSAxNi43IDE2LjkgMTYuNyAyOC42djU4LjJ6Ii8+PC9zdmc+' height='20' width='20' style='vertical-align: middle;' /> <span style='color: #4285F4;'>Google Chrome</span></span></div>
<div style="border: 1px solid #ddd; padding: 8px; margin: 5px 0; border-radius: 4px; background-color: #f7f7f7; display: inline-block;"><strong>💻 #System Info</strong> :: <strong>PC Name</strong> ⇒ <span style="color: #001dff;">ANKUSH1111</span> &nbsp;&nbsp;|&nbsp;&nbsp; <strong>User</strong> ⇒ <span style="color: #006400;">HP</span></div>
Suite Start: Suite at 01/06/2025 02:02:16 PM
<h3 style="color:#132043;"><b> Iteration Number &#10781; :1</b></h4>
<div style='border: 1px solid #e0e0e0;padding: 8px 12px;margin: 8px 0;border-radius: 6px;background: linear-gradient(to right, #f8f9fa, #ffffff);box-shadow: 0 2px 4px rgba(0,0,0,0.05);display: inline-block;font-family: Arial, sans-serif;'><span style='font-weight: bold;color: #333;'>🌍 Browser Info:</span> <span style='color: #2c7be5;font-weight: 500;'><img src='data:image/svg+xml;base64,PHN2ZyB4bWxucz0iaHR0cDovL3d3dy53My5vcmcvMjAwMC9zdmciIHZpZXdCb3g9IjAgMCA0NDggNTEyIj48cGF0aCBmaWxsPSIjRkZDMTAyIiBkPSJNMjI0IDI1NmMwIDEyLjktNyAyNC40LTE3LjcgMjkuNkwxODcgMzA5LjljLTUuNCAzLTEyLjMgMy4xLTE3LjcuMS0xMC40LTUuOS0xNi43LTE2LjktMTYuNy0yOC42VjE5OGMwLTEyLjkgNy0yNC40IDE3LjctMjkuNkwxODcgMTQyLjFjNS40LTMgMTIuMy0zLjEgMTcuNy0uMSAxMC40IDUuOSAxNi43IDE2LjkgMTYuNyAyOC42djU4LjJ6Ii8+PHBhdGggZmlsbD0iIzRBNDlGNSIgZD0iTTIyNCAyNTZjMCAxMi45LTcgMjQuNC0xNy43IDI5LjZMMTg3IDMwOS45Yy01LjQgMy0xMi4zIDMuMS0xNy43LjEtMTAuNC01LjktMTYuNy0xNi45LTE2LjctMjguNlYxOThjMC0xMi45IDctMjQuNCAxNy43LTI5LjZMMTg3IDE0Mi4xYzUuNC0zIDEyLjMtMy4xIDE3LjctLjEgMTAuNCA1LjkgMTYuNyAxNi45IDE2LjcgMjguNnY1OC4yeiIvPjxwYXRoIGZpbGw9IiNGRkMxMDIiIGQ9Ik0yMjQgMjU2YzAgMTIuOS03IDI0LjQtMTcuNyAyOS42TDE4NyAzMDkuOWMtNS40IDMtMTIuMyAzLjEtMTcuNy4xLTEwLjQtNS45LTE2LjctMTYuOS0xNi43LTI4LjZWMTk4YzAtMTIuOSA3LTI0LjQgMTcuNy0yOS42TDE4NyAxNDIuMWM1LjQtMyAxMi4zLTMuMSAxNy43LS4xIDEwLjQgNS45IDE2LjcgMTYuOSAxNi43IDI4LjZ2NTguMnoiLz48cGF0aCBmaWxsPSIjRkZDMTAyIiBkPSJNMjI0IDI1NmMwIDEyLjktNyAyNC40LTE3LjcgMjkuNkwxODcgMzA5LjljLTUuNCAzLTEyLjMgMy4xLTE3LjcuMS0xMC40LTUuOS0xNi43LTE2LjktMTYuNy0yOC42VjE5OGMwLTEyLjkgNy0yNC40IDE3LjctMjkuNkwxODcgMTQyLjFjNS40LTMgMTIuMy0zLjEgMTcuNy0uMSAxMC40IDUuOSAxNi43IDE2LjkgMTYuNyAyOC42djU4LjJ6Ii8+PC9zdmc+' height='20' width='20' style='vertical-align: middle;' /> <span style='color: #4285F4;'>Google Chrome</span></span></div>
<div style="border: 1px solid #ddd; padding: 8px; margin: 5px 0; border-radius: 4px; background-color: #f7f7f7; display: inline-block;"><strong>💻 #System Info</strong> :: <strong>PC Name</strong> ⇒ <span style="color: #001dff;">ANKUSH1111</span> &nbsp;&nbsp;|&nbsp;&nbsp; <strong>User</strong> ⇒ <span style="color: #006400;">HP</span></div>
<div style='border: 1px solid #ddd; padding: 8px; margin: 5px 0; border-radius: 4px; background-color: #f7f7f7; display: inline-block;'><strong>#TXTBX ▭</strong> :: <strong>First Name</strong> Value entered ⇒ <span style='color: #009;'>Ankush</span></div>
<div style='border: 1px solid #ddd; padding: 8px; margin: 5px 0; border-radius: 4px; background-color: #f7f7f7; display: inline-block;'><strong>#TXTBX ▭</strong> :: <strong>Last Name</strong> Value entered ⇒ <span style='color: #009;'>Agle</span></div>
<div style='border: 1px solid #ddd; padding: 8px; margin: 5px 0; border-radius: 4px; background-color: #f7f7f7; display: inline-block;'><strong>#TXTBX ▭</strong> :: <strong>Email</strong> Value entered ⇒ <span style='color: #009;'>ankush.agle@test.com</span></div>
Clicked On :: Gender Male Radio
<div style='border: 1px solid #ddd; padding: 8px; margin: 5px 0; border-radius: 4px; background-color: #f7f7f7; display: inline-block;'><strong>#TXTBX ▭</strong> :: <strong>Mobile Number</strong> Value entered ⇒ <span style='color: #009;'>9876543210</span></div>
Clicked On :: Date Picker - Date of Birth
#DATEPICKER 📅 :: Date of Birth :: Date successfully picked :: 01/01/1990
<div style='border: 1px solid #ddd; padding: 8px; margin: 5px 0; border-radius: 4px; background-color: #f7f7f7; display: inline-block;'><strong>#TXTBX ▭</strong> :: <strong>Subject</strong> Value entered ⇒ <span style='color: #009;'>Math, Physics</span></div>
Clicked On :: Hobby: Reading
Clicked On :: Hobby: Music
<div style='border: 1px solid #ddd; padding: 8px; margin: 5px 0; border-radius: 4px; background-color: #f7f7f7; display: inline-block;'><strong>#FILEUP 🔼</strong> :: <strong>Profile Picture</strong> File Uploaded ⇒ <span style='color: #001dff;'>valdn01_34_2025_01_34_51.png</span></div>
<div style='border: 1px solid #ddd; padding: 8px; margin: 5px 0; border-radius: 4px; background-color: #f7f7f7; display: inline-block;'><strong>#TXTBX ▭</strong> :: <strong>Current Address</strong> Value entered ⇒ <span style='color: #009;'>Paithan, Maharashtra</span></div>
<div style='border: 1px solid #ddd; padding: 8px; margin: 5px 0; border-radius: 4px; background-color: #f7f7f7; display: inline-block;'><strong>#BTN 📤</strong> :: <strong>Clicked On</strong> ⇒ <span style='color: #001dff;'>Submit Button</span></div>
<font color =#18122B><b>Sceenshot Path::C:\Users\HP\Documents\Ahmedabad\ANKUSH_FRAMEWORK\ScreenShots\Validation\valdn01_04_2025_02_04_03.png</b></font>
<h4>Time :01/06/2025 02:04:04 PM</h4>
<br>
<img src="C:\Users\HP\Documents\Ahmedabad\ANKUSH_FRAMEWORK\ScreenShots\Validation\valdn01_04_2025_02_04_03.png" width="1000" height="500" ></img>
<br>
<br>
<table><tr><th style='font-weight: normal;'>Student Name</th><th>Ankush Agle</th></tr><tr><th style='font-weight: normal;'>Student Email</th><th>ankush.agle@test.com</th></tr><tr><th style='font-weight: normal;'>Gender</th><th>Male</th></tr><tr><th style='font-weight: normal;'>Mobile</th><th>9876543210</th></tr><tr><th style='font-weight: normal;'>Date of Birth</th><th>01 January,1990</th></tr><tr><th style='font-weight: normal;'>Subjects</th><th></th></tr><tr><th style='font-weight: normal;'>Hobbies</th><th>Reading, Music</th></tr><tr><th style='font-weight: normal;'>Picture</th><th>valdn01_34_2025_01_34_51.png</th></tr><tr><th style='font-weight: normal;'>Address</th><th>Paithan, Maharashtra</th></tr><tr><th style='font-weight: normal;'>State and City</th><th>NCR Delhi</th></tr></table>
📋 Navigating to Home Page...
📋 Attempting to close modal popup (if present)...
⏳ Waiting for Home link to be clickable...
❌ Navigation to Home Page failed: Expected condition failed: waiting for element to be clickable: By.xpath: //a[contains(@href,'https://demoqa.com')] (tried for 2 second(s) with 500 milliseconds interval)
Build info: version: '4.12.1', revision: '8e34639b11'
System info: os.name: 'Windows 11', os.arch: 'amd64', os.version: '10.0', java.version: '18.0.1.1'
Driver info: org.openqa.selenium.chrome.ChromeDriver
Capabilities {acceptInsecureCerts: false, browserName: chrome, browserVersion: 136.0.7103.114, chrome: {chromedriverVersion: 136.0.7103.113 (76fa3c17824..., userDataDir: C:\Users\HP\AppData\Local\T...}, fedcm:accounts: true, goog:chromeOptions: {debuggerAddress: localhost:55923}, networkConnectionEnabled: false, pageLoadStrategy: normal, platformName: windows, proxy: Proxy(), se:cdp: ws://localhost:55923/devtoo..., se:cdpVersion: 136.0.7103.114, setWindowRect: true, strictFileInteractability: false, timeouts: {implicit: 0, pageLoad: 300000, script: 30000}, unhandledPromptBehavior: dismiss and notify, webauthn:extension:credBlob: true, webauthn:extension:largeBlob: true, webauthn:extension:minPinLength: true, webauthn:extension:prf: true, webauthn:virtualAuthenticators: true}
Session ID: a671931228b8d81aca92b182bedd45b7
<h3 style="color:#132043;"><b> Iteration Number &#10781; :2</b></h4>
<div style='border: 1px solid #e0e0e0;padding: 8px 12px;margin: 8px 0;border-radius: 6px;background: linear-gradient(to right, #f8f9fa, #ffffff);box-shadow: 0 2px 4px rgba(0,0,0,0.05);display: inline-block;font-family: Arial, sans-serif;'><span style='font-weight: bold;color: #333;'>🌍 Browser Info:</span> <span style='color: #2c7be5;font-weight: 500;'><img src='data:image/svg+xml;base64,PHN2ZyB4bWxucz0iaHR0cDovL3d3dy53My5vcmcvMjAwMC9zdmciIHZpZXdCb3g9IjAgMCA0NDggNTEyIj48cGF0aCBmaWxsPSIjRkZDMTAyIiBkPSJNMjI0IDI1NmMwIDEyLjktNyAyNC40LTE3LjcgMjkuNkwxODcgMzA5LjljLTUuNCAzLTEyLjMgMy4xLTE3LjcuMS0xMC40LTUuOS0xNi43LTE2LjktMTYuNy0yOC42VjE5OGMwLTEyLjkgNy0yNC40IDE3LjctMjkuNkwxODcgMTQyLjFjNS40LTMgMTIuMy0zLjEgMTcuNy0uMSAxMC40IDUuOSAxNi43IDE2LjkgMTYuNyAyOC42djU4LjJ6Ii8+PHBhdGggZmlsbD0iIzRBNDlGNSIgZD0iTTIyNCAyNTZjMCAxMi45LTcgMjQuNC0xNy43IDI5LjZMMTg3IDMwOS45Yy01LjQgMy0xMi4zIDMuMS0xNy43LjEtMTAuNC01LjktMTYuNy0xNi45LTE2LjctMjguNlYxOThjMC0xMi45IDctMjQuNCAxNy43LTI5LjZMMTg3IDE0Mi4xYzUuNC0zIDEyLjMtMy4xIDE3LjctLjEgMTAuNCA1LjkgMTYuNyAxNi45IDE2LjcgMjguNnY1OC4yeiIvPjxwYXRoIGZpbGw9IiNGRkMxMDIiIGQ9Ik0yMjQgMjU2YzAgMTIuOS03IDI0LjQtMTcuNyAyOS42TDE4NyAzMDkuOWMtNS40IDMtMTIuMyAzLjEtMTcuNy4xLTEwLjQtNS45LTE2LjctMTYuOS0xNi43LTI4LjZWMTk4YzAtMTIuOSA3LTI0LjQgMTcuNy0yOS42TDE4NyAxNDIuMWM1LjQtMyAxMi4zLTMuMSAxNy43LS4xIDEwLjQgNS45IDE2LjcgMTYuOSAxNi43IDI4LjZ2NTguMnoiLz48cGF0aCBmaWxsPSIjRkZDMTAyIiBkPSJNMjI0IDI1NmMwIDEyLjktNyAyNC40LTE3LjcgMjkuNkwxODcgMzA5LjljLTUuNCAzLTEyLjMgMy4xLTE3LjcuMS0xMC40LTUuOS0xNi43LTE2LjktMTYuNy0yOC42VjE5OGMwLTEyLjkgNy0yNC40IDE3LjctMjkuNkwxODcgMTQyLjFjNS40LTMgMTIuMy0zLjEgMTcuNy0uMSAxMC40IDUuOSAxNi43IDE2LjkgMTYuNyAyOC42djU4LjJ6Ii8+PC9zdmc+' height='20' width='20' style='vertical-align: middle;' /> <span style='color: #4285F4;'>Google Chrome</span></span></div>
<div style="border: 1px solid #ddd; padding: 8px; margin: 5px 0; border-radius: 4px; background-color: #f7f7f7; display: inline-block;"><strong>💻 #System Info</strong> :: <strong>PC Name</strong> ⇒ <span style="color: #001dff;">ANKUSH1111</span> &nbsp;&nbsp;|&nbsp;&nbsp; <strong>User</strong> ⇒ <span style="color: #006400;">HP</span></div>
<div style='border: 1px solid #ddd; padding: 8px; margin: 5px 0; border-radius: 4px; background-color: #f7f7f7; display: inline-block;'><strong>#TXTBX ▭</strong> :: <strong>Full Name</strong> Value entered ⇒ <span style='color: #009;'>Ankush Agle</span></div>
<div style='border: 1px solid #ddd; padding: 8px; margin: 5px 0; border-radius: 4px; background-color: #f7f7f7; display: inline-block;'><strong>#TXTBX ▭</strong> :: <strong>Email</strong> Value entered ⇒ <span style='color: #009;'>ankush.agle@test.com</span></div>
<div style='border: 1px solid #ddd; padding: 8px; margin: 5px 0; border-radius: 4px; background-color: #f7f7f7; display: inline-block;'><strong>#TXTBX ▭</strong> :: <strong>Current Address</strong> Value entered ⇒ <span style='color: #009;'>Paithan, Maharashtra</span></div>
<div style='border: 1px solid #ddd; padding: 8px; margin: 5px 0; border-radius: 4px; background-color: #f7f7f7; display: inline-block;'><strong>#TXTBX ▭</strong> :: <strong>Permanent Address</strong> Value entered ⇒ <span style='color: #009;'>Aurangabad, Maharashtra</span></div>
<div style='border: 1px solid #ddd; padding: 8px; margin: 5px 0; border-radius: 4px; background-color: #f7f7f7; display: inline-block;'><strong>#BTN 📤</strong> :: <strong>Clicked On</strong> ⇒ <span style='color: #001dff;'>Submit Button</span></div>
📋 Navigating to Home Page...
📋 Attempting to close modal popup (if present)...
⏳ Waiting for Home link to be clickable...
✅ Home link found: https://demoqa.com/
📋 Clicking on Home link...
⏳ Waiting for loader to disappear...
⏳ Verifying home page load...
❌ Navigation to Home Page failed: Expected condition failed: waiting for url to contain "home". Current url: "https://demoqa.com/" (tried for 10 second(s) with 500 milliseconds interval)
Build info: version: '4.12.1', revision: '8e34639b11'
System info: os.name: 'Windows 11', os.arch: 'amd64', os.version: '10.0', java.version: '18.0.1.1'
Driver info: org.openqa.selenium.chrome.ChromeDriver
Capabilities {acceptInsecureCerts: false, browserName: chrome, browserVersion: 136.0.7103.114, chrome: {chromedriverVersion: 136.0.7103.113 (76fa3c17824..., userDataDir: C:\Users\HP\AppData\Local\T...}, fedcm:accounts: true, goog:chromeOptions: {debuggerAddress: localhost:55925}, networkConnectionEnabled: false, pageLoadStrategy: normal, platformName: windows, proxy: Proxy(), se:cdp: ws://localhost:55925/devtoo..., se:cdpVersion: 136.0.7103.114, setWindowRect: true, strictFileInteractability: false, timeouts: {implicit: 0, pageLoad: 300000, script: 30000}, unhandledPromptBehavior: dismiss and notify, webauthn:extension:credBlob: true, webauthn:extension:largeBlob: true, webauthn:extension:minPinLength: true, webauthn:extension:prf: true, webauthn:virtualAuthenticators: true}
Session ID: 8c92c7e2ded1c3ae1cd18274538d3bb3
<h3 style="color:#132043;"><b> Iteration Number &#10781; :2</b></h4>
<div style='border: 1px solid #e0e0e0;padding: 8px 12px;margin: 8px 0;border-radius: 6px;background: linear-gradient(to right, #f8f9fa, #ffffff);box-shadow: 0 2px 4px rgba(0,0,0,0.05);display: inline-block;font-family: Arial, sans-serif;'><span style='font-weight: bold;color: #333;'>🌍 Browser Info:</span> <span style='color: #2c7be5;font-weight: 500;'><img src='data:image/svg+xml;base64,PHN2ZyB4bWxucz0iaHR0cDovL3d3dy53My5vcmcvMjAwMC9zdmciIHZpZXdCb3g9IjAgMCA0NDggNTEyIj48cGF0aCBmaWxsPSIjRkZDMTAyIiBkPSJNMjI0IDI1NmMwIDEyLjktNyAyNC40LTE3LjcgMjkuNkwxODcgMzA5LjljLTUuNCAzLTEyLjMgMy4xLTE3LjcuMS0xMC40LTUuOS0xNi43LTE2LjktMTYuNy0yOC42VjE5OGMwLTEyLjkgNy0yNC40IDE3LjctMjkuNkwxODcgMTQyLjFjNS40LTMgMTIuMy0zLjEgMTcuNy0uMSAxMC40IDUuOSAxNi43IDE2LjkgMTYuNyAyOC42djU4LjJ6Ii8+PHBhdGggZmlsbD0iIzRBNDlGNSIgZD0iTTIyNCAyNTZjMCAxMi45LTcgMjQuNC0xNy43IDI5LjZMMTg3IDMwOS45Yy01LjQgMy0xMi4zIDMuMS0xNy43LjEtMTAuNC01LjktMTYuNy0xNi45LTE2LjctMjguNlYxOThjMC0xMi45IDctMjQuNCAxNy43LTI5LjZMMTg3IDE0Mi4xYzUuNC0zIDEyLjMtMy4xIDE3LjctLjEgMTAuNCA1LjkgMTYuNyAxNi45IDE2LjcgMjguNnY1OC4yeiIvPjxwYXRoIGZpbGw9IiNGRkMxMDIiIGQ9Ik0yMjQgMjU2YzAgMTIuOS03IDI0LjQtMTcuNyAyOS42TDE4NyAzMDkuOWMtNS40IDMtMTIuMyAzLjEtMTcuNy4xLTEwLjQtNS45LTE2LjctMTYuOS0xNi43LTI4LjZWMTk4YzAtMTIuOSA3LTI0LjQgMTcuNy0yOS42TDE4NyAxNDIuMWM1LjQtMyAxMi4zLTMuMSAxNy43LS4xIDEwLjQgNS45IDE2LjcgMTYuOSAxNi43IDI4LjZ2NTguMnoiLz48cGF0aCBmaWxsPSIjRkZDMTAyIiBkPSJNMjI0IDI1NmMwIDEyLjktNyAyNC40LTE3LjcgMjkuNkwxODcgMzA5LjljLTUuNCAzLTEyLjMgMy4xLTE3LjcuMS0xMC40LTUuOS0xNi43LTE2LjktMTYuNy0yOC42VjE5OGMwLTEyLjkgNy0yNC40IDE3LjctMjkuNkwxODcgMTQyLjFjNS40LTMgMTIuMy0zLjEgMTcuNy0uMSAxMC40IDUuOSAxNi43IDE2LjkgMTYuNyAyOC42djU4LjJ6Ii8+PC9zdmc+' height='20' width='20' style='vertical-align: middle;' /> <span style='color: #4285F4;'>Google Chrome</span></span></div>
<div style="border: 1px solid #ddd; padding: 8px; margin: 5px 0; border-radius: 4px; background-color: #f7f7f7; display: inline-block;"><strong>💻 #System Info</strong> :: <strong>PC Name</strong> ⇒ <span style="color: #001dff;">ANKUSH1111</span> &nbsp;&nbsp;|&nbsp;&nbsp; <strong>User</strong> ⇒ <span style="color: #006400;">HP</span></div>
<div style='border: 1px solid #ddd; padding: 8px; margin: 5px 0; border-radius: 4px; background-color: #f7f7f7; display: inline-block;'><strong>#TXTBX ▭</strong> :: <strong>First Name</strong> Value entered ⇒ <span style='color: #009;'>Harprit</span></div>
<div style='border: 1px solid #ddd; padding: 8px; margin: 5px 0; border-radius: 4px; background-color: #f7f7f7; display: inline-block;'><strong>#TXTBX ▭</strong> :: <strong>Last Name</strong> Value entered ⇒ <span style='color: #009;'>Brar</span></div>
<div style='border: 1px solid #ddd; padding: 8px; margin: 5px 0; border-radius: 4px; background-color: #f7f7f7; display: inline-block;'><strong>#TXTBX ▭</strong> :: <strong>Full Name</strong> Value entered ⇒ <span style='color: #009;'>Priya Sharma</span></div>
<div style='border: 1px solid #ddd; padding: 8px; margin: 5px 0; border-radius: 4px; background-color: #f7f7f7; display: inline-block;'><strong>#TXTBX ▭</strong> :: <strong>Email</strong> Value entered ⇒ <span style='color: #009;'>harpritBarar.agle@test.com</span></div>
<div style='border: 1px solid #ddd; padding: 8px; margin: 5px 0; border-radius: 4px; background-color: #f7f7f7; display: inline-block;'><strong>#TXTBX ▭</strong> :: <strong>Email</strong> Value entered ⇒ <span style='color: #009;'>priya.sharma@test.com</span></div>
Clicked On :: Gender Male Radio
<div style='border: 1px solid #ddd; padding: 8px; margin: 5px 0; border-radius: 4px; background-color: #f7f7f7; display: inline-block;'><strong>#TXTBX ▭</strong> :: <strong>Current Address</strong> Value entered ⇒ <span style='color: #009;'>Pune, Maharashtra</span></div>
<div style='border: 1px solid #ddd; padding: 8px; margin: 5px 0; border-radius: 4px; background-color: #f7f7f7; display: inline-block;'><strong>#TXTBX ▭</strong> :: <strong>Mobile Number</strong> Value entered ⇒ <span style='color: #009;'>9876543210</span></div>
<div style='border: 1px solid #ddd; padding: 8px; margin: 5px 0; border-radius: 4px; background-color: #f7f7f7; display: inline-block;'><strong>#TXTBX ▭</strong> :: <strong>Permanent Address</strong> Value entered ⇒ <span style='color: #009;'>Nagpur, Maharashtra</span></div>
<div style='border: 1px solid #ddd; padding: 8px; margin: 5px 0; border-radius: 4px; background-color: #f7f7f7; display: inline-block;'><strong>#BTN 📤</strong> :: <strong>Clicked On</strong> ⇒ <span style='color: #001dff;'>Submit Button</span></div>
📋 Navigating to Home Page...
📋 Attempting to close modal popup (if present)...
⏳ Waiting for Home link to be clickable...
✅ Home link found: https://demoqa.com/
📋 Clicking on Home link...
Clicked On :: Date Picker - Date of Birth
#DATEPICKER 📅 :: Date of Birth :: Date successfully picked :: 01/02/2001
<div style='border: 1px solid #ddd; padding: 8px; margin: 5px 0; border-radius: 4px; background-color: #f7f7f7; display: inline-block;'><strong>#TXTBX ▭</strong> :: <strong>Subject</strong> Value entered ⇒ <span style='color: #009;'>Math, Physics</span></div>
Clicked On :: Hobby: Reading
Clicked On :: Hobby: Music
<div style='border: 1px solid #ddd; padding: 8px; margin: 5px 0; border-radius: 4px; background-color: #f7f7f7; display: inline-block;'><strong>#FILEUP 🔼</strong> :: <strong>Profile Picture</strong> File Uploaded ⇒ <span style='color: #001dff;'>valdn01_09_2025_01_09_10.png</span></div>
<div style='border: 1px solid #ddd; padding: 8px; margin: 5px 0; border-radius: 4px; background-color: #f7f7f7; display: inline-block;'><strong>#TXTBX ▭</strong> :: <strong>Current Address</strong> Value entered ⇒ <span style='color: #009;'>Paithan, Maharashtra</span></div>
<div style='border: 1px solid #ddd; padding: 8px; margin: 5px 0; border-radius: 4px; background-color: #f7f7f7; display: inline-block;'><strong>#BTN 📤</strong> :: <strong>Clicked On</strong> ⇒ <span style='color: #001dff;'>Submit Button</span></div>
<font color =#18122B><b>Sceenshot Path::C:\Users\HP\Documents\Ahmedabad\ANKUSH_FRAMEWORK\ScreenShots\Validation\valdn01_04_2025_02_04_52.png</b></font>
<h4>Time :01/06/2025 02:04:52 PM</h4>
<br>
<img src="C:\Users\HP\Documents\Ahmedabad\ANKUSH_FRAMEWORK\ScreenShots\Validation\valdn01_04_2025_02_04_52.png" width="1000" height="500" ></img>
<br>
<br>
<table><tr><th style='font-weight: normal;'>Student Name</th><th>Harprit Brar</th></tr><tr><th style='font-weight: normal;'>Student Email</th><th>harpritBarar.agle@test.com</th></tr><tr><th style='font-weight: normal;'>Gender</th><th>Male</th></tr><tr><th style='font-weight: normal;'>Mobile</th><th>9876543210</th></tr><tr><th style='font-weight: normal;'>Date of Birth</th><th>01 February,2001</th></tr><tr><th style='font-weight: normal;'>Subjects</th><th></th></tr><tr><th style='font-weight: normal;'>Hobbies</th><th>Reading, Music</th></tr><tr><th style='font-weight: normal;'>Picture</th><th>valdn01_09_2025_01_09_10.png</th></tr><tr><th style='font-weight: normal;'>Address</th><th>Paithan, Maharashtra</th></tr><tr><th style='font-weight: normal;'>State and City</th><th>NCR Delhi</th></tr></table>
📋 Navigating to Home Page...
📋 Attempting to close modal popup (if present)...
⏳ Waiting for Home link to be clickable...
❌ Navigation to Home Page failed: Expected condition failed: waiting for element to be clickable: By.xpath: //a[contains(@href,'https://demoqa.com')] (tried for 2 second(s) with 500 milliseconds interval)
Build info: version: '4.12.1', revision: '8e34639b11'
System info: os.name: 'Windows 11', os.arch: 'amd64', os.version: '10.0', java.version: '18.0.1.1'
Driver info: org.openqa.selenium.chrome.ChromeDriver
Capabilities {acceptInsecureCerts: false, browserName: chrome, browserVersion: 136.0.7103.114, chrome: {chromedriverVersion: 136.0.7103.113 (76fa3c17824..., userDataDir: C:\Users\HP\AppData\Local\T...}, fedcm:accounts: true, goog:chromeOptions: {debuggerAddress: localhost:55924}, networkConnectionEnabled: false, pageLoadStrategy: normal, platformName: windows, proxy: Proxy(), se:cdp: ws://localhost:55924/devtoo..., se:cdpVersion: 136.0.7103.114, setWindowRect: true, strictFileInteractability: false, timeouts: {implicit: 0, pageLoad: 300000, script: 30000}, unhandledPromptBehavior: dismiss and notify, webauthn:extension:credBlob: true, webauthn:extension:largeBlob: true, webauthn:extension:minPinLength: true, webauthn:extension:prf: true, webauthn:virtualAuthenticators: true}
Session ID: 0760308abae285c02a61177870140574
<h3 style="color:#132043;"><b> Iteration Number &#10781; :2</b></h4>
<div style='border: 1px solid #e0e0e0;padding: 8px 12px;margin: 8px 0;border-radius: 6px;background: linear-gradient(to right, #f8f9fa, #ffffff);box-shadow: 0 2px 4px rgba(0,0,0,0.05);display: inline-block;font-family: Arial, sans-serif;'><span style='font-weight: bold;color: #333;'>🌍 Browser Info:</span> <span style='color: #2c7be5;font-weight: 500;'><img src='data:image/svg+xml;base64,PHN2ZyB4bWxucz0iaHR0cDovL3d3dy53My5vcmcvMjAwMC9zdmciIHZpZXdCb3g9IjAgMCA0NDggNTEyIj48cGF0aCBmaWxsPSIjRkZDMTAyIiBkPSJNMjI0IDI1NmMwIDEyLjktNyAyNC40LTE3LjcgMjkuNkwxODcgMzA5LjljLTUuNCAzLTEyLjMgMy4xLTE3LjcuMS0xMC40LTUuOS0xNi43LTE2LjktMTYuNy0yOC42VjE5OGMwLTEyLjkgNy0yNC40IDE3LjctMjkuNkwxODcgMTQyLjFjNS40LTMgMTIuMy0zLjEgMTcuNy0uMSAxMC40IDUuOSAxNi43IDE2LjkgMTYuNyAyOC42djU4LjJ6Ii8+PHBhdGggZmlsbD0iIzRBNDlGNSIgZD0iTTIyNCAyNTZjMCAxMi45LTcgMjQuNC0xNy43IDI5LjZMMTg3IDMwOS45Yy01LjQgMy0xMi4zIDMuMS0xNy43LjEtMTAuNC01LjktMTYuNy0xNi45LTE2LjctMjguNlYxOThjMC0xMi45IDctMjQuNCAxNy43LTI5LjZMMTg3IDE0Mi4xYzUuNC0zIDEyLjMtMy4xIDE3LjctLjEgMTAuNCA1LjkgMTYuNyAxNi45IDE2LjcgMjguNnY1OC4yeiIvPjxwYXRoIGZpbGw9IiNGRkMxMDIiIGQ9Ik0yMjQgMjU2YzAgMTIuOS03IDI0LjQtMTcuNyAyOS42TDE4NyAzMDkuOWMtNS40IDMtMTIuMyAzLjEtMTcuNy4xLTEwLjQtNS45LTE2LjctMTYuOS0xNi43LTI4LjZWMTk4YzAtMTIuOSA3LTI0LjQgMTcuNy0yOS42TDE4NyAxNDIuMWM1LjQtMyAxMi4zLTMuMSAxNy43LS4xIDEwLjQgNS45IDE2LjcgMTYuOSAxNi43IDI4LjZ2NTguMnoiLz48cGF0aCBmaWxsPSIjRkZDMTAyIiBkPSJNMjI0IDI1NmMwIDEyLjktNyAyNC40LTE3LjcgMjkuNkwxODcgMzA5LjljLTUuNCAzLTEyLjMgMy4xLTE3LjcuMS0xMC40LTUuOS0xNi43LTE2LjktMTYuNy0yOC42VjE5OGMwLTEyLjkgNy0yNC40IDE3LjctMjkuNkwxODcgMTQyLjFjNS40LTMgMTIuMy0zLjEgMTcuNy0uMSAxMC40IDUuOSAxNi43IDE2LjkgMTYuNyAyOC42djU4LjJ6Ii8+PC9zdmc+' height='20' width='20' style='vertical-align: middle;' /> <span style='color: #4285F4;'>Google Chrome</span></span></div>
<div style="border: 1px solid #ddd; padding: 8px; margin: 5px 0; border-radius: 4px; background-color: #f7f7f7; display: inline-block;"><strong>💻 #System Info</strong> :: <strong>PC Name</strong> ⇒ <span style="color: #001dff;">ANKUSH1111</span> &nbsp;&nbsp;|&nbsp;&nbsp; <strong>User</strong> ⇒ <span style="color: #006400;">HP</span></div>
⏳ Waiting for loader to disappear...
⏳ Verifying home page load...
<div style='border: 1px solid #ddd; padding: 8px; margin: 5px 0; border-radius: 4px; background-color: #f7f7f7; display: inline-block;'><strong>#TXTBX ▭</strong> :: <strong>First Name</strong> Value entered ⇒ <span style='color: #009;'>Hashim</span></div>
<div style='border: 1px solid #ddd; padding: 8px; margin: 5px 0; border-radius: 4px; background-color: #f7f7f7; display: inline-block;'><strong>#TXTBX ▭</strong> :: <strong>Last Name</strong> Value entered ⇒ <span style='color: #009;'>Sharma</span></div>
<div style='border: 1px solid #ddd; padding: 8px; margin: 5px 0; border-radius: 4px; background-color: #f7f7f7; display: inline-block;'><strong>#TXTBX ▭</strong> :: <strong>Email</strong> Value entered ⇒ <span style='color: #009;'>hashim.sharma@test.com</span></div>
Clicked On :: Gender Male Radio
<div style='border: 1px solid #ddd; padding: 8px; margin: 5px 0; border-radius: 4px; background-color: #f7f7f7; display: inline-block;'><strong>#TXTBX ▭</strong> :: <strong>Mobile Number</strong> Value entered ⇒ <span style='color: #009;'>9123456780</span></div>
Clicked On :: Date Picker - Date of Birth
#DATEPICKER 📅 :: Date of Birth :: Date successfully picked :: 10-01-1997
<div style='border: 1px solid #ddd; padding: 8px; margin: 5px 0; border-radius: 4px; background-color: #f7f7f7; display: inline-block;'><strong>#TXTBX ▭</strong> :: <strong>Subject</strong> Value entered ⇒ <span style='color: #009;'>English</span></div>
❌ Navigation to Home Page failed: Expected condition failed: waiting for url to contain "home". Current url: "https://demoqa.com/" (tried for 10 second(s) with 500 milliseconds interval)
Build info: version: '4.12.1', revision: '8e34639b11'
System info: os.name: 'Windows 11', os.arch: 'amd64', os.version: '10.0', java.version: '18.0.1.1'
Driver info: org.openqa.selenium.chrome.ChromeDriver
Capabilities {acceptInsecureCerts: false, browserName: chrome, browserVersion: 136.0.7103.114, chrome: {chromedriverVersion: 136.0.7103.113 (76fa3c17824..., userDataDir: C:\Users\HP\AppData\Local\T...}, fedcm:accounts: true, goog:chromeOptions: {debuggerAddress: localhost:55925}, networkConnectionEnabled: false, pageLoadStrategy: normal, platformName: windows, proxy: Proxy(), se:cdp: ws://localhost:55925/devtoo..., se:cdpVersion: 136.0.7103.114, setWindowRect: true, strictFileInteractability: false, timeouts: {implicit: 0, pageLoad: 300000, script: 30000}, unhandledPromptBehavior: dismiss and notify, webauthn:extension:credBlob: true, webauthn:extension:largeBlob: true, webauthn:extension:minPinLength: true, webauthn:extension:prf: true, webauthn:virtualAuthenticators: true}
Session ID: 8c92c7e2ded1c3ae1cd18274538d3bb3
<h3 style="color:#132043;"><b> Iteration Number &#10781; :3</b></h4>
<div style='border: 1px solid #e0e0e0;padding: 8px 12px;margin: 8px 0;border-radius: 6px;background: linear-gradient(to right, #f8f9fa, #ffffff);box-shadow: 0 2px 4px rgba(0,0,0,0.05);display: inline-block;font-family: Arial, sans-serif;'><span style='font-weight: bold;color: #333;'>🌍 Browser Info:</span> <span style='color: #2c7be5;font-weight: 500;'><img src='data:image/svg+xml;base64,PHN2ZyB4bWxucz0iaHR0cDovL3d3dy53My5vcmcvMjAwMC9zdmciIHZpZXdCb3g9IjAgMCA0NDggNTEyIj48cGF0aCBmaWxsPSIjRkZDMTAyIiBkPSJNMjI0IDI1NmMwIDEyLjktNyAyNC40LTE3LjcgMjkuNkwxODcgMzA5LjljLTUuNCAzLTEyLjMgMy4xLTE3LjcuMS0xMC40LTUuOS0xNi43LTE2LjktMTYuNy0yOC42VjE5OGMwLTEyLjkgNy0yNC40IDE3LjctMjkuNkwxODcgMTQyLjFjNS40LTMgMTIuMy0zLjEgMTcuNy0uMSAxMC40IDUuOSAxNi43IDE2LjkgMTYuNyAyOC42djU4LjJ6Ii8+PHBhdGggZmlsbD0iIzRBNDlGNSIgZD0iTTIyNCAyNTZjMCAxMi45LTcgMjQuNC0xNy43IDI5LjZMMTg3IDMwOS45Yy01LjQgMy0xMi4zIDMuMS0xNy43LjEtMTAuNC01LjktMTYuNy0xNi45LTE2LjctMjguNlYxOThjMC0xMi45IDctMjQuNCAxNy43LTI5LjZMMTg3IDE0Mi4xYzUuNC0zIDEyLjMtMy4xIDE3LjctLjEgMTAuNCA1LjkgMTYuNyAxNi45IDE2LjcgMjguNnY1OC4yeiIvPjxwYXRoIGZpbGw9IiNGRkMxMDIiIGQ9Ik0yMjQgMjU2YzAgMTIuOS03IDI0LjQtMTcuNyAyOS42TDE4NyAzMDkuOWMtNS40IDMtMTIuMyAzLjEtMTcuNy4xLTEwLjQtNS45LTE2LjctMTYuOS0xNi43LTI4LjZWMTk4YzAtMTIuOSA3LTI0LjQgMTcuNy0yOS42TDE4NyAxNDIuMWM1LjQtMyAxMi4zLTMuMSAxNy43LS4xIDEwLjQgNS45IDE2LjcgMTYuOSAxNi43IDI4LjZ2NTguMnoiLz48cGF0aCBmaWxsPSIjRkZDMTAyIiBkPSJNMjI0IDI1NmMwIDEyLjktNyAyNC40LTE3LjcgMjkuNkwxODcgMzA5LjljLTUuNCAzLTEyLjMgMy4xLTE3LjcuMS0xMC40LTUuOS0xNi43LTE2LjktMTYuNy0yOC42VjE5OGMwLTEyLjkgNy0yNC40IDE3LjctMjkuNkwxODcgMTQyLjFjNS40LTMgMTIuMy0zLjEgMTcuNy0uMSAxMC40IDUuOSAxNi43IDE2LjkgMTYuNyAyOC42djU4LjJ6Ii8+PC9zdmc+' height='20' width='20' style='vertical-align: middle;' /> <span style='color: #4285F4;'>Google Chrome</span></span></div>
<div style="border: 1px solid #ddd; padding: 8px; margin: 5px 0; border-radius: 4px; background-color: #f7f7f7; display: inline-block;"><strong>💻 #System Info</strong> :: <strong>PC Name</strong> ⇒ <span style="color: #001dff;">ANKUSH1111</span> &nbsp;&nbsp;|&nbsp;&nbsp; <strong>User</strong> ⇒ <span style="color: #006400;">HP</span></div>
Click Sucessfully==Again Double Click==Hobby: Sports
<div style='border: 1px solid #ddd; padding: 8px; margin: 5px 0; border-radius: 4px; background-color: #f7f7f7; display: inline-block;'><strong>#FILEUP 🔼</strong> :: <strong>Profile Picture</strong> File Uploaded ⇒ <span style='color: #001dff;'>valdn01_09_2025_01_09_25.png</span></div>
<div style='border: 1px solid #ddd; padding: 8px; margin: 5px 0; border-radius: 4px; background-color: #f7f7f7; display: inline-block;'><strong>#TXTBX ▭</strong> :: <strong>Current Address</strong> Value entered ⇒ <span style='color: #009;'>Pune, Maharashtra</span></div>
<div style='border: 1px solid #ddd; padding: 8px; margin: 5px 0; border-radius: 4px; background-color: #f7f7f7; display: inline-block;'><strong>#TXTBX ▭</strong> :: <strong>Full Name</strong> Value entered ⇒ <span style='color: #009;'>Rahul Verma</span></div>
<div style='border: 1px solid #ddd; padding: 8px; margin: 5px 0; border-radius: 4px; background-color: #f7f7f7; display: inline-block;'><strong>#TXTBX ▭</strong> :: <strong>Email</strong> Value entered ⇒ <span style='color: #009;'>rahul.verma@test.com</span></div>
<div style='border: 1px solid #ddd; padding: 8px; margin: 5px 0; border-radius: 4px; background-color: #f7f7f7; display: inline-block;'><strong>#BTN 📤</strong> :: <strong>Clicked On</strong> ⇒ <span style='color: #001dff;'>Submit Button</span></div>
<div style='border: 1px solid #ddd; padding: 8px; margin: 5px 0; border-radius: 4px; background-color: #f7f7f7; display: inline-block;'><strong>#TXTBX ▭</strong> :: <strong>Current Address</strong> Value entered ⇒ <span style='color: #009;'>Bhopal, Madhya Pradesh</span></div>
<div style='border: 1px solid #ddd; padding: 8px; margin: 5px 0; border-radius: 4px; background-color: #f7f7f7; display: inline-block;'><strong>#TXTBX ▭</strong> :: <strong>Permanent Address</strong> Value entered ⇒ <span style='color: #009;'>Indore, Madhya Pradesh</span></div>
<font color =#18122B><b>Sceenshot Path::C:\Users\HP\Documents\Ahmedabad\ANKUSH_FRAMEWORK\ScreenShots\Validation\valdn01_05_2025_02_05_24.png</b></font>
<h4>Time :01/06/2025 02:05:24 PM</h4>
<br>
<img src="C:\Users\HP\Documents\Ahmedabad\ANKUSH_FRAMEWORK\ScreenShots\Validation\valdn01_05_2025_02_05_24.png" width="1000" height="500" ></img>
<br>
<br>
<div style='border: 1px solid #ddd; padding: 8px; margin: 5px 0; border-radius: 4px; background-color: #f7f7f7; display: inline-block;'><strong>#BTN 📤</strong> :: <strong>Clicked On</strong> ⇒ <span style='color: #001dff;'>Submit Button</span></div>
📋 Navigating to Home Page...
📋 Attempting to close modal popup (if present)...
⏳ Waiting for Home link to be clickable...
✅ Home link found: https://demoqa.com/
📋 Clicking on Home link...
<table><tr><th style='font-weight: normal;'>Student Name</th><th>Hashim Sharma</th></tr><tr><th style='font-weight: normal;'>Student Email</th><th>hashim.sharma@test.com</th></tr><tr><th style='font-weight: normal;'>Gender</th><th>Male</th></tr><tr><th style='font-weight: normal;'>Mobile</th><th>9123456780</th></tr><tr><th style='font-weight: normal;'>Date of Birth</th><th>10 January,1997</th></tr><tr><th style='font-weight: normal;'>Subjects</th><th>English</th></tr><tr><th style='font-weight: normal;'>Hobbies</th><th>Sports</th></tr><tr><th style='font-weight: normal;'>Picture</th><th>valdn01_09_2025_01_09_25.png</th></tr><tr><th style='font-weight: normal;'>Address</th><th>Pune, Maharashtra</th></tr><tr><th style='font-weight: normal;'>State and City</th><th>Uttar Pradesh Lucknow</th></tr></table>
📋 Navigating to Home Page...
📋 Attempting to close modal popup (if present)...
⏳ Waiting for Home link to be clickable...
⏳ Waiting for loader to disappear...
⏳ Verifying home page load...
❌ Navigation to Home Page failed: Expected condition failed: waiting for element to be clickable: By.xpath: //a[contains(@href,'https://demoqa.com')] (tried for 2 second(s) with 500 milliseconds interval)
Build info: version: '4.12.1', revision: '8e34639b11'
System info: os.name: 'Windows 11', os.arch: 'amd64', os.version: '10.0', java.version: '18.0.1.1'
Driver info: org.openqa.selenium.chrome.ChromeDriver
Capabilities {acceptInsecureCerts: false, browserName: chrome, browserVersion: 136.0.7103.114, chrome: {chromedriverVersion: 136.0.7103.113 (76fa3c17824..., userDataDir: C:\Users\HP\AppData\Local\T...}, fedcm:accounts: true, goog:chromeOptions: {debuggerAddress: localhost:55924}, networkConnectionEnabled: false, pageLoadStrategy: normal, platformName: windows, proxy: Proxy(), se:cdp: ws://localhost:55924/devtoo..., se:cdpVersion: 136.0.7103.114, setWindowRect: true, strictFileInteractability: false, timeouts: {implicit: 0, pageLoad: 300000, script: 30000}, unhandledPromptBehavior: dismiss and notify, webauthn:extension:credBlob: true, webauthn:extension:largeBlob: true, webauthn:extension:minPinLength: true, webauthn:extension:prf: true, webauthn:virtualAuthenticators: true}
Session ID: 0760308abae285c02a61177870140574
<h3 style="color:#132043;"><b> Iteration Number &#10781; :3</b></h4>
<div style='border: 1px solid #e0e0e0;padding: 8px 12px;margin: 8px 0;border-radius: 6px;background: linear-gradient(to right, #f8f9fa, #ffffff);box-shadow: 0 2px 4px rgba(0,0,0,0.05);display: inline-block;font-family: Arial, sans-serif;'><span style='font-weight: bold;color: #333;'>🌍 Browser Info:</span> <span style='color: #2c7be5;font-weight: 500;'><img src='data:image/svg+xml;base64,PHN2ZyB4bWxucz0iaHR0cDovL3d3dy53My5vcmcvMjAwMC9zdmciIHZpZXdCb3g9IjAgMCA0NDggNTEyIj48cGF0aCBmaWxsPSIjRkZDMTAyIiBkPSJNMjI0IDI1NmMwIDEyLjktNyAyNC40LTE3LjcgMjkuNkwxODcgMzA5LjljLTUuNCAzLTEyLjMgMy4xLTE3LjcuMS0xMC40LTUuOS0xNi43LTE2LjktMTYuNy0yOC42VjE5OGMwLTEyLjkgNy0yNC40IDE3LjctMjkuNkwxODcgMTQyLjFjNS40LTMgMTIuMy0zLjEgMTcuNy0uMSAxMC40IDUuOSAxNi43IDE2LjkgMTYuNyAyOC42djU4LjJ6Ii8+PHBhdGggZmlsbD0iIzRBNDlGNSIgZD0iTTIyNCAyNTZjMCAxMi45LTcgMjQuNC0xNy43IDI5LjZMMTg3IDMwOS45Yy01LjQgMy0xMi4zIDMuMS0xNy43LjEtMTAuNC01LjktMTYuNy0xNi45LTE2LjctMjguNlYxOThjMC0xMi45IDctMjQuNCAxNy43LTI5LjZMMTg3IDE0Mi4xYzUuNC0zIDEyLjMtMy4xIDE3LjctLjEgMTAuNCA1LjkgMTYuNyAxNi45IDE2LjcgMjguNnY1OC4yeiIvPjxwYXRoIGZpbGw9IiNGRkMxMDIiIGQ9Ik0yMjQgMjU2YzAgMTIuOS03IDI0LjQtMTcuNyAyOS42TDE4NyAzMDkuOWMtNS40IDMtMTIuMyAzLjEtMTcuNy4xLTEwLjQtNS45LTE2LjctMTYuOS0xNi43LTI4LjZWMTk4YzAtMTIuOSA3LTI0LjQgMTcuNy0yOS42TDE4NyAxNDIuMWM1LjQtMyAxMi4zLTMuMSAxNy43LS4xIDEwLjQgNS45IDE2LjcgMTYuOSAxNi43IDI4LjZ2NTguMnoiLz48cGF0aCBmaWxsPSIjRkZDMTAyIiBkPSJNMjI0IDI1NmMwIDEyLjktNyAyNC40LTE3LjcgMjkuNkwxODcgMzA5LjljLTUuNCAzLTEyLjMgMy4xLTE3LjcuMS0xMC40LTUuOS0xNi43LTE2LjktMTYuNy0yOC42VjE5OGMwLTEyLjkgNy0yNC40IDE3LjctMjkuNkwxODcgMTQyLjFjNS40LTMgMTIuMy0zLjEgMTcuNy0uMSAxMC40IDUuOSAxNi43IDE2LjkgMTYuNyAyOC42djU4LjJ6Ii8+PC9zdmc+' height='20' width='20' style='vertical-align: middle;' /> <span style='color: #4285F4;'>Google Chrome</span></span></div>
<div style="border: 1px solid #ddd; padding: 8px; margin: 5px 0; border-radius: 4px; background-color: #f7f7f7; display: inline-block;"><strong>💻 #System Info</strong> :: <strong>PC Name</strong> ⇒ <span style="color: #001dff;">ANKUSH1111</span> &nbsp;&nbsp;|&nbsp;&nbsp; <strong>User</strong> ⇒ <span style="color: #006400;">HP</span></div>
❌ Navigation to Home Page failed: Expected condition failed: waiting for url to contain "home". Current url: "https://demoqa.com/" (tried for 10 second(s) with 500 milliseconds interval)
Build info: version: '4.12.1', revision: '8e34639b11'
System info: os.name: 'Windows 11', os.arch: 'amd64', os.version: '10.0', java.version: '18.0.1.1'
Driver info: org.openqa.selenium.chrome.ChromeDriver
Capabilities {acceptInsecureCerts: false, browserName: chrome, browserVersion: 136.0.7103.114, chrome: {chromedriverVersion: 136.0.7103.113 (76fa3c17824..., userDataDir: C:\Users\HP\AppData\Local\T...}, fedcm:accounts: true, goog:chromeOptions: {debuggerAddress: localhost:55925}, networkConnectionEnabled: false, pageLoadStrategy: normal, platformName: windows, proxy: Proxy(), se:cdp: ws://localhost:55925/devtoo..., se:cdpVersion: 136.0.7103.114, setWindowRect: true, strictFileInteractability: false, timeouts: {implicit: 0, pageLoad: 300000, script: 30000}, unhandledPromptBehavior: dismiss and notify, webauthn:extension:credBlob: true, webauthn:extension:largeBlob: true, webauthn:extension:minPinLength: true, webauthn:extension:prf: true, webauthn:virtualAuthenticators: true}
Session ID: 8c92c7e2ded1c3ae1cd18274538d3bb3
<h3 style="color:#132043;"><b> Iteration Number &#10781; :4</b></h4>
<div style='border: 1px solid #e0e0e0;padding: 8px 12px;margin: 8px 0;border-radius: 6px;background: linear-gradient(to right, #f8f9fa, #ffffff);box-shadow: 0 2px 4px rgba(0,0,0,0.05);display: inline-block;font-family: Arial, sans-serif;'><span style='font-weight: bold;color: #333;'>🌍 Browser Info:</span> <span style='color: #2c7be5;font-weight: 500;'><img src='data:image/svg+xml;base64,PHN2ZyB4bWxucz0iaHR0cDovL3d3dy53My5vcmcvMjAwMC9zdmciIHZpZXdCb3g9IjAgMCA0NDggNTEyIj48cGF0aCBmaWxsPSIjRkZDMTAyIiBkPSJNMjI0IDI1NmMwIDEyLjktNyAyNC40LTE3LjcgMjkuNkwxODcgMzA5LjljLTUuNCAzLTEyLjMgMy4xLTE3LjcuMS0xMC40LTUuOS0xNi43LTE2LjktMTYuNy0yOC42VjE5OGMwLTEyLjkgNy0yNC40IDE3LjctMjkuNkwxODcgMTQyLjFjNS40LTMgMTIuMy0zLjEgMTcuNy0uMSAxMC40IDUuOSAxNi43IDE2LjkgMTYuNyAyOC42djU4LjJ6Ii8+PHBhdGggZmlsbD0iIzRBNDlGNSIgZD0iTTIyNCAyNTZjMCAxMi45LTcgMjQuNC0xNy43IDI5LjZMMTg3IDMwOS45Yy01LjQgMy0xMi4zIDMuMS0xNy43LjEtMTAuNC01LjktMTYuNy0xNi45LTE2LjctMjguNlYxOThjMC0xMi45IDctMjQuNCAxNy43LTI5LjZMMTg3IDE0Mi4xYzUuNC0zIDEyLjMtMy4xIDE3LjctLjEgMTAuNCA1LjkgMTYuNyAxNi45IDE2LjcgMjguNnY1OC4yeiIvPjxwYXRoIGZpbGw9IiNGRkMxMDIiIGQ9Ik0yMjQgMjU2YzAgMTIuOS03IDI0LjQtMTcuNyAyOS42TDE4NyAzMDkuOWMtNS40IDMtMTIuMyAzLjEtMTcuNy4xLTEwLjQtNS45LTE2LjctMTYuOS0xNi43LTI4LjZWMTk4YzAtMTIuOSA3LTI0LjQgMTcuNy0yOS42TDE4NyAxNDIuMWM1LjQtMyAxMi4zLTMuMSAxNy43LS4xIDEwLjQgNS45IDE2LjcgMTYuOSAxNi43IDI4LjZ2NTguMnoiLz48cGF0aCBmaWxsPSIjRkZDMTAyIiBkPSJNMjI0IDI1NmMwIDEyLjktNyAyNC40LTE3LjcgMjkuNkwxODcgMzA5LjljLTUuNCAzLTEyLjMgMy4xLTE3LjcuMS0xMC40LTUuOS0xNi43LTE2LjktMTYuNy0yOC42VjE5OGMwLTEyLjkgNy0yNC40IDE3LjctMjkuNkwxODcgMTQyLjFjNS40LTMgMTIuMy0zLjEgMTcuNy0uMSAxMC40IDUuOSAxNi43IDE2LjkgMTYuNyAyOC42djU4LjJ6Ii8+PC9zdmc+' height='20' width='20' style='vertical-align: middle;' /> <span style='color: #4285F4;'>Google Chrome</span></span></div>
<div style="border: 1px solid #ddd; padding: 8px; margin: 5px 0; border-radius: 4px; background-color: #f7f7f7; display: inline-block;"><strong>💻 #System Info</strong> :: <strong>PC Name</strong> ⇒ <span style="color: #001dff;">ANKUSH1111</span> &nbsp;&nbsp;|&nbsp;&nbsp; <strong>User</strong> ⇒ <span style="color: #006400;">HP</span></div>
<div style='border: 1px solid #ddd; padding: 8px; margin: 5px 0; border-radius: 4px; background-color: #f7f7f7; display: inline-block;'><strong>#TXTBX ▭</strong> :: <strong>First Name</strong> Value entered ⇒ <span style='color: #009;'>Rahul</span></div>
<div style='border: 1px solid #ddd; padding: 8px; margin: 5px 0; border-radius: 4px; background-color: #f7f7f7; display: inline-block;'><strong>#TXTBX ▭</strong> :: <strong>Last Name</strong> Value entered ⇒ <span style='color: #009;'>Verma</span></div>
<div style='border: 1px solid #ddd; padding: 8px; margin: 5px 0; border-radius: 4px; background-color: #f7f7f7; display: inline-block;'><strong>#TXTBX ▭</strong> :: <strong>Email</strong> Value entered ⇒ <span style='color: #009;'>rahul.verma@test.com</span></div>
Clicked On :: Gender Male Radio
<div style='border: 1px solid #ddd; padding: 8px; margin: 5px 0; border-radius: 4px; background-color: #f7f7f7; display: inline-block;'><strong>#TXTBX ▭</strong> :: <strong>Mobile Number</strong> Value entered ⇒ <span style='color: #009;'>9988776655</span></div>
Clicked On :: Date Picker - Date of Birth
#DATEPICKER 📅 :: Date of Birth :: Date successfully picked :: 25-10-1990
<div style='border: 1px solid #ddd; padding: 8px; margin: 5px 0; border-radius: 4px; background-color: #f7f7f7; display: inline-block;'><strong>#TXTBX ▭</strong> :: <strong>Subject</strong> Value entered ⇒ <span style='color: #009;'>Chemistry</span></div>
<div style='border: 1px solid #ddd; padding: 8px; margin: 5px 0; border-radius: 4px; background-color: #f7f7f7; display: inline-block;'><strong>#TXTBX ▭</strong> :: <strong>Full Name</strong> Value entered ⇒ <span style='color: #009;'>Sneha Patil</span></div>
Click Sucessfully==Again Double Click==Hobby: Music
<div style='border: 1px solid #ddd; padding: 8px; margin: 5px 0; border-radius: 4px; background-color: #f7f7f7; display: inline-block;'><strong>#TXTBX ▭</strong> :: <strong>Email</strong> Value entered ⇒ <span style='color: #009;'>sneha.patil@test.com</span></div>
<div style='border: 1px solid #ddd; padding: 8px; margin: 5px 0; border-radius: 4px; background-color: #f7f7f7; display: inline-block;'><strong>#FILEUP 🔼</strong> :: <strong>Profile Picture</strong> File Uploaded ⇒ <span style='color: #001dff;'>valdn01_09_2025_01_09_39.png</span></div>
<div style='border: 1px solid #ddd; padding: 8px; margin: 5px 0; border-radius: 4px; background-color: #f7f7f7; display: inline-block;'><strong>#TXTBX ▭</strong> :: <strong>Current Address</strong> Value entered ⇒ <span style='color: #009;'>Bhopal, Madhya Pradesh</span></div>
<div style='border: 1px solid #ddd; padding: 8px; margin: 5px 0; border-radius: 4px; background-color: #f7f7f7; display: inline-block;'><strong>#TXTBX ▭</strong> :: <strong>Current Address</strong> Value entered ⇒ <span style='color: #009;'>Nashik, Maharashtra</span></div>
<div style='border: 1px solid #ddd; padding: 8px; margin: 5px 0; border-radius: 4px; background-color: #f7f7f7; display: inline-block;'><strong>#TXTBX ▭</strong> :: <strong>Permanent Address</strong> Value entered ⇒ <span style='color: #009;'>Kolhapur, Maharashtra</span></div>
<div style='border: 1px solid #ddd; padding: 8px; margin: 5px 0; border-radius: 4px; background-color: #f7f7f7; display: inline-block;'><strong>#BTN 📤</strong> :: <strong>Clicked On</strong> ⇒ <span style='color: #001dff;'>Submit Button</span></div>
📋 Navigating to Home Page...
📋 Attempting to close modal popup (if present)...
⏳ Waiting for Home link to be clickable...
✅ Home link found: https://demoqa.com/
📋 Clicking on Home link...
<div style='border: 1px solid #ddd; padding: 8px; margin: 5px 0; border-radius: 4px; background-color: #f7f7f7; display: inline-block;'><strong>#BTN 📤</strong> :: <strong>Clicked On</strong> ⇒ <span style='color: #001dff;'>Submit Button</span></div>
<font color =#18122B><b>Sceenshot Path::C:\Users\HP\Documents\Ahmedabad\ANKUSH_FRAMEWORK\ScreenShots\Validation\valdn01_05_2025_02_05_56.png</b></font>
<h4>Time :01/06/2025 02:05:57 PM</h4>
<br>
<img src="C:\Users\HP\Documents\Ahmedabad\ANKUSH_FRAMEWORK\ScreenShots\Validation\valdn01_05_2025_02_05_56.png" width="1000" height="500" ></img>
<br>
<br>
<table><tr><th style='font-weight: normal;'>Student Name</th><th>Rahul Verma</th></tr><tr><th style='font-weight: normal;'>Student Email</th><th>rahul.verma@test.com</th></tr><tr><th style='font-weight: normal;'>Gender</th><th>Male</th></tr><tr><th style='font-weight: normal;'>Mobile</th><th>9988776655</th></tr><tr><th style='font-weight: normal;'>Date of Birth</th><th>25 October,1990</th></tr><tr><th style='font-weight: normal;'>Subjects</th><th>Chemistry</th></tr><tr><th style='font-weight: normal;'>Hobbies</th><th>Music</th></tr><tr><th style='font-weight: normal;'>Picture</th><th>valdn01_09_2025_01_09_39.png</th></tr><tr><th style='font-weight: normal;'>Address</th><th>Bhopal, Madhya Pradesh</th></tr><tr><th style='font-weight: normal;'>State and City</th><th>Haryana Karnal</th></tr></table>
📋 Navigating to Home Page...
📋 Attempting to close modal popup (if present)...
⏳ Waiting for Home link to be clickable...
⏳ Waiting for loader to disappear...
⏳ Verifying home page load...
❌ Navigation to Home Page failed: Expected condition failed: waiting for element to be clickable: By.xpath: //a[contains(@href,'https://demoqa.com')] (tried for 2 second(s) with 500 milliseconds interval)
Build info: version: '4.12.1', revision: '8e34639b11'
System info: os.name: 'Windows 11', os.arch: 'amd64', os.version: '10.0', java.version: '18.0.1.1'
Driver info: org.openqa.selenium.chrome.ChromeDriver
Capabilities {acceptInsecureCerts: false, browserName: chrome, browserVersion: 136.0.7103.114, chrome: {chromedriverVersion: 136.0.7103.113 (76fa3c17824..., userDataDir: C:\Users\HP\AppData\Local\T...}, fedcm:accounts: true, goog:chromeOptions: {debuggerAddress: localhost:55924}, networkConnectionEnabled: false, pageLoadStrategy: normal, platformName: windows, proxy: Proxy(), se:cdp: ws://localhost:55924/devtoo..., se:cdpVersion: 136.0.7103.114, setWindowRect: true, strictFileInteractability: false, timeouts: {implicit: 0, pageLoad: 300000, script: 30000}, unhandledPromptBehavior: dismiss and notify, webauthn:extension:credBlob: true, webauthn:extension:largeBlob: true, webauthn:extension:minPinLength: true, webauthn:extension:prf: true, webauthn:virtualAuthenticators: true}
Session ID: 0760308abae285c02a61177870140574
<h3 style="color:#132043;"><b> Iteration Number &#10781; :4</b></h4>
<div style='border: 1px solid #e0e0e0;padding: 8px 12px;margin: 8px 0;border-radius: 6px;background: linear-gradient(to right, #f8f9fa, #ffffff);box-shadow: 0 2px 4px rgba(0,0,0,0.05);display: inline-block;font-family: Arial, sans-serif;'><span style='font-weight: bold;color: #333;'>🌍 Browser Info:</span> <span style='color: #2c7be5;font-weight: 500;'><img src='data:image/svg+xml;base64,PHN2ZyB4bWxucz0iaHR0cDovL3d3dy53My5vcmcvMjAwMC9zdmciIHZpZXdCb3g9IjAgMCA0NDggNTEyIj48cGF0aCBmaWxsPSIjRkZDMTAyIiBkPSJNMjI0IDI1NmMwIDEyLjktNyAyNC40LTE3LjcgMjkuNkwxODcgMzA5LjljLTUuNCAzLTEyLjMgMy4xLTE3LjcuMS0xMC40LTUuOS0xNi43LTE2LjktMTYuNy0yOC42VjE5OGMwLTEyLjkgNy0yNC40IDE3LjctMjkuNkwxODcgMTQyLjFjNS40LTMgMTIuMy0zLjEgMTcuNy0uMSAxMC40IDUuOSAxNi43IDE2LjkgMTYuNyAyOC42djU4LjJ6Ii8+PHBhdGggZmlsbD0iIzRBNDlGNSIgZD0iTTIyNCAyNTZjMCAxMi45LTcgMjQuNC0xNy43IDI5LjZMMTg3IDMwOS45Yy01LjQgMy0xMi4zIDMuMS0xNy43LjEtMTAuNC01LjktMTYuNy0xNi45LTE2LjctMjguNlYxOThjMC0xMi45IDctMjQuNCAxNy43LTI5LjZMMTg3IDE0Mi4xYzUuNC0zIDEyLjMtMy4xIDE3LjctLjEgMTAuNCA1LjkgMTYuNyAxNi45IDE2LjcgMjguNnY1OC4yeiIvPjxwYXRoIGZpbGw9IiNGRkMxMDIiIGQ9Ik0yMjQgMjU2YzAgMTIuOS03IDI0LjQtMTcuNyAyOS42TDE4NyAzMDkuOWMtNS40IDMtMTIuMyAzLjEtMTcuNy4xLTEwLjQtNS45LTE2LjctMTYuOS0xNi43LTI4LjZWMTk4YzAtMTIuOSA3LTI0LjQgMTcuNy0yOS42TDE4NyAxNDIuMWM1LjQtMyAxMi4zLTMuMSAxNy43LS4xIDEwLjQgNS45IDE2LjcgMTYuOSAxNi43IDI4LjZ2NTguMnoiLz48cGF0aCBmaWxsPSIjRkZDMTAyIiBkPSJNMjI0IDI1NmMwIDEyLjktNyAyNC40LTE3LjcgMjkuNkwxODcgMzA5LjljLTUuNCAzLTEyLjMgMy4xLTE3LjcuMS0xMC40LTUuOS0xNi43LTE2LjktMTYuNy0yOC42VjE5OGMwLTEyLjkgNy0yNC40IDE3LjctMjkuNkwxODcgMTQyLjFjNS40LTMgMTIuMy0zLjEgMTcuNy0uMSAxMC40IDUuOSAxNi43IDE2LjkgMTYuNyAyOC42djU4LjJ6Ii8+PC9zdmc+' height='20' width='20' style='vertical-align: middle;' /> <span style='color: #4285F4;'>Google Chrome</span></span></div>
<div style="border: 1px solid #ddd; padding: 8px; margin: 5px 0; border-radius: 4px; background-color: #f7f7f7; display: inline-block;"><strong>💻 #System Info</strong> :: <strong>PC Name</strong> ⇒ <span style="color: #001dff;">ANKUSH1111</span> &nbsp;&nbsp;|&nbsp;&nbsp; <strong>User</strong> ⇒ <span style="color: #006400;">HP</span></div>
<div style='border: 1px solid #ddd; padding: 8px; margin: 5px 0; border-radius: 4px; background-color: #f7f7f7; display: inline-block;'><strong>#TXTBX ▭</strong> :: <strong>First Name</strong> Value entered ⇒ <span style='color: #009;'>Sneha</span></div>
<div style='border: 1px solid #ddd; padding: 8px; margin: 5px 0; border-radius: 4px; background-color: #f7f7f7; display: inline-block;'><strong>#TXTBX ▭</strong> :: <strong>Last Name</strong> Value entered ⇒ <span style='color: #009;'>Patil</span></div>
<div style='border: 1px solid #ddd; padding: 8px; margin: 5px 0; border-radius: 4px; background-color: #f7f7f7; display: inline-block;'><strong>#TXTBX ▭</strong> :: <strong>Email</strong> Value entered ⇒ <span style='color: #009;'>sneha.patil@test.com</span></div>
<div style='border: 1px solid #ddd; padding: 8px; margin: 5px 0; border-radius: 4px; background-color: #f7f7f7; display: inline-block;'><strong>#TXTBX ▭</strong> :: <strong>First Name</strong> Value entered ⇒ <span style='color: #009;'>Priya</span></div>
Clicked On :: Gender Female Radio
<div style='border: 1px solid #ddd; padding: 8px; margin: 5px 0; border-radius: 4px; background-color: #f7f7f7; display: inline-block;'><strong>#TXTBX ▭</strong> :: <strong>Last Name</strong> Value entered ⇒ <span style='color: #009;'>Sharma</span></div>
<div style='border: 1px solid #ddd; padding: 8px; margin: 5px 0; border-radius: 4px; background-color: #f7f7f7; display: inline-block;'><strong>#TXTBX ▭</strong> :: <strong>Mobile Number</strong> Value entered ⇒ <span style='color: #009;'>9871234567</span></div>
<div style='border: 1px solid #ddd; padding: 8px; margin: 5px 0; border-radius: 4px; background-color: #f7f7f7; display: inline-block;'><strong>#TXTBX ▭</strong> :: <strong>Email</strong> Value entered ⇒ <span style='color: #009;'>priya.sharma@test.com</span></div>
Clicked On :: Gender Female Radio
<div style='border: 1px solid #ddd; padding: 8px; margin: 5px 0; border-radius: 4px; background-color: #f7f7f7; display: inline-block;'><strong>#TXTBX ▭</strong> :: <strong>Mobile Number</strong> Value entered ⇒ <span style='color: #009;'>9123456780</span></div>
❌ Navigation to Home Page failed: Expected condition failed: waiting for url to contain "home". Current url: "https://demoqa.com/" (tried for 10 second(s) with 500 milliseconds interval)
Build info: version: '4.12.1', revision: '8e34639b11'
System info: os.name: 'Windows 11', os.arch: 'amd64', os.version: '10.0', java.version: '18.0.1.1'
Driver info: org.openqa.selenium.chrome.ChromeDriver
Capabilities {acceptInsecureCerts: false, browserName: chrome, browserVersion: 136.0.7103.114, chrome: {chromedriverVersion: 136.0.7103.113 (76fa3c17824..., userDataDir: C:\Users\HP\AppData\Local\T...}, fedcm:accounts: true, goog:chromeOptions: {debuggerAddress: localhost:55925}, networkConnectionEnabled: false, pageLoadStrategy: normal, platformName: windows, proxy: Proxy(), se:cdp: ws://localhost:55925/devtoo..., se:cdpVersion: 136.0.7103.114, setWindowRect: true, strictFileInteractability: false, timeouts: {implicit: 0, pageLoad: 300000, script: 30000}, unhandledPromptBehavior: dismiss and notify, webauthn:extension:credBlob: true, webauthn:extension:largeBlob: true, webauthn:extension:minPinLength: true, webauthn:extension:prf: true, webauthn:virtualAuthenticators: true}
Session ID: 8c92c7e2ded1c3ae1cd18274538d3bb3
<h3 style="color:#132043;"><b> Iteration Number &#10781; :5</b></h4>
<div style='border: 1px solid #e0e0e0;padding: 8px 12px;margin: 8px 0;border-radius: 6px;background: linear-gradient(to right, #f8f9fa, #ffffff);box-shadow: 0 2px 4px rgba(0,0,0,0.05);display: inline-block;font-family: Arial, sans-serif;'><span style='font-weight: bold;color: #333;'>🌍 Browser Info:</span> <span style='color: #2c7be5;font-weight: 500;'><img src='data:image/svg+xml;base64,PHN2ZyB4bWxucz0iaHR0cDovL3d3dy53My5vcmcvMjAwMC9zdmciIHZpZXdCb3g9IjAgMCA0NDggNTEyIj48cGF0aCBmaWxsPSIjRkZDMTAyIiBkPSJNMjI0IDI1NmMwIDEyLjktNyAyNC40LTE3LjcgMjkuNkwxODcgMzA5LjljLTUuNCAzLTEyLjMgMy4xLTE3LjcuMS0xMC40LTUuOS0xNi43LTE2LjktMTYuNy0yOC42VjE5OGMwLTEyLjkgNy0yNC40IDE3LjctMjkuNkwxODcgMTQyLjFjNS40LTMgMTIuMy0zLjEgMTcuNy0uMSAxMC40IDUuOSAxNi43IDE2LjkgMTYuNyAyOC42djU4LjJ6Ii8+PHBhdGggZmlsbD0iIzRBNDlGNSIgZD0iTTIyNCAyNTZjMCAxMi45LTcgMjQuNC0xNy43IDI5LjZMMTg3IDMwOS45Yy01LjQgMy0xMi4zIDMuMS0xNy43LjEtMTAuNC01LjktMTYuNy0xNi45LTE2LjctMjguNlYxOThjMC0xMi45IDctMjQuNCAxNy43LTI5LjZMMTg3IDE0Mi4xYzUuNC0zIDEyLjMtMy4xIDE3LjctLjEgMTAuNCA1LjkgMTYuNyAxNi45IDE2LjcgMjguNnY1OC4yeiIvPjxwYXRoIGZpbGw9IiNGRkMxMDIiIGQ9Ik0yMjQgMjU2YzAgMTIuOS03IDI0LjQtMTcuNyAyOS42TDE4NyAzMDkuOWMtNS40IDMtMTIuMyAzLjEtMTcuNy4xLTEwLjQtNS45LTE2LjctMTYuOS0xNi43LTI4LjZWMTk4YzAtMTIuOSA3LTI0LjQgMTcuNy0yOS42TDE4NyAxNDIuMWM1LjQtMyAxMi4zLTMuMSAxNy43LS4xIDEwLjQgNS45IDE2LjcgMTYuOSAxNi43IDI4LjZ2NTguMnoiLz48cGF0aCBmaWxsPSIjRkZDMTAyIiBkPSJNMjI0IDI1NmMwIDEyLjktNyAyNC40LTE3LjcgMjkuNkwxODcgMzA5LjljLTUuNCAzLTEyLjMgMy4xLTE3LjcuMS0xMC40LTUuOS0xNi43LTE2LjktMTYuNy0yOC42VjE5OGMwLTEyLjkgNy0yNC40IDE3LjctMjkuNkwxODcgMTQyLjFjNS40LTMgMTIuMy0zLjEgMTcuNy0uMSAxMC40IDUuOSAxNi43IDE2LjkgMTYuNyAyOC42djU4LjJ6Ii8+PC9zdmc+' height='20' width='20' style='vertical-align: middle;' /> <span style='color: #4285F4;'>Google Chrome</span></span></div>
<div style="border: 1px solid #ddd; padding: 8px; margin: 5px 0; border-radius: 4px; background-color: #f7f7f7; display: inline-block;"><strong>💻 #System Info</strong> :: <strong>PC Name</strong> ⇒ <span style="color: #001dff;">ANKUSH1111</span> &nbsp;&nbsp;|&nbsp;&nbsp; <strong>User</strong> ⇒ <span style="color: #006400;">HP</span></div>
Clicked On :: Date Picker - Date of Birth
#DATEPICKER 📅 :: Date of Birth :: Date successfully picked :: 27-01-2004
<div style='border: 1px solid #ddd; padding: 8px; margin: 5px 0; border-radius: 4px; background-color: #f7f7f7; display: inline-block;'><strong>#TXTBX ▭</strong> :: <strong>Subject</strong> Value entered ⇒ <span style='color: #009;'>Biology</span></div>
Clicked On :: Date Picker - Date of Birth
#DATEPICKER 📅 :: Date of Birth :: Date successfully picked :: 15/02/1992
<div style='border: 1px solid #ddd; padding: 8px; margin: 5px 0; border-radius: 4px; background-color: #f7f7f7; display: inline-block;'><strong>#TXTBX ▭</strong> :: <strong>Subject</strong> Value entered ⇒ <span style='color: #009;'>English</span></div>
<div style='border: 1px solid #ddd; padding: 8px; margin: 5px 0; border-radius: 4px; background-color: #f7f7f7; display: inline-block;'><strong>#TXTBX ▭</strong> :: <strong>Full Name</strong> Value entered ⇒ <span style='color: #009;'>Karan Mehta</span></div>
Click Sucessfully==Again Double Click==Hobby: Reading
Clicked On :: Hobby: Sports
<div style='border: 1px solid #ddd; padding: 8px; margin: 5px 0; border-radius: 4px; background-color: #f7f7f7; display: inline-block;'><strong>#TXTBX ▭</strong> :: <strong>Email</strong> Value entered ⇒ <span style='color: #009;'>karan.mehta@test.com</span></div>
<div style='border: 1px solid #ddd; padding: 8px; margin: 5px 0; border-radius: 4px; background-color: #f7f7f7; display: inline-block;'><strong>#FILEUP 🔼</strong> :: <strong>Profile Picture</strong> File Uploaded ⇒ <span style='color: #001dff;'>valdn01_09_2025_01_09_54.png</span></div>
Click Sucessfully==Again Double Click==Hobby: Sports
<div style='border: 1px solid #ddd; padding: 8px; margin: 5px 0; border-radius: 4px; background-color: #f7f7f7; display: inline-block;'><strong>#FILEUP 🔼</strong> :: <strong>Profile Picture</strong> File Uploaded ⇒ <span style='color: #001dff;'>valdn01_35_2025_01_35_08.png</span></div>
<div style='border: 1px solid #ddd; padding: 8px; margin: 5px 0; border-radius: 4px; background-color: #f7f7f7; display: inline-block;'><strong>#TXTBX ▭</strong> :: <strong>Current Address</strong> Value entered ⇒ <span style='color: #009;'>Jaipur, Rajasthan</span></div>
<div style='border: 1px solid #ddd; padding: 8px; margin: 5px 0; border-radius: 4px; background-color: #f7f7f7; display: inline-block;'><strong>#TXTBX ▭</strong> :: <strong>Current Address</strong> Value entered ⇒ <span style='color: #009;'>Nashik, Maharashtra</span></div>
<div style='border: 1px solid #ddd; padding: 8px; margin: 5px 0; border-radius: 4px; background-color: #f7f7f7; display: inline-block;'><strong>#TXTBX ▭</strong> :: <strong>Current Address</strong> Value entered ⇒ <span style='color: #009;'>Pune, Maharashtra</span></div>
<div style='border: 1px solid #ddd; padding: 8px; margin: 5px 0; border-radius: 4px; background-color: #f7f7f7; display: inline-block;'><strong>#TXTBX ▭</strong> :: <strong>Permanent Address</strong> Value entered ⇒ <span style='color: #009;'>Udaipur, Rajasthan</span></div>
<div style='border: 1px solid #ddd; padding: 8px; margin: 5px 0; border-radius: 4px; background-color: #f7f7f7; display: inline-block;'><strong>#BTN 📤</strong> :: <strong>Clicked On</strong> ⇒ <span style='color: #001dff;'>Submit Button</span></div>
📋 Navigating to Home Page...
📋 Attempting to close modal popup (if present)...
⏳ Waiting for Home link to be clickable...
✅ Home link found: https://demoqa.com/
📋 Clicking on Home link...
<div style='border: 1px solid #ddd; padding: 8px; margin: 5px 0; border-radius: 4px; background-color: #f7f7f7; display: inline-block;'><strong>#BTN 📤</strong> :: <strong>Clicked On</strong> ⇒ <span style='color: #001dff;'>Submit Button</span></div>
<div style='border: 1px solid #ddd; padding: 8px; margin: 5px 0; border-radius: 4px; background-color: #f7f7f7; display: inline-block;'><strong>#BTN 📤</strong> :: <strong>Clicked On</strong> ⇒ <span style='color: #001dff;'>Submit Button</span></div>
<font color =#18122B><b>Sceenshot Path::C:\Users\HP\Documents\Ahmedabad\ANKUSH_FRAMEWORK\ScreenShots\Validation\valdn01_06_2025_02_06_17.png</b></font>
<font color =#18122B><b>Sceenshot Path::C:\Users\HP\Documents\Ahmedabad\ANKUSH_FRAMEWORK\ScreenShots\Validation\valdn01_06_2025_02_06_17.png</b></font>
<h4>Time :01/06/2025 02:06:17 PM</h4>
<br>
<img src="C:\Users\HP\Documents\Ahmedabad\ANKUSH_FRAMEWORK\ScreenShots\Validation\valdn01_06_2025_02_06_17.png" width="1000" height="500" ></img>
<br>
<br>
<h4>Time :01/06/2025 02:06:17 PM</h4>
<br>
<img src="C:\Users\HP\Documents\Ahmedabad\ANKUSH_FRAMEWORK\ScreenShots\Validation\valdn01_06_2025_02_06_17.png" width="1000" height="500" ></img>
<br>
<br>
<table><tr><th style='font-weight: normal;'>Student Name</th><th>Priya Sharma</th></tr><tr><th style='font-weight: normal;'>Student Email</th><th>priya.sharma@test.com</th></tr><tr><th style='font-weight: normal;'>Gender</th><th>Female</th></tr><tr><th style='font-weight: normal;'>Mobile</th><th>9123456780</th></tr><tr><th style='font-weight: normal;'>Date of Birth</th><th>15 February,1992</th></tr><tr><th style='font-weight: normal;'>Subjects</th><th>English</th></tr><tr><th style='font-weight: normal;'>Hobbies</th><th>Sports</th></tr><tr><th style='font-weight: normal;'>Picture</th><th>valdn01_35_2025_01_35_08.png</th></tr><tr><th style='font-weight: normal;'>Address</th><th>Pune, Maharashtra</th></tr><tr><th style='font-weight: normal;'>State and City</th><th>Uttar Pradesh Lucknow</th></tr></table>
📋 Navigating to Home Page...
📋 Attempting to close modal popup (if present)...
⏳ Waiting for Home link to be clickable...
<table><tr><th style='font-weight: normal;'>Student Name</th><th>Sneha Patil</th></tr><tr><th style='font-weight: normal;'>Student Email</th><th>sneha.patil@test.com</th></tr><tr><th style='font-weight: normal;'>Gender</th><th>Female</th></tr><tr><th style='font-weight: normal;'>Mobile</th><th>9871234567</th></tr><tr><th style='font-weight: normal;'>Date of Birth</th><th>27 January,2004</th></tr><tr><th style='font-weight: normal;'>Subjects</th><th>Biology</th></tr><tr><th style='font-weight: normal;'>Hobbies</th><th>Reading, Sports</th></tr><tr><th style='font-weight: normal;'>Picture</th><th>valdn01_09_2025_01_09_54.png</th></tr><tr><th style='font-weight: normal;'>Address</th><th>Nashik, Maharashtra</th></tr><tr><th style='font-weight: normal;'>State and City</th><th>Rajasthan Jaipur</th></tr></table>
📋 Navigating to Home Page...
📋 Attempting to close modal popup (if present)...
⏳ Waiting for Home link to be clickable...
⏳ Waiting for loader to disappear...
⏳ Verifying home page load...
❌ Navigation to Home Page failed: Expected condition failed: waiting for element to be clickable: By.xpath: //a[contains(@href,'https://demoqa.com')] (tried for 2 second(s) with 500 milliseconds interval)
Build info: version: '4.12.1', revision: '8e34639b11'
System info: os.name: 'Windows 11', os.arch: 'amd64', os.version: '10.0', java.version: '18.0.1.1'
Driver info: org.openqa.selenium.chrome.ChromeDriver
Capabilities {acceptInsecureCerts: false, browserName: chrome, browserVersion: 136.0.7103.114, chrome: {chromedriverVersion: 136.0.7103.113 (76fa3c17824..., userDataDir: C:\Users\HP\AppData\Local\T...}, fedcm:accounts: true, goog:chromeOptions: {debuggerAddress: localhost:55923}, networkConnectionEnabled: false, pageLoadStrategy: normal, platformName: windows, proxy: Proxy(), se:cdp: ws://localhost:55923/devtoo..., se:cdpVersion: 136.0.7103.114, setWindowRect: true, strictFileInteractability: false, timeouts: {implicit: 0, pageLoad: 300000, script: 30000}, unhandledPromptBehavior: dismiss and notify, webauthn:extension:credBlob: true, webauthn:extension:largeBlob: true, webauthn:extension:minPinLength: true, webauthn:extension:prf: true, webauthn:virtualAuthenticators: true}
Session ID: a671931228b8d81aca92b182bedd45b7
<h3 style="color:#132043;"><b> Iteration Number &#10781; :3</b></h4>
❌ Navigation to Home Page failed: Expected condition failed: waiting for element to be clickable: By.xpath: //a[contains(@href,'https://demoqa.com')] (tried for 2 second(s) with 500 milliseconds interval)
Build info: version: '4.12.1', revision: '8e34639b11'
System info: os.name: 'Windows 11', os.arch: 'amd64', os.version: '10.0', java.version: '18.0.1.1'
Driver info: org.openqa.selenium.chrome.ChromeDriver
Capabilities {acceptInsecureCerts: false, browserName: chrome, browserVersion: 136.0.7103.114, chrome: {chromedriverVersion: 136.0.7103.113 (76fa3c17824..., userDataDir: C:\Users\HP\AppData\Local\T...}, fedcm:accounts: true, goog:chromeOptions: {debuggerAddress: localhost:55924}, networkConnectionEnabled: false, pageLoadStrategy: normal, platformName: windows, proxy: Proxy(), se:cdp: ws://localhost:55924/devtoo..., se:cdpVersion: 136.0.7103.114, setWindowRect: true, strictFileInteractability: false, timeouts: {implicit: 0, pageLoad: 300000, script: 30000}, unhandledPromptBehavior: dismiss and notify, webauthn:extension:credBlob: true, webauthn:extension:largeBlob: true, webauthn:extension:minPinLength: true, webauthn:extension:prf: true, webauthn:virtualAuthenticators: true}
Session ID: 0760308abae285c02a61177870140574
<h3 style="color:#132043;"><b> Iteration Number &#10781; :5</b></h4>
<div style='border: 1px solid #e0e0e0;padding: 8px 12px;margin: 8px 0;border-radius: 6px;background: linear-gradient(to right, #f8f9fa, #ffffff);box-shadow: 0 2px 4px rgba(0,0,0,0.05);display: inline-block;font-family: Arial, sans-serif;'><span style='font-weight: bold;color: #333;'>🌍 Browser Info:</span> <span style='color: #2c7be5;font-weight: 500;'><img src='data:image/svg+xml;base64,PHN2ZyB4bWxucz0iaHR0cDovL3d3dy53My5vcmcvMjAwMC9zdmciIHZpZXdCb3g9IjAgMCA0NDggNTEyIj48cGF0aCBmaWxsPSIjRkZDMTAyIiBkPSJNMjI0IDI1NmMwIDEyLjktNyAyNC40LTE3LjcgMjkuNkwxODcgMzA5LjljLTUuNCAzLTEyLjMgMy4xLTE3LjcuMS0xMC40LTUuOS0xNi43LTE2LjktMTYuNy0yOC42VjE5OGMwLTEyLjkgNy0yNC40IDE3LjctMjkuNkwxODcgMTQyLjFjNS40LTMgMTIuMy0zLjEgMTcuNy0uMSAxMC40IDUuOSAxNi43IDE2LjkgMTYuNyAyOC42djU4LjJ6Ii8+PHBhdGggZmlsbD0iIzRBNDlGNSIgZD0iTTIyNCAyNTZjMCAxMi45LTcgMjQuNC0xNy43IDI5LjZMMTg3IDMwOS45Yy01LjQgMy0xMi4zIDMuMS0xNy43LjEtMTAuNC01LjktMTYuNy0xNi45LTE2LjctMjguNlYxOThjMC0xMi45IDctMjQuNCAxNy43LTI5LjZMMTg3IDE0Mi4xYzUuNC0zIDEyLjMtMy4xIDE3LjctLjEgMTAuNCA1LjkgMTYuNyAxNi45IDE2LjcgMjguNnY1OC4yeiIvPjxwYXRoIGZpbGw9IiNGRkMxMDIiIGQ9Ik0yMjQgMjU2YzAgMTIuOS03IDI0LjQtMTcuNyAyOS42TDE4NyAzMDkuOWMtNS40IDMtMTIuMyAzLjEtMTcuNy4xLTEwLjQtNS45LTE2LjctMTYuOS0xNi43LTI4LjZWMTk4YzAtMTIuOSA3LTI0LjQgMTcuNy0yOS42TDE4NyAxNDIuMWM1LjQtMyAxMi4zLTMuMSAxNy43LS4xIDEwLjQgNS45IDE2LjcgMTYuOSAxNi43IDI4LjZ2NTguMnoiLz48cGF0aCBmaWxsPSIjRkZDMTAyIiBkPSJNMjI0IDI1NmMwIDEyLjktNyAyNC40LTE3LjcgMjkuNkwxODcgMzA5LjljLTUuNCAzLTEyLjMgMy4xLTE3LjcuMS0xMC40LTUuOS0xNi43LTE2LjktMTYuNy0yOC42VjE5OGMwLTEyLjkgNy0yNC40IDE3LjctMjkuNkwxODcgMTQyLjFjNS40LTMgMTIuMy0zLjEgMTcuNy0uMSAxMC40IDUuOSAxNi43IDE2LjkgMTYuNyAyOC42djU4LjJ6Ii8+PC9zdmc+' height='20' width='20' style='vertical-align: middle;' /> <span style='color: #4285F4;'>Google Chrome</span></span></div>
<div style="border: 1px solid #ddd; padding: 8px; margin: 5px 0; border-radius: 4px; background-color: #f7f7f7; display: inline-block;"><strong>💻 #System Info</strong> :: <strong>PC Name</strong> ⇒ <span style="color: #001dff;">ANKUSH1111</span> &nbsp;&nbsp;|&nbsp;&nbsp; <strong>User</strong> ⇒ <span style="color: #006400;">HP</span></div>
<div style='border: 1px solid #e0e0e0;padding: 8px 12px;margin: 8px 0;border-radius: 6px;background: linear-gradient(to right, #f8f9fa, #ffffff);box-shadow: 0 2px 4px rgba(0,0,0,0.05);display: inline-block;font-family: Arial, sans-serif;'><span style='font-weight: bold;color: #333;'>🌍 Browser Info:</span> <span style='color: #2c7be5;font-weight: 500;'><img src='data:image/svg+xml;base64,PHN2ZyB4bWxucz0iaHR0cDovL3d3dy53My5vcmcvMjAwMC9zdmciIHZpZXdCb3g9IjAgMCA0NDggNTEyIj48cGF0aCBmaWxsPSIjRkZDMTAyIiBkPSJNMjI0IDI1NmMwIDEyLjktNyAyNC40LTE3LjcgMjkuNkwxODcgMzA5LjljLTUuNCAzLTEyLjMgMy4xLTE3LjcuMS0xMC40LTUuOS0xNi43LTE2LjktMTYuNy0yOC42VjE5OGMwLTEyLjkgNy0yNC40IDE3LjctMjkuNkwxODcgMTQyLjFjNS40LTMgMTIuMy0zLjEgMTcuNy0uMSAxMC40IDUuOSAxNi43IDE2LjkgMTYuNyAyOC42djU4LjJ6Ii8+PHBhdGggZmlsbD0iIzRBNDlGNSIgZD0iTTIyNCAyNTZjMCAxMi45LTcgMjQuNC0xNy43IDI5LjZMMTg3IDMwOS45Yy01LjQgMy0xMi4zIDMuMS0xNy43LjEtMTAuNC01LjktMTYuNy0xNi45LTE2LjctMjguNlYxOThjMC0xMi45IDctMjQuNCAxNy43LTI5LjZMMTg3IDE0Mi4xYzUuNC0zIDEyLjMtMy4xIDE3LjctLjEgMTAuNCA1LjkgMTYuNyAxNi45IDE2LjcgMjguNnY1OC4yeiIvPjxwYXRoIGZpbGw9IiNGRkMxMDIiIGQ9Ik0yMjQgMjU2YzAgMTIuOS03IDI0LjQtMTcuNyAyOS42TDE4NyAzMDkuOWMtNS40IDMtMTIuMyAzLjEtMTcuNy4xLTEwLjQtNS45LTE2LjctMTYuOS0xNi43LTI4LjZWMTk4YzAtMTIuOSA3LTI0LjQgMTcuNy0yOS42TDE4NyAxNDIuMWM1LjQtMyAxMi4zLTMuMSAxNy43LS4xIDEwLjQgNS45IDE2LjcgMTYuOSAxNi43IDI4LjZ2NTguMnoiLz48cGF0aCBmaWxsPSIjRkZDMTAyIiBkPSJNMjI0IDI1NmMwIDEyLjktNyAyNC40LTE3LjcgMjkuNkwxODcgMzA5LjljLTUuNCAzLTEyLjMgMy4xLTE3LjcuMS0xMC40LTUuOS0xNi43LTE2LjktMTYuNy0yOC42VjE5OGMwLTEyLjkgNy0yNC40IDE3LjctMjkuNkwxODcgMTQyLjFjNS40LTMgMTIuMy0zLjEgMTcuNy0uMSAxMC40IDUuOSAxNi43IDE2LjkgMTYuNyAyOC42djU4LjJ6Ii8+PC9zdmc+' height='20' width='20' style='vertical-align: middle;' /> <span style='color: #4285F4;'>Google Chrome</span></span></div>
<div style="border: 1px solid #ddd; padding: 8px; margin: 5px 0; border-radius: 4px; background-color: #f7f7f7; display: inline-block;"><strong>💻 #System Info</strong> :: <strong>PC Name</strong> ⇒ <span style="color: #001dff;">ANKUSH1111</span> &nbsp;&nbsp;|&nbsp;&nbsp; <strong>User</strong> ⇒ <span style="color: #006400;">HP</span></div>
<div style='border: 1px solid #ddd; padding: 8px; margin: 5px 0; border-radius: 4px; background-color: #f7f7f7; display: inline-block;'><strong>#TXTBX ▭</strong> :: <strong>First Name</strong> Value entered ⇒ <span style='color: #009;'>Karan</span></div>
<div style='border: 1px solid #ddd; padding: 8px; margin: 5px 0; border-radius: 4px; background-color: #f7f7f7; display: inline-block;'><strong>#TXTBX ▭</strong> :: <strong>Last Name</strong> Value entered ⇒ <span style='color: #009;'>Mehta</span></div>
<div style='border: 1px solid #ddd; padding: 8px; margin: 5px 0; border-radius: 4px; background-color: #f7f7f7; display: inline-block;'><strong>#TXTBX ▭</strong> :: <strong>Email</strong> Value entered ⇒ <span style='color: #009;'>karan.mehta@test.com</span></div>
Clicked On :: Gender Male Radio
<div style='border: 1px solid #ddd; padding: 8px; margin: 5px 0; border-radius: 4px; background-color: #f7f7f7; display: inline-block;'><strong>#TXTBX ▭</strong> :: <strong>Mobile Number</strong> Value entered ⇒ <span style='color: #009;'>9123456789</span></div>
Clicked On :: Date Picker - Date of Birth
#DATEPICKER 📅 :: Date of Birth :: Date successfully picked :: 26-01-1998
❌ Navigation to Home Page failed: Expected condition failed: waiting for url to contain "home". Current url: "https://demoqa.com/" (tried for 10 second(s) with 500 milliseconds interval)
Build info: version: '4.12.1', revision: '8e34639b11'
System info: os.name: 'Windows 11', os.arch: 'amd64', os.version: '10.0', java.version: '18.0.1.1'
Driver info: org.openqa.selenium.chrome.ChromeDriver
Capabilities {acceptInsecureCerts: false, browserName: chrome, browserVersion: 136.0.7103.114, chrome: {chromedriverVersion: 136.0.7103.113 (76fa3c17824..., userDataDir: C:\Users\HP\AppData\Local\T...}, fedcm:accounts: true, goog:chromeOptions: {debuggerAddress: localhost:55925}, networkConnectionEnabled: false, pageLoadStrategy: normal, platformName: windows, proxy: Proxy(), se:cdp: ws://localhost:55925/devtoo..., se:cdpVersion: 136.0.7103.114, setWindowRect: true, strictFileInteractability: false, timeouts: {implicit: 0, pageLoad: 300000, script: 30000}, unhandledPromptBehavior: dismiss and notify, webauthn:extension:credBlob: true, webauthn:extension:largeBlob: true, webauthn:extension:minPinLength: true, webauthn:extension:prf: true, webauthn:virtualAuthenticators: true}
Session ID: 8c92c7e2ded1c3ae1cd18274538d3bb3
<h3 style="color:#132043;"><b> Iteration Number &#10781; :6</b></h4>
<div style='border: 1px solid #ddd; padding: 8px; margin: 5px 0; border-radius: 4px; background-color: #f7f7f7; display: inline-block;'><strong>#TXTBX ▭</strong> :: <strong>Subject</strong> Value entered ⇒ <span style='color: #009;'>History</span></div>
<div style='border: 1px solid #e0e0e0;padding: 8px 12px;margin: 8px 0;border-radius: 6px;background: linear-gradient(to right, #f8f9fa, #ffffff);box-shadow: 0 2px 4px rgba(0,0,0,0.05);display: inline-block;font-family: Arial, sans-serif;'><span style='font-weight: bold;color: #333;'>🌍 Browser Info:</span> <span style='color: #2c7be5;font-weight: 500;'><img src='data:image/svg+xml;base64,PHN2ZyB4bWxucz0iaHR0cDovL3d3dy53My5vcmcvMjAwMC9zdmciIHZpZXdCb3g9IjAgMCA0NDggNTEyIj48cGF0aCBmaWxsPSIjRkZDMTAyIiBkPSJNMjI0IDI1NmMwIDEyLjktNyAyNC40LTE3LjcgMjkuNkwxODcgMzA5LjljLTUuNCAzLTEyLjMgMy4xLTE3LjcuMS0xMC40LTUuOS0xNi43LTE2LjktMTYuNy0yOC42VjE5OGMwLTEyLjkgNy0yNC40IDE3LjctMjkuNkwxODcgMTQyLjFjNS40LTMgMTIuMy0zLjEgMTcuNy0uMSAxMC40IDUuOSAxNi43IDE2LjkgMTYuNyAyOC42djU4LjJ6Ii8+PHBhdGggZmlsbD0iIzRBNDlGNSIgZD0iTTIyNCAyNTZjMCAxMi45LTcgMjQuNC0xNy43IDI5LjZMMTg3IDMwOS45Yy01LjQgMy0xMi4zIDMuMS0xNy43LjEtMTAuNC01LjktMTYuNy0xNi45LTE2LjctMjguNlYxOThjMC0xMi45IDctMjQuNCAxNy43LTI5LjZMMTg3IDE0Mi4xYzUuNC0zIDEyLjMtMy4xIDE3LjctLjEgMTAuNCA1LjkgMTYuNyAxNi45IDE2LjcgMjguNnY1OC4yeiIvPjxwYXRoIGZpbGw9IiNGRkMxMDIiIGQ9Ik0yMjQgMjU2YzAgMTIuOS03IDI0LjQtMTcuNyAyOS42TDE4NyAzMDkuOWMtNS40IDMtMTIuMyAzLjEtMTcuNy4xLTEwLjQtNS45LTE2LjctMTYuOS0xNi43LTI4LjZWMTk4YzAtMTIuOSA3LTI0LjQgMTcuNy0yOS42TDE4NyAxNDIuMWM1LjQtMyAxMi4zLTMuMSAxNy43LS4xIDEwLjQgNS45IDE2LjcgMTYuOSAxNi43IDI4LjZ2NTguMnoiLz48cGF0aCBmaWxsPSIjRkZDMTAyIiBkPSJNMjI0IDI1NmMwIDEyLjktNyAyNC40LTE3LjcgMjkuNkwxODcgMzA5LjljLTUuNCAzLTEyLjMgMy4xLTE3LjcuMS0xMC40LTUuOS0xNi43LTE2LjktMTYuNy0yOC42VjE5OGMwLTEyLjkgNy0yNC40IDE3LjctMjkuNkwxODcgMTQyLjFjNS40LTMgMTIuMy0zLjEgMTcuNy0uMSAxMC40IDUuOSAxNi43IDE2LjkgMTYuNyAyOC42djU4LjJ6Ii8+PC9zdmc+' height='20' width='20' style='vertical-align: middle;' /> <span style='color: #4285F4;'>Google Chrome</span></span></div>
<div style="border: 1px solid #ddd; padding: 8px; margin: 5px 0; border-radius: 4px; background-color: #f7f7f7; display: inline-block;"><strong>💻 #System Info</strong> :: <strong>PC Name</strong> ⇒ <span style="color: #001dff;">ANKUSH1111</span> &nbsp;&nbsp;|&nbsp;&nbsp; <strong>User</strong> ⇒ <span style="color: #006400;">HP</span></div>
Click Sucessfully==Again Double Click==Hobby: Music
<div style='border: 1px solid #ddd; padding: 8px; margin: 5px 0; border-radius: 4px; background-color: #f7f7f7; display: inline-block;'><strong>#FILEUP 🔼</strong> :: <strong>Profile Picture</strong> File Uploaded ⇒ <span style='color: #001dff;'>valdn01_10_2025_01_10_10.png</span></div>
<div style='border: 1px solid #ddd; padding: 8px; margin: 5px 0; border-radius: 4px; background-color: #f7f7f7; display: inline-block;'><strong>#TXTBX ▭</strong> :: <strong>Current Address</strong> Value entered ⇒ <span style='color: #009;'>Jaipur, Rajasthan</span></div>
<div style='border: 1px solid #ddd; padding: 8px; margin: 5px 0; border-radius: 4px; background-color: #f7f7f7; display: inline-block;'><strong>#TXTBX ▭</strong> :: <strong>Full Name</strong> Value entered ⇒ <span style='color: #009;'>Pooja Nair</span></div>
<div style='border: 1px solid #ddd; padding: 8px; margin: 5px 0; border-radius: 4px; background-color: #f7f7f7; display: inline-block;'><strong>#TXTBX ▭</strong> :: <strong>Email</strong> Value entered ⇒ <span style='color: #009;'>pooja.nair@test.com</span></div>
<div style='border: 1px solid #ddd; padding: 8px; margin: 5px 0; border-radius: 4px; background-color: #f7f7f7; display: inline-block;'><strong>#TXTBX ▭</strong> :: <strong>Current Address</strong> Value entered ⇒ <span style='color: #009;'>Kochi, Kerala</span></div>
<div style='border: 1px solid #ddd; padding: 8px; margin: 5px 0; border-radius: 4px; background-color: #f7f7f7; display: inline-block;'><strong>#BTN 📤</strong> :: <strong>Clicked On</strong> ⇒ <span style='color: #001dff;'>Submit Button</span></div>
<div style='border: 1px solid #ddd; padding: 8px; margin: 5px 0; border-radius: 4px; background-color: #f7f7f7; display: inline-block;'><strong>#TXTBX ▭</strong> :: <strong>Permanent Address</strong> Value entered ⇒ <span style='color: #009;'>Trivandrum, Kerala</span></div>
<div style='border: 1px solid #ddd; padding: 8px; margin: 5px 0; border-radius: 4px; background-color: #f7f7f7; display: inline-block;'><strong>#BTN 📤</strong> :: <strong>Clicked On</strong> ⇒ <span style='color: #001dff;'>Submit Button</span></div>
📋 Navigating to Home Page...
📋 Attempting to close modal popup (if present)...
⏳ Waiting for Home link to be clickable...
✅ Home link found: https://demoqa.com/
📋 Clicking on Home link...
<font color =#18122B><b>Sceenshot Path::C:\Users\HP\Documents\Ahmedabad\ANKUSH_FRAMEWORK\ScreenShots\Validation\valdn01_06_2025_02_06_38.png</b></font>
<h4>Time :01/06/2025 02:06:39 PM</h4>
<br>
<img src="C:\Users\HP\Documents\Ahmedabad\ANKUSH_FRAMEWORK\ScreenShots\Validation\valdn01_06_2025_02_06_38.png" width="1000" height="500" ></img>
<br>
<br>
<div style='border: 1px solid #ddd; padding: 8px; margin: 5px 0; border-radius: 4px; background-color: #f7f7f7; display: inline-block;'><strong>#TXTBX ▭</strong> :: <strong>First Name</strong> Value entered ⇒ <span style='color: #009;'>Rahul</span></div>
<div style='border: 1px solid #ddd; padding: 8px; margin: 5px 0; border-radius: 4px; background-color: #f7f7f7; display: inline-block;'><strong>#TXTBX ▭</strong> :: <strong>Last Name</strong> Value entered ⇒ <span style='color: #009;'>Verma</span></div>
<table><tr><th style='font-weight: normal;'>Student Name</th><th>Karan Mehta</th></tr><tr><th style='font-weight: normal;'>Student Email</th><th>karan.mehta@test.com</th></tr><tr><th style='font-weight: normal;'>Gender</th><th>Male</th></tr><tr><th style='font-weight: normal;'>Mobile</th><th>9123456789</th></tr><tr><th style='font-weight: normal;'>Date of Birth</th><th>26 January,1998</th></tr><tr><th style='font-weight: normal;'>Subjects</th><th>History</th></tr><tr><th style='font-weight: normal;'>Hobbies</th><th>Music</th></tr><tr><th style='font-weight: normal;'>Picture</th><th>valdn01_10_2025_01_10_10.png</th></tr><tr><th style='font-weight: normal;'>Address</th><th>Jaipur, Rajasthan</th></tr><tr><th style='font-weight: normal;'>State and City</th><th>NCR Gurgaon</th></tr></table>
📋 Navigating to Home Page...
📋 Attempting to close modal popup (if present)...
⏳ Waiting for Home link to be clickable...
⏳ Waiting for loader to disappear...
⏳ Verifying home page load...
<div style='border: 1px solid #ddd; padding: 8px; margin: 5px 0; border-radius: 4px; background-color: #f7f7f7; display: inline-block;'><strong>#TXTBX ▭</strong> :: <strong>Email</strong> Value entered ⇒ <span style='color: #009;'>rahul.verma@test.com</span></div>
Clicked On :: Gender Male Radio
<div style='border: 1px solid #ddd; padding: 8px; margin: 5px 0; border-radius: 4px; background-color: #f7f7f7; display: inline-block;'><strong>#TXTBX ▭</strong> :: <strong>Mobile Number</strong> Value entered ⇒ <span style='color: #009;'>9988776655</span></div>
❌ Navigation to Home Page failed: Expected condition failed: waiting for element to be clickable: By.xpath: //a[contains(@href,'https://demoqa.com')] (tried for 2 second(s) with 500 milliseconds interval)
Build info: version: '4.12.1', revision: '8e34639b11'
System info: os.name: 'Windows 11', os.arch: 'amd64', os.version: '10.0', java.version: '18.0.1.1'
Driver info: org.openqa.selenium.chrome.ChromeDriver
Capabilities {acceptInsecureCerts: false, browserName: chrome, browserVersion: 136.0.7103.114, chrome: {chromedriverVersion: 136.0.7103.113 (76fa3c17824..., userDataDir: C:\Users\HP\AppData\Local\T...}, fedcm:accounts: true, goog:chromeOptions: {debuggerAddress: localhost:55924}, networkConnectionEnabled: false, pageLoadStrategy: normal, platformName: windows, proxy: Proxy(), se:cdp: ws://localhost:55924/devtoo..., se:cdpVersion: 136.0.7103.114, setWindowRect: true, strictFileInteractability: false, timeouts: {implicit: 0, pageLoad: 300000, script: 30000}, unhandledPromptBehavior: dismiss and notify, webauthn:extension:credBlob: true, webauthn:extension:largeBlob: true, webauthn:extension:minPinLength: true, webauthn:extension:prf: true, webauthn:virtualAuthenticators: true}
Session ID: 0760308abae285c02a61177870140574
Clicked On :: Date Picker - Date of Birth
#DATEPICKER 📅 :: Date of Birth :: Date successfully picked :: 20/03/1988
<div style='border: 1px solid #ddd; padding: 8px; margin: 5px 0; border-radius: 4px; background-color: #f7f7f7; display: inline-block;'><strong>#TXTBX ▭</strong> :: <strong>Subject</strong> Value entered ⇒ <span style='color: #009;'>Chemistry</span></div>
Click Sucessfully==Again Double Click==Hobby: Music
<div style='border: 1px solid #ddd; padding: 8px; margin: 5px 0; border-radius: 4px; background-color: #f7f7f7; display: inline-block;'><strong>#FILEUP 🔼</strong> :: <strong>Profile Picture</strong> File Uploaded ⇒ <span style='color: #001dff;'>valdn01_35_2025_01_35_27.png</span></div>
<div style='border: 1px solid #ddd; padding: 8px; margin: 5px 0; border-radius: 4px; background-color: #f7f7f7; display: inline-block;'><strong>#TXTBX ▭</strong> :: <strong>Current Address</strong> Value entered ⇒ <span style='color: #009;'>Bhopal, Madhya Pradesh</span></div>
<div style='border: 1px solid #ddd; padding: 8px; margin: 5px 0; border-radius: 4px; background-color: #f7f7f7; display: inline-block;'><strong>#BTN 📤</strong> :: <strong>Clicked On</strong> ⇒ <span style='color: #001dff;'>Submit Button</span></div>
❌ Navigation to Home Page failed: Expected condition failed: waiting for url to contain "home". Current url: "https://demoqa.com/" (tried for 10 second(s) with 500 milliseconds interval)
Build info: version: '4.12.1', revision: '8e34639b11'
System info: os.name: 'Windows 11', os.arch: 'amd64', os.version: '10.0', java.version: '18.0.1.1'
Driver info: org.openqa.selenium.chrome.ChromeDriver
Capabilities {acceptInsecureCerts: false, browserName: chrome, browserVersion: 136.0.7103.114, chrome: {chromedriverVersion: 136.0.7103.113 (76fa3c17824..., userDataDir: C:\Users\HP\AppData\Local\T...}, fedcm:accounts: true, goog:chromeOptions: {debuggerAddress: localhost:55925}, networkConnectionEnabled: false, pageLoadStrategy: normal, platformName: windows, proxy: Proxy(), se:cdp: ws://localhost:55925/devtoo..., se:cdpVersion: 136.0.7103.114, setWindowRect: true, strictFileInteractability: false, timeouts: {implicit: 0, pageLoad: 300000, script: 30000}, unhandledPromptBehavior: dismiss and notify, webauthn:extension:credBlob: true, webauthn:extension:largeBlob: true, webauthn:extension:minPinLength: true, webauthn:extension:prf: true, webauthn:virtualAuthenticators: true}
Session ID: 8c92c7e2ded1c3ae1cd18274538d3bb3
<h3 style="color:#132043;"><b> Iteration Number &#10781; :7</b></h4>
<div style='border: 1px solid #e0e0e0;padding: 8px 12px;margin: 8px 0;border-radius: 6px;background: linear-gradient(to right, #f8f9fa, #ffffff);box-shadow: 0 2px 4px rgba(0,0,0,0.05);display: inline-block;font-family: Arial, sans-serif;'><span style='font-weight: bold;color: #333;'>🌍 Browser Info:</span> <span style='color: #2c7be5;font-weight: 500;'><img src='data:image/svg+xml;base64,PHN2ZyB4bWxucz0iaHR0cDovL3d3dy53My5vcmcvMjAwMC9zdmciIHZpZXdCb3g9IjAgMCA0NDggNTEyIj48cGF0aCBmaWxsPSIjRkZDMTAyIiBkPSJNMjI0IDI1NmMwIDEyLjktNyAyNC40LTE3LjcgMjkuNkwxODcgMzA5LjljLTUuNCAzLTEyLjMgMy4xLTE3LjcuMS0xMC40LTUuOS0xNi43LTE2LjktMTYuNy0yOC42VjE5OGMwLTEyLjkgNy0yNC40IDE3LjctMjkuNkwxODcgMTQyLjFjNS40LTMgMTIuMy0zLjEgMTcuNy0uMSAxMC40IDUuOSAxNi43IDE2LjkgMTYuNyAyOC42djU4LjJ6Ii8+PHBhdGggZmlsbD0iIzRBNDlGNSIgZD0iTTIyNCAyNTZjMCAxMi45LTcgMjQuNC0xNy43IDI5LjZMMTg3IDMwOS45Yy01LjQgMy0xMi4zIDMuMS0xNy43LjEtMTAuNC01LjktMTYuNy0xNi45LTE2LjctMjguNlYxOThjMC0xMi45IDctMjQuNCAxNy43LTI5LjZMMTg3IDE0Mi4xYzUuNC0zIDEyLjMtMy4xIDE3LjctLjEgMTAuNCA1LjkgMTYuNyAxNi45IDE2LjcgMjguNnY1OC4yeiIvPjxwYXRoIGZpbGw9IiNGRkMxMDIiIGQ9Ik0yMjQgMjU2YzAgMTIuOS03IDI0LjQtMTcuNyAyOS42TDE4NyAzMDkuOWMtNS40IDMtMTIuMyAzLjEtMTcuNy4xLTEwLjQtNS45LTE2LjctMTYuOS0xNi43LTI4LjZWMTk4YzAtMTIuOSA3LTI0LjQgMTcuNy0yOS42TDE4NyAxNDIuMWM1LjQtMyAxMi4zLTMuMSAxNy43LS4xIDEwLjQgNS45IDE2LjcgMTYuOSAxNi43IDI4LjZ2NTguMnoiLz48cGF0aCBmaWxsPSIjRkZDMTAyIiBkPSJNMjI0IDI1NmMwIDEyLjktNyAyNC40LTE3LjcgMjkuNkwxODcgMzA5LjljLTUuNCAzLTEyLjMgMy4xLTE3LjcuMS0xMC40LTUuOS0xNi43LTE2LjktMTYuNy0yOC42VjE5OGMwLTEyLjkgNy0yNC40IDE3LjctMjkuNkwxODcgMTQyLjFjNS40LTMgMTIuMy0zLjEgMTcuNy0uMSAxMC40IDUuOSAxNi43IDE2LjkgMTYuNyAyOC42djU4LjJ6Ii8+PC9zdmc+' height='20' width='20' style='vertical-align: middle;' /> <span style='color: #4285F4;'>Google Chrome</span></span></div>
<div style="border: 1px solid #ddd; padding: 8px; margin: 5px 0; border-radius: 4px; background-color: #f7f7f7; display: inline-block;"><strong>💻 #System Info</strong> :: <strong>PC Name</strong> ⇒ <span style="color: #001dff;">ANKUSH1111</span> &nbsp;&nbsp;|&nbsp;&nbsp; <strong>User</strong> ⇒ <span style="color: #006400;">HP</span></div>
<font color =#18122B><b>Sceenshot Path::C:\Users\HP\Documents\Ahmedabad\ANKUSH_FRAMEWORK\ScreenShots\Validation\valdn01_06_2025_02_06_50.png</b></font>
<h4>Time :01/06/2025 02:06:50 PM</h4>
<br>
<img src="C:\Users\HP\Documents\Ahmedabad\ANKUSH_FRAMEWORK\ScreenShots\Validation\valdn01_06_2025_02_06_50.png" width="1000" height="500" ></img>
<br>
<br>
<table><tr><th style='font-weight: normal;'>Student Name</th><th>Rahul Verma</th></tr><tr><th style='font-weight: normal;'>Student Email</th><th>rahul.verma@test.com</th></tr><tr><th style='font-weight: normal;'>Gender</th><th>Male</th></tr><tr><th style='font-weight: normal;'>Mobile</th><th>9988776655</th></tr><tr><th style='font-weight: normal;'>Date of Birth</th><th>20 March,1988</th></tr><tr><th style='font-weight: normal;'>Subjects</th><th>Chemistry</th></tr><tr><th style='font-weight: normal;'>Hobbies</th><th>Music</th></tr><tr><th style='font-weight: normal;'>Picture</th><th>valdn01_35_2025_01_35_27.png</th></tr><tr><th style='font-weight: normal;'>Address</th><th>Bhopal, Madhya Pradesh</th></tr><tr><th style='font-weight: normal;'>State and City</th><th>Haryana Karnal</th></tr></table>
📋 Navigating to Home Page...
📋 Attempting to close modal popup (if present)...
⏳ Waiting for Home link to be clickable...
❌ Navigation to Home Page failed: Expected condition failed: waiting for element to be clickable: By.xpath: //a[contains(@href,'https://demoqa.com')] (tried for 2 second(s) with 500 milliseconds interval)
Build info: version: '4.12.1', revision: '8e34639b11'
System info: os.name: 'Windows 11', os.arch: 'amd64', os.version: '10.0', java.version: '18.0.1.1'
Driver info: org.openqa.selenium.chrome.ChromeDriver
Capabilities {acceptInsecureCerts: false, browserName: chrome, browserVersion: 136.0.7103.114, chrome: {chromedriverVersion: 136.0.7103.113 (76fa3c17824..., userDataDir: C:\Users\HP\AppData\Local\T...}, fedcm:accounts: true, goog:chromeOptions: {debuggerAddress: localhost:55923}, networkConnectionEnabled: false, pageLoadStrategy: normal, platformName: windows, proxy: Proxy(), se:cdp: ws://localhost:55923/devtoo..., se:cdpVersion: 136.0.7103.114, setWindowRect: true, strictFileInteractability: false, timeouts: {implicit: 0, pageLoad: 300000, script: 30000}, unhandledPromptBehavior: dismiss and notify, webauthn:extension:credBlob: true, webauthn:extension:largeBlob: true, webauthn:extension:minPinLength: true, webauthn:extension:prf: true, webauthn:virtualAuthenticators: true}
Session ID: a671931228b8d81aca92b182bedd45b7
<h3 style="color:#132043;"><b> Iteration Number &#10781; :4</b></h4>
<div style='border: 1px solid #e0e0e0;padding: 8px 12px;margin: 8px 0;border-radius: 6px;background: linear-gradient(to right, #f8f9fa, #ffffff);box-shadow: 0 2px 4px rgba(0,0,0,0.05);display: inline-block;font-family: Arial, sans-serif;'><span style='font-weight: bold;color: #333;'>🌍 Browser Info:</span> <span style='color: #2c7be5;font-weight: 500;'><img src='data:image/svg+xml;base64,PHN2ZyB4bWxucz0iaHR0cDovL3d3dy53My5vcmcvMjAwMC9zdmciIHZpZXdCb3g9IjAgMCA0NDggNTEyIj48cGF0aCBmaWxsPSIjRkZDMTAyIiBkPSJNMjI0IDI1NmMwIDEyLjktNyAyNC40LTE3LjcgMjkuNkwxODcgMzA5LjljLTUuNCAzLTEyLjMgMy4xLTE3LjcuMS0xMC40LTUuOS0xNi43LTE2LjktMTYuNy0yOC42VjE5OGMwLTEyLjkgNy0yNC40IDE3LjctMjkuNkwxODcgMTQyLjFjNS40LTMgMTIuMy0zLjEgMTcuNy0uMSAxMC40IDUuOSAxNi43IDE2LjkgMTYuNyAyOC42djU4LjJ6Ii8+PHBhdGggZmlsbD0iIzRBNDlGNSIgZD0iTTIyNCAyNTZjMCAxMi45LTcgMjQuNC0xNy43IDI5LjZMMTg3IDMwOS45Yy01LjQgMy0xMi4zIDMuMS0xNy43LjEtMTAuNC01LjktMTYuNy0xNi45LTE2LjctMjguNlYxOThjMC0xMi45IDctMjQuNCAxNy43LTI5LjZMMTg3IDE0Mi4xYzUuNC0zIDEyLjMtMy4xIDE3LjctLjEgMTAuNCA1LjkgMTYuNyAxNi45IDE2LjcgMjguNnY1OC4yeiIvPjxwYXRoIGZpbGw9IiNGRkMxMDIiIGQ9Ik0yMjQgMjU2YzAgMTIuOS03IDI0LjQtMTcuNyAyOS42TDE4NyAzMDkuOWMtNS40IDMtMTIuMyAzLjEtMTcuNy4xLTEwLjQtNS45LTE2LjctMTYuOS0xNi43LTI4LjZWMTk4YzAtMTIuOSA3LTI0LjQgMTcuNy0yOS42TDE4NyAxNDIuMWM1LjQtMyAxMi4zLTMuMSAxNy43LS4xIDEwLjQgNS45IDE2LjcgMTYuOSAxNi43IDI4LjZ2NTguMnoiLz48cGF0aCBmaWxsPSIjRkZDMTAyIiBkPSJNMjI0IDI1NmMwIDEyLjktNyAyNC40LTE3LjcgMjkuNkwxODcgMzA5LjljLTUuNCAzLTEyLjMgMy4xLTE3LjcuMS0xMC40LTUuOS0xNi43LTE2LjktMTYuNy0yOC42VjE5OGMwLTEyLjkgNy0yNC40IDE3LjctMjkuNkwxODcgMTQyLjFjNS40LTMgMTIuMy0zLjEgMTcuNy0uMSAxMC40IDUuOSAxNi43IDE2LjkgMTYuNyAyOC42djU4LjJ6Ii8+PC9zdmc+' height='20' width='20' style='vertical-align: middle;' /> <span style='color: #4285F4;'>Google Chrome</span></span></div>
<div style="border: 1px solid #ddd; padding: 8px; margin: 5px 0; border-radius: 4px; background-color: #f7f7f7; display: inline-block;"><strong>💻 #System Info</strong> :: <strong>PC Name</strong> ⇒ <span style="color: #001dff;">ANKUSH1111</span> &nbsp;&nbsp;|&nbsp;&nbsp; <strong>User</strong> ⇒ <span style="color: #006400;">HP</span></div>
<div style='border: 1px solid #ddd; padding: 8px; margin: 5px 0; border-radius: 4px; background-color: #f7f7f7; display: inline-block;'><strong>#TXTBX ▭</strong> :: <strong>Full Name</strong> Value entered ⇒ <span style='color: #009;'>Amit Deshmukh</span></div>
<div style='border: 1px solid #ddd; padding: 8px; margin: 5px 0; border-radius: 4px; background-color: #f7f7f7; display: inline-block;'><strong>#TXTBX ▭</strong> :: <strong>Email</strong> Value entered ⇒ <span style='color: #009;'>amit.deshmukh@test.com</span></div>
<div style='border: 1px solid #ddd; padding: 8px; margin: 5px 0; border-radius: 4px; background-color: #f7f7f7; display: inline-block;'><strong>#TXTBX ▭</strong> :: <strong>Current Address</strong> Value entered ⇒ <span style='color: #009;'>Mumbai, Maharashtra</span></div>
<div style='border: 1px solid #ddd; padding: 8px; margin: 5px 0; border-radius: 4px; background-color: #f7f7f7; display: inline-block;'><strong>#TXTBX ▭</strong> :: <strong>Permanent Address</strong> Value entered ⇒ <span style='color: #009;'>Pune, Maharashtra</span></div>
<div style='border: 1px solid #ddd; padding: 8px; margin: 5px 0; border-radius: 4px; background-color: #f7f7f7; display: inline-block;'><strong>#BTN 📤</strong> :: <strong>Clicked On</strong> ⇒ <span style='color: #001dff;'>Submit Button</span></div>
📋 Navigating to Home Page...
📋 Attempting to close modal popup (if present)...
⏳ Waiting for Home link to be clickable...
✅ Home link found: https://demoqa.com/
📋 Clicking on Home link...
<h3 style="color:#132043;"><b> Iteration Number &#10781; :2</b></h4>
<div style='border: 1px solid #e0e0e0;padding: 8px 12px;margin: 8px 0;border-radius: 6px;background: linear-gradient(to right, #f8f9fa, #ffffff);box-shadow: 0 2px 4px rgba(0,0,0,0.05);display: inline-block;font-family: Arial, sans-serif;'><span style='font-weight: bold;color: #333;'>🌍 Browser Info:</span> <span style='color: #2c7be5;font-weight: 500;'><img src='data:image/svg+xml;base64,PHN2ZyB4bWxucz0iaHR0cDovL3d3dy53My5vcmcvMjAwMC9zdmciIHZpZXdCb3g9IjAgMCA0NDggNTEyIj48cGF0aCBmaWxsPSIjRkZDMTAyIiBkPSJNMjI0IDI1NmMwIDEyLjktNyAyNC40LTE3LjcgMjkuNkwxODcgMzA5LjljLTUuNCAzLTEyLjMgMy4xLTE3LjcuMS0xMC40LTUuOS0xNi43LTE2LjktMTYuNy0yOC42VjE5OGMwLTEyLjkgNy0yNC40IDE3LjctMjkuNkwxODcgMTQyLjFjNS40LTMgMTIuMy0zLjEgMTcuNy0uMSAxMC40IDUuOSAxNi43IDE2LjkgMTYuNyAyOC42djU4LjJ6Ii8+PHBhdGggZmlsbD0iIzRBNDlGNSIgZD0iTTIyNCAyNTZjMCAxMi45LTcgMjQuNC0xNy43IDI5LjZMMTg3IDMwOS45Yy01LjQgMy0xMi4zIDMuMS0xNy43LjEtMTAuNC01LjktMTYuNy0xNi45LTE2LjctMjguNlYxOThjMC0xMi45IDctMjQuNCAxNy43LTI5LjZMMTg3IDE0Mi4xYzUuNC0zIDEyLjMtMy4xIDE3LjctLjEgMTAuNCA1LjkgMTYuNyAxNi45IDE2LjcgMjguNnY1OC4yeiIvPjxwYXRoIGZpbGw9IiNGRkMxMDIiIGQ9Ik0yMjQgMjU2YzAgMTIuOS03IDI0LjQtMTcuNyAyOS42TDE4NyAzMDkuOWMtNS40IDMtMTIuMyAzLjEtMTcuNy4xLTEwLjQtNS45LTE2LjctMTYuOS0xNi43LTI4LjZWMTk4YzAtMTIuOSA3LTI0LjQgMTcuNy0yOS42TDE4NyAxNDIuMWM1LjQtMyAxMi4zLTMuMSAxNy43LS4xIDEwLjQgNS45IDE2LjcgMTYuOSAxNi43IDI4LjZ2NTguMnoiLz48cGF0aCBmaWxsPSIjRkZDMTAyIiBkPSJNMjI0IDI1NmMwIDEyLjktNyAyNC40LTE3LjcgMjkuNkwxODcgMzA5LjljLTUuNCAzLTEyLjMgMy4xLTE3LjcuMS0xMC40LTUuOS0xNi43LTE2LjktMTYuNy0yOC42VjE5OGMwLTEyLjkgNy0yNC40IDE3LjctMjkuNkwxODcgMTQyLjFjNS40LTMgMTIuMy0zLjEgMTcuNy0uMSAxMC40IDUuOSAxNi43IDE2LjkgMTYuNyAyOC42djU4LjJ6Ii8+PC9zdmc+' height='20' width='20' style='vertical-align: middle;' /> <span style='color: #4285F4;'>Google Chrome</span></span></div>
<div style="border: 1px solid #ddd; padding: 8px; margin: 5px 0; border-radius: 4px; background-color: #f7f7f7; display: inline-block;"><strong>💻 #System Info</strong> :: <strong>PC Name</strong> ⇒ <span style="color: #001dff;">ANKUSH1111</span> &nbsp;&nbsp;|&nbsp;&nbsp; <strong>User</strong> ⇒ <span style="color: #006400;">HP</span></div>
⏳ Waiting for loader to disappear...
⏳ Verifying home page load...
<div style='border: 1px solid #ddd; padding: 8px; margin: 5px 0; border-radius: 4px; background-color: #f7f7f7; display: inline-block;'><strong>#TXTBX ▭</strong> :: <strong>First Name</strong> Value entered ⇒ <span style='color: #009;'>Sneha</span></div>
<div style='border: 1px solid #ddd; padding: 8px; margin: 5px 0; border-radius: 4px; background-color: #f7f7f7; display: inline-block;'><strong>#TXTBX ▭</strong> :: <strong>Last Name</strong> Value entered ⇒ <span style='color: #009;'>Patil</span></div>
<div style='border: 1px solid #ddd; padding: 8px; margin: 5px 0; border-radius: 4px; background-color: #f7f7f7; display: inline-block;'><strong>#TXTBX ▭</strong> :: <strong>Email</strong> Value entered ⇒ <span style='color: #009;'>sneha.patil@test.com</span></div>
Clicked On :: Gender Female Radio
<div style='border: 1px solid #ddd; padding: 8px; margin: 5px 0; border-radius: 4px; background-color: #f7f7f7; display: inline-block;'><strong>#TXTBX ▭</strong> :: <strong>Mobile Number</strong> Value entered ⇒ <span style='color: #009;'>9871234567</span></div>
Clicked On :: Date Picker - Date of Birth
#DATEPICKER 📅 :: Date of Birth :: Date successfully picked :: 10/04/1995
<div style='border: 1px solid #ddd; padding: 8px; margin: 5px 0; border-radius: 4px; background-color: #f7f7f7; display: inline-block;'><strong>#TXTBX ▭</strong> :: <strong>Subject</strong> Value entered ⇒ <span style='color: #009;'>Biology</span></div>
❌ Navigation to Home Page failed: Expected condition failed: waiting for url to contain "home". Current url: "https://demoqa.com/" (tried for 10 second(s) with 500 milliseconds interval)
Build info: version: '4.12.1', revision: '8e34639b11'
System info: os.name: 'Windows 11', os.arch: 'amd64', os.version: '10.0', java.version: '18.0.1.1'
Driver info: org.openqa.selenium.chrome.ChromeDriver
Capabilities {acceptInsecureCerts: false, browserName: chrome, browserVersion: 136.0.7103.114, chrome: {chromedriverVersion: 136.0.7103.113 (76fa3c17824..., userDataDir: C:\Users\HP\AppData\Local\T...}, fedcm:accounts: true, goog:chromeOptions: {debuggerAddress: localhost:55925}, networkConnectionEnabled: false, pageLoadStrategy: normal, platformName: windows, proxy: Proxy(), se:cdp: ws://localhost:55925/devtoo..., se:cdpVersion: 136.0.7103.114, setWindowRect: true, strictFileInteractability: false, timeouts: {implicit: 0, pageLoad: 300000, script: 30000}, unhandledPromptBehavior: dismiss and notify, webauthn:extension:credBlob: true, webauthn:extension:largeBlob: true, webauthn:extension:minPinLength: true, webauthn:extension:prf: true, webauthn:virtualAuthenticators: true}
Session ID: 8c92c7e2ded1c3ae1cd18274538d3bb3
<h3 style="color:#132043;"><b> Iteration Number &#10781; :8</b></h4>
<div style='border: 1px solid #e0e0e0;padding: 8px 12px;margin: 8px 0;border-radius: 6px;background: linear-gradient(to right, #f8f9fa, #ffffff);box-shadow: 0 2px 4px rgba(0,0,0,0.05);display: inline-block;font-family: Arial, sans-serif;'><span style='font-weight: bold;color: #333;'>🌍 Browser Info:</span> <span style='color: #2c7be5;font-weight: 500;'><img src='data:image/svg+xml;base64,PHN2ZyB4bWxucz0iaHR0cDovL3d3dy53My5vcmcvMjAwMC9zdmciIHZpZXdCb3g9IjAgMCA0NDggNTEyIj48cGF0aCBmaWxsPSIjRkZDMTAyIiBkPSJNMjI0IDI1NmMwIDEyLjktNyAyNC40LTE3LjcgMjkuNkwxODcgMzA5LjljLTUuNCAzLTEyLjMgMy4xLTE3LjcuMS0xMC40LTUuOS0xNi43LTE2LjktMTYuNy0yOC42VjE5OGMwLTEyLjkgNy0yNC40IDE3LjctMjkuNkwxODcgMTQyLjFjNS40LTMgMTIuMy0zLjEgMTcuNy0uMSAxMC40IDUuOSAxNi43IDE2LjkgMTYuNyAyOC42djU4LjJ6Ii8+PHBhdGggZmlsbD0iIzRBNDlGNSIgZD0iTTIyNCAyNTZjMCAxMi45LTcgMjQuNC0xNy43IDI5LjZMMTg3IDMwOS45Yy01LjQgMy0xMi4zIDMuMS0xNy43LjEtMTAuNC01LjktMTYuNy0xNi45LTE2LjctMjguNlYxOThjMC0xMi45IDctMjQuNCAxNy43LTI5LjZMMTg3IDE0Mi4xYzUuNC0zIDEyLjMtMy4xIDE3LjctLjEgMTAuNCA1LjkgMTYuNyAxNi45IDE2LjcgMjguNnY1OC4yeiIvPjxwYXRoIGZpbGw9IiNGRkMxMDIiIGQ9Ik0yMjQgMjU2YzAgMTIuOS03IDI0LjQtMTcuNyAyOS42TDE4NyAzMDkuOWMtNS40IDMtMTIuMyAzLjEtMTcuNy4xLTEwLjQtNS45LTE2LjctMTYuOS0xNi43LTI4LjZWMTk4YzAtMTIuOSA3LTI0LjQgMTcuNy0yOS42TDE4NyAxNDIuMWM1LjQtMyAxMi4zLTMuMSAxNy43LS4xIDEwLjQgNS45IDE2LjcgMTYuOSAxNi43IDI4LjZ2NTguMnoiLz48cGF0aCBmaWxsPSIjRkZDMTAyIiBkPSJNMjI0IDI1NmMwIDEyLjktNyAyNC40LTE3LjcgMjkuNkwxODcgMzA5LjljLTUuNCAzLTEyLjMgMy4xLTE3LjcuMS0xMC40LTUuOS0xNi43LTE2LjktMTYuNy0yOC42VjE5OGMwLTEyLjkgNy0yNC40IDE3LjctMjkuNkwxODcgMTQyLjFjNS40LTMgMTIuMy0zLjEgMTcuNy0uMSAxMC40IDUuOSAxNi43IDE2LjkgMTYuNyAyOC42djU4LjJ6Ii8+PC9zdmc+' height='20' width='20' style='vertical-align: middle;' /> <span style='color: #4285F4;'>Google Chrome</span></span></div>
<div style="border: 1px solid #ddd; padding: 8px; margin: 5px 0; border-radius: 4px; background-color: #f7f7f7; display: inline-block;"><strong>💻 #System Info</strong> :: <strong>PC Name</strong> ⇒ <span style="color: #001dff;">ANKUSH1111</span> &nbsp;&nbsp;|&nbsp;&nbsp; <strong>User</strong> ⇒ <span style="color: #006400;">HP</span></div>
Click Sucessfully==Again Double Click==Hobby: Reading
<div style='border: 1px solid #ddd; padding: 8px; margin: 5px 0; border-radius: 4px; background-color: #f7f7f7; display: inline-block;'><strong>#TXTBX ▭</strong> :: <strong>Full Name</strong> Value entered ⇒ <span style='color: #009;'>Anjali Rao</span></div>
Clicked On :: Hobby: Sports
<div style='border: 1px solid #ddd; padding: 8px; margin: 5px 0; border-radius: 4px; background-color: #f7f7f7; display: inline-block;'><strong>#FILEUP 🔼</strong> :: <strong>Profile Picture</strong> File Uploaded ⇒ <span style='color: #001dff;'>valdn01_35_2025_01_35_54.png</span></div>
<div style='border: 1px solid #ddd; padding: 8px; margin: 5px 0; border-radius: 4px; background-color: #f7f7f7; display: inline-block;'><strong>#TXTBX ▭</strong> :: <strong>Email</strong> Value entered ⇒ <span style='color: #009;'>anjali.rao@test.com</span></div>
<div style='border: 1px solid #ddd; padding: 8px; margin: 5px 0; border-radius: 4px; background-color: #f7f7f7; display: inline-block;'><strong>#TXTBX ▭</strong> :: <strong>Current Address</strong> Value entered ⇒ <span style='color: #009;'>Nashik, Maharashtra</span></div>
<div style='border: 1px solid #ddd; padding: 8px; margin: 5px 0; border-radius: 4px; background-color: #f7f7f7; display: inline-block;'><strong>#TXTBX ▭</strong> :: <strong>Current Address</strong> Value entered ⇒ <span style='color: #009;'>Hyderabad, Telangana</span></div>
<div style='border: 1px solid #ddd; padding: 8px; margin: 5px 0; border-radius: 4px; background-color: #f7f7f7; display: inline-block;'><strong>#TXTBX ▭</strong> :: <strong>Permanent Address</strong> Value entered ⇒ <span style='color: #009;'>Warangal, Telangana</span></div>
<div style='border: 1px solid #ddd; padding: 8px; margin: 5px 0; border-radius: 4px; background-color: #f7f7f7; display: inline-block;'><strong>#TXTBX ▭</strong> :: <strong>Full Name</strong> Value entered ⇒ <span style='color: #009;'>Priya Sharma</span></div>
<div style='border: 1px solid #ddd; padding: 8px; margin: 5px 0; border-radius: 4px; background-color: #f7f7f7; display: inline-block;'><strong>#BTN 📤</strong> :: <strong>Clicked On</strong> ⇒ <span style='color: #001dff;'>Submit Button</span></div>
📋 Navigating to Home Page...
📋 Attempting to close modal popup (if present)...
⏳ Waiting for Home link to be clickable...
✅ Home link found: https://demoqa.com/
<div style='border: 1px solid #ddd; padding: 8px; margin: 5px 0; border-radius: 4px; background-color: #f7f7f7; display: inline-block;'><strong>#TXTBX ▭</strong> :: <strong>Email</strong> Value entered ⇒ <span style='color: #009;'>priya.sharma@test.com</span></div>
📋 Clicking on Home link...
<div style='border: 1px solid #ddd; padding: 8px; margin: 5px 0; border-radius: 4px; background-color: #f7f7f7; display: inline-block;'><strong>#BTN 📤</strong> :: <strong>Clicked On</strong> ⇒ <span style='color: #001dff;'>Submit Button</span></div>
<div style='border: 1px solid #ddd; padding: 8px; margin: 5px 0; border-radius: 4px; background-color: #f7f7f7; display: inline-block;'><strong>#TXTBX ▭</strong> :: <strong>Current Address</strong> Value entered ⇒ <span style='color: #009;'>Pune, Maharashtra</span></div>
<div style='border: 1px solid #ddd; padding: 8px; margin: 5px 0; border-radius: 4px; background-color: #f7f7f7; display: inline-block;'><strong>#TXTBX ▭</strong> :: <strong>Permanent Address</strong> Value entered ⇒ <span style='color: #009;'>Nagpur, Maharashtra</span></div>
<font color =#18122B><b>Sceenshot Path::C:\Users\HP\Documents\Ahmedabad\ANKUSH_FRAMEWORK\ScreenShots\Validation\valdn01_07_2025_02_07_25.png</b></font>
<div style='border: 1px solid #ddd; padding: 8px; margin: 5px 0; border-radius: 4px; background-color: #f7f7f7; display: inline-block;'><strong>#BTN 📤</strong> :: <strong>Clicked On</strong> ⇒ <span style='color: #001dff;'>Submit Button</span></div>
📋 Navigating to Home Page...
📋 Attempting to close modal popup (if present)...
⏳ Waiting for Home link to be clickable...
<h4>Time :01/06/2025 02:07:25 PM</h4>
<br>
<img src="C:\Users\HP\Documents\Ahmedabad\ANKUSH_FRAMEWORK\ScreenShots\Validation\valdn01_07_2025_02_07_25.png" width="1000" height="500" ></img>
<br>
<br>
✅ Home link found: https://demoqa.com/
📋 Clicking on Home link...
<table><tr><th style='font-weight: normal;'>Student Name</th><th>Sneha Patil</th></tr><tr><th style='font-weight: normal;'>Student Email</th><th>sneha.patil@test.com</th></tr><tr><th style='font-weight: normal;'>Gender</th><th>Female</th></tr><tr><th style='font-weight: normal;'>Mobile</th><th>9871234567</th></tr><tr><th style='font-weight: normal;'>Date of Birth</th><th>10 April,1995</th></tr><tr><th style='font-weight: normal;'>Subjects</th><th>Biology</th></tr><tr><th style='font-weight: normal;'>Hobbies</th><th>Reading, Sports</th></tr><tr><th style='font-weight: normal;'>Picture</th><th>valdn01_35_2025_01_35_54.png</th></tr><tr><th style='font-weight: normal;'>Address</th><th>Nashik, Maharashtra</th></tr><tr><th style='font-weight: normal;'>State and City</th><th>Rajasthan Jaipur</th></tr></table>
📋 Navigating to Home Page...
📋 Attempting to close modal popup (if present)...
⏳ Waiting for Home link to be clickable...
⏳ Waiting for loader to disappear...
⏳ Verifying home page load...
⏳ Waiting for loader to disappear...
⏳ Verifying home page load...
❌ Navigation to Home Page failed: Expected condition failed: waiting for element to be clickable: By.xpath: //a[contains(@href,'https://demoqa.com')] (tried for 2 second(s) with 500 milliseconds interval)
Build info: version: '4.12.1', revision: '8e34639b11'
System info: os.name: 'Windows 11', os.arch: 'amd64', os.version: '10.0', java.version: '18.0.1.1'
Driver info: org.openqa.selenium.chrome.ChromeDriver
Capabilities {acceptInsecureCerts: false, browserName: chrome, browserVersion: 136.0.7103.114, chrome: {chromedriverVersion: 136.0.7103.113 (76fa3c17824..., userDataDir: C:\Users\HP\AppData\Local\T...}, fedcm:accounts: true, goog:chromeOptions: {debuggerAddress: localhost:55923}, networkConnectionEnabled: false, pageLoadStrategy: normal, platformName: windows, proxy: Proxy(), se:cdp: ws://localhost:55923/devtoo..., se:cdpVersion: 136.0.7103.114, setWindowRect: true, strictFileInteractability: false, timeouts: {implicit: 0, pageLoad: 300000, script: 30000}, unhandledPromptBehavior: dismiss and notify, webauthn:extension:credBlob: true, webauthn:extension:largeBlob: true, webauthn:extension:minPinLength: true, webauthn:extension:prf: true, webauthn:virtualAuthenticators: true}
Session ID: a671931228b8d81aca92b182bedd45b7
<h3 style="color:#132043;"><b> Iteration Number &#10781; :5</b></h4>
<div style='border: 1px solid #e0e0e0;padding: 8px 12px;margin: 8px 0;border-radius: 6px;background: linear-gradient(to right, #f8f9fa, #ffffff);box-shadow: 0 2px 4px rgba(0,0,0,0.05);display: inline-block;font-family: Arial, sans-serif;'><span style='font-weight: bold;color: #333;'>🌍 Browser Info:</span> <span style='color: #2c7be5;font-weight: 500;'><img src='data:image/svg+xml;base64,PHN2ZyB4bWxucz0iaHR0cDovL3d3dy53My5vcmcvMjAwMC9zdmciIHZpZXdCb3g9IjAgMCA0NDggNTEyIj48cGF0aCBmaWxsPSIjRkZDMTAyIiBkPSJNMjI0IDI1NmMwIDEyLjktNyAyNC40LTE3LjcgMjkuNkwxODcgMzA5LjljLTUuNCAzLTEyLjMgMy4xLTE3LjcuMS0xMC40LTUuOS0xNi43LTE2LjktMTYuNy0yOC42VjE5OGMwLTEyLjkgNy0yNC40IDE3LjctMjkuNkwxODcgMTQyLjFjNS40LTMgMTIuMy0zLjEgMTcuNy0uMSAxMC40IDUuOSAxNi43IDE2LjkgMTYuNyAyOC42djU4LjJ6Ii8+PHBhdGggZmlsbD0iIzRBNDlGNSIgZD0iTTIyNCAyNTZjMCAxMi45LTcgMjQuNC0xNy43IDI5LjZMMTg3IDMwOS45Yy01LjQgMy0xMi4zIDMuMS0xNy43LjEtMTAuNC01LjktMTYuNy0xNi45LTE2LjctMjguNlYxOThjMC0xMi45IDctMjQuNCAxNy43LTI5LjZMMTg3IDE0Mi4xYzUuNC0zIDEyLjMtMy4xIDE3LjctLjEgMTAuNCA1LjkgMTYuNyAxNi45IDE2LjcgMjguNnY1OC4yeiIvPjxwYXRoIGZpbGw9IiNGRkMxMDIiIGQ9Ik0yMjQgMjU2YzAgMTIuOS03IDI0LjQtMTcuNyAyOS42TDE4NyAzMDkuOWMtNS40IDMtMTIuMyAzLjEtMTcuNy4xLTEwLjQtNS45LTE2LjctMTYuOS0xNi43LTI4LjZWMTk4YzAtMTIuOSA3LTI0LjQgMTcuNy0yOS42TDE4NyAxNDIuMWM1LjQtMyAxMi4zLTMuMSAxNy43LS4xIDEwLjQgNS45IDE2LjcgMTYuOSAxNi43IDI4LjZ2NTguMnoiLz48cGF0aCBmaWxsPSIjRkZDMTAyIiBkPSJNMjI0IDI1NmMwIDEyLjktNyAyNC40LTE3LjcgMjkuNkwxODcgMzA5LjljLTUuNCAzLTEyLjMgMy4xLTE3LjcuMS0xMC40LTUuOS0xNi43LTE2LjktMTYuNy0yOC42VjE5OGMwLTEyLjkgNy0yNC40IDE3LjctMjkuNkwxODcgMTQyLjFjNS40LTMgMTIuMy0zLjEgMTcuNy0uMSAxMC40IDUuOSAxNi43IDE2LjkgMTYuNyAyOC42djU4LjJ6Ii8+PC9zdmc+' height='20' width='20' style='vertical-align: middle;' /> <span style='color: #4285F4;'>Google Chrome</span></span></div>
<div style="border: 1px solid #ddd; padding: 8px; margin: 5px 0; border-radius: 4px; background-color: #f7f7f7; display: inline-block;"><strong>💻 #System Info</strong> :: <strong>PC Name</strong> ⇒ <span style="color: #001dff;">ANKUSH1111</span> &nbsp;&nbsp;|&nbsp;&nbsp; <strong>User</strong> ⇒ <span style="color: #006400;">HP</span></div>
<div style='border: 1px solid #ddd; padding: 8px; margin: 5px 0; border-radius: 4px; background-color: #f7f7f7; display: inline-block;'><strong>#TXTBX ▭</strong> :: <strong>First Name</strong> Value entered ⇒ <span style='color: #009;'>Karan</span></div>
<div style='border: 1px solid #ddd; padding: 8px; margin: 5px 0; border-radius: 4px; background-color: #f7f7f7; display: inline-block;'><strong>#TXTBX ▭</strong> :: <strong>Last Name</strong> Value entered ⇒ <span style='color: #009;'>Mehta</span></div>
<div style='border: 1px solid #ddd; padding: 8px; margin: 5px 0; border-radius: 4px; background-color: #f7f7f7; display: inline-block;'><strong>#TXTBX ▭</strong> :: <strong>Email</strong> Value entered ⇒ <span style='color: #009;'>karan.mehta@test.com</span></div>
Clicked On :: Gender Male Radio
<div style='border: 1px solid #ddd; padding: 8px; margin: 5px 0; border-radius: 4px; background-color: #f7f7f7; display: inline-block;'><strong>#TXTBX ▭</strong> :: <strong>Mobile Number</strong> Value entered ⇒ <span style='color: #009;'>9123456789</span></div>
Clicked On :: Date Picker - Date of Birth
#DATEPICKER 📅 :: Date of Birth :: Date successfully picked :: 25/05/1991
<div style='border: 1px solid #ddd; padding: 8px; margin: 5px 0; border-radius: 4px; background-color: #f7f7f7; display: inline-block;'><strong>#TXTBX ▭</strong> :: <strong>Subject</strong> Value entered ⇒ <span style='color: #009;'>History</span></div>
❌ Navigation to Home Page failed: Expected condition failed: waiting for url to contain "home". Current url: "https://demoqa.com/" (tried for 10 second(s) with 500 milliseconds interval)
Build info: version: '4.12.1', revision: '8e34639b11'
System info: os.name: 'Windows 11', os.arch: 'amd64', os.version: '10.0', java.version: '18.0.1.1'
Driver info: org.openqa.selenium.chrome.ChromeDriver
Capabilities {acceptInsecureCerts: false, browserName: chrome, browserVersion: 136.0.7103.114, chrome: {chromedriverVersion: 136.0.7103.113 (76fa3c17824..., userDataDir: C:\Users\HP\AppData\Local\T...}, fedcm:accounts: true, goog:chromeOptions: {debuggerAddress: localhost:55926}, networkConnectionEnabled: false, pageLoadStrategy: normal, platformName: windows, proxy: Proxy(), se:cdp: ws://localhost:55926/devtoo..., se:cdpVersion: 136.0.7103.114, setWindowRect: true, strictFileInteractability: false, timeouts: {implicit: 0, pageLoad: 300000, script: 30000}, unhandledPromptBehavior: dismiss and notify, webauthn:extension:credBlob: true, webauthn:extension:largeBlob: true, webauthn:extension:minPinLength: true, webauthn:extension:prf: true, webauthn:virtualAuthenticators: true}
Session ID: 8eed06a5d5c82986cbc5ab40cb4361f0
<h3 style="color:#132043;"><b> Iteration Number &#10781; :3</b></h4>
<div style='border: 1px solid #e0e0e0;padding: 8px 12px;margin: 8px 0;border-radius: 6px;background: linear-gradient(to right, #f8f9fa, #ffffff);box-shadow: 0 2px 4px rgba(0,0,0,0.05);display: inline-block;font-family: Arial, sans-serif;'><span style='font-weight: bold;color: #333;'>🌍 Browser Info:</span> <span style='color: #2c7be5;font-weight: 500;'><img src='data:image/svg+xml;base64,PHN2ZyB4bWxucz0iaHR0cDovL3d3dy53My5vcmcvMjAwMC9zdmciIHZpZXdCb3g9IjAgMCA0NDggNTEyIj48cGF0aCBmaWxsPSIjRkZDMTAyIiBkPSJNMjI0IDI1NmMwIDEyLjktNyAyNC40LTE3LjcgMjkuNkwxODcgMzA5LjljLTUuNCAzLTEyLjMgMy4xLTE3LjcuMS0xMC40LTUuOS0xNi43LTE2LjktMTYuNy0yOC42VjE5OGMwLTEyLjkgNy0yNC40IDE3LjctMjkuNkwxODcgMTQyLjFjNS40LTMgMTIuMy0zLjEgMTcuNy0uMSAxMC40IDUuOSAxNi43IDE2LjkgMTYuNyAyOC42djU4LjJ6Ii8+PHBhdGggZmlsbD0iIzRBNDlGNSIgZD0iTTIyNCAyNTZjMCAxMi45LTcgMjQuNC0xNy43IDI5LjZMMTg3IDMwOS45Yy01LjQgMy0xMi4zIDMuMS0xNy43LjEtMTAuNC01LjktMTYuNy0xNi45LTE2LjctMjguNlYxOThjMC0xMi45IDctMjQuNCAxNy43LTI5LjZMMTg3IDE0Mi4xYzUuNC0zIDEyLjMtMy4xIDE3LjctLjEgMTAuNCA1LjkgMTYuNyAxNi45IDE2LjcgMjguNnY1OC4yeiIvPjxwYXRoIGZpbGw9IiNGRkMxMDIiIGQ9Ik0yMjQgMjU2YzAgMTIuOS03IDI0LjQtMTcuNyAyOS42TDE4NyAzMDkuOWMtNS40IDMtMTIuMyAzLjEtMTcuNy4xLTEwLjQtNS45LTE2LjctMTYuOS0xNi43LTI4LjZWMTk4YzAtMTIuOSA3LTI0LjQgMTcuNy0yOS42TDE4NyAxNDIuMWM1LjQtMyAxMi4zLTMuMSAxNy43LS4xIDEwLjQgNS45IDE2LjcgMTYuOSAxNi43IDI4LjZ2NTguMnoiLz48cGF0aCBmaWxsPSIjRkZDMTAyIiBkPSJNMjI0IDI1NmMwIDEyLjktNyAyNC40LTE3LjcgMjkuNkwxODcgMzA5LjljLTUuNCAzLTEyLjMgMy4xLTE3LjcuMS0xMC40LTUuOS0xNi43LTE2LjktMTYuNy0yOC42VjE5OGMwLTEyLjkgNy0yNC40IDE3LjctMjkuNkwxODcgMTQyLjFjNS40LTMgMTIuMy0zLjEgMTcuNy0uMSAxMC40IDUuOSAxNi43IDE2LjkgMTYuNyAyOC42djU4LjJ6Ii8+PC9zdmc+' height='20' width='20' style='vertical-align: middle;' /> <span style='color: #4285F4;'>Google Chrome</span></span></div>
<div style="border: 1px solid #ddd; padding: 8px; margin: 5px 0; border-radius: 4px; background-color: #f7f7f7; display: inline-block;"><strong>💻 #System Info</strong> :: <strong>PC Name</strong> ⇒ <span style="color: #001dff;">ANKUSH1111</span> &nbsp;&nbsp;|&nbsp;&nbsp; <strong>User</strong> ⇒ <span style="color: #006400;">HP</span></div>
❌ Navigation to Home Page failed: Expected condition failed: waiting for url to contain "home". Current url: "https://demoqa.com/" (tried for 10 second(s) with 500 milliseconds interval)
Build info: version: '4.12.1', revision: '8e34639b11'
System info: os.name: 'Windows 11', os.arch: 'amd64', os.version: '10.0', java.version: '18.0.1.1'
Driver info: org.openqa.selenium.chrome.ChromeDriver
Capabilities {acceptInsecureCerts: false, browserName: chrome, browserVersion: 136.0.7103.114, chrome: {chromedriverVersion: 136.0.7103.113 (76fa3c17824..., userDataDir: C:\Users\HP\AppData\Local\T...}, fedcm:accounts: true, goog:chromeOptions: {debuggerAddress: localhost:55925}, networkConnectionEnabled: false, pageLoadStrategy: normal, platformName: windows, proxy: Proxy(), se:cdp: ws://localhost:55925/devtoo..., se:cdpVersion: 136.0.7103.114, setWindowRect: true, strictFileInteractability: false, timeouts: {implicit: 0, pageLoad: 300000, script: 30000}, unhandledPromptBehavior: dismiss and notify, webauthn:extension:credBlob: true, webauthn:extension:largeBlob: true, webauthn:extension:minPinLength: true, webauthn:extension:prf: true, webauthn:virtualAuthenticators: true}
Session ID: 8c92c7e2ded1c3ae1cd18274538d3bb3
<h3 style="color:#132043;"><b> Iteration Number &#10781; :9</b></h4>
<div style='border: 1px solid #e0e0e0;padding: 8px 12px;margin: 8px 0;border-radius: 6px;background: linear-gradient(to right, #f8f9fa, #ffffff);box-shadow: 0 2px 4px rgba(0,0,0,0.05);display: inline-block;font-family: Arial, sans-serif;'><span style='font-weight: bold;color: #333;'>🌍 Browser Info:</span> <span style='color: #2c7be5;font-weight: 500;'><img src='data:image/svg+xml;base64,PHN2ZyB4bWxucz0iaHR0cDovL3d3dy53My5vcmcvMjAwMC9zdmciIHZpZXdCb3g9IjAgMCA0NDggNTEyIj48cGF0aCBmaWxsPSIjRkZDMTAyIiBkPSJNMjI0IDI1NmMwIDEyLjktNyAyNC40LTE3LjcgMjkuNkwxODcgMzA5LjljLTUuNCAzLTEyLjMgMy4xLTE3LjcuMS0xMC40LTUuOS0xNi43LTE2LjktMTYuNy0yOC42VjE5OGMwLTEyLjkgNy0yNC40IDE3LjctMjkuNkwxODcgMTQyLjFjNS40LTMgMTIuMy0zLjEgMTcuNy0uMSAxMC40IDUuOSAxNi43IDE2LjkgMTYuNyAyOC42djU4LjJ6Ii8+PHBhdGggZmlsbD0iIzRBNDlGNSIgZD0iTTIyNCAyNTZjMCAxMi45LTcgMjQuNC0xNy43IDI5LjZMMTg3IDMwOS45Yy01LjQgMy0xMi4zIDMuMS0xNy43LjEtMTAuNC01LjktMTYuNy0xNi45LTE2LjctMjguNlYxOThjMC0xMi45IDctMjQuNCAxNy43LTI5LjZMMTg3IDE0Mi4xYzUuNC0zIDEyLjMtMy4xIDE3LjctLjEgMTAuNCA1LjkgMTYuNyAxNi45IDE2LjcgMjguNnY1OC4yeiIvPjxwYXRoIGZpbGw9IiNGRkMxMDIiIGQ9Ik0yMjQgMjU2YzAgMTIuOS03IDI0LjQtMTcuNyAyOS42TDE4NyAzMDkuOWMtNS40IDMtMTIuMyAzLjEtMTcuNy4xLTEwLjQtNS45LTE2LjctMTYuOS0xNi43LTI4LjZWMTk4YzAtMTIuOSA3LTI0LjQgMTcuNy0yOS42TDE4NyAxNDIuMWM1LjQtMyAxMi4zLTMuMSAxNy43LS4xIDEwLjQgNS45IDE2LjcgMTYuOSAxNi43IDI4LjZ2NTguMnoiLz48cGF0aCBmaWxsPSIjRkZDMTAyIiBkPSJNMjI0IDI1NmMwIDEyLjktNyAyNC40LTE3LjcgMjkuNkwxODcgMzA5LjljLTUuNCAzLTEyLjMgMy4xLTE3LjcuMS0xMC40LTUuOS0xNi43LTE2LjktMTYuNy0yOC42VjE5OGMwLTEyLjkgNy0yNC40IDE3LjctMjkuNkwxODcgMTQyLjFjNS40LTMgMTIuMy0zLjEgMTcuNy0uMSAxMC40IDUuOSAxNi43IDE2LjkgMTYuNyAyOC42djU4LjJ6Ii8+PC9zdmc+' height='20' width='20' style='vertical-align: middle;' /> <span style='color: #4285F4;'>Google Chrome</span></span></div>
<div style="border: 1px solid #ddd; padding: 8px; margin: 5px 0; border-radius: 4px; background-color: #f7f7f7; display: inline-block;"><strong>💻 #System Info</strong> :: <strong>PC Name</strong> ⇒ <span style="color: #001dff;">ANKUSH1111</span> &nbsp;&nbsp;|&nbsp;&nbsp; <strong>User</strong> ⇒ <span style="color: #006400;">HP</span></div>
Click Sucessfully==Again Double Click==Hobby: Music
<div style='border: 1px solid #ddd; padding: 8px; margin: 5px 0; border-radius: 4px; background-color: #f7f7f7; display: inline-block;'><strong>#FILEUP 🔼</strong> :: <strong>Profile Picture</strong> File Uploaded ⇒ <span style='color: #001dff;'>valdn01_36_2025_01_36_09.png</span></div>
<div style='border: 1px solid #ddd; padding: 8px; margin: 5px 0; border-radius: 4px; background-color: #f7f7f7; display: inline-block;'><strong>#TXTBX ▭</strong> :: <strong>Current Address</strong> Value entered ⇒ <span style='color: #009;'>Jaipur, Rajasthan</span></div>
<div style='border: 1px solid #ddd; padding: 8px; margin: 5px 0; border-radius: 4px; background-color: #f7f7f7; display: inline-block;'><strong>#BTN 📤</strong> :: <strong>Clicked On</strong> ⇒ <span style='color: #001dff;'>Submit Button</span></div>
<div style='border: 1px solid #ddd; padding: 8px; margin: 5px 0; border-radius: 4px; background-color: #f7f7f7; display: inline-block;'><strong>#TXTBX ▭</strong> :: <strong>Full Name</strong> Value entered ⇒ <span style='color: #009;'>Saurabh Yadav</span></div>
<font color =#18122B><b>Sceenshot Path::C:\Users\HP\Documents\Ahmedabad\ANKUSH_FRAMEWORK\ScreenShots\Validation\valdn01_07_2025_02_07_42.png</b></font>
<div style='border: 1px solid #ddd; padding: 8px; margin: 5px 0; border-radius: 4px; background-color: #f7f7f7; display: inline-block;'><strong>#TXTBX ▭</strong> :: <strong>Email</strong> Value entered ⇒ <span style='color: #009;'>saurabh.yadav@test.com</span></div>
<h4>Time :01/06/2025 02:07:43 PM</h4>
<br>
<img src="C:\Users\HP\Documents\Ahmedabad\ANKUSH_FRAMEWORK\ScreenShots\Validation\valdn01_07_2025_02_07_42.png" width="1000" height="500" ></img>
<br>
<br>
<div style='border: 1px solid #ddd; padding: 8px; margin: 5px 0; border-radius: 4px; background-color: #f7f7f7; display: inline-block;'><strong>#TXTBX ▭</strong> :: <strong>Current Address</strong> Value entered ⇒ <span style='color: #009;'>Lucknow, Uttar Pradesh</span></div>
<table><tr><th style='font-weight: normal;'>Student Name</th><th>Karan Mehta</th></tr><tr><th style='font-weight: normal;'>Student Email</th><th>karan.mehta@test.com</th></tr><tr><th style='font-weight: normal;'>Gender</th><th>Male</th></tr><tr><th style='font-weight: normal;'>Mobile</th><th>9123456789</th></tr><tr><th style='font-weight: normal;'>Date of Birth</th><th>25 May,1991</th></tr><tr><th style='font-weight: normal;'>Subjects</th><th>History</th></tr><tr><th style='font-weight: normal;'>Hobbies</th><th>Music</th></tr><tr><th style='font-weight: normal;'>Picture</th><th>valdn01_36_2025_01_36_09.png</th></tr><tr><th style='font-weight: normal;'>Address</th><th>Jaipur, Rajasthan</th></tr><tr><th style='font-weight: normal;'>State and City</th><th>NCR Gurgaon</th></tr></table>
<div style='border: 1px solid #ddd; padding: 8px; margin: 5px 0; border-radius: 4px; background-color: #f7f7f7; display: inline-block;'><strong>#TXTBX ▭</strong> :: <strong>Permanent Address</strong> Value entered ⇒ <span style='color: #009;'>Kanpur, Uttar Pradesh</span></div>
📋 Navigating to Home Page...
📋 Attempting to close modal popup (if present)...
⏳ Waiting for Home link to be clickable...
<div style='border: 1px solid #ddd; padding: 8px; margin: 5px 0; border-radius: 4px; background-color: #f7f7f7; display: inline-block;'><strong>#BTN 📤</strong> :: <strong>Clicked On</strong> ⇒ <span style='color: #001dff;'>Submit Button</span></div>
📋 Navigating to Home Page...
📋 Attempting to close modal popup (if present)...
⏳ Waiting for Home link to be clickable...
✅ Home link found: https://demoqa.com/
📋 Clicking on Home link...
❌ Navigation to Home Page failed: Expected condition failed: waiting for element to be clickable: By.xpath: //a[contains(@href,'https://demoqa.com')] (tried for 2 second(s) with 500 milliseconds interval)
Build info: version: '4.12.1', revision: '8e34639b11'
System info: os.name: 'Windows 11', os.arch: 'amd64', os.version: '10.0', java.version: '18.0.1.1'
Driver info: org.openqa.selenium.chrome.ChromeDriver
Capabilities {acceptInsecureCerts: false, browserName: chrome, browserVersion: 136.0.7103.114, chrome: {chromedriverVersion: 136.0.7103.113 (76fa3c17824..., userDataDir: C:\Users\HP\AppData\Local\T...}, fedcm:accounts: true, goog:chromeOptions: {debuggerAddress: localhost:55923}, networkConnectionEnabled: false, pageLoadStrategy: normal, platformName: windows, proxy: Proxy(), se:cdp: ws://localhost:55923/devtoo..., se:cdpVersion: 136.0.7103.114, setWindowRect: true, strictFileInteractability: false, timeouts: {implicit: 0, pageLoad: 300000, script: 30000}, unhandledPromptBehavior: dismiss and notify, webauthn:extension:credBlob: true, webauthn:extension:largeBlob: true, webauthn:extension:minPinLength: true, webauthn:extension:prf: true, webauthn:virtualAuthenticators: true}
Session ID: a671931228b8d81aca92b182bedd45b7
⏳ Waiting for loader to disappear...
⏳ Verifying home page load...
❌ Navigation to Home Page failed: Expected condition failed: waiting for url to contain "home". Current url: "https://demoqa.com/" (tried for 10 second(s) with 500 milliseconds interval)
Build info: version: '4.12.1', revision: '8e34639b11'
System info: os.name: 'Windows 11', os.arch: 'amd64', os.version: '10.0', java.version: '18.0.1.1'
Driver info: org.openqa.selenium.chrome.ChromeDriver
Capabilities {acceptInsecureCerts: false, browserName: chrome, browserVersion: 136.0.7103.114, chrome: {chromedriverVersion: 136.0.7103.113 (76fa3c17824..., userDataDir: C:\Users\HP\AppData\Local\T...}, fedcm:accounts: true, goog:chromeOptions: {debuggerAddress: localhost:55925}, networkConnectionEnabled: false, pageLoadStrategy: normal, platformName: windows, proxy: Proxy(), se:cdp: ws://localhost:55925/devtoo..., se:cdpVersion: 136.0.7103.114, setWindowRect: true, strictFileInteractability: false, timeouts: {implicit: 0, pageLoad: 300000, script: 30000}, unhandledPromptBehavior: dismiss and notify, webauthn:extension:credBlob: true, webauthn:extension:largeBlob: true, webauthn:extension:minPinLength: true, webauthn:extension:prf: true, webauthn:virtualAuthenticators: true}
Session ID: 8c92c7e2ded1c3ae1cd18274538d3bb3
<h3 style="color:#132043;"><b> Iteration Number &#10781; :10</b></h4>
<div style='border: 1px solid #e0e0e0;padding: 8px 12px;margin: 8px 0;border-radius: 6px;background: linear-gradient(to right, #f8f9fa, #ffffff);box-shadow: 0 2px 4px rgba(0,0,0,0.05);display: inline-block;font-family: Arial, sans-serif;'><span style='font-weight: bold;color: #333;'>🌍 Browser Info:</span> <span style='color: #2c7be5;font-weight: 500;'><img src='data:image/svg+xml;base64,PHN2ZyB4bWxucz0iaHR0cDovL3d3dy53My5vcmcvMjAwMC9zdmciIHZpZXdCb3g9IjAgMCA0NDggNTEyIj48cGF0aCBmaWxsPSIjRkZDMTAyIiBkPSJNMjI0IDI1NmMwIDEyLjktNyAyNC40LTE3LjcgMjkuNkwxODcgMzA5LjljLTUuNCAzLTEyLjMgMy4xLTE3LjcuMS0xMC40LTUuOS0xNi43LTE2LjktMTYuNy0yOC42VjE5OGMwLTEyLjkgNy0yNC40IDE3LjctMjkuNkwxODcgMTQyLjFjNS40LTMgMTIuMy0zLjEgMTcuNy0uMSAxMC40IDUuOSAxNi43IDE2LjkgMTYuNyAyOC42djU4LjJ6Ii8+PHBhdGggZmlsbD0iIzRBNDlGNSIgZD0iTTIyNCAyNTZjMCAxMi45LTcgMjQuNC0xNy43IDI5LjZMMTg3IDMwOS45Yy01LjQgMy0xMi4zIDMuMS0xNy43LjEtMTAuNC01LjktMTYuNy0xNi45LTE2LjctMjguNlYxOThjMC0xMi45IDctMjQuNCAxNy43LTI5LjZMMTg3IDE0Mi4xYzUuNC0zIDEyLjMtMy4xIDE3LjctLjEgMTAuNCA1LjkgMTYuNyAxNi45IDE2LjcgMjguNnY1OC4yeiIvPjxwYXRoIGZpbGw9IiNGRkMxMDIiIGQ9Ik0yMjQgMjU2YzAgMTIuOS03IDI0LjQtMTcuNyAyOS42TDE4NyAzMDkuOWMtNS40IDMtMTIuMyAzLjEtMTcuNy4xLTEwLjQtNS45LTE2LjctMTYuOS0xNi43LTI4LjZWMTk4YzAtMTIuOSA3LTI0LjQgMTcuNy0yOS42TDE4NyAxNDIuMWM1LjQtMyAxMi4zLTMuMSAxNy43LS4xIDEwLjQgNS45IDE2LjcgMTYuOSAxNi43IDI4LjZ2NTguMnoiLz48cGF0aCBmaWxsPSIjRkZDMTAyIiBkPSJNMjI0IDI1NmMwIDEyLjktNyAyNC40LTE3LjcgMjkuNkwxODcgMzA5LjljLTUuNCAzLTEyLjMgMy4xLTE3LjcuMS0xMC40LTUuOS0xNi43LTE2LjktMTYuNy0yOC42VjE5OGMwLTEyLjkgNy0yNC40IDE3LjctMjkuNkwxODcgMTQyLjFjNS40LTMgMTIuMy0zLjEgMTcuNy0uMSAxMC40IDUuOSAxNi43IDE2LjkgMTYuNyAyOC42djU4LjJ6Ii8+PC9zdmc+' height='20' width='20' style='vertical-align: middle;' /> <span style='color: #4285F4;'>Google Chrome</span></span></div>
<div style="border: 1px solid #ddd; padding: 8px; margin: 5px 0; border-radius: 4px; background-color: #f7f7f7; display: inline-block;"><strong>💻 #System Info</strong> :: <strong>PC Name</strong> ⇒ <span style="color: #001dff;">ANKUSH1111</span> &nbsp;&nbsp;|&nbsp;&nbsp; <strong>User</strong> ⇒ <span style="color: #006400;">HP</span></div>
<div style='border: 1px solid #ddd; padding: 8px; margin: 5px 0; border-radius: 4px; background-color: #f7f7f7; display: inline-block;'><strong>#TXTBX ▭</strong> :: <strong>Full Name</strong> Value entered ⇒ <span style='color: #009;'>Neha Kulkarni</span></div>
<div style='border: 1px solid #ddd; padding: 8px; margin: 5px 0; border-radius: 4px; background-color: #f7f7f7; display: inline-block;'><strong>#TXTBX ▭</strong> :: <strong>Email</strong> Value entered ⇒ <span style='color: #009;'>neha.kulkarni@test.com</span></div>
<div style='border: 1px solid #ddd; padding: 8px; margin: 5px 0; border-radius: 4px; background-color: #f7f7f7; display: inline-block;'><strong>#TXTBX ▭</strong> :: <strong>Current Address</strong> Value entered ⇒ <span style='color: #009;'>Satara, Maharashtra</span></div>
<div style='border: 1px solid #ddd; padding: 8px; margin: 5px 0; border-radius: 4px; background-color: #f7f7f7; display: inline-block;'><strong>#TXTBX ▭</strong> :: <strong>Permanent Address</strong> Value entered ⇒ <span style='color: #009;'>Sangli, Maharashtra</span></div>
<div style='border: 1px solid #ddd; padding: 8px; margin: 5px 0; border-radius: 4px; background-color: #f7f7f7; display: inline-block;'><strong>#BTN 📤</strong> :: <strong>Clicked On</strong> ⇒ <span style='color: #001dff;'>Submit Button</span></div>
📋 Navigating to Home Page...
📋 Attempting to close modal popup (if present)...
⏳ Waiting for Home link to be clickable...
✅ Home link found: https://demoqa.com/
📋 Clicking on Home link...
⏳ Waiting for loader to disappear...
⏳ Verifying home page load...
❌ Navigation to Home Page failed: Expected condition failed: waiting for url to contain "home". Current url: "https://demoqa.com/" (tried for 10 second(s) with 500 milliseconds interval)
Build info: version: '4.12.1', revision: '8e34639b11'
System info: os.name: 'Windows 11', os.arch: 'amd64', os.version: '10.0', java.version: '18.0.1.1'
Driver info: org.openqa.selenium.chrome.ChromeDriver
Capabilities {acceptInsecureCerts: false, browserName: chrome, browserVersion: 136.0.7103.114, chrome: {chromedriverVersion: 136.0.7103.113 (76fa3c17824..., userDataDir: C:\Users\HP\AppData\Local\T...}, fedcm:accounts: true, goog:chromeOptions: {debuggerAddress: localhost:55925}, networkConnectionEnabled: false, pageLoadStrategy: normal, platformName: windows, proxy: Proxy(), se:cdp: ws://localhost:55925/devtoo..., se:cdpVersion: 136.0.7103.114, setWindowRect: true, strictFileInteractability: false, timeouts: {implicit: 0, pageLoad: 300000, script: 30000}, unhandledPromptBehavior: dismiss and notify, webauthn:extension:credBlob: true, webauthn:extension:largeBlob: true, webauthn:extension:minPinLength: true, webauthn:extension:prf: true, webauthn:virtualAuthenticators: true}
Session ID: 8c92c7e2ded1c3ae1cd18274538d3bb3
<h3 style="color:#132043;"><b> Iteration Number &#10781; :11</b></h4>
<div style='border: 1px solid #e0e0e0;padding: 8px 12px;margin: 8px 0;border-radius: 6px;background: linear-gradient(to right, #f8f9fa, #ffffff);box-shadow: 0 2px 4px rgba(0,0,0,0.05);display: inline-block;font-family: Arial, sans-serif;'><span style='font-weight: bold;color: #333;'>🌍 Browser Info:</span> <span style='color: #2c7be5;font-weight: 500;'><img src='data:image/svg+xml;base64,PHN2ZyB4bWxucz0iaHR0cDovL3d3dy53My5vcmcvMjAwMC9zdmciIHZpZXdCb3g9IjAgMCA0NDggNTEyIj48cGF0aCBmaWxsPSIjRkZDMTAyIiBkPSJNMjI0IDI1NmMwIDEyLjktNyAyNC40LTE3LjcgMjkuNkwxODcgMzA5LjljLTUuNCAzLTEyLjMgMy4xLTE3LjcuMS0xMC40LTUuOS0xNi43LTE2LjktMTYuNy0yOC42VjE5OGMwLTEyLjkgNy0yNC40IDE3LjctMjkuNkwxODcgMTQyLjFjNS40LTMgMTIuMy0zLjEgMTcuNy0uMSAxMC40IDUuOSAxNi43IDE2LjkgMTYuNyAyOC42djU4LjJ6Ii8+PHBhdGggZmlsbD0iIzRBNDlGNSIgZD0iTTIyNCAyNTZjMCAxMi45LTcgMjQuNC0xNy43IDI5LjZMMTg3IDMwOS45Yy01LjQgMy0xMi4zIDMuMS0xNy43LjEtMTAuNC01LjktMTYuNy0xNi45LTE2LjctMjguNlYxOThjMC0xMi45IDctMjQuNCAxNy43LTI5LjZMMTg3IDE0Mi4xYzUuNC0zIDEyLjMtMy4xIDE3LjctLjEgMTAuNCA1LjkgMTYuNyAxNi45IDE2LjcgMjguNnY1OC4yeiIvPjxwYXRoIGZpbGw9IiNGRkMxMDIiIGQ9Ik0yMjQgMjU2YzAgMTIuOS03IDI0LjQtMTcuNyAyOS42TDE4NyAzMDkuOWMtNS40IDMtMTIuMyAzLjEtMTcuNy4xLTEwLjQtNS45LTE2LjctMTYuOS0xNi43LTI4LjZWMTk4YzAtMTIuOSA3LTI0LjQgMTcuNy0yOS42TDE4NyAxNDIuMWM1LjQtMyAxMi4zLTMuMSAxNy43LS4xIDEwLjQgNS45IDE2LjcgMTYuOSAxNi43IDI4LjZ2NTguMnoiLz48cGF0aCBmaWxsPSIjRkZDMTAyIiBkPSJNMjI0IDI1NmMwIDEyLjktNyAyNC40LTE3LjcgMjkuNkwxODcgMzA5LjljLTUuNCAzLTEyLjMgMy4xLTE3LjcuMS0xMC40LTUuOS0xNi43LTE2LjktMTYuNy0yOC42VjE5OGMwLTEyLjkgNy0yNC40IDE3LjctMjkuNkwxODcgMTQyLjFjNS40LTMgMTIuMy0zLjEgMTcuNy0uMSAxMC40IDUuOSAxNi43IDE2LjkgMTYuNyAyOC42djU4LjJ6Ii8+PC9zdmc+' height='20' width='20' style='vertical-align: middle;' /> <span style='color: #4285F4;'>Google Chrome</span></span></div>
<div style="border: 1px solid #ddd; padding: 8px; margin: 5px 0; border-radius: 4px; background-color: #f7f7f7; display: inline-block;"><strong>💻 #System Info</strong> :: <strong>PC Name</strong> ⇒ <span style="color: #001dff;">ANKUSH1111</span> &nbsp;&nbsp;|&nbsp;&nbsp; <strong>User</strong> ⇒ <span style="color: #006400;">HP</span></div>
<div style='border: 1px solid #ddd; padding: 8px; margin: 5px 0; border-radius: 4px; background-color: #f7f7f7; display: inline-block;'><strong>#TXTBX ▭</strong> :: <strong>Full Name</strong> Value entered ⇒ <span style='color: #009;'>Rahul Verma</span></div>
<div style='border: 1px solid #ddd; padding: 8px; margin: 5px 0; border-radius: 4px; background-color: #f7f7f7; display: inline-block;'><strong>#TXTBX ▭</strong> :: <strong>Email</strong> Value entered ⇒ <span style='color: #009;'>rahul.verma@test.com</span></div>
<div style='border: 1px solid #ddd; padding: 8px; margin: 5px 0; border-radius: 4px; background-color: #f7f7f7; display: inline-block;'><strong>#TXTBX ▭</strong> :: <strong>Current Address</strong> Value entered ⇒ <span style='color: #009;'>Bhopal, Madhya Pradesh</span></div>
<div style='border: 1px solid #ddd; padding: 8px; margin: 5px 0; border-radius: 4px; background-color: #f7f7f7; display: inline-block;'><strong>#TXTBX ▭</strong> :: <strong>Permanent Address</strong> Value entered ⇒ <span style='color: #009;'>Indore, Madhya Pradesh</span></div>
<div style='border: 1px solid #ddd; padding: 8px; margin: 5px 0; border-radius: 4px; background-color: #f7f7f7; display: inline-block;'><strong>#BTN 📤</strong> :: <strong>Clicked On</strong> ⇒ <span style='color: #001dff;'>Submit Button</span></div>
📋 Navigating to Home Page...
📋 Attempting to close modal popup (if present)...
⏳ Waiting for Home link to be clickable...
✅ Home link found: https://demoqa.com/
📋 Clicking on Home link...
<div style='border: 1px solid #ddd; padding: 8px; margin: 5px 0; border-radius: 4px; background-color: #f7f7f7; display: inline-block;'><strong>#TXTBX ▭</strong> :: <strong>Full Name</strong> Value entered ⇒ <span style='color: #009;'>Manish Gupta</span></div>
<div style='border: 1px solid #ddd; padding: 8px; margin: 5px 0; border-radius: 4px; background-color: #f7f7f7; display: inline-block;'><strong>#TXTBX ▭</strong> :: <strong>Email</strong> Value entered ⇒ <span style='color: #009;'>manish.gupta@test.com</span></div>
<div style='border: 1px solid #ddd; padding: 8px; margin: 5px 0; border-radius: 4px; background-color: #f7f7f7; display: inline-block;'><strong>#TXTBX ▭</strong> :: <strong>Current Address</strong> Value entered ⇒ <span style='color: #009;'>Delhi</span></div>
<div style='border: 1px solid #ddd; padding: 8px; margin: 5px 0; border-radius: 4px; background-color: #f7f7f7; display: inline-block;'><strong>#TXTBX ▭</strong> :: <strong>Permanent Address</strong> Value entered ⇒ <span style='color: #009;'>Noida, Uttar Pradesh</span></div>
<div style='border: 1px solid #ddd; padding: 8px; margin: 5px 0; border-radius: 4px; background-color: #f7f7f7; display: inline-block;'><strong>#BTN 📤</strong> :: <strong>Clicked On</strong> ⇒ <span style='color: #001dff;'>Submit Button</span></div>
📋 Navigating to Home Page...
📋 Attempting to close modal popup (if present)...
⏳ Waiting for Home link to be clickable...
✅ Home link found: https://demoqa.com/
📋 Clicking on Home link...
⏳ Waiting for loader to disappear...
⏳ Verifying home page load...
⏳ Waiting for loader to disappear...
⏳ Verifying home page load...
❌ Navigation to Home Page failed: Expected condition failed: waiting for url to contain "home". Current url: "https://demoqa.com/" (tried for 10 second(s) with 500 milliseconds interval)
Build info: version: '4.12.1', revision: '8e34639b11'
System info: os.name: 'Windows 11', os.arch: 'amd64', os.version: '10.0', java.version: '18.0.1.1'
Driver info: org.openqa.selenium.chrome.ChromeDriver
Capabilities {acceptInsecureCerts: false, browserName: chrome, browserVersion: 136.0.7103.114, chrome: {chromedriverVersion: 136.0.7103.113 (76fa3c17824..., userDataDir: C:\Users\HP\AppData\Local\T...}, fedcm:accounts: true, goog:chromeOptions: {debuggerAddress: localhost:55925}, networkConnectionEnabled: false, pageLoadStrategy: normal, platformName: windows, proxy: Proxy(), se:cdp: ws://localhost:55925/devtoo..., se:cdpVersion: 136.0.7103.114, setWindowRect: true, strictFileInteractability: false, timeouts: {implicit: 0, pageLoad: 300000, script: 30000}, unhandledPromptBehavior: dismiss and notify, webauthn:extension:credBlob: true, webauthn:extension:largeBlob: true, webauthn:extension:minPinLength: true, webauthn:extension:prf: true, webauthn:virtualAuthenticators: true}
Session ID: 8c92c7e2ded1c3ae1cd18274538d3bb3
<h3 style="color:#132043;"><b> Iteration Number &#10781; :12</b></h4>
<div style='border: 1px solid #e0e0e0;padding: 8px 12px;margin: 8px 0;border-radius: 6px;background: linear-gradient(to right, #f8f9fa, #ffffff);box-shadow: 0 2px 4px rgba(0,0,0,0.05);display: inline-block;font-family: Arial, sans-serif;'><span style='font-weight: bold;color: #333;'>🌍 Browser Info:</span> <span style='color: #2c7be5;font-weight: 500;'><img src='data:image/svg+xml;base64,PHN2ZyB4bWxucz0iaHR0cDovL3d3dy53My5vcmcvMjAwMC9zdmciIHZpZXdCb3g9IjAgMCA0NDggNTEyIj48cGF0aCBmaWxsPSIjRkZDMTAyIiBkPSJNMjI0IDI1NmMwIDEyLjktNyAyNC40LTE3LjcgMjkuNkwxODcgMzA5LjljLTUuNCAzLTEyLjMgMy4xLTE3LjcuMS0xMC40LTUuOS0xNi43LTE2LjktMTYuNy0yOC42VjE5OGMwLTEyLjkgNy0yNC40IDE3LjctMjkuNkwxODcgMTQyLjFjNS40LTMgMTIuMy0zLjEgMTcuNy0uMSAxMC40IDUuOSAxNi43IDE2LjkgMTYuNyAyOC42djU4LjJ6Ii8+PHBhdGggZmlsbD0iIzRBNDlGNSIgZD0iTTIyNCAyNTZjMCAxMi45LTcgMjQuNC0xNy43IDI5LjZMMTg3IDMwOS45Yy01LjQgMy0xMi4zIDMuMS0xNy43LjEtMTAuNC01LjktMTYuNy0xNi45LTE2LjctMjguNlYxOThjMC0xMi45IDctMjQuNCAxNy43LTI5LjZMMTg3IDE0Mi4xYzUuNC0zIDEyLjMtMy4xIDE3LjctLjEgMTAuNCA1LjkgMTYuNyAxNi45IDE2LjcgMjguNnY1OC4yeiIvPjxwYXRoIGZpbGw9IiNGRkMxMDIiIGQ9Ik0yMjQgMjU2YzAgMTIuOS03IDI0LjQtMTcuNyAyOS42TDE4NyAzMDkuOWMtNS40IDMtMTIuMyAzLjEtMTcuNy4xLTEwLjQtNS45LTE2LjctMTYuOS0xNi43LTI4LjZWMTk4YzAtMTIuOSA3LTI0LjQgMTcuNy0yOS42TDE4NyAxNDIuMWM1LjQtMyAxMi4zLTMuMSAxNy43LS4xIDEwLjQgNS45IDE2LjcgMTYuOSAxNi43IDI4LjZ2NTguMnoiLz48cGF0aCBmaWxsPSIjRkZDMTAyIiBkPSJNMjI0IDI1NmMwIDEyLjktNyAyNC40LTE3LjcgMjkuNkwxODcgMzA5LjljLTUuNCAzLTEyLjMgMy4xLTE3LjcuMS0xMC40LTUuOS0xNi43LTE2LjktMTYuNy0yOC42VjE5OGMwLTEyLjkgNy0yNC40IDE3LjctMjkuNkwxODcgMTQyLjFjNS40LTMgMTIuMy0zLjEgMTcuNy0uMSAxMC40IDUuOSAxNi43IDE2LjkgMTYuNyAyOC42djU4LjJ6Ii8+PC9zdmc+' height='20' width='20' style='vertical-align: middle;' /> <span style='color: #4285F4;'>Google Chrome</span></span></div>
<div style="border: 1px solid #ddd; padding: 8px; margin: 5px 0; border-radius: 4px; background-color: #f7f7f7; display: inline-block;"><strong>💻 #System Info</strong> :: <strong>PC Name</strong> ⇒ <span style="color: #001dff;">ANKUSH1111</span> &nbsp;&nbsp;|&nbsp;&nbsp; <strong>User</strong> ⇒ <span style="color: #006400;">HP</span></div>
❌ Navigation to Home Page failed: Expected condition failed: waiting for url to contain "home". Current url: "https://demoqa.com/" (tried for 10 second(s) with 500 milliseconds interval)
Build info: version: '4.12.1', revision: '8e34639b11'
System info: os.name: 'Windows 11', os.arch: 'amd64', os.version: '10.0', java.version: '18.0.1.1'
Driver info: org.openqa.selenium.chrome.ChromeDriver
Capabilities {acceptInsecureCerts: false, browserName: chrome, browserVersion: 136.0.7103.114, chrome: {chromedriverVersion: 136.0.7103.113 (76fa3c17824..., userDataDir: C:\Users\HP\AppData\Local\T...}, fedcm:accounts: true, goog:chromeOptions: {debuggerAddress: localhost:55926}, networkConnectionEnabled: false, pageLoadStrategy: normal, platformName: windows, proxy: Proxy(), se:cdp: ws://localhost:55926/devtoo..., se:cdpVersion: 136.0.7103.114, setWindowRect: true, strictFileInteractability: false, timeouts: {implicit: 0, pageLoad: 300000, script: 30000}, unhandledPromptBehavior: dismiss and notify, webauthn:extension:credBlob: true, webauthn:extension:largeBlob: true, webauthn:extension:minPinLength: true, webauthn:extension:prf: true, webauthn:virtualAuthenticators: true}
Session ID: 8eed06a5d5c82986cbc5ab40cb4361f0
<h3 style="color:#132043;"><b> Iteration Number &#10781; :4</b></h4>
<div style='border: 1px solid #e0e0e0;padding: 8px 12px;margin: 8px 0;border-radius: 6px;background: linear-gradient(to right, #f8f9fa, #ffffff);box-shadow: 0 2px 4px rgba(0,0,0,0.05);display: inline-block;font-family: Arial, sans-serif;'><span style='font-weight: bold;color: #333;'>🌍 Browser Info:</span> <span style='color: #2c7be5;font-weight: 500;'><img src='data:image/svg+xml;base64,PHN2ZyB4bWxucz0iaHR0cDovL3d3dy53My5vcmcvMjAwMC9zdmciIHZpZXdCb3g9IjAgMCA0NDggNTEyIj48cGF0aCBmaWxsPSIjRkZDMTAyIiBkPSJNMjI0IDI1NmMwIDEyLjktNyAyNC40LTE3LjcgMjkuNkwxODcgMzA5LjljLTUuNCAzLTEyLjMgMy4xLTE3LjcuMS0xMC40LTUuOS0xNi43LTE2LjktMTYuNy0yOC42VjE5OGMwLTEyLjkgNy0yNC40IDE3LjctMjkuNkwxODcgMTQyLjFjNS40LTMgMTIuMy0zLjEgMTcuNy0uMSAxMC40IDUuOSAxNi43IDE2LjkgMTYuNyAyOC42djU4LjJ6Ii8+PHBhdGggZmlsbD0iIzRBNDlGNSIgZD0iTTIyNCAyNTZjMCAxMi45LTcgMjQuNC0xNy43IDI5LjZMMTg3IDMwOS45Yy01LjQgMy0xMi4zIDMuMS0xNy43LjEtMTAuNC01LjktMTYuNy0xNi45LTE2LjctMjguNlYxOThjMC0xMi45IDctMjQuNCAxNy43LTI5LjZMMTg3IDE0Mi4xYzUuNC0zIDEyLjMtMy4xIDE3LjctLjEgMTAuNCA1LjkgMTYuNyAxNi45IDE2LjcgMjguNnY1OC4yeiIvPjxwYXRoIGZpbGw9IiNGRkMxMDIiIGQ9Ik0yMjQgMjU2YzAgMTIuOS03IDI0LjQtMTcuNyAyOS42TDE4NyAzMDkuOWMtNS40IDMtMTIuMyAzLjEtMTcuNy4xLTEwLjQtNS45LTE2LjctMTYuOS0xNi43LTI4LjZWMTk4YzAtMTIuOSA3LTI0LjQgMTcuNy0yOS42TDE4NyAxNDIuMWM1LjQtMyAxMi4zLTMuMSAxNy43LS4xIDEwLjQgNS45IDE2LjcgMTYuOSAxNi43IDI4LjZ2NTguMnoiLz48cGF0aCBmaWxsPSIjRkZDMTAyIiBkPSJNMjI0IDI1NmMwIDEyLjktNyAyNC40LTE3LjcgMjkuNkwxODcgMzA5LjljLTUuNCAzLTEyLjMgMy4xLTE3LjcuMS0xMC40LTUuOS0xNi43LTE2LjktMTYuNy0yOC42VjE5OGMwLTEyLjkgNy0yNC40IDE3LjctMjkuNkwxODcgMTQyLjFjNS40LTMgMTIuMy0zLjEgMTcuNy0uMSAxMC40IDUuOSAxNi43IDE2LjkgMTYuNyAyOC42djU4LjJ6Ii8+PC9zdmc+' height='20' width='20' style='vertical-align: middle;' /> <span style='color: #4285F4;'>Google Chrome</span></span></div>
<div style="border: 1px solid #ddd; padding: 8px; margin: 5px 0; border-radius: 4px; background-color: #f7f7f7; display: inline-block;"><strong>💻 #System Info</strong> :: <strong>PC Name</strong> ⇒ <span style="color: #001dff;">ANKUSH1111</span> &nbsp;&nbsp;|&nbsp;&nbsp; <strong>User</strong> ⇒ <span style="color: #006400;">HP</span></div>
<div style='border: 1px solid #ddd; padding: 8px; margin: 5px 0; border-radius: 4px; background-color: #f7f7f7; display: inline-block;'><strong>#TXTBX ▭</strong> :: <strong>Full Name</strong> Value entered ⇒ <span style='color: #009;'>Ayesha Khan</span></div>
<div style='border: 1px solid #ddd; padding: 8px; margin: 5px 0; border-radius: 4px; background-color: #f7f7f7; display: inline-block;'><strong>#TXTBX ▭</strong> :: <strong>Email</strong> Value entered ⇒ <span style='color: #009;'>ayesha.khan@test.com</span></div>
<div style='border: 1px solid #ddd; padding: 8px; margin: 5px 0; border-radius: 4px; background-color: #f7f7f7; display: inline-block;'><strong>#TXTBX ▭</strong> :: <strong>Current Address</strong> Value entered ⇒ <span style='color: #009;'>Bhopal, Madhya Pradesh</span></div>
<div style='border: 1px solid #ddd; padding: 8px; margin: 5px 0; border-radius: 4px; background-color: #f7f7f7; display: inline-block;'><strong>#TXTBX ▭</strong> :: <strong>Permanent Address</strong> Value entered ⇒ <span style='color: #009;'>Gwalior, Madhya Pradesh</span></div>
<div style='border: 1px solid #ddd; padding: 8px; margin: 5px 0; border-radius: 4px; background-color: #f7f7f7; display: inline-block;'><strong>#BTN 📤</strong> :: <strong>Clicked On</strong> ⇒ <span style='color: #001dff;'>Submit Button</span></div>
📋 Navigating to Home Page...
📋 Attempting to close modal popup (if present)...
⏳ Waiting for Home link to be clickable...
✅ Home link found: https://demoqa.com/
📋 Clicking on Home link...
<div style='border: 1px solid #ddd; padding: 8px; margin: 5px 0; border-radius: 4px; background-color: #f7f7f7; display: inline-block;'><strong>#TXTBX ▭</strong> :: <strong>Full Name</strong> Value entered ⇒ <span style='color: #009;'>Sneha Patil</span></div>
<div style='border: 1px solid #ddd; padding: 8px; margin: 5px 0; border-radius: 4px; background-color: #f7f7f7; display: inline-block;'><strong>#TXTBX ▭</strong> :: <strong>Email</strong> Value entered ⇒ <span style='color: #009;'>sneha.patil@test.com</span></div>
⏳ Waiting for loader to disappear...
⏳ Verifying home page load...
<div style='border: 1px solid #ddd; padding: 8px; margin: 5px 0; border-radius: 4px; background-color: #f7f7f7; display: inline-block;'><strong>#TXTBX ▭</strong> :: <strong>Current Address</strong> Value entered ⇒ <span style='color: #009;'>Nashik, Maharashtra</span></div>
<div style='border: 1px solid #ddd; padding: 8px; margin: 5px 0; border-radius: 4px; background-color: #f7f7f7; display: inline-block;'><strong>#TXTBX ▭</strong> :: <strong>Permanent Address</strong> Value entered ⇒ <span style='color: #009;'>Kolhapur, Maharashtra</span></div>
<div style='border: 1px solid #ddd; padding: 8px; margin: 5px 0; border-radius: 4px; background-color: #f7f7f7; display: inline-block;'><strong>#BTN 📤</strong> :: <strong>Clicked On</strong> ⇒ <span style='color: #001dff;'>Submit Button</span></div>
📋 Navigating to Home Page...
📋 Attempting to close modal popup (if present)...
⏳ Waiting for Home link to be clickable...
✅ Home link found: https://demoqa.com/
📋 Clicking on Home link...
⏳ Waiting for loader to disappear...
⏳ Verifying home page load...
❌ Navigation to Home Page failed: Expected condition failed: waiting for url to contain "home". Current url: "https://demoqa.com/" (tried for 10 second(s) with 500 milliseconds interval)
Build info: version: '4.12.1', revision: '8e34639b11'
System info: os.name: 'Windows 11', os.arch: 'amd64', os.version: '10.0', java.version: '18.0.1.1'
Driver info: org.openqa.selenium.chrome.ChromeDriver
Capabilities {acceptInsecureCerts: false, browserName: chrome, browserVersion: 136.0.7103.114, chrome: {chromedriverVersion: 136.0.7103.113 (76fa3c17824..., userDataDir: C:\Users\HP\AppData\Local\T...}, fedcm:accounts: true, goog:chromeOptions: {debuggerAddress: localhost:55925}, networkConnectionEnabled: false, pageLoadStrategy: normal, platformName: windows, proxy: Proxy(), se:cdp: ws://localhost:55925/devtoo..., se:cdpVersion: 136.0.7103.114, setWindowRect: true, strictFileInteractability: false, timeouts: {implicit: 0, pageLoad: 300000, script: 30000}, unhandledPromptBehavior: dismiss and notify, webauthn:extension:credBlob: true, webauthn:extension:largeBlob: true, webauthn:extension:minPinLength: true, webauthn:extension:prf: true, webauthn:virtualAuthenticators: true}
Session ID: 8c92c7e2ded1c3ae1cd18274538d3bb3
<h3 style="color:#132043;"><b> Iteration Number &#10781; :13</b></h4>
<div style='border: 1px solid #e0e0e0;padding: 8px 12px;margin: 8px 0;border-radius: 6px;background: linear-gradient(to right, #f8f9fa, #ffffff);box-shadow: 0 2px 4px rgba(0,0,0,0.05);display: inline-block;font-family: Arial, sans-serif;'><span style='font-weight: bold;color: #333;'>🌍 Browser Info:</span> <span style='color: #2c7be5;font-weight: 500;'><img src='data:image/svg+xml;base64,PHN2ZyB4bWxucz0iaHR0cDovL3d3dy53My5vcmcvMjAwMC9zdmciIHZpZXdCb3g9IjAgMCA0NDggNTEyIj48cGF0aCBmaWxsPSIjRkZDMTAyIiBkPSJNMjI0IDI1NmMwIDEyLjktNyAyNC40LTE3LjcgMjkuNkwxODcgMzA5LjljLTUuNCAzLTEyLjMgMy4xLTE3LjcuMS0xMC40LTUuOS0xNi43LTE2LjktMTYuNy0yOC42VjE5OGMwLTEyLjkgNy0yNC40IDE3LjctMjkuNkwxODcgMTQyLjFjNS40LTMgMTIuMy0zLjEgMTcuNy0uMSAxMC40IDUuOSAxNi43IDE2LjkgMTYuNyAyOC42djU4LjJ6Ii8+PHBhdGggZmlsbD0iIzRBNDlGNSIgZD0iTTIyNCAyNTZjMCAxMi45LTcgMjQuNC0xNy43IDI5LjZMMTg3IDMwOS45Yy01LjQgMy0xMi4zIDMuMS0xNy43LjEtMTAuNC01LjktMTYuNy0xNi45LTE2LjctMjguNlYxOThjMC0xMi45IDctMjQuNCAxNy43LTI5LjZMMTg3IDE0Mi4xYzUuNC0zIDEyLjMtMy4xIDE3LjctLjEgMTAuNCA1LjkgMTYuNyAxNi45IDE2LjcgMjguNnY1OC4yeiIvPjxwYXRoIGZpbGw9IiNGRkMxMDIiIGQ9Ik0yMjQgMjU2YzAgMTIuOS03IDI0LjQtMTcuNyAyOS42TDE4NyAzMDkuOWMtNS40IDMtMTIuMyAzLjEtMTcuNy4xLTEwLjQtNS45LTE2LjctMTYuOS0xNi43LTI4LjZWMTk4YzAtMTIuOSA3LTI0LjQgMTcuNy0yOS42TDE4NyAxNDIuMWM1LjQtMyAxMi4zLTMuMSAxNy43LS4xIDEwLjQgNS45IDE2LjcgMTYuOSAxNi43IDI4LjZ2NTguMnoiLz48cGF0aCBmaWxsPSIjRkZDMTAyIiBkPSJNMjI0IDI1NmMwIDEyLjktNyAyNC40LTE3LjcgMjkuNkwxODcgMzA5LjljLTUuNCAzLTEyLjMgMy4xLTE3LjcuMS0xMC40LTUuOS0xNi43LTE2LjktMTYuNy0yOC42VjE5OGMwLTEyLjkgNy0yNC40IDE3LjctMjkuNkwxODcgMTQyLjFjNS40LTMgMTIuMy0zLjEgMTcuNy0uMSAxMC40IDUuOSAxNi43IDE2LjkgMTYuNyAyOC42djU4LjJ6Ii8+PC9zdmc+' height='20' width='20' style='vertical-align: middle;' /> <span style='color: #4285F4;'>Google Chrome</span></span></div>
<div style="border: 1px solid #ddd; padding: 8px; margin: 5px 0; border-radius: 4px; background-color: #f7f7f7; display: inline-block;"><strong>💻 #System Info</strong> :: <strong>PC Name</strong> ⇒ <span style="color: #001dff;">ANKUSH1111</span> &nbsp;&nbsp;|&nbsp;&nbsp; <strong>User</strong> ⇒ <span style="color: #006400;">HP</span></div>
❌ Navigation to Home Page failed: Expected condition failed: waiting for url to contain "home". Current url: "https://demoqa.com/" (tried for 10 second(s) with 500 milliseconds interval)
Build info: version: '4.12.1', revision: '8e34639b11'
System info: os.name: 'Windows 11', os.arch: 'amd64', os.version: '10.0', java.version: '18.0.1.1'
Driver info: org.openqa.selenium.chrome.ChromeDriver
Capabilities {acceptInsecureCerts: false, browserName: chrome, browserVersion: 136.0.7103.114, chrome: {chromedriverVersion: 136.0.7103.113 (76fa3c17824..., userDataDir: C:\Users\HP\AppData\Local\T...}, fedcm:accounts: true, goog:chromeOptions: {debuggerAddress: localhost:55926}, networkConnectionEnabled: false, pageLoadStrategy: normal, platformName: windows, proxy: Proxy(), se:cdp: ws://localhost:55926/devtoo..., se:cdpVersion: 136.0.7103.114, setWindowRect: true, strictFileInteractability: false, timeouts: {implicit: 0, pageLoad: 300000, script: 30000}, unhandledPromptBehavior: dismiss and notify, webauthn:extension:credBlob: true, webauthn:extension:largeBlob: true, webauthn:extension:minPinLength: true, webauthn:extension:prf: true, webauthn:virtualAuthenticators: true}
Session ID: 8eed06a5d5c82986cbc5ab40cb4361f0
<h3 style="color:#132043;"><b> Iteration Number &#10781; :5</b></h4>
<div style='border: 1px solid #e0e0e0;padding: 8px 12px;margin: 8px 0;border-radius: 6px;background: linear-gradient(to right, #f8f9fa, #ffffff);box-shadow: 0 2px 4px rgba(0,0,0,0.05);display: inline-block;font-family: Arial, sans-serif;'><span style='font-weight: bold;color: #333;'>🌍 Browser Info:</span> <span style='color: #2c7be5;font-weight: 500;'><img src='data:image/svg+xml;base64,PHN2ZyB4bWxucz0iaHR0cDovL3d3dy53My5vcmcvMjAwMC9zdmciIHZpZXdCb3g9IjAgMCA0NDggNTEyIj48cGF0aCBmaWxsPSIjRkZDMTAyIiBkPSJNMjI0IDI1NmMwIDEyLjktNyAyNC40LTE3LjcgMjkuNkwxODcgMzA5LjljLTUuNCAzLTEyLjMgMy4xLTE3LjcuMS0xMC40LTUuOS0xNi43LTE2LjktMTYuNy0yOC42VjE5OGMwLTEyLjkgNy0yNC40IDE3LjctMjkuNkwxODcgMTQyLjFjNS40LTMgMTIuMy0zLjEgMTcuNy0uMSAxMC40IDUuOSAxNi43IDE2LjkgMTYuNyAyOC42djU4LjJ6Ii8+PHBhdGggZmlsbD0iIzRBNDlGNSIgZD0iTTIyNCAyNTZjMCAxMi45LTcgMjQuNC0xNy43IDI5LjZMMTg3IDMwOS45Yy01LjQgMy0xMi4zIDMuMS0xNy43LjEtMTAuNC01LjktMTYuNy0xNi45LTE2LjctMjguNlYxOThjMC0xMi45IDctMjQuNCAxNy43LTI5LjZMMTg3IDE0Mi4xYzUuNC0zIDEyLjMtMy4xIDE3LjctLjEgMTAuNCA1LjkgMTYuNyAxNi45IDE2LjcgMjguNnY1OC4yeiIvPjxwYXRoIGZpbGw9IiNGRkMxMDIiIGQ9Ik0yMjQgMjU2YzAgMTIuOS03IDI0LjQtMTcuNyAyOS42TDE4NyAzMDkuOWMtNS40IDMtMTIuMyAzLjEtMTcuNy4xLTEwLjQtNS45LTE2LjctMTYuOS0xNi43LTI4LjZWMTk4YzAtMTIuOSA3LTI0LjQgMTcuNy0yOS42TDE4NyAxNDIuMWM1LjQtMyAxMi4zLTMuMSAxNy43LS4xIDEwLjQgNS45IDE2LjcgMTYuOSAxNi43IDI4LjZ2NTguMnoiLz48cGF0aCBmaWxsPSIjRkZDMTAyIiBkPSJNMjI0IDI1NmMwIDEyLjktNyAyNC40LTE3LjcgMjkuNkwxODcgMzA5LjljLTUuNCAzLTEyLjMgMy4xLTE3LjcuMS0xMC40LTUuOS0xNi43LTE2LjktMTYuNy0yOC42VjE5OGMwLTEyLjkgNy0yNC40IDE3LjctMjkuNkwxODcgMTQyLjFjNS40LTMgMTIuMy0zLjEgMTcuNy0uMSAxMC40IDUuOSAxNi43IDE2LjkgMTYuNyAyOC42djU4LjJ6Ii8+PC9zdmc+' height='20' width='20' style='vertical-align: middle;' /> <span style='color: #4285F4;'>Google Chrome</span></span></div>
<div style="border: 1px solid #ddd; padding: 8px; margin: 5px 0; border-radius: 4px; background-color: #f7f7f7; display: inline-block;"><strong>💻 #System Info</strong> :: <strong>PC Name</strong> ⇒ <span style="color: #001dff;">ANKUSH1111</span> &nbsp;&nbsp;|&nbsp;&nbsp; <strong>User</strong> ⇒ <span style="color: #006400;">HP</span></div>
<div style='border: 1px solid #ddd; padding: 8px; margin: 5px 0; border-radius: 4px; background-color: #f7f7f7; display: inline-block;'><strong>#TXTBX ▭</strong> :: <strong>Full Name</strong> Value entered ⇒ <span style='color: #009;'>Rohan Joshi</span></div>
<div style='border: 1px solid #ddd; padding: 8px; margin: 5px 0; border-radius: 4px; background-color: #f7f7f7; display: inline-block;'><strong>#TXTBX ▭</strong> :: <strong>Email</strong> Value entered ⇒ <span style='color: #009;'>rohan.joshi@test.com</span></div>
<div style='border: 1px solid #ddd; padding: 8px; margin: 5px 0; border-radius: 4px; background-color: #f7f7f7; display: inline-block;'><strong>#TXTBX ▭</strong> :: <strong>Current Address</strong> Value entered ⇒ <span style='color: #009;'>Nagpur, Maharashtra</span></div>
<div style='border: 1px solid #ddd; padding: 8px; margin: 5px 0; border-radius: 4px; background-color: #f7f7f7; display: inline-block;'><strong>#TXTBX ▭</strong> :: <strong>Permanent Address</strong> Value entered ⇒ <span style='color: #009;'>Akola, Maharashtra</span></div>
<div style='border: 1px solid #ddd; padding: 8px; margin: 5px 0; border-radius: 4px; background-color: #f7f7f7; display: inline-block;'><strong>#BTN 📤</strong> :: <strong>Clicked On</strong> ⇒ <span style='color: #001dff;'>Submit Button</span></div>
📋 Navigating to Home Page...
📋 Attempting to close modal popup (if present)...
⏳ Waiting for Home link to be clickable...
✅ Home link found: https://demoqa.com/
📋 Clicking on Home link...
⏳ Waiting for loader to disappear...
⏳ Verifying home page load...
<div style='border: 1px solid #ddd; padding: 8px; margin: 5px 0; border-radius: 4px; background-color: #f7f7f7; display: inline-block;'><strong>#TXTBX ▭</strong> :: <strong>Full Name</strong> Value entered ⇒ <span style='color: #009;'>Karan Mehta</span></div>
<div style='border: 1px solid #ddd; padding: 8px; margin: 5px 0; border-radius: 4px; background-color: #f7f7f7; display: inline-block;'><strong>#TXTBX ▭</strong> :: <strong>Email</strong> Value entered ⇒ <span style='color: #009;'>karan.mehta@test.com</span></div>
<div style='border: 1px solid #ddd; padding: 8px; margin: 5px 0; border-radius: 4px; background-color: #f7f7f7; display: inline-block;'><strong>#TXTBX ▭</strong> :: <strong>Current Address</strong> Value entered ⇒ <span style='color: #009;'>Jaipur, Rajasthan</span></div>
<div style='border: 1px solid #ddd; padding: 8px; margin: 5px 0; border-radius: 4px; background-color: #f7f7f7; display: inline-block;'><strong>#TXTBX ▭</strong> :: <strong>Permanent Address</strong> Value entered ⇒ <span style='color: #009;'>Udaipur, Rajasthan</span></div>
<div style='border: 1px solid #ddd; padding: 8px; margin: 5px 0; border-radius: 4px; background-color: #f7f7f7; display: inline-block;'><strong>#BTN 📤</strong> :: <strong>Clicked On</strong> ⇒ <span style='color: #001dff;'>Submit Button</span></div>
📋 Navigating to Home Page...
📋 Attempting to close modal popup (if present)...
⏳ Waiting for Home link to be clickable...
✅ Home link found: https://demoqa.com/
📋 Clicking on Home link...
❌ Navigation to Home Page failed: Expected condition failed: waiting for url to contain "home". Current url: "https://demoqa.com/" (tried for 10 second(s) with 500 milliseconds interval)
Build info: version: '4.12.1', revision: '8e34639b11'
System info: os.name: 'Windows 11', os.arch: 'amd64', os.version: '10.0', java.version: '18.0.1.1'
Driver info: org.openqa.selenium.chrome.ChromeDriver
Capabilities {acceptInsecureCerts: false, browserName: chrome, browserVersion: 136.0.7103.114, chrome: {chromedriverVersion: 136.0.7103.113 (76fa3c17824..., userDataDir: C:\Users\HP\AppData\Local\T...}, fedcm:accounts: true, goog:chromeOptions: {debuggerAddress: localhost:55925}, networkConnectionEnabled: false, pageLoadStrategy: normal, platformName: windows, proxy: Proxy(), se:cdp: ws://localhost:55925/devtoo..., se:cdpVersion: 136.0.7103.114, setWindowRect: true, strictFileInteractability: false, timeouts: {implicit: 0, pageLoad: 300000, script: 30000}, unhandledPromptBehavior: dismiss and notify, webauthn:extension:credBlob: true, webauthn:extension:largeBlob: true, webauthn:extension:minPinLength: true, webauthn:extension:prf: true, webauthn:virtualAuthenticators: true}
Session ID: 8c92c7e2ded1c3ae1cd18274538d3bb3
<h3 style="color:#132043;"><b> Iteration Number &#10781; :14</b></h4>
<div style='border: 1px solid #e0e0e0;padding: 8px 12px;margin: 8px 0;border-radius: 6px;background: linear-gradient(to right, #f8f9fa, #ffffff);box-shadow: 0 2px 4px rgba(0,0,0,0.05);display: inline-block;font-family: Arial, sans-serif;'><span style='font-weight: bold;color: #333;'>🌍 Browser Info:</span> <span style='color: #2c7be5;font-weight: 500;'><img src='data:image/svg+xml;base64,PHN2ZyB4bWxucz0iaHR0cDovL3d3dy53My5vcmcvMjAwMC9zdmciIHZpZXdCb3g9IjAgMCA0NDggNTEyIj48cGF0aCBmaWxsPSIjRkZDMTAyIiBkPSJNMjI0IDI1NmMwIDEyLjktNyAyNC40LTE3LjcgMjkuNkwxODcgMzA5LjljLTUuNCAzLTEyLjMgMy4xLTE3LjcuMS0xMC40LTUuOS0xNi43LTE2LjktMTYuNy0yOC42VjE5OGMwLTEyLjkgNy0yNC40IDE3LjctMjkuNkwxODcgMTQyLjFjNS40LTMgMTIuMy0zLjEgMTcuNy0uMSAxMC40IDUuOSAxNi43IDE2LjkgMTYuNyAyOC42djU4LjJ6Ii8+PHBhdGggZmlsbD0iIzRBNDlGNSIgZD0iTTIyNCAyNTZjMCAxMi45LTcgMjQuNC0xNy43IDI5LjZMMTg3IDMwOS45Yy01LjQgMy0xMi4zIDMuMS0xNy43LjEtMTAuNC01LjktMTYuNy0xNi45LTE2LjctMjguNlYxOThjMC0xMi45IDctMjQuNCAxNy43LTI5LjZMMTg3IDE0Mi4xYzUuNC0zIDEyLjMtMy4xIDE3LjctLjEgMTAuNCA1LjkgMTYuNyAxNi45IDE2LjcgMjguNnY1OC4yeiIvPjxwYXRoIGZpbGw9IiNGRkMxMDIiIGQ9Ik0yMjQgMjU2YzAgMTIuOS03IDI0LjQtMTcuNyAyOS42TDE4NyAzMDkuOWMtNS40IDMtMTIuMyAzLjEtMTcuNy4xLTEwLjQtNS45LTE2LjctMTYuOS0xNi43LTI4LjZWMTk4YzAtMTIuOSA3LTI0LjQgMTcuNy0yOS42TDE4NyAxNDIuMWM1LjQtMyAxMi4zLTMuMSAxNy43LS4xIDEwLjQgNS45IDE2LjcgMTYuOSAxNi43IDI4LjZ2NTguMnoiLz48cGF0aCBmaWxsPSIjRkZDMTAyIiBkPSJNMjI0IDI1NmMwIDEyLjktNyAyNC40LTE3LjcgMjkuNkwxODcgMzA5LjljLTUuNCAzLTEyLjMgMy4xLTE3LjcuMS0xMC40LTUuOS0xNi43LTE2LjktMTYuNy0yOC42VjE5OGMwLTEyLjkgNy0yNC40IDE3LjctMjkuNkwxODcgMTQyLjFjNS40LTMgMTIuMy0zLjEgMTcuNy0uMSAxMC40IDUuOSAxNi43IDE2LjkgMTYuNyAyOC42djU4LjJ6Ii8+PC9zdmc+' height='20' width='20' style='vertical-align: middle;' /> <span style='color: #4285F4;'>Google Chrome</span></span></div>
<div style="border: 1px solid #ddd; padding: 8px; margin: 5px 0; border-radius: 4px; background-color: #f7f7f7; display: inline-block;"><strong>💻 #System Info</strong> :: <strong>PC Name</strong> ⇒ <span style="color: #001dff;">ANKUSH1111</span> &nbsp;&nbsp;|&nbsp;&nbsp; <strong>User</strong> ⇒ <span style="color: #006400;">HP</span></div>
⏳ Waiting for loader to disappear...
⏳ Verifying home page load...
<div style='border: 1px solid #ddd; padding: 8px; margin: 5px 0; border-radius: 4px; background-color: #f7f7f7; display: inline-block;'><strong>#TXTBX ▭</strong> :: <strong>Full Name</strong> Value entered ⇒ <span style='color: #009;'>Meena Rathi</span></div>
<div style='border: 1px solid #ddd; padding: 8px; margin: 5px 0; border-radius: 4px; background-color: #f7f7f7; display: inline-block;'><strong>#TXTBX ▭</strong> :: <strong>Email</strong> Value entered ⇒ <span style='color: #009;'>meena.rathi@test.com</span></div>
<div style='border: 1px solid #ddd; padding: 8px; margin: 5px 0; border-radius: 4px; background-color: #f7f7f7; display: inline-block;'><strong>#TXTBX ▭</strong> :: <strong>Current Address</strong> Value entered ⇒ <span style='color: #009;'>Surat, Gujarat</span></div>
<div style='border: 1px solid #ddd; padding: 8px; margin: 5px 0; border-radius: 4px; background-color: #f7f7f7; display: inline-block;'><strong>#TXTBX ▭</strong> :: <strong>Permanent Address</strong> Value entered ⇒ <span style='color: #009;'>Rajkot, Gujarat</span></div>
<div style='border: 1px solid #ddd; padding: 8px; margin: 5px 0; border-radius: 4px; background-color: #f7f7f7; display: inline-block;'><strong>#BTN 📤</strong> :: <strong>Clicked On</strong> ⇒ <span style='color: #001dff;'>Submit Button</span></div>
📋 Navigating to Home Page...
📋 Attempting to close modal popup (if present)...
⏳ Waiting for Home link to be clickable...
✅ Home link found: https://demoqa.com/
📋 Clicking on Home link...
⏳ Waiting for loader to disappear...
⏳ Verifying home page load...
❌ Navigation to Home Page failed: Expected condition failed: waiting for url to contain "home". Current url: "https://demoqa.com/" (tried for 10 second(s) with 500 milliseconds interval)
Build info: version: '4.12.1', revision: '8e34639b11'
System info: os.name: 'Windows 11', os.arch: 'amd64', os.version: '10.0', java.version: '18.0.1.1'
Driver info: org.openqa.selenium.chrome.ChromeDriver
Capabilities {acceptInsecureCerts: false, browserName: chrome, browserVersion: 136.0.7103.114, chrome: {chromedriverVersion: 136.0.7103.113 (76fa3c17824..., userDataDir: C:\Users\HP\AppData\Local\T...}, fedcm:accounts: true, goog:chromeOptions: {debuggerAddress: localhost:55926}, networkConnectionEnabled: false, pageLoadStrategy: normal, platformName: windows, proxy: Proxy(), se:cdp: ws://localhost:55926/devtoo..., se:cdpVersion: 136.0.7103.114, setWindowRect: true, strictFileInteractability: false, timeouts: {implicit: 0, pageLoad: 300000, script: 30000}, unhandledPromptBehavior: dismiss and notify, webauthn:extension:credBlob: true, webauthn:extension:largeBlob: true, webauthn:extension:minPinLength: true, webauthn:extension:prf: true, webauthn:virtualAuthenticators: true}
Session ID: 8eed06a5d5c82986cbc5ab40cb4361f0
<h3 style="color:#132043;"><b> Iteration Number &#10781; :6</b></h4>
<div style='border: 1px solid #e0e0e0;padding: 8px 12px;margin: 8px 0;border-radius: 6px;background: linear-gradient(to right, #f8f9fa, #ffffff);box-shadow: 0 2px 4px rgba(0,0,0,0.05);display: inline-block;font-family: Arial, sans-serif;'><span style='font-weight: bold;color: #333;'>🌍 Browser Info:</span> <span style='color: #2c7be5;font-weight: 500;'><img src='data:image/svg+xml;base64,PHN2ZyB4bWxucz0iaHR0cDovL3d3dy53My5vcmcvMjAwMC9zdmciIHZpZXdCb3g9IjAgMCA0NDggNTEyIj48cGF0aCBmaWxsPSIjRkZDMTAyIiBkPSJNMjI0IDI1NmMwIDEyLjktNyAyNC40LTE3LjcgMjkuNkwxODcgMzA5LjljLTUuNCAzLTEyLjMgMy4xLTE3LjcuMS0xMC40LTUuOS0xNi43LTE2LjktMTYuNy0yOC42VjE5OGMwLTEyLjkgNy0yNC40IDE3LjctMjkuNkwxODcgMTQyLjFjNS40LTMgMTIuMy0zLjEgMTcuNy0uMSAxMC40IDUuOSAxNi43IDE2LjkgMTYuNyAyOC42djU4LjJ6Ii8+PHBhdGggZmlsbD0iIzRBNDlGNSIgZD0iTTIyNCAyNTZjMCAxMi45LTcgMjQuNC0xNy43IDI5LjZMMTg3IDMwOS45Yy01LjQgMy0xMi4zIDMuMS0xNy43LjEtMTAuNC01LjktMTYuNy0xNi45LTE2LjctMjguNlYxOThjMC0xMi45IDctMjQuNCAxNy43LTI5LjZMMTg3IDE0Mi4xYzUuNC0zIDEyLjMtMy4xIDE3LjctLjEgMTAuNCA1LjkgMTYuNyAxNi45IDE2LjcgMjguNnY1OC4yeiIvPjxwYXRoIGZpbGw9IiNGRkMxMDIiIGQ9Ik0yMjQgMjU2YzAgMTIuOS03IDI0LjQtMTcuNyAyOS42TDE4NyAzMDkuOWMtNS40IDMtMTIuMyAzLjEtMTcuNy4xLTEwLjQtNS45LTE2LjctMTYuOS0xNi43LTI4LjZWMTk4YzAtMTIuOSA3LTI0LjQgMTcuNy0yOS42TDE4NyAxNDIuMWM1LjQtMyAxMi4zLTMuMSAxNy43LS4xIDEwLjQgNS45IDE2LjcgMTYuOSAxNi43IDI4LjZ2NTguMnoiLz48cGF0aCBmaWxsPSIjRkZDMTAyIiBkPSJNMjI0IDI1NmMwIDEyLjktNyAyNC40LTE3LjcgMjkuNkwxODcgMzA5LjljLTUuNCAzLTEyLjMgMy4xLTE3LjcuMS0xMC40LTUuOS0xNi43LTE2LjktMTYuNy0yOC42VjE5OGMwLTEyLjkgNy0yNC40IDE3LjctMjkuNkwxODcgMTQyLjFjNS40LTMgMTIuMy0zLjEgMTcuNy0uMSAxMC40IDUuOSAxNi43IDE2LjkgMTYuNyAyOC42djU4LjJ6Ii8+PC9zdmc+' height='20' width='20' style='vertical-align: middle;' /> <span style='color: #4285F4;'>Google Chrome</span></span></div>
<div style="border: 1px solid #ddd; padding: 8px; margin: 5px 0; border-radius: 4px; background-color: #f7f7f7; display: inline-block;"><strong>💻 #System Info</strong> :: <strong>PC Name</strong> ⇒ <span style="color: #001dff;">ANKUSH1111</span> &nbsp;&nbsp;|&nbsp;&nbsp; <strong>User</strong> ⇒ <span style="color: #006400;">HP</span></div>
❌ Navigation to Home Page failed: Expected condition failed: waiting for url to contain "home". Current url: "https://demoqa.com/" (tried for 10 second(s) with 500 milliseconds interval)
Build info: version: '4.12.1', revision: '8e34639b11'
System info: os.name: 'Windows 11', os.arch: 'amd64', os.version: '10.0', java.version: '18.0.1.1'
Driver info: org.openqa.selenium.chrome.ChromeDriver
Capabilities {acceptInsecureCerts: false, browserName: chrome, browserVersion: 136.0.7103.114, chrome: {chromedriverVersion: 136.0.7103.113 (76fa3c17824..., userDataDir: C:\Users\HP\AppData\Local\T...}, fedcm:accounts: true, goog:chromeOptions: {debuggerAddress: localhost:55925}, networkConnectionEnabled: false, pageLoadStrategy: normal, platformName: windows, proxy: Proxy(), se:cdp: ws://localhost:55925/devtoo..., se:cdpVersion: 136.0.7103.114, setWindowRect: true, strictFileInteractability: false, timeouts: {implicit: 0, pageLoad: 300000, script: 30000}, unhandledPromptBehavior: dismiss and notify, webauthn:extension:credBlob: true, webauthn:extension:largeBlob: true, webauthn:extension:minPinLength: true, webauthn:extension:prf: true, webauthn:virtualAuthenticators: true}
Session ID: 8c92c7e2ded1c3ae1cd18274538d3bb3
<h3 style="color:#132043;"><b> Iteration Number &#10781; :15</b></h4>
<div style='border: 1px solid #e0e0e0;padding: 8px 12px;margin: 8px 0;border-radius: 6px;background: linear-gradient(to right, #f8f9fa, #ffffff);box-shadow: 0 2px 4px rgba(0,0,0,0.05);display: inline-block;font-family: Arial, sans-serif;'><span style='font-weight: bold;color: #333;'>🌍 Browser Info:</span> <span style='color: #2c7be5;font-weight: 500;'><img src='data:image/svg+xml;base64,PHN2ZyB4bWxucz0iaHR0cDovL3d3dy53My5vcmcvMjAwMC9zdmciIHZpZXdCb3g9IjAgMCA0NDggNTEyIj48cGF0aCBmaWxsPSIjRkZDMTAyIiBkPSJNMjI0IDI1NmMwIDEyLjktNyAyNC40LTE3LjcgMjkuNkwxODcgMzA5LjljLTUuNCAzLTEyLjMgMy4xLTE3LjcuMS0xMC40LTUuOS0xNi43LTE2LjktMTYuNy0yOC42VjE5OGMwLTEyLjkgNy0yNC40IDE3LjctMjkuNkwxODcgMTQyLjFjNS40LTMgMTIuMy0zLjEgMTcuNy0uMSAxMC40IDUuOSAxNi43IDE2LjkgMTYuNyAyOC42djU4LjJ6Ii8+PHBhdGggZmlsbD0iIzRBNDlGNSIgZD0iTTIyNCAyNTZjMCAxMi45LTcgMjQuNC0xNy43IDI5LjZMMTg3IDMwOS45Yy01LjQgMy0xMi4zIDMuMS0xNy43LjEtMTAuNC01LjktMTYuNy0xNi45LTE2LjctMjguNlYxOThjMC0xMi45IDctMjQuNCAxNy43LTI5LjZMMTg3IDE0Mi4xYzUuNC0zIDEyLjMtMy4xIDE3LjctLjEgMTAuNCA1LjkgMTYuNyAxNi45IDE2LjcgMjguNnY1OC4yeiIvPjxwYXRoIGZpbGw9IiNGRkMxMDIiIGQ9Ik0yMjQgMjU2YzAgMTIuOS03IDI0LjQtMTcuNyAyOS42TDE4NyAzMDkuOWMtNS40IDMtMTIuMyAzLjEtMTcuNy4xLTEwLjQtNS45LTE2LjctMTYuOS0xNi43LTI4LjZWMTk4YzAtMTIuOSA3LTI0LjQgMTcuNy0yOS42TDE4NyAxNDIuMWM1LjQtMyAxMi4zLTMuMSAxNy43LS4xIDEwLjQgNS45IDE2LjcgMTYuOSAxNi43IDI4LjZ2NTguMnoiLz48cGF0aCBmaWxsPSIjRkZDMTAyIiBkPSJNMjI0IDI1NmMwIDEyLjktNyAyNC40LTE3LjcgMjkuNkwxODcgMzA5LjljLTUuNCAzLTEyLjMgMy4xLTE3LjcuMS0xMC40LTUuOS0xNi43LTE2LjktMTYuNy0yOC42VjE5OGMwLTEyLjkgNy0yNC40IDE3LjctMjkuNkwxODcgMTQyLjFjNS40LTMgMTIuMy0zLjEgMTcuNy0uMSAxMC40IDUuOSAxNi43IDE2LjkgMTYuNyAyOC42djU4LjJ6Ii8+PC9zdmc+' height='20' width='20' style='vertical-align: middle;' /> <span style='color: #4285F4;'>Google Chrome</span></span></div>
<div style="border: 1px solid #ddd; padding: 8px; margin: 5px 0; border-radius: 4px; background-color: #f7f7f7; display: inline-block;"><strong>💻 #System Info</strong> :: <strong>PC Name</strong> ⇒ <span style="color: #001dff;">ANKUSH1111</span> &nbsp;&nbsp;|&nbsp;&nbsp; <strong>User</strong> ⇒ <span style="color: #006400;">HP</span></div>
<div style='border: 1px solid #ddd; padding: 8px; margin: 5px 0; border-radius: 4px; background-color: #f7f7f7; display: inline-block;'><strong>#TXTBX ▭</strong> :: <strong>Full Name</strong> Value entered ⇒ <span style='color: #009;'>Deepak Singh</span></div>
<div style='border: 1px solid #ddd; padding: 8px; margin: 5px 0; border-radius: 4px; background-color: #f7f7f7; display: inline-block;'><strong>#TXTBX ▭</strong> :: <strong>Email</strong> Value entered ⇒ <span style='color: #009;'>deepak.singh@test.com</span></div>
<div style='border: 1px solid #ddd; padding: 8px; margin: 5px 0; border-radius: 4px; background-color: #f7f7f7; display: inline-block;'><strong>#TXTBX ▭</strong> :: <strong>Current Address</strong> Value entered ⇒ <span style='color: #009;'>Patna, Bihar</span></div>
<div style='border: 1px solid #ddd; padding: 8px; margin: 5px 0; border-radius: 4px; background-color: #f7f7f7; display: inline-block;'><strong>#TXTBX ▭</strong> :: <strong>Full Name</strong> Value entered ⇒ <span style='color: #009;'>Pooja Nair</span></div>
<div style='border: 1px solid #ddd; padding: 8px; margin: 5px 0; border-radius: 4px; background-color: #f7f7f7; display: inline-block;'><strong>#TXTBX ▭</strong> :: <strong>Permanent Address</strong> Value entered ⇒ <span style='color: #009;'>Gaya, Bihar</span></div>
<div style='border: 1px solid #ddd; padding: 8px; margin: 5px 0; border-radius: 4px; background-color: #f7f7f7; display: inline-block;'><strong>#TXTBX ▭</strong> :: <strong>Email</strong> Value entered ⇒ <span style='color: #009;'>pooja.nair@test.com</span></div>
<div style='border: 1px solid #ddd; padding: 8px; margin: 5px 0; border-radius: 4px; background-color: #f7f7f7; display: inline-block;'><strong>#BTN 📤</strong> :: <strong>Clicked On</strong> ⇒ <span style='color: #001dff;'>Submit Button</span></div>
📋 Navigating to Home Page...
📋 Attempting to close modal popup (if present)...
⏳ Waiting for Home link to be clickable...
✅ Home link found: https://demoqa.com/
📋 Clicking on Home link...
<div style='border: 1px solid #ddd; padding: 8px; margin: 5px 0; border-radius: 4px; background-color: #f7f7f7; display: inline-block;'><strong>#TXTBX ▭</strong> :: <strong>Current Address</strong> Value entered ⇒ <span style='color: #009;'>Kochi, Kerala</span></div>
<div style='border: 1px solid #ddd; padding: 8px; margin: 5px 0; border-radius: 4px; background-color: #f7f7f7; display: inline-block;'><strong>#TXTBX ▭</strong> :: <strong>Permanent Address</strong> Value entered ⇒ <span style='color: #009;'>Trivandrum, Kerala</span></div>
<div style='border: 1px solid #ddd; padding: 8px; margin: 5px 0; border-radius: 4px; background-color: #f7f7f7; display: inline-block;'><strong>#BTN 📤</strong> :: <strong>Clicked On</strong> ⇒ <span style='color: #001dff;'>Submit Button</span></div>
📋 Navigating to Home Page...
📋 Attempting to close modal popup (if present)...
⏳ Waiting for Home link to be clickable...
✅ Home link found: https://demoqa.com/
📋 Clicking on Home link...
⏳ Waiting for loader to disappear...
⏳ Verifying home page load...
⏳ Waiting for loader to disappear...
⏳ Verifying home page load...
❌ Navigation to Home Page failed: Expected condition failed: waiting for url to contain "home". Current url: "https://demoqa.com/" (tried for 10 second(s) with 500 milliseconds interval)
Build info: version: '4.12.1', revision: '8e34639b11'
System info: os.name: 'Windows 11', os.arch: 'amd64', os.version: '10.0', java.version: '18.0.1.1'
Driver info: org.openqa.selenium.chrome.ChromeDriver
Capabilities {acceptInsecureCerts: false, browserName: chrome, browserVersion: 136.0.7103.114, chrome: {chromedriverVersion: 136.0.7103.113 (76fa3c17824..., userDataDir: C:\Users\HP\AppData\Local\T...}, fedcm:accounts: true, goog:chromeOptions: {debuggerAddress: localhost:55926}, networkConnectionEnabled: false, pageLoadStrategy: normal, platformName: windows, proxy: Proxy(), se:cdp: ws://localhost:55926/devtoo..., se:cdpVersion: 136.0.7103.114, setWindowRect: true, strictFileInteractability: false, timeouts: {implicit: 0, pageLoad: 300000, script: 30000}, unhandledPromptBehavior: dismiss and notify, webauthn:extension:credBlob: true, webauthn:extension:largeBlob: true, webauthn:extension:minPinLength: true, webauthn:extension:prf: true, webauthn:virtualAuthenticators: true}
Session ID: 8eed06a5d5c82986cbc5ab40cb4361f0
<h3 style="color:#132043;"><b> Iteration Number &#10781; :7</b></h4>
<div style='border: 1px solid #e0e0e0;padding: 8px 12px;margin: 8px 0;border-radius: 6px;background: linear-gradient(to right, #f8f9fa, #ffffff);box-shadow: 0 2px 4px rgba(0,0,0,0.05);display: inline-block;font-family: Arial, sans-serif;'><span style='font-weight: bold;color: #333;'>🌍 Browser Info:</span> <span style='color: #2c7be5;font-weight: 500;'><img src='data:image/svg+xml;base64,PHN2ZyB4bWxucz0iaHR0cDovL3d3dy53My5vcmcvMjAwMC9zdmciIHZpZXdCb3g9IjAgMCA0NDggNTEyIj48cGF0aCBmaWxsPSIjRkZDMTAyIiBkPSJNMjI0IDI1NmMwIDEyLjktNyAyNC40LTE3LjcgMjkuNkwxODcgMzA5LjljLTUuNCAzLTEyLjMgMy4xLTE3LjcuMS0xMC40LTUuOS0xNi43LTE2LjktMTYuNy0yOC42VjE5OGMwLTEyLjkgNy0yNC40IDE3LjctMjkuNkwxODcgMTQyLjFjNS40LTMgMTIuMy0zLjEgMTcuNy0uMSAxMC40IDUuOSAxNi43IDE2LjkgMTYuNyAyOC42djU4LjJ6Ii8+PHBhdGggZmlsbD0iIzRBNDlGNSIgZD0iTTIyNCAyNTZjMCAxMi45LTcgMjQuNC0xNy43IDI5LjZMMTg3IDMwOS45Yy01LjQgMy0xMi4zIDMuMS0xNy43LjEtMTAuNC01LjktMTYuNy0xNi45LTE2LjctMjguNlYxOThjMC0xMi45IDctMjQuNCAxNy43LTI5LjZMMTg3IDE0Mi4xYzUuNC0zIDEyLjMtMy4xIDE3LjctLjEgMTAuNCA1LjkgMTYuNyAxNi45IDE2LjcgMjguNnY1OC4yeiIvPjxwYXRoIGZpbGw9IiNGRkMxMDIiIGQ9Ik0yMjQgMjU2YzAgMTIuOS03IDI0LjQtMTcuNyAyOS42TDE4NyAzMDkuOWMtNS40IDMtMTIuMyAzLjEtMTcuNy4xLTEwLjQtNS45LTE2LjctMTYuOS0xNi43LTI4LjZWMTk4YzAtMTIuOSA3LTI0LjQgMTcuNy0yOS42TDE4NyAxNDIuMWM1LjQtMyAxMi4zLTMuMSAxNy43LS4xIDEwLjQgNS45IDE2LjcgMTYuOSAxNi43IDI4LjZ2NTguMnoiLz48cGF0aCBmaWxsPSIjRkZDMTAyIiBkPSJNMjI0IDI1NmMwIDEyLjktNyAyNC40LTE3LjcgMjkuNkwxODcgMzA5LjljLTUuNCAzLTEyLjMgMy4xLTE3LjcuMS0xMC40LTUuOS0xNi43LTE2LjktMTYuNy0yOC42VjE5OGMwLTEyLjkgNy0yNC40IDE3LjctMjkuNkwxODcgMTQyLjFjNS40LTMgMTIuMy0zLjEgMTcuNy0uMSAxMC40IDUuOSAxNi43IDE2LjkgMTYuNyAyOC42djU4LjJ6Ii8+PC9zdmc+' height='20' width='20' style='vertical-align: middle;' /> <span style='color: #4285F4;'>Google Chrome</span></span></div>
<div style="border: 1px solid #ddd; padding: 8px; margin: 5px 0; border-radius: 4px; background-color: #f7f7f7; display: inline-block;"><strong>💻 #System Info</strong> :: <strong>PC Name</strong> ⇒ <span style="color: #001dff;">ANKUSH1111</span> &nbsp;&nbsp;|&nbsp;&nbsp; <strong>User</strong> ⇒ <span style="color: #006400;">HP</span></div>
<div style='border: 1px solid #ddd; padding: 8px; margin: 5px 0; border-radius: 4px; background-color: #f7f7f7; display: inline-block;'><strong>#TXTBX ▭</strong> :: <strong>Full Name</strong> Value entered ⇒ <span style='color: #009;'>Amit Deshmukh</span></div>
<div style='border: 1px solid #ddd; padding: 8px; margin: 5px 0; border-radius: 4px; background-color: #f7f7f7; display: inline-block;'><strong>#TXTBX ▭</strong> :: <strong>Email</strong> Value entered ⇒ <span style='color: #009;'>amit.deshmukh@test.com</span></div>
❌ Navigation to Home Page failed: Expected condition failed: waiting for url to contain "home". Current url: "https://demoqa.com/" (tried for 10 second(s) with 500 milliseconds interval)
Build info: version: '4.12.1', revision: '8e34639b11'
System info: os.name: 'Windows 11', os.arch: 'amd64', os.version: '10.0', java.version: '18.0.1.1'
Driver info: org.openqa.selenium.chrome.ChromeDriver
Capabilities {acceptInsecureCerts: false, browserName: chrome, browserVersion: 136.0.7103.114, chrome: {chromedriverVersion: 136.0.7103.113 (76fa3c17824..., userDataDir: C:\Users\HP\AppData\Local\T...}, fedcm:accounts: true, goog:chromeOptions: {debuggerAddress: localhost:55925}, networkConnectionEnabled: false, pageLoadStrategy: normal, platformName: windows, proxy: Proxy(), se:cdp: ws://localhost:55925/devtoo..., se:cdpVersion: 136.0.7103.114, setWindowRect: true, strictFileInteractability: false, timeouts: {implicit: 0, pageLoad: 300000, script: 30000}, unhandledPromptBehavior: dismiss and notify, webauthn:extension:credBlob: true, webauthn:extension:largeBlob: true, webauthn:extension:minPinLength: true, webauthn:extension:prf: true, webauthn:virtualAuthenticators: true}
Session ID: 8c92c7e2ded1c3ae1cd18274538d3bb3
<h3 style="color:#132043;"><b> Iteration Number &#10781; :16</b></h4>
<div style='border: 1px solid #e0e0e0;padding: 8px 12px;margin: 8px 0;border-radius: 6px;background: linear-gradient(to right, #f8f9fa, #ffffff);box-shadow: 0 2px 4px rgba(0,0,0,0.05);display: inline-block;font-family: Arial, sans-serif;'><span style='font-weight: bold;color: #333;'>🌍 Browser Info:</span> <span style='color: #2c7be5;font-weight: 500;'><img src='data:image/svg+xml;base64,PHN2ZyB4bWxucz0iaHR0cDovL3d3dy53My5vcmcvMjAwMC9zdmciIHZpZXdCb3g9IjAgMCA0NDggNTEyIj48cGF0aCBmaWxsPSIjRkZDMTAyIiBkPSJNMjI0IDI1NmMwIDEyLjktNyAyNC40LTE3LjcgMjkuNkwxODcgMzA5LjljLTUuNCAzLTEyLjMgMy4xLTE3LjcuMS0xMC40LTUuOS0xNi43LTE2LjktMTYuNy0yOC42VjE5OGMwLTEyLjkgNy0yNC40IDE3LjctMjkuNkwxODcgMTQyLjFjNS40LTMgMTIuMy0zLjEgMTcuNy0uMSAxMC40IDUuOSAxNi43IDE2LjkgMTYuNyAyOC42djU4LjJ6Ii8+PHBhdGggZmlsbD0iIzRBNDlGNSIgZD0iTTIyNCAyNTZjMCAxMi45LTcgMjQuNC0xNy43IDI5LjZMMTg3IDMwOS45Yy01LjQgMy0xMi4zIDMuMS0xNy43LjEtMTAuNC01LjktMTYuNy0xNi45LTE2LjctMjguNlYxOThjMC0xMi45IDctMjQuNCAxNy43LTI5LjZMMTg3IDE0Mi4xYzUuNC0zIDEyLjMtMy4xIDE3LjctLjEgMTAuNCA1LjkgMTYuNyAxNi45IDE2LjcgMjguNnY1OC4yeiIvPjxwYXRoIGZpbGw9IiNGRkMxMDIiIGQ9Ik0yMjQgMjU2YzAgMTIuOS03IDI0LjQtMTcuNyAyOS42TDE4NyAzMDkuOWMtNS40IDMtMTIuMyAzLjEtMTcuNy4xLTEwLjQtNS45LTE2LjctMTYuOS0xNi43LTI4LjZWMTk4YzAtMTIuOSA3LTI0LjQgMTcuNy0yOS42TDE4NyAxNDIuMWM1LjQtMyAxMi4zLTMuMSAxNy43LS4xIDEwLjQgNS45IDE2LjcgMTYuOSAxNi43IDI4LjZ2NTguMnoiLz48cGF0aCBmaWxsPSIjRkZDMTAyIiBkPSJNMjI0IDI1NmMwIDEyLjktNyAyNC40LTE3LjcgMjkuNkwxODcgMzA5LjljLTUuNCAzLTEyLjMgMy4xLTE3LjcuMS0xMC40LTUuOS0xNi43LTE2LjktMTYuNy0yOC42VjE5OGMwLTEyLjkgNy0yNC40IDE3LjctMjkuNkwxODcgMTQyLjFjNS40LTMgMTIuMy0zLjEgMTcuNy0uMSAxMC40IDUuOSAxNi43IDE2LjkgMTYuNyAyOC42djU4LjJ6Ii8+PC9zdmc+' height='20' width='20' style='vertical-align: middle;' /> <span style='color: #4285F4;'>Google Chrome</span></span></div>
<div style="border: 1px solid #ddd; padding: 8px; margin: 5px 0; border-radius: 4px; background-color: #f7f7f7; display: inline-block;"><strong>💻 #System Info</strong> :: <strong>PC Name</strong> ⇒ <span style="color: #001dff;">ANKUSH1111</span> &nbsp;&nbsp;|&nbsp;&nbsp; <strong>User</strong> ⇒ <span style="color: #006400;">HP</span></div>
<div style='border: 1px solid #ddd; padding: 8px; margin: 5px 0; border-radius: 4px; background-color: #f7f7f7; display: inline-block;'><strong>#TXTBX ▭</strong> :: <strong>Current Address</strong> Value entered ⇒ <span style='color: #009;'>Mumbai, Maharashtra</span></div>
<div style='border: 1px solid #ddd; padding: 8px; margin: 5px 0; border-radius: 4px; background-color: #f7f7f7; display: inline-block;'><strong>#TXTBX ▭</strong> :: <strong>Permanent Address</strong> Value entered ⇒ <span style='color: #009;'>Pune, Maharashtra</span></div>
<div style='border: 1px solid #ddd; padding: 8px; margin: 5px 0; border-radius: 4px; background-color: #f7f7f7; display: inline-block;'><strong>#BTN 📤</strong> :: <strong>Clicked On</strong> ⇒ <span style='color: #001dff;'>Submit Button</span></div>
📋 Navigating to Home Page...
📋 Attempting to close modal popup (if present)...
⏳ Waiting for Home link to be clickable...
✅ Home link found: https://demoqa.com/
📋 Clicking on Home link...
⏳ Waiting for loader to disappear...
⏳ Verifying home page load...
<div style='border: 1px solid #ddd; padding: 8px; margin: 5px 0; border-radius: 4px; background-color: #f7f7f7; display: inline-block;'><strong>#TXTBX ▭</strong> :: <strong>Full Name</strong> Value entered ⇒ <span style='color: #009;'>Kavita Bansal</span></div>
<div style='border: 1px solid #ddd; padding: 8px; margin: 5px 0; border-radius: 4px; background-color: #f7f7f7; display: inline-block;'><strong>#TXTBX ▭</strong> :: <strong>Email</strong> Value entered ⇒ <span style='color: #009;'>kavita.bansal@test.com</span></div>
<div style='border: 1px solid #ddd; padding: 8px; margin: 5px 0; border-radius: 4px; background-color: #f7f7f7; display: inline-block;'><strong>#TXTBX ▭</strong> :: <strong>Current Address</strong> Value entered ⇒ <span style='color: #009;'>Chandigarh</span></div>
<div style='border: 1px solid #ddd; padding: 8px; margin: 5px 0; border-radius: 4px; background-color: #f7f7f7; display: inline-block;'><strong>#TXTBX ▭</strong> :: <strong>Permanent Address</strong> Value entered ⇒ <span style='color: #009;'>Panchkula, Haryana</span></div>
<div style='border: 1px solid #ddd; padding: 8px; margin: 5px 0; border-radius: 4px; background-color: #f7f7f7; display: inline-block;'><strong>#BTN 📤</strong> :: <strong>Clicked On</strong> ⇒ <span style='color: #001dff;'>Submit Button</span></div>
📋 Navigating to Home Page...
📋 Attempting to close modal popup (if present)...
⏳ Waiting for Home link to be clickable...
✅ Home link found: https://demoqa.com/
📋 Clicking on Home link...
⏳ Waiting for loader to disappear...
⏳ Verifying home page load...
❌ Navigation to Home Page failed: Expected condition failed: waiting for url to contain "home". Current url: "https://demoqa.com/" (tried for 10 second(s) with 500 milliseconds interval)
Build info: version: '4.12.1', revision: '8e34639b11'
System info: os.name: 'Windows 11', os.arch: 'amd64', os.version: '10.0', java.version: '18.0.1.1'
Driver info: org.openqa.selenium.chrome.ChromeDriver
Capabilities {acceptInsecureCerts: false, browserName: chrome, browserVersion: 136.0.7103.114, chrome: {chromedriverVersion: 136.0.7103.113 (76fa3c17824..., userDataDir: C:\Users\HP\AppData\Local\T...}, fedcm:accounts: true, goog:chromeOptions: {debuggerAddress: localhost:55926}, networkConnectionEnabled: false, pageLoadStrategy: normal, platformName: windows, proxy: Proxy(), se:cdp: ws://localhost:55926/devtoo..., se:cdpVersion: 136.0.7103.114, setWindowRect: true, strictFileInteractability: false, timeouts: {implicit: 0, pageLoad: 300000, script: 30000}, unhandledPromptBehavior: dismiss and notify, webauthn:extension:credBlob: true, webauthn:extension:largeBlob: true, webauthn:extension:minPinLength: true, webauthn:extension:prf: true, webauthn:virtualAuthenticators: true}
Session ID: 8eed06a5d5c82986cbc5ab40cb4361f0
<h3 style="color:#132043;"><b> Iteration Number &#10781; :8</b></h4>
<div style='border: 1px solid #e0e0e0;padding: 8px 12px;margin: 8px 0;border-radius: 6px;background: linear-gradient(to right, #f8f9fa, #ffffff);box-shadow: 0 2px 4px rgba(0,0,0,0.05);display: inline-block;font-family: Arial, sans-serif;'><span style='font-weight: bold;color: #333;'>🌍 Browser Info:</span> <span style='color: #2c7be5;font-weight: 500;'><img src='data:image/svg+xml;base64,PHN2ZyB4bWxucz0iaHR0cDovL3d3dy53My5vcmcvMjAwMC9zdmciIHZpZXdCb3g9IjAgMCA0NDggNTEyIj48cGF0aCBmaWxsPSIjRkZDMTAyIiBkPSJNMjI0IDI1NmMwIDEyLjktNyAyNC40LTE3LjcgMjkuNkwxODcgMzA5LjljLTUuNCAzLTEyLjMgMy4xLTE3LjcuMS0xMC40LTUuOS0xNi43LTE2LjktMTYuNy0yOC42VjE5OGMwLTEyLjkgNy0yNC40IDE3LjctMjkuNkwxODcgMTQyLjFjNS40LTMgMTIuMy0zLjEgMTcuNy0uMSAxMC40IDUuOSAxNi43IDE2LjkgMTYuNyAyOC42djU4LjJ6Ii8+PHBhdGggZmlsbD0iIzRBNDlGNSIgZD0iTTIyNCAyNTZjMCAxMi45LTcgMjQuNC0xNy43IDI5LjZMMTg3IDMwOS45Yy01LjQgMy0xMi4zIDMuMS0xNy43LjEtMTAuNC01LjktMTYuNy0xNi45LTE2LjctMjguNlYxOThjMC0xMi45IDctMjQuNCAxNy43LTI5LjZMMTg3IDE0Mi4xYzUuNC0zIDEyLjMtMy4xIDE3LjctLjEgMTAuNCA1LjkgMTYuNyAxNi45IDE2LjcgMjguNnY1OC4yeiIvPjxwYXRoIGZpbGw9IiNGRkMxMDIiIGQ9Ik0yMjQgMjU2YzAgMTIuOS03IDI0LjQtMTcuNyAyOS42TDE4NyAzMDkuOWMtNS40IDMtMTIuMyAzLjEtMTcuNy4xLTEwLjQtNS45LTE2LjctMTYuOS0xNi43LTI4LjZWMTk4YzAtMTIuOSA3LTI0LjQgMTcuNy0yOS42TDE4NyAxNDIuMWM1LjQtMyAxMi4zLTMuMSAxNy43LS4xIDEwLjQgNS45IDE2LjcgMTYuOSAxNi43IDI4LjZ2NTguMnoiLz48cGF0aCBmaWxsPSIjRkZDMTAyIiBkPSJNMjI0IDI1NmMwIDEyLjktNyAyNC40LTE3LjcgMjkuNkwxODcgMzA5LjljLTUuNCAzLTEyLjMgMy4xLTE3LjcuMS0xMC40LTUuOS0xNi43LTE2LjktMTYuNy0yOC42VjE5OGMwLTEyLjkgNy0yNC40IDE3LjctMjkuNkwxODcgMTQyLjFjNS40LTMgMTIuMy0zLjEgMTcuNy0uMSAxMC40IDUuOSAxNi43IDE2LjkgMTYuNyAyOC42djU4LjJ6Ii8+PC9zdmc+' height='20' width='20' style='vertical-align: middle;' /> <span style='color: #4285F4;'>Google Chrome</span></span></div>
<div style="border: 1px solid #ddd; padding: 8px; margin: 5px 0; border-radius: 4px; background-color: #f7f7f7; display: inline-block;"><strong>💻 #System Info</strong> :: <strong>PC Name</strong> ⇒ <span style="color: #001dff;">ANKUSH1111</span> &nbsp;&nbsp;|&nbsp;&nbsp; <strong>User</strong> ⇒ <span style="color: #006400;">HP</span></div>
<div style='border: 1px solid #ddd; padding: 8px; margin: 5px 0; border-radius: 4px; background-color: #f7f7f7; display: inline-block;'><strong>#TXTBX ▭</strong> :: <strong>Full Name</strong> Value entered ⇒ <span style='color: #009;'>Anjali Rao</span></div>
<div style='border: 1px solid #ddd; padding: 8px; margin: 5px 0; border-radius: 4px; background-color: #f7f7f7; display: inline-block;'><strong>#TXTBX ▭</strong> :: <strong>Email</strong> Value entered ⇒ <span style='color: #009;'>anjali.rao@test.com</span></div>
<div style='border: 1px solid #ddd; padding: 8px; margin: 5px 0; border-radius: 4px; background-color: #f7f7f7; display: inline-block;'><strong>#TXTBX ▭</strong> :: <strong>Current Address</strong> Value entered ⇒ <span style='color: #009;'>Hyderabad, Telangana</span></div>
<div style='border: 1px solid #ddd; padding: 8px; margin: 5px 0; border-radius: 4px; background-color: #f7f7f7; display: inline-block;'><strong>#TXTBX ▭</strong> :: <strong>Permanent Address</strong> Value entered ⇒ <span style='color: #009;'>Warangal, Telangana</span></div>
❌ Navigation to Home Page failed: Expected condition failed: waiting for url to contain "home". Current url: "https://demoqa.com/" (tried for 10 second(s) with 500 milliseconds interval)
Build info: version: '4.12.1', revision: '8e34639b11'
System info: os.name: 'Windows 11', os.arch: 'amd64', os.version: '10.0', java.version: '18.0.1.1'
Driver info: org.openqa.selenium.chrome.ChromeDriver
Capabilities {acceptInsecureCerts: false, browserName: chrome, browserVersion: 136.0.7103.114, chrome: {chromedriverVersion: 136.0.7103.113 (76fa3c17824..., userDataDir: C:\Users\HP\AppData\Local\T...}, fedcm:accounts: true, goog:chromeOptions: {debuggerAddress: localhost:55925}, networkConnectionEnabled: false, pageLoadStrategy: normal, platformName: windows, proxy: Proxy(), se:cdp: ws://localhost:55925/devtoo..., se:cdpVersion: 136.0.7103.114, setWindowRect: true, strictFileInteractability: false, timeouts: {implicit: 0, pageLoad: 300000, script: 30000}, unhandledPromptBehavior: dismiss and notify, webauthn:extension:credBlob: true, webauthn:extension:largeBlob: true, webauthn:extension:minPinLength: true, webauthn:extension:prf: true, webauthn:virtualAuthenticators: true}
Session ID: 8c92c7e2ded1c3ae1cd18274538d3bb3
<h3 style="color:#132043;"><b> Iteration Number &#10781; :17</b></h4>
<div style='border: 1px solid #e0e0e0;padding: 8px 12px;margin: 8px 0;border-radius: 6px;background: linear-gradient(to right, #f8f9fa, #ffffff);box-shadow: 0 2px 4px rgba(0,0,0,0.05);display: inline-block;font-family: Arial, sans-serif;'><span style='font-weight: bold;color: #333;'>🌍 Browser Info:</span> <span style='color: #2c7be5;font-weight: 500;'><img src='data:image/svg+xml;base64,PHN2ZyB4bWxucz0iaHR0cDovL3d3dy53My5vcmcvMjAwMC9zdmciIHZpZXdCb3g9IjAgMCA0NDggNTEyIj48cGF0aCBmaWxsPSIjRkZDMTAyIiBkPSJNMjI0IDI1NmMwIDEyLjktNyAyNC40LTE3LjcgMjkuNkwxODcgMzA5LjljLTUuNCAzLTEyLjMgMy4xLTE3LjcuMS0xMC40LTUuOS0xNi43LTE2LjktMTYuNy0yOC42VjE5OGMwLTEyLjkgNy0yNC40IDE3LjctMjkuNkwxODcgMTQyLjFjNS40LTMgMTIuMy0zLjEgMTcuNy0uMSAxMC40IDUuOSAxNi43IDE2LjkgMTYuNyAyOC42djU4LjJ6Ii8+PHBhdGggZmlsbD0iIzRBNDlGNSIgZD0iTTIyNCAyNTZjMCAxMi45LTcgMjQuNC0xNy43IDI5LjZMMTg3IDMwOS45Yy01LjQgMy0xMi4zIDMuMS0xNy43LjEtMTAuNC01LjktMTYuNy0xNi45LTE2LjctMjguNlYxOThjMC0xMi45IDctMjQuNCAxNy43LTI5LjZMMTg3IDE0Mi4xYzUuNC0zIDEyLjMtMy4xIDE3LjctLjEgMTAuNCA1LjkgMTYuNyAxNi45IDE2LjcgMjguNnY1OC4yeiIvPjxwYXRoIGZpbGw9IiNGRkMxMDIiIGQ9Ik0yMjQgMjU2YzAgMTIuOS03IDI0LjQtMTcuNyAyOS42TDE4NyAzMDkuOWMtNS40IDMtMTIuMyAzLjEtMTcuNy4xLTEwLjQtNS45LTE2LjctMTYuOS0xNi43LTI4LjZWMTk4YzAtMTIuOSA3LTI0LjQgMTcuNy0yOS42TDE4NyAxNDIuMWM1LjQtMyAxMi4zLTMuMSAxNy43LS4xIDEwLjQgNS45IDE2LjcgMTYuOSAxNi43IDI4LjZ2NTguMnoiLz48cGF0aCBmaWxsPSIjRkZDMTAyIiBkPSJNMjI0IDI1NmMwIDEyLjktNyAyNC40LTE3LjcgMjkuNkwxODcgMzA5LjljLTUuNCAzLTEyLjMgMy4xLTE3LjcuMS0xMC40LTUuOS0xNi43LTE2LjktMTYuNy0yOC42VjE5OGMwLTEyLjkgNy0yNC40IDE3LjctMjkuNkwxODcgMTQyLjFjNS40LTMgMTIuMy0zLjEgMTcuNy0uMSAxMC40IDUuOSAxNi43IDE2LjkgMTYuNyAyOC42djU4LjJ6Ii8+PC9zdmc+' height='20' width='20' style='vertical-align: middle;' /> <span style='color: #4285F4;'>Google Chrome</span></span></div>
<div style="border: 1px solid #ddd; padding: 8px; margin: 5px 0; border-radius: 4px; background-color: #f7f7f7; display: inline-block;"><strong>💻 #System Info</strong> :: <strong>PC Name</strong> ⇒ <span style="color: #001dff;">ANKUSH1111</span> &nbsp;&nbsp;|&nbsp;&nbsp; <strong>User</strong> ⇒ <span style="color: #006400;">HP</span></div>
<div style='border: 1px solid #ddd; padding: 8px; margin: 5px 0; border-radius: 4px; background-color: #f7f7f7; display: inline-block;'><strong>#BTN 📤</strong> :: <strong>Clicked On</strong> ⇒ <span style='color: #001dff;'>Submit Button</span></div>
📋 Navigating to Home Page...
📋 Attempting to close modal popup (if present)...
⏳ Waiting for Home link to be clickable...
✅ Home link found: https://demoqa.com/
📋 Clicking on Home link...
⏳ Waiting for loader to disappear...
⏳ Verifying home page load...
<div style='border: 1px solid #ddd; padding: 8px; margin: 5px 0; border-radius: 4px; background-color: #f7f7f7; display: inline-block;'><strong>#TXTBX ▭</strong> :: <strong>Full Name</strong> Value entered ⇒ <span style='color: #009;'>Rajesh Kumar</span></div>
<div style='border: 1px solid #ddd; padding: 8px; margin: 5px 0; border-radius: 4px; background-color: #f7f7f7; display: inline-block;'><strong>#TXTBX ▭</strong> :: <strong>Email</strong> Value entered ⇒ <span style='color: #009;'>rajesh.kumar@test.com</span></div>
<div style='border: 1px solid #ddd; padding: 8px; margin: 5px 0; border-radius: 4px; background-color: #f7f7f7; display: inline-block;'><strong>#TXTBX ▭</strong> :: <strong>Current Address</strong> Value entered ⇒ <span style='color: #009;'>Ranchi, Jharkhand</span></div>
<div style='border: 1px solid #ddd; padding: 8px; margin: 5px 0; border-radius: 4px; background-color: #f7f7f7; display: inline-block;'><strong>#TXTBX ▭</strong> :: <strong>Permanent Address</strong> Value entered ⇒ <span style='color: #009;'>Jamshedpur, Jharkhand</span></div>
<div style='border: 1px solid #ddd; padding: 8px; margin: 5px 0; border-radius: 4px; background-color: #f7f7f7; display: inline-block;'><strong>#BTN 📤</strong> :: <strong>Clicked On</strong> ⇒ <span style='color: #001dff;'>Submit Button</span></div>
📋 Navigating to Home Page...
📋 Attempting to close modal popup (if present)...
⏳ Waiting for Home link to be clickable...
✅ Home link found: https://demoqa.com/
📋 Clicking on Home link...
⏳ Waiting for loader to disappear...
⏳ Verifying home page load...
❌ Navigation to Home Page failed: Expected condition failed: waiting for url to contain "home". Current url: "https://demoqa.com/" (tried for 10 second(s) with 500 milliseconds interval)
Build info: version: '4.12.1', revision: '8e34639b11'
System info: os.name: 'Windows 11', os.arch: 'amd64', os.version: '10.0', java.version: '18.0.1.1'
Driver info: org.openqa.selenium.chrome.ChromeDriver
Capabilities {acceptInsecureCerts: false, browserName: chrome, browserVersion: 136.0.7103.114, chrome: {chromedriverVersion: 136.0.7103.113 (76fa3c17824..., userDataDir: C:\Users\HP\AppData\Local\T...}, fedcm:accounts: true, goog:chromeOptions: {debuggerAddress: localhost:55926}, networkConnectionEnabled: false, pageLoadStrategy: normal, platformName: windows, proxy: Proxy(), se:cdp: ws://localhost:55926/devtoo..., se:cdpVersion: 136.0.7103.114, setWindowRect: true, strictFileInteractability: false, timeouts: {implicit: 0, pageLoad: 300000, script: 30000}, unhandledPromptBehavior: dismiss and notify, webauthn:extension:credBlob: true, webauthn:extension:largeBlob: true, webauthn:extension:minPinLength: true, webauthn:extension:prf: true, webauthn:virtualAuthenticators: true}
Session ID: 8eed06a5d5c82986cbc5ab40cb4361f0
<h3 style="color:#132043;"><b> Iteration Number &#10781; :9</b></h4>
<div style='border: 1px solid #e0e0e0;padding: 8px 12px;margin: 8px 0;border-radius: 6px;background: linear-gradient(to right, #f8f9fa, #ffffff);box-shadow: 0 2px 4px rgba(0,0,0,0.05);display: inline-block;font-family: Arial, sans-serif;'><span style='font-weight: bold;color: #333;'>🌍 Browser Info:</span> <span style='color: #2c7be5;font-weight: 500;'><img src='data:image/svg+xml;base64,PHN2ZyB4bWxucz0iaHR0cDovL3d3dy53My5vcmcvMjAwMC9zdmciIHZpZXdCb3g9IjAgMCA0NDggNTEyIj48cGF0aCBmaWxsPSIjRkZDMTAyIiBkPSJNMjI0IDI1NmMwIDEyLjktNyAyNC40LTE3LjcgMjkuNkwxODcgMzA5LjljLTUuNCAzLTEyLjMgMy4xLTE3LjcuMS0xMC40LTUuOS0xNi43LTE2LjktMTYuNy0yOC42VjE5OGMwLTEyLjkgNy0yNC40IDE3LjctMjkuNkwxODcgMTQyLjFjNS40LTMgMTIuMy0zLjEgMTcuNy0uMSAxMC40IDUuOSAxNi43IDE2LjkgMTYuNyAyOC42djU4LjJ6Ii8+PHBhdGggZmlsbD0iIzRBNDlGNSIgZD0iTTIyNCAyNTZjMCAxMi45LTcgMjQuNC0xNy43IDI5LjZMMTg3IDMwOS45Yy01LjQgMy0xMi4zIDMuMS0xNy43LjEtMTAuNC01LjktMTYuNy0xNi45LTE2LjctMjguNlYxOThjMC0xMi45IDctMjQuNCAxNy43LTI5LjZMMTg3IDE0Mi4xYzUuNC0zIDEyLjMtMy4xIDE3LjctLjEgMTAuNCA1LjkgMTYuNyAxNi45IDE2LjcgMjguNnY1OC4yeiIvPjxwYXRoIGZpbGw9IiNGRkMxMDIiIGQ9Ik0yMjQgMjU2YzAgMTIuOS03IDI0LjQtMTcuNyAyOS42TDE4NyAzMDkuOWMtNS40IDMtMTIuMyAzLjEtMTcuNy4xLTEwLjQtNS45LTE2LjctMTYuOS0xNi43LTI4LjZWMTk4YzAtMTIuOSA3LTI0LjQgMTcuNy0yOS42TDE4NyAxNDIuMWM1LjQtMyAxMi4zLTMuMSAxNy43LS4xIDEwLjQgNS45IDE2LjcgMTYuOSAxNi43IDI4LjZ2NTguMnoiLz48cGF0aCBmaWxsPSIjRkZDMTAyIiBkPSJNMjI0IDI1NmMwIDEyLjktNyAyNC40LTE3LjcgMjkuNkwxODcgMzA5LjljLTUuNCAzLTEyLjMgMy4xLTE3LjcuMS0xMC40LTUuOS0xNi43LTE2LjktMTYuNy0yOC42VjE5OGMwLTEyLjkgNy0yNC40IDE3LjctMjkuNkwxODcgMTQyLjFjNS40LTMgMTIuMy0zLjEgMTcuNy0uMSAxMC40IDUuOSAxNi43IDE2LjkgMTYuNyAyOC42djU4LjJ6Ii8+PC9zdmc+' height='20' width='20' style='vertical-align: middle;' /> <span style='color: #4285F4;'>Google Chrome</span></span></div>
<div style="border: 1px solid #ddd; padding: 8px; margin: 5px 0; border-radius: 4px; background-color: #f7f7f7; display: inline-block;"><strong>💻 #System Info</strong> :: <strong>PC Name</strong> ⇒ <span style="color: #001dff;">ANKUSH1111</span> &nbsp;&nbsp;|&nbsp;&nbsp; <strong>User</strong> ⇒ <span style="color: #006400;">HP</span></div>
❌ Navigation to Home Page failed: Expected condition failed: waiting for url to contain "home". Current url: "https://demoqa.com/" (tried for 10 second(s) with 500 milliseconds interval)
Build info: version: '4.12.1', revision: '8e34639b11'
System info: os.name: 'Windows 11', os.arch: 'amd64', os.version: '10.0', java.version: '18.0.1.1'
Driver info: org.openqa.selenium.chrome.ChromeDriver
Capabilities {acceptInsecureCerts: false, browserName: chrome, browserVersion: 136.0.7103.114, chrome: {chromedriverVersion: 136.0.7103.113 (76fa3c17824..., userDataDir: C:\Users\HP\AppData\Local\T...}, fedcm:accounts: true, goog:chromeOptions: {debuggerAddress: localhost:55925}, networkConnectionEnabled: false, pageLoadStrategy: normal, platformName: windows, proxy: Proxy(), se:cdp: ws://localhost:55925/devtoo..., se:cdpVersion: 136.0.7103.114, setWindowRect: true, strictFileInteractability: false, timeouts: {implicit: 0, pageLoad: 300000, script: 30000}, unhandledPromptBehavior: dismiss and notify, webauthn:extension:credBlob: true, webauthn:extension:largeBlob: true, webauthn:extension:minPinLength: true, webauthn:extension:prf: true, webauthn:virtualAuthenticators: true}
Session ID: 8c92c7e2ded1c3ae1cd18274538d3bb3
<h3 style="color:#132043;"><b> Iteration Number &#10781; :18</b></h4>
<div style='border: 1px solid #e0e0e0;padding: 8px 12px;margin: 8px 0;border-radius: 6px;background: linear-gradient(to right, #f8f9fa, #ffffff);box-shadow: 0 2px 4px rgba(0,0,0,0.05);display: inline-block;font-family: Arial, sans-serif;'><span style='font-weight: bold;color: #333;'>🌍 Browser Info:</span> <span style='color: #2c7be5;font-weight: 500;'><img src='data:image/svg+xml;base64,PHN2ZyB4bWxucz0iaHR0cDovL3d3dy53My5vcmcvMjAwMC9zdmciIHZpZXdCb3g9IjAgMCA0NDggNTEyIj48cGF0aCBmaWxsPSIjRkZDMTAyIiBkPSJNMjI0IDI1NmMwIDEyLjktNyAyNC40LTE3LjcgMjkuNkwxODcgMzA5LjljLTUuNCAzLTEyLjMgMy4xLTE3LjcuMS0xMC40LTUuOS0xNi43LTE2LjktMTYuNy0yOC42VjE5OGMwLTEyLjkgNy0yNC40IDE3LjctMjkuNkwxODcgMTQyLjFjNS40LTMgMTIuMy0zLjEgMTcuNy0uMSAxMC40IDUuOSAxNi43IDE2LjkgMTYuNyAyOC42djU4LjJ6Ii8+PHBhdGggZmlsbD0iIzRBNDlGNSIgZD0iTTIyNCAyNTZjMCAxMi45LTcgMjQuNC0xNy43IDI5LjZMMTg3IDMwOS45Yy01LjQgMy0xMi4zIDMuMS0xNy43LjEtMTAuNC01LjktMTYuNy0xNi45LTE2LjctMjguNlYxOThjMC0xMi45IDctMjQuNCAxNy43LTI5LjZMMTg3IDE0Mi4xYzUuNC0zIDEyLjMtMy4xIDE3LjctLjEgMTAuNCA1LjkgMTYuNyAxNi45IDE2LjcgMjguNnY1OC4yeiIvPjxwYXRoIGZpbGw9IiNGRkMxMDIiIGQ9Ik0yMjQgMjU2YzAgMTIuOS03IDI0LjQtMTcuNyAyOS42TDE4NyAzMDkuOWMtNS40IDMtMTIuMyAzLjEtMTcuNy4xLTEwLjQtNS45LTE2LjctMTYuOS0xNi43LTI4LjZWMTk4YzAtMTIuOSA3LTI0LjQgMTcuNy0yOS42TDE4NyAxNDIuMWM1LjQtMyAxMi4zLTMuMSAxNy43LS4xIDEwLjQgNS45IDE2LjcgMTYuOSAxNi43IDI4LjZ2NTguMnoiLz48cGF0aCBmaWxsPSIjRkZDMTAyIiBkPSJNMjI0IDI1NmMwIDEyLjktNyAyNC40LTE3LjcgMjkuNkwxODcgMzA5LjljLTUuNCAzLTEyLjMgMy4xLTE3LjcuMS0xMC40LTUuOS0xNi43LTE2LjktMTYuNy0yOC42VjE5OGMwLTEyLjkgNy0yNC40IDE3LjctMjkuNkwxODcgMTQyLjFjNS40LTMgMTIuMy0zLjEgMTcuNy0uMSAxMC40IDUuOSAxNi43IDE2LjkgMTYuNyAyOC42djU4LjJ6Ii8+PC9zdmc+' height='20' width='20' style='vertical-align: middle;' /> <span style='color: #4285F4;'>Google Chrome</span></span></div>
<div style="border: 1px solid #ddd; padding: 8px; margin: 5px 0; border-radius: 4px; background-color: #f7f7f7; display: inline-block;"><strong>💻 #System Info</strong> :: <strong>PC Name</strong> ⇒ <span style="color: #001dff;">ANKUSH1111</span> &nbsp;&nbsp;|&nbsp;&nbsp; <strong>User</strong> ⇒ <span style="color: #006400;">HP</span></div>
<div style='border: 1px solid #ddd; padding: 8px; margin: 5px 0; border-radius: 4px; background-color: #f7f7f7; display: inline-block;'><strong>#TXTBX ▭</strong> :: <strong>Full Name</strong> Value entered ⇒ <span style='color: #009;'>Saurabh Yadav</span></div>
<div style='border: 1px solid #ddd; padding: 8px; margin: 5px 0; border-radius: 4px; background-color: #f7f7f7; display: inline-block;'><strong>#TXTBX ▭</strong> :: <strong>Email</strong> Value entered ⇒ <span style='color: #009;'>saurabh.yadav@test.com</span></div>
<div style='border: 1px solid #ddd; padding: 8px; margin: 5px 0; border-radius: 4px; background-color: #f7f7f7; display: inline-block;'><strong>#TXTBX ▭</strong> :: <strong>Current Address</strong> Value entered ⇒ <span style='color: #009;'>Lucknow, Uttar Pradesh</span></div>
<div style='border: 1px solid #ddd; padding: 8px; margin: 5px 0; border-radius: 4px; background-color: #f7f7f7; display: inline-block;'><strong>#TXTBX ▭</strong> :: <strong>Permanent Address</strong> Value entered ⇒ <span style='color: #009;'>Kanpur, Uttar Pradesh</span></div>
<div style='border: 1px solid #ddd; padding: 8px; margin: 5px 0; border-radius: 4px; background-color: #f7f7f7; display: inline-block;'><strong>#TXTBX ▭</strong> :: <strong>Full Name</strong> Value entered ⇒ <span style='color: #009;'>Swati Mishra</span></div>
<div style='border: 1px solid #ddd; padding: 8px; margin: 5px 0; border-radius: 4px; background-color: #f7f7f7; display: inline-block;'><strong>#TXTBX ▭</strong> :: <strong>Email</strong> Value entered ⇒ <span style='color: #009;'>swati.mishra@test.com</span></div>
<div style='border: 1px solid #ddd; padding: 8px; margin: 5px 0; border-radius: 4px; background-color: #f7f7f7; display: inline-block;'><strong>#BTN 📤</strong> :: <strong>Clicked On</strong> ⇒ <span style='color: #001dff;'>Submit Button</span></div>
📋 Navigating to Home Page...
📋 Attempting to close modal popup (if present)...
⏳ Waiting for Home link to be clickable...
✅ Home link found: https://demoqa.com/
📋 Clicking on Home link...
<div style='border: 1px solid #ddd; padding: 8px; margin: 5px 0; border-radius: 4px; background-color: #f7f7f7; display: inline-block;'><strong>#TXTBX ▭</strong> :: <strong>Current Address</strong> Value entered ⇒ <span style='color: #009;'>Varanasi, Uttar Pradesh</span></div>
<div style='border: 1px solid #ddd; padding: 8px; margin: 5px 0; border-radius: 4px; background-color: #f7f7f7; display: inline-block;'><strong>#TXTBX ▭</strong> :: <strong>Permanent Address</strong> Value entered ⇒ <span style='color: #009;'>Allahabad, Uttar Pradesh</span></div>
<div style='border: 1px solid #ddd; padding: 8px; margin: 5px 0; border-radius: 4px; background-color: #f7f7f7; display: inline-block;'><strong>#BTN 📤</strong> :: <strong>Clicked On</strong> ⇒ <span style='color: #001dff;'>Submit Button</span></div>
📋 Navigating to Home Page...
📋 Attempting to close modal popup (if present)...
⏳ Waiting for Home link to be clickable...
✅ Home link found: https://demoqa.com/
📋 Clicking on Home link...
⏳ Waiting for loader to disappear...
⏳ Verifying home page load...
⏳ Waiting for loader to disappear...
⏳ Verifying home page load...
❌ Navigation to Home Page failed: Expected condition failed: waiting for url to contain "home". Current url: "https://demoqa.com/" (tried for 10 second(s) with 500 milliseconds interval)
Build info: version: '4.12.1', revision: '8e34639b11'
System info: os.name: 'Windows 11', os.arch: 'amd64', os.version: '10.0', java.version: '18.0.1.1'
Driver info: org.openqa.selenium.chrome.ChromeDriver
Capabilities {acceptInsecureCerts: false, browserName: chrome, browserVersion: 136.0.7103.114, chrome: {chromedriverVersion: 136.0.7103.113 (76fa3c17824..., userDataDir: C:\Users\HP\AppData\Local\T...}, fedcm:accounts: true, goog:chromeOptions: {debuggerAddress: localhost:55926}, networkConnectionEnabled: false, pageLoadStrategy: normal, platformName: windows, proxy: Proxy(), se:cdp: ws://localhost:55926/devtoo..., se:cdpVersion: 136.0.7103.114, setWindowRect: true, strictFileInteractability: false, timeouts: {implicit: 0, pageLoad: 300000, script: 30000}, unhandledPromptBehavior: dismiss and notify, webauthn:extension:credBlob: true, webauthn:extension:largeBlob: true, webauthn:extension:minPinLength: true, webauthn:extension:prf: true, webauthn:virtualAuthenticators: true}
Session ID: 8eed06a5d5c82986cbc5ab40cb4361f0
<h3 style="color:#132043;"><b> Iteration Number &#10781; :10</b></h4>
<div style='border: 1px solid #e0e0e0;padding: 8px 12px;margin: 8px 0;border-radius: 6px;background: linear-gradient(to right, #f8f9fa, #ffffff);box-shadow: 0 2px 4px rgba(0,0,0,0.05);display: inline-block;font-family: Arial, sans-serif;'><span style='font-weight: bold;color: #333;'>🌍 Browser Info:</span> <span style='color: #2c7be5;font-weight: 500;'><img src='data:image/svg+xml;base64,PHN2ZyB4bWxucz0iaHR0cDovL3d3dy53My5vcmcvMjAwMC9zdmciIHZpZXdCb3g9IjAgMCA0NDggNTEyIj48cGF0aCBmaWxsPSIjRkZDMTAyIiBkPSJNMjI0IDI1NmMwIDEyLjktNyAyNC40LTE3LjcgMjkuNkwxODcgMzA5LjljLTUuNCAzLTEyLjMgMy4xLTE3LjcuMS0xMC40LTUuOS0xNi43LTE2LjktMTYuNy0yOC42VjE5OGMwLTEyLjkgNy0yNC40IDE3LjctMjkuNkwxODcgMTQyLjFjNS40LTMgMTIuMy0zLjEgMTcuNy0uMSAxMC40IDUuOSAxNi43IDE2LjkgMTYuNyAyOC42djU4LjJ6Ii8+PHBhdGggZmlsbD0iIzRBNDlGNSIgZD0iTTIyNCAyNTZjMCAxMi45LTcgMjQuNC0xNy43IDI5LjZMMTg3IDMwOS45Yy01LjQgMy0xMi4zIDMuMS0xNy43LjEtMTAuNC01LjktMTYuNy0xNi45LTE2LjctMjguNlYxOThjMC0xMi45IDctMjQuNCAxNy43LTI5LjZMMTg3IDE0Mi4xYzUuNC0zIDEyLjMtMy4xIDE3LjctLjEgMTAuNCA1LjkgMTYuNyAxNi45IDE2LjcgMjguNnY1OC4yeiIvPjxwYXRoIGZpbGw9IiNGRkMxMDIiIGQ9Ik0yMjQgMjU2YzAgMTIuOS03IDI0LjQtMTcuNyAyOS42TDE4NyAzMDkuOWMtNS40IDMtMTIuMyAzLjEtMTcuNy4xLTEwLjQtNS45LTE2LjctMTYuOS0xNi43LTI4LjZWMTk4YzAtMTIuOSA3LTI0LjQgMTcuNy0yOS42TDE4NyAxNDIuMWM1LjQtMyAxMi4zLTMuMSAxNy43LS4xIDEwLjQgNS45IDE2LjcgMTYuOSAxNi43IDI4LjZ2NTguMnoiLz48cGF0aCBmaWxsPSIjRkZDMTAyIiBkPSJNMjI0IDI1NmMwIDEyLjktNyAyNC40LTE3LjcgMjkuNkwxODcgMzA5LjljLTUuNCAzLTEyLjMgMy4xLTE3LjcuMS0xMC40LTUuOS0xNi43LTE2LjktMTYuNy0yOC42VjE5OGMwLTEyLjkgNy0yNC40IDE3LjctMjkuNkwxODcgMTQyLjFjNS40LTMgMTIuMy0zLjEgMTcuNy0uMSAxMC40IDUuOSAxNi43IDE2LjkgMTYuNyAyOC42djU4LjJ6Ii8+PC9zdmc+' height='20' width='20' style='vertical-align: middle;' /> <span style='color: #4285F4;'>Google Chrome</span></span></div>
<div style="border: 1px solid #ddd; padding: 8px; margin: 5px 0; border-radius: 4px; background-color: #f7f7f7; display: inline-block;"><strong>💻 #System Info</strong> :: <strong>PC Name</strong> ⇒ <span style="color: #001dff;">ANKUSH1111</span> &nbsp;&nbsp;|&nbsp;&nbsp; <strong>User</strong> ⇒ <span style="color: #006400;">HP</span></div>
❌ Navigation to Home Page failed: Expected condition failed: waiting for url to contain "home". Current url: "https://demoqa.com/" (tried for 10 second(s) with 500 milliseconds interval)
Build info: version: '4.12.1', revision: '8e34639b11'
System info: os.name: 'Windows 11', os.arch: 'amd64', os.version: '10.0', java.version: '18.0.1.1'
Driver info: org.openqa.selenium.chrome.ChromeDriver
Capabilities {acceptInsecureCerts: false, browserName: chrome, browserVersion: 136.0.7103.114, chrome: {chromedriverVersion: 136.0.7103.113 (76fa3c17824..., userDataDir: C:\Users\HP\AppData\Local\T...}, fedcm:accounts: true, goog:chromeOptions: {debuggerAddress: localhost:55925}, networkConnectionEnabled: false, pageLoadStrategy: normal, platformName: windows, proxy: Proxy(), se:cdp: ws://localhost:55925/devtoo..., se:cdpVersion: 136.0.7103.114, setWindowRect: true, strictFileInteractability: false, timeouts: {implicit: 0, pageLoad: 300000, script: 30000}, unhandledPromptBehavior: dismiss and notify, webauthn:extension:credBlob: true, webauthn:extension:largeBlob: true, webauthn:extension:minPinLength: true, webauthn:extension:prf: true, webauthn:virtualAuthenticators: true}
Session ID: 8c92c7e2ded1c3ae1cd18274538d3bb3
<h3 style="color:#132043;"><b> Iteration Number &#10781; :19</b></h4>
<div style='border: 1px solid #e0e0e0;padding: 8px 12px;margin: 8px 0;border-radius: 6px;background: linear-gradient(to right, #f8f9fa, #ffffff);box-shadow: 0 2px 4px rgba(0,0,0,0.05);display: inline-block;font-family: Arial, sans-serif;'><span style='font-weight: bold;color: #333;'>🌍 Browser Info:</span> <span style='color: #2c7be5;font-weight: 500;'><img src='data:image/svg+xml;base64,PHN2ZyB4bWxucz0iaHR0cDovL3d3dy53My5vcmcvMjAwMC9zdmciIHZpZXdCb3g9IjAgMCA0NDggNTEyIj48cGF0aCBmaWxsPSIjRkZDMTAyIiBkPSJNMjI0IDI1NmMwIDEyLjktNyAyNC40LTE3LjcgMjkuNkwxODcgMzA5LjljLTUuNCAzLTEyLjMgMy4xLTE3LjcuMS0xMC40LTUuOS0xNi43LTE2LjktMTYuNy0yOC42VjE5OGMwLTEyLjkgNy0yNC40IDE3LjctMjkuNkwxODcgMTQyLjFjNS40LTMgMTIuMy0zLjEgMTcuNy0uMSAxMC40IDUuOSAxNi43IDE2LjkgMTYuNyAyOC42djU4LjJ6Ii8+PHBhdGggZmlsbD0iIzRBNDlGNSIgZD0iTTIyNCAyNTZjMCAxMi45LTcgMjQuNC0xNy43IDI5LjZMMTg3IDMwOS45Yy01LjQgMy0xMi4zIDMuMS0xNy43LjEtMTAuNC01LjktMTYuNy0xNi45LTE2LjctMjguNlYxOThjMC0xMi45IDctMjQuNCAxNy43LTI5LjZMMTg3IDE0Mi4xYzUuNC0zIDEyLjMtMy4xIDE3LjctLjEgMTAuNCA1LjkgMTYuNyAxNi45IDE2LjcgMjguNnY1OC4yeiIvPjxwYXRoIGZpbGw9IiNGRkMxMDIiIGQ9Ik0yMjQgMjU2YzAgMTIuOS03IDI0LjQtMTcuNyAyOS42TDE4NyAzMDkuOWMtNS40IDMtMTIuMyAzLjEtMTcuNy4xLTEwLjQtNS45LTE2LjctMTYuOS0xNi43LTI4LjZWMTk4YzAtMTIuOSA3LTI0LjQgMTcuNy0yOS42TDE4NyAxNDIuMWM1LjQtMyAxMi4zLTMuMSAxNy43LS4xIDEwLjQgNS45IDE2LjcgMTYuOSAxNi43IDI4LjZ2NTguMnoiLz48cGF0aCBmaWxsPSIjRkZDMTAyIiBkPSJNMjI0IDI1NmMwIDEyLjktNyAyNC40LTE3LjcgMjkuNkwxODcgMzA5LjljLTUuNCAzLTEyLjMgMy4xLTE3LjcuMS0xMC40LTUuOS0xNi43LTE2LjktMTYuNy0yOC42VjE5OGMwLTEyLjkgNy0yNC40IDE3LjctMjkuNkwxODcgMTQyLjFjNS40LTMgMTIuMy0zLjEgMTcuNy0uMSAxMC40IDUuOSAxNi43IDE2LjkgMTYuNyAyOC42djU4LjJ6Ii8+PC9zdmc+' height='20' width='20' style='vertical-align: middle;' /> <span style='color: #4285F4;'>Google Chrome</span></span></div>
<div style="border: 1px solid #ddd; padding: 8px; margin: 5px 0; border-radius: 4px; background-color: #f7f7f7; display: inline-block;"><strong>💻 #System Info</strong> :: <strong>PC Name</strong> ⇒ <span style="color: #001dff;">ANKUSH1111</span> &nbsp;&nbsp;|&nbsp;&nbsp; <strong>User</strong> ⇒ <span style="color: #006400;">HP</span></div>
<div style='border: 1px solid #ddd; padding: 8px; margin: 5px 0; border-radius: 4px; background-color: #f7f7f7; display: inline-block;'><strong>#TXTBX ▭</strong> :: <strong>Full Name</strong> Value entered ⇒ <span style='color: #009;'>Vikram Shetty</span></div>
<div style='border: 1px solid #ddd; padding: 8px; margin: 5px 0; border-radius: 4px; background-color: #f7f7f7; display: inline-block;'><strong>#TXTBX ▭</strong> :: <strong>Email</strong> Value entered ⇒ <span style='color: #009;'>vikram.shetty@test.com</span></div>
<div style='border: 1px solid #ddd; padding: 8px; margin: 5px 0; border-radius: 4px; background-color: #f7f7f7; display: inline-block;'><strong>#TXTBX ▭</strong> :: <strong>Current Address</strong> Value entered ⇒ <span style='color: #009;'>Mangalore, Karnataka</span></div>
<div style='border: 1px solid #ddd; padding: 8px; margin: 5px 0; border-radius: 4px; background-color: #f7f7f7; display: inline-block;'><strong>#TXTBX ▭</strong> :: <strong>Permanent Address</strong> Value entered ⇒ <span style='color: #009;'>Udupi, Karnataka</span></div>
<div style='border: 1px solid #ddd; padding: 8px; margin: 5px 0; border-radius: 4px; background-color: #f7f7f7; display: inline-block;'><strong>#BTN 📤</strong> :: <strong>Clicked On</strong> ⇒ <span style='color: #001dff;'>Submit Button</span></div>
📋 Navigating to Home Page...
📋 Attempting to close modal popup (if present)...
⏳ Waiting for Home link to be clickable...
✅ Home link found: https://demoqa.com/
📋 Clicking on Home link...
<div style='border: 1px solid #ddd; padding: 8px; margin: 5px 0; border-radius: 4px; background-color: #f7f7f7; display: inline-block;'><strong>#TXTBX ▭</strong> :: <strong>Full Name</strong> Value entered ⇒ <span style='color: #009;'>Neha Kulkarni</span></div>
<div style='border: 1px solid #ddd; padding: 8px; margin: 5px 0; border-radius: 4px; background-color: #f7f7f7; display: inline-block;'><strong>#TXTBX ▭</strong> :: <strong>Email</strong> Value entered ⇒ <span style='color: #009;'>neha.kulkarni@test.com</span></div>
<div style='border: 1px solid #ddd; padding: 8px; margin: 5px 0; border-radius: 4px; background-color: #f7f7f7; display: inline-block;'><strong>#TXTBX ▭</strong> :: <strong>Current Address</strong> Value entered ⇒ <span style='color: #009;'>Satara, Maharashtra</span></div>
<div style='border: 1px solid #ddd; padding: 8px; margin: 5px 0; border-radius: 4px; background-color: #f7f7f7; display: inline-block;'><strong>#TXTBX ▭</strong> :: <strong>Permanent Address</strong> Value entered ⇒ <span style='color: #009;'>Sangli, Maharashtra</span></div>
<div style='border: 1px solid #ddd; padding: 8px; margin: 5px 0; border-radius: 4px; background-color: #f7f7f7; display: inline-block;'><strong>#BTN 📤</strong> :: <strong>Clicked On</strong> ⇒ <span style='color: #001dff;'>Submit Button</span></div>
📋 Navigating to Home Page...
📋 Attempting to close modal popup (if present)...
⏳ Waiting for Home link to be clickable...
⏳ Waiting for loader to disappear...
⏳ Verifying home page load...
✅ Home link found: https://demoqa.com/
📋 Clicking on Home link...
⏳ Waiting for loader to disappear...
⏳ Verifying home page load...
❌ Navigation to Home Page failed: Expected condition failed: waiting for url to contain "home". Current url: "https://demoqa.com/" (tried for 10 second(s) with 500 milliseconds interval)
Build info: version: '4.12.1', revision: '8e34639b11'
System info: os.name: 'Windows 11', os.arch: 'amd64', os.version: '10.0', java.version: '18.0.1.1'
Driver info: org.openqa.selenium.chrome.ChromeDriver
Capabilities {acceptInsecureCerts: false, browserName: chrome, browserVersion: 136.0.7103.114, chrome: {chromedriverVersion: 136.0.7103.113 (76fa3c17824..., userDataDir: C:\Users\HP\AppData\Local\T...}, fedcm:accounts: true, goog:chromeOptions: {debuggerAddress: localhost:55925}, networkConnectionEnabled: false, pageLoadStrategy: normal, platformName: windows, proxy: Proxy(), se:cdp: ws://localhost:55925/devtoo..., se:cdpVersion: 136.0.7103.114, setWindowRect: true, strictFileInteractability: false, timeouts: {implicit: 0, pageLoad: 300000, script: 30000}, unhandledPromptBehavior: dismiss and notify, webauthn:extension:credBlob: true, webauthn:extension:largeBlob: true, webauthn:extension:minPinLength: true, webauthn:extension:prf: true, webauthn:virtualAuthenticators: true}
Session ID: 8c92c7e2ded1c3ae1cd18274538d3bb3
<h3 style="color:#132043;"><b> Iteration Number &#10781; :20</b></h4>
<div style='border: 1px solid #e0e0e0;padding: 8px 12px;margin: 8px 0;border-radius: 6px;background: linear-gradient(to right, #f8f9fa, #ffffff);box-shadow: 0 2px 4px rgba(0,0,0,0.05);display: inline-block;font-family: Arial, sans-serif;'><span style='font-weight: bold;color: #333;'>🌍 Browser Info:</span> <span style='color: #2c7be5;font-weight: 500;'><img src='data:image/svg+xml;base64,PHN2ZyB4bWxucz0iaHR0cDovL3d3dy53My5vcmcvMjAwMC9zdmciIHZpZXdCb3g9IjAgMCA0NDggNTEyIj48cGF0aCBmaWxsPSIjRkZDMTAyIiBkPSJNMjI0IDI1NmMwIDEyLjktNyAyNC40LTE3LjcgMjkuNkwxODcgMzA5LjljLTUuNCAzLTEyLjMgMy4xLTE3LjcuMS0xMC40LTUuOS0xNi43LTE2LjktMTYuNy0yOC42VjE5OGMwLTEyLjkgNy0yNC40IDE3LjctMjkuNkwxODcgMTQyLjFjNS40LTMgMTIuMy0zLjEgMTcuNy0uMSAxMC40IDUuOSAxNi43IDE2LjkgMTYuNyAyOC42djU4LjJ6Ii8+PHBhdGggZmlsbD0iIzRBNDlGNSIgZD0iTTIyNCAyNTZjMCAxMi45LTcgMjQuNC0xNy43IDI5LjZMMTg3IDMwOS45Yy01LjQgMy0xMi4zIDMuMS0xNy43LjEtMTAuNC01LjktMTYuNy0xNi45LTE2LjctMjguNlYxOThjMC0xMi45IDctMjQuNCAxNy43LTI5LjZMMTg3IDE0Mi4xYzUuNC0zIDEyLjMtMy4xIDE3LjctLjEgMTAuNCA1LjkgMTYuNyAxNi45IDE2LjcgMjguNnY1OC4yeiIvPjxwYXRoIGZpbGw9IiNGRkMxMDIiIGQ9Ik0yMjQgMjU2YzAgMTIuOS03IDI0LjQtMTcuNyAyOS42TDE4NyAzMDkuOWMtNS40IDMtMTIuMyAzLjEtMTcuNy4xLTEwLjQtNS45LTE2LjctMTYuOS0xNi43LTI4LjZWMTk4YzAtMTIuOSA3LTI0LjQgMTcuNy0yOS42TDE4NyAxNDIuMWM1LjQtMyAxMi4zLTMuMSAxNy43LS4xIDEwLjQgNS45IDE2LjcgMTYuOSAxNi43IDI4LjZ2NTguMnoiLz48cGF0aCBmaWxsPSIjRkZDMTAyIiBkPSJNMjI0IDI1NmMwIDEyLjktNyAyNC40LTE3LjcgMjkuNkwxODcgMzA5LjljLTUuNCAzLTEyLjMgMy4xLTE3LjcuMS0xMC40LTUuOS0xNi43LTE2LjktMTYuNy0yOC42VjE5OGMwLTEyLjkgNy0yNC40IDE3LjctMjkuNkwxODcgMTQyLjFjNS40LTMgMTIuMy0zLjEgMTcuNy0uMSAxMC40IDUuOSAxNi43IDE2LjkgMTYuNyAyOC42djU4LjJ6Ii8+PC9zdmc+' height='20' width='20' style='vertical-align: middle;' /> <span style='color: #4285F4;'>Google Chrome</span></span></div>
<div style="border: 1px solid #ddd; padding: 8px; margin: 5px 0; border-radius: 4px; background-color: #f7f7f7; display: inline-block;"><strong>💻 #System Info</strong> :: <strong>PC Name</strong> ⇒ <span style="color: #001dff;">ANKUSH1111</span> &nbsp;&nbsp;|&nbsp;&nbsp; <strong>User</strong> ⇒ <span style="color: #006400;">HP</span></div>
<div style='border: 1px solid #ddd; padding: 8px; margin: 5px 0; border-radius: 4px; background-color: #f7f7f7; display: inline-block;'><strong>#TXTBX ▭</strong> :: <strong>Full Name</strong> Value entered ⇒ <span style='color: #009;'>Tanya Desai</span></div>
<div style='border: 1px solid #ddd; padding: 8px; margin: 5px 0; border-radius: 4px; background-color: #f7f7f7; display: inline-block;'><strong>#TXTBX ▭</strong> :: <strong>Email</strong> Value entered ⇒ <span style='color: #009;'>tanya.desai@test.com</span></div>
<div style='border: 1px solid #ddd; padding: 8px; margin: 5px 0; border-radius: 4px; background-color: #f7f7f7; display: inline-block;'><strong>#TXTBX ▭</strong> :: <strong>Current Address</strong> Value entered ⇒ <span style='color: #009;'>Ahmedabad, Gujarat</span></div>
<div style='border: 1px solid #ddd; padding: 8px; margin: 5px 0; border-radius: 4px; background-color: #f7f7f7; display: inline-block;'><strong>#TXTBX ▭</strong> :: <strong>Permanent Address</strong> Value entered ⇒ <span style='color: #009;'>Vadodara, Gujarat</span></div>
<div style='border: 1px solid #ddd; padding: 8px; margin: 5px 0; border-radius: 4px; background-color: #f7f7f7; display: inline-block;'><strong>#BTN 📤</strong> :: <strong>Clicked On</strong> ⇒ <span style='color: #001dff;'>Submit Button</span></div>
📋 Navigating to Home Page...
📋 Attempting to close modal popup (if present)...
⏳ Waiting for Home link to be clickable...
✅ Home link found: https://demoqa.com/
📋 Clicking on Home link...
⏳ Waiting for loader to disappear...
⏳ Verifying home page load...
❌ Navigation to Home Page failed: Expected condition failed: waiting for url to contain "home". Current url: "https://demoqa.com/" (tried for 10 second(s) with 500 milliseconds interval)
Build info: version: '4.12.1', revision: '8e34639b11'
System info: os.name: 'Windows 11', os.arch: 'amd64', os.version: '10.0', java.version: '18.0.1.1'
Driver info: org.openqa.selenium.chrome.ChromeDriver
Capabilities {acceptInsecureCerts: false, browserName: chrome, browserVersion: 136.0.7103.114, chrome: {chromedriverVersion: 136.0.7103.113 (76fa3c17824..., userDataDir: C:\Users\HP\AppData\Local\T...}, fedcm:accounts: true, goog:chromeOptions: {debuggerAddress: localhost:55926}, networkConnectionEnabled: false, pageLoadStrategy: normal, platformName: windows, proxy: Proxy(), se:cdp: ws://localhost:55926/devtoo..., se:cdpVersion: 136.0.7103.114, setWindowRect: true, strictFileInteractability: false, timeouts: {implicit: 0, pageLoad: 300000, script: 30000}, unhandledPromptBehavior: dismiss and notify, webauthn:extension:credBlob: true, webauthn:extension:largeBlob: true, webauthn:extension:minPinLength: true, webauthn:extension:prf: true, webauthn:virtualAuthenticators: true}
Session ID: 8eed06a5d5c82986cbc5ab40cb4361f0
<h3 style="color:#132043;"><b> Iteration Number &#10781; :11</b></h4>
<div style='border: 1px solid #e0e0e0;padding: 8px 12px;margin: 8px 0;border-radius: 6px;background: linear-gradient(to right, #f8f9fa, #ffffff);box-shadow: 0 2px 4px rgba(0,0,0,0.05);display: inline-block;font-family: Arial, sans-serif;'><span style='font-weight: bold;color: #333;'>🌍 Browser Info:</span> <span style='color: #2c7be5;font-weight: 500;'><img src='data:image/svg+xml;base64,PHN2ZyB4bWxucz0iaHR0cDovL3d3dy53My5vcmcvMjAwMC9zdmciIHZpZXdCb3g9IjAgMCA0NDggNTEyIj48cGF0aCBmaWxsPSIjRkZDMTAyIiBkPSJNMjI0IDI1NmMwIDEyLjktNyAyNC40LTE3LjcgMjkuNkwxODcgMzA5LjljLTUuNCAzLTEyLjMgMy4xLTE3LjcuMS0xMC40LTUuOS0xNi43LTE2LjktMTYuNy0yOC42VjE5OGMwLTEyLjkgNy0yNC40IDE3LjctMjkuNkwxODcgMTQyLjFjNS40LTMgMTIuMy0zLjEgMTcuNy0uMSAxMC40IDUuOSAxNi43IDE2LjkgMTYuNyAyOC42djU4LjJ6Ii8+PHBhdGggZmlsbD0iIzRBNDlGNSIgZD0iTTIyNCAyNTZjMCAxMi45LTcgMjQuNC0xNy43IDI5LjZMMTg3IDMwOS45Yy01LjQgMy0xMi4zIDMuMS0xNy43LjEtMTAuNC01LjktMTYuNy0xNi45LTE2LjctMjguNlYxOThjMC0xMi45IDctMjQuNCAxNy43LTI5LjZMMTg3IDE0Mi4xYzUuNC0zIDEyLjMtMy4xIDE3LjctLjEgMTAuNCA1LjkgMTYuNyAxNi45IDE2LjcgMjguNnY1OC4yeiIvPjxwYXRoIGZpbGw9IiNGRkMxMDIiIGQ9Ik0yMjQgMjU2YzAgMTIuOS03IDI0LjQtMTcuNyAyOS42TDE4NyAzMDkuOWMtNS40IDMtMTIuMyAzLjEtMTcuNy4xLTEwLjQtNS45LTE2LjctMTYuOS0xNi43LTI4LjZWMTk4YzAtMTIuOSA3LTI0LjQgMTcuNy0yOS42TDE4NyAxNDIuMWM1LjQtMyAxMi4zLTMuMSAxNy43LS4xIDEwLjQgNS45IDE2LjcgMTYuOSAxNi43IDI4LjZ2NTguMnoiLz48cGF0aCBmaWxsPSIjRkZDMTAyIiBkPSJNMjI0IDI1NmMwIDEyLjktNyAyNC40LTE3LjcgMjkuNkwxODcgMzA5LjljLTUuNCAzLTEyLjMgMy4xLTE3LjcuMS0xMC40LTUuOS0xNi43LTE2LjktMTYuNy0yOC42VjE5OGMwLTEyLjkgNy0yNC40IDE3LjctMjkuNkwxODcgMTQyLjFjNS40LTMgMTIuMy0zLjEgMTcuNy0uMSAxMC40IDUuOSAxNi43IDE2LjkgMTYuNyAyOC42djU4LjJ6Ii8+PC9zdmc+' height='20' width='20' style='vertical-align: middle;' /> <span style='color: #4285F4;'>Google Chrome</span></span></div>
<div style="border: 1px solid #ddd; padding: 8px; margin: 5px 0; border-radius: 4px; background-color: #f7f7f7; display: inline-block;"><strong>💻 #System Info</strong> :: <strong>PC Name</strong> ⇒ <span style="color: #001dff;">ANKUSH1111</span> &nbsp;&nbsp;|&nbsp;&nbsp; <strong>User</strong> ⇒ <span style="color: #006400;">HP</span></div>
❌ Navigation to Home Page failed: Expected condition failed: waiting for url to contain "home". Current url: "https://demoqa.com/" (tried for 10 second(s) with 500 milliseconds interval)
Build info: version: '4.12.1', revision: '8e34639b11'
System info: os.name: 'Windows 11', os.arch: 'amd64', os.version: '10.0', java.version: '18.0.1.1'
Driver info: org.openqa.selenium.chrome.ChromeDriver
Capabilities {acceptInsecureCerts: false, browserName: chrome, browserVersion: 136.0.7103.114, chrome: {chromedriverVersion: 136.0.7103.113 (76fa3c17824..., userDataDir: C:\Users\HP\AppData\Local\T...}, fedcm:accounts: true, goog:chromeOptions: {debuggerAddress: localhost:55925}, networkConnectionEnabled: false, pageLoadStrategy: normal, platformName: windows, proxy: Proxy(), se:cdp: ws://localhost:55925/devtoo..., se:cdpVersion: 136.0.7103.114, setWindowRect: true, strictFileInteractability: false, timeouts: {implicit: 0, pageLoad: 300000, script: 30000}, unhandledPromptBehavior: dismiss and notify, webauthn:extension:credBlob: true, webauthn:extension:largeBlob: true, webauthn:extension:minPinLength: true, webauthn:extension:prf: true, webauthn:virtualAuthenticators: true}
Session ID: 8c92c7e2ded1c3ae1cd18274538d3bb3
<div style='border: 1px solid #ddd; padding: 8px; margin: 5px 0; border-radius: 4px; background-color: #f7f7f7; display: inline-block;'><strong>#TXTBX ▭</strong> :: <strong>Full Name</strong> Value entered ⇒ <span style='color: #009;'>Manish Gupta</span></div>
<div style='border: 1px solid #ddd; padding: 8px; margin: 5px 0; border-radius: 4px; background-color: #f7f7f7; display: inline-block;'><strong>#TXTBX ▭</strong> :: <strong>Email</strong> Value entered ⇒ <span style='color: #009;'>manish.gupta@test.com</span></div>
<div style='border: 1px solid #ddd; padding: 8px; margin: 5px 0; border-radius: 4px; background-color: #f7f7f7; display: inline-block;'><strong>#TXTBX ▭</strong> :: <strong>Current Address</strong> Value entered ⇒ <span style='color: #009;'>Delhi</span></div>
<div style='border: 1px solid #ddd; padding: 8px; margin: 5px 0; border-radius: 4px; background-color: #f7f7f7; display: inline-block;'><strong>#TXTBX ▭</strong> :: <strong>Permanent Address</strong> Value entered ⇒ <span style='color: #009;'>Noida, Uttar Pradesh</span></div>
<div style='border: 1px solid #ddd; padding: 8px; margin: 5px 0; border-radius: 4px; background-color: #f7f7f7; display: inline-block;'><strong>#BTN 📤</strong> :: <strong>Clicked On</strong> ⇒ <span style='color: #001dff;'>Submit Button</span></div>
📋 Navigating to Home Page...
📋 Attempting to close modal popup (if present)...
⏳ Waiting for Home link to be clickable...
✅ Home link found: https://demoqa.com/
📋 Clicking on Home link...
⏳ Waiting for loader to disappear...
⏳ Verifying home page load...
❌ Navigation to Home Page failed: Expected condition failed: waiting for url to contain "home". Current url: "https://demoqa.com/" (tried for 10 second(s) with 500 milliseconds interval)
Build info: version: '4.12.1', revision: '8e34639b11'
System info: os.name: 'Windows 11', os.arch: 'amd64', os.version: '10.0', java.version: '18.0.1.1'
Driver info: org.openqa.selenium.chrome.ChromeDriver
Capabilities {acceptInsecureCerts: false, browserName: chrome, browserVersion: 136.0.7103.114, chrome: {chromedriverVersion: 136.0.7103.113 (76fa3c17824..., userDataDir: C:\Users\HP\AppData\Local\T...}, fedcm:accounts: true, goog:chromeOptions: {debuggerAddress: localhost:55926}, networkConnectionEnabled: false, pageLoadStrategy: normal, platformName: windows, proxy: Proxy(), se:cdp: ws://localhost:55926/devtoo..., se:cdpVersion: 136.0.7103.114, setWindowRect: true, strictFileInteractability: false, timeouts: {implicit: 0, pageLoad: 300000, script: 30000}, unhandledPromptBehavior: dismiss and notify, webauthn:extension:credBlob: true, webauthn:extension:largeBlob: true, webauthn:extension:minPinLength: true, webauthn:extension:prf: true, webauthn:virtualAuthenticators: true}
Session ID: 8eed06a5d5c82986cbc5ab40cb4361f0
<h3 style="color:#132043;"><b> Iteration Number &#10781; :12</b></h4>
<div style='border: 1px solid #e0e0e0;padding: 8px 12px;margin: 8px 0;border-radius: 6px;background: linear-gradient(to right, #f8f9fa, #ffffff);box-shadow: 0 2px 4px rgba(0,0,0,0.05);display: inline-block;font-family: Arial, sans-serif;'><span style='font-weight: bold;color: #333;'>🌍 Browser Info:</span> <span style='color: #2c7be5;font-weight: 500;'><img src='data:image/svg+xml;base64,PHN2ZyB4bWxucz0iaHR0cDovL3d3dy53My5vcmcvMjAwMC9zdmciIHZpZXdCb3g9IjAgMCA0NDggNTEyIj48cGF0aCBmaWxsPSIjRkZDMTAyIiBkPSJNMjI0IDI1NmMwIDEyLjktNyAyNC40LTE3LjcgMjkuNkwxODcgMzA5LjljLTUuNCAzLTEyLjMgMy4xLTE3LjcuMS0xMC40LTUuOS0xNi43LTE2LjktMTYuNy0yOC42VjE5OGMwLTEyLjkgNy0yNC40IDE3LjctMjkuNkwxODcgMTQyLjFjNS40LTMgMTIuMy0zLjEgMTcuNy0uMSAxMC40IDUuOSAxNi43IDE2LjkgMTYuNyAyOC42djU4LjJ6Ii8+PHBhdGggZmlsbD0iIzRBNDlGNSIgZD0iTTIyNCAyNTZjMCAxMi45LTcgMjQuNC0xNy43IDI5LjZMMTg3IDMwOS45Yy01LjQgMy0xMi4zIDMuMS0xNy43LjEtMTAuNC01LjktMTYuNy0xNi45LTE2LjctMjguNlYxOThjMC0xMi45IDctMjQuNCAxNy43LTI5LjZMMTg3IDE0Mi4xYzUuNC0zIDEyLjMtMy4xIDE3LjctLjEgMTAuNCA1LjkgMTYuNyAxNi45IDE2LjcgMjguNnY1OC4yeiIvPjxwYXRoIGZpbGw9IiNGRkMxMDIiIGQ9Ik0yMjQgMjU2YzAgMTIuOS03IDI0LjQtMTcuNyAyOS42TDE4NyAzMDkuOWMtNS40IDMtMTIuMyAzLjEtMTcuNy4xLTEwLjQtNS45LTE2LjctMTYuOS0xNi43LTI4LjZWMTk4YzAtMTIuOSA3LTI0LjQgMTcuNy0yOS42TDE4NyAxNDIuMWM1LjQtMyAxMi4zLTMuMSAxNy43LS4xIDEwLjQgNS45IDE2LjcgMTYuOSAxNi43IDI4LjZ2NTguMnoiLz48cGF0aCBmaWxsPSIjRkZDMTAyIiBkPSJNMjI0IDI1NmMwIDEyLjktNyAyNC40LTE3LjcgMjkuNkwxODcgMzA5LjljLTUuNCAzLTEyLjMgMy4xLTE3LjcuMS0xMC40LTUuOS0xNi43LTE2LjktMTYuNy0yOC42VjE5OGMwLTEyLjkgNy0yNC40IDE3LjctMjkuNkwxODcgMTQyLjFjNS40LTMgMTIuMy0zLjEgMTcuNy0uMSAxMC40IDUuOSAxNi43IDE2LjkgMTYuNyAyOC42djU4LjJ6Ii8+PC9zdmc+' height='20' width='20' style='vertical-align: middle;' /> <span style='color: #4285F4;'>Google Chrome</span></span></div>
<div style="border: 1px solid #ddd; padding: 8px; margin: 5px 0; border-radius: 4px; background-color: #f7f7f7; display: inline-block;"><strong>💻 #System Info</strong> :: <strong>PC Name</strong> ⇒ <span style="color: #001dff;">ANKUSH1111</span> &nbsp;&nbsp;|&nbsp;&nbsp; <strong>User</strong> ⇒ <span style="color: #006400;">HP</span></div>
<div style='border: 1px solid #ddd; padding: 8px; margin: 5px 0; border-radius: 4px; background-color: #f7f7f7; display: inline-block;'><strong>#TXTBX ▭</strong> :: <strong>Full Name</strong> Value entered ⇒ <span style='color: #009;'>Ayesha Khan</span></div>
<div style='border: 1px solid #ddd; padding: 8px; margin: 5px 0; border-radius: 4px; background-color: #f7f7f7; display: inline-block;'><strong>#TXTBX ▭</strong> :: <strong>Email</strong> Value entered ⇒ <span style='color: #009;'>ayesha.khan@test.com</span></div>
<div style='border: 1px solid #ddd; padding: 8px; margin: 5px 0; border-radius: 4px; background-color: #f7f7f7; display: inline-block;'><strong>#TXTBX ▭</strong> :: <strong>Current Address</strong> Value entered ⇒ <span style='color: #009;'>Bhopal, Madhya Pradesh</span></div>
<div style='border: 1px solid #ddd; padding: 8px; margin: 5px 0; border-radius: 4px; background-color: #f7f7f7; display: inline-block;'><strong>#TXTBX ▭</strong> :: <strong>Permanent Address</strong> Value entered ⇒ <span style='color: #009;'>Gwalior, Madhya Pradesh</span></div>
<div style='border: 1px solid #ddd; padding: 8px; margin: 5px 0; border-radius: 4px; background-color: #f7f7f7; display: inline-block;'><strong>#BTN 📤</strong> :: <strong>Clicked On</strong> ⇒ <span style='color: #001dff;'>Submit Button</span></div>
📋 Navigating to Home Page...
📋 Attempting to close modal popup (if present)...
⏳ Waiting for Home link to be clickable...
✅ Home link found: https://demoqa.com/
📋 Clicking on Home link...
⏳ Waiting for loader to disappear...
⏳ Verifying home page load...
❌ Navigation to Home Page failed: Expected condition failed: waiting for url to contain "home". Current url: "https://demoqa.com/" (tried for 10 second(s) with 500 milliseconds interval)
Build info: version: '4.12.1', revision: '8e34639b11'
System info: os.name: 'Windows 11', os.arch: 'amd64', os.version: '10.0', java.version: '18.0.1.1'
Driver info: org.openqa.selenium.chrome.ChromeDriver
Capabilities {acceptInsecureCerts: false, browserName: chrome, browserVersion: 136.0.7103.114, chrome: {chromedriverVersion: 136.0.7103.113 (76fa3c17824..., userDataDir: C:\Users\HP\AppData\Local\T...}, fedcm:accounts: true, goog:chromeOptions: {debuggerAddress: localhost:55926}, networkConnectionEnabled: false, pageLoadStrategy: normal, platformName: windows, proxy: Proxy(), se:cdp: ws://localhost:55926/devtoo..., se:cdpVersion: 136.0.7103.114, setWindowRect: true, strictFileInteractability: false, timeouts: {implicit: 0, pageLoad: 300000, script: 30000}, unhandledPromptBehavior: dismiss and notify, webauthn:extension:credBlob: true, webauthn:extension:largeBlob: true, webauthn:extension:minPinLength: true, webauthn:extension:prf: true, webauthn:virtualAuthenticators: true}
Session ID: 8eed06a5d5c82986cbc5ab40cb4361f0
<h3 style="color:#132043;"><b> Iteration Number &#10781; :13</b></h4>
<div style='border: 1px solid #e0e0e0;padding: 8px 12px;margin: 8px 0;border-radius: 6px;background: linear-gradient(to right, #f8f9fa, #ffffff);box-shadow: 0 2px 4px rgba(0,0,0,0.05);display: inline-block;font-family: Arial, sans-serif;'><span style='font-weight: bold;color: #333;'>🌍 Browser Info:</span> <span style='color: #2c7be5;font-weight: 500;'><img src='data:image/svg+xml;base64,PHN2ZyB4bWxucz0iaHR0cDovL3d3dy53My5vcmcvMjAwMC9zdmciIHZpZXdCb3g9IjAgMCA0NDggNTEyIj48cGF0aCBmaWxsPSIjRkZDMTAyIiBkPSJNMjI0IDI1NmMwIDEyLjktNyAyNC40LTE3LjcgMjkuNkwxODcgMzA5LjljLTUuNCAzLTEyLjMgMy4xLTE3LjcuMS0xMC40LTUuOS0xNi43LTE2LjktMTYuNy0yOC42VjE5OGMwLTEyLjkgNy0yNC40IDE3LjctMjkuNkwxODcgMTQyLjFjNS40LTMgMTIuMy0zLjEgMTcuNy0uMSAxMC40IDUuOSAxNi43IDE2LjkgMTYuNyAyOC42djU4LjJ6Ii8+PHBhdGggZmlsbD0iIzRBNDlGNSIgZD0iTTIyNCAyNTZjMCAxMi45LTcgMjQuNC0xNy43IDI5LjZMMTg3IDMwOS45Yy01LjQgMy0xMi4zIDMuMS0xNy43LjEtMTAuNC01LjktMTYuNy0xNi45LTE2LjctMjguNlYxOThjMC0xMi45IDctMjQuNCAxNy43LTI5LjZMMTg3IDE0Mi4xYzUuNC0zIDEyLjMtMy4xIDE3LjctLjEgMTAuNCA1LjkgMTYuNyAxNi45IDE2LjcgMjguNnY1OC4yeiIvPjxwYXRoIGZpbGw9IiNGRkMxMDIiIGQ9Ik0yMjQgMjU2YzAgMTIuOS03IDI0LjQtMTcuNyAyOS42TDE4NyAzMDkuOWMtNS40IDMtMTIuMyAzLjEtMTcuNy4xLTEwLjQtNS45LTE2LjctMTYuOS0xNi43LTI4LjZWMTk4YzAtMTIuOSA3LTI0LjQgMTcuNy0yOS42TDE4NyAxNDIuMWM1LjQtMyAxMi4zLTMuMSAxNy43LS4xIDEwLjQgNS45IDE2LjcgMTYuOSAxNi43IDI4LjZ2NTguMnoiLz48cGF0aCBmaWxsPSIjRkZDMTAyIiBkPSJNMjI0IDI1NmMwIDEyLjktNyAyNC40LTE3LjcgMjkuNkwxODcgMzA5LjljLTUuNCAzLTEyLjMgMy4xLTE3LjcuMS0xMC40LTUuOS0xNi43LTE2LjktMTYuNy0yOC42VjE5OGMwLTEyLjkgNy0yNC40IDE3LjctMjkuNkwxODcgMTQyLjFjNS40LTMgMTIuMy0zLjEgMTcuNy0uMSAxMC40IDUuOSAxNi43IDE2LjkgMTYuNyAyOC42djU4LjJ6Ii8+PC9zdmc+' height='20' width='20' style='vertical-align: middle;' /> <span style='color: #4285F4;'>Google Chrome</span></span></div>
<div style="border: 1px solid #ddd; padding: 8px; margin: 5px 0; border-radius: 4px; background-color: #f7f7f7; display: inline-block;"><strong>💻 #System Info</strong> :: <strong>PC Name</strong> ⇒ <span style="color: #001dff;">ANKUSH1111</span> &nbsp;&nbsp;|&nbsp;&nbsp; <strong>User</strong> ⇒ <span style="color: #006400;">HP</span></div>
<div style='border: 1px solid #ddd; padding: 8px; margin: 5px 0; border-radius: 4px; background-color: #f7f7f7; display: inline-block;'><strong>#TXTBX ▭</strong> :: <strong>Full Name</strong> Value entered ⇒ <span style='color: #009;'>Rohan Joshi</span></div>
<div style='border: 1px solid #ddd; padding: 8px; margin: 5px 0; border-radius: 4px; background-color: #f7f7f7; display: inline-block;'><strong>#TXTBX ▭</strong> :: <strong>Email</strong> Value entered ⇒ <span style='color: #009;'>rohan.joshi@test.com</span></div>
<div style='border: 1px solid #ddd; padding: 8px; margin: 5px 0; border-radius: 4px; background-color: #f7f7f7; display: inline-block;'><strong>#TXTBX ▭</strong> :: <strong>Current Address</strong> Value entered ⇒ <span style='color: #009;'>Nagpur, Maharashtra</span></div>
<div style='border: 1px solid #ddd; padding: 8px; margin: 5px 0; border-radius: 4px; background-color: #f7f7f7; display: inline-block;'><strong>#TXTBX ▭</strong> :: <strong>Permanent Address</strong> Value entered ⇒ <span style='color: #009;'>Akola, Maharashtra</span></div>
<div style='border: 1px solid #ddd; padding: 8px; margin: 5px 0; border-radius: 4px; background-color: #f7f7f7; display: inline-block;'><strong>#BTN 📤</strong> :: <strong>Clicked On</strong> ⇒ <span style='color: #001dff;'>Submit Button</span></div>
📋 Navigating to Home Page...
📋 Attempting to close modal popup (if present)...
⏳ Waiting for Home link to be clickable...
✅ Home link found: https://demoqa.com/
📋 Clicking on Home link...
⏳ Waiting for loader to disappear...
⏳ Verifying home page load...
❌ Navigation to Home Page failed: Expected condition failed: waiting for url to contain "home". Current url: "https://demoqa.com/" (tried for 10 second(s) with 500 milliseconds interval)
Build info: version: '4.12.1', revision: '8e34639b11'
System info: os.name: 'Windows 11', os.arch: 'amd64', os.version: '10.0', java.version: '18.0.1.1'
Driver info: org.openqa.selenium.chrome.ChromeDriver
Capabilities {acceptInsecureCerts: false, browserName: chrome, browserVersion: 136.0.7103.114, chrome: {chromedriverVersion: 136.0.7103.113 (76fa3c17824..., userDataDir: C:\Users\HP\AppData\Local\T...}, fedcm:accounts: true, goog:chromeOptions: {debuggerAddress: localhost:55926}, networkConnectionEnabled: false, pageLoadStrategy: normal, platformName: windows, proxy: Proxy(), se:cdp: ws://localhost:55926/devtoo..., se:cdpVersion: 136.0.7103.114, setWindowRect: true, strictFileInteractability: false, timeouts: {implicit: 0, pageLoad: 300000, script: 30000}, unhandledPromptBehavior: dismiss and notify, webauthn:extension:credBlob: true, webauthn:extension:largeBlob: true, webauthn:extension:minPinLength: true, webauthn:extension:prf: true, webauthn:virtualAuthenticators: true}
Session ID: 8eed06a5d5c82986cbc5ab40cb4361f0
<h3 style="color:#132043;"><b> Iteration Number &#10781; :14</b></h4>
<div style='border: 1px solid #e0e0e0;padding: 8px 12px;margin: 8px 0;border-radius: 6px;background: linear-gradient(to right, #f8f9fa, #ffffff);box-shadow: 0 2px 4px rgba(0,0,0,0.05);display: inline-block;font-family: Arial, sans-serif;'><span style='font-weight: bold;color: #333;'>🌍 Browser Info:</span> <span style='color: #2c7be5;font-weight: 500;'><img src='data:image/svg+xml;base64,PHN2ZyB4bWxucz0iaHR0cDovL3d3dy53My5vcmcvMjAwMC9zdmciIHZpZXdCb3g9IjAgMCA0NDggNTEyIj48cGF0aCBmaWxsPSIjRkZDMTAyIiBkPSJNMjI0IDI1NmMwIDEyLjktNyAyNC40LTE3LjcgMjkuNkwxODcgMzA5LjljLTUuNCAzLTEyLjMgMy4xLTE3LjcuMS0xMC40LTUuOS0xNi43LTE2LjktMTYuNy0yOC42VjE5OGMwLTEyLjkgNy0yNC40IDE3LjctMjkuNkwxODcgMTQyLjFjNS40LTMgMTIuMy0zLjEgMTcuNy0uMSAxMC40IDUuOSAxNi43IDE2LjkgMTYuNyAyOC42djU4LjJ6Ii8+PHBhdGggZmlsbD0iIzRBNDlGNSIgZD0iTTIyNCAyNTZjMCAxMi45LTcgMjQuNC0xNy43IDI5LjZMMTg3IDMwOS45Yy01LjQgMy0xMi4zIDMuMS0xNy43LjEtMTAuNC01LjktMTYuNy0xNi45LTE2LjctMjguNlYxOThjMC0xMi45IDctMjQuNCAxNy43LTI5LjZMMTg3IDE0Mi4xYzUuNC0zIDEyLjMtMy4xIDE3LjctLjEgMTAuNCA1LjkgMTYuNyAxNi45IDE2LjcgMjguNnY1OC4yeiIvPjxwYXRoIGZpbGw9IiNGRkMxMDIiIGQ9Ik0yMjQgMjU2YzAgMTIuOS03IDI0LjQtMTcuNyAyOS42TDE4NyAzMDkuOWMtNS40IDMtMTIuMyAzLjEtMTcuNy4xLTEwLjQtNS45LTE2LjctMTYuOS0xNi43LTI4LjZWMTk4YzAtMTIuOSA3LTI0LjQgMTcuNy0yOS42TDE4NyAxNDIuMWM1LjQtMyAxMi4zLTMuMSAxNy43LS4xIDEwLjQgNS45IDE2LjcgMTYuOSAxNi43IDI4LjZ2NTguMnoiLz48cGF0aCBmaWxsPSIjRkZDMTAyIiBkPSJNMjI0IDI1NmMwIDEyLjktNyAyNC40LTE3LjcgMjkuNkwxODcgMzA5LjljLTUuNCAzLTEyLjMgMy4xLTE3LjcuMS0xMC40LTUuOS0xNi43LTE2LjktMTYuNy0yOC42VjE5OGMwLTEyLjkgNy0yNC40IDE3LjctMjkuNkwxODcgMTQyLjFjNS40LTMgMTIuMy0zLjEgMTcuNy0uMSAxMC40IDUuOSAxNi43IDE2LjkgMTYuNyAyOC42djU4LjJ6Ii8+PC9zdmc+' height='20' width='20' style='vertical-align: middle;' /> <span style='color: #4285F4;'>Google Chrome</span></span></div>
<div style="border: 1px solid #ddd; padding: 8px; margin: 5px 0; border-radius: 4px; background-color: #f7f7f7; display: inline-block;"><strong>💻 #System Info</strong> :: <strong>PC Name</strong> ⇒ <span style="color: #001dff;">ANKUSH1111</span> &nbsp;&nbsp;|&nbsp;&nbsp; <strong>User</strong> ⇒ <span style="color: #006400;">HP</span></div>
<div style='border: 1px solid #ddd; padding: 8px; margin: 5px 0; border-radius: 4px; background-color: #f7f7f7; display: inline-block;'><strong>#TXTBX ▭</strong> :: <strong>Full Name</strong> Value entered ⇒ <span style='color: #009;'>Meena Rathi</span></div>
<div style='border: 1px solid #ddd; padding: 8px; margin: 5px 0; border-radius: 4px; background-color: #f7f7f7; display: inline-block;'><strong>#TXTBX ▭</strong> :: <strong>Email</strong> Value entered ⇒ <span style='color: #009;'>meena.rathi@test.com</span></div>
<div style='border: 1px solid #ddd; padding: 8px; margin: 5px 0; border-radius: 4px; background-color: #f7f7f7; display: inline-block;'><strong>#TXTBX ▭</strong> :: <strong>Current Address</strong> Value entered ⇒ <span style='color: #009;'>Surat, Gujarat</span></div>
<div style='border: 1px solid #ddd; padding: 8px; margin: 5px 0; border-radius: 4px; background-color: #f7f7f7; display: inline-block;'><strong>#TXTBX ▭</strong> :: <strong>Permanent Address</strong> Value entered ⇒ <span style='color: #009;'>Rajkot, Gujarat</span></div>
<div style='border: 1px solid #ddd; padding: 8px; margin: 5px 0; border-radius: 4px; background-color: #f7f7f7; display: inline-block;'><strong>#BTN 📤</strong> :: <strong>Clicked On</strong> ⇒ <span style='color: #001dff;'>Submit Button</span></div>
📋 Navigating to Home Page...
📋 Attempting to close modal popup (if present)...
⏳ Waiting for Home link to be clickable...
✅ Home link found: https://demoqa.com/
📋 Clicking on Home link...
⏳ Waiting for loader to disappear...
⏳ Verifying home page load...
❌ Navigation to Home Page failed: Expected condition failed: waiting for url to contain "home". Current url: "https://demoqa.com/" (tried for 10 second(s) with 500 milliseconds interval)
Build info: version: '4.12.1', revision: '8e34639b11'
System info: os.name: 'Windows 11', os.arch: 'amd64', os.version: '10.0', java.version: '18.0.1.1'
Driver info: org.openqa.selenium.chrome.ChromeDriver
Capabilities {acceptInsecureCerts: false, browserName: chrome, browserVersion: 136.0.7103.114, chrome: {chromedriverVersion: 136.0.7103.113 (76fa3c17824..., userDataDir: C:\Users\HP\AppData\Local\T...}, fedcm:accounts: true, goog:chromeOptions: {debuggerAddress: localhost:55926}, networkConnectionEnabled: false, pageLoadStrategy: normal, platformName: windows, proxy: Proxy(), se:cdp: ws://localhost:55926/devtoo..., se:cdpVersion: 136.0.7103.114, setWindowRect: true, strictFileInteractability: false, timeouts: {implicit: 0, pageLoad: 300000, script: 30000}, unhandledPromptBehavior: dismiss and notify, webauthn:extension:credBlob: true, webauthn:extension:largeBlob: true, webauthn:extension:minPinLength: true, webauthn:extension:prf: true, webauthn:virtualAuthenticators: true}
Session ID: 8eed06a5d5c82986cbc5ab40cb4361f0
<h3 style="color:#132043;"><b> Iteration Number &#10781; :15</b></h4>
<div style='border: 1px solid #e0e0e0;padding: 8px 12px;margin: 8px 0;border-radius: 6px;background: linear-gradient(to right, #f8f9fa, #ffffff);box-shadow: 0 2px 4px rgba(0,0,0,0.05);display: inline-block;font-family: Arial, sans-serif;'><span style='font-weight: bold;color: #333;'>🌍 Browser Info:</span> <span style='color: #2c7be5;font-weight: 500;'><img src='data:image/svg+xml;base64,PHN2ZyB4bWxucz0iaHR0cDovL3d3dy53My5vcmcvMjAwMC9zdmciIHZpZXdCb3g9IjAgMCA0NDggNTEyIj48cGF0aCBmaWxsPSIjRkZDMTAyIiBkPSJNMjI0IDI1NmMwIDEyLjktNyAyNC40LTE3LjcgMjkuNkwxODcgMzA5LjljLTUuNCAzLTEyLjMgMy4xLTE3LjcuMS0xMC40LTUuOS0xNi43LTE2LjktMTYuNy0yOC42VjE5OGMwLTEyLjkgNy0yNC40IDE3LjctMjkuNkwxODcgMTQyLjFjNS40LTMgMTIuMy0zLjEgMTcuNy0uMSAxMC40IDUuOSAxNi43IDE2LjkgMTYuNyAyOC42djU4LjJ6Ii8+PHBhdGggZmlsbD0iIzRBNDlGNSIgZD0iTTIyNCAyNTZjMCAxMi45LTcgMjQuNC0xNy43IDI5LjZMMTg3IDMwOS45Yy01LjQgMy0xMi4zIDMuMS0xNy43LjEtMTAuNC01LjktMTYuNy0xNi45LTE2LjctMjguNlYxOThjMC0xMi45IDctMjQuNCAxNy43LTI5LjZMMTg3IDE0Mi4xYzUuNC0zIDEyLjMtMy4xIDE3LjctLjEgMTAuNCA1LjkgMTYuNyAxNi45IDE2LjcgMjguNnY1OC4yeiIvPjxwYXRoIGZpbGw9IiNGRkMxMDIiIGQ9Ik0yMjQgMjU2YzAgMTIuOS03IDI0LjQtMTcuNyAyOS42TDE4NyAzMDkuOWMtNS40IDMtMTIuMyAzLjEtMTcuNy4xLTEwLjQtNS45LTE2LjctMTYuOS0xNi43LTI4LjZWMTk4YzAtMTIuOSA3LTI0LjQgMTcuNy0yOS42TDE4NyAxNDIuMWM1LjQtMyAxMi4zLTMuMSAxNy43LS4xIDEwLjQgNS45IDE2LjcgMTYuOSAxNi43IDI4LjZ2NTguMnoiLz48cGF0aCBmaWxsPSIjRkZDMTAyIiBkPSJNMjI0IDI1NmMwIDEyLjktNyAyNC40LTE3LjcgMjkuNkwxODcgMzA5LjljLTUuNCAzLTEyLjMgMy4xLTE3LjcuMS0xMC40LTUuOS0xNi43LTE2LjktMTYuNy0yOC42VjE5OGMwLTEyLjkgNy0yNC40IDE3LjctMjkuNkwxODcgMTQyLjFjNS40LTMgMTIuMy0zLjEgMTcuNy0uMSAxMC40IDUuOSAxNi43IDE2LjkgMTYuNyAyOC42djU4LjJ6Ii8+PC9zdmc+' height='20' width='20' style='vertical-align: middle;' /> <span style='color: #4285F4;'>Google Chrome</span></span></div>
<div style="border: 1px solid #ddd; padding: 8px; margin: 5px 0; border-radius: 4px; background-color: #f7f7f7; display: inline-block;"><strong>💻 #System Info</strong> :: <strong>PC Name</strong> ⇒ <span style="color: #001dff;">ANKUSH1111</span> &nbsp;&nbsp;|&nbsp;&nbsp; <strong>User</strong> ⇒ <span style="color: #006400;">HP</span></div>
<div style='border: 1px solid #ddd; padding: 8px; margin: 5px 0; border-radius: 4px; background-color: #f7f7f7; display: inline-block;'><strong>#TXTBX ▭</strong> :: <strong>Full Name</strong> Value entered ⇒ <span style='color: #009;'>Deepak Singh</span></div>
<div style='border: 1px solid #ddd; padding: 8px; margin: 5px 0; border-radius: 4px; background-color: #f7f7f7; display: inline-block;'><strong>#TXTBX ▭</strong> :: <strong>Email</strong> Value entered ⇒ <span style='color: #009;'>deepak.singh@test.com</span></div>
<div style='border: 1px solid #ddd; padding: 8px; margin: 5px 0; border-radius: 4px; background-color: #f7f7f7; display: inline-block;'><strong>#TXTBX ▭</strong> :: <strong>Current Address</strong> Value entered ⇒ <span style='color: #009;'>Patna, Bihar</span></div>
<div style='border: 1px solid #ddd; padding: 8px; margin: 5px 0; border-radius: 4px; background-color: #f7f7f7; display: inline-block;'><strong>#TXTBX ▭</strong> :: <strong>Permanent Address</strong> Value entered ⇒ <span style='color: #009;'>Gaya, Bihar</span></div>
<div style='border: 1px solid #ddd; padding: 8px; margin: 5px 0; border-radius: 4px; background-color: #f7f7f7; display: inline-block;'><strong>#BTN 📤</strong> :: <strong>Clicked On</strong> ⇒ <span style='color: #001dff;'>Submit Button</span></div>
📋 Navigating to Home Page...
📋 Attempting to close modal popup (if present)...
⏳ Waiting for Home link to be clickable...
✅ Home link found: https://demoqa.com/
📋 Clicking on Home link...
⏳ Waiting for loader to disappear...
⏳ Verifying home page load...
❌ Navigation to Home Page failed: Expected condition failed: waiting for url to contain "home". Current url: "https://demoqa.com/" (tried for 10 second(s) with 500 milliseconds interval)
Build info: version: '4.12.1', revision: '8e34639b11'
System info: os.name: 'Windows 11', os.arch: 'amd64', os.version: '10.0', java.version: '18.0.1.1'
Driver info: org.openqa.selenium.chrome.ChromeDriver
Capabilities {acceptInsecureCerts: false, browserName: chrome, browserVersion: 136.0.7103.114, chrome: {chromedriverVersion: 136.0.7103.113 (76fa3c17824..., userDataDir: C:\Users\HP\AppData\Local\T...}, fedcm:accounts: true, goog:chromeOptions: {debuggerAddress: localhost:55926}, networkConnectionEnabled: false, pageLoadStrategy: normal, platformName: windows, proxy: Proxy(), se:cdp: ws://localhost:55926/devtoo..., se:cdpVersion: 136.0.7103.114, setWindowRect: true, strictFileInteractability: false, timeouts: {implicit: 0, pageLoad: 300000, script: 30000}, unhandledPromptBehavior: dismiss and notify, webauthn:extension:credBlob: true, webauthn:extension:largeBlob: true, webauthn:extension:minPinLength: true, webauthn:extension:prf: true, webauthn:virtualAuthenticators: true}
Session ID: 8eed06a5d5c82986cbc5ab40cb4361f0
<h3 style="color:#132043;"><b> Iteration Number &#10781; :16</b></h4>
<div style='border: 1px solid #e0e0e0;padding: 8px 12px;margin: 8px 0;border-radius: 6px;background: linear-gradient(to right, #f8f9fa, #ffffff);box-shadow: 0 2px 4px rgba(0,0,0,0.05);display: inline-block;font-family: Arial, sans-serif;'><span style='font-weight: bold;color: #333;'>🌍 Browser Info:</span> <span style='color: #2c7be5;font-weight: 500;'><img src='data:image/svg+xml;base64,PHN2ZyB4bWxucz0iaHR0cDovL3d3dy53My5vcmcvMjAwMC9zdmciIHZpZXdCb3g9IjAgMCA0NDggNTEyIj48cGF0aCBmaWxsPSIjRkZDMTAyIiBkPSJNMjI0IDI1NmMwIDEyLjktNyAyNC40LTE3LjcgMjkuNkwxODcgMzA5LjljLTUuNCAzLTEyLjMgMy4xLTE3LjcuMS0xMC40LTUuOS0xNi43LTE2LjktMTYuNy0yOC42VjE5OGMwLTEyLjkgNy0yNC40IDE3LjctMjkuNkwxODcgMTQyLjFjNS40LTMgMTIuMy0zLjEgMTcuNy0uMSAxMC40IDUuOSAxNi43IDE2LjkgMTYuNyAyOC42djU4LjJ6Ii8+PHBhdGggZmlsbD0iIzRBNDlGNSIgZD0iTTIyNCAyNTZjMCAxMi45LTcgMjQuNC0xNy43IDI5LjZMMTg3IDMwOS45Yy01LjQgMy0xMi4zIDMuMS0xNy43LjEtMTAuNC01LjktMTYuNy0xNi45LTE2LjctMjguNlYxOThjMC0xMi45IDctMjQuNCAxNy43LTI5LjZMMTg3IDE0Mi4xYzUuNC0zIDEyLjMtMy4xIDE3LjctLjEgMTAuNCA1LjkgMTYuNyAxNi45IDE2LjcgMjguNnY1OC4yeiIvPjxwYXRoIGZpbGw9IiNGRkMxMDIiIGQ9Ik0yMjQgMjU2YzAgMTIuOS03IDI0LjQtMTcuNyAyOS42TDE4NyAzMDkuOWMtNS40IDMtMTIuMyAzLjEtMTcuNy4xLTEwLjQtNS45LTE2LjctMTYuOS0xNi43LTI4LjZWMTk4YzAtMTIuOSA3LTI0LjQgMTcuNy0yOS42TDE4NyAxNDIuMWM1LjQtMyAxMi4zLTMuMSAxNy43LS4xIDEwLjQgNS45IDE2LjcgMTYuOSAxNi43IDI4LjZ2NTguMnoiLz48cGF0aCBmaWxsPSIjRkZDMTAyIiBkPSJNMjI0IDI1NmMwIDEyLjktNyAyNC40LTE3LjcgMjkuNkwxODcgMzA5LjljLTUuNCAzLTEyLjMgMy4xLTE3LjcuMS0xMC40LTUuOS0xNi43LTE2LjktMTYuNy0yOC42VjE5OGMwLTEyLjkgNy0yNC40IDE3LjctMjkuNkwxODcgMTQyLjFjNS40LTMgMTIuMy0zLjEgMTcuNy0uMSAxMC40IDUuOSAxNi43IDE2LjkgMTYuNyAyOC42djU4LjJ6Ii8+PC9zdmc+' height='20' width='20' style='vertical-align: middle;' /> <span style='color: #4285F4;'>Google Chrome</span></span></div>
<div style="border: 1px solid #ddd; padding: 8px; margin: 5px 0; border-radius: 4px; background-color: #f7f7f7; display: inline-block;"><strong>💻 #System Info</strong> :: <strong>PC Name</strong> ⇒ <span style="color: #001dff;">ANKUSH1111</span> &nbsp;&nbsp;|&nbsp;&nbsp; <strong>User</strong> ⇒ <span style="color: #006400;">HP</span></div>
<div style='border: 1px solid #ddd; padding: 8px; margin: 5px 0; border-radius: 4px; background-color: #f7f7f7; display: inline-block;'><strong>#TXTBX ▭</strong> :: <strong>Full Name</strong> Value entered ⇒ <span style='color: #009;'>Kavita Bansal</span></div>
<div style='border: 1px solid #ddd; padding: 8px; margin: 5px 0; border-radius: 4px; background-color: #f7f7f7; display: inline-block;'><strong>#TXTBX ▭</strong> :: <strong>Email</strong> Value entered ⇒ <span style='color: #009;'>kavita.bansal@test.com</span></div>
<div style='border: 1px solid #ddd; padding: 8px; margin: 5px 0; border-radius: 4px; background-color: #f7f7f7; display: inline-block;'><strong>#TXTBX ▭</strong> :: <strong>Current Address</strong> Value entered ⇒ <span style='color: #009;'>Chandigarh</span></div>
<div style='border: 1px solid #ddd; padding: 8px; margin: 5px 0; border-radius: 4px; background-color: #f7f7f7; display: inline-block;'><strong>#TXTBX ▭</strong> :: <strong>Permanent Address</strong> Value entered ⇒ <span style='color: #009;'>Panchkula, Haryana</span></div>
<div style='border: 1px solid #ddd; padding: 8px; margin: 5px 0; border-radius: 4px; background-color: #f7f7f7; display: inline-block;'><strong>#BTN 📤</strong> :: <strong>Clicked On</strong> ⇒ <span style='color: #001dff;'>Submit Button</span></div>
📋 Navigating to Home Page...
📋 Attempting to close modal popup (if present)...
⏳ Waiting for Home link to be clickable...
✅ Home link found: https://demoqa.com/
📋 Clicking on Home link...
⏳ Waiting for loader to disappear...
⏳ Verifying home page load...
❌ Navigation to Home Page failed: Expected condition failed: waiting for url to contain "home". Current url: "https://demoqa.com/" (tried for 10 second(s) with 500 milliseconds interval)
Build info: version: '4.12.1', revision: '8e34639b11'
System info: os.name: 'Windows 11', os.arch: 'amd64', os.version: '10.0', java.version: '18.0.1.1'
Driver info: org.openqa.selenium.chrome.ChromeDriver
Capabilities {acceptInsecureCerts: false, browserName: chrome, browserVersion: 136.0.7103.114, chrome: {chromedriverVersion: 136.0.7103.113 (76fa3c17824..., userDataDir: C:\Users\HP\AppData\Local\T...}, fedcm:accounts: true, goog:chromeOptions: {debuggerAddress: localhost:55926}, networkConnectionEnabled: false, pageLoadStrategy: normal, platformName: windows, proxy: Proxy(), se:cdp: ws://localhost:55926/devtoo..., se:cdpVersion: 136.0.7103.114, setWindowRect: true, strictFileInteractability: false, timeouts: {implicit: 0, pageLoad: 300000, script: 30000}, unhandledPromptBehavior: dismiss and notify, webauthn:extension:credBlob: true, webauthn:extension:largeBlob: true, webauthn:extension:minPinLength: true, webauthn:extension:prf: true, webauthn:virtualAuthenticators: true}
Session ID: 8eed06a5d5c82986cbc5ab40cb4361f0
<h3 style="color:#132043;"><b> Iteration Number &#10781; :17</b></h4>
<div style='border: 1px solid #e0e0e0;padding: 8px 12px;margin: 8px 0;border-radius: 6px;background: linear-gradient(to right, #f8f9fa, #ffffff);box-shadow: 0 2px 4px rgba(0,0,0,0.05);display: inline-block;font-family: Arial, sans-serif;'><span style='font-weight: bold;color: #333;'>🌍 Browser Info:</span> <span style='color: #2c7be5;font-weight: 500;'><img src='data:image/svg+xml;base64,PHN2ZyB4bWxucz0iaHR0cDovL3d3dy53My5vcmcvMjAwMC9zdmciIHZpZXdCb3g9IjAgMCA0NDggNTEyIj48cGF0aCBmaWxsPSIjRkZDMTAyIiBkPSJNMjI0IDI1NmMwIDEyLjktNyAyNC40LTE3LjcgMjkuNkwxODcgMzA5LjljLTUuNCAzLTEyLjMgMy4xLTE3LjcuMS0xMC40LTUuOS0xNi43LTE2LjktMTYuNy0yOC42VjE5OGMwLTEyLjkgNy0yNC40IDE3LjctMjkuNkwxODcgMTQyLjFjNS40LTMgMTIuMy0zLjEgMTcuNy0uMSAxMC40IDUuOSAxNi43IDE2LjkgMTYuNyAyOC42djU4LjJ6Ii8+PHBhdGggZmlsbD0iIzRBNDlGNSIgZD0iTTIyNCAyNTZjMCAxMi45LTcgMjQuNC0xNy43IDI5LjZMMTg3IDMwOS45Yy01LjQgMy0xMi4zIDMuMS0xNy43LjEtMTAuNC01LjktMTYuNy0xNi45LTE2LjctMjguNlYxOThjMC0xMi45IDctMjQuNCAxNy43LTI5LjZMMTg3IDE0Mi4xYzUuNC0zIDEyLjMtMy4xIDE3LjctLjEgMTAuNCA1LjkgMTYuNyAxNi45IDE2LjcgMjguNnY1OC4yeiIvPjxwYXRoIGZpbGw9IiNGRkMxMDIiIGQ9Ik0yMjQgMjU2YzAgMTIuOS03IDI0LjQtMTcuNyAyOS42TDE4NyAzMDkuOWMtNS40IDMtMTIuMyAzLjEtMTcuNy4xLTEwLjQtNS45LTE2LjctMTYuOS0xNi43LTI4LjZWMTk4YzAtMTIuOSA3LTI0LjQgMTcuNy0yOS42TDE4NyAxNDIuMWM1LjQtMyAxMi4zLTMuMSAxNy43LS4xIDEwLjQgNS45IDE2LjcgMTYuOSAxNi43IDI4LjZ2NTguMnoiLz48cGF0aCBmaWxsPSIjRkZDMTAyIiBkPSJNMjI0IDI1NmMwIDEyLjktNyAyNC40LTE3LjcgMjkuNkwxODcgMzA5LjljLTUuNCAzLTEyLjMgMy4xLTE3LjcuMS0xMC40LTUuOS0xNi43LTE2LjktMTYuNy0yOC42VjE5OGMwLTEyLjkgNy0yNC40IDE3LjctMjkuNkwxODcgMTQyLjFjNS40LTMgMTIuMy0zLjEgMTcuNy0uMSAxMC40IDUuOSAxNi43IDE2LjkgMTYuNyAyOC42djU4LjJ6Ii8+PC9zdmc+' height='20' width='20' style='vertical-align: middle;' /> <span style='color: #4285F4;'>Google Chrome</span></span></div>
<div style="border: 1px solid #ddd; padding: 8px; margin: 5px 0; border-radius: 4px; background-color: #f7f7f7; display: inline-block;"><strong>💻 #System Info</strong> :: <strong>PC Name</strong> ⇒ <span style="color: #001dff;">ANKUSH1111</span> &nbsp;&nbsp;|&nbsp;&nbsp; <strong>User</strong> ⇒ <span style="color: #006400;">HP</span></div>
<div style='border: 1px solid #ddd; padding: 8px; margin: 5px 0; border-radius: 4px; background-color: #f7f7f7; display: inline-block;'><strong>#TXTBX ▭</strong> :: <strong>Full Name</strong> Value entered ⇒ <span style='color: #009;'>Rajesh Kumar</span></div>
<div style='border: 1px solid #ddd; padding: 8px; margin: 5px 0; border-radius: 4px; background-color: #f7f7f7; display: inline-block;'><strong>#TXTBX ▭</strong> :: <strong>Email</strong> Value entered ⇒ <span style='color: #009;'>rajesh.kumar@test.com</span></div>
<div style='border: 1px solid #ddd; padding: 8px; margin: 5px 0; border-radius: 4px; background-color: #f7f7f7; display: inline-block;'><strong>#TXTBX ▭</strong> :: <strong>Current Address</strong> Value entered ⇒ <span style='color: #009;'>Ranchi, Jharkhand</span></div>
<div style='border: 1px solid #ddd; padding: 8px; margin: 5px 0; border-radius: 4px; background-color: #f7f7f7; display: inline-block;'><strong>#TXTBX ▭</strong> :: <strong>Permanent Address</strong> Value entered ⇒ <span style='color: #009;'>Jamshedpur, Jharkhand</span></div>
<div style='border: 1px solid #ddd; padding: 8px; margin: 5px 0; border-radius: 4px; background-color: #f7f7f7; display: inline-block;'><strong>#BTN 📤</strong> :: <strong>Clicked On</strong> ⇒ <span style='color: #001dff;'>Submit Button</span></div>
📋 Navigating to Home Page...
📋 Attempting to close modal popup (if present)...
⏳ Waiting for Home link to be clickable...
✅ Home link found: https://demoqa.com/
📋 Clicking on Home link...
⏳ Waiting for loader to disappear...
⏳ Verifying home page load...
❌ Navigation to Home Page failed: Expected condition failed: waiting for url to contain "home". Current url: "https://demoqa.com/" (tried for 10 second(s) with 500 milliseconds interval)
Build info: version: '4.12.1', revision: '8e34639b11'
System info: os.name: 'Windows 11', os.arch: 'amd64', os.version: '10.0', java.version: '18.0.1.1'
Driver info: org.openqa.selenium.chrome.ChromeDriver
Capabilities {acceptInsecureCerts: false, browserName: chrome, browserVersion: 136.0.7103.114, chrome: {chromedriverVersion: 136.0.7103.113 (76fa3c17824..., userDataDir: C:\Users\HP\AppData\Local\T...}, fedcm:accounts: true, goog:chromeOptions: {debuggerAddress: localhost:55926}, networkConnectionEnabled: false, pageLoadStrategy: normal, platformName: windows, proxy: Proxy(), se:cdp: ws://localhost:55926/devtoo..., se:cdpVersion: 136.0.7103.114, setWindowRect: true, strictFileInteractability: false, timeouts: {implicit: 0, pageLoad: 300000, script: 30000}, unhandledPromptBehavior: dismiss and notify, webauthn:extension:credBlob: true, webauthn:extension:largeBlob: true, webauthn:extension:minPinLength: true, webauthn:extension:prf: true, webauthn:virtualAuthenticators: true}
Session ID: 8eed06a5d5c82986cbc5ab40cb4361f0
<h3 style="color:#132043;"><b> Iteration Number &#10781; :18</b></h4>
<div style='border: 1px solid #e0e0e0;padding: 8px 12px;margin: 8px 0;border-radius: 6px;background: linear-gradient(to right, #f8f9fa, #ffffff);box-shadow: 0 2px 4px rgba(0,0,0,0.05);display: inline-block;font-family: Arial, sans-serif;'><span style='font-weight: bold;color: #333;'>🌍 Browser Info:</span> <span style='color: #2c7be5;font-weight: 500;'><img src='data:image/svg+xml;base64,PHN2ZyB4bWxucz0iaHR0cDovL3d3dy53My5vcmcvMjAwMC9zdmciIHZpZXdCb3g9IjAgMCA0NDggNTEyIj48cGF0aCBmaWxsPSIjRkZDMTAyIiBkPSJNMjI0IDI1NmMwIDEyLjktNyAyNC40LTE3LjcgMjkuNkwxODcgMzA5LjljLTUuNCAzLTEyLjMgMy4xLTE3LjcuMS0xMC40LTUuOS0xNi43LTE2LjktMTYuNy0yOC42VjE5OGMwLTEyLjkgNy0yNC40IDE3LjctMjkuNkwxODcgMTQyLjFjNS40LTMgMTIuMy0zLjEgMTcuNy0uMSAxMC40IDUuOSAxNi43IDE2LjkgMTYuNyAyOC42djU4LjJ6Ii8+PHBhdGggZmlsbD0iIzRBNDlGNSIgZD0iTTIyNCAyNTZjMCAxMi45LTcgMjQuNC0xNy43IDI5LjZMMTg3IDMwOS45Yy01LjQgMy0xMi4zIDMuMS0xNy43LjEtMTAuNC01LjktMTYuNy0xNi45LTE2LjctMjguNlYxOThjMC0xMi45IDctMjQuNCAxNy43LTI5LjZMMTg3IDE0Mi4xYzUuNC0zIDEyLjMtMy4xIDE3LjctLjEgMTAuNCA1LjkgMTYuNyAxNi45IDE2LjcgMjguNnY1OC4yeiIvPjxwYXRoIGZpbGw9IiNGRkMxMDIiIGQ9Ik0yMjQgMjU2YzAgMTIuOS03IDI0LjQtMTcuNyAyOS42TDE4NyAzMDkuOWMtNS40IDMtMTIuMyAzLjEtMTcuNy4xLTEwLjQtNS45LTE2LjctMTYuOS0xNi43LTI4LjZWMTk4YzAtMTIuOSA3LTI0LjQgMTcuNy0yOS42TDE4NyAxNDIuMWM1LjQtMyAxMi4zLTMuMSAxNy43LS4xIDEwLjQgNS45IDE2LjcgMTYuOSAxNi43IDI4LjZ2NTguMnoiLz48cGF0aCBmaWxsPSIjRkZDMTAyIiBkPSJNMjI0IDI1NmMwIDEyLjktNyAyNC40LTE3LjcgMjkuNkwxODcgMzA5LjljLTUuNCAzLTEyLjMgMy4xLTE3LjcuMS0xMC40LTUuOS0xNi43LTE2LjktMTYuNy0yOC42VjE5OGMwLTEyLjkgNy0yNC40IDE3LjctMjkuNkwxODcgMTQyLjFjNS40LTMgMTIuMy0zLjEgMTcuNy0uMSAxMC40IDUuOSAxNi43IDE2LjkgMTYuNyAyOC42djU4LjJ6Ii8+PC9zdmc+' height='20' width='20' style='vertical-align: middle;' /> <span style='color: #4285F4;'>Google Chrome</span></span></div>
<div style="border: 1px solid #ddd; padding: 8px; margin: 5px 0; border-radius: 4px; background-color: #f7f7f7; display: inline-block;"><strong>💻 #System Info</strong> :: <strong>PC Name</strong> ⇒ <span style="color: #001dff;">ANKUSH1111</span> &nbsp;&nbsp;|&nbsp;&nbsp; <strong>User</strong> ⇒ <span style="color: #006400;">HP</span></div>
<div style='border: 1px solid #ddd; padding: 8px; margin: 5px 0; border-radius: 4px; background-color: #f7f7f7; display: inline-block;'><strong>#TXTBX ▭</strong> :: <strong>Full Name</strong> Value entered ⇒ <span style='color: #009;'>Swati Mishra</span></div>
<div style='border: 1px solid #ddd; padding: 8px; margin: 5px 0; border-radius: 4px; background-color: #f7f7f7; display: inline-block;'><strong>#TXTBX ▭</strong> :: <strong>Email</strong> Value entered ⇒ <span style='color: #009;'>swati.mishra@test.com</span></div>
<div style='border: 1px solid #ddd; padding: 8px; margin: 5px 0; border-radius: 4px; background-color: #f7f7f7; display: inline-block;'><strong>#TXTBX ▭</strong> :: <strong>Current Address</strong> Value entered ⇒ <span style='color: #009;'>Varanasi, Uttar Pradesh</span></div>
<div style='border: 1px solid #ddd; padding: 8px; margin: 5px 0; border-radius: 4px; background-color: #f7f7f7; display: inline-block;'><strong>#TXTBX ▭</strong> :: <strong>Permanent Address</strong> Value entered ⇒ <span style='color: #009;'>Allahabad, Uttar Pradesh</span></div>
<div style='border: 1px solid #ddd; padding: 8px; margin: 5px 0; border-radius: 4px; background-color: #f7f7f7; display: inline-block;'><strong>#BTN 📤</strong> :: <strong>Clicked On</strong> ⇒ <span style='color: #001dff;'>Submit Button</span></div>
📋 Navigating to Home Page...
📋 Attempting to close modal popup (if present)...
⏳ Waiting for Home link to be clickable...
✅ Home link found: https://demoqa.com/
📋 Clicking on Home link...
⏳ Waiting for loader to disappear...
⏳ Verifying home page load...
❌ Navigation to Home Page failed: Expected condition failed: waiting for url to contain "home". Current url: "https://demoqa.com/" (tried for 10 second(s) with 500 milliseconds interval)
Build info: version: '4.12.1', revision: '8e34639b11'
System info: os.name: 'Windows 11', os.arch: 'amd64', os.version: '10.0', java.version: '18.0.1.1'
Driver info: org.openqa.selenium.chrome.ChromeDriver
Capabilities {acceptInsecureCerts: false, browserName: chrome, browserVersion: 136.0.7103.114, chrome: {chromedriverVersion: 136.0.7103.113 (76fa3c17824..., userDataDir: C:\Users\HP\AppData\Local\T...}, fedcm:accounts: true, goog:chromeOptions: {debuggerAddress: localhost:55926}, networkConnectionEnabled: false, pageLoadStrategy: normal, platformName: windows, proxy: Proxy(), se:cdp: ws://localhost:55926/devtoo..., se:cdpVersion: 136.0.7103.114, setWindowRect: true, strictFileInteractability: false, timeouts: {implicit: 0, pageLoad: 300000, script: 30000}, unhandledPromptBehavior: dismiss and notify, webauthn:extension:credBlob: true, webauthn:extension:largeBlob: true, webauthn:extension:minPinLength: true, webauthn:extension:prf: true, webauthn:virtualAuthenticators: true}
Session ID: 8eed06a5d5c82986cbc5ab40cb4361f0
<h3 style="color:#132043;"><b> Iteration Number &#10781; :19</b></h4>
<div style='border: 1px solid #e0e0e0;padding: 8px 12px;margin: 8px 0;border-radius: 6px;background: linear-gradient(to right, #f8f9fa, #ffffff);box-shadow: 0 2px 4px rgba(0,0,0,0.05);display: inline-block;font-family: Arial, sans-serif;'><span style='font-weight: bold;color: #333;'>🌍 Browser Info:</span> <span style='color: #2c7be5;font-weight: 500;'><img src='data:image/svg+xml;base64,PHN2ZyB4bWxucz0iaHR0cDovL3d3dy53My5vcmcvMjAwMC9zdmciIHZpZXdCb3g9IjAgMCA0NDggNTEyIj48cGF0aCBmaWxsPSIjRkZDMTAyIiBkPSJNMjI0IDI1NmMwIDEyLjktNyAyNC40LTE3LjcgMjkuNkwxODcgMzA5LjljLTUuNCAzLTEyLjMgMy4xLTE3LjcuMS0xMC40LTUuOS0xNi43LTE2LjktMTYuNy0yOC42VjE5OGMwLTEyLjkgNy0yNC40IDE3LjctMjkuNkwxODcgMTQyLjFjNS40LTMgMTIuMy0zLjEgMTcuNy0uMSAxMC40IDUuOSAxNi43IDE2LjkgMTYuNyAyOC42djU4LjJ6Ii8+PHBhdGggZmlsbD0iIzRBNDlGNSIgZD0iTTIyNCAyNTZjMCAxMi45LTcgMjQuNC0xNy43IDI5LjZMMTg3IDMwOS45Yy01LjQgMy0xMi4zIDMuMS0xNy43LjEtMTAuNC01LjktMTYuNy0xNi45LTE2LjctMjguNlYxOThjMC0xMi45IDctMjQuNCAxNy43LTI5LjZMMTg3IDE0Mi4xYzUuNC0zIDEyLjMtMy4xIDE3LjctLjEgMTAuNCA1LjkgMTYuNyAxNi45IDE2LjcgMjguNnY1OC4yeiIvPjxwYXRoIGZpbGw9IiNGRkMxMDIiIGQ9Ik0yMjQgMjU2YzAgMTIuOS03IDI0LjQtMTcuNyAyOS42TDE4NyAzMDkuOWMtNS40IDMtMTIuMyAzLjEtMTcuNy4xLTEwLjQtNS45LTE2LjctMTYuOS0xNi43LTI4LjZWMTk4YzAtMTIuOSA3LTI0LjQgMTcuNy0yOS42TDE4NyAxNDIuMWM1LjQtMyAxMi4zLTMuMSAxNy43LS4xIDEwLjQgNS45IDE2LjcgMTYuOSAxNi43IDI4LjZ2NTguMnoiLz48cGF0aCBmaWxsPSIjRkZDMTAyIiBkPSJNMjI0IDI1NmMwIDEyLjktNyAyNC40LTE3LjcgMjkuNkwxODcgMzA5LjljLTUuNCAzLTEyLjMgMy4xLTE3LjcuMS0xMC40LTUuOS0xNi43LTE2LjktMTYuNy0yOC42VjE5OGMwLTEyLjkgNy0yNC40IDE3LjctMjkuNkwxODcgMTQyLjFjNS40LTMgMTIuMy0zLjEgMTcuNy0uMSAxMC40IDUuOSAxNi43IDE2LjkgMTYuNyAyOC42djU4LjJ6Ii8+PC9zdmc+' height='20' width='20' style='vertical-align: middle;' /> <span style='color: #4285F4;'>Google Chrome</span></span></div>
<div style="border: 1px solid #ddd; padding: 8px; margin: 5px 0; border-radius: 4px; background-color: #f7f7f7; display: inline-block;"><strong>💻 #System Info</strong> :: <strong>PC Name</strong> ⇒ <span style="color: #001dff;">ANKUSH1111</span> &nbsp;&nbsp;|&nbsp;&nbsp; <strong>User</strong> ⇒ <span style="color: #006400;">HP</span></div>
<div style='border: 1px solid #ddd; padding: 8px; margin: 5px 0; border-radius: 4px; background-color: #f7f7f7; display: inline-block;'><strong>#TXTBX ▭</strong> :: <strong>Full Name</strong> Value entered ⇒ <span style='color: #009;'>Vikram Shetty</span></div>
<div style='border: 1px solid #ddd; padding: 8px; margin: 5px 0; border-radius: 4px; background-color: #f7f7f7; display: inline-block;'><strong>#TXTBX ▭</strong> :: <strong>Email</strong> Value entered ⇒ <span style='color: #009;'>vikram.shetty@test.com</span></div>
<div style='border: 1px solid #ddd; padding: 8px; margin: 5px 0; border-radius: 4px; background-color: #f7f7f7; display: inline-block;'><strong>#TXTBX ▭</strong> :: <strong>Current Address</strong> Value entered ⇒ <span style='color: #009;'>Mangalore, Karnataka</span></div>
<div style='border: 1px solid #ddd; padding: 8px; margin: 5px 0; border-radius: 4px; background-color: #f7f7f7; display: inline-block;'><strong>#TXTBX ▭</strong> :: <strong>Permanent Address</strong> Value entered ⇒ <span style='color: #009;'>Udupi, Karnataka</span></div>
<div style='border: 1px solid #ddd; padding: 8px; margin: 5px 0; border-radius: 4px; background-color: #f7f7f7; display: inline-block;'><strong>#BTN 📤</strong> :: <strong>Clicked On</strong> ⇒ <span style='color: #001dff;'>Submit Button</span></div>
📋 Navigating to Home Page...
📋 Attempting to close modal popup (if present)...
⏳ Waiting for Home link to be clickable...
✅ Home link found: https://demoqa.com/
📋 Clicking on Home link...
⏳ Waiting for loader to disappear...
⏳ Verifying home page load...
❌ Navigation to Home Page failed: Expected condition failed: waiting for url to contain "home". Current url: "https://demoqa.com/" (tried for 10 second(s) with 500 milliseconds interval)
Build info: version: '4.12.1', revision: '8e34639b11'
System info: os.name: 'Windows 11', os.arch: 'amd64', os.version: '10.0', java.version: '18.0.1.1'
Driver info: org.openqa.selenium.chrome.ChromeDriver
Capabilities {acceptInsecureCerts: false, browserName: chrome, browserVersion: 136.0.7103.114, chrome: {chromedriverVersion: 136.0.7103.113 (76fa3c17824..., userDataDir: C:\Users\HP\AppData\Local\T...}, fedcm:accounts: true, goog:chromeOptions: {debuggerAddress: localhost:55926}, networkConnectionEnabled: false, pageLoadStrategy: normal, platformName: windows, proxy: Proxy(), se:cdp: ws://localhost:55926/devtoo..., se:cdpVersion: 136.0.7103.114, setWindowRect: true, strictFileInteractability: false, timeouts: {implicit: 0, pageLoad: 300000, script: 30000}, unhandledPromptBehavior: dismiss and notify, webauthn:extension:credBlob: true, webauthn:extension:largeBlob: true, webauthn:extension:minPinLength: true, webauthn:extension:prf: true, webauthn:virtualAuthenticators: true}
Session ID: 8eed06a5d5c82986cbc5ab40cb4361f0
<h3 style="color:#132043;"><b> Iteration Number &#10781; :20</b></h4>
<div style='border: 1px solid #e0e0e0;padding: 8px 12px;margin: 8px 0;border-radius: 6px;background: linear-gradient(to right, #f8f9fa, #ffffff);box-shadow: 0 2px 4px rgba(0,0,0,0.05);display: inline-block;font-family: Arial, sans-serif;'><span style='font-weight: bold;color: #333;'>🌍 Browser Info:</span> <span style='color: #2c7be5;font-weight: 500;'><img src='data:image/svg+xml;base64,PHN2ZyB4bWxucz0iaHR0cDovL3d3dy53My5vcmcvMjAwMC9zdmciIHZpZXdCb3g9IjAgMCA0NDggNTEyIj48cGF0aCBmaWxsPSIjRkZDMTAyIiBkPSJNMjI0IDI1NmMwIDEyLjktNyAyNC40LTE3LjcgMjkuNkwxODcgMzA5LjljLTUuNCAzLTEyLjMgMy4xLTE3LjcuMS0xMC40LTUuOS0xNi43LTE2LjktMTYuNy0yOC42VjE5OGMwLTEyLjkgNy0yNC40IDE3LjctMjkuNkwxODcgMTQyLjFjNS40LTMgMTIuMy0zLjEgMTcuNy0uMSAxMC40IDUuOSAxNi43IDE2LjkgMTYuNyAyOC42djU4LjJ6Ii8+PHBhdGggZmlsbD0iIzRBNDlGNSIgZD0iTTIyNCAyNTZjMCAxMi45LTcgMjQuNC0xNy43IDI5LjZMMTg3IDMwOS45Yy01LjQgMy0xMi4zIDMuMS0xNy43LjEtMTAuNC01LjktMTYuNy0xNi45LTE2LjctMjguNlYxOThjMC0xMi45IDctMjQuNCAxNy43LTI5LjZMMTg3IDE0Mi4xYzUuNC0zIDEyLjMtMy4xIDE3LjctLjEgMTAuNCA1LjkgMTYuNyAxNi45IDE2LjcgMjguNnY1OC4yeiIvPjxwYXRoIGZpbGw9IiNGRkMxMDIiIGQ9Ik0yMjQgMjU2YzAgMTIuOS03IDI0LjQtMTcuNyAyOS42TDE4NyAzMDkuOWMtNS40IDMtMTIuMyAzLjEtMTcuNy4xLTEwLjQtNS45LTE2LjctMTYuOS0xNi43LTI4LjZWMTk4YzAtMTIuOSA3LTI0LjQgMTcuNy0yOS42TDE4NyAxNDIuMWM1LjQtMyAxMi4zLTMuMSAxNy43LS4xIDEwLjQgNS45IDE2LjcgMTYuOSAxNi43IDI4LjZ2NTguMnoiLz48cGF0aCBmaWxsPSIjRkZDMTAyIiBkPSJNMjI0IDI1NmMwIDEyLjktNyAyNC40LTE3LjcgMjkuNkwxODcgMzA5LjljLTUuNCAzLTEyLjMgMy4xLTE3LjcuMS0xMC40LTUuOS0xNi43LTE2LjktMTYuNy0yOC42VjE5OGMwLTEyLjkgNy0yNC40IDE3LjctMjkuNkwxODcgMTQyLjFjNS40LTMgMTIuMy0zLjEgMTcuNy0uMSAxMC40IDUuOSAxNi43IDE2LjkgMTYuNyAyOC42djU4LjJ6Ii8+PC9zdmc+' height='20' width='20' style='vertical-align: middle;' /> <span style='color: #4285F4;'>Google Chrome</span></span></div>
<div style="border: 1px solid #ddd; padding: 8px; margin: 5px 0; border-radius: 4px; background-color: #f7f7f7; display: inline-block;"><strong>💻 #System Info</strong> :: <strong>PC Name</strong> ⇒ <span style="color: #001dff;">ANKUSH1111</span> &nbsp;&nbsp;|&nbsp;&nbsp; <strong>User</strong> ⇒ <span style="color: #006400;">HP</span></div>
<div style='border: 1px solid #ddd; padding: 8px; margin: 5px 0; border-radius: 4px; background-color: #f7f7f7; display: inline-block;'><strong>#TXTBX ▭</strong> :: <strong>Full Name</strong> Value entered ⇒ <span style='color: #009;'>Tanya Desai</span></div>
<div style='border: 1px solid #ddd; padding: 8px; margin: 5px 0; border-radius: 4px; background-color: #f7f7f7; display: inline-block;'><strong>#TXTBX ▭</strong> :: <strong>Email</strong> Value entered ⇒ <span style='color: #009;'>tanya.desai@test.com</span></div>
<div style='border: 1px solid #ddd; padding: 8px; margin: 5px 0; border-radius: 4px; background-color: #f7f7f7; display: inline-block;'><strong>#TXTBX ▭</strong> :: <strong>Current Address</strong> Value entered ⇒ <span style='color: #009;'>Ahmedabad, Gujarat</span></div>
<div style='border: 1px solid #ddd; padding: 8px; margin: 5px 0; border-radius: 4px; background-color: #f7f7f7; display: inline-block;'><strong>#TXTBX ▭</strong> :: <strong>Permanent Address</strong> Value entered ⇒ <span style='color: #009;'>Vadodara, Gujarat</span></div>
<div style='border: 1px solid #ddd; padding: 8px; margin: 5px 0; border-radius: 4px; background-color: #f7f7f7; display: inline-block;'><strong>#BTN 📤</strong> :: <strong>Clicked On</strong> ⇒ <span style='color: #001dff;'>Submit Button</span></div>
📋 Navigating to Home Page...
📋 Attempting to close modal popup (if present)...
⏳ Waiting for Home link to be clickable...
✅ Home link found: https://demoqa.com/
📋 Clicking on Home link...
⏳ Waiting for loader to disappear...
⏳ Verifying home page load...
❌ Navigation to Home Page failed: Expected condition failed: waiting for url to contain "home". Current url: "https://demoqa.com/" (tried for 10 second(s) with 500 milliseconds interval)
Build info: version: '4.12.1', revision: '8e34639b11'
System info: os.name: 'Windows 11', os.arch: 'amd64', os.version: '10.0', java.version: '18.0.1.1'
Driver info: org.openqa.selenium.chrome.ChromeDriver
Capabilities {acceptInsecureCerts: false, browserName: chrome, browserVersion: 136.0.7103.114, chrome: {chromedriverVersion: 136.0.7103.113 (76fa3c17824..., userDataDir: C:\Users\HP\AppData\Local\T...}, fedcm:accounts: true, goog:chromeOptions: {debuggerAddress: localhost:55926}, networkConnectionEnabled: false, pageLoadStrategy: normal, platformName: windows, proxy: Proxy(), se:cdp: ws://localhost:55926/devtoo..., se:cdpVersion: 136.0.7103.114, setWindowRect: true, strictFileInteractability: false, timeouts: {implicit: 0, pageLoad: 300000, script: 30000}, unhandledPromptBehavior: dismiss and notify, webauthn:extension:credBlob: true, webauthn:extension:largeBlob: true, webauthn:extension:minPinLength: true, webauthn:extension:prf: true, webauthn:virtualAuthenticators: true}
Session ID: 8eed06a5d5c82986cbc5ab40cb4361f0]]>
  </system-out>
</testsuite> <!-- com.test.demoqa.PracticeFormTest -->
